[INTERNAL_LOG][2018-07-02 16:43:32,656][INFO][analyze_start()] Init Time [Mon Jul  2 16:43:32 2018]
[INTERNAL_LOG][2018-07-02 16:43:32,678][INFO][is_hybird()] Hybrid file found are: ['res/xml/config.xml']
[INTERNAL_LOG][2018-07-02 16:43:32,678][INFO][run()] Start Analysis
[INTERNAL_LOG][2018-07-02 16:43:32,678][INFO][is_hybird()] [Permission Enble Start]
[INTERNAL_LOG][2018-07-02 16:43:32,678][INFO][is_hybird()] android.permission.INTERNET
[INTERNAL_LOG][2018-07-02 16:43:32,678][INFO][is_hybird()] android.permission.WRITE_EXTERNAL_STORAGE
[INTERNAL_LOG][2018-07-02 16:43:32,678][INFO][is_hybird()] android.permission.ACCESS_COARSE_LOCATION
[INTERNAL_LOG][2018-07-02 16:43:32,678][INFO][is_hybird()] android.permission.ACCESS_FINE_LOCATION
[INTERNAL_LOG][2018-07-02 16:43:32,678][INFO][is_hybird()] android.permission.RECORD_AUDIO
[INTERNAL_LOG][2018-07-02 16:43:32,679][INFO][is_hybird()] android.permission.RECORD_VIDEO
[INTERNAL_LOG][2018-07-02 16:43:32,679][INFO][is_hybird()] android.permission.READ_EXTERNAL_STORAGE
[INTERNAL_LOG][2018-07-02 16:43:32,679][INFO][is_hybird()] android.permission.ACCESS_NETWORK_STATE
[INTERNAL_LOG][2018-07-02 16:43:32,679][INFO][is_hybird()] android.permission.VIBRATE
[INTERNAL_LOG][2018-07-02 16:43:32,679][INFO][is_hybird()] android.permission.READ_CONTACTS
[INTERNAL_LOG][2018-07-02 16:43:32,679][INFO][is_hybird()] android.permission.WRITE_CONTACTS
[INTERNAL_LOG][2018-07-02 16:43:32,679][INFO][is_hybird()] android.permission.GET_ACCOUNTS
[INTERNAL_LOG][2018-07-02 16:43:32,679][INFO][is_hybird()] [Permission End]

[INTERNAL_LOG][2018-07-02 16:43:32,679][INFO][is_hybird()] Starting apktool
[INTERNAL_LOG][2018-07-02 16:43:38,787][INFO][check_whitelist()] [INIT ACCESS ORIGIN LIST]
[INTERNAL_LOG][2018-07-02 16:43:38,798][INFO][check_whitelist()] origin: *
[INTERNAL_LOG][2018-07-02 16:43:38,810][INFO][check_whitelist()] [END ACCESS ORIGIN LIST]

[INTERNAL_LOG][2018-07-02 16:43:38,825][INFO][analyze_start()] TYPE APK: [HYBRID]

[INTERNAL_LOG][2018-07-02 16:43:38,825][INFO][analyze_start()] Start HTML file
[INTERNAL_LOG][2018-07-02 16:43:38,825][INFO][find_string()] [START FILE ANALYZE]
[INTERNAL_LOG][2018-07-02 16:43:38,826][INFO][find_string()] File: assets/www/index.html
[INTERNAL_LOG][2018-07-02 16:43:38,850][INFO][find_string()] No iframe in assets/www/index.html
[INTERNAL_LOG][2018-07-02 16:43:38,850][INFO][find_string()] File: assets/www/spec.html
[INTERNAL_LOG][2018-07-02 16:43:38,870][INFO][find_string()] No iframe in assets/www/spec.html
[INTERNAL_LOG][2018-07-02 16:43:38,871][INFO][find_string()] [END ANALYZE FILE]

[INTERNAL_LOG][2018-07-02 16:43:38,872][INFO][analyze_start()] End HTML file
[INTERNAL_LOG][2018-07-02 16:43:38,879][INFO][analyze_start()] Start JavaScript file
[INTERNAL_LOG][2018-07-02 16:43:38,880][INFO][find_string()] [START FILE ANALYZE]
[INTERNAL_LOG][2018-07-02 16:43:38,880][INFO][find_string()] File: assets/www/cordova-js-src/android/nativeapiprovider.js
[INTERNAL_LOG][2018-07-02 16:43:38,909][INFO][find_string()] No iframe in assets/www/cordova-js-src/android/nativeapiprovider.js
[INTERNAL_LOG][2018-07-02 16:43:38,910][INFO][find_string()] File: assets/www/cordova-js-src/android/promptbasednativeapi.js
[INTERNAL_LOG][2018-07-02 16:43:38,918][INFO][find_string()] No iframe in assets/www/cordova-js-src/android/promptbasednativeapi.js
[INTERNAL_LOG][2018-07-02 16:43:38,918][INFO][find_string()] File: assets/www/cordova-js-src/exec.js
[INTERNAL_LOG][2018-07-02 16:43:38,930][INFO][find_string()] No iframe in assets/www/cordova-js-src/exec.js
[INTERNAL_LOG][2018-07-02 16:43:38,930][INFO][find_string()] File: assets/www/cordova-js-src/platform.js
[INTERNAL_LOG][2018-07-02 16:43:38,956][INFO][find_string()] No iframe in assets/www/cordova-js-src/platform.js
[INTERNAL_LOG][2018-07-02 16:43:38,957][INFO][find_string()] File: assets/www/cordova-js-src/plugin/android/app.js
[INTERNAL_LOG][2018-07-02 16:43:38,989][INFO][find_string()] No iframe in assets/www/cordova-js-src/plugin/android/app.js
[INTERNAL_LOG][2018-07-02 16:43:38,994][INFO][find_string()] File: assets/www/cordova.js
[INTERNAL_LOG][2018-07-02 16:43:39,007][INFO][find_string()] No iframe in assets/www/cordova.js
[INTERNAL_LOG][2018-07-02 16:43:39,008][INFO][find_string()] File: assets/www/cordova_plugins.js
[INTERNAL_LOG][2018-07-02 16:43:39,022][INFO][find_string()] No iframe in assets/www/cordova_plugins.js
[INTERNAL_LOG][2018-07-02 16:43:39,023][INFO][find_string()] File: assets/www/js/index.js
[INTERNAL_LOG][2018-07-02 16:43:39,157][INFO][find_string()] No iframe in assets/www/js/index.js
[INTERNAL_LOG][2018-07-02 16:43:39,168][INFO][find_string()] File: assets/www/plugins/cordova-plugin-battery-status/www/battery.js
[INTERNAL_LOG][2018-07-02 16:43:39,188][INFO][find_string()] No iframe in assets/www/plugins/cordova-plugin-battery-status/www/battery.js
[INTERNAL_LOG][2018-07-02 16:43:39,189][INFO][find_string()] File: assets/www/plugins/cordova-plugin-camera/www/Camera.js
[INTERNAL_LOG][2018-07-02 16:43:39,209][INFO][find_string()] No iframe in assets/www/plugins/cordova-plugin-camera/www/Camera.js
[INTERNAL_LOG][2018-07-02 16:43:39,210][INFO][find_string()] File: assets/www/plugins/cordova-plugin-camera/www/CameraConstants.js
[INTERNAL_LOG][2018-07-02 16:43:39,235][INFO][find_string()] No iframe in assets/www/plugins/cordova-plugin-camera/www/CameraConstants.js
[INTERNAL_LOG][2018-07-02 16:43:39,235][INFO][find_string()] File: assets/www/plugins/cordova-plugin-camera/www/CameraPopoverHandle.js
[INTERNAL_LOG][2018-07-02 16:43:39,270][INFO][find_string()] No iframe in assets/www/plugins/cordova-plugin-camera/www/CameraPopoverHandle.js
[INTERNAL_LOG][2018-07-02 16:43:39,270][INFO][find_string()] File: assets/www/plugins/cordova-plugin-camera/www/CameraPopoverOptions.js
[INTERNAL_LOG][2018-07-02 16:43:39,293][INFO][find_string()] No iframe in assets/www/plugins/cordova-plugin-camera/www/CameraPopoverOptions.js
[INTERNAL_LOG][2018-07-02 16:43:39,293][INFO][find_string()] File: assets/www/plugins/cordova-plugin-contacts/www/Contact.js
[INTERNAL_LOG][2018-07-02 16:43:39,296][INFO][find_string()] No iframe in assets/www/plugins/cordova-plugin-contacts/www/Contact.js
[INTERNAL_LOG][2018-07-02 16:43:39,296][INFO][find_string()] File: assets/www/plugins/cordova-plugin-contacts/www/ContactAddress.js
[INTERNAL_LOG][2018-07-02 16:43:39,309][INFO][find_string()] No iframe in assets/www/plugins/cordova-plugin-contacts/www/ContactAddress.js
[INTERNAL_LOG][2018-07-02 16:43:39,310][INFO][find_string()] File: assets/www/plugins/cordova-plugin-contacts/www/ContactError.js
[INTERNAL_LOG][2018-07-02 16:43:39,318][INFO][find_string()] No iframe in assets/www/plugins/cordova-plugin-contacts/www/ContactError.js
[INTERNAL_LOG][2018-07-02 16:43:39,323][INFO][find_string()] File: assets/www/plugins/cordova-plugin-contacts/www/ContactField.js
[INTERNAL_LOG][2018-07-02 16:43:39,331][INFO][find_string()] No iframe in assets/www/plugins/cordova-plugin-contacts/www/ContactField.js
[INTERNAL_LOG][2018-07-02 16:43:39,331][INFO][find_string()] File: assets/www/plugins/cordova-plugin-contacts/www/ContactFieldType.js
[INTERNAL_LOG][2018-07-02 16:43:39,334][INFO][find_string()] No iframe in assets/www/plugins/cordova-plugin-contacts/www/ContactFieldType.js
[INTERNAL_LOG][2018-07-02 16:43:39,335][INFO][find_string()] File: assets/www/plugins/cordova-plugin-contacts/www/ContactFindOptions.js
[INTERNAL_LOG][2018-07-02 16:43:39,346][INFO][find_string()] No iframe in assets/www/plugins/cordova-plugin-contacts/www/ContactFindOptions.js
[INTERNAL_LOG][2018-07-02 16:43:39,347][INFO][find_string()] File: assets/www/plugins/cordova-plugin-contacts/www/ContactName.js
[INTERNAL_LOG][2018-07-02 16:43:39,369][INFO][find_string()] No iframe in assets/www/plugins/cordova-plugin-contacts/www/ContactName.js
[INTERNAL_LOG][2018-07-02 16:43:39,369][INFO][find_string()] File: assets/www/plugins/cordova-plugin-contacts/www/ContactOrganization.js
[INTERNAL_LOG][2018-07-02 16:43:39,386][INFO][find_string()] No iframe in assets/www/plugins/cordova-plugin-contacts/www/ContactOrganization.js
[INTERNAL_LOG][2018-07-02 16:43:39,386][INFO][find_string()] File: assets/www/plugins/cordova-plugin-contacts/www/contacts.js
[INTERNAL_LOG][2018-07-02 16:43:39,406][INFO][find_string()] No iframe in assets/www/plugins/cordova-plugin-contacts/www/contacts.js
[INTERNAL_LOG][2018-07-02 16:43:39,406][INFO][find_string()] File: assets/www/plugins/cordova-plugin-contacts/www/convertUtils.js
[INTERNAL_LOG][2018-07-02 16:43:39,423][INFO][find_string()] No iframe in assets/www/plugins/cordova-plugin-contacts/www/convertUtils.js
[INTERNAL_LOG][2018-07-02 16:43:39,424][INFO][find_string()] File: assets/www/plugins/cordova-plugin-device/www/device.js
[INTERNAL_LOG][2018-07-02 16:43:39,457][INFO][find_string()] No iframe in assets/www/plugins/cordova-plugin-device/www/device.js
[INTERNAL_LOG][2018-07-02 16:43:39,457][INFO][find_string()] File: assets/www/plugins/cordova-plugin-dialogs/www/android/notification.js
[INTERNAL_LOG][2018-07-02 16:43:39,476][INFO][find_string()] No iframe in assets/www/plugins/cordova-plugin-dialogs/www/android/notification.js
[INTERNAL_LOG][2018-07-02 16:43:39,476][INFO][find_string()] File: assets/www/plugins/cordova-plugin-dialogs/www/notification.js
[INTERNAL_LOG][2018-07-02 16:43:39,479][INFO][find_string()] No iframe in assets/www/plugins/cordova-plugin-dialogs/www/notification.js
[INTERNAL_LOG][2018-07-02 16:43:39,480][INFO][find_string()] File: assets/www/plugins/cordova-plugin-file/www/DirectoryEntry.js
[INTERNAL_LOG][2018-07-02 16:43:39,498][INFO][find_string()] No iframe in assets/www/plugins/cordova-plugin-file/www/DirectoryEntry.js
[INTERNAL_LOG][2018-07-02 16:43:39,498][INFO][find_string()] File: assets/www/plugins/cordova-plugin-file/www/DirectoryReader.js
[INTERNAL_LOG][2018-07-02 16:43:39,500][INFO][find_string()] No iframe in assets/www/plugins/cordova-plugin-file/www/DirectoryReader.js
[INTERNAL_LOG][2018-07-02 16:43:39,502][INFO][find_string()] File: assets/www/plugins/cordova-plugin-file/www/Entry.js
[INTERNAL_LOG][2018-07-02 16:43:39,525][INFO][find_string()] No iframe in assets/www/plugins/cordova-plugin-file/www/Entry.js
[INTERNAL_LOG][2018-07-02 16:43:39,525][INFO][find_string()] File: assets/www/plugins/cordova-plugin-file/www/File.js
[INTERNAL_LOG][2018-07-02 16:43:39,536][INFO][find_string()] No iframe in assets/www/plugins/cordova-plugin-file/www/File.js
[INTERNAL_LOG][2018-07-02 16:43:39,536][INFO][find_string()] File: assets/www/plugins/cordova-plugin-file/www/FileEntry.js
[INTERNAL_LOG][2018-07-02 16:43:39,547][INFO][find_string()] No iframe in assets/www/plugins/cordova-plugin-file/www/FileEntry.js
[INTERNAL_LOG][2018-07-02 16:43:39,548][INFO][find_string()] File: assets/www/plugins/cordova-plugin-file/www/FileError.js
[INTERNAL_LOG][2018-07-02 16:43:39,549][INFO][find_string()] No iframe in assets/www/plugins/cordova-plugin-file/www/FileError.js
[INTERNAL_LOG][2018-07-02 16:43:39,550][INFO][find_string()] File: assets/www/plugins/cordova-plugin-file/www/FileReader.js
[INTERNAL_LOG][2018-07-02 16:43:39,559][INFO][find_string()] No iframe in assets/www/plugins/cordova-plugin-file/www/FileReader.js
[INTERNAL_LOG][2018-07-02 16:43:39,559][INFO][find_string()] File: assets/www/plugins/cordova-plugin-file/www/FileSystem.js
[INTERNAL_LOG][2018-07-02 16:43:39,572][INFO][find_string()] No iframe in assets/www/plugins/cordova-plugin-file/www/FileSystem.js
[INTERNAL_LOG][2018-07-02 16:43:39,572][INFO][find_string()] File: assets/www/plugins/cordova-plugin-file/www/FileUploadOptions.js
[INTERNAL_LOG][2018-07-02 16:43:39,585][INFO][find_string()] No iframe in assets/www/plugins/cordova-plugin-file/www/FileUploadOptions.js
[INTERNAL_LOG][2018-07-02 16:43:39,586][INFO][find_string()] File: assets/www/plugins/cordova-plugin-file/www/FileUploadResult.js
[INTERNAL_LOG][2018-07-02 16:43:39,607][INFO][find_string()] No iframe in assets/www/plugins/cordova-plugin-file/www/FileUploadResult.js
[INTERNAL_LOG][2018-07-02 16:43:39,608][INFO][find_string()] File: assets/www/plugins/cordova-plugin-file/www/FileWriter.js
[INTERNAL_LOG][2018-07-02 16:43:39,611][INFO][find_string()] No iframe in assets/www/plugins/cordova-plugin-file/www/FileWriter.js
[INTERNAL_LOG][2018-07-02 16:43:39,611][INFO][find_string()] File: assets/www/plugins/cordova-plugin-file/www/Flags.js
[INTERNAL_LOG][2018-07-02 16:43:39,638][INFO][find_string()] No iframe in assets/www/plugins/cordova-plugin-file/www/Flags.js
[INTERNAL_LOG][2018-07-02 16:43:39,638][INFO][find_string()] File: assets/www/plugins/cordova-plugin-file/www/LocalFileSystem.js
[INTERNAL_LOG][2018-07-02 16:43:39,648][INFO][find_string()] No iframe in assets/www/plugins/cordova-plugin-file/www/LocalFileSystem.js
[INTERNAL_LOG][2018-07-02 16:43:39,648][INFO][find_string()] File: assets/www/plugins/cordova-plugin-file/www/Metadata.js
[INTERNAL_LOG][2018-07-02 16:43:39,649][INFO][find_string()] No iframe in assets/www/plugins/cordova-plugin-file/www/Metadata.js
[INTERNAL_LOG][2018-07-02 16:43:39,650][INFO][find_string()] File: assets/www/plugins/cordova-plugin-file/www/ProgressEvent.js
[INTERNAL_LOG][2018-07-02 16:43:39,661][INFO][find_string()] No iframe in assets/www/plugins/cordova-plugin-file/www/ProgressEvent.js
[INTERNAL_LOG][2018-07-02 16:43:39,662][INFO][find_string()] File: assets/www/plugins/cordova-plugin-file/www/android/FileSystem.js
[INTERNAL_LOG][2018-07-02 16:43:39,685][INFO][find_string()] No iframe in assets/www/plugins/cordova-plugin-file/www/android/FileSystem.js
[INTERNAL_LOG][2018-07-02 16:43:39,685][INFO][find_string()] File: assets/www/plugins/cordova-plugin-file/www/browser/isChrome.js
[INTERNAL_LOG][2018-07-02 16:43:39,686][INFO][find_string()] No iframe in assets/www/plugins/cordova-plugin-file/www/browser/isChrome.js
[INTERNAL_LOG][2018-07-02 16:43:39,687][INFO][find_string()] File: assets/www/plugins/cordova-plugin-file/www/fileSystemPaths.js
[INTERNAL_LOG][2018-07-02 16:43:39,699][INFO][find_string()] No iframe in assets/www/plugins/cordova-plugin-file/www/fileSystemPaths.js
[INTERNAL_LOG][2018-07-02 16:43:39,701][INFO][find_string()] File: assets/www/plugins/cordova-plugin-file/www/fileSystems-roots.js
[INTERNAL_LOG][2018-07-02 16:43:39,703][INFO][find_string()] No iframe in assets/www/plugins/cordova-plugin-file/www/fileSystems-roots.js
[INTERNAL_LOG][2018-07-02 16:43:39,703][INFO][find_string()] File: assets/www/plugins/cordova-plugin-file/www/fileSystems.js
[INTERNAL_LOG][2018-07-02 16:43:39,725][INFO][find_string()] No iframe in assets/www/plugins/cordova-plugin-file/www/fileSystems.js
[INTERNAL_LOG][2018-07-02 16:43:39,725][INFO][find_string()] File: assets/www/plugins/cordova-plugin-file/www/requestFileSystem.js
[INTERNAL_LOG][2018-07-02 16:43:39,727][INFO][find_string()] No iframe in assets/www/plugins/cordova-plugin-file/www/requestFileSystem.js
[INTERNAL_LOG][2018-07-02 16:43:39,746][INFO][find_string()] File: assets/www/plugins/cordova-plugin-file/www/resolveLocalFileSystemURI.js
[INTERNAL_LOG][2018-07-02 16:43:39,765][INFO][find_string()] No iframe in assets/www/plugins/cordova-plugin-file/www/resolveLocalFileSystemURI.js
[INTERNAL_LOG][2018-07-02 16:43:39,765][INFO][find_string()] File: assets/www/plugins/cordova-plugin-geolocation/www/PositionError.js
[INTERNAL_LOG][2018-07-02 16:43:39,796][INFO][find_string()] No iframe in assets/www/plugins/cordova-plugin-geolocation/www/PositionError.js
[INTERNAL_LOG][2018-07-02 16:43:39,797][INFO][find_string()] File: assets/www/plugins/cordova-plugin-geolocation/www/android/geolocation.js
[INTERNAL_LOG][2018-07-02 16:43:39,799][INFO][find_string()] No iframe in assets/www/plugins/cordova-plugin-geolocation/www/android/geolocation.js
[INTERNAL_LOG][2018-07-02 16:43:39,799][INFO][find_string()] File: assets/www/plugins/cordova-plugin-globalization/www/GlobalizationError.js
[INTERNAL_LOG][2018-07-02 16:43:39,823][INFO][find_string()] No iframe in assets/www/plugins/cordova-plugin-globalization/www/GlobalizationError.js
[INTERNAL_LOG][2018-07-02 16:43:39,824][INFO][find_string()] File: assets/www/plugins/cordova-plugin-globalization/www/globalization.js
[INTERNAL_LOG][2018-07-02 16:43:39,849][INFO][find_string()] No iframe in assets/www/plugins/cordova-plugin-globalization/www/globalization.js
[INTERNAL_LOG][2018-07-02 16:43:39,849][INFO][find_string()] File: assets/www/plugins/cordova-plugin-inappbrowser/www/inappbrowser.js
[INTERNAL_LOG][2018-07-02 16:43:39,875][INFO][find_string()] No iframe in assets/www/plugins/cordova-plugin-inappbrowser/www/inappbrowser.js
[INTERNAL_LOG][2018-07-02 16:43:39,877][INFO][find_string()] File: assets/www/plugins/cordova-plugin-media-capture/www/CaptureAudioOptions.js
[INTERNAL_LOG][2018-07-02 16:43:39,904][INFO][find_string()] No iframe in assets/www/plugins/cordova-plugin-media-capture/www/CaptureAudioOptions.js
[INTERNAL_LOG][2018-07-02 16:43:39,904][INFO][find_string()] File: assets/www/plugins/cordova-plugin-media-capture/www/CaptureError.js
[INTERNAL_LOG][2018-07-02 16:43:39,954][INFO][find_string()] No iframe in assets/www/plugins/cordova-plugin-media-capture/www/CaptureError.js
[INTERNAL_LOG][2018-07-02 16:43:39,960][INFO][find_string()] File: assets/www/plugins/cordova-plugin-media-capture/www/CaptureImageOptions.js
[INTERNAL_LOG][2018-07-02 16:43:39,971][INFO][find_string()] No iframe in assets/www/plugins/cordova-plugin-media-capture/www/CaptureImageOptions.js
[INTERNAL_LOG][2018-07-02 16:43:39,971][INFO][find_string()] File: assets/www/plugins/cordova-plugin-media-capture/www/CaptureVideoOptions.js
[INTERNAL_LOG][2018-07-02 16:43:39,991][INFO][find_string()] No iframe in assets/www/plugins/cordova-plugin-media-capture/www/CaptureVideoOptions.js
[INTERNAL_LOG][2018-07-02 16:43:39,993][INFO][find_string()] File: assets/www/plugins/cordova-plugin-media-capture/www/MediaFile.js
[INTERNAL_LOG][2018-07-02 16:43:40,001][INFO][find_string()] No iframe in assets/www/plugins/cordova-plugin-media-capture/www/MediaFile.js
[INTERNAL_LOG][2018-07-02 16:43:40,087][INFO][find_string()] File: assets/www/plugins/cordova-plugin-media-capture/www/MediaFileData.js
[INTERNAL_LOG][2018-07-02 16:43:40,089][INFO][find_string()] No iframe in assets/www/plugins/cordova-plugin-media-capture/www/MediaFileData.js
[INTERNAL_LOG][2018-07-02 16:43:40,090][INFO][find_string()] File: assets/www/plugins/cordova-plugin-media-capture/www/android/init.js
[INTERNAL_LOG][2018-07-02 16:43:40,106][INFO][find_string()] No iframe in assets/www/plugins/cordova-plugin-media-capture/www/android/init.js
[INTERNAL_LOG][2018-07-02 16:43:40,106][INFO][find_string()] File: assets/www/plugins/cordova-plugin-media-capture/www/capture.js
[INTERNAL_LOG][2018-07-02 16:43:40,107][INFO][find_string()] No iframe in assets/www/plugins/cordova-plugin-media-capture/www/capture.js
[INTERNAL_LOG][2018-07-02 16:43:40,108][INFO][find_string()] File: assets/www/plugins/cordova-plugin-media-capture/www/helpers.js
[INTERNAL_LOG][2018-07-02 16:43:40,115][INFO][find_string()] No iframe in assets/www/plugins/cordova-plugin-media-capture/www/helpers.js
[INTERNAL_LOG][2018-07-02 16:43:40,115][INFO][find_string()] File: assets/www/plugins/cordova-plugin-network-information/www/Connection.js
[INTERNAL_LOG][2018-07-02 16:43:40,126][INFO][find_string()] No iframe in assets/www/plugins/cordova-plugin-network-information/www/Connection.js
[INTERNAL_LOG][2018-07-02 16:43:40,127][INFO][find_string()] File: assets/www/plugins/cordova-plugin-network-information/www/network.js
[INTERNAL_LOG][2018-07-02 16:43:40,139][INFO][find_string()] No iframe in assets/www/plugins/cordova-plugin-network-information/www/network.js
[INTERNAL_LOG][2018-07-02 16:43:40,139][INFO][find_string()] File: assets/www/plugins/cordova-plugin-vibration/www/vibration.js
[INTERNAL_LOG][2018-07-02 16:43:40,159][INFO][find_string()] No iframe in assets/www/plugins/cordova-plugin-vibration/www/vibration.js
[INTERNAL_LOG][2018-07-02 16:43:40,160][INFO][find_string()] File: assets/www/spec/helper.js
[INTERNAL_LOG][2018-07-02 16:43:40,183][INFO][find_string()] No iframe in assets/www/spec/helper.js
[INTERNAL_LOG][2018-07-02 16:43:40,183][INFO][find_string()] File: assets/www/spec/index.js
[INTERNAL_LOG][2018-07-02 16:43:40,194][INFO][find_string()] No iframe in assets/www/spec/index.js
[INTERNAL_LOG][2018-07-02 16:43:40,194][INFO][find_string()] File: assets/www/spec/lib/jasmine-1.2.0/jasmine-html.js
[INTERNAL_LOG][2018-07-02 16:43:40,205][INFO][find_string()] No iframe in assets/www/spec/lib/jasmine-1.2.0/jasmine-html.js
[INTERNAL_LOG][2018-07-02 16:43:40,205][INFO][find_string()] File: assets/www/spec/lib/jasmine-1.2.0/jasmine.js
[INTERNAL_LOG][2018-07-02 16:43:40,248][INFO][find_string()] No iframe in assets/www/spec/lib/jasmine-1.2.0/jasmine.js
[INTERNAL_LOG][2018-07-02 16:43:40,249][INFO][find_string()] [END ANALYZE FILE]

[INTERNAL_LOG][2018-07-02 16:43:40,249][INFO][analyze_start()] End JavaScript file
[INTERNAL_LOG][2018-07-02 16:43:43,330][INFO][find_url_in_apk()] [START ALL URL INSIDE APK]
[INTERNAL_LOG][2018-07-02 16:43:43,331][INFO][find_url_in_apk()] https://ssl.gstatic.com/accessibility/javascript/android/

[INTERNAL_LOG][2018-07-02 16:43:43,331][INFO][find_url_in_apk()] [END ALL URL INSIDE APK]
[INTERNAL_LOG][2018-07-02 16:43:43,448][INFO][check_method_conf()] [JavaScript enabled: True]

[INTERNAL_LOG][2018-07-02 16:43:43,448][INFO][check_method_conf()] [Add interface WebView: True]

[INTERNAL_LOG][2018-07-02 16:43:43,448][INFO][analyze_start()] This app might be not vulnerable on  attack frame confusion.
[INTERNAL_LOG][2018-07-02 16:43:43,448][INFO][analyze_start()] End time:[Mon Jul  2 16:43:43 2018]
