[INTERNAL_LOG][2018-06-08 03:33:19,566][INFO][analyze_start()] Init Time [Fri Jun  8 03:33:19 2018]
[INTERNAL_LOG][2018-06-08 03:33:19,611][INFO][run()] Start Analysis
[INTERNAL_LOG][2018-06-08 03:33:19,613][INFO][is_hybird()] [Permission Enble Start]
[INTERNAL_LOG][2018-06-08 03:33:19,613][INFO][is_hybird()] android.permission.INTERNET
[INTERNAL_LOG][2018-06-08 03:33:19,613][INFO][is_hybird()] com.android.vending.BILLING
[INTERNAL_LOG][2018-06-08 03:33:19,613][INFO][is_hybird()] android.permission.VIBRATE
[INTERNAL_LOG][2018-06-08 03:33:19,613][INFO][is_hybird()] android.permission.ACCESS_NETWORK_STATE
[INTERNAL_LOG][2018-06-08 03:33:19,613][INFO][is_hybird()] android.permission.ACCESS_WIFI_STATE
[INTERNAL_LOG][2018-06-08 03:33:19,613][INFO][is_hybird()] android.permission.WRITE_EXTERNAL_STORAGE
[INTERNAL_LOG][2018-06-08 03:33:19,613][INFO][is_hybird()] android.permission.WAKE_LOCK
[INTERNAL_LOG][2018-06-08 03:33:19,613][INFO][is_hybird()] com.google.android.c2dm.permission.RECEIVE
[INTERNAL_LOG][2018-06-08 03:33:19,613][INFO][is_hybird()] net.peakgames.Yuzbir.permission.C2D_MESSAGE
[INTERNAL_LOG][2018-06-08 03:33:19,613][INFO][is_hybird()] [Permission End]

[INTERNAL_LOG][2018-06-08 03:33:19,613][INFO][analyze_start()] TYPE APK: [ANDROID NATIVE]

[INTERNAL_LOG][2018-06-08 03:33:19,613][INFO][find_string()] [START FILE ANALYZE]
[INTERNAL_LOG][2018-06-08 03:33:19,613][INFO][find_string()] [END ANALYZE FILE]

[INTERNAL_LOG][2018-06-08 03:33:43,615][INFO][find_url_in_apk()] [START ALL URL INSIDE APK]
[INTERNAL_LOG][2018-06-08 03:33:43,616][INFO][find_url_in_apk()] http://schemas.android.com/apk/res/android
https://app.adjust.com
https://app.adjust.com
http://schemas.applovin.com/android/1.0
http://schemas.applovin.com/android/1.0
http://d.applovin.com/
http://a.applovin.com/
https://vid.applovin.com/,https://pdn.applovin.com/,https://img.applovin.com/,https://d.applovin.com/,https://assets.applovin.com/,https://cdnjs.cloudflare.com/,http://vid.applovin.com/,http://pdn.applovin.com/,http://img.applovin.com/,http://d.applovin.com/,http://assets.applovin.com/,http://cdnjs.cloudflare.com/
http://rt.applovin.com/pix
https://live.chartboost.com
http://market.android.com/
https://graph.%s
https://graph-video.%s
https://facebook.com
https://www.googleapis.com/auth/plus.me
https://www.googleapis.com/auth/games
https://www.googleapis.com/auth/games
https://www.googleapis.com/auth/games
http://plus.google.com/
https://www.googleapis.com/auth/games.firstparty
https://www.googleapis.com/auth/games.firstparty
https://googleads.g.doubleclick.net/mads/static/mad/sdk/native/sdk-core-v40.html
https://googleads.g.doubleclick.net/mads/static/mad/sdk/native/mraid/v2/mraid_app_banner.js
https://googleads.g.doubleclick.net/mads/static/mad/sdk/native/mraid/v2/mraid_app_expanded_banner.js
https://googleads.g.doubleclick.net/mads/static/mad/sdk/native/mraid/v2/mraid_app_interstitial.js
https://csi.gstatic.com/csi
http://www.google.com
https://androidads23.adcolony.com/configure
https://onesignal.com/api/v1/
https://impact.staging.applifier.com/mobile/campaigns
https://impact.applifier.com/mobile/campaigns
https://www.vungle.com/privacy/
http://api.vungle.com/api/v4/
https://ingest.vungle.com/
https://e.crashlytics.com/spi/v2/events
https://settings.crashlytics.com/spi/v2/platforms/android/apps/%s/settings
https://graph.facebook.com/

[INTERNAL_LOG][2018-06-08 03:33:43,616][INFO][find_url_in_apk()] [END ALL URL INSIDE APK]
[INTERNAL_LOG][2018-06-08 03:33:43,618][INFO][check_method_conf()] [JavaScript enabled: True]

[INTERNAL_LOG][2018-06-08 03:33:43,618][INFO][check_method_conf()] [Add interface WebView: True]

[INTERNAL_LOG][2018-06-08 03:33:43,618][INFO][analyze_start()] This app might be not vulnerable on  attack frame confusion.
[INTERNAL_LOG][2018-06-08 03:33:43,618][INFO][analyze_start()] End time:[Fri Jun  8 03:33:43 2018]
