[INTERNAL_LOG][2018-06-08 01:08:36,917][INFO][analyze_start()] Init Time [Fri Jun  8 01:08:36 2018]
[INTERNAL_LOG][2018-06-08 01:08:37,106][INFO][run()] Start Analysis
[INTERNAL_LOG][2018-06-08 01:08:37,109][INFO][is_hybird()] [Permission Enble Start]
[INTERNAL_LOG][2018-06-08 01:08:37,109][INFO][is_hybird()] android.permission.INTERNET
[INTERNAL_LOG][2018-06-08 01:08:37,109][INFO][is_hybird()] android.permission.ACCESS_NETWORK_STATE
[INTERNAL_LOG][2018-06-08 01:08:37,109][INFO][is_hybird()] com.JetToast.BlockyFarm.permission.C2D_MESSAGE
[INTERNAL_LOG][2018-06-08 01:08:37,109][INFO][is_hybird()] com.google.android.c2dm.permission.RECEIVE
[INTERNAL_LOG][2018-06-08 01:08:37,109][INFO][is_hybird()] android.permission.WAKE_LOCK
[INTERNAL_LOG][2018-06-08 01:08:37,109][INFO][is_hybird()] android.permission.VIBRATE
[INTERNAL_LOG][2018-06-08 01:08:37,110][INFO][is_hybird()] com.google.android.providers.gsf.permission.READ_GSERVICES
[INTERNAL_LOG][2018-06-08 01:08:37,110][INFO][is_hybird()] com.sec.android.provider.badge.permission.READ
[INTERNAL_LOG][2018-06-08 01:08:37,110][INFO][is_hybird()] com.sec.android.provider.badge.permission.WRITE
[INTERNAL_LOG][2018-06-08 01:08:37,110][INFO][is_hybird()] com.htc.launcher.permission.READ_SETTINGS
[INTERNAL_LOG][2018-06-08 01:08:37,110][INFO][is_hybird()] com.htc.launcher.permission.UPDATE_SHORTCUT
[INTERNAL_LOG][2018-06-08 01:08:37,110][INFO][is_hybird()] com.sonyericsson.home.permission.BROADCAST_BADGE
[INTERNAL_LOG][2018-06-08 01:08:37,110][INFO][is_hybird()] com.sonymobile.home.permission.PROVIDER_INSERT_BADGE
[INTERNAL_LOG][2018-06-08 01:08:37,110][INFO][is_hybird()] com.anddoes.launcher.permission.UPDATE_COUNT
[INTERNAL_LOG][2018-06-08 01:08:37,110][INFO][is_hybird()] com.majeur.launcher.permission.UPDATE_BADGE
[INTERNAL_LOG][2018-06-08 01:08:37,110][INFO][is_hybird()] com.huawei.android.launcher.permission.CHANGE_BADGE
[INTERNAL_LOG][2018-06-08 01:08:37,110][INFO][is_hybird()] com.huawei.android.launcher.permission.READ_SETTINGS
[INTERNAL_LOG][2018-06-08 01:08:37,110][INFO][is_hybird()] com.huawei.android.launcher.permission.WRITE_SETTINGS
[INTERNAL_LOG][2018-06-08 01:08:37,110][INFO][is_hybird()] android.permission.READ_APP_BADGE
[INTERNAL_LOG][2018-06-08 01:08:37,110][INFO][is_hybird()] com.oppo.launcher.permission.READ_SETTINGS
[INTERNAL_LOG][2018-06-08 01:08:37,110][INFO][is_hybird()] com.oppo.launcher.permission.WRITE_SETTINGS
[INTERNAL_LOG][2018-06-08 01:08:37,110][INFO][is_hybird()] me.everything.badger.permission.BADGE_COUNT_READ
[INTERNAL_LOG][2018-06-08 01:08:37,110][INFO][is_hybird()] me.everything.badger.permission.BADGE_COUNT_WRITE
[INTERNAL_LOG][2018-06-08 01:08:37,110][INFO][is_hybird()] com.android.vending.BILLING
[INTERNAL_LOG][2018-06-08 01:08:37,110][INFO][is_hybird()] [Permission End]

[INTERNAL_LOG][2018-06-08 01:08:37,110][INFO][analyze_start()] TYPE APK: [ANDROID NATIVE]

[INTERNAL_LOG][2018-06-08 01:08:37,110][INFO][find_string()] [START FILE ANALYZE]
[INTERNAL_LOG][2018-06-08 01:08:37,110][INFO][find_string()] File: assets/js/closebutton.html
[INTERNAL_LOG][2018-06-08 01:08:37,111][INFO][find_string()] No iframe in assets/js/closebutton.html
[INTERNAL_LOG][2018-06-08 01:08:37,111][INFO][find_string()] [END ANALYZE FILE]

[INTERNAL_LOG][2018-06-08 01:09:10,764][INFO][find_url_in_apk()] [START ALL URL INSIDE APK]
[INTERNAL_LOG][2018-06-08 01:09:10,764][INFO][find_url_in_apk()] http://schemas.android.com/apk/res/android
https://adc3-launch-server-staging.herokuapp.com/v4/launch
https://adc3-launch.adcolony.com/v4/launch
https://adc3-launch.adcolony.com/v4/launch
https://wd.adcolony.com/logs
http://mads.amazon-adsystem.com/
http://schemas.android.com/apk/lib/com.amazon.device.ads
http://schemas.android.com/apk/res/
https://dwxjayoxbnyrr.cloudfront.net/amazon-ads.viewablejs
http://amazon-adsystem.com
http://appodeal.herokuapp.com/android_waterfall_interstitial
http://appodeal.herokuapp.com/android_waterfall_banner
http://appodeal.herokuapp.com/android_waterfall_mrec
http://appodeal.herokuapp.com/android_waterfall_native
http://appodeal.herokuapp.com/android_waterfall_video
http://appodeal.herokuapp.com/android_waterfall_rewarded_video
http://adwatch.appodeal.com/api/v1/rtb/submit
https://play.google.com/store/apps/details?id=
https://rri.appodeal.com/api/stat
http://bid.adx.yumimobi.com/adx
http://stage-vid.applovin.com/
http://vid.applovin.com/
https://api.pubnative.net/api/v3/native
http://localhost
http://localhost
http://adwatch.appodeal.com/api/v1/complains/submit
http://adwatch.appodeal.com/api/v1/complains/submit
http://adwatch.appodeal.com/api/v1/impressions/submit
https://ach.appodeal.com/api/v0/android/crashes
https://graph.%s
https://graph-video.%s
https://facebook.com
https://facebook.com/device?user_code=%1$s&qr=1
http://play.google.com/store/apps/details?id=com.facebook.orca
https://pagead2.googlesyndication.com/pagead/gen_204?id=gmob-apps
https://plus.google.com/
https://www.googleapis.com/auth/drive.file
https://www.googleapis.com/auth/drive.appdata
https://www.googleapis.com/auth/drive
https://www.googleapis.com/auth/drive.apps
https://www.googleapis.com/auth/games
https://www.googleapis.com/auth/games
https://www.googleapis.com/auth/games_lite
https://www.googleapis.com/auth/games_lite
https://www.googleapis.com/auth/games.firstparty
https://www.googleapis.com/auth/games.firstparty
https://pagead2.googlesyndication.com/pagead/gen_204
http://www.google.com
https://support.google.com/dfp_premium/answer/7160685#push
https://app-measurement.com/a
https://www.google.com
http://www.example.com
http://www.example.com
https://googleads.g.doubleclick.net/mads/static/mad/sdk/native/sdk-core-v40.html
https://googleads.g.doubleclick.net/mads/static/mad/sdk/native/production/sdk-core-v40-impl.js
https://googleads.g.doubleclick.net/mads/static/mad/sdk/native/mraid/v2/mraid_app_banner.js
https://googleads.g.doubleclick.net/mads/static/mad/sdk/native/mraid/v2/mraid_app_expanded_banner.js
https://googleads.g.doubleclick.net/mads/static/mad/sdk/native/mraid/v2/mraid_app_interstitial.js
https://csi.gstatic.com/csi
https://googleads.g.doubleclick.net/mads/static/mad/sdk/native/native_ads.html
https://googleads.g.doubleclick.net/mads/static/mad/sdk/native/production/native_ads.js
https://imasdk.googleapis.com/admob/sdkloader/native_video.html
https://www.google.com/dfp/linkDevice
https://www.google.com/dfp/inAppPreview
https://www.google.com/dfp/debugSignals
https://www.google.com/dfp/sendDebugData
http://schemas.android.com/apk/lib/com.inmobi.ads
http://schemas.android.com/apk/lib/com.inmobi.ads
https://i.l.inmobicdn.net/sdk/sdk/500/android/mraid.js
http://i.w.inmobi.com/showad.asm
https://sdktm.w.inmobi.com/sdkpubreq
http://www.inmobi.com/products/sdk/#downloads
http://config.inmobi.com/config-server/v1/config/secure.cfg
https://sdkm.w.inmobi.com/metrics/e.asm?v=1&
https://www.facebook.com/dialog/feed?app_id=181821551957328&link=
https://m.google.com/app/plus/x/?v=compose&content=
http://twitter.com/home?status=
http://dock.inmobi.com/carb/v1/i
http://dock.inmobi.com/carb/v1/o
https://sdkm.w.inmobi.com/user/e.asm
https://mobile-static.adsafeprotected.com/avid-v2.js
https://z.moatads.com/
https://analytics.mopub.com/i/jot/exchange_client_event
https://twitter.com/%s/status/%s
https://www.mopub.com/optout
http://www.dummy.com
http://www.dummy.com
http://d1byvlfiet2h9q.cloudfront.net/InApp/resources/adInformationDialog3.html
http://www.startapp.com/policy/sdk-policy/
http://www.startapp.com/policy/sdk-policy/
http://info.static.startappservice.com/InApp/resources/info_l.png
http://play.google.com
https://play.google.com
http://www.startappexchange.com
https://startup.mobile.yandex.net/
https://startup.mobile.yandex.net/
https://certificate.mobile.yandex.net/api/v1/pins
https://certificate.mobile.yandex.net/api/v1/pins
https://certificate.mobile.yandex.net/api/v1/pins
https://certificate.mobile.yandex.net/api/v1/pins
https://certificate.mobile.yandex.net/api/v1/pins
https://tech.yandex.com/metrica-mobile-sdk/doc/mobile-sdk-dg/concepts/android-initialize-docpage/
https://e.crashlytics.com/spi/v2/events
https://settings.crashlytics.com/spi/v2/platforms/android/apps/%s/settings

[INTERNAL_LOG][2018-06-08 01:09:10,765][INFO][find_url_in_apk()] [END ALL URL INSIDE APK]
[INTERNAL_LOG][2018-06-08 01:09:10,770][INFO][check_method_conf()] [JavaScript enabled: True]

[INTERNAL_LOG][2018-06-08 01:09:10,770][INFO][check_method_conf()] [Add interface WebView: True]

[INTERNAL_LOG][2018-06-08 01:09:10,770][INFO][analyze_start()] This app might be not vulnerable on  attack frame confusion.
[INTERNAL_LOG][2018-06-08 01:09:10,770][INFO][analyze_start()] End time:[Fri Jun  8 01:09:10 2018]
