[INTERNAL_LOG][2018-06-08 02:32:20,397][INFO][analyze_start()] Init Time [Fri Jun  8 02:32:20 2018]
[INTERNAL_LOG][2018-06-08 02:32:20,434][INFO][run()] Start Analysis
[INTERNAL_LOG][2018-06-08 02:32:20,435][INFO][is_hybird()] [Permission Enble Start]
[INTERNAL_LOG][2018-06-08 02:32:20,435][INFO][is_hybird()] android.permission.INTERNET
[INTERNAL_LOG][2018-06-08 02:32:20,435][INFO][is_hybird()] android.permission.ACCESS_WIFI_STATE
[INTERNAL_LOG][2018-06-08 02:32:20,435][INFO][is_hybird()] android.permission.ACCESS_NETWORK_STATE
[INTERNAL_LOG][2018-06-08 02:32:20,435][INFO][is_hybird()] android.permission.WRITE_EXTERNAL_STORAGE
[INTERNAL_LOG][2018-06-08 02:32:20,435][INFO][is_hybird()] android.permission.VIBRATE
[INTERNAL_LOG][2018-06-08 02:32:20,435][INFO][is_hybird()] android.permission.GET_TASKS
[INTERNAL_LOG][2018-06-08 02:32:20,435][INFO][is_hybird()] com.android.launcher.permission.INSTALL_SHORTCUT
[INTERNAL_LOG][2018-06-08 02:32:20,435][INFO][is_hybird()] com.android.launcher.permission.READ_SETTINGS
[INTERNAL_LOG][2018-06-08 02:32:20,435][INFO][is_hybird()] android.permission.ACCESS_COARSE_LOCATION
[INTERNAL_LOG][2018-06-08 02:32:20,435][INFO][is_hybird()] android.permission.ACCESS_FINE_LOCATION
[INTERNAL_LOG][2018-06-08 02:32:20,435][INFO][is_hybird()] android.permission.READ_LOGS
[INTERNAL_LOG][2018-06-08 02:32:20,435][INFO][is_hybird()] [Permission End]

[INTERNAL_LOG][2018-06-08 02:32:20,435][INFO][analyze_start()] TYPE APK: [ANDROID NATIVE]

[INTERNAL_LOG][2018-06-08 02:32:20,435][INFO][find_string()] [START FILE ANALYZE]
[INTERNAL_LOG][2018-06-08 02:32:20,435][INFO][find_string()] File: js/closebutton.html
[INTERNAL_LOG][2018-06-08 02:32:20,436][INFO][find_string()] No iframe in js/closebutton.html
[INTERNAL_LOG][2018-06-08 02:32:20,436][INFO][find_string()] [END ANALYZE FILE]

[INTERNAL_LOG][2018-06-08 02:32:49,073][INFO][find_url_in_apk()] [START ALL URL INSIDE APK]
[INTERNAL_LOG][2018-06-08 02:32:49,073][INFO][find_url_in_apk()] http://other.chartboosts.com/other/www/wwwroot/gateway.php
http://other.chartboosts.com/other/www/wwwroot/gateway.php
http://other.chartboosts.com/other/www/wwwroot/gateway.php
http://schemas.android.com/apk/res/android
http://schemas.applovin.com/android/1.0
http://schemas.applovin.com/android/1.0
https://d.applovin.com/
https://a.applovin.com/
https://rt.applovin.com/med
https://rt.applovin.com/pix
https://d.applvn.com/
https://a.applvn.com/
https://rt.applvn.com/pix
https://vid.applovin.com/,https://pdn.applovin.com/,https://img.applovin.com/,https://d.applovin.com/,https://assets.applovin.com/,https://cdnjs.cloudflare.com/,http://vid.applovin.com/,http://pdn.applovin.com/,http://img.applovin.com/,http://d.applovin.com/,http://assets.applovin.com/,http://cdnjs.cloudflare.com/
http://ads.chartboosts.com/sdkaccount/wwwsdk/gateway.php
http://update.chartboosts.com/sdkaccount/wwwsdk/gateway.php
http://ads2.chartboosts.com/appfloor/selfpush/gameframe/www/wwwroot/saveFloorMes.php
http://adtrack.chartboosts.com/adtrack/www/wwwroot/gateway.php
http://other.chartboosts.com/other/www/wwwroot/testAdPos.php
http://other.chartboosts.com/other/www/wwwroot/testAdPosDay.php
http://play.google.com/store/apps/details?id=
http://play.google.com/store/apps/details?id=
http://play.google.com/store/apps/details?id=
http://play.google.com/store/apps/details?id=
http://play.google.com/store/apps/details?id=
http://play.google.com/store/apps/details?id=
http://play.google.com/store/apps/details?id=
https://live.chartboost.com
http://market.android.com/
http://alog.umeng.com/app_logs
http://alog.umengcloud.com/app_logs
http://m.facebook.com/ads/ad_choices
http://m.facebook.com/ads/ad_choices
https://www.facebook.com/audience_network/server_side_reward
https://www.%s.facebook.com/audience_network/server_side_reward
https://www.facebook.com/adnw_logging/
https://www.%s.facebook.com/adnw_logging/
https://graph.facebook.com/network_ads_common
https://graph.%s.facebook.com/network_ads_common
https://www.facebook.com/
https://www.%s.facebook.com
http://www.facebook.com
https://graph.%s
https://graph-video.%s
https://facebook.com
http://www.w3.org/ns/ttml#parameter
https://pagead2.googlesyndication.com/pagead/gen_204?id=gmob-apps
https://www.googleapis.com/auth/games
https://www.googleapis.com/auth/games
https://www.googleapis.com/auth/games
https://plus.google.com/
https://www.googleapis.com/auth/drive.file
https://www.googleapis.com/auth/drive.appdata
https://www.googleapis.com/auth/drive
https://www.googleapis.com/auth/drive.apps
https://www.googleapis.com/auth/games_lite
https://www.googleapis.com/auth/games.firstparty
https://www.googleapis.com/auth/games.firstparty
https://pagead2.googlesyndication.com/pagead/gen_204
http://www.google.com
https://support.google.com/dfp_premium/answer/7160685#push
http://www.example.com
http://www.example.com
https://googleads.g.doubleclick.net/mads/static/mad/sdk/native/sdk-core-v40.html
https://googleads.g.doubleclick.net/mads/static/mad/sdk/native/mraid/v2/mraid_app_banner.js
https://googleads.g.doubleclick.net/mads/static/mad/sdk/native/mraid/v2/mraid_app_expanded_banner.js
https://googleads.g.doubleclick.net/mads/static/mad/sdk/native/mraid/v2/mraid_app_interstitial.js
https://csi.gstatic.com/csi
https://googleads.g.doubleclick.net/mads/static/mad/sdk/native/native_ads.html
https://googleads.g.doubleclick.net/mads/static/mad/sdk/native/native_video_ads.html
https://www.google.com/dfp/linkDevice
https://www.google.com/dfp/inAppPreview
https://www.google.com/dfp/debugSignals
https://www.google.com/dfp/sendDebugData
https://www.googleapis.com/auth/plus.login
https://www.googleapis.com/auth/plus.me
https://z.moatads.com/
http://pv.sohu.com/cityjson?ie=utf-8
http://push.chartboosts.com/selfpush/selfpush/gameframe/www/wwwroot/gateway.php
http://push.chartboosts.com/selfpush/selfpush/gameframe/www/wwwroot/pushview/selfpush.php?frompackname=?
http://freegeoip.net/json/
http://ip-api.com/json
http://ipinfo.io/json
http://analysis2.chartboosts.com/appfloor/selfpush/gameframe/www/wwwroot/getCountry.php
http://remain.chartboosts.com/remain/www/wwwroot/gateway.php
http://remain.chartboosts.com/remain/www/wwwroot/gateway.php
http://remain.chartboosts.com/remain/www/wwwroot/gateway.php?act=303&data=1&test=1
http://analysis3.chartboosts.com/appfloor/selfpush/gameframe/www/wwwroot/gateway.php
http://analysis2.chartboosts.com/appfloor/selfpush/gameframe/www/wwwroot/gateway.php
http://analysis2.chartboosts.com/appfloor/selfpush/gameframe/www/wwwroot/gateway.php
https://ar.umeng.com/stat.htm?
https://ws.tapjoyads.com/
https://ws.tapjoyads.com/
https://ws.tapjoyads.com/
https://rpc.tapjoy.com/
https://rpc.tapjoy.com/
https://connect.tapjoy.com/
https://connect.tapjoy.com/
https://placements.tapjoy.com/
http://rqd.uu.qq.com/rqd/sync
http://android.bugly.qq.com/rqd/async
https://config.unityads.unity3d.com/webview/
https://www.vungle.com/privacy/
https://www.vungle.com/privacy/
https://ads.api.vungle.com/config
https://api.vungle.com/api/v4/unfilled
https://ingest.vungle.com/api/v1/sdkErrors
https://ingest.vungle.com/
http://lol.vungle.com/
http://example.com/
https://uop.umeng.com
https://cmnsguider.yunos.com:443/genDeviceToken
http://www.baidu.com

[INTERNAL_LOG][2018-06-08 02:32:49,073][INFO][find_url_in_apk()] [END ALL URL INSIDE APK]
[INTERNAL_LOG][2018-06-08 02:32:49,076][INFO][check_method_conf()] [JavaScript enabled: True]

[INTERNAL_LOG][2018-06-08 02:32:49,076][INFO][check_method_conf()] [Add interface WebView: True]

[INTERNAL_LOG][2018-06-08 02:32:49,077][INFO][analyze_start()] This app might be not vulnerable on  attack frame confusion.
[INTERNAL_LOG][2018-06-08 02:32:49,077][INFO][analyze_start()] End time:[Fri Jun  8 02:32:49 2018]
