[INTERNAL_LOG][2018-06-08 01:08:04,447][INFO][analyze_start()] Init Time [Fri Jun  8 01:08:04 2018]
[INTERNAL_LOG][2018-06-08 01:08:04,486][INFO][run()] Start Analysis
[INTERNAL_LOG][2018-06-08 01:08:04,487][INFO][is_hybird()] [Permission Enble Start]
[INTERNAL_LOG][2018-06-08 01:08:04,487][INFO][is_hybird()] android.permission.RECEIVE_BOOT_COMPLETED
[INTERNAL_LOG][2018-06-08 01:08:04,487][INFO][is_hybird()] android.permission.INTERNET
[INTERNAL_LOG][2018-06-08 01:08:04,488][INFO][is_hybird()] android.permission.ACCESS_NETWORK_STATE
[INTERNAL_LOG][2018-06-08 01:08:04,488][INFO][is_hybird()] android.permission.ACCESS_WIFI_STATE
[INTERNAL_LOG][2018-06-08 01:08:04,488][INFO][is_hybird()] android.permission.READ_PHONE_STATE
[INTERNAL_LOG][2018-06-08 01:08:04,488][INFO][is_hybird()] android.permission.READ_LOGS
[INTERNAL_LOG][2018-06-08 01:08:04,488][INFO][is_hybird()] android.permission.WAKE_LOCK
[INTERNAL_LOG][2018-06-08 01:08:04,488][INFO][is_hybird()] android.permission.SYSTEM_ALERT_WINDOW
[INTERNAL_LOG][2018-06-08 01:08:04,488][INFO][is_hybird()] android.permission.ACCESS_COARSE_LOCATION
[INTERNAL_LOG][2018-06-08 01:08:04,488][INFO][is_hybird()] android.permission.ACCESS_FINE_LOCATION
[INTERNAL_LOG][2018-06-08 01:08:04,488][INFO][is_hybird()] android.permission.CHANGE_WIFI_STATE
[INTERNAL_LOG][2018-06-08 01:08:04,488][INFO][is_hybird()] android.permission.WRITE_EXTERNAL_STORAGE
[INTERNAL_LOG][2018-06-08 01:08:04,488][INFO][is_hybird()] com.android.launcher.permission.INSTALL_SHORTCUT
[INTERNAL_LOG][2018-06-08 01:08:04,488][INFO][is_hybird()] com.android.launcher.permission.UNINSTALL_SHORTCUT
[INTERNAL_LOG][2018-06-08 01:08:04,488][INFO][is_hybird()] com.android.launcher.permission.READ_SETTINGS
[INTERNAL_LOG][2018-06-08 01:08:04,488][INFO][is_hybird()] android.permission.GET_TASKS
[INTERNAL_LOG][2018-06-08 01:08:04,488][INFO][is_hybird()] android.permission.PACKAGE_USAGE_STATS
[INTERNAL_LOG][2018-06-08 01:08:04,488][INFO][is_hybird()] android.permission.MOUNT_UNMOUNT_FILESYSTEMS
[INTERNAL_LOG][2018-06-08 01:08:04,488][INFO][is_hybird()] android.permission.READ_EXTERNAL_STORAGE
[INTERNAL_LOG][2018-06-08 01:08:04,488][INFO][is_hybird()] android.permission.CHANGE_CONFIGURATION
[INTERNAL_LOG][2018-06-08 01:08:04,488][INFO][is_hybird()] android.permission.READ_EXTERNAL_STORAGE
[INTERNAL_LOG][2018-06-08 01:08:04,488][INFO][is_hybird()] [Permission End]

[INTERNAL_LOG][2018-06-08 01:08:04,488][INFO][analyze_start()] TYPE APK: [ANDROID NATIVE]

[INTERNAL_LOG][2018-06-08 01:08:04,489][INFO][find_string()] [START FILE ANALYZE]
[INTERNAL_LOG][2018-06-08 01:08:04,489][INFO][find_string()] File: res/raw/youtube_player.html
[INTERNAL_LOG][2018-06-08 01:08:04,501][INFO][find_string()] No iframe in res/raw/youtube_player.html
[INTERNAL_LOG][2018-06-08 01:08:04,502][INFO][find_string()] [END ANALYZE FILE]

[INTERNAL_LOG][2018-06-08 01:08:36,907][INFO][find_url_in_apk()] [START ALL URL INSIDE APK]
[INTERNAL_LOG][2018-06-08 01:08:36,907][INFO][find_url_in_apk()] http://schemas.android.com/apk/res/android
http://schemas.android.com/apk/res/android
https://play.google.com/store/apps/details?id=
https://play.google.com/store/apps/details?id=
https://play.google.com/store/apps/details?id=com.google.android.tts
http://35.166.166.15:9005/api/
http://www.cdwysbl.top/api/
http://www.youtube.com/watch?v=
https://www.youtube.com
https://api.%s/install_data/v3/
https://attr.%s/api/v
https://t.%s/api/v
https://events.%s/api/v
https://register.%s/api/v
https://stats.%s/stats
https://onelink.%s/shortlink-sdk/v1
https://onelink.%s/shortlink-sdk/v1
https://validate.%s/api/v
https://sdk-services.%s/validate-android-signature
https://app.%s
https://app.%s
https://impression.%s
https://monitorsdk.%s/remote-debug?app_id=
https://www.facebook.com/audience_network/server_side_reward
https://www.%s.facebook.com/audience_network/server_side_reward
http://play.google.com/store/apps/
https://www.facebook.com/
https://www.%s.facebook.com
https://graph.facebook.com/network_ads_common
https://graph.%s.facebook.com/network_ads_common
https://www.facebook.com/adnw_logging/
https://www.%s.facebook.com/adnw_logging/
http://www.facebook.com
http://www.azlryvs.com/
http://www.w3.org/ns/ttml#parameter
https://pagead2.googlesyndication.com/pagead/gen_204?id=gmob-apps
https://pagead2.googlesyndication.com/pagead/gen_204
http://www.google.com
https://support.google.com/dfp_premium/answer/7160685#push
http://www.example.com
http://www.example.com
https://googleads.g.doubleclick.net/mads/static/mad/sdk/native/sdk-core-v40.html
https://googleads.g.doubleclick.net/mads/static/mad/sdk/native/production/sdk-core-v40-impl.js
https://googleads.g.doubleclick.net/mads/static/mad/sdk/native/mraid/v2/mraid_app_banner.js
https://googleads.g.doubleclick.net/mads/static/mad/sdk/native/mraid/v2/mraid_app_expanded_banner.js
https://googleads.g.doubleclick.net/mads/static/mad/sdk/native/mraid/v2/mraid_app_interstitial.js
https://csi.gstatic.com/csi
https://googleads.g.doubleclick.net/mads/static/mad/sdk/native/native_ads.html
https://googleads.g.doubleclick.net/mads/static/mad/sdk/native/production/native_ads.js
https://imasdk.googleapis.com/admob/sdkloader/native_video.html
https://www.google.com/dfp/linkDevice
https://www.google.com/dfp/inAppPreview
https://www.google.com/dfp/debugSignals
https://www.google.com/dfp/sendDebugData
http://eyes-free.googlecode.com/svn/trunk/thirdparty/espeak-data.zip
https://mobile-static.adsafeprotected.com/avid-v2.js
https://sejs.moatads.com/
https://analytics.mopub.com/i/jot/exchange_client_event
https://twitter.com/%s/status/%s
https://www.mopub.com/optout
http://52.38.247.56:8800/v3/sdk-api
http://rqd.uu.qq.com/rqd/sync
http://android.bugly.qq.com/rqd/async
https://plbslog.umeng.com
https://ouplog.umeng.com
https://ulogs.umeng.com/unify_logs
https://ulogs.umengcloud.com/unify_logs
https://alogus.umeng.com/unify_logs
https://alogsus.umeng.com/unify_logs
https://cmnsguider.yunos.com:443/genDeviceToken

[INTERNAL_LOG][2018-06-08 01:08:36,908][INFO][find_url_in_apk()] [END ALL URL INSIDE APK]
[INTERNAL_LOG][2018-06-08 01:08:36,914][INFO][check_method_conf()] [JavaScript enabled: True]

[INTERNAL_LOG][2018-06-08 01:08:36,914][INFO][check_method_conf()] [Add interface WebView: True]

[INTERNAL_LOG][2018-06-08 01:08:36,914][INFO][analyze_start()] This app might be not vulnerable on  attack frame confusion.
[INTERNAL_LOG][2018-06-08 01:08:36,914][INFO][analyze_start()] End time:[Fri Jun  8 01:08:36 2018]
