[INTERNAL_LOG][2018-06-08 02:37:16,524][INFO][analyze_start()] Init Time [Fri Jun  8 02:37:16 2018]
[INTERNAL_LOG][2018-06-08 02:37:16,616][INFO][run()] Start Analysis
[INTERNAL_LOG][2018-06-08 02:37:16,618][INFO][is_hybird()] Hybrid file found are: ['config.xml']
[INTERNAL_LOG][2018-06-08 02:37:16,618][INFO][is_hybird()] [Permission Enble Start]
[INTERNAL_LOG][2018-06-08 02:37:16,618][INFO][is_hybird()] android.permission.WRITE_EXTERNAL_STORAGE
[INTERNAL_LOG][2018-06-08 02:37:16,618][INFO][is_hybird()] android.permission.ACCESS_WIFI_STATE
[INTERNAL_LOG][2018-06-08 02:37:16,618][INFO][is_hybird()] android.permission.ACCESS_NETWORK_STATE
[INTERNAL_LOG][2018-06-08 02:37:16,618][INFO][is_hybird()] android.permission.CHANGE_NETWORK_STATE
[INTERNAL_LOG][2018-06-08 02:37:16,618][INFO][is_hybird()] android.permission.CHANGE_WIFI_STATE
[INTERNAL_LOG][2018-06-08 02:37:16,618][INFO][is_hybird()] android.permission.INTERNET
[INTERNAL_LOG][2018-06-08 02:37:16,618][INFO][is_hybird()] android.permission.CAMERA
[INTERNAL_LOG][2018-06-08 02:37:16,618][INFO][is_hybird()] android.permission.USE_CREDENTIALS
[INTERNAL_LOG][2018-06-08 02:37:16,618][INFO][is_hybird()] android.permission.WAKE_LOCK
[INTERNAL_LOG][2018-06-08 02:37:16,618][INFO][is_hybird()] com.android.vending.BILLING
[INTERNAL_LOG][2018-06-08 02:37:16,618][INFO][is_hybird()] com.android.vending.CHECK_LICENSE
[INTERNAL_LOG][2018-06-08 02:37:16,618][INFO][is_hybird()] com.naturalmotion.customstreetracer2.permission.C2D_MESSAGE
[INTERNAL_LOG][2018-06-08 02:37:16,618][INFO][is_hybird()] com.google.android.c2dm.permission.RECEIVE
[INTERNAL_LOG][2018-06-08 02:37:16,618][INFO][is_hybird()] com.sonyericsson.home.permission.BROADCAST_BADGE
[INTERNAL_LOG][2018-06-08 02:37:16,619][INFO][is_hybird()] com.htc.launcher.permission.UPDATE_SHORTCUT
[INTERNAL_LOG][2018-06-08 02:37:16,619][INFO][is_hybird()] android.permission.ACCESS_FINE_LOCATION
[INTERNAL_LOG][2018-06-08 02:37:16,619][INFO][is_hybird()] android.permission.ACCESS_COARSE_LOCATION
[INTERNAL_LOG][2018-06-08 02:37:16,619][INFO][is_hybird()] com.sec.android.provider.badge.permission.READ
[INTERNAL_LOG][2018-06-08 02:37:16,619][INFO][is_hybird()] com.sec.android.provider.badge.permission.WRITE
[INTERNAL_LOG][2018-06-08 02:37:16,619][INFO][is_hybird()] com.htc.launcher.permission.READ_SETTINGS
[INTERNAL_LOG][2018-06-08 02:37:16,619][INFO][is_hybird()] com.anddoes.launcher.permission.UPDATE_COUNT
[INTERNAL_LOG][2018-06-08 02:37:16,619][INFO][is_hybird()] com.majeur.launcher.permission.UPDATE_BADGE
[INTERNAL_LOG][2018-06-08 02:37:16,619][INFO][is_hybird()] [Permission End]

[INTERNAL_LOG][2018-06-08 02:37:16,619][INFO][is_hybird()] Starting apktool
[INTERNAL_LOG][2018-06-08 02:37:26,002][ERROR][is_hybird()] [ERROR file config.xmls] [Errno 2] No such file or directory: 'temp_dir/res/xml/config.xml' 

[INTERNAL_LOG][2018-06-08 02:37:26,023][INFO][analyze_start()] TYPE APK: [HYBRID]

[INTERNAL_LOG][2018-06-08 02:37:26,033][INFO][find_string()] [START FILE ANALYZE]
[INTERNAL_LOG][2018-06-08 02:37:26,049][INFO][find_string()] File: assets/js/closebutton.html
[INTERNAL_LOG][2018-06-08 02:37:26,071][INFO][find_string()] No iframe in assets/js/closebutton.html
[INTERNAL_LOG][2018-06-08 02:37:26,076][INFO][find_string()] File: js/closebutton.html
[INTERNAL_LOG][2018-06-08 02:37:26,286][INFO][find_string()] No iframe in js/closebutton.html
[INTERNAL_LOG][2018-06-08 02:37:26,291][INFO][find_string()] [END ANALYZE FILE]

[INTERNAL_LOG][2018-06-08 02:37:47,622][INFO][find_url_in_apk()] [START ALL URL INSIDE APK]
[INTERNAL_LOG][2018-06-08 02:37:47,622][INFO][find_url_in_apk()] http://schemas.android.com/apk/res/android
https://app.adjust.com
https://app.adjust.com
https://e-ssl.apsalar.com/api/v1/event
https://e-ssl.apsalar.com/api/v1/event
https://e-ssl.apsalar.com/api/v1/event
https://e-ssl.apsalar.com/api/v1/event
https://e-ssl.apsalar.com/api/v1/event
https://e-ssl.apsalar.com/api/v1/event
https://e-ssl.apsalar.com/api/v1/resolve
https://e-ssl.apsalar.com/api/v1/start
https://graph.facebook.com/v2.2//me/apprequests?access_token=
https://graph.facebook.com/v2.2/me/permissions?access_token=
https://www.facebook.com/pages/424908557519491
https://apm.
https://api.
https://txn.ingest.
https://appload.ingest.
https://m.facebook.com/dialog/
https://graph.facebook.com/
https://api.facebook.com/restserver.php
https://graph.facebook.com/%s/picture
https://graph.%s
https://graph-video.%s
https://facebook.com
https://ads.flurry.com/v16/getAds.do
http://ads.flurry.com/v16/getAds.do
https://adlog.flurry.com
http://adlog.flurry.com
https://www.tumblr.com/oauth/access_token
https://www.tumblr.com/oauth/authorize?oauth_token=%s
https://api.tumblr.com/v2/blog/
https://api.tumblr.com/v2/blog/
https://www.tumblr.com/oauth/request_token
https://api.tumblr.com/v2/user/info
http://www.tumblr.com/connect/login_success.html
https://play.google.com/store/apps/details?id=
http://xmlpull.org/v1/doc/features.html#process-namespaces
https://proton.flurry.com/sdk/v1/config
https://data.flurry.com/pcr.do
http://data.flurry.com/aap.do
https://data.flurry.com/aap.do
https://cdn.flurry.com/vast/videocontrols/v2/android.zip
https://www.googleapis.com/auth/plus.me
https://www.googleapis.com/auth/plus.me
https://www.googleapis.com/auth/games
https://www.googleapis.com/auth/games
https://www.googleapis.com/auth/games
http://plus.google.com/
https://www.googleapis.com/auth/games.firstparty
https://www.googleapis.com/auth/games.firstparty
https://www.googleapis.com/auth/plus.login
http://schemas.android.com/apk/lib/com.google.android.gms.plus
http://schemas.android.com/apk/lib/com.google.android.gms.plus
http://fake.com?
http://leanplum/close
http://leanplum/close
http://leanplum/loadFinished
http://leanplum/runAction
http://leanplum/runTrackedAction
http://leanplum/track
http://www.example.com
http://www.example.com
https://analytics.mopub.com/i/jot/exchange_client_event
https://twitter.com/%s/status/%s
https://www.mopub.com/optout
https://www.mopub.com/optout/
https://www.mopub.com/optout/
http://play.google.com/store/apps/details?id=
https://ws.tapjoyads.com/
https://ws.tapjoyads.com/
https://ws.tapjoyads.com/
https://rpc.tapjoy.com/
https://rpc.tapjoy.com/
https://connect.tapjoy.com/
https://connect.tapjoy.com/
http://content-js.tapjoy.com
https://placements.tapjoy.com/
https://config.unityads.unity3d.com/webview/
http://www.amazon.com/gp/mas/dl/android?p=
https://www.googleapis.com/auth/games;
https://www.googleapis.com/auth/plus.login;
https://www.googleapis.com/auth/appstate;

[INTERNAL_LOG][2018-06-08 02:37:47,622][INFO][find_url_in_apk()] [END ALL URL INSIDE APK]
[INTERNAL_LOG][2018-06-08 02:37:47,648][INFO][check_method_conf()] [JavaScript enabled: True]

[INTERNAL_LOG][2018-06-08 02:37:47,648][INFO][check_method_conf()] [Add interface WebView: True]

[INTERNAL_LOG][2018-06-08 02:37:47,648][INFO][analyze_start()] This app might be not vulnerable on  attack frame confusion.
[INTERNAL_LOG][2018-06-08 02:37:47,648][INFO][analyze_start()] End time:[Fri Jun  8 02:37:47 2018]
