[INTERNAL_LOG][2018-06-08 02:48:54,126][INFO][analyze_start()] Init Time [Fri Jun  8 02:48:54 2018]
[INTERNAL_LOG][2018-06-08 02:48:54,226][INFO][is_hybird()] [Permission Enble Start]
[INTERNAL_LOG][2018-06-08 02:48:54,226][INFO][run()] Start Analysis
[INTERNAL_LOG][2018-06-08 02:48:54,226][INFO][is_hybird()] android.permission.INTERNET
[INTERNAL_LOG][2018-06-08 02:48:54,227][INFO][is_hybird()] android.permission.ACCESS_NETWORK_STATE
[INTERNAL_LOG][2018-06-08 02:48:54,227][INFO][is_hybird()] android.permission.BLUETOOTH
[INTERNAL_LOG][2018-06-08 02:48:54,227][INFO][is_hybird()] android.permission.ACCESS_WIFI_STATE
[INTERNAL_LOG][2018-06-08 02:48:54,227][INFO][is_hybird()] com.android.vending.BILLING
[INTERNAL_LOG][2018-06-08 02:48:54,227][INFO][is_hybird()] android.permission.READ_EXTERNAL_STORAGE
[INTERNAL_LOG][2018-06-08 02:48:54,227][INFO][is_hybird()] android.permission.WRITE_EXTERNAL_STORAGE
[INTERNAL_LOG][2018-06-08 02:48:54,227][INFO][is_hybird()] com.google.android.c2dm.permission.RECEIVE
[INTERNAL_LOG][2018-06-08 02:48:54,227][INFO][is_hybird()] [Permission End]

[INTERNAL_LOG][2018-06-08 02:48:54,227][INFO][analyze_start()] TYPE APK: [ANDROID NATIVE]

[INTERNAL_LOG][2018-06-08 02:48:54,227][INFO][find_string()] [START FILE ANALYZE]
[INTERNAL_LOG][2018-06-08 02:48:54,227][INFO][find_string()] File: js/closebutton.html
[INTERNAL_LOG][2018-06-08 02:48:54,228][INFO][find_string()] No iframe in js/closebutton.html
[INTERNAL_LOG][2018-06-08 02:48:54,228][INFO][find_string()] [END ANALYZE FILE]

[INTERNAL_LOG][2018-06-08 02:49:45,027][INFO][find_url_in_apk()] [START ALL URL INSIDE APK]
[INTERNAL_LOG][2018-06-08 02:49:45,027][INFO][find_url_in_apk()] http://schemas.android.com/apk/res/android
https://adc3-launch.adcolony.com/v4/launch
https://adc3-launch.adcolony.com/v4/launch
https://adc3-launch-server-staging.herokuapp.com/v4/launch
https://wd.adcolony.com/logs
http://schemas.applovin.com/android/1.0
http://schemas.applovin.com/android/1.0
https://d.applovin.com/
https://a.applovin.com/
https://rt.applovin.com/med
https://rt.applovin.com/pix
https://d.applvn.com/
https://a.applvn.com/
https://rt.applvn.com/pix
https://vid.applovin.com/,https://pdn.applovin.com/,https://img.applovin.com/,https://d.applovin.com/,https://assets.applovin.com/,https://cdnjs.cloudflare.com/,http://vid.applovin.com/,http://pdn.applovin.com/,http://img.applovin.com/,http://d.applovin.com/,http://assets.applovin.com/,http://cdnjs.cloudflare.com/
https://live.chartboost.com
http://market.android.com/
https://play.google.com/store/apps/details?id=%s
https://www.facebook.com/audience_network/server_side_reward
https://www.%s.facebook.com/audience_network/server_side_reward
https://graph.facebook.com/network_ads_common
https://graph.%s.facebook.com/network_ads_common
https://www.facebook.com/adnw_logging/
https://www.%s.facebook.com/adnw_logging/
http://play.google.com/store/apps/
https://www.facebook.com/
https://www.%s.facebook.com
http://www.facebook.com
https://proton.flurry.com/sdk/v1/config
https://data.flurry.com/pcr.do
http://data.flurry.com/aap.do
https://data.flurry.com/aap.do
https://imasdk.googleapis.com/native/sdkloader/native_sdk_v3.html
http://www.w3.org/ns/ttml#parameter
https://pagead2.googlesyndication.com/pagead/gen_204?id=gmob-apps
http://plus.google.com/
https://www.googleapis.com/auth/drive.file
https://www.googleapis.com/auth/drive.appdata
https://www.googleapis.com/auth/drive
https://www.googleapis.com/auth/drive.apps
https://www.googleapis.com/auth/games
https://www.googleapis.com/auth/games
https://www.googleapis.com/auth/games.firstparty
https://www.googleapis.com/auth/games.firstparty
http://www.example.com
http://www.example.com
https://googleads.g.doubleclick.net/mads/static/mad/sdk/native/sdk-core-v40.html
https://googleads.g.doubleclick.net/mads/static/mad/sdk/native/mraid/v2/mraid_app_banner.js
https://googleads.g.doubleclick.net/mads/static/mad/sdk/native/mraid/v2/mraid_app_expanded_banner.js
https://googleads.g.doubleclick.net/mads/static/mad/sdk/native/mraid/v2/mraid_app_interstitial.js
https://csi.gstatic.com/csi
https://www.google.com/dfp/linkDevice
https://www.google.com/dfp/inAppPreview
https://www.google.com/dfp/debugSignals
https://www.google.com/dfp/sendDebugData
https://pagead2.googlesyndication.com/pagead/gen_204
http://www.google.com
https://www.googleapis.com/auth/plus.login
https://www.googleapis.com/auth/plus.me
http://schemas.android.com/apk/lib/com.google.android.gms.plus
http://schemas.android.com/apk/lib/com.google.android.gms.plus
https://api.vungle.com/
https://ads.api.vungle.com/config
https://www.youtube.com/playlist?list=
https://www.youtube.com/playlist?list=
https://www.youtube.com/channel/
https://www.youtube.com/channel/
https://www.youtube.com/watch?v=
https://www.youtube.com/watch?v=
https://www.youtube.com/user/
https://www.youtube.com/user/
http://play.google.com/store/apps/details
https://marketplace-android-b146.hyprmx.com/
http://schemas.android.com/apk/lib/com.inmobi.ads
http://schemas.android.com/apk/lib/com.inmobi.ads
https://i.l.inmobicdn.net/sdk/sdk/500/android/mraid.js
http://i.w.inmobi.com/showad.asm
https://sdktm.w.inmobi.com/sdkpubreq
http://config.inmobi.com/config-server/v1/config/secure.cfg
http://www.inmobi.com/products/sdk/#downloads
https://sdkm.w.inmobi.com/metrics/e.asm?v=1&
https://www.facebook.com/dialog/feed?app_id=181821551957328&link=
https://m.google.com/app/plus/x/?v=compose&content=
http://twitter.com/home?status=
http://dock.inmobi.com/carb/v1/i
http://dock.inmobi.com/carb/v1/o
https://sdkm.w.inmobi.com/user/e.asm
https://mobile-static.adsafeprotected.com/avid-v2.js
https://mobile-static.adsafeprotected.com/avid-v2.js
https://mobile-static.adsafeprotected.com/avid-v2.js
https://track.atom-data.io
https://track.atom-data.io
https://track.atom-data.io
https://outcome.supersonicads.com/mediation/
https://outcome.supersonicads.com/mediation/
https://mobilelogs.supersonic.com
https://mobilelogs.supersonic.com
https://init.supersonicads.com/sdk/v
https://www.supersonicads.com/mobile/sdk5/log?method=
https://www.supersonicads.com/mobile/sdk5/log?method=
https://www.supersonicads.com/mobile/sdk5/log?method=
https://www.supersonicads.com/mobile/sdk5/log?method=
https://www.supersonicads.com/mobile/sdk5/log?method=
https://www.supersonicads.com/mobile/sdk5/log?method=
https://www.supersonicads.com/mobile/sdk5/log?method=
https://www.supersonicads.com/mobile/sdk5/log?method=
https://www.supersonicads.com/mobile/sdk5/log?method=injectJavaScript
https://www.supersonicads.com/mobile/sdk5/log?method=extraParametersToJson
https://www.supersonicads.com/mobile/sdk5/log?method=noProductType
https://www.supersonicads.com/mobile/sdk5/log?method=encodeAppUserId
https://www.supersonicads.com/mobile/sdk5/log?method=encodeAppKey
https://www.supersonicads.com/mobile/sdk5/log?method=webviewLoadBlank
https://www.supersonicads.com/mobile/sdk5/log?method=webviewLoadWithPath
https://www.supersonicads.com/mobile/sdk5/log?method=htmlControllerDoesNotExistOnFileSystem
https://www.supersonicads.com/mobile/sdk5/log?method=webviewPause
https://www.supersonicads.com/mobile/sdk5/log?method=webviewResume
http://mbxrt.mediabrix.com/geoencode
http://mbxrt.mediabrix.com/geoencode?IpAddress=
http://metrics-qa.tbliab.net/v2/metrics/?adsvrLineItemID=
https://ap.tbliab.net/mprofiles
http://www.mediabrix.com
https://metrics.tbliab.net/v2/metrics/?adsvrLineItemID=%LINE_ITEM_ID%&adsvrAdvertiserID=%ADVERTISER_ID%&adsvrOrderID=%ORDID%&adsvrCreativeID=%CRID%&adsvrPropertyAdUnit=%PROPERTY%&adsvrZoneAdUnit=%ZONE%&mbrixAppKey=%APP_ID%&mbrixDeviceID=%DEVICE_ID%&mbrixVideoDuration=%VIDEO_DURATION%&mbrixHost=%DFP_URL%&mbrixSDKVersion=%SDK_VERSION%&mbrixSDKBuild=%SDK_BUILD_VERSION%&mbrixOS=%OS%&mbrixPlatform=%PLATFORM%&mbrixAction=%EVENT_NAME%&mbrixClientTimeStamp=%TIME_STAMP%&mbrixClientWidth=%SCREEN_WIDTH%&mbrixClientHeight=%SCREEN_HEIGHT%&mbrixAppSession=%SESSION_ID%&mbrixValue=%VALUE%
http://mobileloggerqa.cloudapp.net/logger
https://ads.nexage.com
http://xmlpull.org/v1/doc/features.html#process-namespaces
https://api.mixpanel.com/track?ip=1
http://api.mixpanel.com/track?ip=1
https://api.mixpanel.com/engage
http://api.mixpanel.com/engage
https://decide.mixpanel.com/decide
http://decide.mixpanel.com/decide
https://z.moatads.com/
https://z.moatads.com/
https://z.moatads.com/
https://z.moatads.com/
https://z.moatads.com/
https://z.moatads.com/
https://px.moatads.com/pixel.gif?e=0&i=MOATSDK1&ac=1
http://play.google.com/store/apps/details?id=
https://ws.tapjoyads.com/
https://ws.tapjoyads.com/
https://ws.tapjoyads.com/
https://rpc.tapjoy.com/
https://rpc.tapjoy.com/
https://connect.tapjoy.com/
https://connect.tapjoy.com/
https://placements.tapjoy.com/
https://config.unityads.unity3d.com/webview/
https://www.vungle.com/privacy/
https://www.vungle.com/privacy/
http://lol.vungle.com/
https://zeptodev.com/editor/filelist.php?dir=ctr_android/maps
https://zeptodev.com/editor/filelist.php?dir=ctr_android/maps
https://zeptodev.com/editor/ctr_android/images/sorted.xml
https://zeptodev.com/editor/ctr_android/images/sorted.xml
https://zeptodev.com/editor/
https://zeptodev.com/editor/
https://rink.hockeyapp.net/api/2/apps/
http://localhost/
http://localhost/
http://localhost/
https://sdk.hockeyapp.net/
https://sdk.hockeyapp.net/
https://sdk.hockeyapp.net/
https://sdk.hockeyapp.net/
https://sdk.hockeyapp.net/
https://sdk.hockeyapp.net/
https://sdk.hockeyapp.net/
https://sdk.hockeyapp.net/
https://sdk.hockeyapp.net/
https://sdk.hockeyapp.net/
https://gate.hockeyapp.net/v2/track

[INTERNAL_LOG][2018-06-08 02:49:45,027][INFO][find_url_in_apk()] [END ALL URL INSIDE APK]
[INTERNAL_LOG][2018-06-08 02:49:45,056][INFO][check_method_conf()] [JavaScript enabled: True]

[INTERNAL_LOG][2018-06-08 02:49:45,057][INFO][check_method_conf()] [Add interface WebView: True]

[INTERNAL_LOG][2018-06-08 02:49:45,057][INFO][analyze_start()] This app might be not vulnerable on  attack frame confusion.
[INTERNAL_LOG][2018-06-08 02:49:45,057][INFO][analyze_start()] End time:[Fri Jun  8 02:49:45 2018]
