[INTERNAL_LOG][2018-06-08 02:00:20,232][INFO][analyze_start()] Init Time [Fri Jun  8 02:00:20 2018]
[INTERNAL_LOG][2018-06-08 02:00:20,340][INFO][run()] Start Analysis
[INTERNAL_LOG][2018-06-08 02:00:20,343][INFO][is_hybird()] [Permission Enble Start]
[INTERNAL_LOG][2018-06-08 02:00:20,343][INFO][is_hybird()] android.permission.INTERNET
[INTERNAL_LOG][2018-06-08 02:00:20,343][INFO][is_hybird()] android.permission.WAKE_LOCK
[INTERNAL_LOG][2018-06-08 02:00:20,344][INFO][is_hybird()] android.permission.ACCESS_NETWORK_STATE
[INTERNAL_LOG][2018-06-08 02:00:20,344][INFO][is_hybird()] android.permission.ACCESS_WIFI_STATE
[INTERNAL_LOG][2018-06-08 02:00:20,344][INFO][is_hybird()] android.permission.ACCESS_FINE_LOCATION
[INTERNAL_LOG][2018-06-08 02:00:20,344][INFO][is_hybird()] android.permission.ACCESS_COARSE_LOCATION
[INTERNAL_LOG][2018-06-08 02:00:20,344][INFO][is_hybird()] android.permission.VIBRATE
[INTERNAL_LOG][2018-06-08 02:00:20,344][INFO][is_hybird()] android.permission.WRITE_EXTERNAL_STORAGE
[INTERNAL_LOG][2018-06-08 02:00:20,344][INFO][is_hybird()] android.permission.READ_EXTERNAL_STORAGE
[INTERNAL_LOG][2018-06-08 02:00:20,344][INFO][is_hybird()] android.permission.CAMERA
[INTERNAL_LOG][2018-06-08 02:00:20,344][INFO][is_hybird()] android.permission.SET_WALLPAPER
[INTERNAL_LOG][2018-06-08 02:00:20,344][INFO][is_hybird()] android.permission.INTERACT_ACROSS_USERS_FULL
[INTERNAL_LOG][2018-06-08 02:00:20,344][INFO][is_hybird()] com.android.vending.BILLING
[INTERNAL_LOG][2018-06-08 02:00:20,344][INFO][is_hybird()] android.permission.GET_ACCOUNTS
[INTERNAL_LOG][2018-06-08 02:00:20,344][INFO][is_hybird()] android.permission.CHANGE_NETWORK_STATE
[INTERNAL_LOG][2018-06-08 02:00:20,344][INFO][is_hybird()] com.cyworld.camera.permission.MAPS_RECEIVE
[INTERNAL_LOG][2018-06-08 02:00:20,344][INFO][is_hybird()] com.google.android.providers.gsf.permission.READ_GSERVICES
[INTERNAL_LOG][2018-06-08 02:00:20,344][INFO][is_hybird()] com.google.android.c2dm.permission.RECEIVE
[INTERNAL_LOG][2018-06-08 02:00:20,344][INFO][is_hybird()] com.cyworld.camera.permission.C2D_MESSAGE
[INTERNAL_LOG][2018-06-08 02:00:20,344][INFO][is_hybird()] [Permission End]

[INTERNAL_LOG][2018-06-08 02:00:20,345][INFO][analyze_start()] TYPE APK: [ANDROID NATIVE]

[INTERNAL_LOG][2018-06-08 02:00:20,345][INFO][find_string()] [START FILE ANALYZE]
[INTERNAL_LOG][2018-06-08 02:00:20,345][INFO][find_string()] File: assets/itemshop_detail.html
[INTERNAL_LOG][2018-06-08 02:00:20,346][INFO][find_string()] No iframe in assets/itemshop_detail.html
[INTERNAL_LOG][2018-06-08 02:00:20,346][INFO][find_string()] [END ANALYZE FILE]

[INTERNAL_LOG][2018-06-08 02:00:56,264][INFO][find_url_in_apk()] [START ALL URL INSIDE APK]
[INTERNAL_LOG][2018-06-08 02:00:56,264][INFO][find_url_in_apk()] http://schemas.android.com/apk/res/android
http://cymera.cyworld.com/
http://cymera.cyworld.com/
http://cymera.cyworld.com/
http://maps.google.com/maps/api/staticmap?center=
https://instagram.com/cymera_official
https://m.youtube.com/user/cymerapp
https://m.youtube.com/playlist?list=PLsrwI2d6HePWAGRe1Z9A-w7rk_bNyXISC
http://thumb.global.cymera.com/t386x256/
http://thumb.global.cymera.com/t386x256/
http://thumb.global.cymera.com/t400x0/
http://thumb.global.cymera.com/t400x0/
http://thumb.global.cymera.com/t0x250/
http://thumb.global.cymera.com/t0x250/
http://thumb.global.cymera.com/t150x0/
http://thumb.global.cymera.com/t150x0/
http://thumb.global.cymera.com/t80x80/
http://thumb.global.cymera.com/t80x80/
http://thumb.global.cymera.com/t160x160/
http://thumb.global.cymera.com/t160x160/
https://oauthdev.nate.com
https://openapi.cymera.com
http://instagram.com/_u/cymera_official
http://instagram.com/_u/cymera_official
https://play.google.com/store/apps/details?id=%s
http://m.facebook.com/ads/ad_choices
http://m.facebook.com/ads/ad_choices
https://www.facebook.com/audience_network/server_side_reward
https://www.%s.facebook.com/audience_network/server_side_reward
https://graph.facebook.com/network_ads_common
https://graph.%s.facebook.com/network_ads_common
https://www.facebook.com/adnw_logging/
https://www.%s.facebook.com/adnw_logging/
http://play.google.com/store/apps/
https://www.facebook.com/
https://www.%s.facebook.com
http://www.facebook.com
https://graph.%s
https://graph-video.%s
https://facebook.com
http://www.w3.org/ns/ttml#parameter
https://pagead2.googlesyndication.com/pagead/gen_204?id=gmob-apps
http://plus.google.com/
https://app-measurement.com/a
https://www.google.com
https://mobilecrashreporting.googleapis.com/v1/crashes:batchCreate?key=
http://www.example.com
http://www.example.com
https://googleads.g.doubleclick.net/mads/static/mad/sdk/native/sdk-core-v40.html
https://googleads.g.doubleclick.net/mads/static/mad/sdk/native/mraid/v2/mraid_app_banner.js
https://googleads.g.doubleclick.net/mads/static/mad/sdk/native/mraid/v2/mraid_app_expanded_banner.js
https://googleads.g.doubleclick.net/mads/static/mad/sdk/native/mraid/v2/mraid_app_interstitial.js
https://csi.gstatic.com/csi
https://www.google.com/dfp/linkDevice
https://www.google.com/dfp/inAppPreview
https://www.google.com/dfp/debugSignals
https://www.google.com/dfp/sendDebugData
https://pagead2.googlesyndication.com/pagead/gen_204
http://www.google.com
https://www.googleapis.com/auth/plus.login
https://www.googleapis.com/auth/plus.me
http://app.sina.cn/appdetail.php?appID=84560
https://open.weibo.cn/oauth2/authorize?
http://weibo.cn/dpool/ttt/maps.php?xy=%s,%s&amp;size=320x320&amp;offset=%s
http://weibo.cn/dpool/ttt/maps.php?xy=%s,%s&amp;size=320x320&amp;offset=%s
http://api.weibo.cn/2/client/common_config
https://api.weibo.com/2/proxy/darwin/graph/game/
http://widget.weibo.com/invitation/app.php?
http://widget.weibo.com/invitation/appinfo.php?
http://service.weibo.com/share/mobilesdk.php
http://service.weibo.com/share/mobilesdk_uppic.php
http://widget.weibo.com/relationship/followsdk.php
https://api.weibo.com/2/friendships/show.json
https://api.weibo.com/2/friendships/show.json
https://api.weibo.com/2/friendships/show.json
https://api.weibo.com/2/friendships/show.json
https://api.weibo.com/2/friendships/show.json
http://widget.weibo.com/distribution/socail_comments_sdk.php
https://api.weibo.com/oauth2/access_token
https://api.weibo.com/2/statuses/repost.json
https://api.weibo.com/2/statuses/repost.json
https://api.weibo.com/2/statuses/repost.json
https://api.weibo.com/2/statuses/update.json
https://api.weibo.com/2/statuses/update.json
https://api.weibo.com/2/statuses/update.json
https://api.weibo.com/2/statuses/upload.json
https://api.weibo.com/2/statuses/upload.json
https://api.weibo.com/2/statuses/upload.json
https://api.weibo.com/2/comments/to_me.json
https://api.weibo.com/2/comments/by_me.json
https://api.weibo.com/2/comments/show.json
https://api.weibo.com/2/comments/timeline.json
https://api.weibo.com/2/comments/mentions.json
https://api.weibo.com/2/comments/show_batch.json
https://api.weibo.com/2/comments/create.json
https://api.weibo.com/2/comments/destroy.json
https://api.weibo.com/2/comments/sdestroy_batch.json
https://api.weibo.com/2/comments/reply.json
https://m.api.weibo.com/2/messages/invite.json
https://m.api.weibo.com/2/messages/invite.json
https://api.weibo.com/oauth2/revokeoauth2
https://api.weibo.com/2/statuses/friends_timeline.json
https://api.weibo.com/2/statuses/friends_timeline.json
https://api.weibo.com/2/statuses/mentions.json
https://api.weibo.com/2/statuses/mentions.json
https://api.weibo.com/2/statuses/upload_url_text.json
https://api.weibo.com/2/statuses/upload_url_text.json
https://api.weibo.com/2/users/show.json
https://api.weibo.com/2/users/domain_show.json
https://api.weibo.com/2/users/counts.json
https://api.weibo.com/2/account/end_session.json
https://api.weibo.com/2/account/get_privacy.json
https://api.weibo.com/2/account/get_uid.json
https://api.weibo.com/2/account/rate_limit_status.json
https://api.weibo.com/2/account/profile/school_list.json
https://api.weibo.com/2/account/profile/email.json
https://api.weibo.com/2/common/get_city.json
https://api.weibo.com/2/common/get_country.json
https://api.weibo.com/2/common/get_timezone.json
https://api.weibo.com/2/favorites/by_tags.json
https://api.weibo.com/2/favorites/by_tags/ids.json
https://api.weibo.com/2/favorites/create.json
https://api.weibo.com/2/favorites/destroy.json
https://api.weibo.com/2/favorites/destroy_batch.json
https://api.weibo.com/2/favorites.json
https://api.weibo.com/2/favorites/ids.json
https://api.weibo.com/2/favorites/show.json
https://api.weibo.com/2/favorites/tags.json
https://api.weibo.com/2/favorites/tags/destroy_batch.json
https://api.weibo.com/2/favorites/tags/update.json
https://api.weibo.com/2/favorites/tags/update_batch.json
https://api.weibo.com/2/friendships/friends/bilateral.json
https://api.weibo.com/2/friendships/friends/bilateral/ids.json
https://api.weibo.com/2/friendships/friends_chain/followers.json
https://api.weibo.com/2/friendships/create.json
https://api.weibo.com/2/friendships/create.json
https://api.weibo.com/2/friendships/destroy.json
https://api.weibo.com/2/friendships/destroy.json
https://api.weibo.com/2/friendships/followers.json
https://api.weibo.com/2/friendships/followers.json
https://api.weibo.com/2/friendships/followers/active.json
https://api.weibo.com/2/friendships/followers/ids.json
https://api.weibo.com/2/friendships/followers/ids.json
https://api.weibo.com/2/friendships/friends.json
https://api.weibo.com/2/friendships/friends.json
https://api.weibo.com/2/friendships/friends/ids.json
https://api.weibo.com/2/friendships/friends/ids.json
https://api.weibo.com/2/friendships/friends/in_common.json
https://api.weibo.com/2/friendships/groups/members/add.json
https://api.weibo.com/2/friendships/groups/members/add_batch.json
https://api.weibo.com/2/friendships/groups/create.json
https://api.weibo.com/2/friendships/groups/destroy.json
https://api.weibo.com/2/friendships/groups/members/destroy.json
https://api.weibo.com/2/friendships/groups.json
https://api.weibo.com/2/friendships/groups/is_member.json
https://api.weibo.com/2/friendships/groups/members.json
https://api.weibo.com/2/friendships/groups/order.json
https://api.weibo.com/2/friendships/groups/show.json
https://api.weibo.com/2/friendships/groups/show_batch.json
https://api.weibo.com/2/friendships/groups/timeline.json
https://api.weibo.com/2/friendships/groups/update.json
https://api.weibo.com/2/friendships/groups/members/update.json
https://api.weibo.com/2/location/geo/gps_to_offset.json
https://api.weibo.com/2/location/pois/search/by_geo.json
https://api.weibo.com/2/location/geo/geo_to_address.json
https://api.weibo.com/2/place/friends_timeline.json
https://api.weibo.com/2/place/nearby/photos.json
https://api.weibo.com/2/place/nearby/pois.json
https://api.weibo.com/2/place/nearby_timeline.json
https://api.weibo.com/2/place/nearby_users/list.json
https://api.weibo.com/2/place/nearby/users.json
https://api.weibo.com/2/place/nearby_users/create.json
https://api.weibo.com/2/place/nearby_users/destory.json
https://api.weibo.com/2/place/poi_timeline.json
https://api.weibo.com/2/place/pois/add_checkin.json
https://api.weibo.com/2/place/pois/add_photo.json
https://api.weibo.com/2/place/pois/add_tip.json
https://api.weibo.com/2/place/pois/add_todo.json
https://api.weibo.com/2/place/pois/category.json
https://api.weibo.com/2/place/pois/create.json
https://api.weibo.com/2/place/pois/photos.json
https://api.weibo.com/2/place/pois/search.json
https://api.weibo.com/2/place/pois/show.json
https://api.weibo.com/2/place/pois/tips.json
https://api.weibo.com/2/place/pois/users.json
https://api.weibo.com/2/place/public_timelin.json
https://api.weibo.com/2/place/statuses/show.json
https://api.weibo.com/2/place/user_timeline.json
https://api.weibo.com/2/place/users/checkins.json
https://api.weibo.com/2/place/users/photos.json
https://api.weibo.com/2/place/users/show.json
https://api.weibo.com/2/place/users/tips.json
https://api.weibo.com/2/place/users/todos.json
https://api.weibo.com/2/register/verify_nickname.json
https://api.weibo.com/2/search/suggestions/apps.json
https://api.weibo.com/2/search/suggestions/at_users.json
https://api.weibo.com/2/search/suggestions/companies.json
https://api.weibo.com/2/search/suggestions/schools.json
https://api.weibo.com/2/search/suggestions/statuses.json
https://api.weibo.com/2/search/suggestions/users.json
https://api.weibo.com/2/short_url/clicks.json
https://api.weibo.com/2/short_url/comment/counts.json
https://api.weibo.com/2/short_url/comment/comments.json
https://api.weibo.com/2/short_url/expand.json
https://api.weibo.com/2/short_url/expand.json
https://api.weibo.com/2/short_url/locations.json
https://api.weibo.com/2/short_url/referers.json
https://api.weibo.com/2/short_url/share/counts.json
https://api.weibo.com/2/short_url/share/statuses.json
https://api.weibo.com/2/short_url/shorten.json
https://api.weibo.com/2/statuses/bilateral_timeline.json
https://api.weibo.com/2/statuses/count.json
https://api.weibo.com/2/statuses/destroy.json
https://api.weibo.com/2/emotions.json
https://api.weibo.com/2/statuses/friends_timeline/ids.json
https://api.weibo.com/2/statuses/home_timeline.json
https://api.weibo.com/2/statuses/hot/comments_daily.json
https://api.weibo.com/2/statuses/hot/comments_weekly.json
https://api.weibo.com/2/statuses/hot/repost_daily.json
https://api.weibo.com/2/statuses/hot/repost_weekly.json
https://api.weibo.com/2/statuses/mentions/ids.json
https://api.weibo.com/2/statuses/public_timeline.json
https://api.weibo.com/2/statuses/queryid.json
https://api.weibo.com/2/statuses/querymid.json
https://api.weibo.com/2/statuses/repost_by_me.json
https://api.weibo.com/2/statuses/repost_timeline.json
https://api.weibo.com/2/statuses/repost_timeline/ids.json
https://api.weibo.com/2/statuses/show.json
https://api.weibo.com/2/statuses/user_timeline.json
https://api.weibo.com/2/statuses/user_timeline.json
https://api.weibo.com/2/statuses/user_timeline.json
https://api.weibo.com/2/statuses/user_timeline/ids.json
https://api.weibo.com/2/statuses/user_timeline/ids.json
https://api.weibo.com/2/suggestions/users/may_interested.json
https://api.weibo.com/2/suggestions/users/may_interested.json
https://api.weibo.com/2/suggestions/favorites/hot.json
https://api.weibo.com/2/suggestions/users/not_interested.json
https://api.weibo.com/2/suggestions/statuses/hot.json
https://api.weibo.com/2/suggestions/users/hot.json
https://api.weibo.com/2/tags/create.json
https://api.weibo.com/2/tags/destroy.json
https://api.weibo.com/2/tags/destroy_batch.json
https://api.weibo.com/2/tags/suggestions.json
https://api.weibo.com/2/tags.json
https://api.weibo.com/2/tags/tags_batch.json
https://api.weibo.com/2/trends/daily.json
https://api.weibo.com/2/trends/destroy.json
https://api.weibo.com/2/trends/follow.json
https://api.weibo.com/2/trends/hourly.json
https://api.weibo.com/2/trends/is_follow.json
https://api.weibo.com/2/trends.json
https://api.weibo.com/2/trends/weekly.json
http://weibo.cn/dpool/ttt/h5/regagreement.php?from=h5&lang=
http://m.weibo.cn/reg/privacyagreement?from=h5&wm=3349&lang=
http://api.weibo.com/oauth2/sms_authorize/send
http://api.weibo.com/oauth2/sms_authorize/submit
https://api.weibo.com/2/proxy/sdk/statistic.json
https://api.weibo.com/oauth2/getaid.json
https://graph.facebook.com/
https://plus.google.com/s2/photos/profile/
https://iapdev.tstore.co.kr/digitalsignconfirm.iap
https://iap.tstore.co.kr/digitalsignconfirm.iap
http://www.google-analytics.com
http://www.google-analytics.com/collect
https://m.onestore.co.kr/mobilepoc/etc/downloadGuide.omp#oss
https://www.vungle.com/privacy/
https://www.vungle.com/privacy/
https://api.vungle.com/api/v4/
https://ingest.vungle.com/
http://localhost/
http://localhost/
http://localhost/
http://lol.vungle.com/
https://e.crashlytics.com/spi/v2/events
https://settings.crashlytics.com/spi/v2/platforms/android/apps/%s/settings

[INTERNAL_LOG][2018-06-08 02:00:56,265][INFO][find_url_in_apk()] [END ALL URL INSIDE APK]
[INTERNAL_LOG][2018-06-08 02:00:56,267][INFO][check_method_conf()] [JavaScript enabled: True]

[INTERNAL_LOG][2018-06-08 02:00:56,268][INFO][check_method_conf()] [Add interface WebView: True]

[INTERNAL_LOG][2018-06-08 02:00:56,268][INFO][analyze_start()] This app might be not vulnerable on  attack frame confusion.
[INTERNAL_LOG][2018-06-08 02:00:56,268][INFO][analyze_start()] End time:[Fri Jun  8 02:00:56 2018]
