[INTERNAL_LOG][2018-06-08 02:48:23,466][INFO][analyze_start()] Init Time [Fri Jun  8 02:48:23 2018]
[INTERNAL_LOG][2018-06-08 02:48:23,667][INFO][run()] Start Analysis
[INTERNAL_LOG][2018-06-08 02:48:23,673][INFO][is_hybird()] [Permission Enble Start]
[INTERNAL_LOG][2018-06-08 02:48:23,673][INFO][is_hybird()] com.android.vending.BILLING
[INTERNAL_LOG][2018-06-08 02:48:23,673][INFO][is_hybird()] android.permission.INTERNET
[INTERNAL_LOG][2018-06-08 02:48:23,674][INFO][is_hybird()] android.permission.VIBRATE
[INTERNAL_LOG][2018-06-08 02:48:23,674][INFO][is_hybird()] android.permission.ACCESS_NETWORK_STATE
[INTERNAL_LOG][2018-06-08 02:48:23,674][INFO][is_hybird()] android.permission.ACCESS_WIFI_STATE
[INTERNAL_LOG][2018-06-08 02:48:23,674][INFO][is_hybird()] air.com.goodgamestudios.empirefourkingdoms.permission.C2D_MESSAGE
[INTERNAL_LOG][2018-06-08 02:48:23,674][INFO][is_hybird()] com.google.android.c2dm.permission.RECEIVE
[INTERNAL_LOG][2018-06-08 02:48:23,674][INFO][is_hybird()] [Permission End]

[INTERNAL_LOG][2018-06-08 02:48:23,674][INFO][analyze_start()] TYPE APK: [ANDROID NATIVE]

[INTERNAL_LOG][2018-06-08 02:48:23,674][INFO][find_string()] [START FILE ANALYZE]
[INTERNAL_LOG][2018-06-08 02:48:23,674][INFO][find_string()] File: res/raw/startga.html
[INTERNAL_LOG][2018-06-08 02:48:23,675][INFO][find_string()] No iframe in res/raw/startga.html
[INTERNAL_LOG][2018-06-08 02:48:23,675][INFO][find_string()] [END ANALYZE FILE]

[INTERNAL_LOG][2018-06-08 02:48:54,110][INFO][find_url_in_apk()] [START ALL URL INSIDE APK]
[INTERNAL_LOG][2018-06-08 02:48:54,110][INFO][find_url_in_apk()] https://airdownload2.adobe.com/air?
https://airdownload2.adobe.com/air?
http://schemas.android.com/apk/res/android
https://www.adobe.com/airgames/5/
https://www.adobe.com/airgames/4/
https://www.adobe.com/airgames/4/
https://www.adobe.com/airgames/4/
http://s3-us-west-1.amazonaws.com/gamepreview/prod/airandroid/air.properties
http://gamespace.adobe.com
https://dh8vjmvwgc27o.cloudfront.net
http://dh8vjmvwgc27o.cloudfront.net/AIRGamepad/connect_ping.txt
http://dh8vjmvwgc27o.cloudfront.net/AIRGamepad/connect_ping.txt?publisher=
https://sdk-services.appsflyer.com/validate-android-signature
https://api.appsflyer.com/install_data/v3/
https://t.appsflyer.com/api/v
https://events.appsflyer.com/api/v
https://register.appsflyer.com/api/v
https://stats.appsflyer.com/stats
https://notify.bugsnag.com
https://bugsnag.com
https://graph.%s
https://graph-video.%s
https://facebook.com
http://play.google.com/store/apps/details?id=com.facebook.orca
http://graph.facebook.com/
http://graph.facebook.com/
http://hostname/?
http://hostname/?
http://www.google-analytics.com
https://ssl.google-analytics.com
https://accounts.google.com
https://accounts.google.com
https://www.facebook.com
https://www.facebook.com
https://www.googleapis.com/auth/plus.me
https://www.googleapis.com/auth/plus.me
https://www.googleapis.com/auth/games
https://www.googleapis.com/auth/games
https://www.googleapis.com/auth/games
http://plus.google.com/
https://www.googleapis.com/auth/drive.file
https://www.googleapis.com/auth/drive.appdata
https://www.googleapis.com/auth/drive
https://www.googleapis.com/auth/drive.apps
https://www.googleapis.com/auth/fitness.activity.read
https://www.googleapis.com/auth/fitness.activity.read
https://www.googleapis.com/auth/fitness.activity.write
https://www.googleapis.com/auth/fitness.activity.write
https://www.googleapis.com/auth/fitness.location.read
https://www.googleapis.com/auth/fitness.location.read
https://www.googleapis.com/auth/fitness.location.write
https://www.googleapis.com/auth/fitness.location.write
https://www.googleapis.com/auth/fitness.body.read
https://www.googleapis.com/auth/fitness.body.read
https://www.googleapis.com/auth/fitness.body.write
https://www.googleapis.com/auth/fitness.body.write
https://www.googleapis.com/auth/fitness.nutrition.read
https://www.googleapis.com/auth/fitness.nutrition.read
https://www.googleapis.com/auth/fitness.nutrition.write
https://www.googleapis.com/auth/fitness.nutrition.write
https://www.googleapis.com/auth/games.firstparty
https://www.googleapis.com/auth/games.firstparty
https://googleads.g.doubleclick.net/mads/static/mad/sdk/native/sdk-core-v40.html
https://googleads.g.doubleclick.net/mads/static/mad/sdk/native/mraid/v2/mraid_app_banner.js
https://googleads.g.doubleclick.net/mads/static/mad/sdk/native/mraid/v2/mraid_app_expanded_banner.js
https://googleads.g.doubleclick.net/mads/static/mad/sdk/native/mraid/v2/mraid_app_interstitial.js
https://csi.gstatic.com/csi
http://www.google.com
https://app-measurement.com/a
https://www.googleapis.com/auth/plus.login
http://schemas.android.com/apk/lib/com.google.android.gms.plus
http://schemas.android.com/apk/lib/com.google.android.gms.plus
https://www.googletagmanager.com

[INTERNAL_LOG][2018-06-08 02:48:54,110][INFO][find_url_in_apk()] [END ALL URL INSIDE APK]
[INTERNAL_LOG][2018-06-08 02:48:54,113][INFO][check_method_conf()] [JavaScript enabled: True]

[INTERNAL_LOG][2018-06-08 02:48:54,113][INFO][check_method_conf()] [Add interface WebView: True]

[INTERNAL_LOG][2018-06-08 02:48:54,114][INFO][analyze_start()] This app might be not vulnerable on  attack frame confusion.
[INTERNAL_LOG][2018-06-08 02:48:54,114][INFO][analyze_start()] End time:[Fri Jun  8 02:48:54 2018]
