[INTERNAL_LOG][2018-06-07 22:51:59,059][INFO][analyze_start()] Init Time [Thu Jun  7 22:51:59 2018]
[INTERNAL_LOG][2018-06-07 22:51:59,079][INFO][is_hybird()] [Permission Enble Start]
[INTERNAL_LOG][2018-06-07 22:51:59,080][INFO][run()] Start Analysis
[INTERNAL_LOG][2018-06-07 22:51:59,080][INFO][is_hybird()] android.permission.ACCESS_COARSE_LOCATION
[INTERNAL_LOG][2018-06-07 22:51:59,080][INFO][is_hybird()] android.permission.ACCESS_FINE_LOCATION
[INTERNAL_LOG][2018-06-07 22:51:59,080][INFO][is_hybird()] android.permission.ACCESS_NETWORK_STATE
[INTERNAL_LOG][2018-06-07 22:51:59,080][INFO][is_hybird()] android.permission.ACCESS_WIFI_STATE
[INTERNAL_LOG][2018-06-07 22:51:59,080][INFO][is_hybird()] android.permission.BATTERY_STATS
[INTERNAL_LOG][2018-06-07 22:51:59,080][INFO][is_hybird()] android.permission.BROADCAST_STICKY
[INTERNAL_LOG][2018-06-07 22:51:59,080][INFO][is_hybird()] android.permission.CALL_PHONE
[INTERNAL_LOG][2018-06-07 22:51:59,080][INFO][is_hybird()] android.permission.CAMERA
[INTERNAL_LOG][2018-06-07 22:51:59,080][INFO][is_hybird()] android.permission.CHANGE_NETWORK_STATE
[INTERNAL_LOG][2018-06-07 22:51:59,080][INFO][is_hybird()] android.permission.CHANGE_WIFI_STATE
[INTERNAL_LOG][2018-06-07 22:51:59,080][INFO][is_hybird()] android.permission.GET_TASKS
[INTERNAL_LOG][2018-06-07 22:51:59,080][INFO][is_hybird()] android.permission.INTERNET
[INTERNAL_LOG][2018-06-07 22:51:59,082][INFO][is_hybird()] android.permission.READ_CALENDAR
[INTERNAL_LOG][2018-06-07 22:51:59,082][INFO][is_hybird()] android.permission.READ_CALL_LOG
[INTERNAL_LOG][2018-06-07 22:51:59,082][INFO][is_hybird()] android.permission.READ_CONTACTS
[INTERNAL_LOG][2018-06-07 22:51:59,093][INFO][is_hybird()] android.permission.GET_ACCOUNTS
[INTERNAL_LOG][2018-06-07 22:51:59,093][INFO][is_hybird()] android.permission.AUTHENTICATE_ACCOUNTS
[INTERNAL_LOG][2018-06-07 22:51:59,093][INFO][is_hybird()] android.permission.MANAGE_ACCOUNTS
[INTERNAL_LOG][2018-06-07 22:51:59,093][INFO][is_hybird()] android.permission.READ_PHONE_STATE
[INTERNAL_LOG][2018-06-07 22:51:59,093][INFO][is_hybird()] android.permission.READ_PROFILE
[INTERNAL_LOG][2018-06-07 22:51:59,093][INFO][is_hybird()] android.permission.RECEIVE_BOOT_COMPLETED
[INTERNAL_LOG][2018-06-07 22:51:59,093][INFO][is_hybird()] android.permission.READ_SMS
[INTERNAL_LOG][2018-06-07 22:51:59,093][INFO][is_hybird()] android.permission.RECORD_AUDIO
[INTERNAL_LOG][2018-06-07 22:51:59,094][INFO][is_hybird()] android.permission.SYSTEM_ALERT_WINDOW
[INTERNAL_LOG][2018-06-07 22:51:59,094][INFO][is_hybird()] android.permission.VIBRATE
[INTERNAL_LOG][2018-06-07 22:51:59,094][INFO][is_hybird()] android.permission.WAKE_LOCK
[INTERNAL_LOG][2018-06-07 22:51:59,094][INFO][is_hybird()] android.permission.WRITE_CALENDAR
[INTERNAL_LOG][2018-06-07 22:51:59,094][INFO][is_hybird()] android.permission.WRITE_CONTACTS
[INTERNAL_LOG][2018-06-07 22:51:59,095][INFO][is_hybird()] android.permission.WRITE_EXTERNAL_STORAGE
[INTERNAL_LOG][2018-06-07 22:51:59,095][INFO][is_hybird()] com.android.launcher.permission.INSTALL_SHORTCUT
[INTERNAL_LOG][2018-06-07 22:51:59,095][INFO][is_hybird()] com.android.launcher.permission.UNINSTALL_SHORTCUT
[INTERNAL_LOG][2018-06-07 22:51:59,095][INFO][is_hybird()] com.facebook.lite.permission.C2D_MESSAGE
[INTERNAL_LOG][2018-06-07 22:51:59,095][INFO][is_hybird()] com.facebook.receiver.permission.ACCESS
[INTERNAL_LOG][2018-06-07 22:51:59,095][INFO][is_hybird()] com.google.android.c2dm.permission.RECEIVE
[INTERNAL_LOG][2018-06-07 22:51:59,095][INFO][is_hybird()] com.facebook.katana.provider.ACCESS
[INTERNAL_LOG][2018-06-07 22:51:59,095][INFO][is_hybird()] com.facebook.orca.provider.ACCESS
[INTERNAL_LOG][2018-06-07 22:51:59,095][INFO][is_hybird()] com.facebook.mlite.provider.ACCESS
[INTERNAL_LOG][2018-06-07 22:51:59,095][INFO][is_hybird()] com.facebook.wakizashi.provider.ACCESS
[INTERNAL_LOG][2018-06-07 22:51:59,095][INFO][is_hybird()] com.facebook.permission.prod.FB_APP_COMMUNICATION
[INTERNAL_LOG][2018-06-07 22:51:59,095][INFO][is_hybird()] com.sec.android.provider.badge.permission.WRITE
[INTERNAL_LOG][2018-06-07 22:51:59,095][INFO][is_hybird()] com.sec.android.provider.badge.permission.READ
[INTERNAL_LOG][2018-06-07 22:51:59,095][INFO][is_hybird()] com.htc.launcher.permission.READ_SETTINGS
[INTERNAL_LOG][2018-06-07 22:51:59,095][INFO][is_hybird()] com.htc.launcher.permission.UPDATE_SHORTCUT
[INTERNAL_LOG][2018-06-07 22:51:59,095][INFO][is_hybird()] com.sonyericsson.home.permission.BROADCAST_BADGE
[INTERNAL_LOG][2018-06-07 22:51:59,096][INFO][is_hybird()] com.sonymobile.home.permission.PROVIDER_INSERT_BADGE
[INTERNAL_LOG][2018-06-07 22:51:59,096][INFO][is_hybird()] com.huawei.android.launcher.permission.CHANGE_BADGE
[INTERNAL_LOG][2018-06-07 22:51:59,096][INFO][is_hybird()] com.huawei.android.launcher.permission.READ_SETTINGS
[INTERNAL_LOG][2018-06-07 22:51:59,096][INFO][is_hybird()] com.huawei.android.launcher.permission.WRITE_SETTINGS
[INTERNAL_LOG][2018-06-07 22:51:59,096][INFO][is_hybird()] com.oppo.launcher.permission.READ_SETTINGS
[INTERNAL_LOG][2018-06-07 22:51:59,096][INFO][is_hybird()] com.oppo.launcher.permission.WRITE_SETTINGS
[INTERNAL_LOG][2018-06-07 22:51:59,096][INFO][is_hybird()] android.permission.DOWNLOAD_WITHOUT_NOTIFICATION
[INTERNAL_LOG][2018-06-07 22:51:59,096][INFO][is_hybird()] android.permission.REQUEST_INSTALL_PACKAGES
[INTERNAL_LOG][2018-06-07 22:51:59,096][INFO][is_hybird()] [Permission End]

[INTERNAL_LOG][2018-06-07 22:51:59,096][INFO][analyze_start()] TYPE APK: [ANDROID NATIVE]

[INTERNAL_LOG][2018-06-07 22:51:59,096][INFO][find_string()] [START FILE ANALYZE]
[INTERNAL_LOG][2018-06-07 22:51:59,096][INFO][find_string()] [END ANALYZE FILE]

[INTERNAL_LOG][2018-06-07 22:52:09,335][ERROR][find_url_in_apk()] Exception during find url in apk 'tmp76'
[INTERNAL_LOG][2018-06-07 22:52:09,577][INFO][find_url_in_apk()] [START ALL URL INSIDE APK]
[INTERNAL_LOG][2018-06-07 22:52:09,577][INFO][find_url_in_apk()] http://facebook.com
https://facebook.com/
https://connect.facebook.net/en_US/fbevents.js
https://www.facebook.com/tr?
https://www.facebook.com/tr/?
https://www.google-analytics.com/analytics.js
https://www.google-analytics.com/r/collect?
https://www.google-analytics.com/r/collect/?
http://m.facebook.com
http://www.example.com
http://127.0.0.1:
https://b-api.facebook.com/method/logging.clientevent
http://www.android.com/
https://graph.facebook.com
http://z-m.facebook.com/apperror

[INTERNAL_LOG][2018-06-07 22:52:09,577][INFO][find_url_in_apk()] [END ALL URL INSIDE APK]
[INTERNAL_LOG][2018-06-07 22:52:09,580][ERROR][check_method_conf()] Exception during check method used 'NoneType' object is not iterable
[INTERNAL_LOG][2018-06-07 22:52:09,650][ERROR][check_method_conf()] Exception during check method used 'NoneType' object is not iterable
[INTERNAL_LOG][2018-06-07 22:52:09,651][INFO][check_method_conf()] [JavaScript enabled: True]

[INTERNAL_LOG][2018-06-07 22:52:09,651][INFO][check_method_conf()] [Add interface WebView: True]

[INTERNAL_LOG][2018-06-07 22:52:09,651][INFO][analyze_start()] This app might be not vulnerable on  attack frame confusion.
[INTERNAL_LOG][2018-06-07 22:52:09,651][INFO][analyze_start()] End time:[Thu Jun  7 22:52:09 2018]
