[INTERNAL_LOG][2018-06-07 23:40:16,129][INFO][analyze_start()] Init Time [Thu Jun  7 23:40:16 2018]
[INTERNAL_LOG][2018-06-07 23:40:16,461][INFO][run()] Start Analysis
[INTERNAL_LOG][2018-06-07 23:40:16,465][INFO][is_hybird()] [Permission Enble Start]
[INTERNAL_LOG][2018-06-07 23:40:16,466][INFO][is_hybird()] android.permission.RECORD_AUDIO
[INTERNAL_LOG][2018-06-07 23:40:16,466][INFO][is_hybird()] android.permission.VIBRATE
[INTERNAL_LOG][2018-06-07 23:40:16,466][INFO][is_hybird()] android.permission.INTERNET
[INTERNAL_LOG][2018-06-07 23:40:16,466][INFO][is_hybird()] android.permission.ACCESS_NETWORK_STATE
[INTERNAL_LOG][2018-06-07 23:40:16,466][INFO][is_hybird()] android.permission.WRITE_EXTERNAL_STORAGE
[INTERNAL_LOG][2018-06-07 23:40:16,466][INFO][is_hybird()] android.permission.RECEIVE_BOOT_COMPLETED
[INTERNAL_LOG][2018-06-07 23:40:16,466][INFO][is_hybird()] android.permission.CHANGE_WIFI_STATE
[INTERNAL_LOG][2018-06-07 23:40:16,466][INFO][is_hybird()] android.permission.ACCESS_WIFI_STATE
[INTERNAL_LOG][2018-06-07 23:40:16,466][INFO][is_hybird()] android.permission.READ_PHONE_STATE
[INTERNAL_LOG][2018-06-07 23:40:16,466][INFO][is_hybird()] com.facebook.katana.provider.ACCESS
[INTERNAL_LOG][2018-06-07 23:40:16,466][INFO][is_hybird()] com.facebook.wakizashi.provider.ACCESS
[INTERNAL_LOG][2018-06-07 23:40:16,466][INFO][is_hybird()] com.facebook.permission.prod.FB_APP_COMMUNICATION
[INTERNAL_LOG][2018-06-07 23:40:16,466][INFO][is_hybird()] android.permission.GET_ACCOUNTS
[INTERNAL_LOG][2018-06-07 23:40:16,466][INFO][is_hybird()] android.permission.WAKE_LOCK
[INTERNAL_LOG][2018-06-07 23:40:16,466][INFO][is_hybird()] android.permission.CAMERA
[INTERNAL_LOG][2018-06-07 23:40:16,466][INFO][is_hybird()] com.android.launcher.permission.INSTALL_SHORTCUT
[INTERNAL_LOG][2018-06-07 23:40:16,466][INFO][is_hybird()] android.permission.ACCESS_FINE_LOCATION
[INTERNAL_LOG][2018-06-07 23:40:16,466][INFO][is_hybird()] android.permission.ACCESS_COARSE_LOCATION
[INTERNAL_LOG][2018-06-07 23:40:16,466][INFO][is_hybird()] android.permission.READ_EXTERNAL_STORAGE
[INTERNAL_LOG][2018-06-07 23:40:16,466][INFO][is_hybird()] android.permission.DOWNLOAD_WITHOUT_NOTIFICATION
[INTERNAL_LOG][2018-06-07 23:40:16,466][INFO][is_hybird()] android.permission.REQUEST_INSTALL_PACKAGES
[INTERNAL_LOG][2018-06-07 23:40:16,466][INFO][is_hybird()] com.google.android.gms.permission.ACTIVITY_RECOGNITION
[INTERNAL_LOG][2018-06-07 23:40:16,466][INFO][is_hybird()] com.facebook.pages.app.permission.CROSS_PROCESS_BROADCAST_MANAGER
[INTERNAL_LOG][2018-06-07 23:40:16,467][INFO][is_hybird()] android.permission.BATTERY_STATS
[INTERNAL_LOG][2018-06-07 23:40:16,467][INFO][is_hybird()] com.facebook.receiver.permission.ACCESS
[INTERNAL_LOG][2018-06-07 23:40:16,467][INFO][is_hybird()] android.permission.MODIFY_AUDIO_SETTINGS
[INTERNAL_LOG][2018-06-07 23:40:16,467][INFO][is_hybird()] com.sec.android.provider.badge.permission.READ
[INTERNAL_LOG][2018-06-07 23:40:16,467][INFO][is_hybird()] com.sec.android.provider.badge.permission.WRITE
[INTERNAL_LOG][2018-06-07 23:40:16,467][INFO][is_hybird()] com.htc.launcher.permission.READ_SETTINGS
[INTERNAL_LOG][2018-06-07 23:40:16,467][INFO][is_hybird()] com.htc.launcher.permission.UPDATE_SHORTCUT
[INTERNAL_LOG][2018-06-07 23:40:16,467][INFO][is_hybird()] com.sonyericsson.home.permission.BROADCAST_BADGE
[INTERNAL_LOG][2018-06-07 23:40:16,467][INFO][is_hybird()] com.facebook.pages.app.permission.RECEIVE_ADM_MESSAGE
[INTERNAL_LOG][2018-06-07 23:40:16,467][INFO][is_hybird()] com.amazon.device.messaging.permission.RECEIVE
[INTERNAL_LOG][2018-06-07 23:40:16,467][INFO][is_hybird()] com.google.android.c2dm.permission.RECEIVE
[INTERNAL_LOG][2018-06-07 23:40:16,467][INFO][is_hybird()] com.facebook.pages.app.permission.C2D_MESSAGE
[INTERNAL_LOG][2018-06-07 23:40:16,467][INFO][is_hybird()] com.nokia.pushnotifications.permission.RECEIVE
[INTERNAL_LOG][2018-06-07 23:40:16,467][INFO][is_hybird()] [Permission End]

[INTERNAL_LOG][2018-06-07 23:40:16,467][INFO][analyze_start()] TYPE APK: [ANDROID NATIVE]

[INTERNAL_LOG][2018-06-07 23:40:16,467][INFO][find_string()] [START FILE ANALYZE]
[INTERNAL_LOG][2018-06-07 23:40:16,468][INFO][find_string()] File: assets/warning_template.html
[INTERNAL_LOG][2018-06-07 23:40:16,469][INFO][find_string()] No iframe in assets/warning_template.html
[INTERNAL_LOG][2018-06-07 23:40:16,469][INFO][find_string()] [END ANALYZE FILE]

[INTERNAL_LOG][2018-06-07 23:54:03,370][ERROR][find_url_in_apk()] Exception during find url in apk 'tmp67'
[INTERNAL_LOG][2018-06-07 23:54:03,570][ERROR][find_url_in_apk()] Exception during find url in apk 'tmp21'
[INTERNAL_LOG][2018-06-07 23:54:03,867][ERROR][find_url_in_apk()] Exception during find url in apk 'tmp23'
[INTERNAL_LOG][2018-06-07 23:54:05,520][ERROR][find_url_in_apk()] Exception during find url in apk 'tmp65'
[INTERNAL_LOG][2018-06-07 23:54:06,025][INFO][find_url_in_apk()] [START URL LOADED INSIDE LOAD FUNCTION]
[INTERNAL_LOG][2018-06-07 23:54:06,025][INFO][find_url_in_apk()] https://www.google.com
https://www.facebook.com/help/713015355575644?ref=iab

[INTERNAL_LOG][2018-06-07 23:54:06,025][INFO][find_url_in_apk()] [END URL LOADED INSIDE LOAD FUNCTION]
[INTERNAL_LOG][2018-06-07 23:54:07,224][INFO][find_string()] [START REMOTE FILE ANALYZE]
[INTERNAL_LOG][2018-06-07 23:54:07,225][INFO][find_string()] Remote File in: temp_html_code/html_downloaded_Facebook Pages Manager by Facebook - com/www.google.com
[INTERNAL_LOG][2018-06-07 23:54:07,225][INFO][find_string()] URL: https://www.google.com
[INTERNAL_LOG][2018-06-07 23:54:07,225][ERROR][find_string()] Error unicode error 'utf-8' codec can't decode byte 0xe0 in position 8036: invalid continuation byte
[INTERNAL_LOG][2018-06-07 23:54:07,226][INFO][find_string()] Remote File in: temp_html_code/html_downloaded_Facebook Pages Manager by Facebook - com/713015355575644?ref=iab
[INTERNAL_LOG][2018-06-07 23:54:07,226][INFO][find_string()] URL: https://www.facebook.com/help/713015355575644?ref=iab
[INTERNAL_LOG][2018-06-07 23:54:07,260][INFO][find_string()] No iframe in temp_html_code/html_downloaded_Facebook Pages Manager by Facebook - com/713015355575644?ref=iab
[INTERNAL_LOG][2018-06-07 23:54:07,260][INFO][find_string()] [END ANALYZE FILE]

[INTERNAL_LOG][2018-06-07 23:54:07,260][INFO][find_url_in_apk()] [START ALL URL INSIDE APK]
[INTERNAL_LOG][2018-06-07 23:54:07,260][INFO][find_url_in_apk()] http://java.sun.com/dtd/properties.dtd
https://developers.facebook.com
https://m.facebook.com/mobile_builds
https://market.android.com/details?id=com.facebook.pages.app
https://www.facebook.com/mobile/paa_android_crash_logs/
https://b-api.facebook.com/method/logging.clientevent
http://www.android.com/
https://m.facebook.com/pay/payments/terms_and_policies?payment_type=%s
https://www.facebook.com/help/messenger-app/1084673321594605
https://m.facebook.com/help/messenger-app/750020781733477
https://m.facebook.com/help/messenger-app/750020781733477
https://m.facebook.com/help/messenger-app/750020781733477
https://m.facebook.com/help/messenger-app/750020781733477
https://m.facebook.com/help/messenger-app/750020781733477
https://m.facebook.com/help/messenger-app/750020781733477
https://m.facebook.com/help/messenger-app/750020781733477
https://m.facebook.com/help/messenger-app/750020781733477
https://m.facebook.com/help/contact/614010102040957
https://m.facebook.com/help/contact/614010102040957
https://m.facebook.com/help/contact/614010102040957
https://m.facebook.com/help/contact/223254857690713
https://m.facebook.com/help/contact/223254857690713
https://m.facebook.com/legal/m
https://m.facebook.com/help/messenger-app/870471599656315
https://m.facebook.com/help/messenger-app/1463256903894928
https://m.facebook.com/help/messenger-app/1463256903894928
https://m.facebook.com/help/contact/370238886476028
https://m.facebook.com/help/contact/370238886476028
https://m.facebook.com/help/contact/370238886476028
https://m.facebook.com/help/messenger-app/1564459413784472
https://m.facebook.com/help/messenger-app/1564459413784472
https://m.facebook.com/help/messenger-app/818512131561533
https://m.facebook.com/help/messenger-app/818512131561533
https://m.facebook.com/help/android-app/376510072539297
https://m.facebook.com/help/android-app/919479321397007
http://m.me/1893610767591581
https://m.facebook.com/payments_terms
https://m.facebook.com/payments_terms
https://m.facebook.com/payments_terms
https://m.facebook.com/payments_terms
https://m.facebook.com/payments_terms
https://m.facebook.com/payments_terms
https://m.facebook.com/payments_terms
https://m.facebook.com/payments_terms
https://m.facebook.com/help/messenger-app/369959656515129
https://m.facebook.com/help/messenger-app/369959656515129
https://m.facebook.com/help/messenger-app/369959656515129
http://m.me/1893610767591581?ref=
https://m.facebook.com/help/contact/828169843971429
https://facebook.com/settings?tab=payments&id=%s
https://facebook.com/settings?tab=payments&id=%s
https://m.facebook.com/p2p/verify/?id=%s&source=orca_android&ts=%d&seed=%s
https://m.facebook.com/help/messenger-app/android/1528535330720775
https://m.facebook.com/help/messenger-app/728431013914433
https://m.facebook.com/help/messenger-app/728431013914433
https://web.facebook.com/images/zero/zero_pixel.gif
https://web.facebook.com/images/zero/zero_pixel.gif
https://broken.facebook.com
https://www.facebook.com/audience_network/server_side_reward
https://www.%s.facebook.com/audience_network/server_side_reward
https://www.facebook.com/adnw_logging/
https://www.%s.facebook.com/adnw_logging/
http://play.google.com/store/apps/
https://www.facebook.com/
https://www.facebook.com/
https://www.facebook.com/
https://www.facebook.com/
https://www.%s.facebook.com
https://graph.facebook.com/network_ads_common
https://graph.%s.facebook.com/network_ads_common
http://www.facebook.com
http://www.facebook.com
https://www.facebook.com/help/314046672118572
https://www.facebook.com/help/314046672118572
https://www.facebook.com/help/work/240852079753311
https://m.facebook.com/trust/afro/?reportable_ent_token=%s&initial_action=%s&story_location=%s
https://m.facebook.com/trust/afro/?reportable_ent_token=%s&initial_action=%s&story_location=%s
https://www.facebook.com/music/spotify/auth/
https://m.facebook.com/neo/fallback
https://m.facebook.com/profile.php?id=%s&v=info
https://reddit.com
https://phabricator.intern.facebook.com/
https://our.intern.facebook.com/intern/tasks/?t=
https://our.intern.facebook.com/intern/sevmanager/view/s/
https://www.facebook.com/help/189165674568397
https://shortwave.facebook.com/
https://shortwave.facebook.com/v2/vp/text
https://fb.com/messenger_doc
https://api.whatsapp.com/send?phone=
https://m.facebook.com/ads/manage/accounts/?select
https://m.facebook.com/ads/manage/accounts/?select
https://m.facebook.com/ads/manage/accounts/?select
https://m.facebook.com/business/help/858506750851994
https://www.facebook.com/business/help/1838453822893854
https://m.facebook.com/ads/manage/billing?account_id=
https://m.facebook.com/ads/manage/billing?account_id=
https://m.facebook.com/legal/terms_conditions
https://www.facebook.com/business/resources/
https://www.facebook.com/business/resources/
https://www.facebook.com/business/help/1665333080167380
https://m.facebook.com/ads/create/choose_page_post/?page_id=%s
https://m.facebook.com/business/help/190490051321426
https://m.facebook.com/payer_protection
https://m.facebook.com/payer_protection
https://m.facebook.com/payer_protection
https://m.facebook.com/payer_protection
https://m.facebook.com/payer_protection
https://www.facebook.com/help/314419145702905
https://graph.facebook.com/%s/picture?width=%d&height=%d
https://m.facebook.com/page_guidelines.php
https://m.facebook.com/business/help/1575107409431290
https://static.xx.fbcdn.net/rsrc.php/v1/y2/r/pQ_103u9HMH.jpg
https://www.instagram.com/oauth/authorize
https://www.instagram.com/oauth/authorize
https://m.facebook.com/business/help/223106797811279
https://m.facebook.com/business/help/223106797811279
https://fb.com/messenger_doc/
https://lookaside.facebook.com/assets/575984699414891/
https://lookaside.facebook.com/assets/156492801677153/
https://lookaside.facebook.com/assets/143300843146153/
https://www.google.com
https://www.facebook.com/help/contact/131110374124795
https://www.facebook.com/help/contact/131110374124795
https://m.facebook.com/
https://m.facebook.com/
https://m.facebook.com/messages/?pageID=%s
https://m.facebook.com/messages/?pageID=%s
https://m.facebook.com/messages/?pageID=%s
https://m.facebook.com/messages/?pageID=%s
https://m.facebook.com/messages/?pageID=%s
https://m.facebook.com/help/android-app/120939471321735
https://m.facebook.com/help/android-app/120939471321735
http://facebook.com
http://facebook.com
http://www1.cleanwaterpriority.org/w_mf_in_801?,https://0.freebasics.com/,http://our.intern.facebook.com/intern/px,https://pxl.cl,https://fburl.com,https://fb.quip.com,https://phabricator.fb.com,https://phabricator.intern.facebook.com,https://our.intern.facebook.com/intern,https://intern.facebook.com/intern,https://www.facebook.com/careers,https://bigzipfiles.facebook.com
https://work.facebook.com/company_creation/invite/,https://work.alpha.facebook.com/company_creation/invite/
https://www.facebook.com/help/713015355575644?ref=fb4a_iab
https://www.facebook.com/help/713015355575644?ref=fb4a_iab
https://developers.google.com/safe-browsing/v4/advisory
https://developers.google.com/safe-browsing/v4/advisory
https://m.facebook.com/terms.php
https://m.facebook.com/terms.php
https://m.facebook.com/download_bonfire
https://173.252.112.83:443/favicon.ico?_iptest_timeout=15000&_iptest_expected_rc=200
http://local-cdn.talolabs.net/store/%s
https://m.mybonfire.com/download_bonfire
https://lithium.facebook.com/lithium/stream
https://www.facebook.com/marketplace_rating/popover/
https://m.me/115016608835194
https://facebook.com/maps/styles/fb
https://m.facebook.com/pages_manager/help
https://m.facebook.com/help/contact/131110374124795
http://h.%s
https://graph.facebook.com/%d/picture?type=large
http://m.facebook.com/profile.php
https://m.facebook.com/browse/followers/?id=%s&recentFirst=1
https://m.facebook.com/browse/followers/?id=%s&recentFirst=1
http://m.facebook.com/profile.php?v=photos&id=%s
http://m.facebook.com/profile.php?v=events&id=%s
https://instagram.com/_u/
http://localhost:8000
http://localhost:8000
http://localhost:8000
https://www.instagram.com/oauth/authorize?client_id=%1s&redirect_uri=%2s&response_type=code
https://th.kerryexpress.com/th/track/?track=
https://th.kerryexpress.com/th/our-services/terms.php
https://th.kerryexpress.com/th/our-services/terms.php
https://www.facebook.com/terms.php
http://pages/refresh?page_id={#%s}
http://pages/refresh
https://m.%s
https://play.google.com/store/apps/details?id=com.facebook.pages.app
https://m.facebook.com/pages/insights/chart/?page_id=%s&chart=weeklylike
https://m.facebook.com/pages/insights/chart/?page_id=%s&chart=weeklypostreach
http://m.facebook.com/browse/fans/?recentFirst=1&id=%s
https://m.facebook.com/zero/dogfooding
https://m.facebook.com/work/terms/nav
https://m.facebook.com/onthisday/preferences/?source=permalink
https://m.facebook.com/onthisday/notification/settings/?source=permalink
https://m.facebook.com/order_tracking
https://m.facebook.com/jobs?source=%s
https://b-api.facebook.com
https://b-graph.facebook.com
https://b-graph.secure.facebook.com
https://lookaside.facebook.com/redrawable/
https://lookaside.facebook.com/redrawable/
https://pagead2.googlesyndication.com/pagead/gen_204?id=gmob-apps
https://www.googleapis.com/auth/games
http://m.facebook.com
http://m.facebook.com
http://m.facebook.com
http://m.facebook.com
http://m.facebook.com
https://m.facebook.com/r.php
https://m.facebook.com/recover/initiate
https://fburl.com/callsitedefault
https://www.facebook.com/help/174623239336651
https://m.facebook.com/help/contact/.*
https://m.facebook.com/groups/create/.*
https://m.facebook.com/.*/about.*
https://m.facebook.com/timeline/app_section/.*
https://www.facebook.com/android_font/roboto/1.0/Roboto-Medium.ttf
https://www.facebook.com/maps/provider_by_viewport?
http://schemas.android.com/apk/facebook
http://schemas.android.com/apk/facebook
http://schemas.android.com/apk/facebook
http://schemas.android.com/apk/facebook
https://www.facebook.com/maps/report/?
https://www.facebook.com/images/here_maps/here_maps_logo_64px.png
https://www.facebook.com/images/here_maps/here_maps_logo_32px.png
https://graph.facebook.com/v2.2/maps_configs?fields=base_url,static_base_url,osm_config,url_override_config&pretty=0&access_token=
https://www.facebook.com/maps/tile/?
https://www.facebook.com/maps/static/?
https://maps.instagram.com/maps/tile/?
https://maps.instagram.com/maps/static/?
https://expresswifi.com/maps/tile/?
https://expresswifi.com/maps/static/?
https://mts1.google.com/vt/lyrs=m&src=app&s=G&scale=
https://dev503.prn2.facebook.com:8085/?width=
http://1.base.maps.cit.api.here.com/maptile/2.1/maptile/newest/normal.day/
http://api.tiles.mapbox.com/v4/kunalb.ipim2pep/
https://facebook.com/
https://facebook.com/
https://facebook.com/
https://connect.facebook.net/en_US/fbevents.js
https://www.facebook.com/tr?
https://www.facebook.com/tr/?
https://www.google-analytics.com/analytics.js
https://www.google-analytics.com/r/collect?
https://www.google-analytics.com/r/collect/?
https://www.facebook.com/help/713015355575644?ref=iab
https://our.intern.facebook.com/intern/iab/bh/warning/
https://our.intern.facebook.com/intern/iab/bh/warning/
http://testsafebrowsing.appspot.com/s/malware.html
https://our.intern.facebook.com/intern/iab/sb/warning/
https://our.intern.facebook.com/intern/feedtools/feed_debugger?uid=
https://our.intern.facebook.com/intern/feedtools/feed_debugger?uid=
https://www.facebook.com
http://m.facebook.com/about/privacy
https://m.facebook.com/groups/
https://m.facebook.com/groups/
http://www.facebook.com/
http://www.facebook.com/
http://m.facebook.com/
http://facebook.com/
https://lookaside.facebook.com/assets/
http://maps.google.com/maps
http://maps.google.com/maps
http://maps.google.com/maps
https://graph.instagram.com/maps_configs?fields=base_url,static_base_url,osm_config,url_override_config&pretty=0&access_token=
https://graph.whatsapp.net/v2.2/maps_configs?fields=base_url,static_base_url,osm_config,url_override_config&pretty=0&access_token=
https://www.facebook.com/maps/attribution_terms/
https://www.facebook.com/maps/attribution_terms/
https://www.mapbox.com/feedback/
https://our.intern.facebook.com/intern/rtc/app_funnel_log
https://graph.facebook.com/%s/picture?type=large
http://portal.fb.com/mobile/status.php
https://www.facebook.com/help/messenger-app/677222715664928/
http://portal.fb.com/mobile/redirect/
https://www.facebook.com/help/1710719789144492
https://www.facebook.com/help/messenger-app/1573402819647115/
https://m.facebook.com/about/privacy/
https://android.googleapis.com/gcm/send
https://api.amazon.com/messaging/registrations/
https://nnapi.ovi.com/nnapi/2.0/send
https://www.facebook.com/mobileassets/facedetection
https://fb.me
http://www.w3.org/ns/ttml#parameter
https://facebook.com/%s
https://www.instagram.com/_u/
https://m.facebook.com/friends/center/requests/outgoing
https://m.facebook.com/help/mobile-touch/569567333138410
https://www.facebook.com/help/
https://m.facebook.com/settings/language/
https://www.facebook.com/safe_image.php?
https://m.facebook.com/help/messenger-app/122070095126335
https://www.facebook.com/mobile/messenger/contacts
https://www.facebook.com/help/105399436216001
https://www.facebook.com/about/privacy
https://www.facebook.com/about/privacy
http://dummy/?
https://fb.facebook.com/groups/287015278491143/
https://m.facebook.com/saved
https://s.update.fbsbx.com/bridge.html
http://schemas.android.com/apk/res/android
https://lookaside.facebook.com/assets/594749244192102/
https://lookaside.facebook.com/assets/182997669004576/
https://lookaside.facebook.com/assets/193766881351414/
https://www.facebook.com/help/2005659743007727
https://api.giphy.com/v1/gifs/trending?api_key=l0O9zr9jUWjC42kPC
https://api.giphy.com/v1/gifs/search?q=
https://m.facebook.com/help/work/1002976109753304
https://m.facebook.com/help/286027304749263
http://www.example.com
http://www.example.com
https://www.facebook.com/android_font/transliteration/1.0/
https://api.giphy.com/
https://lookaside.facebook.com/assets/491507904545198/
https://lookaside.facebook.com/assets/491507904545198/
https://our.intern.facebook.com/intern/feedtools/serialized_to_entstory.php?zombie_story=
https://m.facebook.com/commerce/contact-merchant/dialog?product_item_id=%s&rid=%s&rt=%s
https://www.facebook.com/legal/stars_terms
https://m.facebook.com/gem/payments?page_id=
https://scontent.xx.fbcdn.net/v/t39.12897-6/23065604_1889016161138497_8764386353858215936_n.m4a/Tap-02.m4a?_nc_cat=0&_nc_log=1&oh=960ceeadd848842da19b8019197673f1&oe=5B682898&dl=1
https://www.facebook.com/help/462476073850410/
https://www.facebook.com/policies/commerce
https://www.facebook.com/policies/commerce
https://m.facebook.com/help/contact/953354718105045
https://api.whatsapp.com/send
https://m.facebook.com/spotify_callback
https://m.facebook.com/spotify_callback
https://accounts.spotify.com/authorize
https://m.facebook.com/events/EVENT_ID
https://m.facebook.com/help/work/743081445795154?helpref=uf_permalink
https://m.facebook.com/help/901690736606156
https://play.google.com/store/apps
https://www.facebook.com/images/social_good/donations_thankyou-hero.png
https://www.facebook.com/images/social_good/donations_thankyou-hero.png
https://www.facebook.com/help/android-app/756130824560105
http://www.gstatic.com/android/sms/mms_ua_profile.xml
https://facebook.com/android/messenger/upgrade/?user_agent=
https://facebook.com/android/messenger/upgrade/?user_agent=
https://facebook.com/help/messenger-app/218228001910904
https://m.facebook.com/privacy/touch/block/confirm?bid=%s&source=messenger_faceweb
https://m.facebook.com/privacy/touch/block/
https://m.facebook.com
https://m.facebook.com

[INTERNAL_LOG][2018-06-07 23:54:07,261][INFO][find_url_in_apk()] [END ALL URL INSIDE APK]
[INTERNAL_LOG][2018-06-07 23:54:07,267][INFO][check_method_conf()] [JavaScript enabled: True]

[INTERNAL_LOG][2018-06-07 23:54:07,267][INFO][check_method_conf()] [Add interface WebView: True]

[INTERNAL_LOG][2018-06-07 23:54:07,268][INFO][analyze_start()] This app might be not vulnerable on  attack frame confusion.
[INTERNAL_LOG][2018-06-07 23:54:07,268][INFO][analyze_start()] End time:[Thu Jun  7 23:54:07 2018]
