[INTERNAL_LOG][2018-06-08 00:17:35,027][INFO][analyze_start()] Init Time [Fri Jun  8 00:17:35 2018]
[INTERNAL_LOG][2018-06-08 00:17:35,339][INFO][run()] Start Analysis
[INTERNAL_LOG][2018-06-08 00:17:35,349][INFO][is_hybird()] [Permission Enble Start]
[INTERNAL_LOG][2018-06-08 00:17:35,349][INFO][is_hybird()] android.permission.ACCESS_COARSE_LOCATION
[INTERNAL_LOG][2018-06-08 00:17:35,349][INFO][is_hybird()] android.permission.WAKE_LOCK
[INTERNAL_LOG][2018-06-08 00:17:35,349][INFO][is_hybird()] android.permission.VIBRATE
[INTERNAL_LOG][2018-06-08 00:17:35,349][INFO][is_hybird()] android.permission.READ_CONTACTS
[INTERNAL_LOG][2018-06-08 00:17:35,349][INFO][is_hybird()] android.permission.WRITE_CONTACTS
[INTERNAL_LOG][2018-06-08 00:17:35,349][INFO][is_hybird()] android.permission.GET_ACCOUNTS
[INTERNAL_LOG][2018-06-08 00:17:35,349][INFO][is_hybird()] android.permission.MANAGE_ACCOUNTS
[INTERNAL_LOG][2018-06-08 00:17:35,349][INFO][is_hybird()] android.permission.AUTHENTICATE_ACCOUNTS
[INTERNAL_LOG][2018-06-08 00:17:35,349][INFO][is_hybird()] android.permission.READ_SYNC_SETTINGS
[INTERNAL_LOG][2018-06-08 00:17:35,350][INFO][is_hybird()] android.permission.WRITE_SYNC_SETTINGS
[INTERNAL_LOG][2018-06-08 00:17:35,350][INFO][is_hybird()] android.permission.ACCESS_FINE_LOCATION
[INTERNAL_LOG][2018-06-08 00:17:35,350][INFO][is_hybird()] android.permission.BROADCAST_STICKY
[INTERNAL_LOG][2018-06-08 00:17:35,350][INFO][is_hybird()] com.facebook.katana.provider.ACCESS
[INTERNAL_LOG][2018-06-08 00:17:35,350][INFO][is_hybird()] com.facebook.orca.provider.ACCESS
[INTERNAL_LOG][2018-06-08 00:17:35,350][INFO][is_hybird()] com.facebook.mlite.provider.ACCESS
[INTERNAL_LOG][2018-06-08 00:17:35,350][INFO][is_hybird()] com.facebook.pages.app.provider.ACCESS
[INTERNAL_LOG][2018-06-08 00:17:35,350][INFO][is_hybird()] android.permission.DOWNLOAD_WITHOUT_NOTIFICATION
[INTERNAL_LOG][2018-06-08 00:17:35,350][INFO][is_hybird()] android.permission.CAMERA
[INTERNAL_LOG][2018-06-08 00:17:35,350][INFO][is_hybird()] android.permission.RECORD_AUDIO
[INTERNAL_LOG][2018-06-08 00:17:35,350][INFO][is_hybird()] com.google.android.gms.permission.ACTIVITY_RECOGNITION
[INTERNAL_LOG][2018-06-08 00:17:35,350][INFO][is_hybird()] android.permission.WRITE_EXTERNAL_STORAGE
[INTERNAL_LOG][2018-06-08 00:17:35,350][INFO][is_hybird()] com.facebook.permission.prod.FB_APP_COMMUNICATION
[INTERNAL_LOG][2018-06-08 00:17:35,350][INFO][is_hybird()] android.permission.READ_PHONE_STATE
[INTERNAL_LOG][2018-06-08 00:17:35,350][INFO][is_hybird()] android.permission.READ_CALENDAR
[INTERNAL_LOG][2018-06-08 00:17:35,350][INFO][is_hybird()] android.permission.WRITE_CALENDAR
[INTERNAL_LOG][2018-06-08 00:17:35,351][INFO][is_hybird()] android.permission.MODIFY_AUDIO_SETTINGS
[INTERNAL_LOG][2018-06-08 00:17:35,351][INFO][is_hybird()] android.permission.READ_PROFILE
[INTERNAL_LOG][2018-06-08 00:17:35,351][INFO][is_hybird()] android.permission.READ_SMS
[INTERNAL_LOG][2018-06-08 00:17:35,351][INFO][is_hybird()] android.permission.CHANGE_NETWORK_STATE
[INTERNAL_LOG][2018-06-08 00:17:35,351][INFO][is_hybird()] android.permission.CHANGE_WIFI_STATE
[INTERNAL_LOG][2018-06-08 00:17:35,351][INFO][is_hybird()] android.permission.SYSTEM_ALERT_WINDOW
[INTERNAL_LOG][2018-06-08 00:17:35,351][INFO][is_hybird()] com.google.android.providers.gsf.permission.READ_GSERVICES
[INTERNAL_LOG][2018-06-08 00:17:35,351][INFO][is_hybird()] android.permission.RECEIVE_BOOT_COMPLETED
[INTERNAL_LOG][2018-06-08 00:17:35,351][INFO][is_hybird()] android.permission.GET_TASKS
[INTERNAL_LOG][2018-06-08 00:17:35,351][INFO][is_hybird()] android.permission.READ_EXTERNAL_STORAGE
[INTERNAL_LOG][2018-06-08 00:17:35,351][INFO][is_hybird()] android.permission.ACCESS_NETWORK_STATE
[INTERNAL_LOG][2018-06-08 00:17:35,351][INFO][is_hybird()] android.permission.REQUEST_INSTALL_PACKAGES
[INTERNAL_LOG][2018-06-08 00:17:35,351][INFO][is_hybird()] com.facebook.katana.permission.CROSS_PROCESS_BROADCAST_MANAGER
[INTERNAL_LOG][2018-06-08 00:17:35,351][INFO][is_hybird()] android.permission.BATTERY_STATS
[INTERNAL_LOG][2018-06-08 00:17:35,352][INFO][is_hybird()] android.permission.ACCESS_WIFI_STATE
[INTERNAL_LOG][2018-06-08 00:17:35,352][INFO][is_hybird()] android.permission.INTERNET
[INTERNAL_LOG][2018-06-08 00:17:35,352][INFO][is_hybird()] com.android.launcher.permission.INSTALL_SHORTCUT
[INTERNAL_LOG][2018-06-08 00:17:35,352][INFO][is_hybird()] com.facebook.receiver.permission.ACCESS
[INTERNAL_LOG][2018-06-08 00:17:35,352][INFO][is_hybird()] com.sec.android.provider.badge.permission.READ
[INTERNAL_LOG][2018-06-08 00:17:35,352][INFO][is_hybird()] com.sec.android.provider.badge.permission.WRITE
[INTERNAL_LOG][2018-06-08 00:17:35,352][INFO][is_hybird()] com.htc.launcher.permission.READ_SETTINGS
[INTERNAL_LOG][2018-06-08 00:17:35,352][INFO][is_hybird()] com.htc.launcher.permission.UPDATE_SHORTCUT
[INTERNAL_LOG][2018-06-08 00:17:35,352][INFO][is_hybird()] com.sonyericsson.home.permission.BROADCAST_BADGE
[INTERNAL_LOG][2018-06-08 00:17:35,352][INFO][is_hybird()] com.facebook.katana.permission.RECEIVE_ADM_MESSAGE
[INTERNAL_LOG][2018-06-08 00:17:35,352][INFO][is_hybird()] com.amazon.device.messaging.permission.RECEIVE
[INTERNAL_LOG][2018-06-08 00:17:35,352][INFO][is_hybird()] com.google.android.c2dm.permission.RECEIVE
[INTERNAL_LOG][2018-06-08 00:17:35,352][INFO][is_hybird()] com.facebook.katana.permission.C2D_MESSAGE
[INTERNAL_LOG][2018-06-08 00:17:35,352][INFO][is_hybird()] com.nokia.pushnotifications.permission.RECEIVE
[INTERNAL_LOG][2018-06-08 00:17:35,352][INFO][is_hybird()] [Permission End]

[INTERNAL_LOG][2018-06-08 00:17:35,352][INFO][analyze_start()] TYPE APK: [ANDROID NATIVE]

[INTERNAL_LOG][2018-06-08 00:17:35,353][INFO][find_string()] [START FILE ANALYZE]
[INTERNAL_LOG][2018-06-08 00:17:35,353][INFO][find_string()] File: assets/warning_template.html
[INTERNAL_LOG][2018-06-08 00:17:35,354][INFO][find_string()] No iframe in assets/warning_template.html
[INTERNAL_LOG][2018-06-08 00:17:35,354][INFO][find_string()] [END ANALYZE FILE]

[INTERNAL_LOG][2018-06-08 00:17:44,644][INFO][find_url_in_apk()] [START ALL URL INSIDE APK]
[INTERNAL_LOG][2018-06-08 00:17:44,644][INFO][find_url_in_apk()] https://b-www.facebook.com/mobile/android_crash_logs/
https://market.android.com/details?id=com.facebook.katana
http://www.android.com/
http://java.sun.com/dtd/properties.dtd
https://b-api.facebook.com/method/logging.clientevent
https://www.facebook.com/mobile/generic_android_crash_logs/

[INTERNAL_LOG][2018-06-08 00:17:44,644][INFO][find_url_in_apk()] [END ALL URL INSIDE APK]
[INTERNAL_LOG][2018-06-08 00:17:44,644][INFO][check_method_conf()] [JavaScript enabled: False]

[INTERNAL_LOG][2018-06-08 00:17:44,644][INFO][check_method_conf()] [Add interface WebView: False]

[INTERNAL_LOG][2018-06-08 00:17:44,644][INFO][analyze_start()] This app might be not vulnerable on  attack frame confusion.
[INTERNAL_LOG][2018-06-08 00:17:44,644][INFO][analyze_start()] End time:[Fri Jun  8 00:17:44 2018]
