[INTERNAL_LOG][2018-06-08 02:12:33,271][INFO][analyze_start()] Init Time [Fri Jun  8 02:12:33 2018]
[INTERNAL_LOG][2018-06-08 02:12:33,455][INFO][run()] Start Analysis
[INTERNAL_LOG][2018-06-08 02:12:33,460][INFO][is_hybird()] [Permission Enble Start]
[INTERNAL_LOG][2018-06-08 02:12:33,460][INFO][is_hybird()] android.permission.ACCESS_NETWORK_STATE
[INTERNAL_LOG][2018-06-08 02:12:33,460][INFO][is_hybird()] android.permission.ACCESS_WIFI_STATE
[INTERNAL_LOG][2018-06-08 02:12:33,460][INFO][is_hybird()] android.permission.INTERNET
[INTERNAL_LOG][2018-06-08 02:12:33,460][INFO][is_hybird()] android.permission.RECEIVE_BOOT_COMPLETED
[INTERNAL_LOG][2018-06-08 02:12:33,460][INFO][is_hybird()] com.android.vending.BILLING
[INTERNAL_LOG][2018-06-08 02:12:33,460][INFO][is_hybird()] android.permission.WRITE_SETTINGS
[INTERNAL_LOG][2018-06-08 02:12:33,460][INFO][is_hybird()] android.permission.VIBRATE
[INTERNAL_LOG][2018-06-08 02:12:33,460][INFO][is_hybird()] android.permission.WAKE_LOCK
[INTERNAL_LOG][2018-06-08 02:12:33,461][INFO][is_hybird()] com.google.android.c2dm.permission.RECEIVE
[INTERNAL_LOG][2018-06-08 02:12:33,461][INFO][is_hybird()] com.zynga.FarmVille2CountryEscape.permission.C2D_MESSAGE
[INTERNAL_LOG][2018-06-08 02:12:33,461][INFO][is_hybird()] com.sec.android.provider.badge.permission.READ
[INTERNAL_LOG][2018-06-08 02:12:33,461][INFO][is_hybird()] com.sec.android.provider.badge.permission.WRITE
[INTERNAL_LOG][2018-06-08 02:12:33,461][INFO][is_hybird()] com.htc.launcher.permission.READ_SETTINGS
[INTERNAL_LOG][2018-06-08 02:12:33,461][INFO][is_hybird()] com.htc.launcher.permission.UPDATE_SHORTCUT
[INTERNAL_LOG][2018-06-08 02:12:33,461][INFO][is_hybird()] com.sonyericsson.home.permission.BROADCAST_BADGE
[INTERNAL_LOG][2018-06-08 02:12:33,461][INFO][is_hybird()] com.zynga.FarmVille2CountryEscape.permission.RECEIVE_ADM_MESSAGE
[INTERNAL_LOG][2018-06-08 02:12:33,461][INFO][is_hybird()] com.amazon.device.messaging.permission.RECEIVE
[INTERNAL_LOG][2018-06-08 02:12:33,461][INFO][is_hybird()] [Permission End]

[INTERNAL_LOG][2018-06-08 02:12:33,461][INFO][analyze_start()] TYPE APK: [ANDROID NATIVE]

[INTERNAL_LOG][2018-06-08 02:12:33,461][INFO][find_string()] [START FILE ANALYZE]
[INTERNAL_LOG][2018-06-08 02:12:33,461][INFO][find_string()] [END ANALYZE FILE]

[INTERNAL_LOG][2018-06-08 02:13:01,861][INFO][find_url_in_apk()] [START ALL URL INSIDE APK]
[INTERNAL_LOG][2018-06-08 02:13:01,861][INFO][find_url_in_apk()] http://schemas.android.com/apk/res/android
https://app.adjust.com
https://app.adjust.com
https://ssrv.adjust.com/verify
http://www.amazon.com/gp/mas/get-appstore/android/ref=mas_mx_mba_iap_dl
https://apm.
https://api.
https://txn.ingest.
https://appload.ingest.
https://graph.%s
https://graph-video.%s
https://facebook.com
http://play.google.com/store/apps/details?id=com.facebook.orca
https://accounts.google.com
https://accounts.google.com
https://www.facebook.com
https://www.facebook.com
https://www.googleapis.com/auth/plus.me
https://www.googleapis.com/auth/games
https://www.googleapis.com/auth/games
https://www.googleapis.com/auth/games
https://www.googleapis.com/auth/games
http://plus.google.com/
https://www.googleapis.com/auth/games.firstparty
https://www.googleapis.com/auth/games.firstparty
https://googleads.g.doubleclick.net/mads/static/mad/sdk/native/sdk-core-v40.html
https://googleads.g.doubleclick.net/mads/static/mad/sdk/native/mraid/v2/mraid_app_banner.js
https://googleads.g.doubleclick.net/mads/static/mad/sdk/native/mraid/v2/mraid_app_expanded_banner.js
https://googleads.g.doubleclick.net/mads/static/mad/sdk/native/mraid/v2/mraid_app_interstitial.js
https://csi.gstatic.com/csi
http://www.google.com
https://app-measurement.com/a
https://www.googleapis.com/auth/plus.login
https://www.googleapis.com/auth/appstate
https://androidads23.adcolony.com/configure
https://config.unityads.unity3d.com/webview/
https://api.zynga.com
https://api.twitter.com/oauth/request_token
https://api.twitter.com/oauth/request_token
https://api.twitter.com/oauth/access_token
https://api.twitter.com/oauth/access_token
https://api.twitter.com/oauth/authorize
https://api.twitter.com/oauth/authorize
http://twitter4j.org/en/twitter4j-
https://api.twitter.com/oauth/authenticate
https://api.twitter.com/oauth2/token
https://api.twitter.com/oauth2/invalidate_token
https://api.twitter.com/1.1/
https://stream.twitter.com/1.1/
https://userstream.twitter.com/1.1/
https://sitestream.twitter.com/1.1/

[INTERNAL_LOG][2018-06-08 02:13:01,861][INFO][find_url_in_apk()] [END ALL URL INSIDE APK]
[INTERNAL_LOG][2018-06-08 02:13:01,868][INFO][check_method_conf()] [JavaScript enabled: True]

[INTERNAL_LOG][2018-06-08 02:13:01,868][INFO][check_method_conf()] [Add interface WebView: True]

[INTERNAL_LOG][2018-06-08 02:13:01,868][INFO][analyze_start()] This app might be not vulnerable on  attack frame confusion.
[INTERNAL_LOG][2018-06-08 02:13:01,868][INFO][analyze_start()] End time:[Fri Jun  8 02:13:01 2018]
