[INTERNAL_LOG][2018-06-07 22:06:55,000][INFO][analyze_start()] Init Time [Thu Jun  7 22:06:54 2018]
[INTERNAL_LOG][2018-06-07 22:06:55,033][INFO][run()] Start Analysis
[INTERNAL_LOG][2018-06-07 22:06:55,034][INFO][is_hybird()] [Permission Enble Start]
[INTERNAL_LOG][2018-06-07 22:06:55,034][INFO][is_hybird()] android.permission.INTERNET
[INTERNAL_LOG][2018-06-07 22:06:55,034][INFO][is_hybird()] android.permission.WRITE_EXTERNAL_STORAGE
[INTERNAL_LOG][2018-06-07 22:06:55,034][INFO][is_hybird()] android.permission.ACCESS_NETWORK_STATE
[INTERNAL_LOG][2018-06-07 22:06:55,034][INFO][is_hybird()] com.android.vending.BILLING
[INTERNAL_LOG][2018-06-07 22:06:55,034][INFO][is_hybird()] android.permission.WAKE_LOCK
[INTERNAL_LOG][2018-06-07 22:06:55,034][INFO][is_hybird()] [Permission End]

[INTERNAL_LOG][2018-06-07 22:06:55,035][INFO][analyze_start()] TYPE APK: [ANDROID NATIVE]

[INTERNAL_LOG][2018-06-07 22:06:55,035][INFO][find_string()] [START FILE ANALYZE]
[INTERNAL_LOG][2018-06-07 22:06:55,035][INFO][find_string()] File: js/closebutton.html
[INTERNAL_LOG][2018-06-07 22:06:55,035][INFO][find_string()] No iframe in js/closebutton.html
[INTERNAL_LOG][2018-06-07 22:06:55,035][INFO][find_string()] [END ANALYZE FILE]

[INTERNAL_LOG][2018-06-07 22:07:00,330][INFO][find_url_in_apk()] [START URL LOADED INSIDE LOAD FUNCTION]
[INTERNAL_LOG][2018-06-07 22:07:00,330][INFO][find_url_in_apk()] http://play.google.com/store/apps/
http://play.google.com/store/apps/
http://featured.perfectionholic.com:8080/moregames/index_app.html
http://featured.perfectionholic.com:8080/moregames/index_app.html
http://featured.perfectionholic.com:8080/moregames/index.html
http://featured.perfectionholic.com:8080/moregames/index.html

[INTERNAL_LOG][2018-06-07 22:07:00,336][INFO][find_url_in_apk()] [END URL LOADED INSIDE LOAD FUNCTION]
[INTERNAL_LOG][2018-06-07 22:07:01,057][ERROR][download_page_loaded()] Failed download: http://play.google.com/store/apps/ for exception [Errno 21] Is a directory: 'temp_html_code/html_downloaded_Fast Racing 3D by Doodle Mobile Ltd/'
[INTERNAL_LOG][2018-06-07 22:07:01,783][ERROR][download_page_loaded()] Failed download: http://play.google.com/store/apps/ for exception [Errno 21] Is a directory: 'temp_html_code/html_downloaded_Fast Racing 3D by Doodle Mobile Ltd/'
[INTERNAL_LOG][2018-06-07 22:07:02,470][ERROR][download_page_loaded()] Failed response code: 404 for http://featured.perfectionholic.com:8080/moregames/index_app.html  
[INTERNAL_LOG][2018-06-07 22:07:03,289][INFO][find_string()] [START REMOTE FILE ANALYZE]
[INTERNAL_LOG][2018-06-07 22:07:03,290][INFO][find_string()] Remote File in: temp_html_code/html_downloaded_Fast Racing 3D by Doodle Mobile Ltd/index_app.html
[INTERNAL_LOG][2018-06-07 22:07:03,290][INFO][find_string()] URL: http://featured.perfectionholic.com:8080/moregames/index_app.html
[INTERNAL_LOG][2018-06-07 22:07:03,295][INFO][find_string()] No iframe in temp_html_code/html_downloaded_Fast Racing 3D by Doodle Mobile Ltd/index_app.html
[INTERNAL_LOG][2018-06-07 22:07:03,295][INFO][find_string()] Remote File in: temp_html_code/html_downloaded_Fast Racing 3D by Doodle Mobile Ltd/index.html
[INTERNAL_LOG][2018-06-07 22:07:03,295][INFO][find_string()] URL: http://featured.perfectionholic.com:8080/moregames/index.html
[INTERNAL_LOG][2018-06-07 22:07:03,301][INFO][find_string()] No iframe in temp_html_code/html_downloaded_Fast Racing 3D by Doodle Mobile Ltd/index.html
[INTERNAL_LOG][2018-06-07 22:07:03,302][INFO][find_string()] [END ANALYZE FILE]

[INTERNAL_LOG][2018-06-07 22:07:03,302][INFO][find_url_in_apk()] [START ALL URL INSIDE APK]
[INTERNAL_LOG][2018-06-07 22:07:03,302][INFO][find_url_in_apk()] http://data2.doodlemobile.com:8080/dmdata_zmm/ReceiveServlet
http://newfeatureview.perfectionholic.com/featureview/gettime/
http://newfeatureview.perfectionholic.com/featureview/gettime/
http://50.17.224.137/featureview/gettime/
http://50.17.224.137/featureview/gettime/
http://f2.doodlemobile.com/feature_server/geo-ip/test.php
http://newfeatureview.perfectionholic.com/featureview/getfeatureview/
http://f2.doodlemobile.com/feature_server/fullScreen/get.php
http://play.google.com/store/apps/
http://play.google.com/store/apps/
http://featured.perfectionholic.com:8080/moregames/index_app.html
http://featured.perfectionholic.com:8080/moregames/index_app.html
http://featured.perfectionholic.com:8080/moregames/index.html
http://featured.perfectionholic.com:8080/moregames/index.html
http://192.168.1.241:8080/featureserver/receiveuesraction
https://pagead2.googlesyndication.com/pagead/gen_204?id=gmob-apps
https://plus.google.com/
https://connect.tapjoy.com/
https://connect.tapjoy.com/
https://ws.tapjoyads.com/
https://ws.tapjoyads.com/
https://ws.tapjoyads.com/
https://ws.tapjoyads.com/
http://content-js.tapjoy.com
https://events.tapjoy.com/
https://s3.amazonaws.com/tapjoy/videos/assets/watermark.png
https://impact.applifier.com/mobile/campaigns
https://impact.staging.applifier.com/mobile/campaigns
http://data.flurry.com/aap.do
https://data.flurry.com/aap.do

[INTERNAL_LOG][2018-06-07 22:07:03,302][INFO][find_url_in_apk()] [END ALL URL INSIDE APK]
[INTERNAL_LOG][2018-06-07 22:07:03,317][INFO][check_method_conf()] [JavaScript enabled: True]

[INTERNAL_LOG][2018-06-07 22:07:03,317][INFO][check_method_conf()] [Add interface WebView: True]

[INTERNAL_LOG][2018-06-07 22:07:03,317][INFO][analyze_start()] This app might be not vulnerable on  attack frame confusion.
[INTERNAL_LOG][2018-06-07 22:07:03,317][INFO][analyze_start()] End time:[Thu Jun  7 22:07:03 2018]
