[INTERNAL_LOG][2018-06-07 22:31:04,604][INFO][analyze_start()] Init Time [Thu Jun  7 22:31:04 2018]
[INTERNAL_LOG][2018-06-07 22:31:04,674][INFO][run()] Start Analysis
[INTERNAL_LOG][2018-06-07 22:31:04,677][INFO][is_hybird()] [Permission Enble Start]
[INTERNAL_LOG][2018-06-07 22:31:04,677][INFO][is_hybird()] android.permission.INTERNET
[INTERNAL_LOG][2018-06-07 22:31:04,677][INFO][is_hybird()] android.permission.READ_CONTACTS
[INTERNAL_LOG][2018-06-07 22:31:04,677][INFO][is_hybird()] android.permission.WRITE_EXTERNAL_STORAGE
[INTERNAL_LOG][2018-06-07 22:31:04,677][INFO][is_hybird()] android.permission.CAMERA
[INTERNAL_LOG][2018-06-07 22:31:04,677][INFO][is_hybird()] android.permission.READ_EXTERNAL_STORAGE
[INTERNAL_LOG][2018-06-07 22:31:04,677][INFO][is_hybird()] android.permission.ACCESS_FINE_LOCATION
[INTERNAL_LOG][2018-06-07 22:31:04,677][INFO][is_hybird()] android.permission.ACCESS_COARSE_LOCATION
[INTERNAL_LOG][2018-06-07 22:31:04,677][INFO][is_hybird()] com.android.vending.BILLING
[INTERNAL_LOG][2018-06-07 22:31:04,677][INFO][is_hybird()] android.permission.ACCESS_NETWORK_STATE
[INTERNAL_LOG][2018-06-07 22:31:04,677][INFO][is_hybird()] android.permission.WAKE_LOCK
[INTERNAL_LOG][2018-06-07 22:31:04,677][INFO][is_hybird()] com.google.android.c2dm.permission.RECEIVE
[INTERNAL_LOG][2018-06-07 22:31:04,677][INFO][is_hybird()] com.ratelekom.findnow.permission.C2D_MESSAGE
[INTERNAL_LOG][2018-06-07 22:31:04,677][INFO][is_hybird()] [Permission End]

[INTERNAL_LOG][2018-06-07 22:31:04,677][INFO][analyze_start()] TYPE APK: [ANDROID NATIVE]

[INTERNAL_LOG][2018-06-07 22:31:04,678][INFO][find_string()] [START FILE ANALYZE]
[INTERNAL_LOG][2018-06-07 22:31:04,678][INFO][find_string()] File: res/raw/avo_vast_vpaid_player.html
[INTERNAL_LOG][2018-06-07 22:31:04,678][INFO][find_string()] No iframe in res/raw/avo_vast_vpaid_player.html
[INTERNAL_LOG][2018-06-07 22:31:04,678][INFO][find_string()] [END ANALYZE FILE]

[INTERNAL_LOG][2018-06-07 22:31:55,860][INFO][find_url_in_apk()] [START ALL URL INSIDE APK]
[INTERNAL_LOG][2018-06-07 22:31:55,860][INFO][find_url_in_apk()] http://go.admost.com/adx/getmobile.ashx
http://go.admost.com/adx/getmobile.ashx
http://go.admost.com/adx/get.ashx
http://go.admost.com/adx/get.ashx
http://med-api.admost.com/v4.1/register/%s?pkg=%s
http://med-api.admost.com/v4.1/update/%s?pkg=%s
http://go.admost.com/adx/
http://cdn-api.admost.com/v4/init/%s/version/%s?pkg=%s
http://med-api.admost.com/v4/track_iap/%s
http://195.244.38.37/v4.1/count/%s/version/1.3
http://med-api.admost.com/v4.1/count/%s/version/1.3
http://med-api.admost.com/v4/country
http://cdn-api.admost.com/v4/zone/%s/country/%s/version/%s?pkg=%s
http://med-api.admost.com/v4.1/zones/%s
http://med-api.admost.com/v4/campaign/track/%s?pkg=%s
http://www.w3.org/ns/ttml#parameter
https://api.findnowme.com
https://api.findnowme.com
https://api.findnowme.com
https://api.findnowme.com
https://api.findnowme.com
https://findnowme.com
https://e.crashlytics.com/spi/v2/events
https://settings.crashlytics.com/spi/v2/platforms/android/apps/%s/settings
http://schemas.applovin.com/android/1.0
http://schemas.applovin.com/android/1.0
https://d.applovin.com/
https://a.applovin.com/
https://rt.applovin.com/med
https://rt.applovin.com/pix
https://d.applvn.com/
https://a.applvn.com/
https://rt.applvn.com/pix
https://vid.applovin.com/,https://pdn.applovin.com/,https://img.applovin.com/,https://d.applovin.com/,https://assets.applovin.com/,https://cdnjs.cloudflare.com/,http://vid.applovin.com/,http://pdn.applovin.com/,http://img.applovin.com/,http://d.applovin.com/,http://assets.applovin.com/,http://cdnjs.cloudflare.com/
https://www.fqtag.com/pixel.cgi?org=TkBXEI5C3FBIr4zXwnmK&p=
https://www.fqtag.com/pixel.cgi?org=TkBXEI5C3FBIr4zXwnmK&p=
https://www.fqtag.com/pixel.cgi?org=TkBXEI5C3FBIr4zXwnmK&p=
https://www.fqtag.com/pixel.cgi?org=TkBXEI5C3FBIr4zXwnmK&p=
https://admin.appnext.com/adminService.asmx/SetRewards
https://www.appnext.com/privacy_policy/index.html?z=
https://www.appnext.com/privacy_policy/index.html?z=
https://admin.appnext.com/AdminService.asmx/checkA?z=
https://admin.appnext.com/AdminService.asmx/checkA?z=
https://admin.appnext.com/AdminService.asmx/checkA?z=
https://admin.appnext.com/AdminService.asmx/checkA?z=
https://global.appnext.com
https://global.appnext.com
https://global.appnext.com
https://global.appnext.com
https://cdn.appnext.com/tools/sdk/config/2.2.4
https://cdn.appnext.com/tools/sdk/config/2.2.4
https://cdn.appnext.com/tools/sdk/config/2.2.4/fullscreen_config.txt
https://cdn.appnext.com/tools/sdk/config/2.2.4/rewarded_config.txt
http://www.appnext.com/myid.html
http://www.appnext.com/myid.html
http://www.appnext.com/myid.html
https://cdn.appnext.com/tools/sdk/interstitial/v69/script.min.js
https://cdn.appnext.com/tools/sdk/config/2.2.4/interstitial_config.txt
https://cdn.appnext.com/tools/sdk/config/2.2.4/banner_config.txt
http://apis.appnxt.net:443
https://api.appnxt.net
http://cdn.appnext.com/tools/services/4.6.7/config.json?packageId=
http://cdn.appnext.com/tools/services/4.6.7/plist.zip
https://admin.appnext.com/AdminService.asmx/SetOpenV1
https://admin.appnext.com/AdminService.asmx/bns
https://admin.appnext.com/tools/navtac.html?bid=
https://play.google.com/store/apps/
https://admin.appnext.com/AdminService.asmx/
https://admin.appnext.com/tp12.aspx?tid=%s&vid=%s&osid=%s&auid=%s&session_id=%s&pid=%s&ref=%s&ads_type=%s&bid=%s&cid=%s
https://cdn.appnext.com/banner/appnext.mp4
https://admin.appnext.com/AdminService.asmx/SetRL?guid=
http://www.appnext.com/privacy_policy/index.html?z=
https://cdn.appnext.com/tools/sdk/config/2.2.4/native_ads_config.json
https://api.ampiri.com
http://xmlpull.org/v1/doc/features.html#process-namespaces
https://m.facebook.com/terms
https://m.facebook.com/terms
https://m.facebook.com/terms
https://m.facebook.com/about/privacy/
https://m.facebook.com/about/privacy/
https://m.facebook.com/about/privacy/
https://m.facebook.com/policies/cookies/
https://m.facebook.com/policies/cookies/
https://m.facebook.com/policies/cookies/
https://www.accountkit.com/faq
https://www.accountkit.com/faq
https://www.accountkit.com/faq
https://www.facebook.com/audience_network/server_side_reward
https://www.%s.facebook.com/audience_network/server_side_reward
https://pagead2.googlesyndication.com/pagead/gen_204
https://googleads.g.doubleclick.net/mads/static/mad/sdk/native/sdk-core-v40.html
https://googleads.g.doubleclick.net/mads/static/mad/sdk/native/production/sdk-core-v40-impl.js
https://googleads.g.doubleclick.net/mads/static/mad/sdk/native/mraid/v2/mraid_app_banner.js
https://googleads.g.doubleclick.net/mads/static/mad/sdk/native/mraid/v2/mraid_app_expanded_banner.js
https://googleads.g.doubleclick.net/mads/static/mad/sdk/native/mraid/v2/mraid_app_interstitial.js
https://csi.gstatic.com/csi
https://googleads.g.doubleclick.net/mads/static/mad/sdk/native/native_ads.html
https://googleads.g.doubleclick.net/mads/static/mad/sdk/native/production/native_ads.js
https://imasdk.googleapis.com/admob/sdkloader/native_video.html
https://www.google.com/dfp/linkDevice
https://www.google.com/dfp/inAppPreview
https://www.google.com/dfp/debugSignals
https://www.google.com/dfp/sendDebugData
http://www.example.com
http://www.example.com
http://schemas.android.com/apk/res/android
http://schemas.android.com/apk/res/android
https://twitter.com/%s/status/%s
https://play.google.com/store/apps/details?id=com.ratelekom.findnow
https://play.google.com/store/apps/details?id=com.ratelekom.findnow
https://play.google.com/store/apps/details?id=com.ratelekom.findnow
https://www.google.com/maps/search/?api=1&query=
https://play.google.com/store/apps/details?id=app.source.getcontact&hl=tr
https://graph.facebook.com/network_ads_common
https://graph.%s.facebook.com/network_ads_common
https://www.facebook.com/adnw_logging/
https://www.%s.facebook.com/adnw_logging/
https://www.facebook.com/
https://www.%s.facebook.com
http://play.google.com/store/apps/
http://www.facebook.com
https://graph.%s
https://graph-video.%s
https://facebook.com
https://pagead2.googlesyndication.com/pagead/gen_204?id=gmob-apps
http://hostname/?
http://hostname/?
https://accounts.google.com
https://www.facebook.com
https://www.googleapis.com/auth/games_lite
https://www.googleapis.com/auth/games
https://plus.google.com/
http://www.google.com
https://support.google.com/dfp_premium/answer/7160685#push
http://www.google-analytics.com
https://ssl.google-analytics.com
https://app-measurement.com/a
https://www.google.com
http://localhost
https://www.googletagmanager.com
https://mobile-static.adsafeprotected.com/avid-v2.js
https://sejs.moatads.com/
https://analytics.mopub.com/i/jot/exchange_client_event
https://www.mopub.com/optout
https://www.mopub.com/optout/
https://www.mopub.com/optout/
https://config.unityads.unity3d.com/webview/

[INTERNAL_LOG][2018-06-07 22:31:55,860][INFO][find_url_in_apk()] [END ALL URL INSIDE APK]
[INTERNAL_LOG][2018-06-07 22:31:55,866][INFO][check_method_conf()] [JavaScript enabled: True]

[INTERNAL_LOG][2018-06-07 22:31:55,866][INFO][check_method_conf()] [Add interface WebView: True]

[INTERNAL_LOG][2018-06-07 22:31:55,866][INFO][analyze_start()] This app might be not vulnerable on  attack frame confusion.
[INTERNAL_LOG][2018-06-07 22:31:55,866][INFO][analyze_start()] End time:[Thu Jun  7 22:31:55 2018]
