[INTERNAL_LOG][2018-06-07 23:35:02,510][INFO][analyze_start()] Init Time [Thu Jun  7 23:35:02 2018]
[INTERNAL_LOG][2018-06-07 23:35:02,589][INFO][run()] Start Analysis
[INTERNAL_LOG][2018-06-07 23:35:02,590][INFO][is_hybird()] [Permission Enble Start]
[INTERNAL_LOG][2018-06-07 23:35:02,590][INFO][is_hybird()] android.permission.INTERNET
[INTERNAL_LOG][2018-06-07 23:35:02,590][INFO][is_hybird()] android.permission.READ_PHONE_STATE
[INTERNAL_LOG][2018-06-07 23:35:02,590][INFO][is_hybird()] android.permission.ACCESS_NETWORK_STATE
[INTERNAL_LOG][2018-06-07 23:35:02,590][INFO][is_hybird()] android.permission.WRITE_EXTERNAL_STORAGE
[INTERNAL_LOG][2018-06-07 23:35:02,590][INFO][is_hybird()] android.permission.ACCESS_WIFI_STATE
[INTERNAL_LOG][2018-06-07 23:35:02,590][INFO][is_hybird()] [Permission End]

[INTERNAL_LOG][2018-06-07 23:35:02,590][INFO][analyze_start()] TYPE APK: [ANDROID NATIVE]

[INTERNAL_LOG][2018-06-07 23:35:02,590][INFO][find_string()] [START FILE ANALYZE]
[INTERNAL_LOG][2018-06-07 23:35:02,590][INFO][find_string()] File: reference/com/applovin/adview/AppLovinAdView.html
[INTERNAL_LOG][2018-06-07 23:35:28,305][INFO][find_string()] No iframe in reference/com/applovin/adview/AppLovinAdView.html
[INTERNAL_LOG][2018-06-07 23:35:28,305][INFO][find_string()] File: reference/com/applovin/mediation/AppLovinMediationErrorCode.html
[INTERNAL_LOG][2018-06-07 23:35:28,320][INFO][find_string()] No iframe in reference/com/applovin/mediation/AppLovinMediationErrorCode.html
[INTERNAL_LOG][2018-06-07 23:35:28,320][INFO][find_string()] File: reference/com/applovin/nativeAds/package-descr.html
[INTERNAL_LOG][2018-06-07 23:35:28,322][INFO][find_string()] No iframe in reference/com/applovin/nativeAds/package-descr.html
[INTERNAL_LOG][2018-06-07 23:35:28,322][INFO][find_string()] File: reference/com/applovin/sdk/AppLovinAd.html
[INTERNAL_LOG][2018-06-07 23:35:28,328][INFO][find_string()] No iframe in reference/com/applovin/sdk/AppLovinAd.html
[INTERNAL_LOG][2018-06-07 23:35:28,328][INFO][find_string()] File: reference/com/applovin/sdk/AppLovinAdService.html
[INTERNAL_LOG][2018-06-07 23:35:28,343][INFO][find_string()] No iframe in reference/com/applovin/sdk/AppLovinAdService.html
[INTERNAL_LOG][2018-06-07 23:35:28,344][INFO][find_string()] File: reference/com/applovin/sdk/AppLovinLogger.html
[INTERNAL_LOG][2018-06-07 23:35:28,353][INFO][find_string()] No iframe in reference/com/applovin/sdk/AppLovinLogger.html
[INTERNAL_LOG][2018-06-07 23:35:28,353][INFO][find_string()] File: reference/com/applovin/sdk/AppLovinPostbackListener.html
[INTERNAL_LOG][2018-06-07 23:35:28,358][INFO][find_string()] No iframe in reference/com/applovin/sdk/AppLovinPostbackListener.html
[INTERNAL_LOG][2018-06-07 23:35:28,358][INFO][find_string()] File: reference/com/applovin/sdk/package-summary.html
[INTERNAL_LOG][2018-06-07 23:35:28,364][INFO][find_string()] No iframe in reference/com/applovin/sdk/package-summary.html
[INTERNAL_LOG][2018-06-07 23:35:28,364][INFO][find_string()] File: reference/packages.html
[INTERNAL_LOG][2018-06-07 23:35:28,369][INFO][find_string()] No iframe in reference/packages.html
[INTERNAL_LOG][2018-06-07 23:35:28,369][INFO][find_string()] File: reference/com/applovin/mediation/AppLovinMediationAdapterStats.html
[INTERNAL_LOG][2018-06-07 23:35:28,376][INFO][find_string()] No iframe in reference/com/applovin/mediation/AppLovinMediationAdapterStats.html
[INTERNAL_LOG][2018-06-07 23:35:28,376][INFO][find_string()] File: reference/com/applovin/mediation/package-descr.html
[INTERNAL_LOG][2018-06-07 23:35:28,380][INFO][find_string()] No iframe in reference/com/applovin/mediation/package-descr.html
[INTERNAL_LOG][2018-06-07 23:35:28,380][INFO][find_string()] File: reference/com/applovin/nativeAds/AppLovinNativeAdLoadListener.html
[INTERNAL_LOG][2018-06-07 23:35:28,384][INFO][find_string()] No iframe in reference/com/applovin/nativeAds/AppLovinNativeAdLoadListener.html
[INTERNAL_LOG][2018-06-07 23:35:28,384][INFO][find_string()] File: reference/com/applovin/nativeAds/package-summary.html
[INTERNAL_LOG][2018-06-07 23:35:28,387][INFO][find_string()] No iframe in reference/com/applovin/nativeAds/package-summary.html
[INTERNAL_LOG][2018-06-07 23:35:28,387][INFO][find_string()] File: reference/com/applovin/sdk/AppLovinAdRewardListener.html
[INTERNAL_LOG][2018-06-07 23:35:28,393][INFO][find_string()] No iframe in reference/com/applovin/sdk/AppLovinAdRewardListener.html
[INTERNAL_LOG][2018-06-07 23:35:28,394][INFO][find_string()] File: reference/com/applovin/sdk/AppLovinAdVideoPlaybackListener.html
[INTERNAL_LOG][2018-06-07 23:35:28,399][INFO][find_string()] No iframe in reference/com/applovin/sdk/AppLovinAdVideoPlaybackListener.html
[INTERNAL_LOG][2018-06-07 23:35:28,399][INFO][find_string()] File: reference/com/applovin/sdk/AppLovinEventService.html
[INTERNAL_LOG][2018-06-07 23:35:28,407][INFO][find_string()] No iframe in reference/com/applovin/sdk/AppLovinEventService.html
[INTERNAL_LOG][2018-06-07 23:35:28,407][INFO][find_string()] File: reference/com/applovin/sdk/AppLovinMediationService.html
[INTERNAL_LOG][2018-06-07 23:35:28,412][INFO][find_string()] No iframe in reference/com/applovin/sdk/AppLovinMediationService.html
[INTERNAL_LOG][2018-06-07 23:35:28,413][INFO][find_string()] File: reference/com/applovin/sdk/AppLovinSdkUtils.html
[INTERNAL_LOG][2018-06-07 23:35:28,422][INFO][find_string()] No iframe in reference/com/applovin/sdk/AppLovinSdkUtils.html
[INTERNAL_LOG][2018-06-07 23:35:28,422][INFO][find_string()] File: reference/com/applovin/sdk/package-descr.html
[INTERNAL_LOG][2018-06-07 23:35:28,425][INFO][find_string()] No iframe in reference/com/applovin/sdk/package-descr.html
[INTERNAL_LOG][2018-06-07 23:35:28,425][INFO][find_string()] File: reference/index.html
[INTERNAL_LOG][2018-06-07 23:35:28,425][INFO][find_string()] No iframe in reference/index.html
[INTERNAL_LOG][2018-06-07 23:35:28,426][INFO][find_string()] File: reference/classes.html
[INTERNAL_LOG][2018-06-07 23:35:28,433][INFO][find_string()] No iframe in reference/classes.html
[INTERNAL_LOG][2018-06-07 23:35:28,433][INFO][find_string()] File: reference/com/applovin/adview/AppLovinAdViewDisplayErrorCode.html
[INTERNAL_LOG][2018-06-07 23:35:28,442][INFO][find_string()] No iframe in reference/com/applovin/adview/AppLovinAdViewDisplayErrorCode.html
[INTERNAL_LOG][2018-06-07 23:35:28,442][INFO][find_string()] File: reference/com/applovin/adview/AppLovinMediatedIncentivizedInterstitial.html
[INTERNAL_LOG][2018-06-07 23:35:28,454][INFO][find_string()] No iframe in reference/com/applovin/adview/AppLovinMediatedIncentivizedInterstitial.html
[INTERNAL_LOG][2018-06-07 23:35:28,454][INFO][find_string()] File: reference/com/applovin/adview/InterstitialAdDialogCreator.html
[INTERNAL_LOG][2018-06-07 23:35:28,459][INFO][find_string()] No iframe in reference/com/applovin/adview/InterstitialAdDialogCreator.html
[INTERNAL_LOG][2018-06-07 23:35:28,459][INFO][find_string()] File: reference/com/applovin/adview/package-descr.html
[INTERNAL_LOG][2018-06-07 23:35:28,462][INFO][find_string()] No iframe in reference/com/applovin/adview/package-descr.html
[INTERNAL_LOG][2018-06-07 23:35:28,462][INFO][find_string()] File: reference/com/applovin/adview/package-summary.html
[INTERNAL_LOG][2018-06-07 23:35:28,465][INFO][find_string()] No iframe in reference/com/applovin/adview/package-summary.html
[INTERNAL_LOG][2018-06-07 23:35:28,465][INFO][find_string()] File: reference/com/applovin/mediation/AppLovinMediationAdapter.html
[INTERNAL_LOG][2018-06-07 23:35:28,478][INFO][find_string()] No iframe in reference/com/applovin/mediation/AppLovinMediationAdapter.html
[INTERNAL_LOG][2018-06-07 23:35:28,478][INFO][find_string()] File: reference/com/applovin/mediation/AppLovinMediationAdapterStatus.html
[INTERNAL_LOG][2018-06-07 23:35:28,488][INFO][find_string()] No iframe in reference/com/applovin/mediation/AppLovinMediationAdapterStatus.html
[INTERNAL_LOG][2018-06-07 23:35:28,488][INFO][find_string()] File: reference/com/applovin/nativeAds/AppLovinNativeAd.html
[INTERNAL_LOG][2018-06-07 23:35:28,498][INFO][find_string()] No iframe in reference/com/applovin/nativeAds/AppLovinNativeAd.html
[INTERNAL_LOG][2018-06-07 23:35:28,498][INFO][find_string()] File: reference/com/applovin/sdk/AppLovinAdDisplayListener.html
[INTERNAL_LOG][2018-06-07 23:35:28,504][INFO][find_string()] No iframe in reference/com/applovin/sdk/AppLovinAdDisplayListener.html
[INTERNAL_LOG][2018-06-07 23:35:28,504][INFO][find_string()] File: reference/com/applovin/sdk/AppLovinAdType.html
[INTERNAL_LOG][2018-06-07 23:35:28,514][INFO][find_string()] No iframe in reference/com/applovin/sdk/AppLovinAdType.html
[INTERNAL_LOG][2018-06-07 23:35:28,515][INFO][find_string()] File: reference/com/applovin/sdk/AppLovinEventParameters.html
[INTERNAL_LOG][2018-06-07 23:35:28,527][INFO][find_string()] No iframe in reference/com/applovin/sdk/AppLovinEventParameters.html
[INTERNAL_LOG][2018-06-07 23:35:28,527][INFO][find_string()] File: reference/com/applovin/sdk/AppLovinSdk.html
[INTERNAL_LOG][2018-06-07 23:35:28,544][INFO][find_string()] No iframe in reference/com/applovin/sdk/AppLovinSdk.html
[INTERNAL_LOG][2018-06-07 23:35:28,544][INFO][find_string()] File: reference/com/applovin/adview/AppLovinAdViewEventListener.html
[INTERNAL_LOG][2018-06-07 23:35:28,551][INFO][find_string()] No iframe in reference/com/applovin/adview/AppLovinAdViewEventListener.html
[INTERNAL_LOG][2018-06-07 23:35:28,551][INFO][find_string()] File: reference/com/applovin/adview/AppLovinInterstitialAd.html
[INTERNAL_LOG][2018-06-07 23:35:28,625][INFO][find_string()] No iframe in reference/com/applovin/adview/AppLovinInterstitialAd.html
[INTERNAL_LOG][2018-06-07 23:35:28,625][INFO][find_string()] File: reference/com/applovin/mediation/AppLovinMediationAdapterInfo.html
[INTERNAL_LOG][2018-06-07 23:35:28,635][INFO][find_string()] No iframe in reference/com/applovin/mediation/AppLovinMediationAdapterInfo.html
[INTERNAL_LOG][2018-06-07 23:35:28,635][INFO][find_string()] File: reference/com/applovin/mediation/AppLovinMediationLoadListener.html
[INTERNAL_LOG][2018-06-07 23:35:28,640][INFO][find_string()] No iframe in reference/com/applovin/mediation/AppLovinMediationLoadListener.html
[INTERNAL_LOG][2018-06-07 23:35:28,640][INFO][find_string()] File: reference/com/applovin/nativeAds/AppLovinNativeAdPrecacheListener.html
[INTERNAL_LOG][2018-06-07 23:35:28,646][INFO][find_string()] No iframe in reference/com/applovin/nativeAds/AppLovinNativeAdPrecacheListener.html
[INTERNAL_LOG][2018-06-07 23:35:28,646][INFO][find_string()] File: reference/com/applovin/sdk/AppLovinAdClickListener.html
[INTERNAL_LOG][2018-06-07 23:35:28,650][INFO][find_string()] No iframe in reference/com/applovin/sdk/AppLovinAdClickListener.html
[INTERNAL_LOG][2018-06-07 23:35:28,650][INFO][find_string()] File: reference/com/applovin/sdk/AppLovinAdSize.html
[INTERNAL_LOG][2018-06-07 23:35:28,663][INFO][find_string()] No iframe in reference/com/applovin/sdk/AppLovinAdSize.html
[INTERNAL_LOG][2018-06-07 23:35:28,663][INFO][find_string()] File: reference/com/applovin/sdk/AppLovinEventTypes.html
[INTERNAL_LOG][2018-06-07 23:35:28,677][INFO][find_string()] No iframe in reference/com/applovin/sdk/AppLovinEventTypes.html
[INTERNAL_LOG][2018-06-07 23:35:28,678][INFO][find_string()] File: reference/com/applovin/sdk/AppLovinSdkSettings.html
[INTERNAL_LOG][2018-06-07 23:35:28,690][INFO][find_string()] No iframe in reference/com/applovin/sdk/AppLovinSdkSettings.html
[INTERNAL_LOG][2018-06-07 23:35:28,691][INFO][find_string()] File: reference/com/applovin/mediation/AppLovinMediatedAdInfo.html
[INTERNAL_LOG][2018-06-07 23:35:28,700][INFO][find_string()] No iframe in reference/com/applovin/mediation/AppLovinMediatedAdInfo.html
[INTERNAL_LOG][2018-06-07 23:35:28,700][INFO][find_string()] File: reference/com/applovin/mediation/AppLovinMediationAdapterConfig.html
[INTERNAL_LOG][2018-06-07 23:35:28,707][INFO][find_string()] No iframe in reference/com/applovin/mediation/AppLovinMediationAdapterConfig.html
[INTERNAL_LOG][2018-06-07 23:35:28,707][INFO][find_string()] File: reference/com/applovin/mediation/AppLovinMediationDisplayListener.html
[INTERNAL_LOG][2018-06-07 23:35:28,714][INFO][find_string()] No iframe in reference/com/applovin/mediation/AppLovinMediationDisplayListener.html
[INTERNAL_LOG][2018-06-07 23:35:28,714][INFO][find_string()] File: reference/com/applovin/mediation/package-summary.html
[INTERNAL_LOG][2018-06-07 23:35:28,718][INFO][find_string()] No iframe in reference/com/applovin/mediation/package-summary.html
[INTERNAL_LOG][2018-06-07 23:35:28,718][INFO][find_string()] File: reference/com/applovin/nativeAds/AppLovinNativeAdService.html
[INTERNAL_LOG][2018-06-07 23:35:28,728][INFO][find_string()] No iframe in reference/com/applovin/nativeAds/AppLovinNativeAdService.html
[INTERNAL_LOG][2018-06-07 23:35:28,728][INFO][find_string()] File: reference/com/applovin/sdk/AppLovinAdLoadListener.html
[INTERNAL_LOG][2018-06-07 23:35:28,734][INFO][find_string()] No iframe in reference/com/applovin/sdk/AppLovinAdLoadListener.html
[INTERNAL_LOG][2018-06-07 23:35:28,734][INFO][find_string()] File: reference/com/applovin/sdk/AppLovinAdUpdateListener.html
[INTERNAL_LOG][2018-06-07 23:35:28,738][INFO][find_string()] No iframe in reference/com/applovin/sdk/AppLovinAdUpdateListener.html
[INTERNAL_LOG][2018-06-07 23:35:28,738][INFO][find_string()] File: reference/com/applovin/sdk/AppLovinErrorCodes.html
[INTERNAL_LOG][2018-06-07 23:35:28,752][INFO][find_string()] No iframe in reference/com/applovin/sdk/AppLovinErrorCodes.html
[INTERNAL_LOG][2018-06-07 23:35:28,752][INFO][find_string()] File: reference/com/applovin/sdk/AppLovinPostbackService.html
[INTERNAL_LOG][2018-06-07 23:35:28,758][INFO][find_string()] No iframe in reference/com/applovin/sdk/AppLovinPostbackService.html
[INTERNAL_LOG][2018-06-07 23:35:28,759][INFO][find_string()] File: index.html
[INTERNAL_LOG][2018-06-07 23:35:28,759][INFO][find_string()] No iframe in index.html
[INTERNAL_LOG][2018-06-07 23:35:28,759][INFO][find_string()] File: reference/com/applovin/adview/AdViewController.html
[INTERNAL_LOG][2018-06-07 23:35:28,774][INFO][find_string()] No iframe in reference/com/applovin/adview/AdViewController.html
[INTERNAL_LOG][2018-06-07 23:35:28,774][INFO][find_string()] File: reference/com/applovin/adview/AppLovinIncentivizedInterstitial.html
[INTERNAL_LOG][2018-06-07 23:35:28,793][INFO][find_string()] No iframe in reference/com/applovin/adview/AppLovinIncentivizedInterstitial.html
[INTERNAL_LOG][2018-06-07 23:35:28,793][INFO][find_string()] File: reference/com/applovin/adview/AppLovinInterstitialAdDialog.html
[INTERNAL_LOG][2018-06-07 23:35:28,803][INFO][find_string()] No iframe in reference/com/applovin/adview/AppLovinInterstitialAdDialog.html
[INTERNAL_LOG][2018-06-07 23:35:28,803][INFO][find_string()] File: reference/com/applovin/adview/AppLovinMediatedInterstitialAd.html
[INTERNAL_LOG][2018-06-07 23:35:28,880][INFO][find_string()] No iframe in reference/com/applovin/adview/AppLovinMediatedInterstitialAd.html
[INTERNAL_LOG][2018-06-07 23:35:28,880][INFO][find_string()] File: reference/hierarchy.html
[INTERNAL_LOG][2018-06-07 23:35:28,884][INFO][find_string()] No iframe in reference/hierarchy.html
[INTERNAL_LOG][2018-06-07 23:35:28,884][INFO][find_string()] [END ANALYZE FILE]

[INTERNAL_LOG][2018-06-07 23:35:30,210][INFO][find_url_in_apk()] [START ALL URL INSIDE APK]
[INTERNAL_LOG][2018-06-07 23:35:30,210][INFO][find_url_in_apk()] http://schemas.applovin.com/android/1.0
http://schemas.applovin.com/android/1.0
https://d.applovin.com/
https://a.applovin.com/
https://rt.applovin.com/med
https://rt.applovin.com/pix
https://d.applvn.com/
https://a.applvn.com/
https://rt.applvn.com/pix
https://vid.applovin.com/,https://pdn.applovin.com/,https://img.applovin.com/,https://d.applovin.com/,https://assets.applovin.com/,https://cdnjs.cloudflare.com/,http://vid.applovin.com/,http://pdn.applovin.com/,http://img.applovin.com/,http://d.applovin.com/,http://assets.applovin.com/,http://cdnjs.cloudflare.com/
https://m.everyplay.com
https://everyplay.com/apiv2/auth/connect
https://everyplay.com/
https://api.everyplay.com/
https://everyplay.com/apiv2/auth/oauth/access_token
https://m.everyplay.com/newconnect
https://everyplay.com/terms-of-service
https://everyplay.com/privacy-policy
https://everyplay.com
http://www.google-analytics.com
https://ssl.google-analytics.com
https://accounts.google.com
https://accounts.google.com
https://www.facebook.com
https://www.facebook.com
https://www.googleapis.com/auth/plus.me
https://www.googleapis.com/auth/plus.me
https://www.googleapis.com/auth/games
https://www.googleapis.com/auth/games
https://www.googleapis.com/auth/games
http://plus.google.com/
https://www.googleapis.com/auth/drive.file
https://www.googleapis.com/auth/drive.appdata
https://www.googleapis.com/auth/drive
https://www.googleapis.com/auth/drive.apps
https://www.googleapis.com/auth/fitness.activity.read
https://www.googleapis.com/auth/fitness.activity.read
https://www.googleapis.com/auth/fitness.activity.write
https://www.googleapis.com/auth/fitness.activity.write
https://www.googleapis.com/auth/fitness.location.read
https://www.googleapis.com/auth/fitness.location.read
https://www.googleapis.com/auth/fitness.location.write
https://www.googleapis.com/auth/fitness.location.write
https://www.googleapis.com/auth/fitness.body.read
https://www.googleapis.com/auth/fitness.body.read
https://www.googleapis.com/auth/fitness.body.write
https://www.googleapis.com/auth/fitness.body.write
https://www.googleapis.com/auth/fitness.nutrition.read
https://www.googleapis.com/auth/fitness.nutrition.read
https://www.googleapis.com/auth/fitness.nutrition.write
https://www.googleapis.com/auth/fitness.nutrition.write
https://www.googleapis.com/auth/games.firstparty
https://www.googleapis.com/auth/games.firstparty
https://googleads.g.doubleclick.net/mads/static/mad/sdk/native/sdk-core-v40.html
https://googleads.g.doubleclick.net/mads/static/mad/sdk/native/mraid/v2/mraid_app_banner.js
https://googleads.g.doubleclick.net/mads/static/mad/sdk/native/mraid/v2/mraid_app_expanded_banner.js
https://googleads.g.doubleclick.net/mads/static/mad/sdk/native/mraid/v2/mraid_app_interstitial.js
https://csi.gstatic.com/csi
http://www.google.com
https://app-measurement.com/a
https://www.googleapis.com/auth/plus.login
http://schemas.android.com/apk/lib/com.google.android.gms.plus
http://schemas.android.com/apk/lib/com.google.android.gms.plus
http://hostname/?
http://hostname/?
https://www.googletagmanager.com
https://config.unityads.unity3d.com/webview/
https://m.everyplay.com/auth

[INTERNAL_LOG][2018-06-07 23:35:30,210][INFO][find_url_in_apk()] [END ALL URL INSIDE APK]
[INTERNAL_LOG][2018-06-07 23:35:30,212][INFO][check_method_conf()] [JavaScript enabled: True]

[INTERNAL_LOG][2018-06-07 23:35:30,212][INFO][check_method_conf()] [Add interface WebView: True]

[INTERNAL_LOG][2018-06-07 23:35:30,213][INFO][analyze_start()] This app might be not vulnerable on  attack frame confusion.
[INTERNAL_LOG][2018-06-07 23:35:30,213][INFO][analyze_start()] End time:[Thu Jun  7 23:35:30 2018]
