[INTERNAL_LOG][2018-06-08 02:45:26,242][INFO][analyze_start()] Init Time [Fri Jun  8 02:45:26 2018]
[INTERNAL_LOG][2018-06-08 02:45:26,370][INFO][run()] Start Analysis
[INTERNAL_LOG][2018-06-08 02:45:26,373][INFO][is_hybird()] [Permission Enble Start]
[INTERNAL_LOG][2018-06-08 02:45:26,373][INFO][is_hybird()] com.jb.quicksms.permission.SERVICE
[INTERNAL_LOG][2018-06-08 02:45:26,373][INFO][is_hybird()] android.permission.WRITE_CONTACTS
[INTERNAL_LOG][2018-06-08 02:45:26,373][INFO][is_hybird()] android.permission.INSTALL_DRM
[INTERNAL_LOG][2018-06-08 02:45:26,373][INFO][is_hybird()] android.permission.READ_EXTERNAL_STORAGE
[INTERNAL_LOG][2018-06-08 02:45:26,373][INFO][is_hybird()] android.permission.READ_LOGS
[INTERNAL_LOG][2018-06-08 02:45:26,373][INFO][is_hybird()] android.permission.RECEIVE_WAP_PUSH
[INTERNAL_LOG][2018-06-08 02:45:26,373][INFO][is_hybird()] android.permission.BROADCAST_STICKY
[INTERNAL_LOG][2018-06-08 02:45:26,373][INFO][is_hybird()] android.permission.RECORD_AUDIO
[INTERNAL_LOG][2018-06-08 02:45:26,373][INFO][is_hybird()] com.jb.quicksms.permission.C2D_MESSAGE
[INTERNAL_LOG][2018-06-08 02:45:26,373][INFO][is_hybird()] android.permission.READ_SYNC_SETTINGS
[INTERNAL_LOG][2018-06-08 02:45:26,373][INFO][is_hybird()] android.permission.WRITE_SYNC_SETTINGS
[INTERNAL_LOG][2018-06-08 02:45:26,373][INFO][is_hybird()] android.permission.CALL_PHONE
[INTERNAL_LOG][2018-06-08 02:45:26,373][INFO][is_hybird()] android.permission.INTERNET
[INTERNAL_LOG][2018-06-08 02:45:26,373][INFO][is_hybird()] android.permission.EXPAND_STATUS_BAR
[INTERNAL_LOG][2018-06-08 02:45:26,374][INFO][is_hybird()] android.permission.GET_TASKS
[INTERNAL_LOG][2018-06-08 02:45:26,374][INFO][is_hybird()] android.permission.READ_CONTACTS
[INTERNAL_LOG][2018-06-08 02:45:26,374][INFO][is_hybird()] android.permission.SET_WALLPAPER
[INTERNAL_LOG][2018-06-08 02:45:26,374][INFO][is_hybird()] android.permission.SET_WALLPAPER_HINTS
[INTERNAL_LOG][2018-06-08 02:45:26,374][INFO][is_hybird()] android.permission.VIBRATE
[INTERNAL_LOG][2018-06-08 02:45:26,374][INFO][is_hybird()] android.permission.WRITE_SETTINGS
[INTERNAL_LOG][2018-06-08 02:45:26,374][INFO][is_hybird()] android.permission.BIND_APPWIDGET
[INTERNAL_LOG][2018-06-08 02:45:26,374][INFO][is_hybird()] android.permission.RESTART_PACKAGES
[INTERNAL_LOG][2018-06-08 02:45:26,374][INFO][is_hybird()] android.permission.WRITE_EXTERNAL_STORAGE
[INTERNAL_LOG][2018-06-08 02:45:26,374][INFO][is_hybird()] android.permission.PERSISTENT_ACTIVITY
[INTERNAL_LOG][2018-06-08 02:45:26,374][INFO][is_hybird()] android.permission.ACCESS_NETWORK_STATE
[INTERNAL_LOG][2018-06-08 02:45:26,374][INFO][is_hybird()] com.android.launcher.permission.INSTALL_SHORTCUT
[INTERNAL_LOG][2018-06-08 02:45:26,374][INFO][is_hybird()] android.permission.SET_PREFERRED_APPLICATIONS
[INTERNAL_LOG][2018-06-08 02:45:26,374][INFO][is_hybird()] android.permission.WAKE_LOCK
[INTERNAL_LOG][2018-06-08 02:45:26,374][INFO][is_hybird()] com.android.vending.BILLING
[INTERNAL_LOG][2018-06-08 02:45:26,374][INFO][is_hybird()] android.permission.ACCESS_COARSE_LOCATION
[INTERNAL_LOG][2018-06-08 02:45:26,374][INFO][is_hybird()] android.permission.ACCESS_FINE_LOCATION
[INTERNAL_LOG][2018-06-08 02:45:26,374][INFO][is_hybird()] android.permission.ACCESS_MOCK_LOCATION
[INTERNAL_LOG][2018-06-08 02:45:26,374][INFO][is_hybird()] android.permission.READ_PROFILE
[INTERNAL_LOG][2018-06-08 02:45:26,374][INFO][is_hybird()] com.teslacoilsw.launcher.permission.READ_SETTINGS
[INTERNAL_LOG][2018-06-08 02:45:26,374][INFO][is_hybird()] com.anddoes.launcher.permission.READ_SETTINGS
[INTERNAL_LOG][2018-06-08 02:45:26,374][INFO][is_hybird()] com.huawei.android.launcher.permission.READ_SETTINGS
[INTERNAL_LOG][2018-06-08 02:45:26,374][INFO][is_hybird()] com.huawei.android.launcher.permission.WRITE_SETTINGS
[INTERNAL_LOG][2018-06-08 02:45:26,374][INFO][is_hybird()] com.google.android.launcher.permission.READ_SETTINGS
[INTERNAL_LOG][2018-06-08 02:45:26,374][INFO][is_hybird()] home.solo.launcher.free.permission.READ_SETTINGS
[INTERNAL_LOG][2018-06-08 02:45:26,374][INFO][is_hybird()] com.htc.launcher.permission.READ_SETTINGS
[INTERNAL_LOG][2018-06-08 02:45:26,375][INFO][is_hybird()] com.lge.launcher.permission.READ_SETTINGS
[INTERNAL_LOG][2018-06-08 02:45:26,375][INFO][is_hybird()] com.fede.launcher.permission.READ_SETTINGS
[INTERNAL_LOG][2018-06-08 02:45:26,375][INFO][is_hybird()] org.adw.launcher.permission.READ_SETTINGS
[INTERNAL_LOG][2018-06-08 02:45:26,375][INFO][is_hybird()] org.adwfreak.launcher.permission.READ_SETTINGS
[INTERNAL_LOG][2018-06-08 02:45:26,375][INFO][is_hybird()] org.adw.launcher_donut.permission.READ_SETTINGS
[INTERNAL_LOG][2018-06-08 02:45:26,375][INFO][is_hybird()] com.cyanogenmod.trebuchet.permission.READ_SETTINGS
[INTERNAL_LOG][2018-06-08 02:45:26,375][INFO][is_hybird()] com.lenovo.launcher.permission.READ_SETTINGS
[INTERNAL_LOG][2018-06-08 02:45:26,375][INFO][is_hybird()] cn.nubia.launcher.permission.READ_SETTINGS
[INTERNAL_LOG][2018-06-08 02:45:26,375][INFO][is_hybird()] com.android.launcher3.permission.READ_SETTINGS
[INTERNAL_LOG][2018-06-08 02:45:26,375][INFO][is_hybird()] com.android.launcher.permission.READ_SETTINGS
[INTERNAL_LOG][2018-06-08 02:45:26,375][INFO][is_hybird()] android.permission.ACCESS_WEATHERCLOCK_PROVIDER
[INTERNAL_LOG][2018-06-08 02:45:26,375][INFO][is_hybird()] com.android.cmlauncher.permission.READ_SETTINGS
[INTERNAL_LOG][2018-06-08 02:45:26,375][INFO][is_hybird()] android.permission.SYSTEM_OVERLAY_WINDOW
[INTERNAL_LOG][2018-06-08 02:45:26,375][INFO][is_hybird()] com.android.launcher.permission.INSTALL_SHORTCUT
[INTERNAL_LOG][2018-06-08 02:45:26,375][INFO][is_hybird()] com.android.launcher.permission.READ_SETTINGS
[INTERNAL_LOG][2018-06-08 02:45:26,375][INFO][is_hybird()] com.android.launcher2.permission.READ_SETTINGS
[INTERNAL_LOG][2018-06-08 02:45:26,375][INFO][is_hybird()] com.android.launcher3.permission.READ_SETTINGS
[INTERNAL_LOG][2018-06-08 02:45:26,375][INFO][is_hybird()] com.huawei.android.launcher.permission.READ_SETTINGS
[INTERNAL_LOG][2018-06-08 02:45:26,375][INFO][is_hybird()] com.huawei.launcher2.permission.READ_SETTINGS
[INTERNAL_LOG][2018-06-08 02:45:26,375][INFO][is_hybird()] com.huawei.launcher3.permission.READ_SETTINGS
[INTERNAL_LOG][2018-06-08 02:45:26,375][INFO][is_hybird()] com.htc.launcher.permission.READ_SETTINGS
[INTERNAL_LOG][2018-06-08 02:45:26,375][INFO][is_hybird()] com.lge.launcher.permission.READ_SETTINGS
[INTERNAL_LOG][2018-06-08 02:45:26,375][INFO][is_hybird()] com.fede.launcher.permission.READ_SETTINGS
[INTERNAL_LOG][2018-06-08 02:45:26,375][INFO][is_hybird()] com.oppo.launcher.permission.READ_SETTINGS
[INTERNAL_LOG][2018-06-08 02:45:26,375][INFO][is_hybird()] com.miui.mihome2.permission.READ_SETTINGS
[INTERNAL_LOG][2018-06-08 02:45:26,375][INFO][is_hybird()] com.sec.android.app.launcher.permission.READ_SETTINGS
[INTERNAL_LOG][2018-06-08 02:45:26,376][INFO][is_hybird()] com.sec.android.app.launcher.permission.WRITE_SETTINGS
[INTERNAL_LOG][2018-06-08 02:45:26,376][INFO][is_hybird()] com.samsung.android.launcher.permission.READ_SETTINGS
[INTERNAL_LOG][2018-06-08 02:45:26,376][INFO][is_hybird()] com.samsung.android.launcher.permission.WRITE_SETTINGS
[INTERNAL_LOG][2018-06-08 02:45:26,376][INFO][is_hybird()] android.permission.USE_FINGERPRINT
[INTERNAL_LOG][2018-06-08 02:45:26,376][INFO][is_hybird()] android.permission.GET_PACKAGE_SIZE
[INTERNAL_LOG][2018-06-08 02:45:26,376][INFO][is_hybird()] android.permission.MANAGE_ACCOUNTS
[INTERNAL_LOG][2018-06-08 02:45:26,376][INFO][is_hybird()] android.permission.GET_ACCOUNTS
[INTERNAL_LOG][2018-06-08 02:45:26,376][INFO][is_hybird()] android.permission.READ_PHONE_STATE
[INTERNAL_LOG][2018-06-08 02:45:26,376][INFO][is_hybird()] android.permission.CHANGE_NETWORK_STATE
[INTERNAL_LOG][2018-06-08 02:45:26,376][INFO][is_hybird()] android.permission.CHANGE_WIFI_STATE
[INTERNAL_LOG][2018-06-08 02:45:26,376][INFO][is_hybird()] android.permission.ACCESS_WIFI_STATE
[INTERNAL_LOG][2018-06-08 02:45:26,376][INFO][is_hybird()] android.permission.BLUETOOTH_ADMIN
[INTERNAL_LOG][2018-06-08 02:45:26,376][INFO][is_hybird()] android.permission.BLUETOOTH
[INTERNAL_LOG][2018-06-08 02:45:26,376][INFO][is_hybird()] android.permission.CAMERA
[INTERNAL_LOG][2018-06-08 02:45:26,376][INFO][is_hybird()] android.permission.FLASHLIGHT
[INTERNAL_LOG][2018-06-08 02:45:26,376][INFO][is_hybird()] android.permission.SYSTEM_ALERT_WINDOW
[INTERNAL_LOG][2018-06-08 02:45:26,376][INFO][is_hybird()] android.permission.RECEIVE_BOOT_COMPLETED
[INTERNAL_LOG][2018-06-08 02:45:26,376][INFO][is_hybird()] android.permission.BIND_ACCESSIBILITY_SERVICE
[INTERNAL_LOG][2018-06-08 02:45:26,376][INFO][is_hybird()] android.permission.BIND_NOTIFICATION_LISTENER_SERVICE
[INTERNAL_LOG][2018-06-08 02:45:26,376][INFO][is_hybird()] android.permission.CHANGE_WIFI_MULTICAST_STATE
[INTERNAL_LOG][2018-06-08 02:45:26,376][INFO][is_hybird()] android.permission.RECEIVE_SMS
[INTERNAL_LOG][2018-06-08 02:45:26,376][INFO][is_hybird()] android.permission.SEND_SMS
[INTERNAL_LOG][2018-06-08 02:45:26,376][INFO][is_hybird()] android.permission.WRITE_APN_SETTINGS
[INTERNAL_LOG][2018-06-08 02:45:26,376][INFO][is_hybird()] android.permission.READ_SMS
[INTERNAL_LOG][2018-06-08 02:45:26,376][INFO][is_hybird()] android.permission.WRITE_SMS
[INTERNAL_LOG][2018-06-08 02:45:26,377][INFO][is_hybird()] android.permission.MODIFY_PHONE_STATE
[INTERNAL_LOG][2018-06-08 02:45:26,377][INFO][is_hybird()] android.permission.MOUNT_UNMOUNT_FILESYSTEMS
[INTERNAL_LOG][2018-06-08 02:45:26,377][INFO][is_hybird()] android.permission.USE_CREDENTIALS
[INTERNAL_LOG][2018-06-08 02:45:26,377][INFO][is_hybird()] android.permission.KILL_BACKGROUND_PROCESSES
[INTERNAL_LOG][2018-06-08 02:45:26,377][INFO][is_hybird()] android.permission.DISABLE_KEYGUARD
[INTERNAL_LOG][2018-06-08 02:45:26,377][INFO][is_hybird()] com.android.vending.CHECK_LICENSE
[INTERNAL_LOG][2018-06-08 02:45:26,377][INFO][is_hybird()] com.google.android.c2dm.permission.RECEIVE
[INTERNAL_LOG][2018-06-08 02:45:26,377][INFO][is_hybird()] android.permission.MODIFY_AUDIO_SETTINGS
[INTERNAL_LOG][2018-06-08 02:45:26,377][INFO][is_hybird()] com.google.android.providers.gsf.permission.READ_GSERVICES
[INTERNAL_LOG][2018-06-08 02:45:26,377][INFO][is_hybird()] android.permission.READ_CALL_LOG
[INTERNAL_LOG][2018-06-08 02:45:26,377][INFO][is_hybird()] com.gau.go.launcherex.permission.C2D_MESSAGE
[INTERNAL_LOG][2018-06-08 02:45:26,377][INFO][is_hybird()] [Permission End]

[INTERNAL_LOG][2018-06-08 02:45:26,377][INFO][analyze_start()] TYPE APK: [ANDROID NATIVE]

[INTERNAL_LOG][2018-06-08 02:45:26,377][INFO][find_string()] [START FILE ANALYZE]
[INTERNAL_LOG][2018-06-08 02:45:26,377][INFO][find_string()] File: assets/net_error.html
[INTERNAL_LOG][2018-06-08 02:45:26,378][INFO][find_string()] No iframe in assets/net_error.html
[INTERNAL_LOG][2018-06-08 02:45:26,378][INFO][find_string()] [END ANALYZE FILE]

[INTERNAL_LOG][2018-06-08 02:46:37,631][INFO][find_url_in_apk()] [START URL LOADED INSIDE LOAD FUNCTION]
[INTERNAL_LOG][2018-06-08 02:46:37,631][INFO][find_url_in_apk()] http://54.183.194.20/http/monitor
http://54.183.194.216/http/monitor
https://play.google.com/store/apps/collection/similar_apps_com.spotify.music?clp=qgEZChcKEWNvbS5zcG90aWZ5Lm11c2ljEAEYAw%3D%3D:S:ANO1ljJEKdU
https://play.google.com/store/apps/collection/similar_apps_media.audioplayer.musicplayer?clp=qgElCiMKHW1lZGlhLmF1ZGlvcGxheWVyLm11c2ljcGxheWVyEAEYAw%3D%3D:S:ANO1ljLMIEU

[INTERNAL_LOG][2018-06-08 02:46:37,631][INFO][find_url_in_apk()] [END URL LOADED INSIDE LOAD FUNCTION]
[INTERNAL_LOG][2018-06-08 02:46:38,147][ERROR][download_page_loaded()] Failed response code: 405 for http://54.183.194.20/http/monitor  
[INTERNAL_LOG][2018-06-08 02:46:38,556][ERROR][download_page_loaded()] Failed response code: 405 for http://54.183.194.216/http/monitor  
[INTERNAL_LOG][2018-06-08 02:46:39,126][INFO][find_string()] [START REMOTE FILE ANALYZE]
[INTERNAL_LOG][2018-06-08 02:46:39,126][INFO][find_string()] Remote File in: temp_html_code/html_downloaded_GO Launcher - 3D parallax Themes _ HD Wallpapers by GOMO Limited - com/similar_apps_com.spotify.music?clp=qgEZChcKEWNvbS5zcG90aWZ5Lm11c2ljEAEYAw%3D%3D:S:ANO1ljJEKdU
[INTERNAL_LOG][2018-06-08 02:46:39,126][INFO][find_string()] URL: https://play.google.com/store/apps/collection/similar_apps_com.spotify.music?clp=qgEZChcKEWNvbS5zcG90aWZ5Lm11c2ljEAEYAw%3D%3D:S:ANO1ljJEKdU
[INTERNAL_LOG][2018-06-08 02:46:39,181][INFO][find_string()] No iframe in temp_html_code/html_downloaded_GO Launcher - 3D parallax Themes _ HD Wallpapers by GOMO Limited - com/similar_apps_com.spotify.music?clp=qgEZChcKEWNvbS5zcG90aWZ5Lm11c2ljEAEYAw%3D%3D:S:ANO1ljJEKdU
[INTERNAL_LOG][2018-06-08 02:46:39,181][INFO][find_string()] Remote File in: temp_html_code/html_downloaded_GO Launcher - 3D parallax Themes _ HD Wallpapers by GOMO Limited - com/similar_apps_media.audioplayer.musicplayer?clp=qgElCiMKHW1lZGlhLmF1ZGlvcGxheWVyLm11c2ljcGxheWVyEAEYAw%3D%3D:S:ANO1ljLMIEU
[INTERNAL_LOG][2018-06-08 02:46:39,181][INFO][find_string()] URL: https://play.google.com/store/apps/collection/similar_apps_media.audioplayer.musicplayer?clp=qgElCiMKHW1lZGlhLmF1ZGlvcGxheWVyLm11c2ljcGxheWVyEAEYAw%3D%3D:S:ANO1ljLMIEU
[INTERNAL_LOG][2018-06-08 02:46:39,233][INFO][find_string()] No iframe in temp_html_code/html_downloaded_GO Launcher - 3D parallax Themes _ HD Wallpapers by GOMO Limited - com/similar_apps_media.audioplayer.musicplayer?clp=qgElCiMKHW1lZGlhLmF1ZGlvcGxheWVyLm11c2ljcGxheWVyEAEYAw%3D%3D:S:ANO1ljLMIEU
[INTERNAL_LOG][2018-06-08 02:46:39,233][INFO][find_string()] [END ANALYZE FILE]

[INTERNAL_LOG][2018-06-08 02:46:39,234][INFO][find_url_in_apk()] [START ALL URL INSIDE APK]
[INTERNAL_LOG][2018-06-08 02:46:39,234][INFO][find_url_in_apk()] http://schemas.android.com/apk/res/android
http://schemas.android.com/apk/res/android
http://schemas.android.com/apk/res/android
http://schemas.android.com/apk/res/android
https://onelink.%s/shortlink-sdk/v1
https://monitorsdk.%s/remote-debug?app_id=
https://api.%s/install_data/v3/
https://attr.%s/api/v
https://t.%s/api/v
https://events.%s/api/v
https://register.%s/api/v
https://stats.%s/stats
http://cmpsh.goforandroid.com/
http://cmpsh.goforandroid.com/
https://protect.ppmobiles.com
http://m.facebook.com/ads/ad_choices
http://m.facebook.com/ads/ad_choices
https://www.facebook.com/audience_network/server_side_reward
https://www.%s.facebook.com/audience_network/server_side_reward
https://graph.facebook.com/network_ads_common
https://graph.%s.facebook.com/network_ads_common
https://www.facebook.com/adnw_logging/
https://www.%s.facebook.com/adnw_logging/
https://www.facebook.com/
https://www.facebook.com/
https://www.%s.facebook.com
http://www.facebook.com
https://graph.%s
https://graph-video.%s
https://facebook.com
https://facebook.com/device?user_code=%1$s&qr=1
http://play.google.com/store/apps/details?id=com.facebook.orca
http://www.example.com
http://www.example.com
http://www.example.com
https://adlog.flurry.com
http://adlog.flurry.com
https://play.google.com/store/apps/details?id=
https://play.google.com/store/apps/details?id=
https://play.google.com/store/apps/details?id=
https://play.google.com/store/apps/details?id=
https://play.google.com/store/apps/details?id=
https://play.google.com/store/apps/details?id=
https://play.google.com/store/apps/details?id=
https://play.google.com/store/apps/details?id=
https://play.google.com/store/apps/details?id=
https://play.google.com/store/apps/details?id=
https://play.google.com/store/apps/details?id=
https://play.google.com/store/apps/details?id=
https://play.google.com/store/apps/details?id=
https://play.google.com/store/apps/details?id=
https://play.google.com/store/apps/details?id=
https://play.google.com/store/apps/details?id=
http://xmlpull.org/v1/doc/features.html#process-namespaces
http://www.yahoo.com
https://proton.flurry.com/sdk/v1/config
https://data.flurry.com/pcr.do
https://data.flurry.com/aap.do
http://data.flurry.com/aap.do
https://ads.flurry.com/v17/getAds.do
http://ads.flurry.com/v17/getAds.do
https://cdn.flurry.com/vast/videocontrols/v2/android.zip
http://gostat.3g.cn/GOClientData/DR?ptl=10&is_zip=1
http://gostat.3g.cn/GOClientData/DR?ptl=10&is_zip=1
http://goupdate.3g.cn/GOClientData/DR?ptl=10&is_zip=1
http://goupdate.3g.cn/GOClientData/DR?ptl=10&is_zip=1
http://61.145.124.212:8083/GOClientData/DR?ptl=10&is_zip=1
http://61.145.124.212:8083/GOClientData/DC
http://goupdate.3g.cn/GOClientData/DC
https://pagead2.googlesyndication.com/pagead/gen_204?id=gmob-apps
https://googleads.g.doubleclick.net/mads/static/mad/sdk/native/sdk-core-v40.html
https://googleads.g.doubleclick.net/mads/static/mad/sdk/native/mraid/v2/mraid_app_banner.js
https://googleads.g.doubleclick.net/mads/static/mad/sdk/native/mraid/v2/mraid_app_expanded_banner.js
https://googleads.g.doubleclick.net/mads/static/mad/sdk/native/mraid/v2/mraid_app_interstitial.js
https://csi.gstatic.com/csi
https://googleads.g.doubleclick.net/mads/static/mad/sdk/native/native_ads.html
https://googleads.g.doubleclick.net/mads/static/mad/sdk/native/native_video_ads.html
https://www.google.com/dfp/linkDevice
https://www.google.com/dfp/inAppPreview
https://www.google.com/dfp/debugSignals
https://www.google.com/dfp/sendDebugData
https://pagead2.googlesyndication.com/pagead/gen_204
http://3g.cn
http://3g.cn
http://advshield.goforandroid.com/adv_shield/shield/confirmShield
http://advonline.goforandroid.com/adv_online/onlineadv
http://advword.goforandroid.com/api/v1/webAd
http://newstoredata.goforandroid.com/newstore/common?funid=13&rd=
http://gotest.3g.net.cn/newstore/common?funid=13
http://www.google.com
http://www.google.com
http://www.google.com
http://www.google.com
http://newstoredis.goforandroid.com/newstore_dis/common?funid=1&rd=
http://resource.gomocdn.com/soft/file/term/1489/agreement_en.html
http://resource.gomocdn.com/soft/file/term/1489/agreement_en.html
http://resource.gomocdn.com/soft/file/term/1489/agreement_en.html
http://resource.gomocdn.com/soft/file/term/1489/agreement_en.html
http://resource.gomocdn.com/soft/file/term/1489/agreement_en.html
http://resource.gomocdn.com/soft/file/term/1489/agreement_en.html
http://resource.gomocdn.com/soft/file/term/1489/agreement_en.html
http://resource.gomocdn.com/soft/file/term/1489/agreement_en.html
http://resource.gomocdn.com/soft/file/term/1489/agreement_en.html
http://resource.gomocdn.com/soft/file/term/1489/agreement_en.html
http://resource.gomocdn.com/soft/file/term/1489/agreement_en.html
http://resource.gomocdn.com/soft/file/term/1489/agreement_zh.html
http://resource.gomocdn.com/soft/file/term/1489/agreement_zh.html
http://resource.gomocdn.com/soft/file/term/1489/agreement_zh.html
http://resource.gomocdn.com/soft/file/term/1489/agreement_zh.html
http://resource.gomocdn.com/soft/file/term/1489/agreement_zh.html
http://resource.gomocdn.com/soft/file/term/1489/agreement_zh.html
http://resource.gomocdn.com/soft/file/term/1489/agreement_zh.html
http://resource.gomocdn.com/soft/file/term/1489/agreement_zh.html
http://resource.gomocdn.com/soft/file/term/1489/agreement_zh.html
http://resource.gomocdn.com/soft/file/term/1489/agreement_zh.html
http://resource.gomocdn.com/soft/file/term/1489/agreement_zh.html
https://twitter.com/%s/status/%s
http://spreadsheets.google.com/formResponse?formkey=
http://abtest.goforandroid.com/abtestcenter/ab?gzip=0&sid=%s&cid=%d&cversion=%d&local=%s&utm_source=%s&entrance=%d&cdays=%d&isupgrade=%d&aid=%s&sdk_stat=%d&pkgname=%s&user_from=%s&sv=8
https://dns.google.com
https://dns.google.com
http://54.183.194.20/http/monitor
http://54.183.194.216/http/monitor
http://verifycode.api.goforandroid.com
https://version.goforandroid.com
https://version.goforandroid.com
http://www.w3.org/ns/ttml#parameter
https://www.googleapis.com/auth/games
https://plus.google.com/
https://app-measurement.com/a
https://www.google.com
https://mobilecrashreporting.googleapis.com/v1/crashes:batchCreate?key=
https://support.google.com/dfp_premium/answer/7160685#push
http://play.google.com/store/apps/details
http://play.google.com/store/apps/details
http://play.google.com/store/apps/details
http://play.google.com/store/apps/details
http://play.google.com/store/apps/details
http://play.google.com/store/apps/details
http://play.google.com/store/apps/details
http://play.google.com/store/apps/details
https://play.google.com/store/apps/details
https://play.google.com/store/apps/details
https://play.google.com/store/apps/details
https://play.google.com/store/apps/details
https://play.google.com/store/apps/details
https://play.google.com/store/apps/details
https://play.google.com/store/apps/details
https://play.google.com/store/apps/details
https://api.douban.com/v2/movie/top250?start=0&count=3
https://api.douban.com/v2/movie/top250?start=0&count=3
https://api.douban.com/v2/movie/top250?start=0&count=3
https://api.douban.com/v2/movie/top250?start=0&count=3
https://api.douban.com/v2/movie/top250?start=0&count=3
https://api.douban.com/v2/movie/top250?start=0&count=3
http://abtest.goforandroid.com/abtestcenter/ab?sid=292&gzip=0&utm_source=unknown_buychannel&isupgrade=2&aid=4ff9050001bb056f&local=US&cversion=500&user_from=-1&pkgname=com.commerce.chargelockerdemo&cid=6&cdays=1&entrance=999
http://abtest.goforandroid.com/abtestcenter/
http://abtest.goforandroid.com/abtestcenter/
http://adviw.goforandroid.com/api/v1/func
http://adviw.goforandroid.com/api/v1/func
https://api.douban.com/v2/movie
https://api.douban.com/v2/movie
https://api.douban.com/v2/movie/repeat
https://api.douban.com/v2/movie/repeat
https://api.douban.com/v2/movie/retry
https://api.douban.com/v2/movie/retry
https://conf.goforandroid.com/api/v4/configurations
https://sebz.goforandroid.com/api/v1/search/engines
https://navigation.gomo.com/api/v2/website/navigations
http://play.google.com/store/search?q=
http://play.google.com/store/search?q=
http://m.v9.com/web?from=gomolauncher&q=
http://search.coo123.net/?cid=NDP.mobi6&query=
http://search.coo123.net/?cid=NDP.mobi6&query=
http://search.coo123.net/?cid=NDP.mobi6.a1&disableTitle=true&query=
http://www.searchthis.com/web?mgct=sb&o=B10003&q=
http://www.searchthis.com/web?o=B10010&mgct=sb&q=
http://m.v9.com/web?from=golocker&q=
https://www.google.com/#newwindow=0&q=
http://advtimedown.goforandroid.com/adv_time/time/getSysTime
http://newstoredata.goforandroid.com/newstore/
http://newstoredata.goforandroid.com/newstore/
http://abtest.goforandroid.com/abtestcenter/config
http://abtest.goforandroid.com/abtestcenter/config
http://gotest.3g.net.cn/newstore/
http://gotest.3g.net.cn/newstore/
http://advs2sonline.goforandroid.com/s2sadv
http://adviap.goforandroid.com/adv_iap/userTag
http://newstoredata.goforandroid.com/newstore/usertype
http://newstoredis.3g.net.cn/newstore_dis/common?funid=3&rd=
http://newstoredis.goforandroid.com/newstore_dis/common?funid=3&rd=
http://advsearch.goforandroid.com/adv_search/search
http://conf.api.hk.goforandroid.com
http://version.api.goforandroid.com
http://sebz-service.goforandroid.com
http://sebz-service.goforandroid.com
http://sebz-service.goforandroid.com
https://sebz.goforandroid.com
https://sebz.goforandroid.com
https://conf.goforandroid.com
https://play.google.com/store/apps/details?id=com.gau.go.launcherex.gowidget.weatherwidget
https://play.google.com/store/apps/details?id=com.gau.go.launcherex.gowidget.weatherwidget
https://play.google.com/store/apps/details?id=com.gau.go.launcherex.gowidget.weatherwidget
https://play.google.com/store/apps/details?id=com.gau.go.launcherex.gowidget.weatherwidget
https://play.google.com/store/apps/details?id=com.jiubang.goscreenlock.plugin.lockscreen
https://play.google.com/store/apps/details?id=com.gto.zero.zboost&referrer=utm_source%3Dcom.gau.go.launcherex_ToolBox%26utm_medium%3DHyperlink%26utm_campaign%3DToolBox
https://www.facebook.com/golauncher
https://www.facebook.com/golauncher
https://www.facebook.com/golauncher
https://www.facebook.com/golauncher
https://www.facebook.com/golauncher
https://www.facebook.com/golauncher
https://www.facebook.com/golauncher
http://share.goforandroid.com/go/index.html
http://rep.tyroodr.com/tyrGoUAEOffers/OffersForYou.html?idfa=&gaid=
http://rep.tyroodr.com/tyrGoArabOffers/OffersForYou.html?idfa=&gaid=
https://pryynt.me/widget?application_key=55ae27571e3a855ae27571e451&platform=android&language=en&currency=usd
http://lzt.goforandroid.com/launcherzthemestore/common?funid=4
https://play.google.com/store/apps/details?id=com.gto.zero.zboost&referrer=utm_source%3DCleanCache%26utm_medium%3DHyperlink%26utm_campaign%3DGOLauncherEX
https://play.google.com/store/apps/collection/similar_apps_com.spotify.music?clp=qgEZChcKEWNvbS5zcG90aWZ5Lm11c2ljEAEYAw%3D%3D:S:ANO1ljJEKdU
https://play.google.com/store/apps/collection/similar_apps_media.audioplayer.musicplayer?clp=qgElCiMKHW1lZGlhLmF1ZGlvcGxheWVyLm11c2ljcGxheWVyEAEYAw%3D%3D:S:ANO1ljLMIEU
http://goappcenter.3g.net.cn/recommendedapp/heartbeat.do?rd=
http://goappcenter.goforandroid.com/recommendedapp/heartbeat.do?rd=
http://goappcenter.3g.net.cn
http://goappcenter.goforandroid.com
http://183.61.112.38:8011
http://newstoredata.goforandroid.com/newstore/feature.jsp?phead=
http://newstoredata.goforandroid.com/newstore/feature-game.jsp?phead=
http://gotest.3g.net.cn/wallpaperAction/common
http://gotest.3g.net.cn/wallpaperAction/common
http://wallpaperAction.goforandroid.com/wallpaperAction/common
http://wallpaperAction.goforandroid.com/wallpaperAction/common
http://wallpaperAction.goforandroid.com/wallpaperAction/common?funid=5
https://play.google.com/store/apps/details?id=com.gau.go.launcherex&referrer=utm_source%3Dupgrade%26utm_medium%3DHyperlink%26utm_campaign%3DGOLauncher
https://play.google.com/store/apps/details?id=com.gau.go.launcherex&referrer=utm_source%3Dupgrade%26utm_medium%3DHyperlink%26utm_campaign%3DGOLauncher
http://desktop.api.hk.goforandroid.com/api/v1/folders/applications?product_id=
http://desktop.api.hk.goforandroid.com/api/v1/folders
http://gameservice.goforandroid.com/gameservice/common?
http://www.google.com/search?q=
http://www.ask.com/web?q=
http://www.ask.com
http://search.coo123.net
https://sebz.goforandroid.com/api/v1/search/keywords?product_id=1008&client=
https://sebz.goforandroid.com/api/v1/search/engines?product_id=1008&client=
http://www.searchthis.com/web?mgct=sb&o=B10001&q=
http://www.searchthis.com
https://m.uber.com/sign-up?client_id=
http://www.goforandroid.com/en/privacy-policy.html
http://www.goforandroid.com/en/privacy-policy.html
https://play.google.com/store/apps/details?id=com.jiubang.goscreenlock&referrer=utm_source%3Dgolocker%26utm_medium%3Dbanner%26utm_campaign%3DGOLauncher_Ads_Promotion
https://play.google.com/store/apps/details?id=com.jiubang.goscreenlock&referrer=utm_source%3Dgolocker%26utm_medium%3Dbanner%26utm_campaign%3DGOLauncher_Ads_Promotion
https://play.google.com/store/apps/details?id=com.jb.gosms&referrer=utm_source%3Dlauncherz%26utm_medium%3DHyperlink%26utm_campaign%3Dthemestore
https://play.google.com/store/apps/details?id=com.jb.gosms&referrer=utm_source%3Dlauncherz%26utm_medium%3DHyperlink%26utm_campaign%3Dthemestore
https://play.google.com/store/apps/details?id=com.jb.emoji.gokeyboard&referrer=utm_source%3Dgolauncher%26utm_medium%3DHyperlink%26utm_campaign%3Dthemestore
https://play.google.com/store/apps/details?id=com.gau.go.launcherex.gowidget.weatherwidget&referrer=utm_source%3DGOLauncherThemeStore%26utm_medium%3DPopup%26utm_campaign%3DGOLauncher
http://gotest.3g.net.cn
https://lzt.bbcget.com
http://gotest.3g.net.cn/launcherzthemestore/common?
http://lzt.goforandroid.com/launcherzthemestore/common?
http://godfs.3g.cn/
http://gosmsdl.goforandroid.com/
https://play.google.com/store/apps/details?id=com.mowoo.wallpaper&referrer=utm_source%3Dcom.gau.go.launcherex_GOStore%26utm_medium%3DHyperlink%26utm_campaign%3DGOLauncher
http://resource.gomocdn.com
http://resource.gomocdn.com
http://godfs.3g.cn
http://godfs.3g.cn
https://play.google.com/store/apps/details?id=com.gau.go.launcherex.key&referrer=utm_source%3DGOLauncherSlidingMenuSceneRecommend%26utm_medium%3DHyperlink%26utm_campaign%3DGOLauncher
https://play.google.com/store/apps/details?id=com.gau.go.launcherex.key&referrer=utm_source%3DGOLauncherSlidingMenuSceneRecommend%26utm_medium%3DHyperlink%26utm_campaign%3DGOLauncher
https://play.google.com/store/apps/details?id=com.gau.go.launcherex.key&referrer=utm_source%3DGOLauncherSlidingMenuSceneRecommend%26utm_medium%3DHyperlink%26utm_campaign%3DGOLauncher
http://fb.goforandroid.com/userfeedback/interface/upload.jsp
http://help.goforandroid.com/golauncherz/index.html
http://fb.goforandroid.com/userfeedback/interface/clientfeedback.jsp?pid=%s&contact=%s&versionname=%s&versioncode=%s&type=%s
http://launcher.goweatherex.3g.cn/goweatherex/city/search?
http://launcher.goweatherex.3g.cn/goweatherex/city/gps?
http://launcher.goweatherex.3g.cn/goweatherex/weather/getWeather?
http://app.ht5game.com/game/gogame/Airattack/index.html?source=gogame
http://app.ht5game.com/game/gogame/zuma/index.html?source=gogame
http://geoip.goforandroid.com/?from=com.gau.go.launcherex
https://play.google.com/store/apps/details?id=com.gau.golauncherex.notification
https://play.google.com/store/apps/details?id=com.gau.go.launcherex.gowidget.weatherwidget&referrer=utm_source%3Dabovethemenu%26utm_medium%3DHyperlink%26utm_campaign%3DGOLauncher
http://www.goforandroid.com/en/apps-launcher.html
http://goforandroid.com/GDTEn/index.aspx
http://goforandroid.com/gdt/index.aspx?nav=1
http://goforandroid.com/Korea/index.aspx
https://m.facebook.com/ads/ad_choices
https://play.google.com/store/apps/details?id=com.gau.go.launcherex
https://goo.gl/7fYIEk
http://lzb.goforandroid.com/launcherzbase/common?funid=1&rd=
http://lzb.goforandroid.com/launcherzbase/common?funid=2&rd=
http://schemas.android.com/apk/res/com.gau.go.launcherex
http://schemas.android.com/apk/res/com.gau.go.launcherex
http://schemas.android.com/apk/res/com.gau.go.launcherex
http://schemas.android.com/apk/res/com.gau.go.launcherex
http://gotest.3g.net.cn/newstore/common
http://newstoredata.goforandroid.com/newstore/common
http://launchergvip.goforandroid.com/launchergvip/common?
http://launchergvip.goforandroid.com/launchergvip/common?funid=5&rd=
https://play.google.com
http://play.google.com
http://gamecenter.stage.gomo.com
http://gamecenter.gomo.com
https://gameapi.gomo.com/oauth2/me?
https://gameapi.gomo.com/oauth2/authorize?
http://lzt.goforandroid.com
http://gotest.3g.net.cn/diyapkthemestore/common?
http://gotest.3g.net.cn/microtss/red/business/updateTime
http://cdn.mobpowertech.com/gdpr/MobPowerPrivacyPolicySetting.html
http://cdn.mobpowertech.com/gdpr/MobPowerPrivacyPolicySetting.html
http://cdn.mobpowertech.com/gdpr/MobPowerPrivacyPolicySetting.html
https://play.google.com/
https://play.google.com/
https://play.google.com/
http://scheme.mobpowertech.com/v1/video/callback
https://android.clients.google.com/
http://sdk.a-mo.net/
http://tracking.a-mo.net/d/v1/elog
https://analytics.mopub.com/i/jot/exchange_client_event
https://www.mopub.com/optout
https://config.unityads.unity3d.com/webview/
http://goload.wecloud.io/goload
http://218.213.248.178/goload/
http://218.213.248.137/goload

[INTERNAL_LOG][2018-06-08 02:46:39,234][INFO][find_url_in_apk()] [END ALL URL INSIDE APK]
[INTERNAL_LOG][2018-06-08 02:46:39,239][INFO][check_method_conf()] [JavaScript enabled: True]

[INTERNAL_LOG][2018-06-08 02:46:39,239][INFO][check_method_conf()] [Add interface WebView: True]

[INTERNAL_LOG][2018-06-08 02:46:39,239][INFO][analyze_start()] This app might be not vulnerable on  attack frame confusion.
[INTERNAL_LOG][2018-06-08 02:46:39,239][INFO][analyze_start()] End time:[Fri Jun  8 02:46:39 2018]
