[INTERNAL_LOG][2018-06-08 04:05:31,866][INFO][analyze_start()] Init Time [Fri Jun  8 04:05:31 2018]
[INTERNAL_LOG][2018-06-08 04:05:31,998][INFO][is_hybird()] [Permission Enble Start]
[INTERNAL_LOG][2018-06-08 04:05:31,998][INFO][run()] Start Analysis
[INTERNAL_LOG][2018-06-08 04:05:31,998][INFO][is_hybird()] android.permission.INTERNET
[INTERNAL_LOG][2018-06-08 04:05:31,998][INFO][is_hybird()] android.permission.ACCESS_FINE_LOCATION
[INTERNAL_LOG][2018-06-08 04:05:31,998][INFO][is_hybird()] android.permission.ACCESS_NETWORK_STATE
[INTERNAL_LOG][2018-06-08 04:05:31,998][INFO][is_hybird()] android.permission.READ_PHONE_STATE
[INTERNAL_LOG][2018-06-08 04:05:31,999][INFO][is_hybird()] android.permission.ACCESS_WIFI_STATE
[INTERNAL_LOG][2018-06-08 04:05:31,999][INFO][is_hybird()] android.permission.VIBRATE
[INTERNAL_LOG][2018-06-08 04:05:31,999][INFO][is_hybird()] android.permission.ACCESS_COARSE_LOCATION
[INTERNAL_LOG][2018-06-08 04:05:31,999][INFO][is_hybird()] com.google.android.providers.gsf.permission.READ_GSERVICES
[INTERNAL_LOG][2018-06-08 04:05:31,999][INFO][is_hybird()] com.google.android.c2dm.permission.RECEIVE
[INTERNAL_LOG][2018-06-08 04:05:31,999][INFO][is_hybird()] com.grabtaxi.passenger.permission.C2D_MESSAGE
[INTERNAL_LOG][2018-06-08 04:05:31,999][INFO][is_hybird()] android.permission.GET_ACCOUNTS
[INTERNAL_LOG][2018-06-08 04:05:31,999][INFO][is_hybird()] android.permission.WAKE_LOCK
[INTERNAL_LOG][2018-06-08 04:05:31,999][INFO][is_hybird()] android.permission.RECEIVE_SMS
[INTERNAL_LOG][2018-06-08 04:05:31,999][INFO][is_hybird()] android.permission.READ_SMS
[INTERNAL_LOG][2018-06-08 04:05:31,999][INFO][is_hybird()] android.permission.READ_CONTACTS
[INTERNAL_LOG][2018-06-08 04:05:31,999][INFO][is_hybird()] android.permission.READ_PROFILE
[INTERNAL_LOG][2018-06-08 04:05:31,999][INFO][is_hybird()] android.permission.READ_USER_DICTIONARY
[INTERNAL_LOG][2018-06-08 04:05:31,999][INFO][is_hybird()] android.permission.WRITE_EXTERNAL_STORAGE
[INTERNAL_LOG][2018-06-08 04:05:31,999][INFO][is_hybird()] android.permission.CAMERA
[INTERNAL_LOG][2018-06-08 04:05:31,999][INFO][is_hybird()] [Permission End]

[INTERNAL_LOG][2018-06-08 04:05:31,999][INFO][analyze_start()] TYPE APK: [ANDROID NATIVE]

[INTERNAL_LOG][2018-06-08 04:05:31,999][INFO][find_string()] [START FILE ANALYZE]
[INTERNAL_LOG][2018-06-08 04:05:31,999][INFO][find_string()] File: assets/adyen.html
[INTERNAL_LOG][2018-06-08 04:05:32,001][INFO][find_string()] No iframe in assets/adyen.html
[INTERNAL_LOG][2018-06-08 04:05:32,001][INFO][find_string()] File: assets/temp.html
[INTERNAL_LOG][2018-06-08 04:05:32,001][INFO][find_string()] No iframe in assets/temp.html
[INTERNAL_LOG][2018-06-08 04:05:32,001][INFO][find_string()] [END ANALYZE FILE]

[INTERNAL_LOG][2018-06-08 04:06:56,165][INFO][find_url_in_apk()] [START URL LOADED INSIDE LOAD FUNCTION]
[INTERNAL_LOG][2018-06-08 04:06:56,166][INFO][find_url_in_apk()] https://www.grab.com/sg/appeal/passenger/

[INTERNAL_LOG][2018-06-08 04:06:56,166][INFO][find_url_in_apk()] [END URL LOADED INSIDE LOAD FUNCTION]
[INTERNAL_LOG][2018-06-08 04:06:58,279][ERROR][download_page_loaded()] Failed download: https://www.grab.com/sg/appeal/passenger/ for exception [Errno 21] Is a directory: 'temp_html_code/html_downloaded_Grab - Cars_ Bikes _ Taxi Booking App by Grab Holdings - com/'
[INTERNAL_LOG][2018-06-08 04:06:58,281][INFO][find_string()] [START REMOTE FILE ANALYZE]
[INTERNAL_LOG][2018-06-08 04:06:58,281][INFO][find_string()] [END ANALYZE FILE]

[INTERNAL_LOG][2018-06-08 04:06:58,282][INFO][find_url_in_apk()] [START ALL URL INSIDE APK]
[INTERNAL_LOG][2018-06-08 04:06:58,282][INFO][find_url_in_apk()] http://schemas.android.com/apk/res/android
http://schemas.android.com/apk/res/android
https://settings.crashlytics.com/spi/v2/platforms/android/apps/%s/settings
https://monitorsdk.%s/remote-debug?app_id=
https://attr.%s/api/v
https://t.%s/api/v
https://events.%s/api/v
https://register.%s/api/v
https://stats.%s/stats
https://graph.%s
https://graph-video.%s
https://facebook.com
https://facebook.com/device?user_code=%1$s&qr=1
https://pagead2.googlesyndication.com/pagead/gen_204?id=gmob-apps
https://plus.google.com/
http://www.google-analytics.com
https://ssl.google-analytics.com
https://app-measurement.com/a
https://p.grabtaxi.com/
https://p.grabtaxi.com/
https://p.grabtaxi.com/
https://p.grabtaxi.com/
https://p.grabtaxi.com/
https://e.crashlytics.com/spi/v2/events
https://onelink.%s/shortlink-sdk/v1
https://api.%s/install_data/v3/
http://hostname/?
https://www.google.com
https://api.grab.com/
https://api.grab.com/
https://api.grab.com/
https://www.googleapis.com/auth/games
https://grabtaxi.zendesk.com
https://grabtaxi.zendesk.com
https://grabpassengerhelp.zendesk.com/hc/id/articles/360001245388
https://grabpassengerhelp.zendesk.com/hc/my/articles/360001245388
https://grabpassengerhelp.zendesk.com/hc/ms/articles/360001245388
https://grabpassengerhelp.zendesk.com/hc/fil/articles/360001245388
https://grabpassengerhelp.zendesk.com/hc/en-sg/articles/360001245388
https://grabpassengerhelp.zendesk.com/hc/th/articles/360001245388
https://grabpassengerhelp.zendesk.com/hc/vi/articles/360001245388
https://grabpassengerhelp.zendesk.com/hc/km/articles/360001245388
https://api.jr.grab.com/
https://grab-food.grabtaxi.com/api/v1/advertise
https://grab-food.grabtaxi.com/api/v1/restaurants
https://grab-food.grabtaxi.com/api/v1/restaurants
https://grab-food.grabtaxi.com/api/v1/restaurants/menu
https://www.doordash.com/
https://grb.to/2J1oK5K
https://www.grab.com/sg/appeal/passenger/
https://www.grab.com/help/#secondTier15
https://www.grab.com/help/#secondTier15
https://www.grab.com/help/#secondTier15
https://www.grab.com/sg/terms
https://p.grabtaxi.com//api/passenger/v2/bookings/
https://p.grabtaxi.com//api/passenger/v2/bookings/
http://leanplum:close
http://leanplum:close
http://leanplum:loadFinished
http://leanplum:runAction
http://leanplum:runTrackedAction
http://leanplum:track
http://www.example.com
http://www.example.com
http://www.example.com
http://www.example.com
https://maps.googleapis.com/maps/api/geocode/json
https://maps.googleapis.com/maps/api/geocode/json
https://maps.googleapis.com/maps/api/place/autocomplete/json
https://api.grab.com
https://api.grab.com
https://share.grab.com/%bookingId%
https://play.google.com/store/apps/details?id=%s
https://play.google.com/store/apps/details?id=%s
https://grab.com/privacy
https://api.grabpay.com/
https://stripe-3ds.com
https://help.grab.com/hc/id/articles/360001126968
http://leanplum/close
http://leanplum/close
http://leanplum/loadFinished
http://leanplum/runAction
http://leanplum/runTrackedAction
http://leanplum/track
https://grabpassengerhelp.zendesk.com/hc/en-sg
http://www.twitter.com/intent/tweet?text=
https://www.facebook.com/sharer/sharer.php?u=%s
https://play.google.com/store/apps/details?id=
https://www.grab.com/grabpay/#for_in_store_purchases
https://help.grab.com/hc/%s/sections/115001954148
http://www.grab.com/grabrewards
http://www.grab.com/grabrewards
http://play.google.com/store/apps/details?id=com.google.android.apps.walletnfcrel
https://sandbox.grab.com
https://api.stripe.com
https://api.stripe.com
http://localhost/
http://localhost/
http://localhost/
https://uploads.stripe.com
https://uploads.stripe.com
https://uploads.stripe.com

[INTERNAL_LOG][2018-06-08 04:06:58,282][INFO][find_url_in_apk()] [END ALL URL INSIDE APK]
[INTERNAL_LOG][2018-06-08 04:06:58,298][INFO][check_method_conf()] [JavaScript enabled: True]

[INTERNAL_LOG][2018-06-08 04:06:58,299][INFO][check_method_conf()] [Add interface WebView: True]

[INTERNAL_LOG][2018-06-08 04:06:58,299][INFO][analyze_start()] This app might be not vulnerable on  attack frame confusion.
[INTERNAL_LOG][2018-06-08 04:06:58,299][INFO][analyze_start()] End time:[Fri Jun  8 04:06:58 2018]
