[INTERNAL_LOG][2018-06-08 00:24:42,772][INFO][analyze_start()] Init Time [Fri Jun  8 00:24:42 2018]
[INTERNAL_LOG][2018-06-08 00:24:42,920][INFO][is_hybird()] [Permission Enble Start]
[INTERNAL_LOG][2018-06-08 00:24:42,920][INFO][run()] Start Analysis
[INTERNAL_LOG][2018-06-08 00:24:42,920][INFO][is_hybird()] android.permission.INTERNET
[INTERNAL_LOG][2018-06-08 00:24:42,920][INFO][is_hybird()] android.permission.ACCESS_NETWORK_STATE
[INTERNAL_LOG][2018-06-08 00:24:42,920][INFO][is_hybird()] com.android.vending.BILLING
[INTERNAL_LOG][2018-06-08 00:24:42,920][INFO][is_hybird()] [Permission End]

[INTERNAL_LOG][2018-06-08 00:24:42,920][INFO][analyze_start()] TYPE APK: [ANDROID NATIVE]

[INTERNAL_LOG][2018-06-08 00:24:42,921][INFO][find_string()] [START FILE ANALYZE]
[INTERNAL_LOG][2018-06-08 00:24:42,921][INFO][find_string()] [END ANALYZE FILE]

[INTERNAL_LOG][2018-06-08 00:24:54,159][INFO][find_url_in_apk()] [START ALL URL INSIDE APK]
[INTERNAL_LOG][2018-06-08 00:24:54,159][INFO][find_url_in_apk()] https://pagead2.googlesyndication.com/pagead/gen_204?id=gmob-apps
https://www.googleapis.com/auth/games
https://plus.google.com/
http://www.example.com
http://www.example.com
https://googleads.g.doubleclick.net/mads/static/mad/sdk/native/sdk-core-v40.html
https://googleads.g.doubleclick.net/mads/static/mad/sdk/native/mraid/v2/mraid_app_banner.js
https://googleads.g.doubleclick.net/mads/static/mad/sdk/native/mraid/v2/mraid_app_expanded_banner.js
https://googleads.g.doubleclick.net/mads/static/mad/sdk/native/mraid/v2/mraid_app_interstitial.js
https://csi.gstatic.com/csi
https://googleads.g.doubleclick.net/mads/static/mad/sdk/native/native_ads.html
https://googleads.g.doubleclick.net/mads/static/mad/sdk/native/native_video_ads.html
https://www.google.com/dfp/linkDevice
https://www.google.com/dfp/inAppPreview
https://www.google.com/dfp/debugSignals
https://www.google.com/dfp/sendDebugData
https://pagead2.googlesyndication.com/pagead/gen_204
http://www.google.com
https://support.google.com/dfp_premium/answer/7160685#push

[INTERNAL_LOG][2018-06-08 00:24:54,159][INFO][find_url_in_apk()] [END ALL URL INSIDE APK]
[INTERNAL_LOG][2018-06-08 00:24:54,165][INFO][check_method_conf()] [JavaScript enabled: True]

[INTERNAL_LOG][2018-06-08 00:24:54,165][INFO][check_method_conf()] [Add interface WebView: True]

[INTERNAL_LOG][2018-06-08 00:24:54,165][INFO][analyze_start()] This app might be not vulnerable on  attack frame confusion.
[INTERNAL_LOG][2018-06-08 00:24:54,165][INFO][analyze_start()] End time:[Fri Jun  8 00:24:54 2018]
