[INTERNAL_LOG][2018-06-07 23:19:34,043][INFO][analyze_start()] Init Time [Thu Jun  7 23:19:34 2018]
[INTERNAL_LOG][2018-06-07 23:19:34,062][INFO][run()] Start Analysis
[INTERNAL_LOG][2018-06-07 23:19:34,063][INFO][is_hybird()] [Permission Enble Start]
[INTERNAL_LOG][2018-06-07 23:19:34,068][INFO][is_hybird()] android.permission.ACCESS_WIFI_STATE
[INTERNAL_LOG][2018-06-07 23:19:34,070][INFO][is_hybird()] android.permission.ACCESS_NETWORK_STATE
[INTERNAL_LOG][2018-06-07 23:19:34,076][INFO][is_hybird()] android.permission.INTERNET
[INTERNAL_LOG][2018-06-07 23:19:34,076][INFO][is_hybird()] android.permission.WRITE_EXTERNAL_STORAGE
[INTERNAL_LOG][2018-06-07 23:19:34,076][INFO][is_hybird()] android.permission.READ_EXTERNAL_STORAGE
[INTERNAL_LOG][2018-06-07 23:19:34,076][INFO][is_hybird()] com.google.android.providers.gsf.permission.READ_GSERVICES
[INTERNAL_LOG][2018-06-07 23:19:34,078][INFO][is_hybird()] android.permission.ACCESS_FINE_LOCATION
[INTERNAL_LOG][2018-06-07 23:19:34,078][INFO][is_hybird()] android.permission.RECORD_AUDIO
[INTERNAL_LOG][2018-06-07 23:19:34,078][INFO][is_hybird()] android.permission.MODIFY_AUDIO_SETTINGS
[INTERNAL_LOG][2018-06-07 23:19:34,078][INFO][is_hybird()] android.permission.WAKE_LOCK
[INTERNAL_LOG][2018-06-07 23:19:34,078][INFO][is_hybird()] android.permission.READ_PHONE_STATE
[INTERNAL_LOG][2018-06-07 23:19:34,078][INFO][is_hybird()] android.permission.SET_WALLPAPER
[INTERNAL_LOG][2018-06-07 23:19:34,078][INFO][is_hybird()] com.android.vending.BILLING
[INTERNAL_LOG][2018-06-07 23:19:34,078][INFO][is_hybird()] com.hmtvnews.live.permission.C2D_MESSAGE
[INTERNAL_LOG][2018-06-07 23:19:34,078][INFO][is_hybird()] com.google.android.c2dm.permission.RECEIVE
[INTERNAL_LOG][2018-06-07 23:19:34,078][INFO][is_hybird()] android.permission.VIBRATE
[INTERNAL_LOG][2018-06-07 23:19:34,078][INFO][is_hybird()] android.permission.RECEIVE_BOOT_COMPLETED
[INTERNAL_LOG][2018-06-07 23:19:34,079][INFO][is_hybird()] com.sec.android.provider.badge.permission.READ
[INTERNAL_LOG][2018-06-07 23:19:34,079][INFO][is_hybird()] com.sec.android.provider.badge.permission.WRITE
[INTERNAL_LOG][2018-06-07 23:19:34,079][INFO][is_hybird()] com.htc.launcher.permission.READ_SETTINGS
[INTERNAL_LOG][2018-06-07 23:19:34,079][INFO][is_hybird()] com.htc.launcher.permission.UPDATE_SHORTCUT
[INTERNAL_LOG][2018-06-07 23:19:34,079][INFO][is_hybird()] com.sonyericsson.home.permission.BROADCAST_BADGE
[INTERNAL_LOG][2018-06-07 23:19:34,079][INFO][is_hybird()] com.sonymobile.home.permission.PROVIDER_INSERT_BADGE
[INTERNAL_LOG][2018-06-07 23:19:34,079][INFO][is_hybird()] com.anddoes.launcher.permission.UPDATE_COUNT
[INTERNAL_LOG][2018-06-07 23:19:34,079][INFO][is_hybird()] com.majeur.launcher.permission.UPDATE_BADGE
[INTERNAL_LOG][2018-06-07 23:19:34,079][INFO][is_hybird()] com.huawei.android.launcher.permission.CHANGE_BADGE
[INTERNAL_LOG][2018-06-07 23:19:34,079][INFO][is_hybird()] com.huawei.android.launcher.permission.READ_SETTINGS
[INTERNAL_LOG][2018-06-07 23:19:34,079][INFO][is_hybird()] com.huawei.android.launcher.permission.WRITE_SETTINGS
[INTERNAL_LOG][2018-06-07 23:19:34,079][INFO][is_hybird()] android.permission.READ_APP_BADGE
[INTERNAL_LOG][2018-06-07 23:19:34,079][INFO][is_hybird()] com.oppo.launcher.permission.READ_SETTINGS
[INTERNAL_LOG][2018-06-07 23:19:34,079][INFO][is_hybird()] com.oppo.launcher.permission.WRITE_SETTINGS
[INTERNAL_LOG][2018-06-07 23:19:34,079][INFO][is_hybird()] [Permission End]

[INTERNAL_LOG][2018-06-07 23:19:34,079][INFO][analyze_start()] TYPE APK: [ANDROID NATIVE]

[INTERNAL_LOG][2018-06-07 23:19:34,079][INFO][find_string()] [START FILE ANALYZE]
[INTERNAL_LOG][2018-06-07 23:19:34,079][INFO][find_string()] [END ANALYZE FILE]

[INTERNAL_LOG][2018-06-07 23:19:58,189][INFO][find_url_in_apk()] [START ALL URL INSIDE APK]
[INTERNAL_LOG][2018-06-07 23:19:58,189][INFO][find_url_in_apk()] http://schemas.android.com/apk/res/android
https://apm.
https://api.
https://txn.ingest.
https://appload.ingest.
https://pagead2.googlesyndication.com/pagead/gen_204?id=gmob-apps
http://plus.google.com/
http://www.example.com
http://www.example.com
https://googleads.g.doubleclick.net/mads/static/mad/sdk/native/sdk-core-v40.html
https://googleads.g.doubleclick.net/mads/static/mad/sdk/native/mraid/v2/mraid_app_banner.js
https://googleads.g.doubleclick.net/mads/static/mad/sdk/native/mraid/v2/mraid_app_expanded_banner.js
https://googleads.g.doubleclick.net/mads/static/mad/sdk/native/mraid/v2/mraid_app_interstitial.js
https://csi.gstatic.com/csi
https://www.google.com/dfp/linkDevice
https://www.google.com/dfp/inAppPreview
https://www.google.com/dfp/debugSignals
https://www.google.com/dfp/sendDebugData
https://pagead2.googlesyndication.com/pagead/gen_204
http://www.google.com
https://www.youtube.com/playlist?list=
https://www.youtube.com/playlist?list=
https://www.youtube.com/channel/
https://www.youtube.com/channel/
https://www.youtube.com/watch?v=
https://www.youtube.com/watch?v=
https://www.youtube.com/user/
https://www.youtube.com/user/
http://play.google.com/store/apps/details
https://maps.googleapis.com/maps/api/place/search/json?
https://api.spotify.com/v1/search?q=
http://api.soundcloud.com/
http://api.soundcloud.com/
http://api.soundcloud.com/
http://api.soundcloud.com/
https://api.soundcloud.com/tracks/%1$s/stream?client_id=%2$s
http://twitter.com/
http://twitter.com/
https://api.twitter.com
https://api.twitter.com/1.1/statuses/user_timeline.json?count=
https://api.twitter.com/1.1/search/tweets.json?count=
https://api.twitter.com/oauth2/token
https://api.twitter.com/oauth2/token
https://www.googleapis.com/youtube/v3
https://onesignal.com/api/v1/
http://184.82.135.71/download.flv
http://www.amazon.com/gp/mas/dl/android?p=
https://graph.facebook.com/
https://graph.facebook.com/
https://graph.facebook.com/
https://www.facebook.com/
https://api.instagram.com/v1/users/
http://maps.google.com/maps?daddr=
https://api.pinterest.com/v1/boards/
https://public-api.wordpress.com/rest/v1.1/sites/
https://public-api.wordpress.com/rest/v1.1/sites/
https://public-api.wordpress.com/rest/v1.1/sites/
https://public-api.wordpress.com/rest/v1.1/sites/
https://public-api.wordpress.com/rest/v1.1/sites/
http://www.youtube.com/watch?v=
http://www.youtube.com/watch?v=
https://api.instagram.com/v1/media/
https://www.googleapis.com/youtube/v3/commentThreads?part=snippet&maxResults=100&videoId=
http://youtube.com/watch?v=

[INTERNAL_LOG][2018-06-07 23:19:58,189][INFO][find_url_in_apk()] [END ALL URL INSIDE APK]
[INTERNAL_LOG][2018-06-07 23:19:58,191][INFO][check_method_conf()] [JavaScript enabled: True]

[INTERNAL_LOG][2018-06-07 23:19:58,191][INFO][check_method_conf()] [Add interface WebView: True]

[INTERNAL_LOG][2018-06-07 23:19:58,191][INFO][analyze_start()] This app might be not vulnerable on  attack frame confusion.
[INTERNAL_LOG][2018-06-07 23:19:58,191][INFO][analyze_start()] End time:[Thu Jun  7 23:19:58 2018]
