[INTERNAL_LOG][2018-06-07 22:24:38,079][INFO][analyze_start()] Init Time [Thu Jun  7 22:24:38 2018]
[INTERNAL_LOG][2018-06-07 22:24:38,361][INFO][run()] Start Analysis
[INTERNAL_LOG][2018-06-07 22:24:38,373][INFO][is_hybird()] [Permission Enble Start]
[INTERNAL_LOG][2018-06-07 22:24:38,373][INFO][is_hybird()] android.permission.WRITE_EXTERNAL_STORAGE
[INTERNAL_LOG][2018-06-07 22:24:38,374][INFO][is_hybird()] android.permission.RECEIVE_SMS
[INTERNAL_LOG][2018-06-07 22:24:38,374][INFO][is_hybird()] android.permission.SEND_SMS
[INTERNAL_LOG][2018-06-07 22:24:38,374][INFO][is_hybird()] android.permission.READ_SMS
[INTERNAL_LOG][2018-06-07 22:24:38,374][INFO][is_hybird()] android.permission.CAMERA
[INTERNAL_LOG][2018-06-07 22:24:38,374][INFO][is_hybird()] android.permission.READ_CONTACTS
[INTERNAL_LOG][2018-06-07 22:24:38,374][INFO][is_hybird()] android.permission.ACCESS_COARSE_LOCATION
[INTERNAL_LOG][2018-06-07 22:24:38,374][INFO][is_hybird()] android.permission.ACCESS_FINE_LOCATION
[INTERNAL_LOG][2018-06-07 22:24:38,374][INFO][is_hybird()] android.permission.RECORD_AUDIO
[INTERNAL_LOG][2018-06-07 22:24:38,374][INFO][is_hybird()] android.permission.CALL_PHONE
[INTERNAL_LOG][2018-06-07 22:24:38,374][INFO][is_hybird()] android.permission.READ_PHONE_STATE
[INTERNAL_LOG][2018-06-07 22:24:38,374][INFO][is_hybird()] android.permission.ACCESS_NETWORK_STATE
[INTERNAL_LOG][2018-06-07 22:24:38,374][INFO][is_hybird()] android.permission.ACCESS_WIFI_STATE
[INTERNAL_LOG][2018-06-07 22:24:38,374][INFO][is_hybird()] com.android.launcher.permission.INSTALL_SHORTCUT
[INTERNAL_LOG][2018-06-07 22:24:38,375][INFO][is_hybird()] android.permission.MODIFY_AUDIO_SETTINGS
[INTERNAL_LOG][2018-06-07 22:24:38,375][INFO][is_hybird()] android.permission.VIBRATE
[INTERNAL_LOG][2018-06-07 22:24:38,375][INFO][is_hybird()] android.permission.RESTART_PACKAGES
[INTERNAL_LOG][2018-06-07 22:24:38,375][INFO][is_hybird()] android.permission.GET_TASKS
[INTERNAL_LOG][2018-06-07 22:24:38,375][INFO][is_hybird()] android.permission.GET_ACCOUNTS
[INTERNAL_LOG][2018-06-07 22:24:38,375][INFO][is_hybird()] android.permission.BLUETOOTH
[INTERNAL_LOG][2018-06-07 22:24:38,375][INFO][is_hybird()] android.permission.BROADCAST_STICKY
[INTERNAL_LOG][2018-06-07 22:24:38,375][INFO][is_hybird()] android.permission.INTERNET
[INTERNAL_LOG][2018-06-07 22:24:38,375][INFO][is_hybird()] android.permission.WAKE_LOCK
[INTERNAL_LOG][2018-06-07 22:24:38,375][INFO][is_hybird()] android.permission.RECEIVE_BOOT_COMPLETED
[INTERNAL_LOG][2018-06-07 22:24:38,375][INFO][is_hybird()] android.permission.CHANGE_NETWORK_STATE
[INTERNAL_LOG][2018-06-07 22:24:38,375][INFO][is_hybird()] android.permission.CHANGE_WIFI_STATE
[INTERNAL_LOG][2018-06-07 22:24:38,375][INFO][is_hybird()] com.android.vending.BILLING
[INTERNAL_LOG][2018-06-07 22:24:38,375][INFO][is_hybird()] android.permission.SYSTEM_ALERT_WINDOW
[INTERNAL_LOG][2018-06-07 22:24:38,375][INFO][is_hybird()] com.htc.launcher.permission.READ_SETTINGS
[INTERNAL_LOG][2018-06-07 22:24:38,375][INFO][is_hybird()] com.htc.launcher.permission.UPDATE_SHORTCUT
[INTERNAL_LOG][2018-06-07 22:24:38,376][INFO][is_hybird()] com.sonyericsson.home.permission.BROADCAST_BADGE
[INTERNAL_LOG][2018-06-07 22:24:38,376][INFO][is_hybird()] com.anddoes.launcher.permission.UPDATE_COUNT
[INTERNAL_LOG][2018-06-07 22:24:38,376][INFO][is_hybird()] android.permission.REORDER_TASKS
[INTERNAL_LOG][2018-06-07 22:24:38,376][INFO][is_hybird()] org.fidoalliance.uaf.permissions.FIDO_CLIENT
[INTERNAL_LOG][2018-06-07 22:24:38,376][INFO][is_hybird()] com.sec.android.fido.uaf.asm.permissions.FIDO_UAF_ASM
[INTERNAL_LOG][2018-06-07 22:24:38,376][INFO][is_hybird()] com.samsung.android.providers.context.permission.WRITE_USE_APP_FEATURE_SURVEY
[INTERNAL_LOG][2018-06-07 22:24:38,376][INFO][is_hybird()] android.permission.USE_FINGERPRINT
[INTERNAL_LOG][2018-06-07 22:24:38,376][INFO][is_hybird()] com.kakao.talk.permission.MAPS_RECEIVE
[INTERNAL_LOG][2018-06-07 22:24:38,376][INFO][is_hybird()] com.kakao.talk.permission.RECEIVE_NOTIFICATION
[INTERNAL_LOG][2018-06-07 22:24:38,376][INFO][is_hybird()] com.kakao.talk.permission.FRIENDS_PICKER
[INTERNAL_LOG][2018-06-07 22:24:38,376][INFO][is_hybird()] com.kakao.talk.permission.START_CHAT
[INTERNAL_LOG][2018-06-07 22:24:38,376][INFO][is_hybird()] com.kakao.talk.permission.ADD_FRIEND_AND_START_CHAT
[INTERNAL_LOG][2018-06-07 22:24:38,376][INFO][is_hybird()] com.kakao.home.permission.SNOOZE
[INTERNAL_LOG][2018-06-07 22:24:38,376][INFO][is_hybird()] com.kakao.talk.permission.INTERNAL
[INTERNAL_LOG][2018-06-07 22:24:38,376][INFO][is_hybird()] com.google.android.c2dm.permission.RECEIVE
[INTERNAL_LOG][2018-06-07 22:24:38,376][INFO][is_hybird()] com.kakao.talk.permission.C2D_MESSAGE
[INTERNAL_LOG][2018-06-07 22:24:38,376][INFO][is_hybird()] android.permission.READ_EXTERNAL_STORAGE
[INTERNAL_LOG][2018-06-07 22:24:38,376][INFO][is_hybird()] com.huawei.android.launcher.permission.CHANGE_BADGE
[INTERNAL_LOG][2018-06-07 22:24:38,377][INFO][is_hybird()] [Permission End]

[INTERNAL_LOG][2018-06-07 22:24:38,377][INFO][analyze_start()] TYPE APK: [ANDROID NATIVE]

[INTERNAL_LOG][2018-06-07 22:24:38,377][INFO][find_string()] [START FILE ANALYZE]
[INTERNAL_LOG][2018-06-07 22:24:38,377][INFO][find_string()] File: assets/webview/error.html
[INTERNAL_LOG][2018-06-07 22:24:38,378][INFO][find_string()] No iframe in assets/webview/error.html
[INTERNAL_LOG][2018-06-07 22:24:38,378][INFO][find_string()] File: assets/webview/kakaotalk_osa.html
[INTERNAL_LOG][2018-06-07 22:24:38,577][INFO][find_string()] No iframe in assets/webview/kakaotalk_osa.html
[INTERNAL_LOG][2018-06-07 22:24:38,577][INFO][find_string()] [END ANALYZE FILE]

[INTERNAL_LOG][2018-06-07 22:26:06,889][INFO][find_url_in_apk()] [START ALL URL INSIDE APK]
[INTERNAL_LOG][2018-06-07 22:26:06,889][INFO][find_url_in_apk()] http://schemas.android.com/apk/res/android
http://schemas.android.com/apk/res/android
http://apache.org/xml/features/disallow-doctype-decl
http://xml.org/sax/features/external-general-entities
http://xml.org/sax/features/external-parameter-entities
http://apache.org/xml/features/nonvalidating/load-external-dtd
https://play.google.com/store/apps/details?id=com.ahnlab.v3mobileplus
http://webclinic.ahnlab.com/v3mobileplus/BldInfo.ini
https://kmpay.lgcns.com:9453/RPServer/processUafRequest.jspx
https://kmpaytest.lgcns.com:32443/RPServer/processUafRequest.jspx
https://kmpaytest.lgcns.com:22443/RPServer/processUafRequest.jspx
https://kmpay.lgcns.com:9453/RPServer/processUafResponse.jspx
https://kmpaytest.lgcns.com:32443/RPServer/processUafResponse.jspx
https://kmpaytest.lgcns.com:22443/RPServer/processUafResponse.jspx
http://www.tradesign.net/cert/cert.der
http://www.tradesign.net/cert/cert.der
https://pagead2.googlesyndication.com/pagead/gen_204?id=gmob-apps
https://plus.google.com/
https://pagead2.googlesyndication.com/pagead/gen_204
http://www.google.com
https://support.google.com/dfp_premium/answer/7160685#push
https://app-measurement.com/a
https://www.google.com
http://www.example.com
http://www.example.com
https://googleads.g.doubleclick.net/mads/static/mad/sdk/native/sdk-core-v40.html
https://googleads.g.doubleclick.net/mads/static/mad/sdk/native/mraid/v2/mraid_app_banner.js
https://googleads.g.doubleclick.net/mads/static/mad/sdk/native/mraid/v2/mraid_app_expanded_banner.js
https://googleads.g.doubleclick.net/mads/static/mad/sdk/native/mraid/v2/mraid_app_interstitial.js
https://csi.gstatic.com/csi
https://googleads.g.doubleclick.net/mads/static/mad/sdk/native/native_ads.html
https://imasdk.googleapis.com/admob/sdkloader/native_video.html
https://www.google.com/dfp/linkDevice
https://www.google.com/dfp/inAppPreview
https://www.google.com/dfp/debugSignals
https://www.google.com/dfp/sendDebugData
https://display.ad.daum.net/sdk/native
https://display.ad.daum.net/sdk/adam
http://xmlpull.org/v1/doc/features.html#process-namespaces
http://xmlpull.org/v1/doc/features.html#process-namespaces
http://xmlpull.org/v1/doc/features.html#process-namespaces
https://put.diana.kakao.com/api/put/e2ae64bb4f212bf
https://play.google.com/store/apps/details?id=%s
https://play.google.com/store/apps/details?id=%s
https://play.google.com/store/apps/details?id=%s
http://kinsight-event.kakao.com/v1/%s/events
http://kinsight-event.kakao.com/v1/crashes
https://sandbox-more-api.kakao.com
https://alpha-more-api.kakao.com
https://beta-more-api.kakao.com
https://beta-more-api.kakao.com
https://cbt-more-api.kakao.com
https://cbt-more-api.kakao.com
https://more-api.kakao.com
https://more-api.kakao.com
https://sandbox-action-log.kakao.com
https://alpha-action-log.kakao.com
https://beta-action-log.kakao.com
https://beta-action-log.kakao.com
https://cbt-action-log.kakao.com
https://cbt-action-log.kakao.com
https://action-log.kakao.com
https://action-log.kakao.com
http://tiara.kakao.com
http://tiara.kakao.com
http://tiara.kakao.com
http://tiara.kakao.com
http://tiara.kakao.com
http://tiara.kakao.com
http://tiara.kakao.com
http://tiara.kakao.com
http://tiara.kakao.com
http://tiara.kakao.com
http://tiara.kakao.com
https://m.search.daum.net/kakao?w=tot&q=%s %s&DA=KTW
http://map.daum.net/link/map/%s,%s
http://maps.google.com/maps?q=%s
https://ka.display.ad.daum.net/imp?slotid=%s&ver=kstra
http://tiara.daum.net
http://tiara.daum.net
http://tiara.daum.net
http://tiara.daum.net
http://tiara.daum.net
http://channel-talk.kakao.com/
http://channel-talk.kakao.com
http://chatbubble-sandbox.kakao.com:9000
https://chatbubble-cbt.kakao.com
https://chatbubble.kakao.com
http://sandbox-katalk.kakao.com
https://cbt-katalk.kakao.com
https://katalk.kakao.com
http://www.kakao.com/policy/right
http://www.kakao.com/policy/right
http://www.kakao.com/policy/right
http://www.kakao.com/policy/right
https://thumb.kakaocdn.net/dn/live_static/default/thumbnail.png
http://t1.daumcdn.net/kakaotv/2016/common/profile/%s
http://sandbox.launcher.devel.kakao.com/promotions/
http://launcher.kakao.com/promotions/
https://maps.googleapis.com/maps/api/place/textsearch/json
https://dapi.kakao.com/geocode/v3/addr_search.json
https://dapi.kakao.com/local-suggest/v2/top_suggest.json
https://dapi.kakao.com/local-open/v2/geo/coord2address.json
http://www.ftc.go.kr/info/bizinfo/communicationViewPopup.jsp?wrkr_no=1208147521
http://notice.daumkakao.com/services/20/notices
http://cs.kakao.com/helps?service=117
https://channel.kakao.com
https://dev-channel.kakao.com
https://sandbox-channel.kakao.com
https://stage-channel.kakao.com
https://clog-aggregator.kakao.com
https://dev-clog-aggregator.kakao.com
https://sandbox-clog-aggregator.kakao.com
https://stage-clog-aggregator.kakao.com
http://img1.daumcdn.net/thumb/C630x630/?fname=%s
http://m.webtoon.daum.net/m/
http://m.webtoon.daum.net/m/
http://img1.daumcdn.net/thumb/%s/?fname=%s
http://img1.daumcdn.net/thumb/%s/?fname=%s
http://www.ftc.go.kr/info/bizinfo/communicationList.jsp
http://www.ftc.go.kr/info/bizinfo/communicationList.jsp
https://cs.kakao.com/talk_helps?category=23&device=%s&locale=ko&service=8
http://with.kakao.com/store/index
http://with.kakao.com/store/index
http://piccoma.com/kakaotalk/?
http://sandbox-api.piccoma.com/kakaotalk/?
https://play.google.com/store/apps/details?id=jp.kakao.piccoma
https://www.kakao.com/kakaopay/shoplist
https://www.facebook.com/kakaopay/
https://www.kakaopay.com/
https://pay-cs-web.kakao.com/inapp/s/inquiry
https://sandbox-pay-cs-web.kakao.com/inapp/s/inquiry
https://beta-pay-cs-web.kakao.com/inapp/s/inquiry
http://t1.daumcdn.net/kakaopay/20170728213940/pay_membership_bracode_extend_1.png
http://t1.daumcdn.net/kakaopay/20170728214006/pay_membership_bracode_extend_2.png
http://t1.daumcdn.net/kakaopay/20170728213954/pay_membership_bracode_extend_3.png
http://t1.daumcdn.net/kakaopay/money/qr/pay_money_qr_tetris.gif
https://m.search.daum.net/search?nil_profile=btn&w=tot&DA=SBC&q=%EB%A1%AF%EB%8D%B0atm
https://sandbox-pg-web.kakao.com/test/order
http://sandbox-pg-admin.pg1.krane.9rum.cc/crud/PgQa
https://itunes.apple.com/kr/app/mellon-melon/id415597317?l=en&mt=8#
https://kkoimg.melon.co.kr/mwk/img/service/500_default_album_img.png
https://kkoimg.melon.co.kr/mwk/img/service/500_default_album_img.png
http://m.melon.com/kakaoGatePage.htm?&ref=W20300&cType1=content&cType2=song&cId=
http://m.melon.com/kakaoGatePage.htm?&ref=W20300&cType1=content&cType2=album&cId=
http://m.melon.com/kakaoGatePage.htm?&ref=W20300&cType1=content&cType2=playlist&cId=
http://m.melon.com/kakaoGatePage.htm?&ref=W20300&cType1=content&cType2=dj&cId=
http://www.melon.com/webplayer/mini.htm?ref=W20300&contsType=S&contsIds=
http://www.melon.com/webplayer/mini.htm?ref=W20300&contsType=A&contsIds=
http://www.melon.com/webplayer/mini.htm?ref=W20300&contsType=P&contsIds=
http://mud-kage.kakao.co.kr/dn/bNpaKo/btqdcd7OsZV/i0eyPr1aAHOQkMXqNvRLh1/talk.fnt
http://mud-kage.kakao.co.kr/dn/ygpBh/btqdzBNp1b1/IIZfOjFEx01y0zeBlCV8Wk/talk.fnt
http://mud-kage.kakao.co.kr/dn/dtxbRJ/btqdTRQLGlK/ldnGzhklySOqfSk0dP9tX1/talk.fnt
http://mud-kage.kakao.co.kr/dn/1bHlz/btqdXClRO62/Laaq4FlD2BxQknyjM73Sgk/talk.fnt
http://mud-kage.kakao.co.kr/dn/cWyw3k/btqekn2j3Ok/cVj8uqdhJmywk1JY4CfjP0/talk.fnt
https://api-tv.kakao.com
http://www.kakao.com/
https://dapi.kakao.com/local/v2/search/unlimited/keyword.json
http://www.ftc.go.kr/info/bizinfo/communicationViewPopup.jsp?wrkr_no=
https://dapi.kakao.com/place/v1/openhour/realtime.json
https://nettest.kakao.com/up.php
https://play.google.com/store/apps/details
https://onesto.re/
http://www.kakao.com/helps?category=93&device=1&locale=ko&page=2&service=8&articleId=1073184789
http://www.kakao.com/helps?category=15&device=3&locale=ja&page=2&service=8&articleId=1073184795
http://www.kakao.com/helps?category=96&device=2&locale=en&page=2&service=8&articleId=1073184793
http://st.display.ad.daum.net
http://st.display.ad.daum.net
http://alpha-tv.kakao.com
http://sandbox-tv.kakao.com
http://sdk-tv.kakao.com
http://alpha-logging.pollock.devel.kakao.com
http://sandbox-logging.pollock.devel.kakao.com
http://logging-tv.kakao.com
http://alpha-xylophone.krane.iwilab.com
http://sandbox-xylophone.ad.daum.net
http://vads-api.daumkakao.com
https://alpha-kapi.kakao.com
https://sandbox-kapi.kakao.com
https://kapi.kakao.com
http://tv.kakao.com
https://img1.daumcdn.net/thumb/%s/
https://story.kakao.com/share
https://www.facebook.com/dialog/share
https://onepassdemo.raonsecure.co.kr:8445
https://apis.daum.net/mmaps/v1/auth.xml?apikey=%s&appid=%s&appver=%s&libver=%s&platform=%s
http://dmaps.daum.net/map_js_init/maps_version.xml
https://put.diana.kakao.com/api/put/
https://put.diana.kakao.com/api/pipeline/

[INTERNAL_LOG][2018-06-07 22:26:06,889][INFO][find_url_in_apk()] [END ALL URL INSIDE APK]
[INTERNAL_LOG][2018-06-07 22:26:06,895][INFO][check_method_conf()] [JavaScript enabled: True]

[INTERNAL_LOG][2018-06-07 22:26:06,895][INFO][check_method_conf()] [Add interface WebView: True]

[INTERNAL_LOG][2018-06-07 22:26:06,895][INFO][analyze_start()] This app might be not vulnerable on  attack frame confusion.
[INTERNAL_LOG][2018-06-07 22:26:06,895][INFO][analyze_start()] End time:[Thu Jun  7 22:26:06 2018]
