[INTERNAL_LOG][2018-06-07 22:22:33,495][INFO][analyze_start()] Init Time [Thu Jun  7 22:22:33 2018]
[INTERNAL_LOG][2018-06-07 22:22:33,541][INFO][is_hybird()] Hybrid file found are: ['config.xml', 'config.xml']
[INTERNAL_LOG][2018-06-07 22:22:33,541][INFO][run()] Start Analysis
[INTERNAL_LOG][2018-06-07 22:22:33,541][INFO][is_hybird()] [Permission Enble Start]
[INTERNAL_LOG][2018-06-07 22:22:33,541][INFO][is_hybird()] android.permission.INTERNET
[INTERNAL_LOG][2018-06-07 22:22:33,541][INFO][is_hybird()] android.permission.ACCESS_NETWORK_STATE
[INTERNAL_LOG][2018-06-07 22:22:33,542][INFO][is_hybird()] android.permission.WRITE_EXTERNAL_STORAGE
[INTERNAL_LOG][2018-06-07 22:22:33,542][INFO][is_hybird()] android.permission.VIBRATE
[INTERNAL_LOG][2018-06-07 22:22:33,542][INFO][is_hybird()] android.permission.RECORD_AUDIO
[INTERNAL_LOG][2018-06-07 22:22:33,542][INFO][is_hybird()] android.permission.MODIFY_AUDIO_SETTINGS
[INTERNAL_LOG][2018-06-07 22:22:33,542][INFO][is_hybird()] android.permission.READ_PHONE_STATE
[INTERNAL_LOG][2018-06-07 22:22:33,542][INFO][is_hybird()] [Permission End]

[INTERNAL_LOG][2018-06-07 22:22:33,542][INFO][is_hybird()] Starting apktool
[INTERNAL_LOG][2018-06-07 22:22:41,001][INFO][check_whitelist()] [INIT ACCESS ORIGIN LIST]
[INTERNAL_LOG][2018-06-07 22:22:41,002][INFO][check_whitelist()] origin: *
[INTERNAL_LOG][2018-06-07 22:22:41,012][INFO][check_whitelist()] [END ACCESS ORIGIN LIST]

[INTERNAL_LOG][2018-06-07 22:22:41,141][INFO][analyze_start()] TYPE APK: [HYBRID]

[INTERNAL_LOG][2018-06-07 22:22:41,172][INFO][find_string()] [START FILE ANALYZE]
[INTERNAL_LOG][2018-06-07 22:22:41,187][INFO][find_string()] File: assets/www/index.html
[INTERNAL_LOG][2018-06-07 22:22:42,198][INFO][find_string()] No iframe in assets/www/index.html
[INTERNAL_LOG][2018-06-07 22:22:42,218][INFO][find_string()] File: assets/www/spec.html
[INTERNAL_LOG][2018-06-07 22:22:42,439][INFO][find_string()] No iframe in assets/www/spec.html
[INTERNAL_LOG][2018-06-07 22:22:42,455][INFO][find_string()] [END ANALYZE FILE]

[INTERNAL_LOG][2018-06-07 22:22:53,680][INFO][find_url_in_apk()] [START ALL URL INSIDE APK]
[INTERNAL_LOG][2018-06-07 22:22:53,680][INFO][find_url_in_apk()] https://www.googleapis.com/auth/plus.me
https://www.googleapis.com/auth/games
http://plus.google.com/
http://www.example.com
http://www.example.com
https://googleads.g.doubleclick.net/mads/static/mad/sdk/native/sdk-core-v40.html
https://googleads.g.doubleclick.net/mads/static/mad/sdk/native/mraid/v2/mraid_app_banner.js
https://googleads.g.doubleclick.net/mads/static/mad/sdk/native/mraid/v2/mraid_app_expanded_banner.js
https://googleads.g.doubleclick.net/mads/static/mad/sdk/native/mraid/v2/mraid_app_interstitial.js
https://csi.gstatic.com/csi
https://sb-ssl.google.com/safebrowsing/clientreport/malware
https://pagead2.googlesyndication.com/pagead/gen_204
http://www.google.com
https://ssl.gstatic.com/accessibility/javascript/android/
https://ssl.gstatic.com/accessibility/javascript/android/chromeandroidvox.js
https://ssl.google-analytics.com/collect
http://www.google-analytics.com/collect
http://www.google-analytics.com/collect
http://www.google-analytics.com/collect
http://adlic.rjfun.com/adlic
http://adlic.rjfun.com/adlic

[INTERNAL_LOG][2018-06-07 22:22:53,680][INFO][find_url_in_apk()] [END ALL URL INSIDE APK]
[INTERNAL_LOG][2018-06-07 22:22:53,686][INFO][check_method_conf()] [JavaScript enabled: True]

[INTERNAL_LOG][2018-06-07 22:22:53,686][INFO][check_method_conf()] [Add interface WebView: True]

[INTERNAL_LOG][2018-06-07 22:22:53,686][INFO][analyze_start()] This app might be not vulnerable on  attack frame confusion.
[INTERNAL_LOG][2018-06-07 22:22:53,686][INFO][analyze_start()] End time:[Thu Jun  7 22:22:53 2018]
