[INTERNAL_LOG][2018-06-08 01:04:27,984][INFO][analyze_start()] Init Time [Fri Jun  8 01:04:27 2018]
[INTERNAL_LOG][2018-06-08 01:04:28,145][INFO][run()] Start Analysis
[INTERNAL_LOG][2018-06-08 01:04:28,151][INFO][is_hybird()] [Permission Enble Start]
[INTERNAL_LOG][2018-06-08 01:04:28,151][INFO][is_hybird()] android.permission.INTERNET
[INTERNAL_LOG][2018-06-08 01:04:28,151][INFO][is_hybird()] android.permission.WRITE_EXTERNAL_STORAGE
[INTERNAL_LOG][2018-06-08 01:04:28,151][INFO][is_hybird()] android.permission.ACCESS_NETWORK_STATE
[INTERNAL_LOG][2018-06-08 01:04:28,151][INFO][is_hybird()] android.permission.VIBRATE
[INTERNAL_LOG][2018-06-08 01:04:28,151][INFO][is_hybird()] android.permission.GET_ACCOUNTS
[INTERNAL_LOG][2018-06-08 01:04:28,151][INFO][is_hybird()] android.permission.READ_PROFILE
[INTERNAL_LOG][2018-06-08 01:04:28,151][INFO][is_hybird()] android.permission.READ_CONTACTS
[INTERNAL_LOG][2018-06-08 01:04:28,151][INFO][is_hybird()] android.permission.READ_CALENDAR
[INTERNAL_LOG][2018-06-08 01:04:28,151][INFO][is_hybird()] android.permission.WRITE_CALENDAR
[INTERNAL_LOG][2018-06-08 01:04:28,151][INFO][is_hybird()] android.permission.MANAGE_ACCOUNTS
[INTERNAL_LOG][2018-06-08 01:04:28,151][INFO][is_hybird()] android.permission.AUTHENTICATE_ACCOUNTS
[INTERNAL_LOG][2018-06-08 01:04:28,152][INFO][is_hybird()] android.permission.READ_SYNC_SETTINGS
[INTERNAL_LOG][2018-06-08 01:04:28,152][INFO][is_hybird()] android.permission.WRITE_SYNC_SETTINGS
[INTERNAL_LOG][2018-06-08 01:04:28,152][INFO][is_hybird()] android.permission.READ_SYNC_STATS
[INTERNAL_LOG][2018-06-08 01:04:28,152][INFO][is_hybird()] android.permission.WRITE_CONTACTS
[INTERNAL_LOG][2018-06-08 01:04:28,152][INFO][is_hybird()] android.permission.ACCESS_FINE_LOCATION
[INTERNAL_LOG][2018-06-08 01:04:28,152][INFO][is_hybird()] android.permission.CAMERA
[INTERNAL_LOG][2018-06-08 01:04:28,152][INFO][is_hybird()] com.google.android.c2dm.permission.RECEIVE
[INTERNAL_LOG][2018-06-08 01:04:28,152][INFO][is_hybird()] .permission.C2D_MESSAGE
[INTERNAL_LOG][2018-06-08 01:04:28,152][INFO][is_hybird()] android.permission.WAKE_LOCK
[INTERNAL_LOG][2018-06-08 01:04:28,152][INFO][is_hybird()] android.permission.RECEIVE_BOOT_COMPLETED
[INTERNAL_LOG][2018-06-08 01:04:28,152][INFO][is_hybird()] android.permission.READ_EXTERNAL_STORAGE
[INTERNAL_LOG][2018-06-08 01:04:28,152][INFO][is_hybird()] com.google.android.gms.permission.ACTIVITY_RECOGNITION
[INTERNAL_LOG][2018-06-08 01:04:28,152][INFO][is_hybird()] android.permission.USE_CREDENTIALS
[INTERNAL_LOG][2018-06-08 01:04:28,152][INFO][is_hybird()] com.sec.android.provider.badge.permission.READ
[INTERNAL_LOG][2018-06-08 01:04:28,152][INFO][is_hybird()] com.sec.android.provider.badge.permission.WRITE
[INTERNAL_LOG][2018-06-08 01:04:28,152][INFO][is_hybird()] com.htc.launcher.permission.READ_SETTINGS
[INTERNAL_LOG][2018-06-08 01:04:28,152][INFO][is_hybird()] com.htc.launcher.permission.UPDATE_SHORTCUT
[INTERNAL_LOG][2018-06-08 01:04:28,152][INFO][is_hybird()] com.sonyericsson.home.permission.BROADCAST_BADGE
[INTERNAL_LOG][2018-06-08 01:04:28,152][INFO][is_hybird()] com.sonymobile.home.permission.PROVIDER_INSERT_BADGE
[INTERNAL_LOG][2018-06-08 01:04:28,152][INFO][is_hybird()] com.anddoes.launcher.permission.UPDATE_COUNT
[INTERNAL_LOG][2018-06-08 01:04:28,152][INFO][is_hybird()] com.majeur.launcher.permission.UPDATE_BADGE
[INTERNAL_LOG][2018-06-08 01:04:28,152][INFO][is_hybird()] com.huawei.android.launcher.permission.CHANGE_BADGE
[INTERNAL_LOG][2018-06-08 01:04:28,152][INFO][is_hybird()] com.huawei.android.launcher.permission.READ_SETTINGS
[INTERNAL_LOG][2018-06-08 01:04:28,152][INFO][is_hybird()] com.huawei.android.launcher.permission.WRITE_SETTINGS
[INTERNAL_LOG][2018-06-08 01:04:28,152][INFO][is_hybird()] android.permission.READ_APP_BADGE
[INTERNAL_LOG][2018-06-08 01:04:28,153][INFO][is_hybird()] com.oppo.launcher.permission.READ_SETTINGS
[INTERNAL_LOG][2018-06-08 01:04:28,153][INFO][is_hybird()] com.oppo.launcher.permission.WRITE_SETTINGS
[INTERNAL_LOG][2018-06-08 01:04:28,153][INFO][is_hybird()] me.everything.badger.permission.BADGE_COUNT_READ
[INTERNAL_LOG][2018-06-08 01:04:28,153][INFO][is_hybird()] me.everything.badger.permission.BADGE_COUNT_WRITE
[INTERNAL_LOG][2018-06-08 01:04:28,153][INFO][is_hybird()] [Permission End]

[INTERNAL_LOG][2018-06-08 01:04:28,153][INFO][analyze_start()] TYPE APK: [ANDROID NATIVE]

[INTERNAL_LOG][2018-06-08 01:04:28,153][INFO][find_string()] [START FILE ANALYZE]
[INTERNAL_LOG][2018-06-08 01:04:28,153][INFO][find_string()] File: assets/compose/availability_action_option.html
[INTERNAL_LOG][2018-06-08 01:04:28,154][INFO][find_string()] No iframe in assets/compose/availability_action_option.html
[INTERNAL_LOG][2018-06-08 01:04:28,154][INFO][find_string()] File: assets/compose/availability_block.html
[INTERNAL_LOG][2018-06-08 01:04:28,155][INFO][find_string()] No iframe in assets/compose/availability_block.html
[INTERNAL_LOG][2018-06-08 01:04:28,155][INFO][find_string()] File: assets/compose/availability_day_block.html
[INTERNAL_LOG][2018-06-08 01:04:28,156][INFO][find_string()] No iframe in assets/compose/availability_day_block.html
[INTERNAL_LOG][2018-06-08 01:04:28,156][INFO][find_string()] File: assets/compose/availability_timeslot.html
[INTERNAL_LOG][2018-06-08 01:04:28,157][INFO][find_string()] No iframe in assets/compose/availability_timeslot.html
[INTERNAL_LOG][2018-06-08 01:04:28,157][INFO][find_string()] File: assets/compose_template.html
[INTERNAL_LOG][2018-06-08 01:04:28,158][INFO][find_string()] No iframe in assets/compose_template.html
[INTERNAL_LOG][2018-06-08 01:04:28,159][INFO][find_string()] File: assets/index.html
[INTERNAL_LOG][2018-06-08 01:04:28,234][INFO][find_string()] No iframe in assets/index.html
[INTERNAL_LOG][2018-06-08 01:04:28,234][INFO][find_string()] File: assets/vendor/vendor-license.html
[INTERNAL_LOG][2018-06-08 01:04:28,240][INFO][find_string()] No iframe in assets/vendor/vendor-license.html
[INTERNAL_LOG][2018-06-08 01:04:28,240][INFO][find_string()] [END ANALYZE FILE]

[INTERNAL_LOG][2018-06-08 01:05:41,168][INFO][find_url_in_apk()] [START URL LOADED INSIDE LOAD FUNCTION]
[INTERNAL_LOG][2018-06-08 01:05:41,168][INFO][find_url_in_apk()] https://www.evernote.com//OAuth.action

[INTERNAL_LOG][2018-06-08 01:05:41,168][INFO][find_url_in_apk()] [END URL LOADED INSIDE LOAD FUNCTION]
[INTERNAL_LOG][2018-06-08 01:05:41,465][INFO][find_string()] [START REMOTE FILE ANALYZE]
[INTERNAL_LOG][2018-06-08 01:05:41,466][INFO][find_string()] Remote File in: temp_html_code/html_downloaded_Microsoft Outlook by Microsoft Corporation - com/OAuth.action
[INTERNAL_LOG][2018-06-08 01:05:41,466][INFO][find_string()] URL: https://www.evernote.com//OAuth.action
[INTERNAL_LOG][2018-06-08 01:05:41,470][INFO][find_string()] No iframe in temp_html_code/html_downloaded_Microsoft Outlook by Microsoft Corporation - com/OAuth.action
[INTERNAL_LOG][2018-06-08 01:05:41,470][INFO][find_string()] [END ANALYZE FILE]

[INTERNAL_LOG][2018-06-08 01:05:41,470][INFO][find_url_in_apk()] [START ALL URL INSIDE APK]
[INTERNAL_LOG][2018-06-08 01:05:41,471][INFO][find_url_in_apk()] http://schemas.android.com/apk/res/android
http://schemas.android.com/apk/res/android
https://secure.meetup.com/
https://outlook.office.com/api/beta/me
https://outlook.office.com/api/beta/me
https://prod-global-api.acompli.net/api/azure_geocode
https://login.windows.net/common/oauth2/token
https://login.windows.net/common/oauth2/token
https://login.windows.net/common/oauth2/token
https://login.windows.net/common/oauth2/token
https://login.windows.net/common/oauth2/token
https://login.windows.net/common/oauth2/token
https://login.windows.net/common/oauth2/token
https://login.windows.net/common/oauth2/token
https://login.windows.net/common/oauth2/token
https://login.windows.net/common/oauth2/token
https://login.windows.net/common/oauth2/token
https://login.windows.net/common/oauth2/token
https://login.windows.net/common/oauth2/token
https://api.acompli.com/exchange
https://api.acompli.com/exchange
https://api.acompli.com/exchange
https://login.windows-ppe.net/common/oauth2/token
https://login.windows-ppe.net/common/oauth2/token
https://login.windows-ppe.net/common/oauth2/token
https://login.windows-ppe.net/common/oauth2/token
https://login.windows-ppe.net/common/oauth2/token
https://login.windows-ppe.net/common/oauth2/token
https://login.windows-ppe.net/common/oauth2/token
https://api.office.com/discovery/
https://api.office.com/discovery/
https://api.office.com/discovery/
https://api.office.com/discovery/
https://api.office.com/discovery/
https://api.office.com/discovery/
https://api.office.com/discovery/
https://api.office.com/discovery/
https://api.office.com/discovery/
https://api.office.com/discovery/
https://api.office.com/discovery/
https://www.googleapis.com/oauth2/v3/token/
https://www.googleapis.com/oauth2/v3/token/
https://www.googleapis.com/oauth2/v3/token/
https://login.live.com/
https://login.live.com/
https://login.live.com/
https://login.live.com/
https://login.live.com/
https://login.live.com/
https://login.live.com/oauth20_desktop.srf
https://login.live.com/oauth20_desktop.srf
https://login.live.com/oauth20_desktop.srf
https://login.live.com/oauth20_desktop.srf
https://login.live.com/oauth20_desktop.srf
https://login.live.com/oauth20_desktop.srf
https://login.live.com/oauth20_desktop.srf
https://login.live.com/oauth20_desktop.srf
https://login.live.com/oauth20_desktop.srf
https://login.live.com/oauth20_desktop.srf
https://api.box.com/
https://api.box.com/
https://api.box.com/
https://api.box.com/
https://substrate.office.com
https://substrate.office.com
https://substrate.office.com
https://substrate.office.com
https://substrate.office.com
https://substrate.office.com
https://substrate.office.com
https://substrate.office.com
https://store.office.com/api/addins
http://xmlpull.org/v1/doc/features.html#process-namespaces
http://xmlpull.org/v1/doc/features.html#process-namespaces
http://xmlpull.org/v1/doc/features.html#process-namespaces
https://substrate.office.com/User-Internal.ReadWrite
https://substrate.office.com/User-Internal.ReadWrite
https://substrate.office.com/
https://substrate.office.com/
https://substrate.office.com/
https://rink.hockeyapp.net/apps/caf5fbcfdba62e3750b045731b6a9f29
https://aka.ms/outlooklync
https://api.diagnostics.office.com/
https://www.bingapis.com/api/v6/
http://www.ccil.org/~cowan/tagsoup/properties/schema
http://www.ccil.org/~cowan/tagsoup/properties/schema
http://www.ccil.org/~cowan/tagsoup/properties/schema
http://www.abc-foobarbaz-xyz.com
https://www.microsoft.com
https://www.microsoft.com
https://www.microsoft.com
https://www.microsoft.com
https://www.microsoft.com
https://www.microsoft.com
http://windows.microsoft.com/en-US/windows/outlook/add-alias-account
https://support.apple.com/kb/PH2622
https://support.google.com/a/answer/22370?hl=en
https://www.googleapis.com/
https://www.googleapis.com/
https://www.googleapis.com/
https://join.skype.com
https://msmamservice.api.application
https://msmamservice.api.application
https://msmamservice.api.application
https://msmamservice.api.application
https://login.windows.net/common/
https://substrate.office.com/profile/v1.0/
https://www.googleapis.com/drive/v2/files/
https://outlookiosbuildtracker.azurewebsites.net/api/
https://sdk.hockeyapp.net/
https://sdk.hockeyapp.net/
https://sdk.hockeyapp.net/
https://sdk.hockeyapp.net/
https://outlook.office.com/
https://outlook.office.com/
https://substrate.office.com/api/beta/me
https://outlook.office365.com/
https://outlook.office365.com/
https://outlook.office365.com/
https://outlook.office365.com/
https://outlook.office365.com/
https://outlook.office365.com/
https://outlook.office365.com/
https://outlook.office365.com/
https://outlook.office365.com/
https://outlook.office365.com/
https://outlook.office365.com/
https://outlook.office365.com/
http://schemas.microsoft.com/office/mailappversionoverrides
http://schemas.microsoft.com/office/mailappversionoverrides/1.1
https://support.apple.com/en-in/HT204397
https://sdfpilot.outlook.com
https://sdfpilot.outlook.com
https://www.evernote.com/
https://www.evernote.com/
https://www.evernote.com/
https://mobile.pipe.aria.microsoft.com/Collector/3.0/
https://mobile.pipe.aria.microsoft.com/Collector/3.0/
https://mobile.pipe.aria.microsoft.com/Collector/3.0/
https://api.dropbox.com/2/
https://content.dropboxapi.com/2/files/download
https://content.dropboxapi.com/2/files/download
https://www.googleapis.com/drive/v2/
https://api.onedrive.com/v1.0/
https://api.onedrive.com/v1.0/
https://outlookmobile-office365-tas.msedge.net/ab
https://www.evernote.com//OAuth.action
https://api.box.com/oauth2/token
https://localhost
https://localhost
https://account.box.com/api/oauth2/authorize
https://api.dropboxapi.com/oauth2/token
https://dropbox.acompli.org
https://dropbox.acompli.org
https://api.dropboxapi.com/
https://www.dropbox.com/oauth2/authorize
http://localhost
http://localhost
http://localhost
http://localhost
https://accounts.google.com/o/oauth2/auth
https://accounts.google.com/o/oauth2/auth
https://login.live.com/oauth20_token.srf
https://login.live.com/oauth20_token.srf
https://pf.directory.live.com/
https://login.live.com/oauth20_authorize.srf
https://login.live.com/oauth20_authorize.srf
https://secure.meetup.com/oauth2/access
https://api.meetup.com/
https://secure.meetup.com/oauth2/authorize
https://apis.live.net/
https://www.wunderlist.com/oauth/access_token
https://a.wunderlist.com/api/
https://www.wunderlist.com/oauth/authorize
https://api.login.yahoo.com/oauth2/get_token
https://social.yahooapis.com/
https://api.login.yahoo.com/oauth2/request_auth
https://support.google.com/googleplay/answer/113412?
https://rink.hockeyapp.net/apps/
http://xmlpull.org/v1/doc/features.html#indent-output
http://xmlpull.org/v1/doc/features.html#indent-output
https://graph.facebook.com/network_ads_common
https://graph.%s.facebook.com/network_ads_common
https://www.facebook.com/adnw_logging/
https://www.%s.facebook.com/adnw_logging/
https://www.facebook.com/
https://www.%s.facebook.com
http://play.google.com/store/apps/
http://www.facebook.com
https://graph.%s
https://graph-video.%s
https://facebook.com
https://pagead2.googlesyndication.com/pagead/gen_204?id=gmob-apps
https://accounts.google.com/o/oauth2/revoke?token=
https://plus.google.com/
http://www.google-analytics.com
https://ssl.google-analytics.com
https://www.googletagmanager.com
http://hostname/?
http://schemas.microsoft.com/rel/trusted-realm
http://state/path?
https://rink.hockeyapp.net/api/2/apps/{{hockeyAppIdentifier}}/crashes/upload
https://go.microsoft.com/fwlink/?LinkID=507539
https://sas.office.microsoft.com/upload.ashx
https://sas3.office.microsoft.com/upload.ashx
https://dropbox.com/
https://api.dropbox.com/1/
https://api-content.dropbox.com/1/
https://api.dropboxapi.com/1/
https://localhost/
https://api.box.com/2.0/files/
https://olmoauth.outlook.com/api/googleoauthredir/outlook-oauth://
https://substrate.office.com/search/api/
https://substrate.office.com/autosuggest/api/
https://app.adjust.com
https://app.adjust.com
https://enterpriseregistration.
http://test-exp-s2s.msedge.net/ab
https://config.edge.skype.com/config/v1/
https://go.microsoft.com/fwlink/?LinkID=533051&clcid=0x409
https://go.microsoft.com/fwlink/?LinkID=533051&clcid=0x409
http://schemas.openxmlformats.org/package/2006/content-types
https://www.%s.facebook.com/audience_network/server_side_reward
https://www.facebook.com/audience_network/server_side_reward
http://www.w3.org/ns/ttml#parameter
https://www.googleapis.com/auth/games_lite
https://www.googleapis.com/auth/games
https://graph.windows.net
https://www.microsoft.com/china/o365consumer/products/officeandroid.html
https://play.google.com/store/apps/details?id=
https://powerlift-frontdesk.acompli.net
https://powerlift.acompli.net
https://dev-powerlift-frontdesk.acompli.net
https://dev-powerlift-gym.acompli.net
https://gate.hockeyapp.net/v2/track
http://www.w3.org/XML/1998/namespace
http://www.w3.org/1999/xhtml
http://xml.org/sax/features/namespaces
http://xml.org/sax/features/namespaces
http://xml.org/sax/features/namespace-prefixes
http://xml.org/sax/features/external-general-entities
http://xml.org/sax/features/external-parameter-entities
http://xml.org/sax/features/is-standalone
http://xml.org/sax/features/lexical-handler/parameter-entities
http://xml.org/sax/features/resolve-dtd-uris
http://xml.org/sax/features/string-interning
http://xml.org/sax/features/use-attributes2
http://xml.org/sax/features/use-locator2
http://xml.org/sax/features/use-entity-resolver2
http://xml.org/sax/features/validation
http://xml.org/sax/features/xmlns-uris
http://xml.org/sax/features/xml-1.1
http://www.ccil.org/~cowan/tagsoup/features/ignore-bogons
http://www.ccil.org/~cowan/tagsoup/features/ignore-bogons
http://www.ccil.org/~cowan/tagsoup/features/bogons-empty
http://www.ccil.org/~cowan/tagsoup/features/bogons-empty
http://www.ccil.org/~cowan/tagsoup/features/root-bogons
http://www.ccil.org/~cowan/tagsoup/features/root-bogons
http://www.ccil.org/~cowan/tagsoup/features/default-attributes
http://www.ccil.org/~cowan/tagsoup/features/default-attributes
http://www.ccil.org/~cowan/tagsoup/features/translate-colons
http://www.ccil.org/~cowan/tagsoup/features/translate-colons
http://www.ccil.org/~cowan/tagsoup/features/restart-elements
http://www.ccil.org/~cowan/tagsoup/features/restart-elements
http://www.ccil.org/~cowan/tagsoup/features/ignorable-whitespace
http://www.ccil.org/~cowan/tagsoup/features/ignorable-whitespace
http://www.ccil.org/~cowan/tagsoup/features/cdata-elements
http://www.ccil.org/~cowan/tagsoup/features/cdata-elements
http://xml.org/sax/properties/lexical-handler
http://xml.org/sax/properties/lexical-handler
http://www.ccil.org/~cowan/tagsoup/properties/scanner
http://www.ccil.org/~cowan/tagsoup/properties/scanner
http://www.ccil.org/~cowan/tagsoup/properties/auto-detector
http://www.ccil.org/~cowan/tagsoup/properties/auto-detector
https://substrate.office.com/User-Internal.ReadWrite https://substrate.office.com/SubstrateSearch-Internal.ReadWrite https://substrate.office.com/BingCortana-Internal.ReadWrite
https://substrate.office.com/User-Internal.ReadWrite https://substrate.office.com/SubstrateSearch-Internal.ReadWrite https://substrate.office.com/BingCortana-Internal.ReadWrite
https://substrate.office.com/User-Internal.ReadWrite https://substrate.office.com/SubstrateSearch-Internal.ReadWrite https://substrate.office.com/BingCortana-Internal.ReadWrite
https://substrate.office.com/User-Internal.ReadWrite https://substrate.office.com/SubstrateSearch-Internal.ReadWrite https://substrate.office.com/BingCortana-Internal.ReadWrite
https://oneclient.sfx.ms/mobile/ts_configuration.jwt

[INTERNAL_LOG][2018-06-08 01:05:41,471][INFO][find_url_in_apk()] [END ALL URL INSIDE APK]
[INTERNAL_LOG][2018-06-08 01:05:41,487][INFO][check_method_conf()] [JavaScript enabled: True]

[INTERNAL_LOG][2018-06-08 01:05:41,487][INFO][check_method_conf()] [Add interface WebView: True]

[INTERNAL_LOG][2018-06-08 01:05:41,487][INFO][analyze_start()] This app might be not vulnerable on  attack frame confusion.
[INTERNAL_LOG][2018-06-08 01:05:41,487][INFO][analyze_start()] End time:[Fri Jun  8 01:05:41 2018]
