[INTERNAL_LOG][2018-06-08 04:24:58,571][INFO][analyze_start()] Init Time [Fri Jun  8 04:24:58 2018]
[INTERNAL_LOG][2018-06-08 04:24:58,727][INFO][run()] Start Analysis
[INTERNAL_LOG][2018-06-08 04:24:58,728][INFO][is_hybird()] [Permission Enble Start]
[INTERNAL_LOG][2018-06-08 04:24:58,729][INFO][is_hybird()] android.permission.WRITE_EXTERNAL_STORAGE
[INTERNAL_LOG][2018-06-08 04:24:58,729][INFO][is_hybird()] android.permission.INTERNET
[INTERNAL_LOG][2018-06-08 04:24:58,729][INFO][is_hybird()] android.permission.ACCESS_NETWORK_STATE
[INTERNAL_LOG][2018-06-08 04:24:58,729][INFO][is_hybird()] android.permission.RECEIVE_BOOT_COMPLETED
[INTERNAL_LOG][2018-06-08 04:24:58,729][INFO][is_hybird()] android.permission.GET_ACCOUNTS
[INTERNAL_LOG][2018-06-08 04:24:58,729][INFO][is_hybird()] android.permission.MANAGE_ACCOUNTS
[INTERNAL_LOG][2018-06-08 04:24:58,729][INFO][is_hybird()] android.permission.AUTHENTICATE_ACCOUNTS
[INTERNAL_LOG][2018-06-08 04:24:58,729][INFO][is_hybird()] android.permission.USE_CREDENTIALS
[INTERNAL_LOG][2018-06-08 04:24:58,729][INFO][is_hybird()] android.permission.ACCESS_WIFI_STATE
[INTERNAL_LOG][2018-06-08 04:24:58,729][INFO][is_hybird()] com.android.vending.CHECK_LICENSE
[INTERNAL_LOG][2018-06-08 04:24:58,729][INFO][is_hybird()] android.permission.WAKE_LOCK
[INTERNAL_LOG][2018-06-08 04:24:58,729][INFO][is_hybird()] com.android.launcher.permission.INSTALL_SHORTCUT
[INTERNAL_LOG][2018-06-08 04:24:58,729][INFO][is_hybird()] com.google.android.c2dm.permission.RECEIVE
[INTERNAL_LOG][2018-06-08 04:24:58,729][INFO][is_hybird()] com.microsoft.office.word.permission.C2D_MESSAGE
[INTERNAL_LOG][2018-06-08 04:24:58,729][INFO][is_hybird()] android.permission.READ_CONTACTS
[INTERNAL_LOG][2018-06-08 04:24:58,729][INFO][is_hybird()] android.permission.GET_PACKAGE_SIZE
[INTERNAL_LOG][2018-06-08 04:24:58,729][INFO][is_hybird()] android.permission.CAMERA
[INTERNAL_LOG][2018-06-08 04:24:58,729][INFO][is_hybird()] android.permission.SYSTEM_ALERT_WINDOW
[INTERNAL_LOG][2018-06-08 04:24:58,729][INFO][is_hybird()] android.permission.READ_EXTERNAL_STORAGE
[INTERNAL_LOG][2018-06-08 04:24:58,729][INFO][is_hybird()] com.android.alarm.permission.SET_ALARM
[INTERNAL_LOG][2018-06-08 04:24:58,729][INFO][is_hybird()] com.android.vending.BILLING
[INTERNAL_LOG][2018-06-08 04:24:58,730][INFO][is_hybird()] android.permission.READ_PHONE_STATE
[INTERNAL_LOG][2018-06-08 04:24:58,730][INFO][is_hybird()] [Permission End]

[INTERNAL_LOG][2018-06-08 04:24:58,730][INFO][analyze_start()] TYPE APK: [ANDROID NATIVE]

[INTERNAL_LOG][2018-06-08 04:24:58,730][INFO][find_string()] [START FILE ANALYZE]
[INTERNAL_LOG][2018-06-08 04:24:58,730][INFO][find_string()] [END ANALYZE FILE]

[INTERNAL_LOG][2018-06-08 04:25:45,565][INFO][find_url_in_apk()] [START ALL URL INSIDE APK]
[INTERNAL_LOG][2018-06-08 04:25:45,566][INFO][find_url_in_apk()] http://schemas.android.com/apk/res/android
http://schemas.android.com/apk/res/android
http://schemas.android.com/apk/res/android
http://schemas.android.com/apk/res/android
https://app.adjust.com
https://www.dropbox.com/upgrade?oqa=upeaoq
http://www.android.com/
http://plus.google.com/
https://www.googletagmanager.com
http://hostname/?
http://schemas.microsoft.com/rel/trusted-realm
https://enterpriseregistration.
http://state/path?
https://play.google.com/store/apps/details?id=
https://play.google.com/store/apps/details?id=
https://play.google.com/store/apps/details?id=
https://www.microsoft.com/china/o365consumer/products/officeandroid.html
https://www.microsoft.com/china/o365consumer/products/officeandroid.html
http://xmlpull.org/v1/doc/features.html#process-namespaces
http://xmlpull.org/v1/doc/features.html#process-namespaces
https://mobile.pipe.aria.microsoft.com/Collector/3.0/
https://mobile.pipe.aria.microsoft.com/Collector/3.0/
https://msmamservice.api.application
https://msmamservice.api.application
https://msmamservice.api.application
https://msmamservice.api.application
https://login.windows.net/common/
https://go.microsoft.com/fwlink/?LinkID=533051&clcid=0x409
https://go.microsoft.com/fwlink/?LinkID=533051&clcid=0x409
https://play.google.com/store/apps/dev?id=6720847872553662727
https://login.windows-ppe.net/common
https://login.windows.net/common
https://suite.officeppe.net:1443
https://suite.office.net:1443
https://go.microsoft.com/fwlink/p/?LinkId=316968
http://schemas.xmlsoap.org/soap/envelope/
http://schemas.xmlsoap.org/soap/envelope/
http://schemas.xmlsoap.org/soap/envelope/
http://schemas.xmlsoap.org/soap/envelope/
http://schemas.xmlsoap.org/soap/envelope/
http://schemas.microsoft.com/sharepoint/soap/
http://schemas.microsoft.com/sharepoint/soap/
http://schemas.microsoft.com/sharepoint/soap/
http://schemas.microsoft.com/sharepoint/soap/
http://schemas.microsoft.com/sharepoint/soap/
http://schemas.microsoft.com/sharepoint/soap/GetWeb
http://schemas.microsoft.com/ado/2007/08/dataservices/metadata
http://schemas.microsoft.com/sharepoint/soap/GetListCollection
http://schemas.microsoft.com/sharepoint/soap/GetListItemChangesSinceToken
http://schemas.microsoft.com/sharepoint/soap/WebUrlFromPageUrl
http://schemas.microsoft.com/sharepoint/soap/WebUrlFromPageUrl
https://play.google.com/apps/testing/com.microsoft.office.word
https://play.google.com/apps/testing/com.microsoft.office.excel
https://play.google.com/apps/testing/com.microsoft.office.powerpoint
https://plus.google.com/communities/115302484554583402046
https://g.live.com/8SESkydrive/ManageStorageM
https://go.microsoft.com/fwlink/?LinkID=507380
https://go.microsoft.com/fwlink/?LinkID=507380
https://go.microsoft.com/fwlink/?LinkID=507380
https://config.edog.office.microsoft.com/config16
https://config.edog.office.microsoft.com/config16
https://go.microsoft.com/fwlink/?LinkID=526587&username=%s
https://go.microsoft.com/fwlink/?LinkID=529844&username=%s
https://office.com/china/getoffice
https://office.com/china/getoffice
https://office.com/get
https://office.com/get
https://go.microsoft.com/fwlink/?LinkId=623911
https://go.microsoft.com/fwlink/?LinkId=623913
https://go.microsoft.com/fwlink/?LinkId=623914
https://go.microsoft.com/fwlink/?LinkId=787603
https://aka.ms/
https://rink.hockeyapp.net/api/2
https://rink.hockeyapp.net/
https://www.microsoftstore.com.cn/office/office-365-personal/p/qq2-00009?Icid=OfficeCategory_O365P
https://go.microsoft.com/fwlink/?linkid=524938
https://go.microsoft.com/fwlink/?linkid=524524
https://go.microsoft.com/fwlink/?linkid=525127
https://localhost/
https://localhost/
https://word-view.officeapps.live.com/rtc2/FindSession?qs=Fi%3dSDA1BF3F68FD45B645%2190921%26C%3d5_810_BN1-SKY-WAC-WSHI%26ak%3dt%253d0%2526s%253d0%2526v%253d%21%25257ep3p_elgAqbVyawKc8bqyYMDvDLOIYU1lhsnbpvQ8_ftb5338pLm0okQNx4HK49_316DRXt0i_g2V5scQ4SMgNFcPa3CeIOPWY2r2yRjv0EAWEwHsRHk8mmbz3_0iEcd4hkRbwy8uWsKh-4wGtR86XdwWcadbkiUJkC9yUK66WwlXYlW4IAojPN_JW3ZHDk-Q11gaXXEXvlmbehVyPgJ3zfVW2OZNoJUomng_kfASf8jcQ_iYH7v8-wzjI8DR571hdv-waDIPe-OnfgTEGD9ZoFyqT7sMVA9CZTQjcfDmkG-gV0r
https://dropbox.com/#
https://officecdn.microsoft.com/pr/uiraas/android/
https://play.google.com/store/apps/details?id=com.android.chrome&hl=en
https://play.google.com/store/apps/details?id=com.google.android.webview&hl=en
https://dropbox.com/
https://api.dropbox.com/1/
https://api-content.dropbox.com/1/
http://www.w3.org/XML/1998/namespace
https://dropbox.com/%s/dropbox%s
https://outlook.office365.com/Insights/api/v1.0/notifications/
https://bcshybridsb.servicebus.windows.net/RUCGUPT-DEVMAIN/
https://api.aadrm.com
https://api.aadrm.de
https://api.aadrm.us
https://login.windows.net/common/oauth2/token
https://oneclient.sfx.ms/mobile/ts_configuration.jwt
http://www.w3.org/2001/XMLSchema-instance
http://schemas.microsoft.com/netservices/2010/10/servicebus/connect
http://www.w3.org/2005/Atom
https://sdk.hockeyapp.net/
https://sdk.hockeyapp.net/
https://sdk.hockeyapp.net/
https://sdk.hockeyapp.net/
https://rink.hockeyapp.net/api/2/apps/

[INTERNAL_LOG][2018-06-08 04:25:45,566][INFO][find_url_in_apk()] [END ALL URL INSIDE APK]
[INTERNAL_LOG][2018-06-08 04:25:45,585][INFO][check_method_conf()] [JavaScript enabled: True]

[INTERNAL_LOG][2018-06-08 04:25:45,585][INFO][check_method_conf()] [Add interface WebView: True]

[INTERNAL_LOG][2018-06-08 04:25:45,585][INFO][analyze_start()] This app might be not vulnerable on  attack frame confusion.
[INTERNAL_LOG][2018-06-08 04:25:45,585][INFO][analyze_start()] End time:[Fri Jun  8 04:25:45 2018]
