[INTERNAL_LOG][2018-06-07 23:16:24,039][INFO][analyze_start()] Init Time [Thu Jun  7 23:16:24 2018]
[INTERNAL_LOG][2018-06-07 23:16:24,228][INFO][run()] Start Analysis
[INTERNAL_LOG][2018-06-07 23:16:24,232][INFO][is_hybird()] [Permission Enble Start]
[INTERNAL_LOG][2018-06-07 23:16:24,232][INFO][is_hybird()] com.android.launcher.permission.INSTALL_SHORTCUT
[INTERNAL_LOG][2018-06-07 23:16:24,232][INFO][is_hybird()] com.android.launcher.permission.UNINSTALL_SHORTCUT
[INTERNAL_LOG][2018-06-07 23:16:24,232][INFO][is_hybird()] com.android.launcher.permission.READ_SETTINGS
[INTERNAL_LOG][2018-06-07 23:16:24,232][INFO][is_hybird()] com.android.launcher.permission.WRITE_SETTINGS
[INTERNAL_LOG][2018-06-07 23:16:24,232][INFO][is_hybird()] com.android.launcher2.permission.READ_SETTINGS
[INTERNAL_LOG][2018-06-07 23:16:24,233][INFO][is_hybird()] com.android.launcher2.permission.WRITE_SETTINGS
[INTERNAL_LOG][2018-06-07 23:16:24,233][INFO][is_hybird()] com.android.launcher3.permission.READ_SETTINGS
[INTERNAL_LOG][2018-06-07 23:16:24,233][INFO][is_hybird()] com.android.launcher3.permission.WRITE_SETTINGS
[INTERNAL_LOG][2018-06-07 23:16:24,233][INFO][is_hybird()] android.permission.AUTHENTICATE_ACCOUNTS
[INTERNAL_LOG][2018-06-07 23:16:24,233][INFO][is_hybird()] com.htc.launcher.permission.READ_SETTINGS
[INTERNAL_LOG][2018-06-07 23:16:24,233][INFO][is_hybird()] com.htc.launcher.permission.WRITE_SETTINGS
[INTERNAL_LOG][2018-06-07 23:16:24,233][INFO][is_hybird()] com.lge.launcher.permission.READ_SETTINGS
[INTERNAL_LOG][2018-06-07 23:16:24,233][INFO][is_hybird()] com.lge.launcher.permission.WRITE_SETTINGS
[INTERNAL_LOG][2018-06-07 23:16:24,233][INFO][is_hybird()] com.huawei.launcher3.permission.READ_SETTINGS
[INTERNAL_LOG][2018-06-07 23:16:24,233][INFO][is_hybird()] com.huawei.launcher3.permission.WRITE_SETTINGS
[INTERNAL_LOG][2018-06-07 23:16:24,233][INFO][is_hybird()] com.huawei.launcher2.permission.READ_SETTINGS
[INTERNAL_LOG][2018-06-07 23:16:24,233][INFO][is_hybird()] com.huawei.launcher2.permission.WRITE_SETTINGS
[INTERNAL_LOG][2018-06-07 23:16:24,233][INFO][is_hybird()] com.ebproductions.android.launcher.permission.READ_SETTINGS
[INTERNAL_LOG][2018-06-07 23:16:24,233][INFO][is_hybird()] com.ebproductions.android.launcher.permission.WRITE_SETTINGS
[INTERNAL_LOG][2018-06-07 23:16:24,233][INFO][is_hybird()] com.oppo.launcher.permission.READ_SETTINGS
[INTERNAL_LOG][2018-06-07 23:16:24,233][INFO][is_hybird()] com.oppo.launcher.permission.WRITE_SETTINGS
[INTERNAL_LOG][2018-06-07 23:16:24,233][INFO][is_hybird()] com.huawei.android.launcher.permission.READ_SETTINGS
[INTERNAL_LOG][2018-06-07 23:16:24,233][INFO][is_hybird()] com.huawei.android.launcher.permission.WRITE_SETTINGS
[INTERNAL_LOG][2018-06-07 23:16:24,233][INFO][is_hybird()] dianxin.permission.ACCESS_LAUNCHER_DATA
[INTERNAL_LOG][2018-06-07 23:16:24,233][INFO][is_hybird()] com.miui.mihome2.permission.READ_SETTINGS
[INTERNAL_LOG][2018-06-07 23:16:24,233][INFO][is_hybird()] com.miui.mihome2.permission.WRITE_SETTINGS
[INTERNAL_LOG][2018-06-07 23:16:24,234][INFO][is_hybird()] com.zhiliaoapp.musically.permission.MIPUSH_RECEIVE
[INTERNAL_LOG][2018-06-07 23:16:24,234][INFO][is_hybird()] com.zhiliaoapp.musically.push.permission.MESSAGE
[INTERNAL_LOG][2018-06-07 23:16:24,234][INFO][is_hybird()] com.zhiliaoapp.musically.permission.C2D_MESSAGE
[INTERNAL_LOG][2018-06-07 23:16:24,234][INFO][is_hybird()] com.google.android.c2dm.permission.RECEIVE
[INTERNAL_LOG][2018-06-07 23:16:24,234][INFO][is_hybird()] android.permission.WAKE_LOCK
[INTERNAL_LOG][2018-06-07 23:16:24,234][INFO][is_hybird()] android.permission.READ_PHONE_STATE
[INTERNAL_LOG][2018-06-07 23:16:24,234][INFO][is_hybird()] android.permission.SYSTEM_ALERT_WINDOW
[INTERNAL_LOG][2018-06-07 23:16:24,234][INFO][is_hybird()] android.permission.INTERNET
[INTERNAL_LOG][2018-06-07 23:16:24,234][INFO][is_hybird()] android.permission.ACCESS_NETWORK_STATE
[INTERNAL_LOG][2018-06-07 23:16:24,234][INFO][is_hybird()] android.permission.READ_EXTERNAL_STORAGE
[INTERNAL_LOG][2018-06-07 23:16:24,234][INFO][is_hybird()] android.permission.WRITE_EXTERNAL_STORAGE
[INTERNAL_LOG][2018-06-07 23:16:24,234][INFO][is_hybird()] android.permission.WRITE_SETTINGS
[INTERNAL_LOG][2018-06-07 23:16:24,234][INFO][is_hybird()] android.permission.ACCESS_WIFI_STATE
[INTERNAL_LOG][2018-06-07 23:16:24,234][INFO][is_hybird()] android.permission.CAMERA
[INTERNAL_LOG][2018-06-07 23:16:24,234][INFO][is_hybird()] android.permission.RECORD_AUDIO
[INTERNAL_LOG][2018-06-07 23:16:24,234][INFO][is_hybird()] android.permission.FLASHLIGHT
[INTERNAL_LOG][2018-06-07 23:16:24,234][INFO][is_hybird()] android.permission.GET_TASKS
[INTERNAL_LOG][2018-06-07 23:16:24,234][INFO][is_hybird()] android.permission.READ_CONTACTS
[INTERNAL_LOG][2018-06-07 23:16:24,234][INFO][is_hybird()] android.permission.RECEIVE_BOOT_COMPLETED
[INTERNAL_LOG][2018-06-07 23:16:24,234][INFO][is_hybird()] none.used.ACCESS_FINE_LOCATION
[INTERNAL_LOG][2018-06-07 23:16:24,234][INFO][is_hybird()] none.used.ACCESS_COARSE_LOCATION
[INTERNAL_LOG][2018-06-07 23:16:24,234][INFO][is_hybird()] android.permission.VIBRATE
[INTERNAL_LOG][2018-06-07 23:16:24,234][INFO][is_hybird()] com.meizu.c2dm.permission.RECEIVE
[INTERNAL_LOG][2018-06-07 23:16:24,234][INFO][is_hybird()] com.zhiliaoapp.musically.permission.READ_ACCOUNT
[INTERNAL_LOG][2018-06-07 23:16:24,235][INFO][is_hybird()] com.zhiliaoapp.musically.permission.WRITE_ACCOUNT
[INTERNAL_LOG][2018-06-07 23:16:24,235][INFO][is_hybird()] android.permission.CHANGE_WIFI_STATE
[INTERNAL_LOG][2018-06-07 23:16:24,235][INFO][is_hybird()] android.permission.PROCESS_OUTGOING_CALLS
[INTERNAL_LOG][2018-06-07 23:16:24,235][INFO][is_hybird()] com.android.vending.BILLING
[INTERNAL_LOG][2018-06-07 23:16:24,235][INFO][is_hybird()] com.meizu.flyme.push.permission.RECEIVE
[INTERNAL_LOG][2018-06-07 23:16:24,235][INFO][is_hybird()] android.permission.GET_ACCOUNTS
[INTERNAL_LOG][2018-06-07 23:16:24,235][INFO][is_hybird()] android.permission.WRITE_SYNC_SETTINGS
[INTERNAL_LOG][2018-06-07 23:16:24,235][INFO][is_hybird()] com.sec.android.provider.badge.permission.READ
[INTERNAL_LOG][2018-06-07 23:16:24,235][INFO][is_hybird()] com.sec.android.provider.badge.permission.WRITE
[INTERNAL_LOG][2018-06-07 23:16:24,235][INFO][is_hybird()] com.htc.launcher.permission.UPDATE_SHORTCUT
[INTERNAL_LOG][2018-06-07 23:16:24,235][INFO][is_hybird()] com.sonyericsson.home.permission.BROADCAST_BADGE
[INTERNAL_LOG][2018-06-07 23:16:24,235][INFO][is_hybird()] com.sonymobile.home.permission.PROVIDER_INSERT_BADGE
[INTERNAL_LOG][2018-06-07 23:16:24,235][INFO][is_hybird()] com.majeur.launcher.permission.UPDATE_BADGE
[INTERNAL_LOG][2018-06-07 23:16:24,235][INFO][is_hybird()] com.huawei.android.launcher.permission.CHANGE_BADGE
[INTERNAL_LOG][2018-06-07 23:16:24,235][INFO][is_hybird()] com.google.android.finsky.permission.BIND_GET_INSTALL_REFERRER_SERVICE
[INTERNAL_LOG][2018-06-07 23:16:24,235][INFO][is_hybird()] android.permission.USE_CREDENTIALS
[INTERNAL_LOG][2018-06-07 23:16:24,235][INFO][is_hybird()] android.permission.MANAGE_ACCOUNTS
[INTERNAL_LOG][2018-06-07 23:16:24,235][INFO][is_hybird()] [Permission End]

[INTERNAL_LOG][2018-06-07 23:16:24,235][INFO][analyze_start()] TYPE APK: [ANDROID NATIVE]

[INTERNAL_LOG][2018-06-07 23:16:24,235][INFO][find_string()] [START FILE ANALYZE]
[INTERNAL_LOG][2018-06-07 23:16:24,235][INFO][find_string()] [END ANALYZE FILE]

[INTERNAL_LOG][2018-06-07 23:18:12,081][INFO][find_url_in_apk()] [START URL LOADED INSIDE LOAD FUNCTION]
[INTERNAL_LOG][2018-06-07 23:18:12,082][INFO][find_url_in_apk()] http://s.pstatp.com/static/essay/jokeCommunityUserAgreement.html
https://www.musical.ly/g-recaptcha/?lang=
http://m.alipay.com/?action=h5quit
https://api2.musical.ly/passport/auth/wap_login_success/
http://qzs.qq.com/open/mobile/login/qzsjump.html?

[INTERNAL_LOG][2018-06-07 23:18:12,082][INFO][find_url_in_apk()] [END URL LOADED INSIDE LOAD FUNCTION]
[INTERNAL_LOG][2018-06-07 23:18:17,710][ERROR][download_page_loaded()] Failed response code: 404 for https://api2.musical.ly/passport/auth/wap_login_success/  
[INTERNAL_LOG][2018-06-07 23:18:18,342][INFO][find_string()] [START REMOTE FILE ANALYZE]
[INTERNAL_LOG][2018-06-07 23:18:18,342][INFO][find_string()] Remote File in: temp_html_code/html_downloaded_musical/jokeCommunityUserAgreement.html
[INTERNAL_LOG][2018-06-07 23:18:18,343][INFO][find_string()] URL: http://s.pstatp.com/static/essay/jokeCommunityUserAgreement.html
[INTERNAL_LOG][2018-06-07 23:18:18,351][INFO][find_string()] No iframe in temp_html_code/html_downloaded_musical/jokeCommunityUserAgreement.html
[INTERNAL_LOG][2018-06-07 23:18:18,351][INFO][find_string()] Remote File in: temp_html_code/html_downloaded_musical/?lang=
[INTERNAL_LOG][2018-06-07 23:18:18,351][INFO][find_string()] URL: https://www.musical.ly/g-recaptcha/?lang=
[INTERNAL_LOG][2018-06-07 23:18:18,353][INFO][find_string()] No iframe in temp_html_code/html_downloaded_musical/?lang=
[INTERNAL_LOG][2018-06-07 23:18:18,353][INFO][find_string()] Remote File in: temp_html_code/html_downloaded_musical/?action=h5quit
[INTERNAL_LOG][2018-06-07 23:18:18,353][INFO][find_string()] URL: http://m.alipay.com/?action=h5quit
[INTERNAL_LOG][2018-06-07 23:18:18,355][INFO][find_string()] No iframe in temp_html_code/html_downloaded_musical/?action=h5quit
[INTERNAL_LOG][2018-06-07 23:18:18,355][INFO][find_string()] Remote File in: temp_html_code/html_downloaded_musical/qzsjump.html?
[INTERNAL_LOG][2018-06-07 23:18:18,355][INFO][find_string()] URL: http://qzs.qq.com/open/mobile/login/qzsjump.html?
[INTERNAL_LOG][2018-06-07 23:18:18,357][INFO][find_string()] Found in file temp_html_code/html_downloaded_musical/qzsjump.html? tag iframe , 1 times
[INTERNAL_LOG][2018-06-07 23:18:18,357][INFO][find_string()] No CSP found!
[INTERNAL_LOG][2018-06-07 23:18:18,357][INFO][find_string()] [END ANALYZE FILE]

[INTERNAL_LOG][2018-06-07 23:18:18,357][INFO][find_url_in_apk()] [START ALL URL INSIDE APK]
[INTERNAL_LOG][2018-06-07 23:18:18,358][INFO][find_url_in_apk()] http://data.hicloud.com:8089/sdkv1
http://p3.pstatp.com/origin/4a3600077706fbdb44e5
http://s3b.pstatp.com/toutiao/xigua_cdn/bw/bw2.mp4
https://access.line.me/v2
https://access.line.me/dialog/oauth/weblogin
http://api.snssdk.com/auth/login_success/
http://api.snssdk.com/auth/login_success/
http://api.weibo.cn/2/client/common_config
http://app.sina.cn/appdetail.php?appID=84560
https://open.weibo.cn/oauth2/authorize?
http://service.weibo.com/share/mobilesdk.php
http://service.weibo.com/share/mobilesdk_uppic.php
http://widget.weibo.com/relationship/followsdk.php
https://api.weibo.com/2/friendships/show.json
http://widget.weibo.com/distribution/socail_comments_sdk.php
https://api.weibo.com/oauth2/access_token
https://api.weibo.com/2/statuses/repost.json
https://api.weibo.com/2/statuses/update.json
https://api.weibo.com/2/statuses/upload.json
http://api.weibo.com/oauth2/getaid.json
https://i.snssdk.com/
https://i.snssdk.com/
https://i.snssdk.com/
https://i.snssdk.com/
https://effect.snssdk.com/monitor/img/dp.png?
https://effect.snssdk.com/monitor/sampling?
https://d.alipay.com
https://www.huoshan.com/inapp/faq/
http://s.pstatp.com/static/essay/jokeCommunityUserAgreement.html
http://api.snssdk.com
http://api.snssdk.com
http://open.snssdk.com/
http://open.snssdk.com/auth/auth_page/
http://i.snssdk.com/user/mobile/bind_mobile/v2/
http://i.snssdk.com/user/mobile/change_mobile/
https://i.snssdk.com/user/mobile/change_password/
https://i.snssdk.com/passport/password/check/
https://i.snssdk.com/user/mobile/quick_login/
https://i.snssdk.com/passport/mobile/send_code/
https://i.snssdk.com/passport/mobile/send_code/
http://i.snssdk.com/user/mobile/validate_code/
https://api2.musical.ly/2/user/info/
https://i.snssdk.com/ies/antispam/upload_device_info/
https://api.amemv.com/ies/antispam/upload_sdk_device_info/
http://www.cac.gov.cn/2017-08/25/c_1121541842.htm
https://www.tiktokv.com/kr/agreement/
https://www.tiktokv.com/aweme/i18n/in_app/agreement/
https://api2.musical.ly
https://api2.musical.ly
https://api2.musical.ly
https://api2.musical.ly
https://api2.musical.ly
https://api2.musical.ly
https://api2.musical.ly
https://api2.musical.ly
https://api2.musical.ly
https://api2.musical.ly
https://api2.musical.ly
https://api2.musical.ly
https://api2.musical.ly
https://api2.musical.ly
https://api2.musical.ly
https://api2.musical.ly
https://api2.musical.ly
https://api2.musical.ly
https://api2.musical.ly
https://api2.musical.ly
https://api2.musical.ly
https://api2.musical.ly
https://api2.musical.ly
https://api2.musical.ly
https://api2.musical.ly
https://api2.musical.ly
https://api2.musical.ly
https://api2.musical.ly
https://api2.musical.ly
https://api2.musical.ly
https://api2.musical.ly
https://api2.musical.ly
https://api2.musical.ly
https://api2.musical.ly
https://api2.musical.ly
https://api2.musical.ly
https://api2.musical.ly
https://www.musical.ly/aweme/in_app/bodydance/rank/?music_id=
https://api2.musical.ly/ies/antispam/verification_code/get_pic_code/
https://api2.musical.ly/ies/antispam/verification_code/verify_pic_code/
https://api2.musical.ly/aweme/v1/commit/challenge/
https://api2.musical.ly/aweme/v1/challenge/aweme/
https://api2.musical.ly/aweme/v1/challenge/fresh/aweme/
https://api2.musical.ly/aweme/v1/challenge/detail/
https://api2.musical.ly/aweme/v1/recommend/challenge/
https://api2.musical.ly/aweme/v1/challenge/search/
https://play.google.com/store/apps/details?id=
https://play.google.com/store/apps/details?id=
https://api2.musical.ly/aweme/v1/aweme/detail/
https://api2.musical.ly/aweme/v1/aweme/detail/
https://api2.musical.ly/aweme/v1/multi/aweme/detail/
https://api2.musical.ly/aweme/v1/recommend/user/dislike/
https://api2.musical.ly/aweme/v1/find/
https://api2.musical.ly/aweme/v1/category/list/
https://api2.musical.ly/aweme/v1/hot/search/
https://api2.musical.ly/aweme/v1/recommend/user/
https://api2.musical.ly/aweme/v1/recommend/user/
https://api2.musical.ly/aweme/v1/recommend/user/
https://api2.musical.ly/aweme/v1/live/answer/
https://api2.musical.ly/aweme/v1/hproject/settings/
https://api2.musical.ly/aweme/v1/upload/contacts/
https://api2.musical.ly/aweme/v1/aweme/delete/
https://api2.musical.ly/aweme/v1/commit/item/digg/
https://api2.musical.ly/aweme/v1/feed/
https://api2.musical.ly/aweme/v1/aweme/stats/
https://api2.musical.ly/aweme/v1/aweme/modify/visibility/
http://hdcs.orientalwisdom.com/udp/toutiaoCard/douyin.html?cmpid=llgs-dysp-sp1&shopid=lmk.cps.llgsdyspsp1
https://api2.musical.ly/aweme/v1/video/filter/
https://api2.musical.ly/aweme/v1/follow/feed/
https://api2.musical.ly/aweme/v1/rec/new/
https://api2.musical.ly/aweme/v1/user/follower/list/
https://api2.musical.ly/aweme/v1/user/follower/list/
https://api2.musical.ly/aweme/v1/user/following/list/
https://api2.musical.ly/aweme/v1/user/following/list/
https://api2.musical.ly/aweme/v1/user/following/list/
https://api2.musical.ly/aweme/v1/user/recent/contact/
https://api2.musical.ly/aweme/v1/discover/search/
https://www.tiktokv.com/aweme/in_app/bodydance/rank/?music_id=
http://client_monitor.isnssdk.com/monitor/appmonitor/v2/settings
https://musical.ly/report/
https://musical.ly/report/
https://www.musical.ly/privacy.html
https://www.musical.ly/privacy.html
https://www.musical.ly/term.html
https://www.musical.ly/term.html
https://api2.musical.ly/
https://api2.musical.ly/
https://api2.musical.ly/
https://api2.musical.ly/aweme/v1/device/update/
https://mock.bytedance.net/mock/5a6d3fec36e9a8404416b991/age-gate/
https://instagram.com/_u/
https://instagram.com/_u/
https://www.youtube.com/channel/
https://www.youtube.com/channel/
https://mock.bytedance.net/mock/5a6d3ceb36e9a8404416b98d/find-psw/
https://support.musical.ly
https://www.musical.ly/g-recaptcha/?lang=
https://api2.musical.ly/aweme/v1/upload/image/?uid=
https://api2.musical.ly/aweme/v1/upload/image/?uid=
https://api2.musical.ly/aweme/v1/upload/image/?uid=
https://api2.musical.ly/aweme/v1/upload/image/?uid=
http://www.musical.ly/creatoradagreement
https://www.musical.ly/copyright.html
https://musically.zendesk.com
http://mobilegw.alipay.com/mgw.htm
http://h5.m.taobao.com/trade/paySuccess.html?bizOrderId=$OrderId$&
http://h5.m.taobao.com/trade/paySuccess.html?bizOrderId=$OrderId$&
http://h5.m.taobao.com/trade/paySuccess.html?bizOrderId=$OrderId$&
http://mcgw.alipay.com/sdklog.do
http://m.alipay.com/?action=h5quit
http://restapi.amap.com/v3/weather/weatherInfo?
http://apiinit.amap.com/v3/log/init
http://apilocate.amap.com/mobile/binary
http://abroad.apilocate.amap.com/mobile/binary
https://validate.%s/api/v
https://sdk-services.%s/validate-android-signature
https://onelink.%s/shortlink-sdk/v1
https://monitorsdk.%s/remote-debug?app_id=
https://api.%s/install_data/v3/
http://cgicol.amap.com/collection/writedata?ver=v1.0_ali&
http://abn.snssdk.com/collect/
http://amfr.snssdk.com/file_report/upload
http://203.107.1.4:80/
https://api.tiktokv.com/rc/device_info/v1/collection/
http://mon.snssdk.com/monitor/appmonitor/v2/settings
http://monsetting.toutiao.com/monitor/appmonitor/v2/settings
http://mon.snssdk.com/monitor/collect/
http://mon.toutiao.com/monitor/collect/
http://mon.toutiaocloud.com/monitor/collect/
http://mon.toutiaocloud.net/monitor/collect/
http://nativeapp.toutiao.com
http://nativeapp.toutiao.com
http://nativeapp.toutiao.com
https://www.accountkit.com/faq
https://www.accountkit.com/faq
https://www.accountkit.com/faq
https://m.facebook.com/terms
https://m.facebook.com/terms
https://m.facebook.com/terms
https://m.facebook.com/about/privacy/
https://m.facebook.com/about/privacy/
https://m.facebook.com/about/privacy/
https://m.facebook.com/policies/cookies/
https://m.facebook.com/policies/cookies/
https://m.facebook.com/policies/cookies/
https://graph.%s
https://graph-video.%s
https://facebook.com
https://facebook.com/device?user_code=%1$s&qr=1
http://play.google.com/store/apps/details?id=com.facebook.orca
https://pagead2.googlesyndication.com/pagead/gen_204?id=gmob-apps
http://hostname/?
https://accounts.google.com
https://accounts.google.com
https://www.facebook.com
https://www.googleapis.com/auth/games_lite
https://www.googleapis.com/auth/games
https://accounts.google.com/o/oauth2/revoke?token=
https://plus.google.com/
http://play.google.com/store/apps/category/GAME
https://play.google.com/store/apps/details?id=%1$s&rdid=%1$s&rdot=%2$d
https://plus.google.com/%s/about
https://play.google.com/store/apps/details
http://www.google.com
https://support.google.com/dfp_premium/answer/7160685#push
http://www.example.com
http://www.example.com
http://www.google-analytics.com
https://ssl.google-analytics.com
https://app-measurement.com/a
https://www.google.com
https://www.google.com
https://developers.google.com/accounts/docs/application-default-credentials
https://accounts.google.com/o/oauth2/token
https://accounts.google.com/o/oauth2/token
https://accounts.google.com/o/oauth2/token
https://accounts.google.com/o/oauth2/token
https://accounts.google.com/o/oauth2/token
https://accounts.google.com/o/oauth2/token
https://accounts.google.com/o/oauth2/token
https://www.googleapis.com/oauth2/v1/certs
http://169.254.169.254
https://www.googleapis.com/batch
http://google.com/
http://google.com/
https://www.googleapis.com/
https://www.googleapis.com/auth/youtube
https://www.googleapis.com/auth/youtube
https://www.googleapis.com/auth/youtube.readonly
https://www.googleapis.com/auth/youtube.upload
https://www.googleapis.com/auth/youtube.upload
https://www.googleapis.com/auth/youtubepartner
https://www.googleapis.com/auth/youtubepartner-channel-audit
http://schemas.android.com/apk/res/android
http://schemas.android.com/apk/res/android
https://mobilegw.alipay.com/mgw.htm
http://mobilegw.stable.alipay.net/mgw.htm
http://mobilegw-1-64.test.alipay.net/mgw.htm
http://mobilegw.aaa.alipay.net/mgw.htm
https://attr.%s/api/v
https://t.%s/api/v
https://events.%s/api/v
https://register.%s/api/v
https://stats.%s/stats
https://pagead2.googlesyndication.com/pagead/gen_204
https://googleads.g.doubleclick.net/mads/static/mad/sdk/native/sdk-core-v40.html
https://googleads.g.doubleclick.net/mads/static/mad/sdk/native/production/sdk-core-v40-impl.js
https://googleads.g.doubleclick.net/mads/static/mad/sdk/native/mraid/v2/mraid_app_banner.js
https://googleads.g.doubleclick.net/mads/static/mad/sdk/native/mraid/v2/mraid_app_expanded_banner.js
https://googleads.g.doubleclick.net/mads/static/mad/sdk/native/mraid/v2/mraid_app_interstitial.js
https://csi.gstatic.com/csi
https://googleads.g.doubleclick.net/mads/static/mad/sdk/native/native_ads.html
https://googleads.g.doubleclick.net/mads/static/mad/sdk/native/production/native_ads.js
https://imasdk.googleapis.com/admob/sdkloader/native_video.html
https://www.google.com/dfp/linkDevice
https://www.google.com/dfp/inAppPreview
https://www.google.com/dfp/debugSignals
https://www.google.com/dfp/sendDebugData
https://accounts.google.com/o/oauth2/auth
https://accounts.google.com/o/oauth2/auth
https://accounts.google.com/o/oauth2/auth
https://accounts.google.com/o/oauth2/auth
https://log.snssdk.com/service/2/app_log/
https://rtlog.snssdk.com/service/2/app_log/
https://log.snssdk.com/service/2/device_register/
http://ichannel.snssdk.com/service/2/app_alert_check/
https://log.snssdk.com/service/2/log_settings/
http://log.snssdk.com/service/2/app_log/
http://log.snssdk.com/service/2/device_register/
http://log.snssdk.com/service/2/log_settings/
http://log.isnssdk.com/service/2/app_log/
http://log.isnssdk.com/service/2/device_register/
http://ichannel.isnssdk.com/service/2/app_alert_check/
http://log.isnssdk.com/service/2/log_settings/
http://log.sgsnssdk.com/service/2/app_log/
http://log.sgsnssdk.com/service/2/device_register/
http://ichannel.sgsnssdk.com/service/2/app_alert_check/
http://log.sgsnssdk.com/service/2/log_settings/
http://log.byteoversea.com/service/2/app_log/
http://log.byteoversea.com/service/2/device_register/
http://i.byteoversea.com/service/2/app_alert_check/
http://log.byteoversea.com/service/2/log_settings/
http://applog.musical.ly/service/2/app_log/
http://applog.musical.ly/service/2/device_register/
http://ichannel.musical.ly/service/2/app_alert_check/
http://applog.musical.ly/service/2/log_settings/
http://maps.googleapis.com/maps/api/geocode/json?latlng=%1$s,%2$s&sensor=true&language=zh-CN
http://api.map.baidu.com/geocoder/v2/?output=json&location=%1$s,%2$s&ak=XYUPDnaR4Fp1LbU7GT2L7VIK
http://api2.musical.ly
http://api2.musical.ly
http://api2.musical.ly
http://ib.snssdk.com
http://ichannel.snssdk.com
http://i.snssdk.com/
https://aweme.snssdk.com/falcon/douyin_falcon/certed/
https://api2.musical.ly/aweme/v1/
https://api2.musical.ly/aweme/v1/cloud/control/
https://api.tiktokv.com/effect/api
https://api2.musical.ly/effect/api
https://effect.snssdk.com/effect/api
http://api2.musical.ly/falcon/douyin_falcon/business/goodsManage/
https://aweme.snssdk.com
https://hotsoon.snssdk.com/hotsoon/stats/
https://hotsoon.snssdk.com/hotsoon/stats/
https://api2.musical.ly/aweme/v1/user/
https://api2.musical.ly/aweme/v1/user/
https://api2.musical.ly/aweme/v1/user/
https://api2.musical.ly/aweme/v1/user/
https://api2.musical.ly/aweme/v1/weibo/bind/
https://api2.musical.ly/aweme/v1/user/%d/
https://ichannel.musical.ly/service/2/app_alert_rules/
https://aweme.snssdk.com/aweme/v1/
https://aweme.snssdk.com/aweme/v1/
https://ib.snssdk.com/
https://aweme.snssdk.com/aweme/in_app/live_agreement/
https://api2.musical.ly/user/refresh_captcha/
https://api2.musical.ly/aweme/v1/multi/commit/follow/user/
https://api2.musical.ly/aweme/v1/commit/user/extra/
https://api2.musical.ly/user/mobile/send_voice_code/
https://api2.musical.ly/user/mobile/send_voice_code/
https://api2.musical.ly/falcon/douyin_falcon/faq/?id=1209
https://api2.musical.ly/falcon/douyin_falcon/faq/?id=1209
https://api2.musical.ly/aweme/v1/music/search/
https://api2.musical.ly/aweme/v1/music/create/
https://api2.musical.ly/aweme/v1/music/collection/
https://api2.musical.ly/aweme/v1/hot/music/
https://api2.musical.ly/aweme/v1/music/list/
https://api2.musical.ly/aweme/v1/original/music/list/
https://api2.musical.ly/aweme/v1/music/check/collect/
https://api2.musical.ly/aweme/v1/user/music/collect/
https://api2.musical.ly/aweme/v1/music/collect/
https://api2.musical.ly/aweme/v1/music/detail/
https://api2.musical.ly/aweme/v1/music/aweme/
https://api2.musical.ly/aweme/v1/music/fresh/aweme/
https://api2.musical.ly/aweme/v1/upload/file/
https://api2.musical.ly/aweme/v1/upload/file/
https://api2.musical.ly/aweme/v1/music/user/create/
https://api2.musical.ly/aweme/v1/music/update/
https://aweme.snssdk.com/magic/runtime/?id=845
https://api2.musical.ly/aweme/in_app/music_agreement/
https://api2.musical.ly/aweme/v1/poi/aweme/
https://api2.musical.ly/aweme/v1/poi/detail/
https://api2.musical.ly/aweme/v1/poi/search/
https://api2.musical.ly/falcon/douyin_falcon/page/poiRankList/index.html?id=
https://api2.musical.ly/aweme/v1/policy/
https://api2.musical.ly/aweme/v1/policy/
https://api2.musical.ly/aweme/v1/accept-private-policy/
https://api2.musical.ly/aweme/v1/commit/dislike/item/
https://api2.musical.ly/aweme/v1/aweme/post/
https://api2.musical.ly/aweme/v1/aweme/favorite/
https://api2.musical.ly/aweme/v1/user/block/
https://api2.musical.ly/aweme/v1/commit/follow/user/
https://api2.musical.ly/aweme/v1/user/?user_id=
https://api2.musical.ly/aweme/v1/user/?user_id=
https://api2.musical.ly/aweme/v1/hide/location/
https://api2.musical.ly/api/2/article/city/
https://api2.musical.ly/aweme/v1/commit/user/
https://api2.musical.ly/aweme/v1/commit/user/
https://api2.musical.ly/aweme/v1/check/in/
https://api2.musical.ly/aweme/v1/check/out/
https://api2.musical.ly/aweme/v1/check/out/
https://api2.musical.ly/aweme/v1/friend/register/notice/
https://mock.bytedance.net/mock/5a6ec74a98c5ef019ea68979/post_notification
https://aweme.snssdk.com/falcon/douyin_falcon/certification/personalApplyEnter/index.html?enter_from=
https://api2.musical.ly/aweme/v1/instagram/bind/
https://api2.musical.ly/aweme/v1/new/recommend/user/count/
https://api2.musical.ly/falcon/douyin_falcon/dou_plus/order_list/
https://api2.musical.ly/falcon/douyin_falcon/faq/
https://api2.musical.ly/aweme/v1/aweme/feedback/reasons/
https://api2.musical.ly/aweme/v1/aweme/feedback/
https://api2.musical.ly/aweme/v1/testidc/
https://api2.musical.ly/aweme/v1/testidc/
https://www.musical.ly/wallet/withdraw/
https://api2.musical.ly/aweme/v1/crawl/sdk/log/
https://api2.musical.ly/aweme/v1/upload/sdk/log/
https://api2.musical.ly/aweme/v1/abtest/param/
https://api2.musical.ly/aweme/v1/contact/shield/?type=
https://www.tiktokv.com/i18n/home/
https://api.tiktokv.com/magic/runtime/?id=868
http://api2.musical.ly/falcon/douyin_falcon/jsbridge_test/
https://twitter.com/intent/user?user_id=
https://api2.musical.ly/aweme/v1/create/aweme/
https://api2.musical.ly/aweme/v1/create/aweme/
https://api2.musical.ly/aweme/v1/create/video/
https://api2.musical.ly/aweme/v1/create/video/
https://api2.musical.ly/aweme/v1/license/
https://api2.musical.ly/aweme/v1/face/sticker/
https://api2.musical.ly/aweme/v1/story/mylist/
https://api2.musical.ly/aweme/v1/story/
https://api2.musical.ly/aweme/v1/story/list/
https://api2.musical.ly/aweme/v1/story/digger/list/
https://api2.musical.ly/aweme/v1/story/digg/
https://api2.musical.ly/aweme/v1/story/addreview/
https://api2.musical.ly/aweme/v1/theme/package/
https://www.tiktokv.com/aweme/i18n/uninstall/
https://aweme.snssdk.com/falcon/douyin_falcon/certification
https://aweme.snssdk.com/falcon/douyin_falcon/arti_certification
https://api2.musical.ly/aweme/v1/report/info/
https://www.tiktokv.com/i18n/friend/invite/
https://api2.musical.ly/passport/auth/wap_login_success/
https://api2.musical.ly/passport/auth/wap_login_success/
https://api.instagram.com/oauth/authorize/
https://api2.musical.ly/aweme/v1/notice/shield/
https://api2.musical.ly/aweme/v1/thrid/platform/share/
https://xlog.snssdk.com
https://xlog.byteoversea.com
http://10.8.30.69:6886
https://xlog-va.byteoversea.com
http://hydra.alibaba.com/
http://xmlpull.org/v1/doc/features.html#indent-output
http://xmlpull.org/v1/doc/features.html#indent-output
http://rqd.uu.qq.com/rqd/sync
http://android.bugly.qq.com/rqd/async
http://appsupport.qq.com/cgi-bin/qzapps/mapp_addapp.cgi
http://appsupport.qq.com/cgi-bin/qzapps/mapp_addapp.cgi
http://openmobile.qq.com/oauth2.0/m_jump_by_version?
https://openmobile.qq.com/oauth2.0/m_authorize?
https://openmobile.qq.com/user/user_login_statis
https://openmobile.qq.com/v3/user/get_info
http://qzs.qq.com/open/mobile/login/qzsjump.html?
http://qzs.qq.com/open/mobile/login/qzsjump.html?
http://open.weixin.qq.com/connect/sdk/qrconnect?appid=%s&noncestr=%s&timestamp=%s&scope=%s&signature=%s
https://long.open.weixin.qq.com/connect/l/qrconnect?f=json&uuid=%s
http://www.qq.com/s?
http://c.isdspeed.qq.com/code.cgi
http://wspeed.qq.com/w.cgi
http://appsupport.qq.com/cgi-bin/appstage/mstats_batch_report
https://openmobile.qq.com/
http://cgi.connect.qq.com/qqconnectopen/openapi/policy_conf
http://pingma.qq.com:80/mstat/report
http://127.0.0.1:
https://api.twitter.com
https://syndication.twitter.com
https://twitter.com/intent/tweet?text=%s&url=%s
http://alog.umeng.com/app_logs
http://alog.umengcloud.com/app_logs
https://cmnsguider.yunos.com:443/genDeviceToken
https://uop.umeng.com
http://log.umsns.com/share/api/
http://vk.com/images/community_50.gif
http://vk.com/images/community_100.gif
http://vk.com/images/s_noalbum.png
http://vk.com/images/m_noalbum.png
http://vk.com/images/x_noalbum.png
http://vk.com/images/camera_c.gif
http://vk.com/images/camera_c.gif
http://vk.com/images/camera_c.gif
http://vk.com/images/camera_b.gif
http://vk.com/images/camera_b.gif
http://vk.com/images/camera_b.gif
http://vk.com/images/camera_a.gif
http://vk.com/images/camera_a.gif
http://vk.com/images/camera_a.gif
https://oauth.vk.com/blank.html
https://oauth.vk.com/blank.html
https://oauth.vk.com/authorize?client_id=%s&scope=%s&redirect_uri=%s&display=mobile&v=%s&response_type=token&revoke=%d
https://e.crashlytics.com/spi/v2/events
https://settings.crashlytics.com/spi/v2/platforms/android/apps/%s/settings
http://localhost/
http://localhost/
http://localhost/

[INTERNAL_LOG][2018-06-07 23:18:18,358][INFO][find_url_in_apk()] [END ALL URL INSIDE APK]
[INTERNAL_LOG][2018-06-07 23:18:18,365][INFO][check_method_conf()] [JavaScript enabled: True]

[INTERNAL_LOG][2018-06-07 23:18:18,365][INFO][check_method_conf()] [Add interface WebView: True]

[INTERNAL_LOG][2018-06-07 23:18:18,365][INFO][analyze_start()] This app might be vulnerable on attack frame confusion, This file are vulnerable ['temp_html_code/html_downloaded_musical/qzsjump.html?']
[INTERNAL_LOG][2018-06-07 23:18:18,365][INFO][analyze_start()] End time:[Thu Jun  7 23:18:18 2018]
