[INTERNAL_LOG][2018-06-08 00:53:38,683][INFO][analyze_start()] Init Time [Fri Jun  8 00:53:38 2018]
[INTERNAL_LOG][2018-06-08 00:53:38,793][INFO][run()] Start Analysis
[INTERNAL_LOG][2018-06-08 00:53:38,795][INFO][is_hybird()] Hybrid file found are: ['config.xml']
[INTERNAL_LOG][2018-06-08 00:53:38,795][INFO][is_hybird()] [Permission Enble Start]
[INTERNAL_LOG][2018-06-08 00:53:38,795][INFO][is_hybird()] com.android.vending.CHECK_LICENSE
[INTERNAL_LOG][2018-06-08 00:53:38,795][INFO][is_hybird()] android.permission.INTERNET
[INTERNAL_LOG][2018-06-08 00:53:38,795][INFO][is_hybird()] android.permission.USE_CREDENTIALS
[INTERNAL_LOG][2018-06-08 00:53:38,795][INFO][is_hybird()] android.permission.ACCESS_NETWORK_STATE
[INTERNAL_LOG][2018-06-08 00:53:38,795][INFO][is_hybird()] android.permission.ACCESS_WIFI_STATE
[INTERNAL_LOG][2018-06-08 00:53:38,795][INFO][is_hybird()] com.android.vending.BILLING
[INTERNAL_LOG][2018-06-08 00:53:38,795][INFO][is_hybird()] android.permission.VIBRATE
[INTERNAL_LOG][2018-06-08 00:53:38,795][INFO][is_hybird()] android.permission.WAKE_LOCK
[INTERNAL_LOG][2018-06-08 00:53:38,795][INFO][is_hybird()] android.permission.ACCESS_NETWORK_STATE
[INTERNAL_LOG][2018-06-08 00:53:38,795][INFO][is_hybird()] com.ea.gp.nbamobile.permission.C2D_MESSAGE
[INTERNAL_LOG][2018-06-08 00:53:38,795][INFO][is_hybird()] com.google.android.c2dm.permission.RECEIVE
[INTERNAL_LOG][2018-06-08 00:53:38,795][INFO][is_hybird()] [Permission End]

[INTERNAL_LOG][2018-06-08 00:53:38,796][INFO][is_hybird()] Starting apktool
[INTERNAL_LOG][2018-06-08 00:53:45,878][ERROR][is_hybird()] [ERROR file config.xmls] [Errno 2] No such file or directory: 'temp_dir/res/xml/config.xml' 

[INTERNAL_LOG][2018-06-08 00:53:45,909][INFO][analyze_start()] TYPE APK: [HYBRID]

[INTERNAL_LOG][2018-06-08 00:53:45,940][INFO][find_string()] [START FILE ANALYZE]
[INTERNAL_LOG][2018-06-08 00:53:45,951][INFO][find_string()] [END ANALYZE FILE]

[INTERNAL_LOG][2018-06-08 00:54:03,494][INFO][find_url_in_apk()] [START ALL URL INSIDE APK]
[INTERNAL_LOG][2018-06-08 00:54:03,494][INFO][find_url_in_apk()] http://schemas.android.com/apk/res/android
https://www.googleapis.com/auth/games
https://www.googleapis.com/auth/games
https://www.googleapis.com/auth/games
https://www.googleapis.com/auth/games
http://play.google.com/store/apps/details?id=
https://graph.facebook.com/
http://cdn.skum.eamobile.com
http://cdn.skum.eamobile.com
http://www.ea.com
https://syn-dir.sn.eamobile.com
https://director-int.sn.eamobile.com
https://director-stage.sn.eamobile.com
https://graph.facebook.com/%s/picture?type=normal
https://graph.%s
https://graph-video.%s
https://facebook.com
http://play.google.com/store/apps/details?id=com.facebook.orca
https://pagead2.googlesyndication.com/pagead/gen_204?id=gmob-apps
https://accounts.google.com
https://www.facebook.com
https://plus.google.com/
https://www.googleapis.com/auth/games_lite
https://www.googleapis.com/auth/games.firstparty
https://www.googleapis.com/auth/games.firstparty
https://www.googleapis.com/auth/plus.login
https://www.googleapis.com/auth/plus.me
http://schemas.android.com/apk/lib/com.google.android.gms.plus
http://schemas.android.com/apk/lib/com.google.android.gms.plus
https://track.atom-data.io
https://track.atom-data.io
https://track.atom-data.io
https://outcome.supersonicads.com/mediation/
https://outcome.supersonicads.com/mediation/
https://mobilelogs.supersonic.com
https://mobilelogs.supersonic.com
https://init.supersonicads.com/sdk/v
https://www.supersonicads.com/mobile/sdk5/log?method=
https://www.supersonicads.com/mobile/sdk5/log?method=
https://www.supersonicads.com/mobile/sdk5/log?method=
https://www.supersonicads.com/mobile/sdk5/log?method=
https://www.supersonicads.com/mobile/sdk5/log?method=
https://www.supersonicads.com/mobile/sdk5/log?method=
https://www.supersonicads.com/mobile/sdk5/log?method=
https://www.supersonicads.com/mobile/sdk5/log?method=
https://www.supersonicads.com/mobile/sdk5/log?method=injectJavaScript
https://www.supersonicads.com/mobile/sdk5/log?method=extraParametersToJson
https://www.supersonicads.com/mobile/sdk5/log?method=noProductType
https://www.supersonicads.com/mobile/sdk5/log?method=encodeAppUserId
https://www.supersonicads.com/mobile/sdk5/log?method=encodeAppKey
https://www.supersonicads.com/mobile/sdk5/log?method=webviewLoadBlank
https://www.supersonicads.com/mobile/sdk5/log?method=webviewLoadWithPath
https://www.supersonicads.com/mobile/sdk5/log?method=htmlControllerDoesNotExistOnFileSystem
https://www.supersonicads.com/mobile/sdk5/log?method=webviewPause
https://www.supersonicads.com/mobile/sdk5/log?method=webviewResume
https://px.moatads.com/pixel.gif?e=0&i=MOATSDK1&ac=1
https://z.moatads.com/
https://config.unityads.unity3d.com/webview/

[INTERNAL_LOG][2018-06-08 00:54:03,494][INFO][find_url_in_apk()] [END ALL URL INSIDE APK]
[INTERNAL_LOG][2018-06-08 00:54:03,499][INFO][check_method_conf()] [JavaScript enabled: True]

[INTERNAL_LOG][2018-06-08 00:54:03,499][INFO][check_method_conf()] [Add interface WebView: True]

[INTERNAL_LOG][2018-06-08 00:54:03,499][INFO][analyze_start()] This app might be not vulnerable on  attack frame confusion.
[INTERNAL_LOG][2018-06-08 00:54:03,499][INFO][analyze_start()] End time:[Fri Jun  8 00:54:03 2018]
