[INTERNAL_LOG][2018-06-07 21:43:13,082][INFO][analyze_start()] Init Time [Thu Jun  7 21:43:13 2018]
[INTERNAL_LOG][2018-06-07 21:43:13,116][INFO][run()] Start Analysis
[INTERNAL_LOG][2018-06-07 21:43:13,116][INFO][is_hybird()] [Permission Enble Start]
[INTERNAL_LOG][2018-06-07 21:43:13,116][INFO][is_hybird()] android.permission.READ_EXTERNAL_STORAGE
[INTERNAL_LOG][2018-06-07 21:43:13,116][INFO][is_hybird()] android.permission.WRITE_EXTERNAL_STORAGE
[INTERNAL_LOG][2018-06-07 21:43:13,116][INFO][is_hybird()] android.permission.DISABLE_KEYGUARD
[INTERNAL_LOG][2018-06-07 21:43:13,116][INFO][is_hybird()] android.permission.INTERNET
[INTERNAL_LOG][2018-06-07 21:43:13,116][INFO][is_hybird()] android.permission.ACCESS_NETWORK_STATE
[INTERNAL_LOG][2018-06-07 21:43:13,117][INFO][is_hybird()] android.permission.BLUETOOTH
[INTERNAL_LOG][2018-06-07 21:43:13,117][INFO][is_hybird()] android.permission.BLUETOOTH_ADMIN
[INTERNAL_LOG][2018-06-07 21:43:13,117][INFO][is_hybird()] android.permission.CHANGE_WIFI_STATE
[INTERNAL_LOG][2018-06-07 21:43:13,117][INFO][is_hybird()] android.permission.CHANGE_NETWORK_STATE
[INTERNAL_LOG][2018-06-07 21:43:13,117][INFO][is_hybird()] android.permission.VIBRATE
[INTERNAL_LOG][2018-06-07 21:43:13,117][INFO][is_hybird()] com.android.vending.BILLING
[INTERNAL_LOG][2018-06-07 21:43:13,117][INFO][is_hybird()] com.android.vending.CHECK_LICENSE
[INTERNAL_LOG][2018-06-07 21:43:13,117][INFO][is_hybird()] android.permission.ACCESS_WIFI_STATE
[INTERNAL_LOG][2018-06-07 21:43:13,117][INFO][is_hybird()] android.permission.CHANGE_WIFI_MULTICAST_STATE
[INTERNAL_LOG][2018-06-07 21:43:13,117][INFO][is_hybird()] jp.konami.pesam.permission.C2D_MESSAGE
[INTERNAL_LOG][2018-06-07 21:43:13,117][INFO][is_hybird()] com.google.android.c2dm.permission.RECEIVE
[INTERNAL_LOG][2018-06-07 21:43:13,117][INFO][is_hybird()] android.permission.WAKE_LOCK
[INTERNAL_LOG][2018-06-07 21:43:13,117][INFO][is_hybird()] [Permission End]

[INTERNAL_LOG][2018-06-07 21:43:13,117][INFO][analyze_start()] TYPE APK: [ANDROID NATIVE]

[INTERNAL_LOG][2018-06-07 21:43:13,117][INFO][find_string()] [START FILE ANALYZE]
[INTERNAL_LOG][2018-06-07 21:43:13,117][INFO][find_string()] [END ANALYZE FILE]

[INTERNAL_LOG][2018-06-07 21:43:27,179][INFO][find_url_in_apk()] [START ALL URL INSIDE APK]
[INTERNAL_LOG][2018-06-07 21:43:27,179][INFO][find_url_in_apk()] https://t.appsflyer.com/api/v
https://events.appsflyer.com/api/v
https://register.appsflyer.com/api/v
https://stats.appsflyer.com/stats
https://pagead2.googlesyndication.com/pagead/gen_204?id=gmob-apps
https://accounts.google.com
https://www.facebook.com
https://plus.google.com/
https://www.googleapis.com/auth/drive.file
https://www.googleapis.com/auth/drive.appdata
https://www.googleapis.com/auth/drive
https://www.googleapis.com/auth/drive.apps
https://www.googleapis.com/auth/games
https://www.googleapis.com/auth/games
https://www.googleapis.com/auth/games
https://www.googleapis.com/auth/games_lite
https://www.googleapis.com/auth/games.firstparty
https://www.googleapis.com/auth/games.firstparty
https://app-measurement.com/a
https://www.googleapis.com/auth/plus.login
https://www.googleapis.com/auth/plus.me
http://schemas.android.com/apk/lib/com.google.android.gms.plus
http://schemas.android.com/apk/lib/com.google.android.gms.plus
http://www.konami.jp
http://www.konami.jp
http://www.konami.jp
https://pesam-chkft01.pvt.cs.konami.net/wv
https://app.adjust.com
https://app.adjust.com
https://sdk-services.appsflyer.com/validate-android-signature
https://api.appsflyer.com/install_data/v3/
https://www.google.com

[INTERNAL_LOG][2018-06-07 21:43:27,179][INFO][find_url_in_apk()] [END ALL URL INSIDE APK]
[INTERNAL_LOG][2018-06-07 21:43:27,215][INFO][check_method_conf()] [JavaScript enabled: True]

[INTERNAL_LOG][2018-06-07 21:43:27,215][INFO][check_method_conf()] [Add interface WebView: False]

[INTERNAL_LOG][2018-06-07 21:43:27,215][INFO][analyze_start()] This app might be not vulnerable on  attack frame confusion.
[INTERNAL_LOG][2018-06-07 21:43:27,215][INFO][analyze_start()] End time:[Thu Jun  7 21:43:27 2018]
