[INTERNAL_LOG][2018-06-07 22:07:03,319][INFO][analyze_start()] Init Time [Thu Jun  7 22:07:03 2018]
[INTERNAL_LOG][2018-06-07 22:07:03,454][INFO][is_hybird()] Hybrid file found are: ['config.xml', 'config.xml', 'config.xml', 'config.xml', 'config.xml', 'config.xml', 'config.xml', 'config.xml']
[INTERNAL_LOG][2018-06-07 22:07:03,454][INFO][run()] Start Analysis
[INTERNAL_LOG][2018-06-07 22:07:03,454][INFO][is_hybird()] [Permission Enble Start]
[INTERNAL_LOG][2018-06-07 22:07:03,454][INFO][is_hybird()] com.android.vending.BILLING
[INTERNAL_LOG][2018-06-07 22:07:03,454][INFO][is_hybird()] android.permission.INTERNET
[INTERNAL_LOG][2018-06-07 22:07:03,454][INFO][is_hybird()] android.permission.ACCESS_NETWORK_STATE
[INTERNAL_LOG][2018-06-07 22:07:03,454][INFO][is_hybird()] android.permission.ACCESS_WIFI_STATE
[INTERNAL_LOG][2018-06-07 22:07:03,454][INFO][is_hybird()] android.permission.GET_ACCOUNTS
[INTERNAL_LOG][2018-06-07 22:07:03,454][INFO][is_hybird()] android.permission.WAKE_LOCK
[INTERNAL_LOG][2018-06-07 22:07:03,454][INFO][is_hybird()] android.permission.VIBRATE
[INTERNAL_LOG][2018-06-07 22:07:03,454][INFO][is_hybird()] android.permission.MODIFY_AUDIO_SETTINGS
[INTERNAL_LOG][2018-06-07 22:07:03,455][INFO][is_hybird()] com.king.petrescuesaga.permission.C2D_MESSAGE
[INTERNAL_LOG][2018-06-07 22:07:03,455][INFO][is_hybird()] com.google.android.c2dm.permission.RECEIVE
[INTERNAL_LOG][2018-06-07 22:07:03,455][INFO][is_hybird()] com.google.android.finsky.permission.BIND_GET_INSTALL_REFERRER_SERVICE
[INTERNAL_LOG][2018-06-07 22:07:03,455][INFO][is_hybird()] [Permission End]

[INTERNAL_LOG][2018-06-07 22:07:03,455][INFO][is_hybird()] Starting apktool
[INTERNAL_LOG][2018-06-07 22:07:09,238][ERROR][is_hybird()] [ERROR file config.xmls] [Errno 2] No such file or directory: 'temp_dir/res/xml/config.xml' 

[INTERNAL_LOG][2018-06-07 22:07:09,270][INFO][analyze_start()] TYPE APK: [HYBRID]

[INTERNAL_LOG][2018-06-07 22:07:09,285][INFO][find_string()] [START FILE ANALYZE]
[INTERNAL_LOG][2018-06-07 22:07:09,291][INFO][find_string()] File: assets/res_output/servicelayer-views/sharelog/index.html
[INTERNAL_LOG][2018-06-07 22:07:09,447][INFO][find_string()] Found in file assets/res_output/servicelayer-views/sharelog/index.html tag iframe , 1 times
[INTERNAL_LOG][2018-06-07 22:07:09,463][INFO][find_string()] No CSP found!
[INTERNAL_LOG][2018-06-07 22:07:09,474][INFO][find_string()] [END ANALYZE FILE]

[INTERNAL_LOG][2018-06-07 22:07:23,038][INFO][find_url_in_apk()] [START ALL URL INSIDE APK]
[INTERNAL_LOG][2018-06-07 22:07:23,039][INFO][find_url_in_apk()] http://www.amazon.com/gp/mas/get-appstore/android/ref=mas_mx_mba_iap_dl
https://graph.%s
https://graph-video.%s
https://facebook.com
http://play.google.com/store/apps/details?id=com.facebook.orca
https://accounts.google.com
https://accounts.google.com
https://www.facebook.com
https://www.facebook.com
https://www.googleapis.com/auth/plus.me
https://www.googleapis.com/auth/plus.me
https://www.googleapis.com/auth/games
https://www.googleapis.com/auth/games
https://www.googleapis.com/auth/games
http://plus.google.com/
https://www.googleapis.com/auth/games.firstparty
https://www.googleapis.com/auth/games.firstparty
https://www.googleapis.com/auth/plus.login
http://schemas.android.com/apk/lib/com.google.android.gms.plus
http://schemas.android.com/apk/lib/com.google.android.gms.plus
https://imasdk.googleapis.com/native/sdkloader/native_sdk_v3.html
https://imasdk.googleapis.com/native/sdkloader/native_sdk_v3_debug.html
https://z.moatads.com/
https://www.googleapis.com/auth/contacts.readonly
http://www.dom.com/path?

[INTERNAL_LOG][2018-06-07 22:07:23,039][INFO][find_url_in_apk()] [END ALL URL INSIDE APK]
[INTERNAL_LOG][2018-06-07 22:07:23,043][INFO][check_method_conf()] [JavaScript enabled: True]

[INTERNAL_LOG][2018-06-07 22:07:23,043][INFO][check_method_conf()] [Add interface WebView: True]

[INTERNAL_LOG][2018-06-07 22:07:23,043][INFO][analyze_start()] This app might be vulnerable on attack frame confusion, This file are vulnerable ['assets/res_output/servicelayer-views/sharelog/index.html']
[INTERNAL_LOG][2018-06-07 22:07:23,043][INFO][analyze_start()] End time:[Thu Jun  7 22:07:23 2018]
