[INTERNAL_LOG][2018-06-08 03:12:08,213][INFO][analyze_start()] Init Time [Fri Jun  8 03:12:08 2018]
[INTERNAL_LOG][2018-06-08 03:12:08,341][INFO][run()] Start Analysis
[INTERNAL_LOG][2018-06-08 03:12:08,342][INFO][is_hybird()] [Permission Enble Start]
[INTERNAL_LOG][2018-06-08 03:12:08,343][INFO][is_hybird()] android.permission.INTERNET
[INTERNAL_LOG][2018-06-08 03:12:08,343][INFO][is_hybird()] android.permission.ACCESS_NETWORK_STATE
[INTERNAL_LOG][2018-06-08 03:12:08,343][INFO][is_hybird()] android.permission.WRITE_EXTERNAL_STORAGE
[INTERNAL_LOG][2018-06-08 03:12:08,343][INFO][is_hybird()] android.permission.VIBRATE
[INTERNAL_LOG][2018-06-08 03:12:08,343][INFO][is_hybird()] android.permission.ACCESS_WIFI_STATE
[INTERNAL_LOG][2018-06-08 03:12:08,343][INFO][is_hybird()] com.android.vending.BILLING
[INTERNAL_LOG][2018-06-08 03:12:08,343][INFO][is_hybird()] [Permission End]

[INTERNAL_LOG][2018-06-08 03:12:08,343][INFO][analyze_start()] TYPE APK: [ANDROID NATIVE]

[INTERNAL_LOG][2018-06-08 03:12:08,343][INFO][find_string()] [START FILE ANALYZE]
[INTERNAL_LOG][2018-06-08 03:12:08,343][INFO][find_string()] [END ANALYZE FILE]

[INTERNAL_LOG][2018-06-08 03:12:15,219][INFO][find_url_in_apk()] [START ALL URL INSIDE APK]
[INTERNAL_LOG][2018-06-08 03:12:15,219][INFO][find_url_in_apk()] https://api.appsflyer.com/install_data/v3/
https://t.appsflyer.com/api/v
https://events.appsflyer.com/api/v
https://register.appsflyer.com/api/v
https://validate.appsflyer.com/api/v
https://stats.appsflyer.com/stats
https://sdk-services.appsflyer.com/validate-android-signature
https://monitorsdk.appsflyer.com/remote-debug?app_id=
https://config.unityads.unity3d.com/webview/

[INTERNAL_LOG][2018-06-08 03:12:15,219][INFO][find_url_in_apk()] [END ALL URL INSIDE APK]
[INTERNAL_LOG][2018-06-08 03:12:15,226][INFO][check_method_conf()] [JavaScript enabled: True]

[INTERNAL_LOG][2018-06-08 03:12:15,226][INFO][check_method_conf()] [Add interface WebView: True]

[INTERNAL_LOG][2018-06-08 03:12:15,226][INFO][analyze_start()] This app might be not vulnerable on  attack frame confusion.
[INTERNAL_LOG][2018-06-08 03:12:15,226][INFO][analyze_start()] End time:[Fri Jun  8 03:12:15 2018]
