[INTERNAL_LOG][2018-06-08 03:52:58,005][INFO][analyze_start()] Init Time [Fri Jun  8 03:52:58 2018]
[INTERNAL_LOG][2018-06-08 03:52:58,068][INFO][run()] Start Analysis
[INTERNAL_LOG][2018-06-08 03:52:58,069][INFO][is_hybird()] [Permission Enble Start]
[INTERNAL_LOG][2018-06-08 03:52:58,069][INFO][is_hybird()] android.permission.INTERNET
[INTERNAL_LOG][2018-06-08 03:52:58,070][INFO][is_hybird()] android.permission.WRITE_EXTERNAL_STORAGE
[INTERNAL_LOG][2018-06-08 03:52:58,070][INFO][is_hybird()] android.permission.ACCESS_NETWORK_STATE
[INTERNAL_LOG][2018-06-08 03:52:58,070][INFO][is_hybird()] android.permission.WAKE_LOCK
[INTERNAL_LOG][2018-06-08 03:52:58,070][INFO][is_hybird()] com.android.vending.CHECK_LICENSE
[INTERNAL_LOG][2018-06-08 03:52:58,070][INFO][is_hybird()] android.permission.ACCESS_WIFI_STATE
[INTERNAL_LOG][2018-06-08 03:52:58,070][INFO][is_hybird()] android.permission.MODIFY_AUDIO_SETTINGS
[INTERNAL_LOG][2018-06-08 03:52:58,070][INFO][is_hybird()] android.permission.VIBRATE
[INTERNAL_LOG][2018-06-08 03:52:58,070][INFO][is_hybird()] com.qti.permission.PROFILER
[INTERNAL_LOG][2018-06-08 03:52:58,070][INFO][is_hybird()] android.permission.READ_EXTERNAL_STORAGE
[INTERNAL_LOG][2018-06-08 03:52:58,070][INFO][is_hybird()] android.permission.GET_TASKS
[INTERNAL_LOG][2018-06-08 03:52:58,070][INFO][is_hybird()] android.permission.CHANGE_WIFI_STATE
[INTERNAL_LOG][2018-06-08 03:52:58,070][INFO][is_hybird()] com.huawei.android.powerkit.permission.BIND
[INTERNAL_LOG][2018-06-08 03:52:58,070][INFO][is_hybird()] com.huawei.android.powerkit.permission.STATECHG
[INTERNAL_LOG][2018-06-08 03:52:58,070][INFO][is_hybird()] android.permission.RECORD_AUDIO
[INTERNAL_LOG][2018-06-08 03:52:58,070][INFO][is_hybird()] com.tencent.ig.permission.C2D_MESSAGE
[INTERNAL_LOG][2018-06-08 03:52:58,070][INFO][is_hybird()] com.google.android.c2dm.permission.RECEIVE
[INTERNAL_LOG][2018-06-08 03:52:58,070][INFO][is_hybird()] com.android.vending.BILLING
[INTERNAL_LOG][2018-06-08 03:52:58,070][INFO][is_hybird()] com.google.android.finsky.permission.BIND_GET_INSTALL_REFERRER_SERVICE
[INTERNAL_LOG][2018-06-08 03:52:58,070][INFO][is_hybird()] [Permission End]

[INTERNAL_LOG][2018-06-08 03:52:58,070][INFO][analyze_start()] TYPE APK: [ANDROID NATIVE]

[INTERNAL_LOG][2018-06-08 03:52:58,070][INFO][find_string()] [START FILE ANALYZE]
[INTERNAL_LOG][2018-06-08 03:52:58,070][INFO][find_string()] [END ANALYZE FILE]

[INTERNAL_LOG][2018-06-08 03:53:46,097][INFO][find_url_in_apk()] [START URL LOADED INSIDE LOAD FUNCTION]
[INTERNAL_LOG][2018-06-08 03:53:46,097][INFO][find_url_in_apk()] http://mdc.html5.qq.com/mh?channel_id=21380&u=
http://mdc.html5.qq.com/mh?channel_id=50079&u=
http://mdc.html5.qq.com/mh?channel_id=50079&u=

[INTERNAL_LOG][2018-06-08 03:53:46,097][INFO][find_url_in_apk()] [END URL LOADED INSIDE LOAD FUNCTION]
[INTERNAL_LOG][2018-06-08 03:53:48,155][INFO][find_string()] [START REMOTE FILE ANALYZE]
[INTERNAL_LOG][2018-06-08 03:53:48,156][INFO][find_string()] Remote File in: temp_html_code/html_downloaded_PUBG MOBILE by Tencent Games - com/mh?channel_id=21380&u=
[INTERNAL_LOG][2018-06-08 03:53:48,156][INFO][find_string()] URL: http://mdc.html5.qq.com/mh?channel_id=21380&u=
[INTERNAL_LOG][2018-06-08 03:53:48,163][INFO][find_string()] No iframe in temp_html_code/html_downloaded_PUBG MOBILE by Tencent Games - com/mh?channel_id=21380&u=
[INTERNAL_LOG][2018-06-08 03:53:48,163][INFO][find_string()] Remote File in: temp_html_code/html_downloaded_PUBG MOBILE by Tencent Games - com/mh?channel_id=50079&u=
[INTERNAL_LOG][2018-06-08 03:53:48,163][INFO][find_string()] URL: http://mdc.html5.qq.com/mh?channel_id=50079&u=
[INTERNAL_LOG][2018-06-08 03:53:48,166][INFO][find_string()] No iframe in temp_html_code/html_downloaded_PUBG MOBILE by Tencent Games - com/mh?channel_id=50079&u=
[INTERNAL_LOG][2018-06-08 03:53:48,166][INFO][find_string()] [END ANALYZE FILE]

[INTERNAL_LOG][2018-06-08 03:53:48,166][INFO][find_url_in_apk()] [START ALL URL INSIDE APK]
[INTERNAL_LOG][2018-06-08 03:53:48,166][INFO][find_url_in_apk()] http://schemas.android.com/apk/res/android
https://app.adjust.com
https://app.adjust.com
https://s3-us-west-1.amazonaws.com
http://s3.amazonaws.com/doc/2006-03-01/
http://s3.amazonaws.com/doc/2006-03-01/
http://s3.amazonaws.com/doc/2006-03-01/
http://s3.amazonaws.com/doc/2006-03-01/
http://s3.amazonaws.com/doc/2006-03-01/
http://s3.amazonaws.com/doc/2006-03-01/
http://s3.amazonaws.com/doc/2006-03-01/
http://s3.amazonaws.com/doc/2006-03-01/
http://s3.amazonaws.com/doc/2006-03-01/
http://s3.amazonaws.com/doc/2006-03-01/
http://s3.amazonaws.com/doc/2006-03-01/
http://s3.amazonaws.com/doc/2006-03-01/
http://www.w3.org/2001/XMLSchema-instance
http://www.w3.org/2001/XMLSchema-instance
http://www.w3.org/2001/XMLSchema-instance
https://graph.%s
https://graph-video.%s
https://facebook.com
https://facebook.com/device?user_code=%1$s&qr=1
https://pagead2.googlesyndication.com/pagead/gen_204?id=gmob-apps
https://www.googleapis.com/auth/games
https://www.googleapis.com/auth/games
https://www.googleapis.com/auth/games
https://plus.google.com/
https://www.googleapis.com/auth/games_lite
https://www.googleapis.com/auth/games.firstparty
https://www.googleapis.com/auth/games.firstparty
https://app-measurement.com/a
https://www.google.com
https://www.googleapis.com/auth/plus.login
https://www.googleapis.com/auth/plus.me
http://182.254.116.117/d?dn=99e2d153e4d0527186ebed5ac5608367&id=6&ttl=1
http://pingma.qq.com:80/mstat/report
http://pingma.qq.com:80/mstat/report
http://api.pr.weixin.qq.com/cgi-bin/wxvoicereco
http://oth.update.mdt.qq.com:8080/beacon/vercheck
http://oth.update.mdt.qq.com:8080/beacon/vercheck
http://rqd.uu.qq.com/rqd/sync
http://android.bugly.qq.com/rqd/async
http://ssl.cloud.gsdk.qq.com:60000/?cmdid=
http://cloud.gsdk.qq.com:18081/?cmdid=
http://cloud.gsdk.proximabeta.com:18081/?cmdid=
http://182.254.116.117/d?dn=
http://cdn.wetest.qq.com/cube/com/apmcc/
http://cdn.wetest.qq.com/cube/com/apmcc/
http://docs.itop.qq.com/tool/log.html
https://clientrz2.itop.qq.com/v1.0/client/report
http://mdc.html5.qq.com/mh?channel_id=21380&u=
http://mdc.html5.qq.com/mh?channel_id=21380&u=
http://mdc.html5.qq.com/mh?channel_id=21380&u=
http://debugtbs.qq.com
http://imgcache.qq.com/bossweb/midas/MidasRes/xhdpi/unipay_abroad_q
https://open.weixin.qq.com/connect/sdk/qrconnect?appid=%s&noncestr=%s&timestamp=%s&scope=%s&signature=%s
https://long.open.weixin.qq.com/connect/l/qrconnect?f=json&uuid=%s
http://p.mb.qq.com/thirdapp
http://wup.imtt.qq.com:8080
http://wup.imtt.qq.com:8080
http://mdc.html5.qq.com/d/directdown.jsp?channel_id=
http://mdc.html5.qq.com/d/directdown.jsp?channel_id=
http://mdc.html5.qq.com/d/directdown.jsp?channel_id=
http://mdc.html5.qq.com/d/directdown.jsp
http://mqqad.html5.qq.com/adjs
http://mqqad.html5.qq.com/adjs
http://res.imtt.qq.com/mbwebview/open_mtt_hd.txt
http://res.imtt.qq.com/mbwebview/download_mtt_hd_.txt
http://res.imtt.qq.com/mbwebview/download_mtt_hd.txt
http://mdc.html5.qq.com/mh?channel_id=50079&u=
http://mdc.html5.qq.com/mh?channel_id=50079&u=
http://mdc.html5.qq.com/mh?channel_id=50079&u=
http://mdc.html5.qq.com/mh?channel_id=50079&u=
http://mdc.html5.qq.com/mh?channel_id=50079&u=
http://pms.mb.qq.com/rsp204
http://soft.tbs.imtt.qq.com/17421/tbs_res_imtt_tbs_DebugPlugin_DebugPlugin.tbs
http://log.tbs.qq.com/ajax?c=pu&v=2&k=
http://log.tbs.qq.com/ajax?c=pu&tk=
http://log.tbs.qq.com/ajax?c=dl&k=
http://cfg.imtt.qq.com/tbs?v=2&mk=
http://log.tbs.qq.com/ajax?c=ul&v=2&k=
http://log.tbs.qq.com/ajax?c=ucfu&k=
http://dldir1.qq.com/gamesafe/mobile/app/android/tpsafe.apk
http://dldir1.qq.com/gamesafe/mobile/app/android/tpsafe.apk
http://dldir1.qq.com/gamesafe/mobile/app/android/base.ini
http://vmp.qq.com/cloudcontrol?package=
http://test.vmp.qq.com/cloudcontrol?package=
http://vmp.qq.com/strategy?package=
http://vmp.qq.com/battery?package=
https://api.twitter.com
https://syndication.twitter.com
https://twitter.com/intent/tweet?text=%s&url=%s
http://vk.com/images/s_noalbum.png
http://vk.com/images/m_noalbum.png
http://vk.com/images/x_noalbum.png
https://oauth.vk.com/authorize?client_id=%s&scope=%s&redirect_uri=%s&display=mobile&v=%s&response_type=token&revoke=%d
https://oauth.vk.com/blank.html
https://oauth.vk.com/blank.html
http://acs.amazonaws.com/groups/global/AllUsers
http://acs.amazonaws.com/groups/global/AuthenticatedUsers
http://acs.amazonaws.com/groups/s3/LogDelivery
http://play.google.com/store/apps/details?id=com.facebook.orca
https://accounts.google.com
https://www.facebook.com
https://www.googleapis.com/auth/drive.file
https://www.googleapis.com/auth/drive.appdata
https://www.googleapis.com/auth/drive
https://www.googleapis.com/auth/drive.apps
http://schemas.android.com/apk/lib/com.google.android.gms.plus
http://schemas.android.com/apk/lib/com.google.android.gms.plus
https://twitter.com/
https://twitter.com/#!/search?q=%23
https://twitter.com/#!/search?q=%24
https://api.twitter.com/1.1/account/verify_credentials.json
http://vk.com/images/community_50.gif
http://vk.com/images/community_100.gif
http://vk.com/images/camera_c.gif
http://vk.com/images/camera_c.gif
http://vk.com/images/camera_b.gif
http://vk.com/images/camera_b.gif
http://vk.com/images/camera_a.gif
http://vk.com/images/camera_a.gif

[INTERNAL_LOG][2018-06-08 03:53:48,167][INFO][find_url_in_apk()] [END ALL URL INSIDE APK]
[INTERNAL_LOG][2018-06-08 03:53:48,176][INFO][check_method_conf()] [JavaScript enabled: True]

[INTERNAL_LOG][2018-06-08 03:53:48,176][INFO][check_method_conf()] [Add interface WebView: True]

[INTERNAL_LOG][2018-06-08 03:53:48,176][INFO][analyze_start()] This app might be not vulnerable on  attack frame confusion.
[INTERNAL_LOG][2018-06-08 03:53:48,176][INFO][analyze_start()] End time:[Fri Jun  8 03:53:48 2018]
