[INTERNAL_LOG][2018-06-08 01:03:03,480][INFO][analyze_start()] Init Time [Fri Jun  8 01:03:03 2018]
[INTERNAL_LOG][2018-06-08 01:03:03,519][INFO][run()] Start Analysis
[INTERNAL_LOG][2018-06-08 01:03:03,520][INFO][is_hybird()] [Permission Enble Start]
[INTERNAL_LOG][2018-06-08 01:03:03,520][INFO][is_hybird()] android.permission.READ_PHONE_STATE
[INTERNAL_LOG][2018-06-08 01:03:03,520][INFO][is_hybird()] android.permission.INTERNET
[INTERNAL_LOG][2018-06-08 01:03:03,520][INFO][is_hybird()] android.permission.ACCESS_NETWORK_STATE
[INTERNAL_LOG][2018-06-08 01:03:03,521][INFO][is_hybird()] android.permission.WRITE_EXTERNAL_STORAGE
[INTERNAL_LOG][2018-06-08 01:03:03,521][INFO][is_hybird()] com.android.vending.BILLING
[INTERNAL_LOG][2018-06-08 01:03:03,521][INFO][is_hybird()] [Permission End]

[INTERNAL_LOG][2018-06-08 01:03:03,521][INFO][analyze_start()] TYPE APK: [ANDROID NATIVE]

[INTERNAL_LOG][2018-06-08 01:03:03,521][INFO][find_string()] [START FILE ANALYZE]
[INTERNAL_LOG][2018-06-08 01:03:03,521][INFO][find_string()] [END ANALYZE FILE]

[INTERNAL_LOG][2018-06-08 01:03:23,031][INFO][find_url_in_apk()] [START ALL URL INSIDE APK]
[INTERNAL_LOG][2018-06-08 01:03:23,031][INFO][find_url_in_apk()] https://live.chartboost.com
http://market.android.com/
http://plus.google.com/
https://www.googleapis.com/auth/drive.file
https://www.googleapis.com/auth/drive.appdata
https://www.googleapis.com/auth/drive
https://www.googleapis.com/auth/drive.apps
https://www.googleapis.com/auth/games
https://www.googleapis.com/auth/games
https://www.googleapis.com/auth/games.firstparty
https://www.googleapis.com/auth/games.firstparty
http://www.example.com
http://www.example.com
https://googleads.g.doubleclick.net/mads/static/mad/sdk/native/sdk-core-v40.html
https://googleads.g.doubleclick.net/mads/static/mad/sdk/native/mraid/v2/mraid_app_banner.js
https://googleads.g.doubleclick.net/mads/static/mad/sdk/native/mraid/v2/mraid_app_expanded_banner.js
https://googleads.g.doubleclick.net/mads/static/mad/sdk/native/mraid/v2/mraid_app_interstitial.js
https://csi.gstatic.com/csi
https://www.google.com/dfp/linkDevice
https://www.google.com/dfp/inAppPreview
https://www.google.com/dfp/debugSignals
https://www.google.com/dfp/sendDebugData
https://pagead2.googlesyndication.com/pagead/gen_204
http://www.google.com
https://www.googleapis.com/auth/plus.login
https://www.googleapis.com/auth/plus.me
http://schemas.android.com/apk/lib/com.google.android.gms.plus
http://schemas.android.com/apk/lib/com.google.android.gms.plus
https://androidads23.adcolony.com/configure
https://config.unityads.unity3d.com/webview/

[INTERNAL_LOG][2018-06-08 01:03:23,031][INFO][find_url_in_apk()] [END ALL URL INSIDE APK]
[INTERNAL_LOG][2018-06-08 01:03:23,033][INFO][check_method_conf()] [JavaScript enabled: True]

[INTERNAL_LOG][2018-06-08 01:03:23,033][INFO][check_method_conf()] [Add interface WebView: True]

[INTERNAL_LOG][2018-06-08 01:03:23,033][INFO][analyze_start()] This app might be not vulnerable on  attack frame confusion.
[INTERNAL_LOG][2018-06-08 01:03:23,033][INFO][analyze_start()] End time:[Fri Jun  8 01:03:23 2018]
