[INTERNAL_LOG][2018-06-08 02:27:39,544][INFO][analyze_start()] Init Time [Fri Jun  8 02:27:39 2018]
[INTERNAL_LOG][2018-06-08 02:27:39,581][INFO][run()] Start Analysis
[INTERNAL_LOG][2018-06-08 02:27:39,582][INFO][is_hybird()] [Permission Enble Start]
[INTERNAL_LOG][2018-06-08 02:27:39,583][INFO][is_hybird()] android.permission.READ_PHONE_STATE
[INTERNAL_LOG][2018-06-08 02:27:39,583][INFO][is_hybird()] android.permission.WRITE_EXTERNAL_STORAGE
[INTERNAL_LOG][2018-06-08 02:27:39,583][INFO][is_hybird()] com.dle.respawnables.permission.C2D_MESSAGE
[INTERNAL_LOG][2018-06-08 02:27:39,583][INFO][is_hybird()] com.google.android.c2dm.permission.RECEIVE
[INTERNAL_LOG][2018-06-08 02:27:39,583][INFO][is_hybird()] android.permission.INTERNET
[INTERNAL_LOG][2018-06-08 02:27:39,583][INFO][is_hybird()] android.permission.ACCESS_NETWORK_STATE
[INTERNAL_LOG][2018-06-08 02:27:39,583][INFO][is_hybird()] android.permission.ACCESS_WIFI_STATE
[INTERNAL_LOG][2018-06-08 02:27:39,583][INFO][is_hybird()] android.permission.CHANGE_NETWORK_STATE
[INTERNAL_LOG][2018-06-08 02:27:39,583][INFO][is_hybird()] android.permission.CHANGE_WIFI_STATE
[INTERNAL_LOG][2018-06-08 02:27:39,583][INFO][is_hybird()] android.permission.WAKE_LOCK
[INTERNAL_LOG][2018-06-08 02:27:39,583][INFO][is_hybird()] android.permission.VIBRATE
[INTERNAL_LOG][2018-06-08 02:27:39,583][INFO][is_hybird()] android.permission.USE_CREDENTIALS
[INTERNAL_LOG][2018-06-08 02:27:39,583][INFO][is_hybird()] com.android.vending.BILLING
[INTERNAL_LOG][2018-06-08 02:27:39,583][INFO][is_hybird()] com.android.vending.CHECK_LICENSE
[INTERNAL_LOG][2018-06-08 02:27:39,584][INFO][is_hybird()] android.permission.ACCESS_FINE_LOCATION
[INTERNAL_LOG][2018-06-08 02:27:39,584][INFO][is_hybird()] android.permission.ACCESS_COARSE_LOCATION
[INTERNAL_LOG][2018-06-08 02:27:39,584][INFO][is_hybird()] android.permission.READ_EXTERNAL_STORAGE
[INTERNAL_LOG][2018-06-08 02:27:39,584][INFO][is_hybird()] android.permission.GET_TASKS
[INTERNAL_LOG][2018-06-08 02:27:39,584][INFO][is_hybird()] [Permission End]

[INTERNAL_LOG][2018-06-08 02:27:39,584][INFO][analyze_start()] TYPE APK: [ANDROID NATIVE]

[INTERNAL_LOG][2018-06-08 02:27:39,584][INFO][find_string()] [START FILE ANALYZE]
[INTERNAL_LOG][2018-06-08 02:27:39,584][INFO][find_string()] File: js/closebutton.html
[INTERNAL_LOG][2018-06-08 02:27:39,585][INFO][find_string()] No iframe in js/closebutton.html
[INTERNAL_LOG][2018-06-08 02:27:39,585][INFO][find_string()] [END ANALYZE FILE]

[INTERNAL_LOG][2018-06-08 02:27:40,086][INFO][check_method_conf()] [JavaScript enabled: False]

[INTERNAL_LOG][2018-06-08 02:27:40,087][INFO][check_method_conf()] [Add interface WebView: False]

[INTERNAL_LOG][2018-06-08 02:27:40,087][INFO][analyze_start()] This app might be not vulnerable on  attack frame confusion.
[INTERNAL_LOG][2018-06-08 02:27:40,087][INFO][analyze_start()] End time:[Fri Jun  8 02:27:40 2018]
