[INTERNAL_LOG][2018-06-08 02:03:30,528][INFO][analyze_start()] Init Time [Fri Jun  8 02:03:30 2018]
[INTERNAL_LOG][2018-06-08 02:03:30,611][INFO][run()] Start Analysis
[INTERNAL_LOG][2018-06-08 02:03:30,614][INFO][is_hybird()] [Permission Enble Start]
[INTERNAL_LOG][2018-06-08 02:03:30,614][INFO][is_hybird()] android.permission.WAKE_LOCK
[INTERNAL_LOG][2018-06-08 02:03:30,614][INFO][is_hybird()] android.permission.INTERNET
[INTERNAL_LOG][2018-06-08 02:03:30,614][INFO][is_hybird()] android.permission.RECORD_AUDIO
[INTERNAL_LOG][2018-06-08 02:03:30,614][INFO][is_hybird()] android.permission.ACCESS_WIFI_STATE
[INTERNAL_LOG][2018-06-08 02:03:30,614][INFO][is_hybird()] android.permission.ACCESS_NETWORK_STATE
[INTERNAL_LOG][2018-06-08 02:03:30,614][INFO][is_hybird()] android.permission.GET_ACCOUNTS
[INTERNAL_LOG][2018-06-08 02:03:30,614][INFO][is_hybird()] android.permission.AUTHENTICATE_ACCOUNTS
[INTERNAL_LOG][2018-06-08 02:03:30,615][INFO][is_hybird()] android.permission.MANAGE_ACCOUNTS
[INTERNAL_LOG][2018-06-08 02:03:30,615][INFO][is_hybird()] android.permission.USE_CREDENTIALS
[INTERNAL_LOG][2018-06-08 02:03:30,615][INFO][is_hybird()] android.permission.READ_SYNC_SETTINGS
[INTERNAL_LOG][2018-06-08 02:03:30,615][INFO][is_hybird()] android.permission.WRITE_SYNC_SETTINGS
[INTERNAL_LOG][2018-06-08 02:03:30,615][INFO][is_hybird()] android.permission.READ_EXTERNAL_STORAGE
[INTERNAL_LOG][2018-06-08 02:03:30,615][INFO][is_hybird()] com.google.android.providers.gsf.permission.READ_GSERVICES
[INTERNAL_LOG][2018-06-08 02:03:30,615][INFO][is_hybird()] com.google.android.c2dm.permission.RECEIVE
[INTERNAL_LOG][2018-06-08 02:03:30,615][INFO][is_hybird()] com.soundcloud.android.permission.C2D_MESSAGE
[INTERNAL_LOG][2018-06-08 02:03:30,615][INFO][is_hybird()] android.permission.RECEIVE_BOOT_COMPLETED
[INTERNAL_LOG][2018-06-08 02:03:30,615][INFO][is_hybird()] android.permission.WRITE_EXTERNAL_STORAGE
[INTERNAL_LOG][2018-06-08 02:03:30,615][INFO][is_hybird()] [Permission End]

[INTERNAL_LOG][2018-06-08 02:03:30,615][INFO][analyze_start()] TYPE APK: [ANDROID NATIVE]

[INTERNAL_LOG][2018-06-08 02:03:30,615][INFO][find_string()] [START FILE ANALYZE]
[INTERNAL_LOG][2018-06-08 02:03:30,625][INFO][find_string()] [END ANALYZE FILE]

[INTERNAL_LOG][2018-06-08 02:04:25,799][INFO][find_url_in_apk()] [START ALL URL INSIDE APK]
[INTERNAL_LOG][2018-06-08 02:04:25,800][INFO][find_url_in_apk()] http://schemas.android.com/apk/res/android
https://sb.scorecardresearch.com/p2?
https://sb.scorecardresearch.com/p2?
http://b.scorecardresearch.com/p2?
http://b.scorecardresearch.com/p2?
https://udm.scorecardresearch.com/offline
http://udm.scorecardresearch.com/offline
https://secure.soundcloud.com/oauth2_callback
https://soundcloud.com/
https://soundcloud.com/
https://appboy.data.placeiq.com/dataex/id/
https://app.adjust.com
https://app.adjust.com
http://www.amazon.com/gp/mas/dl/android?asin=
https://play.google.com/store/apps/details?id=
http://wis.sndcdn.com/%s
https://soundcloud.com/android_payment.html
http://creativecommons.org/licenses/
http://wis.sndcdn.com/
https://app-measurement.com/a
https://cdn.krxd.net/controltag/config/
https://cdn.krxd.net/controltag/config/
https://play.google.com/store/apps/details?id=com.soundcloud.android.alpha
https://firebasedynamiclinks.googleapis.com/v1/shortLinks?key=
https://pagead2.googlesyndication.com/pagead/gen_204?id=gmob-apps
https://plus.google.com/
https://z.moatads.com/
https://play.google.com/store/apps/details?id=com.soundcloud.creators
http://www.example.com
https://soundcloud.com/connect?c=true&highlight=signup&client_id=%s&redirect_uri=soundcloud://auth&response_type=code&scope=non-expiring
https://sondheim.appboy.com/api/v3/
https://dev.appboy.com/api/v3/
https://www.google.com
https://www.googleapis.com/auth/games_lite
https://www.googleapis.com/auth/games
http://schemas.google.com/AddActivity
http://schemas.google.com/CreateActivity
http://schemas.google.com/ListenActivity
https://play.google.com/store/apps/details?id=com.soundcloud.android
https://settings.crashlytics.com/spi/v2/platforms/android/apps/%s/settings
http://xmlpull.org/v1/doc/features.html#indent-output
http://xmlpull.org/v1/doc/features.html#indent-output
https://graph.%s
https://graph-video.%s
https://facebook.com
https://accounts.google.com/o/oauth2/revoke?token=
https://e.crashlytics.com/spi/v2/events

[INTERNAL_LOG][2018-06-08 02:04:25,800][INFO][find_url_in_apk()] [END ALL URL INSIDE APK]
[INTERNAL_LOG][2018-06-08 02:04:25,805][INFO][check_method_conf()] [JavaScript enabled: True]

[INTERNAL_LOG][2018-06-08 02:04:25,805][INFO][check_method_conf()] [Add interface WebView: True]

[INTERNAL_LOG][2018-06-08 02:04:25,805][INFO][analyze_start()] This app might be not vulnerable on  attack frame confusion.
[INTERNAL_LOG][2018-06-08 02:04:25,805][INFO][analyze_start()] End time:[Fri Jun  8 02:04:25 2018]
