[INTERNAL_LOG][2018-06-08 03:19:28,360][INFO][analyze_start()] Init Time [Fri Jun  8 03:19:28 2018]
[INTERNAL_LOG][2018-06-08 03:19:28,437][INFO][run()] Start Analysis
[INTERNAL_LOG][2018-06-08 03:19:28,439][INFO][is_hybird()] [Permission Enble Start]
[INTERNAL_LOG][2018-06-08 03:19:28,439][INFO][is_hybird()] android.permission.BLUETOOTH
[INTERNAL_LOG][2018-06-08 03:19:28,439][INFO][is_hybird()] android.permission.WRITE_SETTINGS
[INTERNAL_LOG][2018-06-08 03:19:28,439][INFO][is_hybird()] android.permission.INTERNET
[INTERNAL_LOG][2018-06-08 03:19:28,439][INFO][is_hybird()] android.permission.ACCESS_NETWORK_STATE
[INTERNAL_LOG][2018-06-08 03:19:28,440][INFO][is_hybird()] android.permission.ACCESS_WIFI_STATE
[INTERNAL_LOG][2018-06-08 03:19:28,440][INFO][is_hybird()] android.permission.READ_EXTERNAL_STORAGE
[INTERNAL_LOG][2018-06-08 03:19:28,440][INFO][is_hybird()] android.permission.WRITE_EXTERNAL_STORAGE
[INTERNAL_LOG][2018-06-08 03:19:28,440][INFO][is_hybird()] android.permission.RECEIVE_BOOT_COMPLETED
[INTERNAL_LOG][2018-06-08 03:19:28,440][INFO][is_hybird()] android.permission.WAKE_LOCK
[INTERNAL_LOG][2018-06-08 03:19:28,440][INFO][is_hybird()] android.permission.CHANGE_CONFIGURATION
[INTERNAL_LOG][2018-06-08 03:19:28,440][INFO][is_hybird()] android.permission.GET_TASKS
[INTERNAL_LOG][2018-06-08 03:19:28,440][INFO][is_hybird()] com.android.launcher.permission.READ_SETTINGS
[INTERNAL_LOG][2018-06-08 03:19:28,440][INFO][is_hybird()] com.android.launcher.permission.INSTALL_SHORTCUT
[INTERNAL_LOG][2018-06-08 03:19:28,440][INFO][is_hybird()] com.android.launcher.permission.UNINSTALL_SHORTCUT
[INTERNAL_LOG][2018-06-08 03:19:28,440][INFO][is_hybird()] com.google.android.launcher.permission.READ_SETTINGS
[INTERNAL_LOG][2018-06-08 03:19:28,440][INFO][is_hybird()] com.android.launcher2.permission.READ_SETTINGS
[INTERNAL_LOG][2018-06-08 03:19:28,440][INFO][is_hybird()] com.android.launcher3.permission.READ_SETTINGS
[INTERNAL_LOG][2018-06-08 03:19:28,440][INFO][is_hybird()] com.google.android.c2dm.permission.RECEIVE
[INTERNAL_LOG][2018-06-08 03:19:28,440][INFO][is_hybird()] .permission.C2D_MESSAGE
[INTERNAL_LOG][2018-06-08 03:19:28,440][INFO][is_hybird()] android.permission.MANAGE_ACCOUNTS
[INTERNAL_LOG][2018-06-08 03:19:28,440][INFO][is_hybird()] android.permission.CAMERA
[INTERNAL_LOG][2018-06-08 03:19:28,440][INFO][is_hybird()] android.permission.RECORD_AUDIO
[INTERNAL_LOG][2018-06-08 03:19:28,440][INFO][is_hybird()] android.permission.VIBRATE
[INTERNAL_LOG][2018-06-08 03:19:28,440][INFO][is_hybird()] android.permission.GET_PACKAGE_SIZE
[INTERNAL_LOG][2018-06-08 03:19:28,440][INFO][is_hybird()] android.permission.AUTHENTICATE_ACCOUNTS
[INTERNAL_LOG][2018-06-08 03:19:28,440][INFO][is_hybird()] android.permission.READ_SYNC_SETTINGS
[INTERNAL_LOG][2018-06-08 03:19:28,440][INFO][is_hybird()] android.permission.WRITE_SYNC_SETTINGS
[INTERNAL_LOG][2018-06-08 03:19:28,440][INFO][is_hybird()] com.ss.android.article.master.permission.MIPUSH_RECEIVE
[INTERNAL_LOG][2018-06-08 03:19:28,441][INFO][is_hybird()] com.google.android.finsky.permission.BIND_GET_INSTALL_REFERRER_SERVICE
[INTERNAL_LOG][2018-06-08 03:19:28,441][INFO][is_hybird()] com.sec.android.provider.badge.permission.READ
[INTERNAL_LOG][2018-06-08 03:19:28,441][INFO][is_hybird()] com.sec.android.provider.badge.permission.WRITE
[INTERNAL_LOG][2018-06-08 03:19:28,441][INFO][is_hybird()] com.htc.launcher.permission.READ_SETTINGS
[INTERNAL_LOG][2018-06-08 03:19:28,441][INFO][is_hybird()] com.htc.launcher.permission.UPDATE_SHORTCUT
[INTERNAL_LOG][2018-06-08 03:19:28,441][INFO][is_hybird()] com.sonyericsson.home.permission.BROADCAST_BADGE
[INTERNAL_LOG][2018-06-08 03:19:28,441][INFO][is_hybird()] com.sonymobile.home.permission.PROVIDER_INSERT_BADGE
[INTERNAL_LOG][2018-06-08 03:19:28,441][INFO][is_hybird()] com.anddoes.launcher.permission.UPDATE_COUNT
[INTERNAL_LOG][2018-06-08 03:19:28,441][INFO][is_hybird()] com.majeur.launcher.permission.UPDATE_BADGE
[INTERNAL_LOG][2018-06-08 03:19:28,441][INFO][is_hybird()] com.huawei.android.launcher.permission.CHANGE_BADGE
[INTERNAL_LOG][2018-06-08 03:19:28,441][INFO][is_hybird()] com.huawei.android.launcher.permission.READ_SETTINGS
[INTERNAL_LOG][2018-06-08 03:19:28,441][INFO][is_hybird()] com.huawei.android.launcher.permission.WRITE_SETTINGS
[INTERNAL_LOG][2018-06-08 03:19:28,441][INFO][is_hybird()] android.permission.READ_APP_BADGE
[INTERNAL_LOG][2018-06-08 03:19:28,441][INFO][is_hybird()] com.oppo.launcher.permission.READ_SETTINGS
[INTERNAL_LOG][2018-06-08 03:19:28,441][INFO][is_hybird()] com.oppo.launcher.permission.WRITE_SETTINGS
[INTERNAL_LOG][2018-06-08 03:19:28,441][INFO][is_hybird()] me.everything.badger.permission.BADGE_COUNT_READ
[INTERNAL_LOG][2018-06-08 03:19:28,441][INFO][is_hybird()] me.everything.badger.permission.BADGE_COUNT_WRITE
[INTERNAL_LOG][2018-06-08 03:19:28,441][INFO][is_hybird()] android.permission.USE_CREDENTIALS
[INTERNAL_LOG][2018-06-08 03:19:28,441][INFO][is_hybird()] android.permission.USE_FINGERPRINT
[INTERNAL_LOG][2018-06-08 03:19:28,441][INFO][is_hybird()] [Permission End]

[INTERNAL_LOG][2018-06-08 03:19:28,441][INFO][analyze_start()] TYPE APK: [ANDROID NATIVE]

[INTERNAL_LOG][2018-06-08 03:19:28,441][INFO][find_string()] [START FILE ANALYZE]
[INTERNAL_LOG][2018-06-08 03:19:28,441][INFO][find_string()] File: assets/editor.html
[INTERNAL_LOG][2018-06-08 03:19:28,442][INFO][find_string()] No iframe in assets/editor.html
[INTERNAL_LOG][2018-06-08 03:19:28,442][INFO][find_string()] File: r/w/b.html
[INTERNAL_LOG][2018-06-08 03:19:28,443][INFO][find_string()] No iframe in r/w/b.html
[INTERNAL_LOG][2018-06-08 03:19:28,443][INFO][find_string()] [END ANALYZE FILE]

[INTERNAL_LOG][2018-06-08 03:20:34,875][INFO][find_url_in_apk()] [START ALL URL INSIDE APK]
[INTERNAL_LOG][2018-06-08 03:20:34,875][INFO][find_url_in_apk()] https://hotsoon.snssdk.com/hotsoon/sp/
http://schemas.android.com/apk/res/android
http://schemas.android.com/apk/res/android
http://schemas.android.com/apk/res/android
http://schemas.android.com/apk/res/android
http://schemas.android.com/apk/res/android
https://api.amplitude.com/
https://onelink.%s/shortlink-sdk/v1
https://monitorsdk.%s/remote-debug?app_id=
https://api.%s/install_data/v3/
https://attr.%s/api/v
https://t.%s/api/v
https://events.%s/api/v
https://register.%s/api/v
https://stats.%s/stats
http://abn.snssdk.com/collect/
http://amfr.snssdk.com/file_report/upload
http://203.107.1.1:80/
https://i.isnssdk.com/rc/device_info/v1/collection/
https://i.isnssdk.com/rc/device_info/v1/collection/
http://mon.snssdk.com/monitor/appmonitor/v2/settings
http://monsetting.toutiao.com/monitor/appmonitor/v2/settings
http://mon.snssdk.com/monitor/collect/
http://mon.toutiao.com/monitor/collect/
http://mon.toutiaocloud.com/monitor/collect/
http://mon.toutiaocloud.net/monitor/collect/
http://nativeapp.toutiao.com
http://nativeapp.toutiao.com
http://m.facebook.com/ads/ad_choices
http://m.facebook.com/ads/ad_choices
https://www.facebook.com/audience_network/server_side_reward
https://www.%s.facebook.com/audience_network/server_side_reward
https://graph.facebook.com/network_ads_common
https://graph.%s.facebook.com/network_ads_common
https://www.facebook.com/adnw_logging/
https://www.%s.facebook.com/adnw_logging/
https://www.facebook.com/
https://www.%s.facebook.com
http://www.facebook.com
https://graph.%s
https://graph-video.%s
https://facebook.com
http://schemas.microsoft.com/DRM/2007/03/protocols/AcquireLicense
http://www.w3.org/ns/ttml#parameter
https://pagead2.googlesyndication.com/pagead/gen_204?id=gmob-apps
https://accounts.google.com
https://www.facebook.com
https://www.googleapis.com/auth/games_lite
https://www.googleapis.com/auth/games
https://plus.google.com/
https://pagead2.googlesyndication.com/pagead/gen_204
http://www.google.com
https://support.google.com/dfp_premium/answer/7160685#push
https://app-measurement.com/a
https://googleads.g.doubleclick.net/mads/static/mad/sdk/native/sdk-core-v40.html
https://googleads.g.doubleclick.net/mads/static/mad/sdk/native/production/sdk-core-v40-impl.js
https://googleads.g.doubleclick.net/mads/static/mad/sdk/native/mraid/v2/mraid_app_banner.js
https://googleads.g.doubleclick.net/mads/static/mad/sdk/native/mraid/v2/mraid_app_expanded_banner.js
https://googleads.g.doubleclick.net/mads/static/mad/sdk/native/mraid/v2/mraid_app_interstitial.js
https://csi.gstatic.com/csi
https://googleads.g.doubleclick.net/mads/static/mad/sdk/native/native_ads.html
https://googleads.g.doubleclick.net/mads/static/mad/sdk/native/production/native_ads.js
https://imasdk.googleapis.com/admob/sdkloader/native_video.html
https://www.google.com/dfp/linkDevice
https://www.google.com/dfp/inAppPreview
https://www.google.com/dfp/debugSignals
https://www.google.com/dfp/sendDebugData
http://www.example.com
http://www.example.com
http://s3b.pstatp.com/toutiao/xigua_cdn/bw/bw2.mp4
http://p3.pstatp.com/origin/4a3600077706fbdb44e5
https://twitter.com/%s/status/%s
https://www.youtube.com
http://www.topbuzzapp.com/useragreement/1106
http://www.topbuzzapp.com/useragreement/1106
http://www.topbuzzapp.com/useragreement/1106
https://play.google.com/store/apps/details?id=
https://play.google.com/store/apps/details?id=
https://play.google.com/store/apps/details?id=
https://play.google.com/store/apps/details?id=
https://www.google.com
https://www.youtube.com/playlist?list=
https://www.youtube.com/playlist?list=
https://www.youtube.com/channel/
https://www.youtube.com/channel/
https://www.youtube.com/watch?v=
https://www.youtube.com/watch?v=
https://www.youtube.com/user/
https://www.youtube.com/user/
http://play.google.com/store/apps/details
http://api-spe-ttl.ixigua.com/cdn/hproject/live/v1/play_url/flv/live/hq_test
https://analytics.mopub.com/i/jot/exchange_client_event
https://www.mopub.com/optout
http://www.youtube.com/watch?v=
http://xmlpull.org/v1/doc/features.html#indent-output
http://xmlpull.org/v1/doc/features.html#indent-output
http://www.topbuzzapp.com/privacy/1106
http://www.topbuzzapp.com/privacy/1106
http://www.topbuzzapp.com/contest_rules/1106
http://www.topbuzzapp.com/contest_rules/1106
http://p1.ipstatp.com/list/0058f1445eb0c041c0b8.webp
http://i.isnssdk.com/
https://www.topbuzz.com/earnings/ugc/agreement
http://schema.org/ViewAction
http://schema.org/CompletedActionStatus
https://i.isnssdk.com
http://line.me/R/msg/text/?<CONTENT_KEY>
https://log.snssdk.com/service/2/app_log/
https://rtlog.snssdk.com/service/2/app_log/
https://log.snssdk.com/service/2/device_register/
http://ichannel.snssdk.com/service/2/app_alert_check/
https://log.snssdk.com/service/2/log_settings/
http://log.snssdk.com/service/2/app_log/
http://log.snssdk.com/service/2/device_register/
http://log.snssdk.com/service/2/log_settings/
http://log.isnssdk.com/service/2/app_log/
http://log.isnssdk.com/service/2/device_register/
http://ichannel.isnssdk.com/service/2/app_alert_check/
http://log.isnssdk.com/service/2/log_settings/
http://log.sgsnssdk.com/service/2/app_log/
http://log.sgsnssdk.com/service/2/device_register/
http://ichannel.sgsnssdk.com/service/2/app_alert_check/
http://log.sgsnssdk.com/service/2/log_settings/
http://log.byteoversea.com/service/2/app_log/
http://log.byteoversea.com/service/2/device_register/
http://i.byteoversea.com/service/2/app_alert_check/
http://log.byteoversea.com/service/2/log_settings/
http://applog.musical.ly/service/2/app_log/
http://applog.musical.ly/service/2/device_register/
http://applog.musical.ly/service/2/app_alert_check/
http://applog.musical.ly/service/2/log_settings/
http://api.huoshan.com/hotsoon/testidc/?from=topbuzz
http://ib.snssdk.com
http://ichannel.snssdk.com
http://topbuzzapp.com/article/i6502200319177392649
http://127.0.0.1:
https://api.twitter.com
https://syndication.twitter.com
https://twitter.com/intent/tweet?text=%s&url=%s
http://alog.umeng.com/app_logs
http://alog.umengcloud.com/app_logs
https://cmnsguider.yunos.com:443/genDeviceToken
https://uop.umeng.com
http://log.umsns.com/share/api/
https://e.crashlytics.com/spi/v2/events
https://settings.crashlytics.com/spi/v2/platforms/android/apps/%s/settings
http://spapi.i-mobile.co.jp/app/apiRich/ad_spot_environment.ashx
http://localhost/
http://localhost/
http://localhost/

[INTERNAL_LOG][2018-06-08 03:20:34,875][INFO][find_url_in_apk()] [END ALL URL INSIDE APK]
[INTERNAL_LOG][2018-06-08 03:20:34,879][INFO][check_method_conf()] [JavaScript enabled: True]

[INTERNAL_LOG][2018-06-08 03:20:34,879][INFO][check_method_conf()] [Add interface WebView: True]

[INTERNAL_LOG][2018-06-08 03:20:34,879][INFO][analyze_start()] This app might be not vulnerable on  attack frame confusion.
[INTERNAL_LOG][2018-06-08 03:20:34,879][INFO][analyze_start()] End time:[Fri Jun  8 03:20:34 2018]
