[INTERNAL_LOG][2018-06-07 22:42:21,186][INFO][analyze_start()] Init Time [Thu Jun  7 22:42:21 2018]
[INTERNAL_LOG][2018-06-07 22:42:21,466][INFO][run()] Start Analysis
[INTERNAL_LOG][2018-06-07 22:42:21,470][INFO][is_hybird()] [Permission Enble Start]
[INTERNAL_LOG][2018-06-07 22:42:21,470][INFO][is_hybird()] android.permission.ACCESS_COARSE_LOCATION
[INTERNAL_LOG][2018-06-07 22:42:21,470][INFO][is_hybird()] android.permission.CHANGE_WIFI_STATE
[INTERNAL_LOG][2018-06-07 22:42:21,470][INFO][is_hybird()] android.permission.VIBRATE
[INTERNAL_LOG][2018-06-07 22:42:21,470][INFO][is_hybird()] android.permission.GET_TASKS
[INTERNAL_LOG][2018-06-07 22:42:21,470][INFO][is_hybird()] com.google.android.c2dm.permission.RECEIVE
[INTERNAL_LOG][2018-06-07 22:42:21,470][INFO][is_hybird()] android.permission.INTERNET
[INTERNAL_LOG][2018-06-07 22:42:21,470][INFO][is_hybird()] android.permission.WAKE_LOCK
[INTERNAL_LOG][2018-06-07 22:42:21,470][INFO][is_hybird()] android.permission.ACCESS_WIFI_STATE
[INTERNAL_LOG][2018-06-07 22:42:21,471][INFO][is_hybird()] com.amazon.device.messaging.permission.RECEIVE
[INTERNAL_LOG][2018-06-07 22:42:21,471][INFO][is_hybird()] com.android.vending.BILLING
[INTERNAL_LOG][2018-06-07 22:42:21,471][INFO][is_hybird()] android.permission.ACCESS_NETWORK_STATE
[INTERNAL_LOG][2018-06-07 22:42:21,471][INFO][is_hybird()] android.permission.WRITE_EXTERNAL_STORAGE
[INTERNAL_LOG][2018-06-07 22:42:21,471][INFO][is_hybird()] android.permission.READ_EXTERNAL_STORAGE
[INTERNAL_LOG][2018-06-07 22:42:21,471][INFO][is_hybird()] android.permission.CAMERA
[INTERNAL_LOG][2018-06-07 22:42:21,471][INFO][is_hybird()] android.permission.AUTHENTICATE_ACCOUNTS
[INTERNAL_LOG][2018-06-07 22:42:21,471][INFO][is_hybird()] android.permission.MANAGE_ACCOUNTS
[INTERNAL_LOG][2018-06-07 22:42:21,471][INFO][is_hybird()] android.permission.USE_CREDENTIALS
[INTERNAL_LOG][2018-06-07 22:42:21,471][INFO][is_hybird()] android.permission.GET_ACCOUNTS
[INTERNAL_LOG][2018-06-07 22:42:21,471][INFO][is_hybird()] com.etermax.preguntados.lite.permission.RECEIVE_ADM_MESSAGE
[INTERNAL_LOG][2018-06-07 22:42:21,471][INFO][is_hybird()] com.etermax.preguntados.lite.permission.C2D_MESSAGE
[INTERNAL_LOG][2018-06-07 22:42:21,471][INFO][is_hybird()] com.google.android.providers.gsf.permission.READ_GSERVICES
[INTERNAL_LOG][2018-06-07 22:42:21,471][INFO][is_hybird()] [Permission End]

[INTERNAL_LOG][2018-06-07 22:42:21,471][INFO][analyze_start()] TYPE APK: [ANDROID NATIVE]

[INTERNAL_LOG][2018-06-07 22:42:21,471][INFO][find_string()] [START FILE ANALYZE]
[INTERNAL_LOG][2018-06-07 22:42:21,471][INFO][find_string()] File: js/closebutton.html
[INTERNAL_LOG][2018-06-07 22:42:21,472][INFO][find_string()] No iframe in js/closebutton.html
[INTERNAL_LOG][2018-06-07 22:42:21,472][INFO][find_string()] [END ANALYZE FILE]

[INTERNAL_LOG][2018-06-07 22:43:39,482][INFO][find_url_in_apk()] [START ALL URL INSIDE APK]
[INTERNAL_LOG][2018-06-07 22:43:39,482][INFO][find_url_in_apk()] http://schemas.android.com/apk/res/android
https://adc3-launch-server-staging.herokuapp.com/v4/launch
https://adc3-launch.adcolony.com/v4/launch
https://wd.adcolony.com/logs
https://ads.aerserv.com/as/sdk/v3/
https://ads.aerserv.com/as/sdk/v3/
https://ads.aerserv.com/as/sdk/v3/
https://staging.ads.aerserv.com/as/sdk/v3/
https://staging.ads.aerserv.com/as/sdk/v3/
https://dmp.aerserv.com/update
https://debug.aerserv.com/sybok/analytics
https://ads.aerserv.com/as/sdk/configure/
https://debug.aerserv.com/sybok/
https://debug.aerserv.com/sybok/sdk/timeout
http://www.amazon.com/gp/mas/get-appstore/android/ref=mas_mx_mba_iap_dl
http://schemas.applovin.com/android/1.0
http://schemas.applovin.com/android/1.0
http://d.applovin.com/
http://a.applovin.com/2.0/
http://vid.applovin.com/,http://pdn.applovin.com/,http://img.applovin.com/,http://d.applovin.com/,http://assets.applovin.com/,http://cdnjs.cloudflare.com/
https://t.appsflyer.com/api/v
https://events.appsflyer.com/api/v
https://register.appsflyer.com/api/v
https://validate.appsflyer.com/api/v
https://stats.appsflyer.com/stats
https://sdk-services.appsflyer.com/validate-android-signature
https://monitorsdk.appsflyer.com/remote-debug?app_id=
https://api.amplitude.com/
http://market.android.com/
http://xmlpull.org/v1/doc/features.html#process-namespaces
http://xmlpull.org/v1/doc/features.html#process-namespaces
http://xmlpull.org/v1/doc/features.html#process-namespaces
http://xmlpull.org/v1/doc/features.html#process-namespaces
https://graph.facebook.com/
https://graph.facebook.com/
https://graph.facebook.com/
https://graph.facebook.com/
http://imageconverter.preguntados.com/index.php
http://play.google.com/store/apps/details?id=
https://appboy.data.placeiq.com/dataex/id/
https://d3tplke66d0j4g.cloudfront.net/sdk-vpaid/0.3/VPAID.html
https://d3tplke66d0j4g.cloudfront.net/sdk-vpaid/0.3/VPAID.js
https://d3tplke66d0j4g.cloudfront.net/sdk-vpaid/0.3/VPAIDBridge.js
https://d3tplke66d0j4g.cloudfront.net/img/poster.gif
http://acs.amazonaws.com/groups/global/AllUsers
http://acs.amazonaws.com/groups/global/AuthenticatedUsers
http://acs.amazonaws.com/groups/s3/LogDelivery
https://sondheim.appboy.com/api/v3/
https://dev.appboy.com/api/v3/
http://www.amazon.com/gp/mas/dl/android?asin=
https://play.google.com/store/apps/details?id=
https://api.appsflyer.com/install_data/v3/
https://live.chartboost.com
http://www.amazon.com/gp/mas/dl/android?p=
https://triviacrack.onelink.me/1234529366/afe0d858
https://triviacrack.onelink.me/1234529366
http://jira.etermax.com/jira/rpc/json-rpc/jirasoapservice-v2
https://graph.facebook.com/network_ads_common
https://graph.%s.facebook.com/network_ads_common
https://www.facebook.com/adnw_logging/
https://www.%s.facebook.com/adnw_logging/
https://www.facebook.com/
https://www.%s.facebook.com
http://play.google.com/store/apps/
http://www.facebook.com
https://graph.%s
https://graph-video.%s
https://facebook.com
https://facebook.com/device?user_code=%1$s&qr=1
http://play.google.com/store/apps/details?id=com.facebook.orca
https://data.flurry.com/pcr.do
https://pagead2.googlesyndication.com/pagead/gen_204?id=gmob-apps
https://accounts.google.com
https://www.facebook.com
https://accounts.google.com/o/oauth2/revoke?token=
https://plus.google.com/
https://pagead2.googlesyndication.com/pagead/gen_204
http://www.google.com
https://support.google.com/dfp_premium/answer/7160685#push
https://app-measurement.com/a
http://www.example.com
http://www.example.com
https://googleads.g.doubleclick.net/mads/static/mad/sdk/native/sdk-core-v40.html
https://googleads.g.doubleclick.net/mads/static/mad/sdk/native/production/sdk-core-v40-impl.js
https://googleads.g.doubleclick.net/mads/static/mad/sdk/native/mraid/v2/mraid_app_banner.js
https://googleads.g.doubleclick.net/mads/static/mad/sdk/native/mraid/v2/mraid_app_expanded_banner.js
https://googleads.g.doubleclick.net/mads/static/mad/sdk/native/mraid/v2/mraid_app_interstitial.js
https://csi.gstatic.com/csi
https://googleads.g.doubleclick.net/mads/static/mad/sdk/native/native_ads.html
https://googleads.g.doubleclick.net/mads/static/mad/sdk/native/production/native_ads.js
https://imasdk.googleapis.com/admob/sdkloader/native_video.html
https://www.google.com/dfp/linkDevice
https://www.google.com/dfp/inAppPreview
https://www.google.com/dfp/debugSignals
https://www.google.com/dfp/sendDebugData
http://schemas.android.com/apk/lib/com.inmobi.ads
http://schemas.android.com/apk/lib/com.inmobi.ads
https://i.l.inmobicdn.net/sdk/sdk/500/android/mraid.js
http://www.inmobi.com/products/sdk/#downloads
http://twitter.com/home?status=
https://m.google.com/app/plus/x/?v=compose&content=
https://www.facebook.com/dialog/feed?app_id=181821551957328&link=
http://dock.inmobi.com/carb/v1/i
http://dock.inmobi.com/carb/v1/o
https://sdkm.w.inmobi.com/user/e.asm
https://mobile-static.adsafeprotected.com/avid-v2.js
https://mobile-static.adsafeprotected.com/avid-v2.js
https://mobile-static.adsafeprotected.com/avid-v2.js
http://www.amazon.com/dp/%s?ref_=%s
http://i.w.inmobi.com/showad.asm
https://sdktm.w.inmobi.com/sdkpubreq
https://sdkm.w.inmobi.com/metrics/e.asm?v=1&
https://www.%s.facebook.com/audience_network/server_side_reward
https://www.facebook.com/audience_network/server_side_reward
https://www.google.com
http://www.w3.org/ns/ttml#parameter
https://www.googleapis.com/auth/games_lite
https://www.googleapis.com/auth/games
https://track.atom-data.io
https://track.atom-data.io
https://track.atom-data.io
https://www.supersonicads.com/mobile/sdk5/log?method=injectJavaScript
https://www.supersonicads.com/mobile/sdk5/log?method=
https://www.supersonicads.com/mobile/sdk5/log?method=
https://www.supersonicads.com/mobile/sdk5/log?method=
https://www.supersonicads.com/mobile/sdk5/log?method=
https://www.supersonicads.com/mobile/sdk5/log?method=
https://www.supersonicads.com/mobile/sdk5/log?method=
https://www.supersonicads.com/mobile/sdk5/log?method=
https://www.supersonicads.com/mobile/sdk5/log?method=
https://ads.nexage.com
https://z.moatads.com/
https://z.moatads.com/
https://z.moatads.com/
https://z.moatads.com/
https://z.moatads.com/
https://z.moatads.com/
https://z.moatads.com/
https://z.moatads.com/
https://px.moatads.com/pixel.gif?e=0&i=MOATSDK1&ac=1
https://px.moatads.com/pixel.gif?e=0&i=MOATSDK1&ac=1
https://px.moatads.com/pixel.gif?e=0&i=MOATSDK1&ac=1
https://twitter.com/%s/status/%s
https://www.mopub.com/optout/
https://www.mopub.com/optout/
https://rpc.tapjoy.com/
https://connect.tapjoy.com/
https://connect.tapjoy.com/
https://ws.tapjoyads.com/
https://ws.tapjoyads.com/
https://ws.tapjoyads.com/
https://placements.tapjoy.com/
https://config.unityads.unity3d.com/webview/
http://lol.vungle.com/
https://api.vungle.com/
https://settings.crashlytics.com/spi/v2/platforms/android/apps/%s/settings
http://localhost/
http://localhost/
http://localhost/
https://outcome.supersonicads.com/mediation/
https://outcome.supersonicads.com/mediation/
https://www.supersonicads.com/mobile/sdk5/log?method=noProductType
https://www.supersonicads.com/mobile/sdk5/log?method=encodeAppUserId
https://www.supersonicads.com/mobile/sdk5/log?method=encodeAppKey
https://www.supersonicads.com/mobile/sdk5/log?method=extraParametersToJson
https://www.supersonicads.com/mobile/sdk5/log?method=webviewLoadBlank
https://www.supersonicads.com/mobile/sdk5/log?method=webviewLoadWithPath
https://www.supersonicads.com/mobile/sdk5/log?method=htmlControllerDoesNotExistOnFileSystem
https://www.supersonicads.com/mobile/sdk5/log?method=webviewPause
https://www.supersonicads.com/mobile/sdk5/log?method=webviewResume
https://ads.api.vungle.com/config
https://e.crashlytics.com/spi/v2/events
http://twitter4j.org/en/twitter4j-
https://analytics.mopub.com/i/jot/exchange_client_event
https://www.mopub.com/optout
https://www.vungle.com/privacy/
https://www.vungle.com/privacy/
http://xml.org/sax/features/external-general-entities
https://api.twitter.com/oauth/request_token
https://api.twitter.com/oauth/authorize
https://api.twitter.com/oauth/access_token
https://api.twitter.com/oauth/authenticate
https://api.twitter.com/oauth2/token
https://api.twitter.com/oauth2/invalidate_token
https://api.twitter.com/1.1/
https://stream.twitter.com/1.1/
https://userstream.twitter.com/1.1/
https://sitestream.twitter.com/1.1/

[INTERNAL_LOG][2018-06-07 22:43:39,482][INFO][find_url_in_apk()] [END ALL URL INSIDE APK]
[INTERNAL_LOG][2018-06-07 22:43:39,489][INFO][check_method_conf()] [JavaScript enabled: True]

[INTERNAL_LOG][2018-06-07 22:43:39,489][INFO][check_method_conf()] [Add interface WebView: True]

[INTERNAL_LOG][2018-06-07 22:43:39,489][INFO][analyze_start()] This app might be not vulnerable on  attack frame confusion.
[INTERNAL_LOG][2018-06-07 22:43:39,489][INFO][analyze_start()] End time:[Thu Jun  7 22:43:39 2018]
