[INTERNAL_LOG][2018-06-07 22:00:06,037][INFO][analyze_start()] Init Time [Thu Jun  7 22:00:06 2018]
[INTERNAL_LOG][2018-06-07 22:00:06,057][INFO][run()] Start Analysis
[INTERNAL_LOG][2018-06-07 22:00:06,059][INFO][is_hybird()] [Permission Enble Start]
[INTERNAL_LOG][2018-06-07 22:00:06,059][INFO][is_hybird()] android.permission.INTERNET
[INTERNAL_LOG][2018-06-07 22:00:06,059][INFO][is_hybird()] android.permission.ACCESS_NETWORK_STATE
[INTERNAL_LOG][2018-06-07 22:00:06,059][INFO][is_hybird()] android.permission.ACCESS_WIFI_STATE
[INTERNAL_LOG][2018-06-07 22:00:06,059][INFO][is_hybird()] android.permission.RECEIVE_BOOT_COMPLETED
[INTERNAL_LOG][2018-06-07 22:00:06,059][INFO][is_hybird()] android.permission.WAKE_LOCK
[INTERNAL_LOG][2018-06-07 22:00:06,064][INFO][is_hybird()] com.google.android.gms.permission.ACTIVITY_RECOGNITION
[INTERNAL_LOG][2018-06-07 22:00:06,064][INFO][is_hybird()] android.permission.VIBRATE
[INTERNAL_LOG][2018-06-07 22:00:06,065][INFO][is_hybird()] android.permission.CHANGE_WIFI_STATE
[INTERNAL_LOG][2018-06-07 22:00:06,070][INFO][is_hybird()] android.permission.ACCESS_FINE_LOCATION
[INTERNAL_LOG][2018-06-07 22:00:06,071][INFO][is_hybird()] android.permission.ACCESS_COARSE_LOCATION
[INTERNAL_LOG][2018-06-07 22:00:06,071][INFO][is_hybird()] android.permission.READ_PHONE_STATE
[INTERNAL_LOG][2018-06-07 22:00:06,072][INFO][is_hybird()] android.permission.WRITE_EXTERNAL_STORAGE
[INTERNAL_LOG][2018-06-07 22:00:06,072][INFO][is_hybird()] android.permission.WRITE_SETTINGS
[INTERNAL_LOG][2018-06-07 22:00:06,072][INFO][is_hybird()] android.permission.GET_ACCOUNTS
[INTERNAL_LOG][2018-06-07 22:00:06,072][INFO][is_hybird()] android.permission.ACCESS_LOCATION_EXTRA_COMMANDS
[INTERNAL_LOG][2018-06-07 22:00:06,072][INFO][is_hybird()] android.permission.SEND_SMS
[INTERNAL_LOG][2018-06-07 22:00:06,072][INFO][is_hybird()] android.permission.READ_CALENDAR
[INTERNAL_LOG][2018-06-07 22:00:06,072][INFO][is_hybird()] android.permission.WRITE_CALENDAR
[INTERNAL_LOG][2018-06-07 22:00:06,072][INFO][is_hybird()] android.permission.RECORD_AUDIO
[INTERNAL_LOG][2018-06-07 22:00:06,072][INFO][is_hybird()] com.google.android.c2dm.permission.RECEIVE
[INTERNAL_LOG][2018-06-07 22:00:06,072][INFO][is_hybird()] com.apps.tv9live.tv9liveapp.permission.C2D_MESSAGE
[INTERNAL_LOG][2018-06-07 22:00:06,072][INFO][is_hybird()] com.sec.android.provider.badge.permission.READ
[INTERNAL_LOG][2018-06-07 22:00:06,072][INFO][is_hybird()] com.sec.android.provider.badge.permission.WRITE
[INTERNAL_LOG][2018-06-07 22:00:06,072][INFO][is_hybird()] com.htc.launcher.permission.READ_SETTINGS
[INTERNAL_LOG][2018-06-07 22:00:06,072][INFO][is_hybird()] com.htc.launcher.permission.UPDATE_SHORTCUT
[INTERNAL_LOG][2018-06-07 22:00:06,072][INFO][is_hybird()] com.sonyericsson.home.permission.BROADCAST_BADGE
[INTERNAL_LOG][2018-06-07 22:00:06,072][INFO][is_hybird()] com.sonymobile.home.permission.PROVIDER_INSERT_BADGE
[INTERNAL_LOG][2018-06-07 22:00:06,072][INFO][is_hybird()] com.anddoes.launcher.permission.UPDATE_COUNT
[INTERNAL_LOG][2018-06-07 22:00:06,072][INFO][is_hybird()] com.majeur.launcher.permission.UPDATE_BADGE
[INTERNAL_LOG][2018-06-07 22:00:06,073][INFO][is_hybird()] com.huawei.android.launcher.permission.CHANGE_BADGE
[INTERNAL_LOG][2018-06-07 22:00:06,073][INFO][is_hybird()] com.huawei.android.launcher.permission.READ_SETTINGS
[INTERNAL_LOG][2018-06-07 22:00:06,073][INFO][is_hybird()] com.huawei.android.launcher.permission.WRITE_SETTINGS
[INTERNAL_LOG][2018-06-07 22:00:06,073][INFO][is_hybird()] android.permission.READ_APP_BADGE
[INTERNAL_LOG][2018-06-07 22:00:06,073][INFO][is_hybird()] com.oppo.launcher.permission.READ_SETTINGS
[INTERNAL_LOG][2018-06-07 22:00:06,073][INFO][is_hybird()] com.oppo.launcher.permission.WRITE_SETTINGS
[INTERNAL_LOG][2018-06-07 22:00:06,073][INFO][is_hybird()] me.everything.badger.permission.BADGE_COUNT_READ
[INTERNAL_LOG][2018-06-07 22:00:06,073][INFO][is_hybird()] me.everything.badger.permission.BADGE_COUNT_WRITE
[INTERNAL_LOG][2018-06-07 22:00:06,073][INFO][is_hybird()] [Permission End]

[INTERNAL_LOG][2018-06-07 22:00:06,073][INFO][analyze_start()] TYPE APK: [ANDROID NATIVE]

[INTERNAL_LOG][2018-06-07 22:00:06,073][INFO][find_string()] [START FILE ANALYZE]
[INTERNAL_LOG][2018-06-07 22:00:06,073][INFO][find_string()] [END ANALYZE FILE]

[INTERNAL_LOG][2018-06-07 22:00:33,493][INFO][find_url_in_apk()] [START ALL URL INSIDE APK]
[INTERNAL_LOG][2018-06-07 22:00:33,493][INFO][find_url_in_apk()] https://settings.crashlytics.com/spi/v2/platforms/android/apps/%s/settings
http://schemas.android.com/apk/res/android
http://play.google.com/store/apps/
https://www.facebook.com/
https://www.%s.facebook.com
https://graph.facebook.com/network_ads_common
https://graph.%s.facebook.com/network_ads_common
https://www.facebook.com/adnw_logging/
https://www.%s.facebook.com/adnw_logging/
http://www.facebook.com
https://pagead2.googlesyndication.com/pagead/gen_204?id=gmob-apps
https://plus.google.com/
http://www.example.com
http://www.example.com
https://pagead2.googlesyndication.com/pagead/gen_204
http://www.google.com
https://support.google.com/dfp_premium/answer/7160685#push
http://www.google-analytics.com
https://ssl.google-analytics.com
https://googleads.g.doubleclick.net/mads/static/mad/sdk/native/sdk-core-v40.html
https://googleads.g.doubleclick.net/mads/static/mad/sdk/native/mraid/v2/mraid_app_banner.js
https://googleads.g.doubleclick.net/mads/static/mad/sdk/native/mraid/v2/mraid_app_expanded_banner.js
https://googleads.g.doubleclick.net/mads/static/mad/sdk/native/mraid/v2/mraid_app_interstitial.js
https://csi.gstatic.com/csi
https://googleads.g.doubleclick.net/mads/static/mad/sdk/native/native_ads.html
https://googleads.g.doubleclick.net/mads/static/mad/sdk/native/native_video_ads.html
https://www.google.com/dfp/linkDevice
https://www.google.com/dfp/inAppPreview
https://www.google.com/dfp/debugSignals
https://www.google.com/dfp/sendDebugData
https://www.googletagmanager.com
http://hostname/?
http://hostname/?
https://www.youtube.com/playlist?list=
https://www.youtube.com/playlist?list=
https://www.youtube.com/channel/
https://www.youtube.com/channel/
https://www.youtube.com/watch?v=
https://www.youtube.com/watch?v=
https://www.youtube.com/user/
https://www.youtube.com/user/
http://play.google.com/store/apps/details
https://imasdk.googleapis.com/native/sdkloader/native_sdk_v3.html
https://imasdk.googleapis.com/native/sdkloader/native_sdk_v3_debug.html
https://onesignal.com/api/v1/
http://vidgyor.com/
http://play.google.com/store/apps/details?id=
http://14.142.114.162/
http://vidgyor.com
https://e.crashlytics.com/spi/v2/events
http://schemas.microsoft.com/DRM/2007/03/protocols/AcquireLicense
https://www.%s.facebook.com/audience_network/server_side_reward
https://www.facebook.com/audience_network/server_side_reward
http://www.dom.com/path?
http://www.w3.org/ns/ttml#parameter
https://www.googleapis.com/auth/games
http://media2-starag.startv.in/r1/thumbs/PCTV/55/14455/PCTV-14455-hd.jpg
http://vidgyor.com/prod/tv9/tv9_app_v9.status
http://streamer5.vidgyor.com/vod-origin/promos/tv9marathi/tv9marathi_promo_1.mp4
http://streamer5.vidgyor.com/vod-origin/promos/tv9marathi/tv9marathi_promo_1.mp4
http://streamer5.vidgyor.com/vod-origin/vikatan/0_4gae0x4h.jpg
http://streamer5.vidgyor.com/vod-origin/promos/tv9marathi/tv9marathi_promo_2.mp4

[INTERNAL_LOG][2018-06-07 22:00:33,493][INFO][find_url_in_apk()] [END ALL URL INSIDE APK]
[INTERNAL_LOG][2018-06-07 22:00:33,500][INFO][check_method_conf()] [JavaScript enabled: True]

[INTERNAL_LOG][2018-06-07 22:00:33,500][INFO][check_method_conf()] [Add interface WebView: True]

[INTERNAL_LOG][2018-06-07 22:00:33,500][INFO][analyze_start()] This app might be not vulnerable on  attack frame confusion.
[INTERNAL_LOG][2018-06-07 22:00:33,500][INFO][analyze_start()] End time:[Thu Jun  7 22:00:33 2018]
