[INTERNAL_LOG][2018-06-08 01:13:27,188][INFO][analyze_start()] Init Time [Fri Jun  8 01:13:27 2018]
[INTERNAL_LOG][2018-06-08 01:13:27,315][INFO][run()] Start Analysis
[INTERNAL_LOG][2018-06-08 01:13:27,318][INFO][is_hybird()] [Permission Enble Start]
[INTERNAL_LOG][2018-06-08 01:13:27,318][INFO][is_hybird()] com.google.android.c2dm.permission.RECEIVE
[INTERNAL_LOG][2018-06-08 01:13:27,319][INFO][is_hybird()] android.permission.INTERNET
[INTERNAL_LOG][2018-06-08 01:13:27,319][INFO][is_hybird()] android.permission.ACCESS_WIFI_STATE
[INTERNAL_LOG][2018-06-08 01:13:27,319][INFO][is_hybird()] android.permission.ACCESS_NETWORK_STATE
[INTERNAL_LOG][2018-06-08 01:13:27,319][INFO][is_hybird()] android.permission.READ_CONTACTS
[INTERNAL_LOG][2018-06-08 01:13:27,319][INFO][is_hybird()] android.permission.WRITE_CONTACTS
[INTERNAL_LOG][2018-06-08 01:13:27,319][INFO][is_hybird()] android.permission.READ_PHONE_STATE
[INTERNAL_LOG][2018-06-08 01:13:27,319][INFO][is_hybird()] android.permission.READ_CALL_LOG
[INTERNAL_LOG][2018-06-08 01:13:27,319][INFO][is_hybird()] android.permission.CALL_PHONE
[INTERNAL_LOG][2018-06-08 01:13:27,319][INFO][is_hybird()] android.permission.RECEIVE_SMS
[INTERNAL_LOG][2018-06-08 01:13:27,319][INFO][is_hybird()] android.permission.WRITE_SMS
[INTERNAL_LOG][2018-06-08 01:13:27,319][INFO][is_hybird()] android.permission.READ_SMS
[INTERNAL_LOG][2018-06-08 01:13:27,319][INFO][is_hybird()] android.permission.VIBRATE
[INTERNAL_LOG][2018-06-08 01:13:27,319][INFO][is_hybird()] android.permission.WRITE_EXTERNAL_STORAGE
[INTERNAL_LOG][2018-06-08 01:13:27,319][INFO][is_hybird()] android.permission.MODIFY_AUDIO_SETTINGS
[INTERNAL_LOG][2018-06-08 01:13:27,319][INFO][is_hybird()] android.permission.WAKE_LOCK
[INTERNAL_LOG][2018-06-08 01:13:27,319][INFO][is_hybird()] android.permission.BLUETOOTH
[INTERNAL_LOG][2018-06-08 01:13:27,319][INFO][is_hybird()] android.permission.BLUETOOTH_ADMIN
[INTERNAL_LOG][2018-06-08 01:13:27,319][INFO][is_hybird()] android.permission.RECORD_AUDIO
[INTERNAL_LOG][2018-06-08 01:13:27,319][INFO][is_hybird()] android.permission.DISABLE_KEYGUARD
[INTERNAL_LOG][2018-06-08 01:13:27,319][INFO][is_hybird()] android.permission.CHANGE_NETWORK_STATE
[INTERNAL_LOG][2018-06-08 01:13:27,319][INFO][is_hybird()] android.permission.WRITE_SETTINGS
[INTERNAL_LOG][2018-06-08 01:13:27,319][INFO][is_hybird()] android.permission.GET_TASKS
[INTERNAL_LOG][2018-06-08 01:13:27,319][INFO][is_hybird()] android.permission.KILL_BACKGROUND_PROCESSES
[INTERNAL_LOG][2018-06-08 01:13:27,319][INFO][is_hybird()] android.permission.SET_WALLPAPER
[INTERNAL_LOG][2018-06-08 01:13:27,320][INFO][is_hybird()] android.permission.AUTHENTICATE_ACCOUNTS
[INTERNAL_LOG][2018-06-08 01:13:27,320][INFO][is_hybird()] android.permission.GET_ACCOUNTS
[INTERNAL_LOG][2018-06-08 01:13:27,320][INFO][is_hybird()] android.permission.MANAGE_ACCOUNTS
[INTERNAL_LOG][2018-06-08 01:13:27,320][INFO][is_hybird()] android.permission.READ_SYNC_SETTINGS
[INTERNAL_LOG][2018-06-08 01:13:27,320][INFO][is_hybird()] android.permission.WRITE_SYNC_SETTINGS
[INTERNAL_LOG][2018-06-08 01:13:27,320][INFO][is_hybird()] android.permission.READ_SYNC_STATS
[INTERNAL_LOG][2018-06-08 01:13:27,320][INFO][is_hybird()] android.permission.CAMERA
[INTERNAL_LOG][2018-06-08 01:13:27,320][INFO][is_hybird()] android.permission.ACCESS_COARSE_LOCATION
[INTERNAL_LOG][2018-06-08 01:13:27,320][INFO][is_hybird()] android.permission.BROADCAST_STICKY
[INTERNAL_LOG][2018-06-08 01:13:27,320][INFO][is_hybird()] android.permission.RECEIVE_BOOT_COMPLETED
[INTERNAL_LOG][2018-06-08 01:13:27,320][INFO][is_hybird()] com.android.vending.BILLING
[INTERNAL_LOG][2018-06-08 01:13:27,320][INFO][is_hybird()] android.permission.SYSTEM_ALERT_WINDOW
[INTERNAL_LOG][2018-06-08 01:13:27,320][INFO][is_hybird()] android.permission.USE_CREDENTIALS
[INTERNAL_LOG][2018-06-08 01:13:27,320][INFO][is_hybird()] android.permission.READ_SOCIAL_STREAM
[INTERNAL_LOG][2018-06-08 01:13:27,320][INFO][is_hybird()] android.permission.WRITE_SOCIAL_STREAM
[INTERNAL_LOG][2018-06-08 01:13:27,320][INFO][is_hybird()] com.google.android.providers.gsf.permission.READ_GSERVICES
[INTERNAL_LOG][2018-06-08 01:13:27,320][INFO][is_hybird()] android.permission.ACCESS_FINE_LOCATION
[INTERNAL_LOG][2018-06-08 01:13:27,320][INFO][is_hybird()] com.huawei.android.launcher.permission.CHANGE_BADGE
[INTERNAL_LOG][2018-06-08 01:13:27,320][INFO][is_hybird()] com.huawei.android.launcher.permission.WRITE_SETTINGS
[INTERNAL_LOG][2018-06-08 01:13:27,320][INFO][is_hybird()] com.sonymobile.home.permission.PROVIDER_INSERT_BADGE
[INTERNAL_LOG][2018-06-08 01:13:27,320][INFO][is_hybird()] com.viber.voip.permission.C2D_MESSAGE
[INTERNAL_LOG][2018-06-08 01:13:27,320][INFO][is_hybird()] android.permission.READ_EXTERNAL_STORAGE
[INTERNAL_LOG][2018-06-08 01:13:27,320][INFO][is_hybird()] com.sec.android.provider.badge.permission.READ
[INTERNAL_LOG][2018-06-08 01:13:27,320][INFO][is_hybird()] com.sec.android.provider.badge.permission.WRITE
[INTERNAL_LOG][2018-06-08 01:13:27,320][INFO][is_hybird()] com.htc.launcher.permission.READ_SETTINGS
[INTERNAL_LOG][2018-06-08 01:13:27,321][INFO][is_hybird()] com.htc.launcher.permission.UPDATE_SHORTCUT
[INTERNAL_LOG][2018-06-08 01:13:27,321][INFO][is_hybird()] com.sonyericsson.home.permission.BROADCAST_BADGE
[INTERNAL_LOG][2018-06-08 01:13:27,321][INFO][is_hybird()] com.anddoes.launcher.permission.UPDATE_COUNT
[INTERNAL_LOG][2018-06-08 01:13:27,321][INFO][is_hybird()] com.majeur.launcher.permission.UPDATE_BADGE
[INTERNAL_LOG][2018-06-08 01:13:27,321][INFO][is_hybird()] com.huawei.android.launcher.permission.READ_SETTINGS
[INTERNAL_LOG][2018-06-08 01:13:27,321][INFO][is_hybird()] android.permission.READ_APP_BADGE
[INTERNAL_LOG][2018-06-08 01:13:27,321][INFO][is_hybird()] com.oppo.launcher.permission.READ_SETTINGS
[INTERNAL_LOG][2018-06-08 01:13:27,321][INFO][is_hybird()] com.oppo.launcher.permission.WRITE_SETTINGS
[INTERNAL_LOG][2018-06-08 01:13:27,321][INFO][is_hybird()] me.everything.badger.permission.BADGE_COUNT_READ
[INTERNAL_LOG][2018-06-08 01:13:27,321][INFO][is_hybird()] me.everything.badger.permission.BADGE_COUNT_WRITE
[INTERNAL_LOG][2018-06-08 01:13:27,321][INFO][is_hybird()] [Permission End]

[INTERNAL_LOG][2018-06-08 01:13:27,321][INFO][analyze_start()] TYPE APK: [ANDROID NATIVE]

[INTERNAL_LOG][2018-06-08 01:13:27,321][INFO][find_string()] [START FILE ANALYZE]
[INTERNAL_LOG][2018-06-08 01:13:27,321][INFO][find_string()] File: assets/embedded_media/media_player.html
[INTERNAL_LOG][2018-06-08 01:13:27,322][INFO][find_string()] No iframe in assets/embedded_media/media_player.html
[INTERNAL_LOG][2018-06-08 01:13:27,322][INFO][find_string()] [END ANALYZE FILE]

[INTERNAL_LOG][2018-06-08 01:14:45,099][INFO][find_url_in_apk()] [START URL LOADED INSIDE LOAD FUNCTION]
[INTERNAL_LOG][2018-06-08 01:14:45,099][INFO][find_url_in_apk()] http://img.ly/api/2/upload.json
https://api.mobypicture.com/2.0/upload.json
http://api.plixi.com/api/upload.aspx
http://posterous.com/api2/upload.json
http://p.twipple.jp/api/upload
http://twitgoo.com/api/uploadAndPost
https://twitpic.com/api/2/upload.json
https://yfrog.com/api/xauth_upload

[INTERNAL_LOG][2018-06-08 01:14:45,099][INFO][find_url_in_apk()] [END URL LOADED INSIDE LOAD FUNCTION]
[INTERNAL_LOG][2018-06-08 01:14:45,469][ERROR][download_page_loaded()] Failed response code: 404 for http://img.ly/api/2/upload.json  
[INTERNAL_LOG][2018-06-08 01:14:46,630][ERROR][download_page_loaded()] Failed response code: 403 for https://api.mobypicture.com/2.0/upload.json  
[INTERNAL_LOG][2018-06-08 01:14:46,678][ERROR][download_page_loaded()] Failed connection error download: http://api.plixi.com/api/upload.aspx 
[INTERNAL_LOG][2018-06-08 01:14:48,573][ERROR][download_page_loaded()] Failed response code: 410 for http://p.twipple.jp/api/upload  
[INTERNAL_LOG][2018-06-08 01:14:49,192][ERROR][download_page_loaded()] Failed response code: 403 for http://twitgoo.com/api/uploadAndPost  
[INTERNAL_LOG][2018-06-08 01:14:59,511][ERROR][download_page_loaded()] Failed connection error download: https://yfrog.com/api/xauth_upload 
[INTERNAL_LOG][2018-06-08 01:14:59,512][INFO][find_string()] [START REMOTE FILE ANALYZE]
[INTERNAL_LOG][2018-06-08 01:14:59,512][INFO][find_string()] Remote File in: temp_html_code/html_downloaded_Viber Messenger by Viber Media S/upload.json
[INTERNAL_LOG][2018-06-08 01:14:59,512][INFO][find_string()] URL: https://twitpic.com/api/2/upload.json
[INTERNAL_LOG][2018-06-08 01:14:59,516][INFO][find_string()] No iframe in temp_html_code/html_downloaded_Viber Messenger by Viber Media S/upload.json
[INTERNAL_LOG][2018-06-08 01:14:59,516][INFO][find_string()] [END ANALYZE FILE]

[INTERNAL_LOG][2018-06-08 01:14:59,516][INFO][find_url_in_apk()] [START ALL URL INSIDE APK]
[INTERNAL_LOG][2018-06-08 01:14:59,516][INFO][find_url_in_apk()] http://schemas.android.com/apk/res/android
https://e.crashlytics.com/spi/v2/events
https://settings.crashlytics.com/spi/v2/platforms/android/apps/%s/settings
https://app.adjust.com
https://app.adjust.com
https://app.adjust.com
http://www.amazon.com/gp/mas/get-appstore/android/ref=mas_mx_mba_iap_dl
https://sondheim.appboy.com/api/v3/
https://dev.appboy.com/api/v3/
http://www.amazon.com/gp/mas/dl/android?asin=
https://play.google.com/store/apps/details?id=
https://play.google.com/store/apps/details?id=
https://play.google.com/store/apps/details?id=
https://play.google.com/store/apps/details?id=
http://mediation.adnxs.com/ut/v2
http://mediation.adnxs.com
http://mediation.adnxs.com/
http://mediation.adnxs.com/mob?
http://mediation.adnxs.com/install?
https://m.facebook.com/dialog/
https://graph.facebook.com/
https://graph.facebook.com/
https://api.facebook.com/restserver.php
https://pagead2.googlesyndication.com/pagead/gen_204
https://googleads.g.doubleclick.net/mads/static/mad/sdk/native/sdk-core-v40.html
https://googleads.g.doubleclick.net/mads/static/mad/sdk/native/mraid/v2/mraid_app_banner.js
https://googleads.g.doubleclick.net/mads/static/mad/sdk/native/mraid/v2/mraid_app_expanded_banner.js
https://googleads.g.doubleclick.net/mads/static/mad/sdk/native/mraid/v2/mraid_app_interstitial.js
https://csi.gstatic.com/csi
https://googleads.g.doubleclick.net/mads/static/mad/sdk/native/native_ads.html
https://googleads.g.doubleclick.net/mads/static/mad/sdk/native/native_video_ads.html
https://www.google.com/dfp/linkDevice
https://www.google.com/dfp/inAppPreview
https://www.google.com/dfp/debugSignals
https://www.google.com/dfp/sendDebugData
http://www.example.com
http://www.example.com
https://www.viber.com/dl?forward=amazon
https://r.viber.com/rid/start?r=
https://www.viber.com/%s/terms
https://support.viber.com/customer/portal/articles/2853940
https://www.viber.com/security
https://www.viber.com/messages/reports
https://support.viber.com/customer/%s/portal/articles/2733412
https://helpme.viber.com/create-public-account/
https://support.viber.com/customer/en/portal/articles/2492981
https://www.viber.com/%s/eula?utm_source=Public_chats&utm_medium=App&utm_campaign=Public_Chats_R18
https://bevo.adsnative.com/seg.gif
http://bevo.adsnative.com/conversions
https://www.viber.com/privacypolicy.html
https://support.viber.com/customer/portal/emails/new?phone=%s
https://support.viber.com/customer/portal/articles/2880188-transfer-your-viber-history-from-one-device-to-another
https://account.integration.viber.com
https://account.viber.com
https://account.viber.com
https://wuwallet.integration.viber.com
https://wuwallet.viber.com
https://wuwallet.viber.com
https://wallet.integration.viber.com
https://wallet.viber.com
https://wallet.viber.com
https://content.cdn.integration.viber.com/wallets/wallets_all.json
https://content.cdn.viber.com/wallets/wallets_all.json
https://content.cdn.integration.viber.com/backgrounds_v1/Android/bg_config.json
https://content.cdn.viber.com/backgrounds_v1/Android/bg_config.json
https://content.cdn.viber.com/backgrounds_v1/Android/bg_config.json
https://vibes.integration.viber.com/
https://vibes.viber.com/
https://vibes.viber.com/
https://content.cdn.integration.viber.com/stickers/notifications.json
https://content.cdn.viber.com/stickers/notifications.json
https://content.cdn.viber.com/stickers/notifications.json
https://content.cdn.integration.viber.com/stickers/hiPromo/onboarding.json
https://content.cdn.viber.com/stickers/hiPromo/onboarding.json
https://content.cdn.viber.com/stickers/hiPromo/onboarding.json
https://content.cdn.integration.viber.com/stickers/viberid/viberid.json
https://content.cdn.viber.com/stickers/viberid/viberid.json
https://content.cdn.viber.com/stickers/viberid/viberid.json
https://content.cdn.integration.viber.com/stickers/hiPromo/onboarding2.json
https://content.cdn.viber.com/stickers/hiPromo/onboarding2.json
https://content.cdn.viber.com/stickers/hiPromo/onboarding2.json
https://content.cdn.integration.viber.com/stickers/hiPromo/
https://content.cdn.viber.com/stickers/hiPromo/
https://content.cdn.viber.com/stickers/hiPromo/
https://market.integration.viber.com
https://market.viber.com
https://market.viber.com
https://market.api.integration.viber.com/1/users/
https://market.api.viber.com/1/users/
https://market.api.viber.com/1/users/
https://media.api.integration.viber.com/api/v2
https://media.api.viber.com/api/v2
https://media.cdn.integration.viber.com
https://media.cdn.viber.com
https://graph.%s
https://graph-video.%s
https://facebook.com
https://www.googleapis.com/
https://pagead2.googlesyndication.com/pagead/gen_204?id=gmob-apps
http://hostname/?
http://hostname/?
https://accounts.google.com
https://www.facebook.com
https://www.googleapis.com/auth/games
https://plus.google.com/
http://www.google.com
https://support.google.com/dfp_premium/answer/7160685#push
http://www.google-analytics.com
https://ssl.google-analytics.com
https://app-measurement.com/a
https://www.google.com
https://www.googletagmanager.com
https://api.mixpanel.com/track?ip=1
http://api.mixpanel.com/track?ip=1
https://api.mixpanel.com/engage
http://api.mixpanel.com/engage
https://decide.mixpanel.com/decide
http://decide.mixpanel.com/decide
https://vb.me/switchToViber
https://vb.me/chatOnViber
https://vb.me/ViberFree
https://vb.me/letsUseViber
https://vb.me/secureViber
https://vb.me/ViberIsFun
https://www.viber.com/en/eula?style=light
https://helpme.viber.com/customer/learnmore/servicemessage.php
https://vb.me/e4f1e39d
https://vb.me/3d266efc
https://vb.me/67339f
https://vb.me/38a7bb79
https://vb.me/467f7ac7
https://vb.me/7ff29057
https://vb.me/af206bef
https://vb.me/c2cf2ee2
https://vb.me/8616b7
https://www.walletone.com/%s/wallet/viber/agreement/
https://support.viber.com/customer/portal/articles/2753274-change-phone-number
https://www.googleapis.com/auth/drive.appdata
https://cs7062.vk.me/c7002/v7002050/6f2b/JEms7DRpREw.jpg
http://www.soundjay.com/transportation/train-whistle-01.mp3
https://maps\.google\.com/maps/api/staticmap\?zoom=\d*&size=\d*x\d*&scale=.*&maptype=roadmap&sensor=true&center=.*
https://maps.googleapis.com/maps/api/geocode/json?latlng=<lat>,<lng>&sensor=true
https://maps.google.com/maps/api/staticmap?zoom=<zoom>&size=<width>x<height>&scale=<scale>&maptype=roadmap&sensor=true&center=<lat>,<lng>
https://maps.google.com/maps/api/staticmap
https://maps.googleapis.com/maps/api/geocode/json?address=<address>&sensor=true
https://www.viber.com/messages/reports?appid=
https://www.viber.com/messages/reports?type=WL-MSG
https://maps.google.com/maps?q=loc:
https://maps.google.com/maps?q=loc:
https://maps.google.com/maps?q=loc:
https://www.viber.com/dl
http://xmlpull.org/v1/doc/features.html#indent-output
http://xmlpull.org/v1/doc/features.html#indent-output
http://xmlpull.org/v1/doc/features.html#indent-output
http://xmlpull.org/v1/doc/features.html#indent-output
http://xmlpull.org/v1/doc/features.html#indent-output
https://app.adjust.com/forget_device?app_token=vzpmna78ud8m&android_id=
https://content.cdn.viber.com/opPlans/OpPlan_515_2_2.json
https://wallet.staging.viber.com
https://stickers-search.viber.com/stickersearch/v1.0/search.jsp
https://secure.viber.com/viber/viber.php?function=ActivateUser
https://secure.viber.com/viber/viber.php?function=RegisterUser
https://secure.viber.com/viber/viber.php?function=GetDefaultCountry
https://secure.viber.com/viber/viber.php?function=DeActivate
https://secure.viber.com/viber/viber.php?function=DeactivateUser
https://secure.viber.com/viber/viber.php?function=GenerateDeviceKey
https://secure.viber.com/viber/viber.php?function=GenerateDeviceKeyDone
https://secure.viber.com/viber/viber.php?function=UpdatePhone
https://secure.viber.com/viber/viber.php?function=ResendActivationCode
https://secure.viber.com/viber/viber.php?function=ResendSMS
https://secure.viber.com/viber/viber.php?function=AuthorizeChangePhoneNumber
https://secure.viber.com/viber/viber.php?function=ActivateChangePhoneNumber
https://secure.viber.com/viber/viber.php?function=GetRID
https://secure.viber.com/viber/viber.php?function=SetRToken
https://secure.viber.com/viber/viber.php?function=SetRReferral
https://viber.co.jp/webview/account
https://viber.co.jp/app/linkage
https://www.viber.com/howto/security
https://www.viber.com/promotion/desktop
https://support.viber.com/customer/portal/emails/new?type=PC&appid=902&chaturi=%s&reporter=%s
https://media.viber.com/
https://share.cdn.viber.com/pg_download
https://share.cdn.viber.com/group_download
https://secure.viber.com/viber/viber.php?function=DeviceFlags
https://activate.viber.com/viber/activate.php?phn=%s&udid=%s
https://www.viber.com/activate_secondary/?u=%s&k=%s&r=%s
https://config.viber.com/config/android/config.2.2.xml
https://content.cdn.viber.com/stickers/%RES%/%PKG%.zip
https://content.cdn.viber.com/stickers/icons/%RES%_white/Icon_%PKG%.png
https://content.cdn.viber.com/stickers/icons/%RES%_colored/Icon_%PKG%.png
https://content.cdn.viber.com/stickers/icons/600_colored/Icon_%PKG%.png
https://content.cdn.viber.com/stickers/%RES%/%PKG%/%ID%.%EXT%
https://rates.viber.com/get-rates-by-dest?
https://content.cdn.viber.com/backgrounds_v1/Android/bg_thumb.zip
https://content.cdn.viber.com/backgrounds_v1/Android/%RES%/%ID%.jpg
https://content.cdn.viber.com/apps
https://helpme.viber.com/hidden_chat
https://pg.cdn.viber.com/pgws/get_pg_info_by_uris?group_uris=%s&translationLang=%s
https://ads.viber.com/v2/ads/fetch
https://content.cdn.viber.com/
http://pg.cdn.viber.com/pgws/search_g2_by_text?limit=%s&search=%s&sindex=%s
https://www.viber.com/invite/
http://maps.google.com/maps?ll=%s,%s
https://play.google.com/store/search?q=%s&c=apps
https://play.google.com/store/search?q=
http://viber-fake-uri.com/image_id
http://viber-fake-uri.com/image_id
http://viber-fake-uri.com/hd/image_id
http://viber-fake-uri.com/hd/image_id
http://viber-fake-uri.com/media
http://viber-fake-uri.com/media
http://viber-fake-uri.com/newmedia
http://viber-fake-uri.com/newmedia
http://viber-fake-uri.com/gif
http://viber-fake-uri.com/gif
http://viber-fake-uri.com/kesm_img
http://viber-fake-uri.com/kesm_img
http://viber-fake-uri.com/pg
http://viber-fake-uri.com/pg
http://viber-fake-uri.com/shsh_img
http://viber-fake-uri.com/shsh_img
http://vk.com/images/community_50.gif
http://vk.com/images/community_100.gif
http://vk.com/images/s_noalbum.png
http://vk.com/images/m_noalbum.png
http://vk.com/images/x_noalbum.png
http://vk.com/images/camera_c.gif
http://vk.com/images/camera_c.gif
http://vk.com/images/camera_c.gif
http://vk.com/images/camera_b.gif
http://vk.com/images/camera_b.gif
http://vk.com/images/camera_b.gif
http://vk.com/images/camera_a.gif
http://vk.com/images/camera_a.gif
http://vk.com/images/camera_a.gif
https://oauth.vk.com/blank.html
https://oauth.vk.com/blank.html
https://oauth.vk.com/authorize?client_id=%s&scope=%s&redirect_uri=%s&display=mobile&v=%s&response_type=token&revoke=%d
https://a.fortumo.com/
https://a.fortumo.com/
https://a.fortumo.com/
https://viber-883b650a-si.fortumo.io/api/v1/services/
https://api.fortumo.com/
http://pay.fortumo.com/mobile_widget
https://wutlar.fortumo.com/
http://www.
https://www.
http://ciscobinary.openh264.org/download/libopenh264-1.0.0-android19.so.bz2
http://twitter4j.org/en/twitter4j-
http://api.twitter.com/oauth/request_token
http://api.twitter.com/oauth/request_token
http://api.twitter.com/oauth/authorize
http://api.twitter.com/oauth/authorize
http://api.twitter.com/oauth/access_token
http://api.twitter.com/oauth/access_token
http://api.twitter.com/oauth/authenticate
http://api.twitter.com/oauth/authenticate
https://api.twitter.com/oauth2/token
https://api.twitter.com/oauth2/invalidate_token
http://api.twitter.com/1.1/
http://api.twitter.com/1.1/
https://stream.twitter.com/1.1/
https://userstream.twitter.com/1.1/
https://sitestream.twitter.com/1.1/
http://img.ly/api/2/upload.json
https://api.twitter.com/1.1/account/verify_credentials.json
https://api.twitter.com/1.1/account/verify_credentials.json
https://api.twitter.com/1.1/account/verify_credentials.json
https://api.twitter.com/1.1/account/verify_credentials.json
https://api.twitter.com/1.1/account/verify_credentials.json
https://api.mobypicture.com/2.0/upload.json
http://api.plixi.com/api/upload.aspx
http://posterous.com/api2/upload.json
https://api.twitter.com/1/account/verify_credentials.json
https://api.twitter.com/1/account/verify_credentials.json
http://p.twipple.jp/api/upload
http://twitgoo.com/api/uploadAndPost
https://twitpic.com/api/2/upload.json
https://yfrog.com/api/xauth_upload
https://api.twitter.com/1/account/verify_credentials.xml

[INTERNAL_LOG][2018-06-08 01:14:59,517][INFO][find_url_in_apk()] [END ALL URL INSIDE APK]
[INTERNAL_LOG][2018-06-08 01:14:59,529][INFO][check_method_conf()] [JavaScript enabled: True]

[INTERNAL_LOG][2018-06-08 01:14:59,529][INFO][check_method_conf()] [Add interface WebView: True]

[INTERNAL_LOG][2018-06-08 01:14:59,529][INFO][analyze_start()] This app might be not vulnerable on  attack frame confusion.
[INTERNAL_LOG][2018-06-08 01:14:59,529][INFO][analyze_start()] End time:[Fri Jun  8 01:14:59 2018]
