[INTERNAL_LOG][2018-06-08 02:36:51,638][INFO][analyze_start()] Init Time [Fri Jun  8 02:36:51 2018]
[INTERNAL_LOG][2018-06-08 02:36:51,675][INFO][run()] Start Analysis
[INTERNAL_LOG][2018-06-08 02:36:51,676][INFO][is_hybird()] [Permission Enble Start]
[INTERNAL_LOG][2018-06-08 02:36:51,676][INFO][is_hybird()] android.permission.WRITE_EXTERNAL_STORAGE
[INTERNAL_LOG][2018-06-08 02:36:51,676][INFO][is_hybird()] android.permission.RECORD_AUDIO
[INTERNAL_LOG][2018-06-08 02:36:51,676][INFO][is_hybird()] android.permission.INTERNET
[INTERNAL_LOG][2018-06-08 02:36:51,676][INFO][is_hybird()] android.permission.ACCESS_NETWORK_STATE
[INTERNAL_LOG][2018-06-08 02:36:51,676][INFO][is_hybird()] android.permission.WRITE_SETTINGS
[INTERNAL_LOG][2018-06-08 02:36:51,676][INFO][is_hybird()] com.android.vending.BILLING
[INTERNAL_LOG][2018-06-08 02:36:51,676][INFO][is_hybird()] android.permission.WAKE_LOCK
[INTERNAL_LOG][2018-06-08 02:36:51,677][INFO][is_hybird()] android.permission.READ_EXTERNAL_STORAGE
[INTERNAL_LOG][2018-06-08 02:36:51,677][INFO][is_hybird()] android.permission.READ_EXTERNAL_STORAGE
[INTERNAL_LOG][2018-06-08 02:36:51,677][INFO][is_hybird()] com.google.android.finsky.permission.BIND_GET_INSTALL_REFERRER_SERVICE
[INTERNAL_LOG][2018-06-08 02:36:51,677][INFO][is_hybird()] com.google.android.c2dm.permission.RECEIVE
[INTERNAL_LOG][2018-06-08 02:36:51,677][INFO][is_hybird()] com.baviux.voicechanger.permission.C2D_MESSAGE
[INTERNAL_LOG][2018-06-08 02:36:51,677][INFO][is_hybird()] [Permission End]

[INTERNAL_LOG][2018-06-08 02:36:51,677][INFO][analyze_start()] TYPE APK: [ANDROID NATIVE]

[INTERNAL_LOG][2018-06-08 02:36:51,677][INFO][find_string()] [START FILE ANALYZE]
[INTERNAL_LOG][2018-06-08 02:36:51,677][INFO][find_string()] [END ANALYZE FILE]

[INTERNAL_LOG][2018-06-08 02:37:16,518][INFO][find_url_in_apk()] [START ALL URL INSIDE APK]
[INTERNAL_LOG][2018-06-08 02:37:16,518][INFO][find_url_in_apk()] http://schemas.android.com/apk/res/android
http://adservice.google.com/getconfig/pubvendors
http://thevoicechanger.com
http://thevoicechanger.com
http://thevoicechanger.com
http://baviux.com/contact
http://baviux.com/voicechanger-privacy
http://play.google.com/store/apps/details?id=
http://play.google.com/store/apps/details?id=com.baviux.voicechanger
http://baviux.com/images/voicetooner/promodialog/{lang}.png
https://pagead2.googlesyndication.com/pagead/gen_204?id=gmob-apps
https://plus.google.com/
http://www.example.com
http://www.example.com
https://googleads.g.doubleclick.net/mads/static/mad/sdk/native/sdk-core-v40.html
https://googleads.g.doubleclick.net/mads/static/mad/sdk/native/production/sdk-core-v40-impl.js
https://googleads.g.doubleclick.net/mads/static/mad/sdk/native/mraid/v2/mraid_app_banner.js
https://googleads.g.doubleclick.net/mads/static/mad/sdk/native/mraid/v2/mraid_app_expanded_banner.js
https://googleads.g.doubleclick.net/mads/static/mad/sdk/native/mraid/v2/mraid_app_interstitial.js
https://csi.gstatic.com/csi
https://googleads.g.doubleclick.net/mads/static/mad/sdk/native/native_ads.html
https://googleads.g.doubleclick.net/mads/static/mad/sdk/native/production/native_ads.js
https://imasdk.googleapis.com/admob/sdkloader/native_video.html
https://www.google.com/dfp/linkDevice
https://www.google.com/dfp/inAppPreview
https://www.google.com/dfp/debugSignals
https://www.google.com/dfp/sendDebugData
https://pagead2.googlesyndication.com/pagead/gen_204
http://www.google.com
https://support.google.com/dfp_premium/answer/7160685#push
https://app-measurement.com/a
https://config.unityads.unity3d.com/webview/
http://ant.apache.org/
http://www.facebook.com/voicechangerwitheffects
http://xml.org/sax/features/validation
https://www.googleapis.com/auth/games_lite
https://www.googleapis.com/auth/games
http://apache.org/xml/properties/schema/external-schemaLocation
http://java.sun.com/xml/jaxp/properties/schemaLanguage
http://www.w3.org/2001/XMLSchema
http://java.sun.com/xml/jaxp/properties/schemaSource
http://apache.org/xml/features/validation/schema
http://apache.org/xml/properties/schema/external-noNamespaceSchemaLocation
http://xml.org/sax/features/namespaces
http://apache.org/xml/features/validation/schema-full-checking
http://apache.org/xml/features/disallow-doctype-decl
http://www.objectpeople.com/tlwl/dtd/toplink-cmp_2_5_1.dtd
https://www.google.com
http://javax.xml.transform.sax.SAXSource/feature
http://javax.xml.transform.sax.SAXSource/feature
http://files.baviux.com/app-invite-voice-changer-1024.png

[INTERNAL_LOG][2018-06-08 02:37:16,518][INFO][find_url_in_apk()] [END ALL URL INSIDE APK]
[INTERNAL_LOG][2018-06-08 02:37:16,522][INFO][check_method_conf()] [JavaScript enabled: True]

[INTERNAL_LOG][2018-06-08 02:37:16,522][INFO][check_method_conf()] [Add interface WebView: True]

[INTERNAL_LOG][2018-06-08 02:37:16,522][INFO][analyze_start()] This app might be not vulnerable on  attack frame confusion.
[INTERNAL_LOG][2018-06-08 02:37:16,522][INFO][analyze_start()] End time:[Fri Jun  8 02:37:16 2018]
