[INTERNAL_LOG][2018-06-08 04:15:50,910][INFO][analyze_start()] Init Time [Fri Jun  8 04:15:50 2018]
[INTERNAL_LOG][2018-06-08 04:15:51,064][INFO][run()] Start Analysis
[INTERNAL_LOG][2018-06-08 04:15:51,069][INFO][is_hybird()] [Permission Enble Start]
[INTERNAL_LOG][2018-06-08 04:15:51,070][INFO][is_hybird()] com.zynga.words.permission.C2D_MESSAGE
[INTERNAL_LOG][2018-06-08 04:15:51,070][INFO][is_hybird()] com.zynga.words.permission.RECEIVE_ADM_MESSAGE
[INTERNAL_LOG][2018-06-08 04:15:51,070][INFO][is_hybird()] com.android.launcher.permission.INSTALL_SHORTCUT
[INTERNAL_LOG][2018-06-08 04:15:51,070][INFO][is_hybird()] com.amazon.device.messaging.permission.RECEIVE
[INTERNAL_LOG][2018-06-08 04:15:51,070][INFO][is_hybird()] android.permission.INTERNET
[INTERNAL_LOG][2018-06-08 04:15:51,070][INFO][is_hybird()] android.permission.ACCESS_WIFI_STATE
[INTERNAL_LOG][2018-06-08 04:15:51,070][INFO][is_hybird()] android.permission.ACCESS_NETWORK_STATE
[INTERNAL_LOG][2018-06-08 04:15:51,070][INFO][is_hybird()] android.permission.VIBRATE
[INTERNAL_LOG][2018-06-08 04:15:51,070][INFO][is_hybird()] com.android.vending.BILLING
[INTERNAL_LOG][2018-06-08 04:15:51,070][INFO][is_hybird()] android.permission.WAKE_LOCK
[INTERNAL_LOG][2018-06-08 04:15:51,070][INFO][is_hybird()] android.permission.READ_PROFILE
[INTERNAL_LOG][2018-06-08 04:15:51,070][INFO][is_hybird()] com.google.android.c2dm.permission.RECEIVE
[INTERNAL_LOG][2018-06-08 04:15:51,070][INFO][is_hybird()] android.permission.READ_CONTACTS
[INTERNAL_LOG][2018-06-08 04:15:51,070][INFO][is_hybird()] android.permission.GET_ACCOUNTS
[INTERNAL_LOG][2018-06-08 04:15:51,070][INFO][is_hybird()] android.permission.AUTHENTICATE_ACCOUNTS
[INTERNAL_LOG][2018-06-08 04:15:51,070][INFO][is_hybird()] android.permission.USE_CREDENTIALS
[INTERNAL_LOG][2018-06-08 04:15:51,070][INFO][is_hybird()] com.sec.android.provider.badge.permission.READ
[INTERNAL_LOG][2018-06-08 04:15:51,070][INFO][is_hybird()] com.sec.android.provider.badge.permission.WRITE
[INTERNAL_LOG][2018-06-08 04:15:51,070][INFO][is_hybird()] com.htc.launcher.permission.READ_SETTINGS
[INTERNAL_LOG][2018-06-08 04:15:51,070][INFO][is_hybird()] com.htc.launcher.permission.UPDATE_SHORTCUT
[INTERNAL_LOG][2018-06-08 04:15:51,071][INFO][is_hybird()] com.sonyericsson.home.permission.BROADCAST_BADGE
[INTERNAL_LOG][2018-06-08 04:15:51,071][INFO][is_hybird()] com.sonymobile.home.permission.PROVIDER_INSERT_BADGE
[INTERNAL_LOG][2018-06-08 04:15:51,071][INFO][is_hybird()] com.anddoes.launcher.permission.UPDATE_COUNT
[INTERNAL_LOG][2018-06-08 04:15:51,071][INFO][is_hybird()] com.majeur.launcher.permission.UPDATE_BADGE
[INTERNAL_LOG][2018-06-08 04:15:51,071][INFO][is_hybird()] com.huawei.android.launcher.permission.CHANGE_BADGE
[INTERNAL_LOG][2018-06-08 04:15:51,071][INFO][is_hybird()] com.huawei.android.launcher.permission.READ_SETTINGS
[INTERNAL_LOG][2018-06-08 04:15:51,071][INFO][is_hybird()] com.huawei.android.launcher.permission.WRITE_SETTINGS
[INTERNAL_LOG][2018-06-08 04:15:51,071][INFO][is_hybird()] android.permission.READ_APP_BADGE
[INTERNAL_LOG][2018-06-08 04:15:51,071][INFO][is_hybird()] com.oppo.launcher.permission.READ_SETTINGS
[INTERNAL_LOG][2018-06-08 04:15:51,071][INFO][is_hybird()] com.oppo.launcher.permission.WRITE_SETTINGS
[INTERNAL_LOG][2018-06-08 04:15:51,071][INFO][is_hybird()] me.everything.badger.permission.BADGE_COUNT_READ
[INTERNAL_LOG][2018-06-08 04:15:51,071][INFO][is_hybird()] me.everything.badger.permission.BADGE_COUNT_WRITE
[INTERNAL_LOG][2018-06-08 04:15:51,071][INFO][is_hybird()] android.permission.WRITE_EXTERNAL_STORAGE
[INTERNAL_LOG][2018-06-08 04:15:51,071][INFO][is_hybird()] android.permission.READ_EXTERNAL_STORAGE
[INTERNAL_LOG][2018-06-08 04:15:51,071][INFO][is_hybird()] [Permission End]

[INTERNAL_LOG][2018-06-08 04:15:51,071][INFO][analyze_start()] TYPE APK: [ANDROID NATIVE]

[INTERNAL_LOG][2018-06-08 04:15:51,071][INFO][find_string()] [START FILE ANALYZE]
[INTERNAL_LOG][2018-06-08 04:15:51,071][INFO][find_string()] File: assets/format.html
[INTERNAL_LOG][2018-06-08 04:15:51,072][INFO][find_string()] No iframe in assets/format.html
[INTERNAL_LOG][2018-06-08 04:15:51,072][INFO][find_string()] File: res/raw/w2e_congrats.html
[INTERNAL_LOG][2018-06-08 04:15:51,074][INFO][find_string()] No iframe in res/raw/w2e_congrats.html
[INTERNAL_LOG][2018-06-08 04:15:51,074][INFO][find_string()] File: res/raw/w2e_congrats_default.html
[INTERNAL_LOG][2018-06-08 04:15:51,077][INFO][find_string()] No iframe in res/raw/w2e_congrats_default.html
[INTERNAL_LOG][2018-06-08 04:15:51,077][INFO][find_string()] [END ANALYZE FILE]

[INTERNAL_LOG][2018-06-08 04:17:59,163][INFO][find_url_in_apk()] [START URL LOADED INSIDE LOAD FUNCTION]
[INTERNAL_LOG][2018-06-08 04:17:59,163][INFO][find_url_in_apk()] http://wordswithfriends.zyngawithfriends.com/sms_invite?game_type=WordGame&sendkey=

[INTERNAL_LOG][2018-06-08 04:17:59,163][INFO][find_url_in_apk()] [END URL LOADED INSIDE LOAD FUNCTION]
[INTERNAL_LOG][2018-06-08 04:18:00,242][INFO][find_string()] [START REMOTE FILE ANALYZE]
[INTERNAL_LOG][2018-06-08 04:18:00,243][INFO][find_string()] Remote File in: temp_html_code/html_downloaded_Words With Friends Classic by Zynga - com/sms_invite?game_type=WordGame&sendkey=
[INTERNAL_LOG][2018-06-08 04:18:00,243][INFO][find_string()] URL: http://wordswithfriends.zyngawithfriends.com/sms_invite?game_type=WordGame&sendkey=
[INTERNAL_LOG][2018-06-08 04:18:00,273][INFO][find_string()] No iframe in temp_html_code/html_downloaded_Words With Friends Classic by Zynga - com/sms_invite?game_type=WordGame&sendkey=
[INTERNAL_LOG][2018-06-08 04:18:00,273][INFO][find_string()] [END ANALYZE FILE]

[INTERNAL_LOG][2018-06-08 04:18:00,273][INFO][find_url_in_apk()] [START ALL URL INSIDE APK]
[INTERNAL_LOG][2018-06-08 04:18:00,273][INFO][find_url_in_apk()] http://schemas.dtb.amazon.com/apk/res/android
http://schemas.applovin.com/android/1.0
http://schemas.applovin.com/android/1.0
https://d.applovin.com/
https://a.applovin.com/
https://rt.applovin.com/med
https://rt.applovin.com/pix
https://d.applvn.com/
https://a.applvn.com/
https://rt.applvn.com/pix
https://vid.applovin.com/,https://pdn.applovin.com/,https://img.applovin.com/,https://d.applovin.com/,https://assets.applovin.com/,https://cdnjs.cloudflare.com/,http://vid.applovin.com/,http://pdn.applovin.com/,http://img.applovin.com/,http://d.applovin.com/,http://assets.applovin.com/,http://cdnjs.cloudflare.com/
https://www.facebook.com/
https://www.%s.facebook.com
https://www.googleapis.com/auth/games
http://www.example.com
http://www.example.com
https://googleads.g.doubleclick.net/mads/static/mad/sdk/native/sdk-core-v40.html
https://googleads.g.doubleclick.net/mads/static/mad/sdk/native/mraid/v2/mraid_app_banner.js
https://googleads.g.doubleclick.net/mads/static/mad/sdk/native/mraid/v2/mraid_app_expanded_banner.js
https://googleads.g.doubleclick.net/mads/static/mad/sdk/native/mraid/v2/mraid_app_interstitial.js
https://csi.gstatic.com/csi
https://googleads.g.doubleclick.net/mads/static/mad/sdk/native/native_ads.html
https://googleads.g.doubleclick.net/mads/static/mad/sdk/native/native_video_ads.html
https://www.google.com/dfp/linkDevice
https://www.google.com/dfp/inAppPreview
https://www.google.com/dfp/debugSignals
https://www.google.com/dfp/sendDebugData
http://schemas.android.com/apk/lib/com.inmobi.ads
http://schemas.android.com/apk/lib/com.inmobi.ads
http://i.w.inmobi.com/showad.asm
https://sdktm.w.inmobi.com/sdkpubreq
http://xmlpull.org/v1/doc/features.html#process-namespaces
http://xmlpull.org/v1/doc/features.html#process-namespaces
https://sejs.moatads.com/
https://s3.amazonaws.com/
https://api.safedk.com
https://config.safedk.com/
https://a.applovin.com/3.0/ad
http://a.applovin.com/2.0/ad
https://a.applovin.com/2.0/ad
http://a.applovin.com/nad
https://graph.facebook.com/network_ads_common
https://graph.facebook.com/network_ads_common
https://www.facebook.com/adnw_logging
http://ads.mopub.com/m/ad
https://play.google.com/store/apps/details?id=
https://play.google.com/store/apps/details?id=
https://www.amazon.com/gp/mas/dl/android?p=
https://www.amazon.com/gp/mas/dl/android?p=
https://www.samsungapps.com/appquery/appDetail.as?appId=
http://lol.vungle.com/
http://wtf
http://wtf
https://wordswithfriends.zyngawithfriends.com
https://wordswithfriends.zyngawithfriends.com
https://wordswithfriends.zyngawithfriends.com
https://play.google.com/store/apps/details?id=%s
http://play.google.com/store/apps/details?id=
http://play.google.com/store/apps/details?id=
http://example.com/
http://zynga1-a.akamaihd.net/zmedia/image/8dff834fe0886467bee6b8f07c924b981c0c1136:0:1679009524
http://localhost/
http://localhost/
http://localhost/
https://debug.aerserv.com/sybok/analytics
https://ads.aerserv.com/as/sdk/v2/
https://ads.aerserv.com/as/sdk/v2/
https://ads.aerserv.com/as/sdk/v2/
https://ads.aerserv.com/as/sdk/v2/
http://www.amazon.com/gp/mas/get-appstore/android/ref=mas_mx_mba_iap_dl
http://www.amazon.com/gp/mas/get-appstore/android/ref=mas_mx_mba_iap_dl
http://play.google.com/store/apps/
http://play.google.com/store/apps/details?id=com.facebook.orca
https://proton.flurry.com/sdk/v1/config
https://data.flurry.com/pcr.do
https://pagead2.googlesyndication.com/pagead/gen_204?id=gmob-apps
https://www.facebook.com/dialog/feed?app_id=181821551957328&link=
https://m.google.com/app/plus/x/?v=compose&content=
http://twitter.com/home?status=
https://z.moatads.com/
https://z.moatads.com/
https://z.moatads.com/
https://z.moatads.com/
https://www.mopub.com/optout
https://www.mopub.com/optout/
https://www.mopub.com/optout/
http://www.zyngawithfriends.com/newwordswithfriends/support/Words_With_Friends_Support.php
http://xwf.zyngawithfriends.com/patcher/xwf/android/patchable_2012_11_16-14_17
http://graph.facebook.com/
http://graph.facebook.com/
http://graph.facebook.com/
https://app.adjust.com
https://app.adjust.com
https://dmp.aerserv.com/update
https://ads.aerserv.com/as/sdk/configure/
https://facebook.com
https://adlog.flurry.com
http://adlog.flurry.com
https://www.tumblr.com/oauth/access_token
https://www.tumblr.com/oauth/authorize?oauth_token=%s
https://api.tumblr.com/v2/blog/
https://api.tumblr.com/v2/blog/
https://www.tumblr.com/oauth/request_token
https://api.tumblr.com/v2/user/info
http://www.tumblr.com/connect/login_success.html
https://ads.flurry.com/v16/getAds.do
http://ads.flurry.com/v16/getAds.do
https://data.flurry.com/aap.do
http://data.flurry.com/aap.do
https://cdn.flurry.com/vast/videocontrols/v2/android.zip
https://support.google.com/dfp_premium/answer/7160685#push
http://config.inmobi.com/config-server/v1/config/secure.cfg
http://dock.inmobi.com/carb/v1/i
http://dock.inmobi.com/carb/v1/o
https://sdkm.w.inmobi.com/user/e.asm
https://mobile-static.adsafeprotected.com/avid-v2.js
https://mobile-static.adsafeprotected.com/avid-v2.js
https://twitter.com/%s/status/%s
https://www.vungle.com/privacy/
https://www.vungle.com/privacy/
http://static.zyngawithfriends.zgncdn.com/cdn-cache/bda/03833079.login_icon@2x.png
http://static.zyngawithfriends.zgncdn.com/cdn-cache/bda/03833079.login_icon@2x.png
https://bnc.lt/a/
http://schemas.android.com/apk/res/android
https://api.branch.io/
https://debug.aerserv.com/sybok/
https://d3tplke66d0j4g.cloudfront.net/sdk-vpaid/0.3/VPAID.html
https://d3tplke66d0j4g.cloudfront.net/sdk-vpaid/0.3/VPAID.js
https://d3tplke66d0j4g.cloudfront.net/sdk-vpaid/0.3/VPAIDBridge.js
https://d3tplke66d0j4g.cloudfront.net/img/poster.gif
https://graph.%s.facebook.com/network_ads_common
https://www.facebook.com/adnw_logging/
https://www.%s.facebook.com/adnw_logging/
http://www.facebook.com
http://schemas.microsoft.com/DRM/2007/03/protocols/AcquireLicense
https://plus.google.com/
https://pagead2.googlesyndication.com/pagead/gen_204
http://www.google.com
https://app-measurement.com/a
https://www.google.com
https://i.l.inmobicdn.net/sdk/sdk/500/android/mraid.js
http://www.inmobi.com/products/sdk/#downloads
https://sdkm.w.inmobi.com/metrics/e.asm?v=1&
https://ads.nexage.com
https://analytics.mopub.com/i/jot/exchange_client_event
https://api.zynga.com
https://api.zynga.com
http://apps.facebook.com/wordswithfriends
http://wordswithfriends.zyngawithfriends.com/sms_invite?game_type=WordGame&sendkey=
http://wordswithfriends.zyngawithfriends.com/sms_invite?game_type=WordGame&sendkey=
http://wordswithfriends.zyngawithfriends.com/sms_invite?game_type=WordGame&sendkey=
http://gameswithfriends.zyngawithfriends.com
http://gameswithfriends.zyngawithfriends.com
http://gameswithfriends.zyngawithfriends.com
http://gameswithfriends.zyngawithfriends.com
https://wordswithfriends
https://zdnzwf-a.akamaihd.net/wwf/badges/
http://www.zyngawithfriends.com/newwordswithfriends/support/WWF_WeeklyChallenge.html
http://www.zyngawithfriends.com/newwordswithfriends/support-es/WWF_WeeklyChallenge.html
http://www.zyngawithfriends.com/newwordswithfriends/support-it/WWF_WeeklyChallenge.html
http://www.zyngawithfriends.com/newwordswithfriends/support-pt/WWF_WeeklyChallenge.html
http://www.zyngawithfriends.com/newwordswithfriends/support-fr/WWF_WeeklyChallenge.html
http://www.zyngawithfriends.com/newwordswithfriends/support-de/WWF_WeeklyChallenge.html
http://www.zyngawithfriends.com/newwordswithfriends/support-gb/WWF_WeeklyChallenge.html
https://zdnzwf-a.akamaihd.net/wwf/profile_frames/
https://zdnzwf-a.akamaihd.net/wwf/store_banner/
https://zdnzwf-a.akamaihd.net/wwf/Stickers/
http://bit.ly/1Pr8Qg1
https://words2.zynga.my/2kj6MUX
https://words2.zynga.my/2fGnKr9
https://words2.zynga.my/2yl9rDR
http://www.youtube.com/watch?v=
http://www.youtube.com/embed/
https://wordswithfriends.zyngawithfriends.com/
https://wordswithfriends.zyngawithfriends.com/
https://wordswithfriends.zyngawithfriends.com/
https://e.crashlytics.com/spi/v2/events
https://settings.crashlytics.com/spi/v2/platforms/android/apps/%s/settings
https://staging.ads.aerserv.com/as/sdk/v2/
https://staging.ads.aerserv.com/as/sdk/v2/
https://www.facebook.com/audience_network/server_side_reward
https://www.%s.facebook.com/audience_network/server_side_reward
https://graph.%s
https://graph-video.%s
http://www.w3.org/ns/ttml#parameter
https://api.vungle.com/api/v4/
https://ingest.vungle.com/
http://graph.facebook.com//
https://m.zynga.com/privacy/privacyville

[INTERNAL_LOG][2018-06-08 04:18:00,274][INFO][find_url_in_apk()] [END ALL URL INSIDE APK]
[INTERNAL_LOG][2018-06-08 04:18:00,288][INFO][check_method_conf()] [JavaScript enabled: True]

[INTERNAL_LOG][2018-06-08 04:18:00,288][INFO][check_method_conf()] [Add interface WebView: True]

[INTERNAL_LOG][2018-06-08 04:18:00,288][INFO][analyze_start()] This app might be not vulnerable on  attack frame confusion.
[INTERNAL_LOG][2018-06-08 04:18:00,288][INFO][analyze_start()] End time:[Fri Jun  8 04:18:00 2018]
