[INTERNAL_LOG][2018-06-07 23:21:47,051][INFO][analyze_start()] Init Time [Thu Jun  7 23:21:47 2018]
[INTERNAL_LOG][2018-06-07 23:21:47,247][INFO][run()] Start Analysis
[INTERNAL_LOG][2018-06-07 23:21:47,254][INFO][is_hybird()] [Permission Enble Start]
[INTERNAL_LOG][2018-06-07 23:21:47,254][INFO][is_hybird()] com.android.vending.BILLING
[INTERNAL_LOG][2018-06-07 23:21:47,254][INFO][is_hybird()] android.permission.INTERNET
[INTERNAL_LOG][2018-06-07 23:21:47,254][INFO][is_hybird()] android.permission.ACCESS_WIFI_STATE
[INTERNAL_LOG][2018-06-07 23:21:47,254][INFO][is_hybird()] android.permission.CHANGE_WIFI_STATE
[INTERNAL_LOG][2018-06-07 23:21:47,254][INFO][is_hybird()] android.permission.CHANGE_NETWORK_STATE
[INTERNAL_LOG][2018-06-07 23:21:47,254][INFO][is_hybird()] android.permission.WRITE_EXTERNAL_STORAGE
[INTERNAL_LOG][2018-06-07 23:21:47,254][INFO][is_hybird()] android.permission.READ_EXTERNAL_STORAGE
[INTERNAL_LOG][2018-06-07 23:21:47,254][INFO][is_hybird()] android.permission.ACCESS_NETWORK_STATE
[INTERNAL_LOG][2018-06-07 23:21:47,254][INFO][is_hybird()] android.permission.GET_ACCOUNTS
[INTERNAL_LOG][2018-06-07 23:21:47,254][INFO][is_hybird()] android.permission.CAMERA
[INTERNAL_LOG][2018-06-07 23:21:47,254][INFO][is_hybird()] android.permission.ACCESS_FINE_LOCATION
[INTERNAL_LOG][2018-06-07 23:21:47,254][INFO][is_hybird()] android.permission.WAKE_LOCK
[INTERNAL_LOG][2018-06-07 23:21:47,254][INFO][is_hybird()] android.permission.SYSTEM_ALERT_WINDOW
[INTERNAL_LOG][2018-06-07 23:21:47,255][INFO][is_hybird()] com.android.launcher.permission.INSTALL_SHORTCUT
[INTERNAL_LOG][2018-06-07 23:21:47,255][INFO][is_hybird()] com.android.launcher.permission.UNINSTALL_SHORTCUT
[INTERNAL_LOG][2018-06-07 23:21:47,255][INFO][is_hybird()] android.permission.NFC
[INTERNAL_LOG][2018-06-07 23:21:47,255][INFO][is_hybird()] com.google.android.c2dm.permission.RECEIVE
[INTERNAL_LOG][2018-06-07 23:21:47,255][INFO][is_hybird()] cn.wps.moffice_eng.permission.C2D_MESSAGE
[INTERNAL_LOG][2018-06-07 23:21:47,255][INFO][is_hybird()] com.google.android.providers.gsf.permission.READ_GSERVICES
[INTERNAL_LOG][2018-06-07 23:21:47,255][INFO][is_hybird()] [Permission End]

[INTERNAL_LOG][2018-06-07 23:21:47,255][INFO][analyze_start()] TYPE APK: [ANDROID NATIVE]

[INTERNAL_LOG][2018-06-07 23:21:47,255][INFO][find_string()] [START FILE ANALYZE]
[INTERNAL_LOG][2018-06-07 23:21:47,255][INFO][find_string()] File: assets/template/html/view/index.html
[INTERNAL_LOG][2018-06-07 23:21:47,629][INFO][find_string()] No iframe in assets/template/html/view/index.html
[INTERNAL_LOG][2018-06-07 23:21:47,649][INFO][find_string()] File: assets/template/html/view/my.html
[INTERNAL_LOG][2018-06-07 23:21:47,865][INFO][find_string()] No iframe in assets/template/html/view/my.html
[INTERNAL_LOG][2018-06-07 23:21:47,865][INFO][find_string()] File: assets/template/html/view/preview.html
[INTERNAL_LOG][2018-06-07 23:21:47,867][INFO][find_string()] No iframe in assets/template/html/view/preview.html
[INTERNAL_LOG][2018-06-07 23:21:47,867][INFO][find_string()] File: assets/theme/html/view/index.html
[INTERNAL_LOG][2018-06-07 23:21:47,869][INFO][find_string()] Found in file assets/theme/html/view/index.html tag iframe , 2 times
[INTERNAL_LOG][2018-06-07 23:21:47,869][INFO][find_string()] No CSP found!
[INTERNAL_LOG][2018-06-07 23:21:47,870][INFO][find_string()] File: assets/theme/html/view/preview.html
[INTERNAL_LOG][2018-06-07 23:21:47,871][INFO][find_string()] No iframe in assets/theme/html/view/preview.html
[INTERNAL_LOG][2018-06-07 23:21:47,871][INFO][find_string()] [END ANALYZE FILE]

[INTERNAL_LOG][2018-06-07 23:24:25,479][INFO][find_url_in_apk()] [START URL LOADED INSIDE LOAD FUNCTION]
[INTERNAL_LOG][2018-06-07 23:24:25,486][INFO][find_url_in_apk()] https://vip.wps.cn/static/lezhuan/
http://qzs.qq.com/open/mobile/login/qzsjump.html?
http://www.google.com/cloudprint/dialog.html
http://www.google.com/cloudprint/dialog.html
https://www.google.com/cloudprint/dialog.html
https://www.google.com/cloudprint/dialog.html
https://www.google.com/cloudprint/learn/

[INTERNAL_LOG][2018-06-07 23:24:25,486][INFO][find_url_in_apk()] [END URL LOADED INSIDE LOAD FUNCTION]
[INTERNAL_LOG][2018-06-07 23:24:26,576][ERROR][download_page_loaded()] Failed download: https://vip.wps.cn/static/lezhuan/ for exception [Errno 21] Is a directory: 'temp_html_code/html_downloaded_WPS Office - Word_ Docs_ PDF_ Note_ Slide _ Sheet by Kingsoft Office Software Corporation Limited - cn/'
[INTERNAL_LOG][2018-06-07 23:24:28,807][ERROR][download_page_loaded()] Failed download: https://www.google.com/cloudprint/learn/ for exception [Errno 21] Is a directory: 'temp_html_code/html_downloaded_WPS Office - Word_ Docs_ PDF_ Note_ Slide _ Sheet by Kingsoft Office Software Corporation Limited - cn/'
[INTERNAL_LOG][2018-06-07 23:24:28,808][INFO][find_string()] [START REMOTE FILE ANALYZE]
[INTERNAL_LOG][2018-06-07 23:24:28,808][INFO][find_string()] Remote File in: temp_html_code/html_downloaded_WPS Office - Word_ Docs_ PDF_ Note_ Slide _ Sheet by Kingsoft Office Software Corporation Limited - cn/qzsjump.html?
[INTERNAL_LOG][2018-06-07 23:24:28,809][INFO][find_string()] URL: http://qzs.qq.com/open/mobile/login/qzsjump.html?
[INTERNAL_LOG][2018-06-07 23:24:28,813][INFO][find_string()] Found in file temp_html_code/html_downloaded_WPS Office - Word_ Docs_ PDF_ Note_ Slide _ Sheet by Kingsoft Office Software Corporation Limited - cn/qzsjump.html? tag iframe , 1 times
[INTERNAL_LOG][2018-06-07 23:24:28,815][INFO][find_string()] No CSP found!
[INTERNAL_LOG][2018-06-07 23:24:28,815][INFO][find_string()] Remote File in: temp_html_code/html_downloaded_WPS Office - Word_ Docs_ PDF_ Note_ Slide _ Sheet by Kingsoft Office Software Corporation Limited - cn/dialog.html
[INTERNAL_LOG][2018-06-07 23:24:28,815][INFO][find_string()] URL: https://www.google.com/cloudprint/dialog.html
[INTERNAL_LOG][2018-06-07 23:24:28,831][INFO][find_string()] No iframe in temp_html_code/html_downloaded_WPS Office - Word_ Docs_ PDF_ Note_ Slide _ Sheet by Kingsoft Office Software Corporation Limited - cn/dialog.html
[INTERNAL_LOG][2018-06-07 23:24:28,831][INFO][find_string()] [END ANALYZE FILE]

[INTERNAL_LOG][2018-06-07 23:24:28,831][INFO][find_url_in_apk()] [START ALL URL INSIDE APK]
[INTERNAL_LOG][2018-06-07 23:24:28,832][INFO][find_url_in_apk()] http://pdf2doc.wps.cn:80
http://pdf2doc.wps.com:80
http://dcapi.wps.cn:80
https://moapi.wps.cn/sign/api/user/isreg
https://moapi.wps.cn/sign/api/file/upload
https://moapi.wps.cn/sign/api/file/sign
https://moapi.wps.cn/sign/api/file/verify
https://www.googleapis.com/auth/drive
https://www.googleapis.com/auth/drive.metadata
https://www.googleapis.com/auth/drive.file
https://user.weiyun.com/twoa/v1/auth/authorize?client_id=iciY14xT8lJF0SrlfvIhuTD36VeOkm9R&redirect_uri=wps-office-android://www.wps.cn:12345&response_type=code&state=wps_weiyun_login_state&login_type=
https://user.weiyun.com/twoa/v1/users/get_info
https://user.weiyun.com/twoa/v1/dirs/
https://user.weiyun.com/twoa/v1/dirs/
https://user.weiyun.com/twoa/v1/files/
https://user.weiyun.com/twoa/v1/files/
https://user.weiyun.com/twoa/v1/files/
https://user.weiyun.com/twoa/v1/files/
https://user.weiyun.com/twoa/v1/auth/authorize?client_id=iciY14xT8lJF0SrlfvIhuTD36VeOkm9R&redirect_uri=wps-office-android://www.wps.cn:12345&response_type=code&state=wps_weiyun_login_state
https://user.weiyun.com/twoa/v1/auth/refresh_token?client_id=iciY14xT8lJF0SrlfvIhuTD36VeOkm9R&client_secret=26gJq9sDVHHxVUrAJy0COQ196v0EVXaW&refresh_token=
https://user.weiyun.com/twoa/v1/auth/token?client_id=iciY14xT8lJF0SrlfvIhuTD36VeOkm9R&client_secret=26gJq9sDVHHxVUrAJy0COQ196v0EVXaW&grant_type=authorization_code&code=
https://oauth.constantcontact.com/ws/oauth/access_token
https://oauth.constantcontact.com/ws/oauth/confirm_access?oauth_token=%s
https://oauth.constantcontact.com/ws/oauth/request_token
http://services.digg.com/oauth/access_token
http://digg.com/oauth/authorize?oauth_token=%s
http://services.digg.com/oauth/request_token
https://api.dropbox.com/1/oauth/access_token
https://www.dropbox.com/1/oauth/authorize?oauth_token=
https://api.dropbox.com/1/oauth/request_token
https://www.evernote.com/oauth
https://www.evernote.com/oauth
https://www.evernote.com/OAuth.action?oauth_token=%s
https://sandbox.evernote.com/oauth
https://sandbox.evernote.com/oauth
https://sandbox.evernote.com/OAuth.action?oauth_token=%s
https://graph.facebook.com/oauth/access_token
https://www.facebook.com/dialog/oauth?client_id=%s&redirect_uri=%s&scope=%s
https://www.facebook.com/dialog/oauth?client_id=%s&redirect_uri=%s
http://www.flickr.com/services/oauth/access_token
http://www.flickr.com/services/oauth/authorize?oauth_token=
http://www.flickr.com/services/oauth/request_token
https://foursquare.com/oauth2/access_token?grant_type=authorization_code
https://foursquare.com/oauth2/authenticate?client_id=%s&response_type=code&redirect_uri=%s
http://foursquare.com/oauth/access_token
http://foursquare.com/oauth/authorize?oauth_token=%s
http://foursquare.com/oauth/request_token
http://api.freelancer.com/RequestAccessToken/requestAccessToken.xml?
http://www.freelancer.com/users/api-token/auth.php?oauth_token=%s
http://api.freelancer.com/RequestRequestToken/requestRequestToken.xml
http://api.sandbox.freelancer.com/RequestAccessToken/requestAccessToken.xml?
http://www.sandbox.freelancer.com/users/api-token/auth.php?oauth_token=%s
http://api.sandbox.freelancer.com/RequestRequestToken/requestRequestToken.xml
https://api.getglue.com/oauth/access_token
http://getglue.com/oauth/authorize?oauth_token=%s
https://api.getglue.com/oauth/request_token
https://www.google.com/accounts/OAuthGetAccessToken
https://www.google.com/accounts/OAuthAuthorizeToken?oauth_token=%s
https://www.google.com/accounts/OAuthGetRequestToken
https://api.imgur.com/oauth/access_token
https://api.imgur.com/oauth/authorize?oauth_token=%s
https://api.imgur.com/oauth/request_token
https://api.kaixin001.com/oauth2/access_token?grant_type=authorization_code
http://api.kaixin001.com/oauth2/authorize?client_id=%s&redirect_uri=%s&response_type=code&scope=%s
http://api.kaixin001.com/oauth2/authorize?client_id=%s&redirect_uri=%s&response_type=code
http://api.kaixin001.com/oauth/access_token
http://api.kaixin001.com/oauth/authorize?oauth_token=%s
http://api.kaixin001.com/oauth/request_token
https://api.linkedin.com/uas/oauth/accessToken
https://api.linkedin.com/uas/oauth/authorize?oauth_token=%s
https://api.linkedin.com/uas/oauth/requestToken
https://oauth.live.com/token?grant_type=authorization_code
https://oauth.live.com/authorize?client_id=%s&redirect_uri=%s&response_type=code&scope=%s
https://oauth.live.com/authorize?client_id=%s&redirect_uri=%s&response_type=code
http://openapi.lovefilm.com/oauth/access_token
https://www.lovefilm.com/activate?oauth_token=%s
http://openapi.lovefilm.com/oauth/request_token
http://api.meetup.com/oauth/access/
http://www.meetup.com/authenticate?oauth_token=%s
http://api.meetup.com/oauth/request/
http://gomiso.com/oauth/access_token
http://gomiso.com/oauth/authorize?oauth_token=%s
http://gomiso.com/oauth/request_token
https://api.netprospex.com/1.0/oauth/access-token
https://api.netprospex.com/1.0/oauth/authorize?oauth_token=%s
https://api.netprospex.com/1.0/oauth/request-token
http://api.t.163.com/oauth/access_token
http://api.t.163.com/oauth/authenticate?oauth_token=%s
http://api.t.163.com/oauth/authorize?oauth_token=%s
http://api.t.163.com/oauth/request_token
http://www.plurk.com/OAuth/access_token
http://www.plurk.com/OAuth/authorize?oauth_token=%s
http://www.plurk.com/OAuth/request_token
http://www.plurk.com/m/authorize?oauth_token=%s
https://api.500px.com/v1/oauth/access_token
https://api.500px.com/v1/oauth/authorize?oauth_token=%s
https://api.500px.com/v1/oauth/request_token
https://open.t.qq.com/cgi-bin/access_token
https://open.t.qq.com/cgi-bin/authorize?oauth_token=%s
https://open.t.qq.com/cgi-bin/request_token
https://graph.renren.com/oauth/token?grant_type=authorization_code
https://graph.renren.com/oauth/authorize?client_id=%s&redirect_uri=%s&response_type=code&scope=%s
https://graph.renren.com/oauth/authorize?client_id=%s&redirect_uri=%s&response_type=code
https://id.sapo.pt/oauth/access_token
https://id.sapo.pt/oauth/authorize?oauth_token=%s
https://id.sapo.pt/oauth/request_token
https://api.weibo.com/oauth2/access_token?grant_type=authorization_code
https://api.weibo.com/oauth2/authorize?client_id=%s&redirect_uri=%s&response_type=code&scope=%s
https://api.weibo.com/oauth2/authorize?client_id=%s&redirect_uri=%s&response_type=code
http://api.t.sina.com.cn/oauth/access_token
http://api.t.sina.com.cn/oauth/authorize?oauth_token=%s
http://api.t.sina.com.cn/oauth/request_token
https://api.skyrock.com/v2/oauth/token
https://api.skyrock.com/v2/oauth/authorize?oauth_token=%s
https://api.skyrock.com/v2/oauth/initiate
http://api.t.sohu.com/oauth/access_token
http://api.t.sohu.com/oauth/authorize?oauth_token=%s
http://api.t.sohu.com/oauth/request_token
http://www.tumblr.com/oauth/access_token
https://www.tumblr.com/oauth/authorize?oauth_token=%s
http://www.tumblr.com/oauth/request_token
http://api.twitter.com/oauth/access_token
https://api.twitter.com/oauth/authorize?oauth_token=%s
http://api.twitter.com/oauth/request_token
https://api.twitter.com/oauth/access_token
https://api.twitter.com/oauth/request_token
https://api.twitter.com/oauth/authenticate?oauth_token=%s
http://vimeo.com/oauth/access_token
http://vimeo.com/oauth/authorize?oauth_token=%s
http://vimeo.com/oauth/request_token
https://api.vkontakte.ru/oauth/authorize?client_id=%s&redirect_uri=%s&response_type=code
https://api.vkontakte.ru/oauth/authorize?client_id=%s&redirect_uri=%s&response_type=code
https://api.vkontakte.ru/oauth/access_token
https://api.login.yahoo.com/oauth/v2/get_token
https://api.login.yahoo.com/oauth/v2/request_auth?oauth_token=%s
https://api.login.yahoo.com/oauth/v2/get_request_token
https://www.yammer.com/oauth/access_token
https://www.yammer.com/oauth/request_token
https://app.yinxiang.com/oauth
https://app.yinxiang.com/oauth
https://app.yinxiang.com/OAuth.action?oauth_token=%s
https://www.googleapis.com/
https://apis.live.net/v5.0
https://login.live.com/oauth20_authorize.srf
https://login.live.com/oauth20_desktop.srf
https://login.live.com/oauth20_logout.srf
https://login.live.com/oauth20_token.srf
http://www.w3.org/XML/1998/namespace
http://www.w3.org/XML/1998/namespace
http://www.w3.org/XML/1998/namespace
http://www.w3.org/XML/1998/namespace
http://www.w3.org/XML/1998/namespace
http://www.w3.org/XML/1998/namespace
http://www.w3.org/XML/1998/namespace
http://schemas.openxmlformats.org/drawingml/2006/table
http://schemas.openxmlformats.org/officeDocument/2006/relationships
http://schemas.openxmlformats.org/officeDocument/2006/relationships
http://schemas.openxmlformats.org/officeDocument/2006/relationships
http://schemas.openxmlformats.org/officeDocument/2006/relationships
http://schemas.openxmlformats.org/officeDocument/2006/relationships
http://schemas.openxmlformats.org/officeDocument/2006/relationships
http://schemas.openxmlformats.org/officeDocument/2006/relationships
http://schemas.openxmlformats.org/officeDocument/2006/relationships
http://schemas.openxmlformats.org/officeDocument/2006/relationships
http://schemas.openxmlformats.org/officeDocument/2006/relationships
http://schemas.openxmlformats.org/officeDocument/2006/relationships
http://schemas.openxmlformats.org/officeDocument/2006/relationships
http://schemas.openxmlformats.org/officeDocument/2006/relationships
http://schemas.openxmlformats.org/officeDocument/2006/relationships
http://schemas.openxmlformats.org/officeDocument/2006/relationships
http://schemas.openxmlformats.org/officeDocument/2006/relationships
http://schemas.openxmlformats.org/officeDocument/2006/relationships
http://schemas.openxmlformats.org/officeDocument/2006/relationships
http://schemas.openxmlformats.org/officeDocument/2006/relationships
http://schemas.openxmlformats.org/officeDocument/2006/relationships
http://schemas.openxmlformats.org/officeDocument/2006/relationships
http://schemas.openxmlformats.org/officeDocument/2006/relationships
http://schemas.openxmlformats.org/officeDocument/2006/relationships
http://schemas.openxmlformats.org/officeDocument/2006/relationships
http://schemas.openxmlformats.org/officeDocument/2006/relationships
http://schemas.openxmlformats.org/officeDocument/2006/relationships
http://schemas.openxmlformats.org/officeDocument/2006/relationships
http://schemas.openxmlformats.org/officeDocument/2006/relationships
http://schemas.openxmlformats.org/officeDocument/2006/relationships
http://schemas.openxmlformats.org/officeDocument/2006/relationships
http://schemas.openxmlformats.org/officeDocument/2006/relationships
http://schemas.openxmlformats.org/officeDocument/2006/relationships
http://schemas.openxmlformats.org/officeDocument/2006/relationships
http://schemas.openxmlformats.org/officeDocument/2006/relationships
https://easy.wps.cn/wppv3/fetch/antag
https://easy.wps.cn/wppv3/fetch/libtagfilter
https://easy.wps.cn/wppv3/fetch/libtagfilter
https://easy.wps.cn/wppv3/fetch/libguesslike
https://easy.wps.cn/wppv3/fetch/librectmpl
https://easy.wps.cn/wppv3/fetch/libhomerec
https://easy.wps.cn/wppv3/fetch/searchkeywords
https://docer.wps.cn/v3.php/api/android/mb/v3?mb_app=%d&id=%s
https://docer.wps.cn/v3.php/api/android/mb/v3?mb_app=%d&id=%s
https://easy.wps.cn/wppv3/record/download
https://docer.wps.cn/v3.php/api/android/mb/v3?mb_app=3
https://easy.wps.cn/wppv3/fetch/fileurls
https://easy.wps.cn/wppv3/fetch/tmpldetail
https://easy.wps.cn/wppv3/fetch/supporting
https://easy.wps.cn/wppv3/user/isbuymb
https://easy.wps.cn/wppv3/fetch/tmplbyauthor
https://easy.wps.cn/wppv3/fetch/preguesslike
https://easy.wps.cn/wppv3/user/cstmowns
http://tv.wps.cn:8082/sp/s.jsp?q=
http://tv.wps.cn:8082/sp/s.jsp?q=
http://tv.wps.cn:8082/sp/s.jsp?q=
https://tv.wps.cn/share/shareplay?code=
https://tv.wps.cn/share/shareplay?code=
http://schemas.openxmlformats.org/drawingml/2006/spreadsheetDrawing
http://schemas.openxmlformats.org/drawingml/2006/spreadsheetDrawing
http://schemas.openxmlformats.org/drawingml/2006/spreadsheetDrawing
http://schemas.openxmlformats.org/presentationml/2006/main
http://schemas.openxmlformats.org/presentationml/2006/main
http://schemas.openxmlformats.org/presentationml/2006/main
http://schemas.openxmlformats.org/presentationml/2006/main
http://schemas.openxmlformats.org/presentationml/2006/main
http://schemas.openxmlformats.org/presentationml/2006/main
http://schemas.openxmlformats.org/presentationml/2006/main
http://schemas.openxmlformats.org/drawingml/2006/main
http://schemas.openxmlformats.org/drawingml/2006/main
http://schemas.openxmlformats.org/drawingml/2006/main
http://schemas.openxmlformats.org/drawingml/2006/main
http://schemas.openxmlformats.org/drawingml/2006/main
http://schemas.openxmlformats.org/drawingml/2006/main
http://schemas.openxmlformats.org/drawingml/2006/main
http://schemas.openxmlformats.org/drawingml/2006/main
http://schemas.openxmlformats.org/drawingml/2006/main
http://schemas.openxmlformats.org/drawingml/2006/main
http://schemas.openxmlformats.org/drawingml/2006/main
http://schemas.openxmlformats.org/drawingml/2006/main
http://schemas.openxmlformats.org/drawingml/2006/main
http://schemas.openxmlformats.org/drawingml/2006/main
http://schemas.openxmlformats.org/drawingml/2006/main
http://schemas.openxmlformats.org/drawingml/2006/main
http://schemas.openxmlformats.org/drawingml/2006/main
http://schemas.openxmlformats.org/drawingml/2006/main
http://schemas.openxmlformats.org/drawingml/2006/main
http://schemas.openxmlformats.org/markup-compatibility/2006
http://schemas.openxmlformats.org/markup-compatibility/2006
http://schemas.openxmlformats.org/markup-compatibility/2006
http://schemas.openxmlformats.org/markup-compatibility/2006
http://schemas.openxmlformats.org/markup-compatibility/2006
http://schemas.openxmlformats.org/markup-compatibility/2006
http://schemas.openxmlformats.org/markup-compatibility/2006
http://schemas.openxmlformats.org/markup-compatibility/2006
http://schemas.openxmlformats.org/markup-compatibility/2006
http://schemas.openxmlformats.org/markup-compatibility/2006
http://schemas.openxmlformats.org/markup-compatibility/2006
http://schemas.openxmlformats.org/markup-compatibility/2006
http://schemas.openxmlformats.org/markup-compatibility/2006
http://schemas.openxmlformats.org/markup-compatibility/2006
http://schemas.openxmlformats.org/markup-compatibility/2006
http://schemas.openxmlformats.org/markup-compatibility/2006
http://schemas.openxmlformats.org/markup-compatibility/2006
http://schemas.openxmlformats.org/markup-compatibility/2006
http://schemas.microsoft.com/office/powerpoint/2010/main
http://schemas.microsoft.com/office/powerpoint/2010/main
http://schemas.microsoft.com/office/powerpoint/2010/main
http://schemas.microsoft.com/office/powerpoint/2010/main
http://schemas.microsoft.com/office/powerpoint/2010/main
http://schemas.openxmlformats.org/drawingml/2006/diagram
http://schemas.openxmlformats.org/drawingml/2006/diagram
http://schemas.openxmlformats.org/drawingml/2006/diagram
http://schemas.openxmlformats.org/drawingml/2006/diagram
http://schemas.openxmlformats.org/drawingml/2006/diagram
http://schemas.openxmlformats.org/drawingml/2006/diagram
http://schemas.openxmlformats.org/drawingml/2006/chart
http://schemas.openxmlformats.org/drawingml/2006/chart
http://schemas.openxmlformats.org/drawingml/2006/chart
http://schemas.openxmlformats.org/drawingml/2006/chart
http://schemas.openxmlformats.org/drawingml/2006/chart
http://schemas.openxmlformats.org/drawingml/2006/chart
http://schemas.openxmlformats.org/drawingml/2006/chart
http://schemas.openxmlformats.org/presentationml/2006/ole
http://schemas.microsoft.com/office/powerpoint/2012/main
http://mobile.wps.cn/transition/2016/1
http://xml.org/sax/properties/lexical-handler
http://xml.org/sax/properties/lexical-handler
http://xml.org/sax/properties/lexical-handler
http://xml.org/sax/properties/lexical-handler
http://xml.org/sax/properties/lexical-handler
http://xml.org/sax/properties/lexical-handler
http://xml.org/sax/properties/lexical-handler
http://www.w3.org/TR/REC-html40
http://www.w3.org/TR/REC-html40
http://schemas.openxmlformats.org/spreadsheetml/2006/main
http://schemas.openxmlformats.org/spreadsheetml/2006/main
http://schemas.microsoft.com/office/spreadsheetml/2010/11/main
http://schemas.microsoft.com/office/spreadsheetml/2009/9/main
http://schemas.openxmlformats.org/officeDocument/2006/custom-properties
http://schemas.openxmlformats.org/officeDocument/2006/custom-properties
http://schemas.openxmlformats.org/officeDocument/2006/docPropsVTypes
http://schemas.openxmlformats.org/officeDocument/2006/docPropsVTypes
http://schemas.openxmlformats.org/officeDocument/2006/docPropsVTypes
http://schemas.openxmlformats.org/officeDocument/2006/docPropsVTypes
http://schemas.microsoft.com/office/excel/2010/spreadsheetDrawing
http://schemas.microsoft.com/office/excel/2006/main
http://schemas.microsoft.com/office/drawing/2007/8/2/chart
http://schemas.microsoft.com/office/drawing/2007/8/2/chart
http://schemas.microsoft.com/office/drawing/2012/chartStyle
http://schemas.microsoft.com/office/drawing/2012/chartStyle
http://schemas.microsoft.com/office/drawing/2012/chart
http://schemas.microsoft.com/office/drawing/2012/chart
http://schemas.microsoft.com/office/drawing/2012/chart
http://schemas.microsoft.com/office/drawing/2012/chart
http://schemas.microsoft.com/office/drawing/2012/chart
http://www.w3.org/1999/xhtml
http://xml.org/sax/features/namespaces
http://xml.org/sax/features/namespaces
http://xml.org/sax/features/namespaces
http://xml.org/sax/features/namespaces
http://xml.org/sax/features/namespace-prefixes
http://xml.org/sax/features/namespace-prefixes
http://xml.org/sax/features/namespace-prefixes
http://xml.org/sax/features/external-general-entities
http://xml.org/sax/features/external-parameter-entities
http://xml.org/sax/features/is-standalone
http://xml.org/sax/features/lexical-handler/parameter-entities
http://xml.org/sax/features/resolve-dtd-uris
http://xml.org/sax/features/string-interning
http://xml.org/sax/features/string-interning
http://xml.org/sax/features/string-interning
http://xml.org/sax/features/use-attributes2
http://xml.org/sax/features/use-locator2
http://xml.org/sax/features/use-locator2
http://xml.org/sax/features/use-locator2
http://xml.org/sax/features/use-entity-resolver2
http://xml.org/sax/features/validation
http://xml.org/sax/features/validation
http://xml.org/sax/features/validation
http://xml.org/sax/features/xmlns-uris
http://xml.org/sax/features/xml-1.1
http://www.ccil.org/~cowan/tagsoup/features/ignore-bogons
http://www.ccil.org/~cowan/tagsoup/features/ignore-bogons
http://www.ccil.org/~cowan/tagsoup/features/bogons-empty
http://www.ccil.org/~cowan/tagsoup/features/bogons-empty
http://www.ccil.org/~cowan/tagsoup/features/root-bogons
http://www.ccil.org/~cowan/tagsoup/features/root-bogons
http://www.ccil.org/~cowan/tagsoup/features/default-attributes
http://www.ccil.org/~cowan/tagsoup/features/default-attributes
http://www.ccil.org/~cowan/tagsoup/features/translate-colons
http://www.ccil.org/~cowan/tagsoup/features/translate-colons
http://www.ccil.org/~cowan/tagsoup/features/restart-elements
http://www.ccil.org/~cowan/tagsoup/features/restart-elements
http://www.ccil.org/~cowan/tagsoup/features/ignorable-whitespace
http://www.ccil.org/~cowan/tagsoup/features/ignorable-whitespace
http://www.ccil.org/~cowan/tagsoup/features/cdata-elements
http://www.ccil.org/~cowan/tagsoup/features/cdata-elements
http://www.ccil.org/~cowan/tagsoup/properties/scanner
http://www.ccil.org/~cowan/tagsoup/properties/scanner
http://www.ccil.org/~cowan/tagsoup/properties/schema
http://www.ccil.org/~cowan/tagsoup/properties/schema
http://www.ccil.org/~cowan/tagsoup/properties/auto-detector
http://www.ccil.org/~cowan/tagsoup/properties/auto-detector
http://schemas.openxmlformats.org/wordprocessingml/2006/main
http://schemas.openxmlformats.org/wordprocessingml/2006/main
http://schemas.openxmlformats.org/wordprocessingml/2006/main
http://schemas.openxmlformats.org/wordprocessingml/2006/main
http://schemas.openxmlformats.org/wordprocessingml/2006/main
http://schemas.openxmlformats.org/wordprocessingml/2006/main
http://schemas.openxmlformats.org/wordprocessingml/2006/main
http://schemas.openxmlformats.org/wordprocessingml/2006/main
http://schemas.openxmlformats.org/wordprocessingml/2006/main
http://schemas.openxmlformats.org/wordprocessingml/2006/main
http://schemas.openxmlformats.org/wordprocessingml/2006/main
http://schemas.openxmlformats.org/wordprocessingml/2006/main
http://schemas.openxmlformats.org/wordprocessingml/2006/main
http://schemas.openxmlformats.org/wordprocessingml/2006/main
http://xml.org/sax/properties/declaration-handler
http://xml.org/sax/properties/declaration-handler
http://xml.org/sax/handlers/LexicalHandler
http://www.wps.cn/android/officeDocument/2013/mofficeCustomData
http://www.wps.cn/android/officeDocument/2013/mofficeCustomData
http://www.wps.cn/android/officeDocument/2013/mofficeCustomData
http://schemas.openxmlformats.org/officeDocument/2006/customXml
http://schemas.openxmlformats.org/drawingml/2006/wordprocessingDrawing
http://schemas.openxmlformats.org/drawingml/2006/wordprocessingDrawing
http://schemas.openxmlformats.org/drawingml/2006/wordprocessingDrawing
http://schemas.openxmlformats.org/drawingml/2006/wordprocessingDrawing
http://schemas.openxmlformats.org/drawingml/2006/wordprocessingDrawing
http://schemas.openxmlformats.org/drawingml/2006/wordprocessingDrawing
http://schemas.openxmlformats.org/drawingml/2006/wordprocessingDrawing
http://schemas.openxmlformats.org/drawingml/2006/wordprocessingDrawing
http://schemas.microsoft.com/office/word/2010/wordprocessingDrawing
http://schemas.microsoft.com/office/word/2010/wordprocessingDrawing
http://schemas.microsoft.com/office/word/2010/wordprocessingDrawing
http://schemas.microsoft.com/office/word/2010/wordprocessingDrawing
http://schemas.microsoft.com/office/word/2010/wordprocessingDrawing
http://schemas.microsoft.com/office/word/2010/wordprocessingDrawing
http://schemas.microsoft.com/office/word/2010/wordprocessingDrawing
http://schemas.microsoft.com/office/word/2010/wordml
http://schemas.microsoft.com/office/word/2010/wordml
http://schemas.microsoft.com/office/word/2010/wordml
http://schemas.microsoft.com/office/word/2010/wordml
http://schemas.microsoft.com/office/word/2010/wordml
http://schemas.microsoft.com/office/word/2010/wordml
http://schemas.microsoft.com/office/word/2010/wordml
http://schemas.microsoft.com/office/word/2010/wordml
http://schemas.microsoft.com/office/word/2010/wordml
http://schemas.microsoft.com/office/word/2010/wordml
http://schemas.microsoft.com/office/word/2010/wordml
http://schemas.openxmlformats.org/officeDocument/2006/math
http://schemas.openxmlformats.org/officeDocument/2006/math
http://schemas.openxmlformats.org/officeDocument/2006/math
http://schemas.openxmlformats.org/officeDocument/2006/math
http://schemas.openxmlformats.org/officeDocument/2006/math
http://schemas.openxmlformats.org/officeDocument/2006/math
http://schemas.openxmlformats.org/officeDocument/2006/math
http://schemas.openxmlformats.org/officeDocument/2006/math
http://schemas.openxmlformats.org/officeDocument/2006/math
http://schemas.openxmlformats.org/officeDocument/2006/math
http://schemas.openxmlformats.org/officeDocument/2006/math
http://schemas.openxmlformats.org/officeDocument/2006/math
http://schemas.openxmlformats.org/officeDocument/2006/math
http://schemas.openxmlformats.org/officeDocument/2006/math
http://schemas.openxmlformats.org/officeDocument/2006/math
http://schemas.openxmlformats.org/officeDocument/2006/math
http://schemas.openxmlformats.org/officeDocument/2006/math
http://schemas.openxmlformats.org/officeDocument/2006/math
http://schemas.openxmlformats.org/officeDocument/2006/math
http://schemas.microsoft.com/office/word/2010/wordprocessingShape
http://schemas.microsoft.com/office/word/2010/wordprocessingShape
http://schemas.microsoft.com/office/word/2010/wordprocessingShape
http://schemas.microsoft.com/office/word/2010/wordprocessingShape
http://schemas.microsoft.com/office/word/2010/wordprocessingShape
http://schemas.microsoft.com/office/word/2010/wordprocessingShape
http://schemas.microsoft.com/office/word/2010/wordprocessingShape
http://schemas.microsoft.com/office/word/2010/wordprocessingShape
http://schemas.microsoft.com/office/word/2010/wordprocessingShape
http://schemas.microsoft.com/office/word/2010/wordprocessingGroup
http://schemas.microsoft.com/office/word/2010/wordprocessingGroup
http://schemas.microsoft.com/office/word/2010/wordprocessingGroup
http://schemas.microsoft.com/office/word/2010/wordprocessingGroup
http://schemas.microsoft.com/office/word/2010/wordprocessingGroup
http://schemas.microsoft.com/office/word/2010/wordprocessingGroup
http://schemas.microsoft.com/office/word/2010/wordprocessingGroup
http://schemas.microsoft.com/office/word/2010/wordprocessingGroup
http://schemas.microsoft.com/office/word/2010/wordprocessingInk
http://schemas.microsoft.com/office/word/2010/wordprocessingInk
http://schemas.microsoft.com/office/word/2010/wordprocessingInk
http://schemas.microsoft.com/office/word/2010/wordprocessingInk
http://schemas.microsoft.com/office/word/2010/wordprocessingInk
http://schemas.microsoft.com/office/word/2010/wordprocessingInk
http://schemas.microsoft.com/office/word/2010/wordprocessingInk
http://schemas.microsoft.com/office/word/2010/wordprocessingInk
http://schemas.microsoft.com/office/word/2010/wordprocessingCanvas
http://schemas.microsoft.com/office/word/2010/wordprocessingCanvas
http://schemas.microsoft.com/office/word/2010/wordprocessingCanvas
http://schemas.microsoft.com/office/word/2010/wordprocessingCanvas
http://schemas.microsoft.com/office/word/2010/wordprocessingCanvas
http://schemas.microsoft.com/office/word/2010/wordprocessingCanvas
http://schemas.microsoft.com/office/word/2010/wordprocessingCanvas
http://schemas.microsoft.com/office/word/2010/wordprocessingCanvas
http://schemas.openxmlformats.org/package/2006/relationships
http://schemas.openxmlformats.org/package/2006/relationships
http://schemas.openxmlformats.org/package/2006/relationships
http://schemas.openxmlformats.org/package/2006/relationships
http://schemas.microsoft.com/office/word/2006/wordml
http://schemas.microsoft.com/office/word/2006/wordml
http://schemas.openxmlformats.org/drawingml/2006/picture
http://schemas.openxmlformats.org/drawingml/2006/picture
http://schemas.openxmlformats.org/drawingml/2006/picture
http://schemas.microsoft.com/office/word/2012/wordml
http://schemas.openxmlformats.org/officeDocument/2006/relationships/attachedTemplate
http://schemas.microsoft.com/office/word
https://docer.wps.cn/v3.php/api/android/background/v1/buy_info?id=%d
https://docer.wps.cn/v3.php/api/android/background/v1/download?id=
https://docer.wps.cn/v3.php/api/android/background/v1/data?page=1&page_size=50&package=%s&version=%s&firstchannel=%s&channel=%s&lang=%s
https://docer.wps.cn/v3.php/api/android/background/v1/my_buy_mbs?page=%s&page_size=%s
https://docer.wps.cn/v3.php/api/android/background/v1/my_buy_mbs?page=%s&page_size=%s
https://moapi.wps.cn/background/list
http://service-api.kingsoft-office-service.com/background/list
http://schemas.openxmlformats.org/officeDocument/2006/relationships/officeDocument
http://schemas.openxmlformats.org/officeDocument/2006/relationships/officeDocument
http://schemas.openxmlformats.org/officeDocument/2006/relationships/officeDocument
http://schemas.openxmlformats.org/officeDocument/2006/relationships/officeDocument
http://schemas.openxmlformats.org/officeDocument/2006/relationships/officeDocument
http://schemas.openxmlformats.org/officeDocument/2006/relationships/officeDocument
http://schemas.openxmlformats.org/officeDocument/2006/relationships/officeDocument
http://purl.oclc.org/ooxml/officeDocument/relationships/officeDocument
http://purl.oclc.org/ooxml/officeDocument/relationships/officeDocument
http://purl.oclc.org/ooxml/officeDocument/relationships/officeDocument
http://schemas.openxmlformats.org/officeDocument/2006/sharedTypes
http://schemas.microsoft.com/office/drawing/2010/main
http://schemas.openxmlformats.org/package/2006/relationships/metadata/core-properties
http://schemas.openxmlformats.org/package/2006/relationships/metadata/core-properties
http://schemas.openxmlformats.org/package/2006/relationships/metadata/core-properties
http://schemas.openxmlformats.org/package/2006/relationships/metadata/core-properties
http://schemas.openxmlformats.org/package/2006/relationships/metadata/core-properties
http://purl.oclc.org/ooxml/wordprocessingml/main
http://purl.oclc.org/ooxml/officeDocument/relationships
http://schemas.openxmlformats.org/officeDocument/2006/relationships/extended-properties
http://schemas.openxmlformats.org/officeDocument/2006/relationships/extended-properties
http://schemas.openxmlformats.org/officeDocument/2006/relationships/extended-properties
http://schemas.openxmlformats.org/officeDocument/2006/relationships/custom-properties
http://schemas.openxmlformats.org/officeDocument/2006/relationships/custom-properties
http://schemas.openxmlformats.org/officeDocument/2006/relationships/custom-properties
http://schemas.openxmlformats.org/package/2006/content-types
http://schemas.openxmlformats.org/package/2006/content-types
http://purl.oclc.org/ooxml/officeDocument/relationships/extendedProperties
http://purl.oclc.org/ooxml/officeDocument/customProperties
http://schemas.openxmlformats.org/officeDocument/2006/extended-properties
http://schemas.openxmlformats.org/officeDocument/2006/extended-properties
http://purl.org/dc/elements/1.1/
http://purl.org/dc/elements/1.1/
http://purl.org/dc/elements/1.1/
http://purl.org/dc/elements/1.1/
http://schemas.openxmlformats.org/package/2006/metadata/core-properties
http://schemas.openxmlformats.org/package/2006/metadata/core-properties
http://schemas.openxmlformats.org/package/2006/metadata/core-properties
http://schemas.openxmlformats.org/package/2006/metadata/core-properties
http://purl.org/dc/terms/
http://purl.org/dc/terms/
http://purl.org/dc/terms/
http://purl.org/dc/terms/
http://www.w3.org/2001/XMLSchema-instance
http://www.w3.org/2001/XMLSchema-instance
http://www.w3.org/2001/XMLSchema-instance
http://www.w3.org/2001/XMLSchema-instance
http://schemas.openxmlformats.org/officeDocument/2006/relationships/numbering
http://schemas.openxmlformats.org/officeDocument/2006/relationships/fontTable
http://schemas.openxmlformats.org/officeDocument/2006/relationships/settings
http://schemas.microsoft.com/office/2011/relationships/commentsExtended
http://schemas.openxmlformats.org/officeDocument/2006/relationships/styles
http://schemas.openxmlformats.org/officeDocument/2006/relationships/styles
http://schemas.openxmlformats.org/officeDocument/2006/relationships/theme
http://schemas.openxmlformats.org/officeDocument/2006/relationships/theme
http://schemas.openxmlformats.org/officeDocument/2006/relationships/theme
http://schemas.openxmlformats.org/officeDocument/2006/relationships/themeOverride
http://schemas.openxmlformats.org/officeDocument/2006/relationships/themeOverride
http://schemas.openxmlformats.org/officeDocument/2006/relationships/themeOverride
http://schemas.openxmlformats.org/officeDocument/2006/relationships/themeOverride
http://schemas.openxmlformats.org/officeDocument/2006/relationships/webSettings
http://schemas.openxmlformats.org/officeDocument/2006/relationships/header
http://schemas.openxmlformats.org/officeDocument/2006/relationships/footer
http://schemas.openxmlformats.org/officeDocument/2006/relationships/hyperlink
http://schemas.openxmlformats.org/officeDocument/2006/relationships/hyperlink
http://schemas.openxmlformats.org/officeDocument/2006/relationships/hyperlink
http://schemas.openxmlformats.org/officeDocument/2006/relationships/comments
http://schemas.openxmlformats.org/officeDocument/2006/relationships/comments
http://schemas.openxmlformats.org/officeDocument/2006/relationships/comments
http://schemas.openxmlformats.org/officeDocument/2006/relationships/footnotes
http://schemas.openxmlformats.org/officeDocument/2006/relationships/endnotes
http://schemas.openxmlformats.org/officeDocument/2006/relationships/recipientData
http://schemas.openxmlformats.org/officeDocument/2006/relationships/image
http://schemas.openxmlformats.org/officeDocument/2006/relationships/image
http://schemas.openxmlformats.org/officeDocument/2006/relationships/image
http://schemas.microsoft.com/office/2007/relationships/hdphoto
http://schemas.microsoft.com/office/2007/relationships/hdphoto
http://schemas.microsoft.com/office/2007/relationships/hdphoto
http://schemas.openxmlformats.org/officeDocument/2006/relationships/diagramData
http://schemas.openxmlformats.org/officeDocument/2006/relationships/diagramData
http://schemas.openxmlformats.org/officeDocument/2006/relationships/diagramData
http://schemas.openxmlformats.org/officeDocument/2006/relationships/diagramLayout
http://schemas.openxmlformats.org/officeDocument/2006/relationships/diagramLayout
http://schemas.openxmlformats.org/officeDocument/2006/relationships/diagramLayout
http://schemas.openxmlformats.org/officeDocument/2006/relationships/diagramQuickStyle
http://schemas.openxmlformats.org/officeDocument/2006/relationships/diagramQuickStyle
http://schemas.openxmlformats.org/officeDocument/2006/relationships/diagramQuickStyle
http://schemas.openxmlformats.org/officeDocument/2006/relationships/diagramColors
http://schemas.openxmlformats.org/officeDocument/2006/relationships/diagramColors
http://schemas.openxmlformats.org/officeDocument/2006/relationships/diagramColors
http://schemas.microsoft.com/office/2007/relationships/diagramDrawing
http://schemas.microsoft.com/office/2007/relationships/diagramDrawing
http://schemas.microsoft.com/office/2007/relationships/diagramDrawing
http://schemas.microsoft.com/office/2007/relationships/diagramDrawing
http://schemas.microsoft.com/office/2007/relationships/diagramDrawing
http://schemas.openxmlformats.org/officeDocument/2006/relationships/chart
http://schemas.openxmlformats.org/officeDocument/2006/relationships/chart
http://schemas.openxmlformats.org/officeDocument/2006/relationships/chart
http://schemas.microsoft.com/office/2014/relationships/chartEx
http://schemas.openxmlformats.org/officeDocument/2006/relationships/package
http://schemas.openxmlformats.org/officeDocument/2006/relationships/package
http://schemas.openxmlformats.org/officeDocument/2006/relationships/chartUserShapes
http://schemas.openxmlformats.org/officeDocument/2006/relationships/oleObject
http://schemas.openxmlformats.org/officeDocument/2006/relationships/oleObject
http://schemas.microsoft.com/office/2011/relationships/chartColorStyle
http://schemas.microsoft.com/office/2011/relationships/chartColorStyle
http://schemas.microsoft.com/office/2011/relationships/chartColorStyle
http://schemas.microsoft.com/office/2011/relationships/chartStyle
http://schemas.microsoft.com/office/2011/relationships/chartStyle
http://schemas.microsoft.com/office/2011/relationships/chartStyle
http://schemas.openxmlformats.org/officeDocument/2006/relationships/customXml
http://schemas.openxmlformats.org/officeDocument/2006/relationships/customXml
http://schemas.openxmlformats.org/officeDocument/2006/relationships/customXml
http://schemas.openxmlformats.org/officeDocument/2006/relationships/customXmlProps
http://schemas.openxmlformats.org/officeDocument/2006/relationships/customXmlProps
http://schemas.openxmlformats.org/officeDocument/2006/relationships/customXmlProps
http://purl.oclc.org/ooxml/officeDocument/relationships/styles
http://purl.oclc.org/ooxml/officeDocument/relationships/styles
http://purl.oclc.org/ooxml/officeDocument/relationships/fontTable
http://purl.oclc.org/ooxml/officeDocument/relationships/settings
http://purl.oclc.org/ooxml/officeDocument/relationships/numbering
http://purl.oclc.org/ooxml/officeDocument/relationships/comments
http://purl.oclc.org/ooxml/officeDocument/relationships/comments
http://purl.oclc.org/ooxml/officeDocument/relationships/endnotes
http://purl.oclc.org/ooxml/officeDocument/relationships/footnotes
http://purl.oclc.org/ooxml/officeDocument/relationships/header
http://purl.oclc.org/ooxml/officeDocument/relationships/footer
http://purl.oclc.org/ooxml/officeDocument/relationships/image
http://purl.oclc.org/ooxml/officeDocument/relationships/image
http://purl.oclc.org/ooxml/officeDocument/relationships/image
http://purl.oclc.org/ooxml/officeDocument/relationships/chart
http://purl.oclc.org/ooxml/officeDocument/relationships/chart
http://purl.oclc.org/ooxml/officeDocument/relationships/package
http://purl.oclc.org/ooxml/officeDocument/relationships/package
http://purl.oclc.org/ooxml/officeDocument/relationships/oleObject
http://purl.oclc.org/ooxml/officeDocument/relationships/oleObject
http://purl.oclc.org/ooxml/officeDocument/relationships/chartUserShapes
http://purl.oclc.org/ooxml/officeDocument/relationships/diagramColors
http://purl.oclc.org/ooxml/officeDocument/relationships/diagramColors
http://purl.oclc.org/ooxml/officeDocument/relationships/diagramColors
http://purl.oclc.org/ooxml/officeDocument/relationships/diagramData
http://purl.oclc.org/ooxml/officeDocument/relationships/diagramData
http://purl.oclc.org/ooxml/officeDocument/relationships/diagramData
http://purl.oclc.org/ooxml/officeDocument/relationships/diagramLayout
http://purl.oclc.org/ooxml/officeDocument/relationships/diagramLayout
http://purl.oclc.org/ooxml/officeDocument/relationships/diagramLayout
http://purl.oclc.org/ooxml/officeDocument/relationships/diagramQuickStyle
http://purl.oclc.org/ooxml/officeDocument/relationships/diagramQuickStyle
http://purl.oclc.org/ooxml/officeDocument/relationships/diagramQuickStyle
http://schemas.android.com/apk/res/android
http://schemas.android.com/apk/res/android
http://schemas.android.com/apk/res/android
http://schemas.android.com/apk/res/android
http://schemas.android.com/apk/res/android
http://schemas.android.com/apk/res/android
http://schemas.android.com/apk/res/android
http://schemas.android.com/apk/res/android
http://schemas.android.com/apk/res/android
http://schemas.android.com/apk/res-auto
https://note-api.wps.cn
https://note-api.wps.cn
https://note-api.wps.cn
https://note-api.wps.cn
https://account.wps.cn
https://account.wps.cn
https://account.wps.cn
https://account.wps.cn
https://account.wps.cn
https://account.wps.cn
https://note-api.wps.com
https://account.wps.com
https://account.wps.com
https://account.wps.com
https://account.wps.com
https://account.wps.com
https://account.wps.com
https://img1.cache.qwps.cn/account/iplist.json
http://xml.evernote.com/pub/enml2.dtd
http://www.w3.org/TR/xhtml1/DTD/xhtml-lat1.ent
http://www.w3.org/TR/xhtml1/DTD/xhtml-symbol.ent
http://www.w3.org/TR/xhtml1/DTD/xhtml-special.ent
https://docer.wps.cn/v3.php/api/android/mb/ranklist
https://docer.wps.cn/v3.php/api/android/mb/v3
https://docer.wps.cn/v3.php/api/android/mb/v3/rec_channel_v2
http://openapi.particlenews.com/Website/openapi/
http://openapi.particlenews.com/Website/openapi/
http://img.particlenews.com/image.php?url=
https://docer.wps.cn/v3.php/api/android/mb/search/keyword
https://cloudservice22.kingsoft-office-service.com/
https://cloudservice22.kingsoft-office-service.com/
https://cloudservice22.kingsoft-office-service.com/
https://cloudservice22.kingsoft-office-service.com/
https://abroad-ad.kingsoft-office-service.com/
https://abroad-ad.kingsoft-office-service.com/
https://abroad-ad.kingsoft-office-service.com/
https://abroad-ad.kingsoft-office-service.com/
https://vip.wps.cn/font/download
https://vip.wps.cn/font/api/client/recommend
https://vip.wps.cn/font/api/client/fontsinfo?ids=
https://vipapi.wps.cn/font/docfontlist
https://vipapi.wps.cn/font/docfontlist
http://cloudservice12.kingsoft-office-service.com:81/fonts/wps-fonts.db
http://fonts.kingsoft-office-service.com/fonts/wps-fonts-en.db
https://movip.wps.com/template/v2/user/recharge
https://movip.wps.com/template/v1/index/purchase_items
https://movip.wps.com/template/v1/index/purchase_items
https://movip.wps.com/template/v1/index/purchase_items
https://movip.wps.com/template/templateSubscription/download
https://movip.wps.com/template/template/recommend_by_tag
https://movip.wps.com/template/v2/user/purchase_template
https://movip.wps.com/template/v2/user/hastemplate
https://movip.wps.com/template/v1/category/templatelist
https://movip.wps.com/template/v1/category/templatelist
https://movip.wps.com/template/templateSubscription/downloadRecord
https://movip.wps.com/template/index/data
https://movip.wps.com/template/template/query_by_format
https://docer.wps.cn/v3.php/api/android/mb/v3/special
http://wpa.b.qq.com/cgi/wpa.php?ln=1&key=XzkzODA1NjE4Ml80NzczNjRfNDAwODk4MDcwN18yXw
https://openapi.baidu.com/oauth/2.0/token?
https://upl.baidu.com/voice?osname=voiceopen&action=usereventflow&
https://tts.baidu.com/text2audio
https://tts.baidu.com/bos/story.php?
https://upl.baidu.com/ttsdlstats.php
http://m.facebook.com/ads/ad_choices
http://m.facebook.com/ads/ad_choices
https://www.facebook.com/audience_network/server_side_reward
https://www.%s.facebook.com/audience_network/server_side_reward
https://graph.facebook.com/network_ads_common
https://graph.%s.facebook.com/network_ads_common
https://www.facebook.com/adnw_logging/
https://www.%s.facebook.com/adnw_logging/
https://www.facebook.com/
https://www.%s.facebook.com
http://www.facebook.com
https://facebook.com/device?user_code=%1$s&qr=1
http://iss.openspeech.cn/v?
http://dev.voicecloud.cn/msc/help.html
http://dev.voicecloud.cn/msc/help.html
http://dev.voicecloud.cn/msc/help.html
http://scs.openspeech.cn/scs
http://data.openspeech.cn/index.php/clientrequest/clientcollect/isCollect
http://imfv.openspeech.cn/msp.do
http://openapi.openspeech.cn/webapi/wfr.do
http://hxqd.openspeech.cn/launchconfig
http://da.mmarket.com/mmsdk/mmsdk?func=mmsdk:postactlog
http://da.mmarket.com/mmsdk/mmsdk?func=mmsdk:postsyslog
http://da.mmarket.com/mmsdk/mmsdk?func=mmsdk:posterrlog
http://da.mmarket.com/mmsdk/mmsdk?func=mmsdk:posteventlog
http://da.mmarket.com/mmsdk/mmsdk?func=mmsdk:specposteventlog
http://dict-mobile.iciba.com/interface/index.php
https://counter.kingsoft.com/index2.php
https://analytics.mopub.com/i/jot/exchange_client_event
https://twitter.com/%s/status/%s
https://www.mopub.com/optout/
https://www.mopub.com/optout/
https://cloudservice22.kingsoft-office-service.com/monitor/native
https://www.mopub.com/optout
http://uf-api.ksosoft.com/ad/ctr/estimate
https://android.wps.cn/2017/zt/docer-gift/index.html#/
https://android.wps.cn/2017/zt/docer-gift/index.html#/
https://androidweb.wps.com/dist/android-client/docer-gift-abroad/index.html?has_receive=
https://androidweb.wps.com/dist/android-client/docer-gift-abroad/index.html?has_receive=
https://androidweb.wps.com/dist/android-client/docer-gift-abroad/index.html?enternum=
https://androidweb.wps.com/dist/android-client/docer-gift-abroad/index.html?enternum=
https://android.wps.cn/2017/zt/docer-gift/index.html?classtype=
https://android.wps.cn/2017/zt/docer-gift/index.html?classtype=
https://vip.wps.cn/gift_package/user/status
https://docer.wps.cn/v3.php/api/android/device/was_entered
https://docer.wps.cn/v3.php/api/user/is_purchaser
https://docer.wps.cn/v3.php/api/android/memtype/member_discount
https://docer.wps.cn/v3.php/api/android/memtype/member_discount
https://docer.wps.cn/v3.php/api/android/mb/author/mb
https://docer.wps.cn/v3.php/api/recom/item
https://docer.wps.cn/v3.php/api/android/mb/v3/rec_data
https://docer.wps.cn/v3.php/api/android/mb/v3/rec_data
https://docer.wps.cn/v3.php/api/android/mb/v3/data_by_type
https://docer.wps.cn/v3.php/api/recom/agg
https://docer.wps.cn/v3.php/api/my/privilege
https://docer.wps.cn/v3.php/api/android/mb/my_buy_mbs
https://docer.wps.cn/v3.php/api/android/mb/v3/link_data
https://docer.wps.cn/v3.php/api/android/mb/v3/all_zt
https://docer.wps.cn/v3.php/api/android/mb/v3/rec_link
http://moapi.wps.cn/home-nav/spreadtips
http://firstpage.kingsoft-office-service.com/spreadtips
http://cloudservice23.kingsoft-office-service.com/
http://cloudservice23.kingsoft-office-service.com/download
https://news.google.com/news?output=rss
https://news.google.com/news?output=rss
https://docer.wps.cn/v3.php/api/android/mb/v2/rec_data?mb_app=%d&limit=%d&offset=%d&del_img_scale=%s&type=%s
https://docer.wps.cn/v3.php/api/android/mb/download?id=%s&is_https=1&version=4&sn=%s&channel=%s&sub_channel=%s&ver=%s
https://docer.wps.cn/v3.php/api/android/mb/buy_info?id=%s&version=3
https://vip.wps.cn/coupon/banner/receive
https://docer.wps.cn/v3.php/api/android/mb/v2/link_data?mb_app=%d&limit=%d&offset=%d&link=%s&del_img_scale=%s&file_type=%s
https://docer.wps.cn/v3.php/api/author?author_id=%s
https://docer.wps.cn/v3.php/api/android/mb/preview?id=%s&channel=%s&sub_channel=%s&ver=%s
https://docer.wps.cn/v3.php/api/android/mb/v2/rec_link?mb_app=%d
https://docer.wps.cn/v3.php/api/android/mb/v3?mb_app=0
https://vip.wps.cn/coupon/banner/list?position=%s&name=%s
http://54.223.217.54:84/good
https://movip.wps.com/template/v2/user/checkGmailBind
https://movip.wps.com/template/v2/user/checkWpsidBind
https://movip.wps.com/template/v2/user/credits
https://movip.wps.com/template/v2/user/credits
https://movip.wps.com/template/v2/user/credits
https://movip.wps.com/template/v2/user/credits
https://movip.wps.com/template/v2/user/credits
https://movip.wps.com/template/v2/user/mytemplates
https://movip.wps.com/template/v1/template/downloadurl?
https://movip.wps.com/template/template/query
https://movip.wps.com/template/v2/user/bind2wpsid
https://movip.wps.com/template/coupon/disc/info
https://movip.wps.com/template/coupon/disc/v2
https://movip.wps.com/template/template/last_buy_time
https://movip.wps.com/template/template/send2mail
https://movip.wps.com/template/v1/template/view
http://wps.com/pc.install/
http://wps.com/pc.install/
http://wps.com/pc.install/
http://wps.com/pc.install/
http://wps.com/pc.install/
http://wps.com/pc.install/
https://wps.com/pc.install/
https://wps.com/pc.install/
https://wps.com/pc.install/
https://wps.com/pc.install/
https://wps.com/pc.install/
https://wps.com/pc.install/
https://odf2wps.wps.com/oocsvr/document/convert
https://movip.wps.com/vip/pay_pal/query_sub_by_wps_id
http://cloudservice15.kingsoft-office-service.com/plugins/
https://movip.wps.com/template/v1/category/all_recommand?
https://movip.wps.com/template/credit/products?
https://movip.wps.com/template/credit/productTypes?
https://movip.wps.com/template/credit/exchange/history?
http://cloudservice23.kingsoft-office-service.com/pay/font/get?pid=
https://android.wps.cn/2017/zt/template-ppt/index-buy.html?mbId=
https://wpsqa.wps.cn/api/qa/hot
http://uf-recapi.ksosoft.com/api/mobile/suggested/words
http://docer.wps.cn/v3.php/api/android/mb/search/rec_key_v2?mb_app=%d
https://wpsqa.wps.cn/api/qa/match
https://docer.wps.cn/v3.php/api/android/mb/search/keyword?keyword=
https://docer.wps.cn/v3.php/api/search/keyword?keyword=
https://docer.wps.cn/v3.php/api/android/mb/v3/category
https://docer.wps.cn/v3.php/api/recom/android
https://docer.wps.cn/v3.php/api/android/mb/v3/category_data
https://lucky.wps.cn/mobile
https://lucky.wps.cn/mobile
https://vip.wps.cn/store/mobile
https://vip.wps.cn/sign/mobile
https://android.wps.cn/epersonal/user-privilege-v3/index.html?source=
https://android.wps.cn/epersonal/user-privilege-v2/detail-docer.html?source=
https://android.wps.cn/epersonal/user-privilege-v2/detail-wps.html?source=
https://android.wps.cn/epersonal/user-privilege-v2/detail-super-all.html?source=
https://android.wps.cn/epersonal/user-privilege-v2/detail-pdf.html?source=
https://vip.wps.cn/wap/mycard
https://vip.wps.cn/wap/order
https://vip.wps.cn/wap/privacy/agreement
https://android.wps.cn/epersonal/user-package/index.html
https://android.wps.cn/epersonal/user-renewals/index.html#/
https://android.wps.cn/epersonal/cloud-privilege/index.html
https://android.wps.cn/epersonal/user-msg-center/index.html#/
https://vip.wps.cn/task/api/wealth_reward
https://vip.wps.cn/task/android?
https://vip.wps.cn/task/api/exp_reward
https://vip.wps.cn/task/api/finish
https://vip.wps.cn/static/lezhuan/
https://vip.wps.cn/static/lezhuan/
https://papercheck.wps.cn/static/v2/engines_android.json
https://papercheck.wps.cn/api/v1/checks
https://papercheck.wps.cn/api/v1/papers/%s/checks/%s/status
https://papercheck.wps.cn/api/v1/papers/%s/checks/%s/result-url
https://papercheck.wps.cn/api/v1/papers/%s/checks/%s/result-pdf-url
https://papercheck.wps.cn/api/v1/papers
https://papercheck.wps.cn/api/v1/papers/%s/uploaded
https://android.wps.cn/mobile/android/feedback/page/21311/index.html
http://wpsmapi.bigan.net/api/pay/confirm.html?uid=%s
http://wpsmapi.bigan.net/api/upload.html?order_id=%s&user_id=%s&title=%s&checksum=%s
http://wpsmapi.bigan.net/api/task/state.html?order_id=%s
http://wpsmapi.bigan.net/api/result/history.html?uid=%s&from=%s
http://wpsmapi.bigan.net/api/result/history.html?uid=%s&from=%s
http://wpsmapi.bigan.net/api/result/view.html?order_id=%s
http://cloudservice15.kingsoft-office-service.com/plugins
https://graph.%s
https://graph-video.%s
https://facebook.com
http://www.w3.org/ns/ttml#parameter
https://ups.ksmobile.net/
https://ws.ksmobile.net/api/GetCloudMsgAdv
http://appsupport.qq.com/cgi-bin/qzapps/mapp_addapp.cgi
http://appsupport.qq.com/cgi-bin/qzapps/mapp_addapp.cgi
http://openmobile.qq.com/oauth2.0/m_jump_by_version?
https://openmobile.qq.com/oauth2.0/m_authorize?
http://qzs.qq.com/open/mobile/login/qzsjump.html?
http://qzs.qq.com/open/mobile/login/qzsjump.html?
http://fusion.qq.com/cgi-bin/qzapps/unified_jump?appid=%1$s&from=%2$s&isOpenAppID=1
http://fusion.qq.com/cgi-bin/qzapps/unified_jump?appid=%1$s&from=%2$s&isOpenAppID=1
http://c.isdspeed.qq.com/code.cgi
http://wspeed.qq.com/w.cgi
http://appsupport.qq.com/cgi-bin/appstage/mstats_batch_report
https://openmobile.qq.com/
http://cgi.connect.qq.com/qqconnectopen/openapi/policy_conf
http://pingma.qq.com:80/mstat/report
https://pagead2.googlesyndication.com/pagead/gen_204?id=gmob-apps
https://www.googleapis.com/auth/games
https://plus.google.com/
https://app-measurement.com/a
https://www.google.com
http://www.example.com
http://www.example.com
https://googleads.g.doubleclick.net/mads/static/mad/sdk/native/sdk-core-v40.html
https://googleads.g.doubleclick.net/mads/static/mad/sdk/native/mraid/v2/mraid_app_banner.js
https://googleads.g.doubleclick.net/mads/static/mad/sdk/native/mraid/v2/mraid_app_expanded_banner.js
https://googleads.g.doubleclick.net/mads/static/mad/sdk/native/mraid/v2/mraid_app_interstitial.js
https://csi.gstatic.com/csi
https://googleads.g.doubleclick.net/mads/static/mad/sdk/native/native_ads.html
https://googleads.g.doubleclick.net/mads/static/mad/sdk/native/native_video_ads.html
https://www.google.com/dfp/linkDevice
https://www.google.com/dfp/inAppPreview
https://www.google.com/dfp/debugSignals
https://www.google.com/dfp/sendDebugData
https://pagead2.googlesyndication.com/pagead/gen_204
http://www.google.com
https://support.google.com/dfp_premium/answer/7160685#push
http://mo.wps.cn/scattered_activities/gxbf.html
https://qn.cache.wpscdn.cn/account/iplist.json
http://120.92.33.171/httpdns/v1
http://120.92.33.171/httpdns/v1
http://119.29.29.29/d?dn=
http://schemas.openxmlformats.org/officeDocument/2006/relationships/presProps
http://schemas.openxmlformats.org/officeDocument/2006/relationships/tableStyles
http://schemas.openxmlformats.org/officeDocument/2006/relationships/viewProps
http://schemas.openxmlformats.org/officeDocument/2006/relationships/commentAuthors
http://schemas.openxmlformats.org/officeDocument/2006/relationships/slide
http://schemas.openxmlformats.org/officeDocument/2006/relationships/slideLayout
http://schemas.openxmlformats.org/officeDocument/2006/relationships/slideMaster
http://schemas.openxmlformats.org/officeDocument/2006/relationships/handoutMaster
http://schemas.openxmlformats.org/officeDocument/2006/relationships/notesMaster
http://schemas.openxmlformats.org/officeDocument/2006/relationships/notesSlide
http://schemas.openxmlformats.org/officeDocument/2006/relationships/vmlDrawing
http://schemas.openxmlformats.org/officeDocument/2006/relationships/vmlDrawing
http://schemas.openxmlformats.org/officeDocument/2006/relationships/audio
http://schemas.openxmlformats.org/officeDocument/2006/relationships/video
http://schemas.microsoft.com/office/2007/relationships/media
http://schemas.openxmlformats.org/officeDocument/2006/relationships/font
http://schemas.openxmlformats.org/officeDocument/2006/relationships/tags
http://purl.oclc.org/ooxml/officeDocument/relationships/presProps
http://purl.oclc.org/ooxml/officeDocument/relationships/tableStyles
http://purl.oclc.org/ooxml/officeDocument/relationships/theme
http://purl.oclc.org/ooxml/officeDocument/relationships/theme
http://purl.oclc.org/ooxml/officeDocument/relationships/viewProps
http://purl.oclc.org/ooxml/officeDocument/relationships/slide
http://purl.oclc.org/ooxml/officeDocument/relationships/slideLayout
http://purl.oclc.org/ooxml/officeDocument/relationships/slideMaster
http://purl.oclc.org/ooxml/officeDocument/relationships/handoutMaster
http://purl.oclc.org/ooxml/officeDocument/relationships/notesMaster
http://purl.oclc.org/ooxml/officeDocument/relationships/notesSlide
http://purl.oclc.org/ooxml/office/relationships/diagramDrawing
http://purl.oclc.org/ooxml/officeDocument/relationships/audio
http://purl.oclc.org/ooxml/officeDocument/relationships/video
http://purl.oclc.org/ooxml/officeDocument/relationships/hyperlink
http://purl.oclc.org/ooxml/officeDocument/relationships/hyperlink
http://purl.oclc.org/ooxml/officeDocument/relationships/extended-properties
http://purl.oclc.org/ooxml/package/relationships/metadata/core-properties
http://purl.oclc.org/ooxml/officeDocument/relationships/custom-properties
http://purl.oclc.org/ooxml/package/relationships
http://purl.oclc.org/ooxml/officeDocument/relationships/worksheet
http://purl.oclc.org/ooxml/officeDocument/relationships/macrosheet
http://purl.oclc.org/ooxml/officeDocument/relationships/dialogsheet
http://purl.oclc.org/ooxml/officeDocument/relationships/chartsheet
http://purl.oclc.org/ooxml/officeDocument/relationships/sharedStrings
http://purl.oclc.org/ooxml/officeDocument/relationships/drawing
http://purl.oclc.org/ooxml/officeDocument/relationships/vmlDrawing
http://purl.oclc.org/ooxml/officeDocument/relationships/xmlMaps
http://purl.oclc.org/ooxml/officeDocument/relationships/tableSingleCells
http://purl.oclc.org/ooxml/officeDocument/relationships/table
http://schemas.microsoft.com/office/relationships/vbaProject
http://purl.oclc.org/ooxml/officeDocument/relationships/control
http://schemas.microsoft.com/office/relationships/activeXControlBinary
http://purl.oclc.org/ooxml/officeDocument/relationships/calcChain
http://purl.oclc.org/ooxml/officeDocument/relationships/externalLink
http://purl.oclc.org/ooxml/officeDocument/relationships/externalLinkPath
http://purl.oclc.org/ooxml/officeDocument/relationships/customXml
http://schemas.microsoft.com/office/2006/relationships/pictureXml
http://schemas.microsoft.com/office/2006/relationships/pictureXml
http://schemas.microsoft.com/office/2007/relationships/pictureXml
http://schemas.microsoft.com/office/2006/relationships/shapeXml
http://schemas.microsoft.com/office/2006/relationships/shapeXml
http://schemas.openxmlformats.org/officeDocument/2006/relationships/worksheet
http://schemas.openxmlformats.org/officeDocument/2006/relationships/macrosheet
http://schemas.openxmlformats.org/officeDocument/2006/relationships/dialogsheet
http://schemas.openxmlformats.org/officeDocument/2006/relationships/chartsheet
http://schemas.openxmlformats.org/officeDocument/2006/relationships/sharedStrings
http://schemas.openxmlformats.org/officeDocument/2006/relationships/drawing
http://schemas.openxmlformats.org/officeDocument/2006/relationships/xmlMaps
http://schemas.openxmlformats.org/officeDocument/2006/relationships/tableSingleCells
http://schemas.openxmlformats.org/officeDocument/2006/relationships/table
http://schemas.microsoft.com/office/2006/relationships/vbaProject
http://schemas.openxmlformats.org/officeDocument/2006/relationships/control
http://schemas.microsoft.com/office/2006/relationships/activeXControlBinary
http://schemas.openxmlformats.org/officeDocument/2006/relationships/calcChain
http://schemas.openxmlformats.org/officeDocument/2006/relationships/externalLink
http://schemas.openxmlformats.org/officeDocument/2006/relationships/externalLinkPath
http://schemas.microsoft.com/office/2007/relationships/inkXml
http://purl.oclc.org
http://www.google.com/cloudprint/dialog.html
http://www.google.com/cloudprint/dialog.html
https://www.google.com/cloudprint/dialog.html
https://www.google.com/cloudprint/dialog.html
https://www.google.com/cloudprint/dialog.html
http://tv.wps.cn:8082/sp/remote/?type=pc&code=
http://tv.wps.cn:8082/sp/remote/?type=pc&code=
http://remote.wps.cn/information?type=pc&code=
http://remote.wps.cn/information?type=pc&code=
https://account.wps.cn/qr/
https://account.wps.cn/qr/
http://tv.wps.cn:8082/sp/remote/?type=pc&code=2408302243&v=2
http://tv.wps.cn:8082/sp/remote/?type=pc&code=2408302243&v=2
http://tv.wps.cn:8082/sp/o.jsp?q=
http://tv.wps.cn:8082/sp/o.jsp?q=
http://tv.wps.cn:8082/sp/o.jsp?q=
https://android.wps.cn/long-term/sign/index.html
https://account.wps.cn/realname
https://api.weixin.qq.com/sns/oauth2/access_token?appid=wx3ebc9e606b4f9242&secret=e17100ce705e661d1bff167752bb8222&code=
https://api.weixin.qq.com/sns/oauth2/access_token?appid=wx3ebc9e606b4f9242&secret=e17100ce705e661d1bff167752bb8222&code=
https://api.weixin.qq.com/sns/oauth2/access_token?appid=wx3ebc9e606b4f9242&secret=e17100ce705e661d1bff167752bb8222&code=
http://open.weixin.qq.com/connect/sdk/qrconnect?appid=%s&noncestr=%s&timestamp=%s&scope=%s&signature=%s
https://long.open.weixin.qq.com/connect/l/qrconnect?f=json&uuid=%s
http://www.qq.com/s?
https://moapi.wps.cn/api/moversion/info
http://app.meizu.com/apps/public/detail?package_name=%s
https://pan.wps.cn/l/
https://www.google.com/cloudprint/learn/
http://cloudservice12.kingsoft-office-service.com:81/wishFont
https://movip.wps.com/template/product_id/all
http://54.223.135.152:93/v2/
https://movip.wps.com/order/v2/
https://cloudservice23.kingsoft-office-service.com/v2/
https://movip.wps.com/order/v2/cdkeyBind2Wps
https://movip.wps.com/template/permits/check?
https://movip.wps.com/template/fontpack/query
https://movip.wps.com/template/coupon/exchange
https://qing.wps.com/help/roamingMobileCN.html
http://mo.wps.cn/common-problem/v8/how_to_use_scan_code.html
http://mo.wps.cn/scattered_activities/projection_onto_TV.html
http://mo.wps.cn/scattered_activities/mobile_control_projection.html
http://crashes.mo.wps.cn/errorReport/up
http://moupdate1.kingsoft-office-service.com/check1033
https://android.wps.cn/mobile/android/feedback/index.html?lang=
https://android.wps.cn/mobile/android/feedback/index.html?lang=zh-cn&component=public
https://android.wps.cn/mobile/android/feedback/index.html?lang=zh-cn&component=component
https://androidweb.wps.com/dist/android-client/feedback/index.html?lang=
https://androidweb.wps.com/dist/android-client/feedback/index.html?lang=zh-cn&component=public
https://androidweb.wps.com/dist/android-client/feedback/index.html?lang=zh-cn&component=component
http://cloudservice27.kingsoft-office-service.com:8080/UserFeedback_war/Upload
https://vip.wps.cn/android/center/base_rec?rec_data=unuse_coupon,rec_act,rec_config,rec_v10
https://vip.wps.cn/sign/is_sign
https://web1.file.cache.docer.com/redot/android-center/
http://service-api.kingsoft-office-service.com/person_center/list
https://vipapi.wps.cn/android/driver/config
https://vipapi.wps.cn/android/driver/config
https://securitydoc.wps.cn
https://securitydoc.wps.cn
https://securitydoc.wps.cn
https://qn.cache.wpscdn.cn
https://img1.ac.wpscdn.cn
https://img2.ac.wpscdn.cn
https://img3.ac.wpscdn.cn
https://ac.wpscdn.cn
https://drive.wps.cn
https://drive.wps.cn
https://movip.wps.com/template/coupon/disc/my
https://movip.wps.com/template/coupon/disc/hints
https://movip.wps.com/template/coupon/disc
https://movip.wps.com/template/tapjoy/pullAds
https://movip.wps.com/template/credit/exchange
http://account.wps.com/promotion/member/join-wps-own-mc.html
http://account.wps.com/promotion/member/join-wps-own-mc.html
https://qn.cache.wpscdn.cn/wxminiprogram/thumbs/zip.png
https://qn.cache.wpscdn.cn/wxminiprogram/thumbs/csv.png
https://qn.cache.wpscdn.cn/wxminiprogram/thumbs/pdf.png
https://qn.cache.wpscdn.cn/wxminiprogram/thumbs/ppt.png
https://qn.cache.wpscdn.cn/wxminiprogram/thumbs/text.png
https://qn.cache.wpscdn.cn/wxminiprogram/thumbs/doc.png
https://qn.cache.wpscdn.cn/wxminiprogram/thumbs/xls.png
https://qn.cache.wpscdn.cn/wxminiprogram/thumbs/unknown.png
https://qn.cache.wpscdn.cn/s1/images/ficons/icons-unknown.png
https://qn.cache.wpscdn.cn/s1/images/ficons/icons-pdf.png
https://qn.cache.wpscdn.cn/s1/images/ficons/icons-ppt.png
https://qn.cache.wpscdn.cn/s1/images/ficons/icons-doc.png
https://qn.cache.wpscdn.cn/s1/images/ficons/icons-xls.png
http://service-api.kingsoft-office-service.com/activity/operate/info
https://moapi.wps.cn/msg/api/filter/check
https://notice.wps.cn/p/message/mark_read
https://moapi.wps.cn/msg/api/p/message/broadcast/page
https://moapi.wps.cn/msg/api/p/message/unread
https://moapi.wps.cn/msg/api/p/message/unread/newmessage
http://service-api.kingsoft-office-service.com/vip/premium/info
https://play.google.com/store/apps/details?id=
https://play.google.com/store/apps/details?id=
http://book.rdtuijian.com/book/recent-read-for-wps-homepage?
http://vip.wps.cn/sign/condition
https://moapi.wps.cn/v1/push_center/
https://movip.wps.com/v1/push_center/abroad/
http://ic.wps.cn/wpsv6internet/infos.ads
http://haiwai-ic.ksosoft.com/infos.ads
https://www.wps.com/privacy-policy
http://info.meihua.docer.com/android/infos.ads?d=
https://note.wps.cn/
https://note.wps.com/
https://movip.wps.com/pay/option/info
https://movip.wps.com/ordercenter/order/new
https://movip.wps.com/ordercenter/order/complete
https://office.qq.com/mobile/index.html?adtag=fromWPS
https://moapi.wps.cn/api/longpic/
http://service-api.kingsoft-office-service.com/api/longpic/
http://hoplink.ksosoft.com/3euaf0
http://hoplink.ksosoft.com/3euaf0
http://hoplink.ksosoft.com/3euaf0
http://hoplink.ksosoft.com/laj1dx
https://movip.wps.com/template/permit/templateSubscription
https://movip.wps.com/template/permit/templateSubscription
https://account.wps.cn/v1/verifycallbackapp
https://doc2html.wps.cn
http://up.qiniu.com
https://drive.wps.com
https://drive.wps.com
https://drive.wps.com
https://qing.wps.cn
https://openapi.wps.cn
https://vipapi.wps.cn/partner/invoke/usable
https://counter.kingsoft.com:443/index2.php
https://apollo.kingsoft.com/index2.php
https://event.ksosoft.com/list

[INTERNAL_LOG][2018-06-07 23:24:28,859][INFO][find_url_in_apk()] [END ALL URL INSIDE APK]
[INTERNAL_LOG][2018-06-07 23:24:28,877][INFO][check_method_conf()] [JavaScript enabled: True]

[INTERNAL_LOG][2018-06-07 23:24:28,878][INFO][check_method_conf()] [Add interface WebView: True]

[INTERNAL_LOG][2018-06-07 23:24:28,878][INFO][analyze_start()] This app might be vulnerable on attack frame confusion, This file are vulnerable ['assets/theme/html/view/index.html', 'temp_html_code/html_downloaded_WPS Office - Word_ Docs_ PDF_ Note_ Slide _ Sheet by Kingsoft Office Software Corporation Limited - cn/qzsjump.html?']
[INTERNAL_LOG][2018-06-07 23:24:28,878][INFO][analyze_start()] End time:[Thu Jun  7 23:24:28 2018]
