[INTERNAL_LOG][2018-06-08 03:21:41,492][INFO][analyze_start()] Init Time [Fri Jun  8 03:21:41 2018]
[INTERNAL_LOG][2018-06-08 03:21:41,602][INFO][run()] Start Analysis
[INTERNAL_LOG][2018-06-08 03:21:41,604][INFO][is_hybird()] [Permission Enble Start]
[INTERNAL_LOG][2018-06-08 03:21:41,604][INFO][is_hybird()] android.permission.GET_ACCOUNTS
[INTERNAL_LOG][2018-06-08 03:21:41,604][INFO][is_hybird()] android.permission.READ_PHONE_STATE
[INTERNAL_LOG][2018-06-08 03:21:41,604][INFO][is_hybird()] android.permission.WRITE_EXTERNAL_STORAGE
[INTERNAL_LOG][2018-06-08 03:21:41,604][INFO][is_hybird()] android.permission.INTERNET
[INTERNAL_LOG][2018-06-08 03:21:41,604][INFO][is_hybird()] android.permission.ACCESS_NETWORK_STATE
[INTERNAL_LOG][2018-06-08 03:21:41,604][INFO][is_hybird()] android.permission.WAKE_LOCK
[INTERNAL_LOG][2018-06-08 03:21:41,605][INFO][is_hybird()] com.android.vending.BILLING
[INTERNAL_LOG][2018-06-08 03:21:41,605][INFO][is_hybird()] com.google.android.c2dm.permission.RECEIVE
[INTERNAL_LOG][2018-06-08 03:21:41,605][INFO][is_hybird()] android.permission.ACCESS_WIFI_STATE
[INTERNAL_LOG][2018-06-08 03:21:41,605][INFO][is_hybird()] com.sec.android.provider.badge.permission.READ
[INTERNAL_LOG][2018-06-08 03:21:41,605][INFO][is_hybird()] com.sec.android.provider.badge.permission.WRITE
[INTERNAL_LOG][2018-06-08 03:21:41,605][INFO][is_hybird()] com.zynga.ZyngaPoker.permission.C2D_MESSAGE
[INTERNAL_LOG][2018-06-08 03:21:41,605][INFO][is_hybird()] com.zynga.livepoker.permission.RECEIVE_ADM_MESSAGE
[INTERNAL_LOG][2018-06-08 03:21:41,605][INFO][is_hybird()] com.amazon.device.messaging.permission.RECEIVE
[INTERNAL_LOG][2018-06-08 03:21:41,605][INFO][is_hybird()] com.zynga.livepoker.permission.XPROMO_DATABASE
[INTERNAL_LOG][2018-06-08 03:21:41,605][INFO][is_hybird()] com.Company.ProductName.permission.C2D_MESSAGE
[INTERNAL_LOG][2018-06-08 03:21:41,605][INFO][is_hybird()] android.permission.VIBRATE
[INTERNAL_LOG][2018-06-08 03:21:41,605][INFO][is_hybird()] [Permission End]

[INTERNAL_LOG][2018-06-08 03:21:41,605][INFO][analyze_start()] TYPE APK: [ANDROID NATIVE]

[INTERNAL_LOG][2018-06-08 03:21:41,605][INFO][find_string()] [START FILE ANALYZE]
[INTERNAL_LOG][2018-06-08 03:21:41,605][INFO][find_string()] File: assets/js/closebutton.html
[INTERNAL_LOG][2018-06-08 03:21:41,606][INFO][find_string()] No iframe in assets/js/closebutton.html
[INTERNAL_LOG][2018-06-08 03:21:41,606][INFO][find_string()] File: res/raw/format.html
[INTERNAL_LOG][2018-06-08 03:21:41,606][INFO][find_string()] No iframe in res/raw/format.html
[INTERNAL_LOG][2018-06-08 03:21:41,606][INFO][find_string()] File: res/raw/w2e_congrats.html
[INTERNAL_LOG][2018-06-08 03:21:41,608][INFO][find_string()] No iframe in res/raw/w2e_congrats.html
[INTERNAL_LOG][2018-06-08 03:21:41,608][INFO][find_string()] File: res/raw/w2e_congrats_default.html
[INTERNAL_LOG][2018-06-08 03:21:41,610][INFO][find_string()] No iframe in res/raw/w2e_congrats_default.html
[INTERNAL_LOG][2018-06-08 03:21:41,611][INFO][find_string()] File: assets/default_error.html
[INTERNAL_LOG][2018-06-08 03:21:41,611][INFO][find_string()] No iframe in assets/default_error.html
[INTERNAL_LOG][2018-06-08 03:21:41,611][INFO][find_string()] [END ANALYZE FILE]

[INTERNAL_LOG][2018-06-08 03:22:03,965][INFO][find_url_in_apk()] [START ALL URL INSIDE APK]
[INTERNAL_LOG][2018-06-08 03:22:03,965][INFO][find_url_in_apk()] http://schemas.android.com/apk/res/android
https://app.adjust.com
https://app.adjust.com
https://ssrv.adjust.com/verify
http://www.amazon.com/gp/mas/get-appstore/android/ref=mas_mx_mba_iap_dl
https://apm.
https://api.
https://txn.ingest.
https://appload.ingest.
https://graph.%s
https://graph-video.%s
https://facebook.com
http://play.google.com/store/apps/details?id=com.facebook.orca
https://pagead2.googlesyndication.com/pagead/gen_204?id=gmob-apps
https://accounts.google.com
https://www.facebook.com
https://www.googleapis.com/auth/games
https://www.googleapis.com/auth/games
https://www.googleapis.com/auth/games
https://plus.google.com/
https://www.googleapis.com/auth/drive.file
https://www.googleapis.com/auth/drive.appdata
https://www.googleapis.com/auth/drive
https://www.googleapis.com/auth/drive.apps
https://www.googleapis.com/auth/games_lite
https://www.googleapis.com/auth/games.firstparty
https://www.googleapis.com/auth/games.firstparty
https://config.unityads.unity3d.com/webview/
https://api.zynga.com

[INTERNAL_LOG][2018-06-08 03:22:03,965][INFO][find_url_in_apk()] [END ALL URL INSIDE APK]
[INTERNAL_LOG][2018-06-08 03:22:03,974][INFO][check_method_conf()] [JavaScript enabled: True]

[INTERNAL_LOG][2018-06-08 03:22:03,974][INFO][check_method_conf()] [Add interface WebView: True]

[INTERNAL_LOG][2018-06-08 03:22:03,974][INFO][analyze_start()] This app might be not vulnerable on  attack frame confusion.
[INTERNAL_LOG][2018-06-08 03:22:03,974][INFO][analyze_start()] End time:[Fri Jun  8 03:22:03 2018]
