[INTERNAL_LOG][2018-06-08 03:41:31,464][INFO][analyze_start()] Init Time [Fri Jun  8 03:41:31 2018]
[INTERNAL_LOG][2018-06-08 03:41:31,739][INFO][run()] Start Analysis
[INTERNAL_LOG][2018-06-08 03:41:31,746][INFO][is_hybird()] [Permission Enble Start]
[INTERNAL_LOG][2018-06-08 03:41:31,746][INFO][is_hybird()] android.permission.READ_CONTACTS
[INTERNAL_LOG][2018-06-08 03:41:31,746][INFO][is_hybird()] android.permission.WRITE_EXTERNAL_STORAGE
[INTERNAL_LOG][2018-06-08 03:41:31,746][INFO][is_hybird()] android.permission.CAMERA
[INTERNAL_LOG][2018-06-08 03:41:31,746][INFO][is_hybird()] android.permission.BLUETOOTH
[INTERNAL_LOG][2018-06-08 03:41:31,746][INFO][is_hybird()] android.permission.RECEIVE_SMS
[INTERNAL_LOG][2018-06-08 03:41:31,746][INFO][is_hybird()] android.permission.READ_SMS
[INTERNAL_LOG][2018-06-08 03:41:31,746][INFO][is_hybird()] android.permission.CALL_PHONE
[INTERNAL_LOG][2018-06-08 03:41:31,746][INFO][is_hybird()] android.permission.WRITE_SETTINGS
[INTERNAL_LOG][2018-06-08 03:41:31,746][INFO][is_hybird()] android.permission.INTERNET
[INTERNAL_LOG][2018-06-08 03:41:31,746][INFO][is_hybird()] android.permission.ACCESS_WIFI_STATE
[INTERNAL_LOG][2018-06-08 03:41:31,746][INFO][is_hybird()] android.permission.ACCESS_NETWORK_STATE
[INTERNAL_LOG][2018-06-08 03:41:31,746][INFO][is_hybird()] android.permission.CHANGE_WIFI_STATE
[INTERNAL_LOG][2018-06-08 03:41:31,746][INFO][is_hybird()] android.permission.CHANGE_NETWORK_STATE
[INTERNAL_LOG][2018-06-08 03:41:31,747][INFO][is_hybird()] android.permission.VIBRATE
[INTERNAL_LOG][2018-06-08 03:41:31,747][INFO][is_hybird()] android.permission.NFC
[INTERNAL_LOG][2018-06-08 03:41:31,747][INFO][is_hybird()] android.permission.USE_FINGERPRINT
[INTERNAL_LOG][2018-06-08 03:41:31,747][INFO][is_hybird()] android.permission.READ_PHONE_STATE
[INTERNAL_LOG][2018-06-08 03:41:31,747][INFO][is_hybird()] ru.sberbankmobile.permission.pushserver.RECEIVE
[INTERNAL_LOG][2018-06-08 03:41:31,747][INFO][is_hybird()] android.permission.GET_ACCOUNTS
[INTERNAL_LOG][2018-06-08 03:41:31,747][INFO][is_hybird()] android.permission.READ_EXTERNAL_STORAGE
[INTERNAL_LOG][2018-06-08 03:41:31,747][INFO][is_hybird()] android.permission.ACCESS_COARSE_LOCATION
[INTERNAL_LOG][2018-06-08 03:41:31,747][INFO][is_hybird()] android.permission.ACCESS_FINE_LOCATION
[INTERNAL_LOG][2018-06-08 03:41:31,747][INFO][is_hybird()] android.permission.WAKE_LOCK
[INTERNAL_LOG][2018-06-08 03:41:31,747][INFO][is_hybird()] android.permission.KILL_BACKGROUND_PROCESSES
[INTERNAL_LOG][2018-06-08 03:41:31,747][INFO][is_hybird()] android.permission.READ_LOGS
[INTERNAL_LOG][2018-06-08 03:41:31,747][INFO][is_hybird()] android.permission.GET_TASKS
[INTERNAL_LOG][2018-06-08 03:41:31,747][INFO][is_hybird()] android.permission.RECEIVE_BOOT_COMPLETED
[INTERNAL_LOG][2018-06-08 03:41:31,747][INFO][is_hybird()] android.permission.QUICKBOOT_POWERON
[INTERNAL_LOG][2018-06-08 03:41:31,747][INFO][is_hybird()] com.google.android.c2dm.permission.RECEIVE
[INTERNAL_LOG][2018-06-08 03:41:31,747][INFO][is_hybird()] ru.sberbankmobile.permission.C2D_MESSAGE
[INTERNAL_LOG][2018-06-08 03:41:31,747][INFO][is_hybird()] android.permission.ACCESS_LOCATION_EXTRA_COMMANDS
[INTERNAL_LOG][2018-06-08 03:41:31,747][INFO][is_hybird()] com.sec.android.provider.badge.permission.READ
[INTERNAL_LOG][2018-06-08 03:41:31,747][INFO][is_hybird()] com.sec.android.provider.badge.permission.WRITE
[INTERNAL_LOG][2018-06-08 03:41:31,747][INFO][is_hybird()] com.htc.launcher.permission.READ_SETTINGS
[INTERNAL_LOG][2018-06-08 03:41:31,748][INFO][is_hybird()] com.htc.launcher.permission.UPDATE_SHORTCUT
[INTERNAL_LOG][2018-06-08 03:41:31,748][INFO][is_hybird()] com.sonyericsson.home.permission.BROADCAST_BADGE
[INTERNAL_LOG][2018-06-08 03:41:31,748][INFO][is_hybird()] com.sonymobile.home.permission.PROVIDER_INSERT_BADGE
[INTERNAL_LOG][2018-06-08 03:41:31,748][INFO][is_hybird()] com.anddoes.launcher.permission.UPDATE_COUNT
[INTERNAL_LOG][2018-06-08 03:41:31,748][INFO][is_hybird()] com.majeur.launcher.permission.UPDATE_BADGE
[INTERNAL_LOG][2018-06-08 03:41:31,748][INFO][is_hybird()] com.huawei.android.launcher.permission.CHANGE_BADGE
[INTERNAL_LOG][2018-06-08 03:41:31,748][INFO][is_hybird()] com.huawei.android.launcher.permission.READ_SETTINGS
[INTERNAL_LOG][2018-06-08 03:41:31,748][INFO][is_hybird()] com.huawei.android.launcher.permission.WRITE_SETTINGS
[INTERNAL_LOG][2018-06-08 03:41:31,748][INFO][is_hybird()] android.permission.READ_APP_BADGE
[INTERNAL_LOG][2018-06-08 03:41:31,748][INFO][is_hybird()] com.oppo.launcher.permission.READ_SETTINGS
[INTERNAL_LOG][2018-06-08 03:41:31,748][INFO][is_hybird()] com.oppo.launcher.permission.WRITE_SETTINGS
[INTERNAL_LOG][2018-06-08 03:41:31,748][INFO][is_hybird()] me.everything.badger.permission.BADGE_COUNT_READ
[INTERNAL_LOG][2018-06-08 03:41:31,748][INFO][is_hybird()] me.everything.badger.permission.BADGE_COUNT_WRITE
[INTERNAL_LOG][2018-06-08 03:41:31,748][INFO][is_hybird()] android.permission.MODIFY_AUDIO_SETTINGS
[INTERNAL_LOG][2018-06-08 03:41:31,748][INFO][is_hybird()] android.permission.RECORD_AUDIO
[INTERNAL_LOG][2018-06-08 03:41:31,748][INFO][is_hybird()] [Permission End]

[INTERNAL_LOG][2018-06-08 03:41:31,748][INFO][analyze_start()] TYPE APK: [ANDROID NATIVE]

[INTERNAL_LOG][2018-06-08 03:41:31,748][INFO][find_string()] [START FILE ANALYZE]
[INTERNAL_LOG][2018-06-08 03:41:31,748][INFO][find_string()] File: assets/About_4.html
[INTERNAL_LOG][2018-06-08 03:41:31,750][INFO][find_string()] No iframe in assets/About_4.html
[INTERNAL_LOG][2018-06-08 03:41:31,750][INFO][find_string()] File: assets/HowToEnter.html
[INTERNAL_LOG][2018-06-08 03:41:31,752][INFO][find_string()] No iframe in assets/HowToEnter.html
[INTERNAL_LOG][2018-06-08 03:41:31,753][INFO][find_string()] File: assets/nfc_pay/nfc_card_offer.html
[INTERNAL_LOG][2018-06-08 03:41:31,757][INFO][find_string()] No iframe in assets/nfc_pay/nfc_card_offer.html
[INTERNAL_LOG][2018-06-08 03:41:31,757][INFO][find_string()] File: assets/offer.html
[INTERNAL_LOG][2018-06-08 03:41:31,759][INFO][find_string()] No iframe in assets/offer.html
[INTERNAL_LOG][2018-06-08 03:41:31,760][INFO][find_string()] File: assets/privacy_policy.html
[INTERNAL_LOG][2018-06-08 03:41:31,763][INFO][find_string()] No iframe in assets/privacy_policy.html
[INTERNAL_LOG][2018-06-08 03:41:31,763][INFO][find_string()] File: assets/report/bank_statement.html
[INTERNAL_LOG][2018-06-08 03:41:31,764][INFO][find_string()] No iframe in assets/report/bank_statement.html
[INTERNAL_LOG][2018-06-08 03:41:31,764][INFO][find_string()] File: assets/report/bank_statement_for_account.html
[INTERNAL_LOG][2018-06-08 03:41:31,766][INFO][find_string()] No iframe in assets/report/bank_statement_for_account.html
[INTERNAL_LOG][2018-06-08 03:41:31,766][INFO][find_string()] File: assets/sign_on/nonacceptance_plazius_offer.html
[INTERNAL_LOG][2018-06-08 03:41:31,768][INFO][find_string()] No iframe in assets/sign_on/nonacceptance_plazius_offer.html
[INTERNAL_LOG][2018-06-08 03:41:31,768][INFO][find_string()] File: res/raw/affirmation_documents.html
[INTERNAL_LOG][2018-06-08 03:41:31,786][INFO][find_string()] No iframe in res/raw/affirmation_documents.html
[INTERNAL_LOG][2018-06-08 03:41:31,786][INFO][find_string()] [END ANALYZE FILE]

[INTERNAL_LOG][2018-06-08 03:43:43,150][INFO][find_url_in_apk()] [START ALL URL INSIDE APK]
[INTERNAL_LOG][2018-06-08 03:43:43,150][INFO][find_url_in_apk()] http://schemas.android.com/apk/res/android
http://schemas.android.com/apk/res/android
https://api.amplitude.com/
https://api.%s/install_data/v3/
https://attr.%s/api/v
https://t.%s/api/v
https://events.%s/api/v
https://register.%s/api/v
https://stats.%s/stats
https://onelink.%s/shortlink-sdk/v1
https://onelink.%s/shortlink-sdk/v1
https://validate.%s/api/v
https://sdk-services.%s/validate-android-signature
https://app.%s
https://app.%s
https://impression.%s
https://monitorsdk.%s/remote-debug?app_id=
http://javax.xml.XMLConstants/feature/secure-processing
http://www.google-analytics.com/collect
http://www.google-analytics.com/collect
https://ssl.google-analytics.com/collect
https://pagead2.googlesyndication.com/pagead/gen_204?id=gmob-apps
https://www.googleapis.com/auth/games
https://plus.google.com/
http://www.sberbank.ru/common/img/uploaded/files/pdf/Manual_Android.pdf
https://online.sberbank.ru/PhizIC/user/images/
https://stat.online.sberbank.ru/PhizIC-res/mapicfg/deposit_android.xml
https://stat.online.sberbank.ru/PhizIC-res/mapicfg/deposit_android.xml
https://pfl.efs.sigma.sbrf.ru
https://app-measurement.com/a
https://www.google.com
https://mobilecrashreporting.googleapis.com/v1/crashes:batchCreate?key=
http://www.example.com
http://www.example.com
https://googleads.g.doubleclick.net/mads/static/mad/sdk/native/sdk-core-v40.html
https://googleads.g.doubleclick.net/mads/static/mad/sdk/native/mraid/v2/mraid_app_banner.js
https://googleads.g.doubleclick.net/mads/static/mad/sdk/native/mraid/v2/mraid_app_expanded_banner.js
https://googleads.g.doubleclick.net/mads/static/mad/sdk/native/mraid/v2/mraid_app_interstitial.js
https://csi.gstatic.com/csi
https://googleads.g.doubleclick.net/mads/static/mad/sdk/native/native_ads.html
https://googleads.g.doubleclick.net/mads/static/mad/sdk/native/native_video_ads.html
https://www.google.com/dfp/linkDevice
https://www.google.com/dfp/inAppPreview
https://www.google.com/dfp/debugSignals
https://www.google.com/dfp/sendDebugData
https://pagead2.googlesyndication.com/pagead/gen_204
http://www.google.com
https://support.google.com/dfp_premium/answer/7160685#push
https://www.googletagmanager.com
http://hostname/?
http://127.0.0.1:
http://127.0.0.1:
http://mobile.kaspersky.local
https://activation-v2.kaspersky.com
https://activation-v2.kaspersky.com/licenseusage/kfp
http://analytics.manateeworks.com/afk.gif?
https://api.mixpanel.com/track?ip=1
http://api.mixpanel.com/track?ip=1
https://api.mixpanel.com/engage
http://api.mixpanel.com/engage
https://decide.mixpanel.com/decide
http://decide.mixpanel.com/decide
https://playlist.ma.tune.com
https://configuration.ma.tune.com
https://analytics.ma.tune.com/analytics
https://s3.amazonaws.com/uploaded-assets-production
https://connected.ma.tune.com
https://balancer.voximplant.com/getNearestHost
https://startup.mobile.yandex.net/
https://startup.mobile.yandex.net/
https://startup.mobile.yandex.net/
https://certificate.mobile.yandex.net/api/v1/pins
https://certificate.mobile.yandex.net/api/v1/pins
https://certificate.mobile.yandex.net/api/v1/pins
https://certificate.mobile.yandex.net/api/v1/pins
https://certificate.mobile.yandex.net/api/v1/pins
https://tech.yandex.com/metrica-mobile-sdk/doc/mobile-sdk-dg/concepts/android-initialize-docpage/
https://e.crashlytics.com/spi/v2/events
https://settings.crashlytics.com/spi/v2/platforms/android/apps/%s/settings
http://xmlpull.org/v1/doc/features.html#process-namespaces
http://xmlpull.org/v1/doc/features.html#process-namespaces
http://xmlpull.org/v1/doc/features.html#process-namespaces
http://xmlpull.org/v1/doc/features.html#process-namespaces
http://xmlpull.org/v1/doc/features.html#process-namespaces
http://xmlpull.org/v1/doc/features.html#process-namespaces
http://xmlpull.org/v1/doc/features.html#process-namespaces
http://xmlpull.org/v1/doc/features.html#names-interned
http://xmlpull.org/v1/doc/features.html#names-interned
http://xmlpull.org/v1/doc/features.html#names-interned
http://xmlpull.org/v1/doc/features.html#names-interned
http://xmlpull.org/v1/doc/features.html#names-interned
http://xmlpull.org/v1/doc/features.html#names-interned
http://xmlpull.org/v1/doc/features.html#names-interned
http://xmlpull.org/v1/doc/features.html#process-docdecl
http://xmlpull.org/v1/doc/features.html#process-docdecl
http://xmlpull.org/v1/doc/features.html#process-docdecl
http://xmlpull.org/v1/doc/features.html#process-docdecl
http://xmlpull.org/v1/doc/features.html#xml-roundtrip
http://xmlpull.org/v1/doc/features.html#xml-roundtrip
http://www.w3.org/XML/1998/namespace
http://www.w3.org/XML/1998/namespace
http://www.w3.org/2000/xmlns/
http://www.w3.org/2000/xmlns/
http://xmlpull.org/v1/doc/properties.html#xmldecl-version
http://xmlpull.org/v1/doc/properties.html#xmldecl-version
http://xmlpull.org/v1/doc/properties.html#xmldecl-standalone
http://xmlpull.org/v1/doc/properties.html#xmldecl-standalone
http://xmlpull.org/v1/doc/properties.html#xmldecl-content
http://xmlpull.org/v1/doc/features.html#validation
http://xmlpull.org/v1/doc/features.html#validation
http://xmlpull.org/v1/doc/features.html#validation
http://xmlpull.org/v1/doc/features.html#validation
http://xmlpull.org/v1/doc/features.html#serializer-attvalue-use-apostrophe
http://xmlpull.org/v1/doc/features.html#serializer-attvalue-use-apostrophe
http://xmlpull.org/v1/doc/features.html#serializer-attvalue-use-apostrophe
http://xmlpull.org/v1/doc/properties.html#serializer-indentation
http://xmlpull.org/v1/doc/properties.html#serializer-indentation
http://xmlpull.org/v1/doc/properties.html#serializer-indentation
http://xmlpull.org/v1/doc/properties.html#serializer-line-separator
http://xmlpull.org/v1/doc/properties.html#serializer-line-separator
http://xmlpull.org/v1/doc/properties.html#serializer-line-separator
http://xml.org/sax/features/namespaces
http://xml.org/sax/features/namespaces
http://xml.org/sax/features/namespace-prefixes
http://xml.org/sax/features/namespace-prefixes
http://xmlpull.org/v1/doc/features.html#report-namespace-prefixes
http://xmlpull.org/v1/doc/features.html#report-namespace-prefixes
http://xmlpull.org/v1/doc/features.html#report-namespace-prefixes
http://xml.org/sax/features/validation
http://xml.org/sax/features/validation
http://xml.org/sax/properties/declaration-handler
http://xml.org/sax/properties/declaration-handler
http://xml.org/sax/properties/lexical-handler
http://xml.org/sax/properties/lexical-handler
http://www.w3.org/2001/XMLSchema-instance
http://www.w3.org/2001/XMLSchema-instance
http://www.w3.org/2001/XMLSchema-instance
http://xmlpull.org/v1/doc/features.html#xmldecl-standalone
http://194.186.207.23
http://194.186.207.23
http://194.186.207.23
https://ift.testefs.sberbank.ru:443
https://stat.online.sberbank.ru/PhizIC-res/mapicfg/androidconfiguration.xml
https://stat.online.sberbank.ru/PhizIC-res/mapicfg/androidconfiguration.xml
https://play.google.com/store/apps/details?id=ru.sberbankmobile
https://play.google.com/store/apps/details?id=ru.sberbankmobile
https://play.google.com/store/apps/details?id=ru.sberbankmobile
https://online.sberbank.ru/CSAFront/async/page/registration.do
https://online.sberbank.ru
https://online.sberbank.ru/CSAFront/async/page/external/registration.do
https://online.sberbank.ru/
https://online.sberbank.ru/CSAFront/payOrderPaymentLogin.do
https://geo1.online.sberbank.ru
http://schema.org/ViewAction
http://schema.org/ViewAction
http://212.8.234.108
http://212.8.234.108
https://online.equifax.ru/credit-history/
https://www.nbki.ru/serviceszaem/proverit_creditnuyu_istoriu/
https://ift.testefs.sberbank.ru
http://10.0.2.2
http://fake.host.com
http://www.sberbank.ru/common/img/uploaded/files/pdf/Rules_pg2.pdf
http://www.sberbank.ru/common/img/uploaded/files/pdf/usl_card2.pdf
http://www.sberbank.ru/common/img/uploaded/files/pdf/usl_card2.pdf
http://www.sberbank.ru/common/img/uploaded/files/pdf/person/bank_cards/Debetovye_karty_Tarify.pdf
http://www.sberbank.ru/common/img/uploaded/files/pdf/Pamyatka_derzhatelya_bankovskoy_karty.pdf
http://www.sberbank.ru/common/img/uploaded/cards/Pamyatka_po_bezopasnosti.pdf
http://www.sberbank.ru
http://docs.google.com/viewer?url=
http://docs.google.com/viewer?url=
http://docs.google.com/viewer?url=
http://docs.google.com/viewer?url=
https://geocode-maps.yandex.ru/1.x/?
https://geocode-maps.yandex.ru/1.x/?
https://api.spasibosb.ru/api/v3/service_key
https://api.spasibosb.ru/api/v3/service_key
https://api.spasibosb.ru/api/v3/service_key
https://avatar.online.sberbank.ru/AVATAR/
http://10.170.224.72:8089/HF/AVATAR/1/
https://test.stat.online.sberbank.ru/PhizIC-res/mapicfg/deposit_android_test.xml
http://10.36.134.124
http://www.sberbank.ru/ru/person/bank_cards/credit/graceperiod
http://www.sberbank.ru/ru/person/contributions/seizure
http://www.sberbank.ru/ru/person/contributions/seizure
http://www.sberbank.ru/ru/person/contributions/seizure
https://drive.google.com/viewerng/viewer?embedded=true&url=%s
http://pushservertest.mfms.ru/push-test
https://pushserver.mfms.ru/sbrf-test
https://pushserver-test.sberbank-tele.com
https://pushserver.mfms.ru/sbrf
https://pushserver.sberbank-tele.com
https://play.google.com/store/apps/details?id=com.sberbanktele
https://api.sberbank-tele.com
http://www.pogovorim-sberbank.ru
http://www.sberbank.ru/common/img/uploaded/files/pdf/normative_docs/privacy_policy.pdf
http://www.sberbank.ru/common/img/uploaded/files/pdf/policy.pdf
http://ya.ru
https://tag.rutarget.ru
https://www.sberbank.ru/ru/person/udbo
http://api.mobile.maps.yandex.net/mapkit
http://api.mobile.maps.yandex.net/mapkit

[INTERNAL_LOG][2018-06-08 03:43:43,151][INFO][find_url_in_apk()] [END ALL URL INSIDE APK]
[INTERNAL_LOG][2018-06-08 03:43:43,159][INFO][check_method_conf()] [JavaScript enabled: True]

[INTERNAL_LOG][2018-06-08 03:43:43,159][INFO][check_method_conf()] [Add interface WebView: True]

[INTERNAL_LOG][2018-06-08 03:43:43,159][INFO][analyze_start()] This app might be not vulnerable on  attack frame confusion.
[INTERNAL_LOG][2018-06-08 03:43:43,159][INFO][analyze_start()] End time:[Fri Jun  8 03:43:43 2018]
