[INTERNAL_LOG][2018-06-08 01:52:29,826][INFO][analyze_start()] Init Time [Fri Jun  8 01:52:29 2018]
[INTERNAL_LOG][2018-06-08 01:52:29,912][INFO][run()] Start Analysis
[INTERNAL_LOG][2018-06-08 01:52:29,916][INFO][is_hybird()] [Permission Enble Start]
[INTERNAL_LOG][2018-06-08 01:52:29,916][INFO][is_hybird()] com.android.vending.BILLING
[INTERNAL_LOG][2018-06-08 01:52:29,916][INFO][is_hybird()] android.permission.INTERNET
[INTERNAL_LOG][2018-06-08 01:52:29,916][INFO][is_hybird()] android.permission.ACCESS_WIFI_STATE
[INTERNAL_LOG][2018-06-08 01:52:29,916][INFO][is_hybird()] android.permission.ACCESS_NETWORK_STATE
[INTERNAL_LOG][2018-06-08 01:52:29,916][INFO][is_hybird()] android.permission.WRITE_EXTERNAL_STORAGE
[INTERNAL_LOG][2018-06-08 01:52:29,916][INFO][is_hybird()] android.permission.ACCESS_COARSE_LOCATION
[INTERNAL_LOG][2018-06-08 01:52:29,916][INFO][is_hybird()] android.permission.ACCESS_FINE_LOCATION
[INTERNAL_LOG][2018-06-08 01:52:29,916][INFO][is_hybird()] android.permission.RECEIVE_BOOT_COMPLETED
[INTERNAL_LOG][2018-06-08 01:52:29,916][INFO][is_hybird()] android.permission.SYSTEM_ALERT_WINDOW
[INTERNAL_LOG][2018-06-08 01:52:29,916][INFO][is_hybird()] android.permission.CHANGE_WIFI_MULTICAST_STATE
[INTERNAL_LOG][2018-06-08 01:52:29,916][INFO][is_hybird()] android.permission.DISABLE_KEYGUARD
[INTERNAL_LOG][2018-06-08 01:52:29,916][INFO][is_hybird()] android.permission.READ_EXTERNAL_STORAGE
[INTERNAL_LOG][2018-06-08 01:52:29,916][INFO][is_hybird()] android.permission.CHANGE_CONFIGURATION
[INTERNAL_LOG][2018-06-08 01:52:29,916][INFO][is_hybird()] android.permission.BLUETOOTH
[INTERNAL_LOG][2018-06-08 01:52:29,916][INFO][is_hybird()] android.permission.WAKE_LOCK
[INTERNAL_LOG][2018-06-08 01:52:29,916][INFO][is_hybird()] android.permission.VIBRATE
[INTERNAL_LOG][2018-06-08 01:52:29,916][INFO][is_hybird()] com.accuweather.android.permission.UA_DATA
[INTERNAL_LOG][2018-06-08 01:52:29,916][INFO][is_hybird()] com.google.android.c2dm.permission.RECEIVE
[INTERNAL_LOG][2018-06-08 01:52:29,917][INFO][is_hybird()] com.accuweather.android.permission.C2D_MESSAGE
[INTERNAL_LOG][2018-06-08 01:52:29,917][INFO][is_hybird()] com.amazon.device.messaging.permission.RECEIVE
[INTERNAL_LOG][2018-06-08 01:52:29,917][INFO][is_hybird()] com.accuweather.android.permission.RECEIVE_ADM_MESSAGE
[INTERNAL_LOG][2018-06-08 01:52:29,917][INFO][is_hybird()] com.google.android.finsky.permission.BIND_GET_INSTALL_REFERRER_SERVICE
[INTERNAL_LOG][2018-06-08 01:52:29,917][INFO][is_hybird()] [Permission End]

[INTERNAL_LOG][2018-06-08 01:52:29,917][INFO][analyze_start()] TYPE APK: [ANDROID NATIVE]

[INTERNAL_LOG][2018-06-08 01:52:29,917][INFO][find_string()] [START FILE ANALYZE]
[INTERNAL_LOG][2018-06-08 01:52:29,917][INFO][find_string()] [END ANALYZE FILE]

[INTERNAL_LOG][2018-06-08 01:53:17,694][INFO][find_url_in_apk()] [START URL LOADED INSIDE LOAD FUNCTION]
[INTERNAL_LOG][2018-06-08 01:53:17,694][INFO][find_url_in_apk()] http://m.accuweather.com/en/privacy
http://m.accuweather.com/en/legal
http://m.accuweather.com/en/privacy?menu=no
http://play.google.com/store/apps/

[INTERNAL_LOG][2018-06-08 01:53:17,695][INFO][find_url_in_apk()] [END URL LOADED INSIDE LOAD FUNCTION]
[INTERNAL_LOG][2018-06-08 01:53:27,731][ERROR][download_page_loaded()] Failed download: http://m.accuweather.com/en/privacy for exception HTTPConnectionPool(host='m.accuweather.com', port=80): Read timed out. (read timeout=10)
[INTERNAL_LOG][2018-06-08 01:53:37,761][ERROR][download_page_loaded()] Failed download: http://m.accuweather.com/en/legal for exception HTTPConnectionPool(host='m.accuweather.com', port=80): Read timed out. (read timeout=10)
[INTERNAL_LOG][2018-06-08 01:53:47,795][ERROR][download_page_loaded()] Failed download: http://m.accuweather.com/en/privacy?menu=no for exception HTTPConnectionPool(host='m.accuweather.com', port=80): Read timed out. (read timeout=10)
[INTERNAL_LOG][2018-06-08 01:53:48,533][ERROR][download_page_loaded()] Failed download: http://play.google.com/store/apps/ for exception [Errno 21] Is a directory: 'temp_html_code/html_downloaded_AccuWeather_ Local Weather Forecast _ Live Alerts by AccuWeather - com/'
[INTERNAL_LOG][2018-06-08 01:53:48,535][INFO][find_string()] [START REMOTE FILE ANALYZE]
[INTERNAL_LOG][2018-06-08 01:53:48,535][INFO][find_string()] [END ANALYZE FILE]

[INTERNAL_LOG][2018-06-08 01:53:48,535][INFO][find_url_in_apk()] [START ALL URL INSIDE APK]
[INTERNAL_LOG][2018-06-08 01:53:48,536][INFO][find_url_in_apk()] http://schemas.android.com/apk/res/android
http://vortex.accuweather.com/widget/googlemaps/androidv4.7.0/maps.asp?
http://vortex.accuweather.com/widget/googlemaps/accuCastv4.7.0/maps.asp?lat=
http://m.accuweather.com/en/privacy
http://m.accuweather.com/en/legal
https://directline.botframework.com
https://directline.botframework.com
http://schema.org/ViewAction
http://schema.org/CompletedActionStatus
https://www.accuweather.com
https://www.accuweather.com
https://www.accuweather.com
https://telematics.skynalysis.com/obs
http://tilergrp.accuaws.com/csr
http://sirocco.accuweather.com/adc_images2/english/feature/640x360/
http://www.accuweather.com
http://www.accuweather.com
http://www.accuweather.com
http://www.accuweather.com
http://player.ooyala.com/api/v1/playlist/
https://api.accuweather.com/
https://api.accuweather.com/
https://api.accuweather.com/
https://api.accuweather.com/
https://cms.accuweather.com
https://tilergrp.accuweather.com
https://tilergrp.accuweather.com
https://tilergrp.accuweather.com
https://tilergrp.accuweather.com
https://tilergrp.accuweather.com
https://observations.skynalysis.com/
https://observations.skynalysis.com/
https://observations.skynalysis.com/
https://vortex.accuweather.com/
https://vortex.accuweather.com/
https://vortex.accuweather.com/
https://vortex.accuweather.com/
http://syndicate.accuweather.com
https://notificationwebapi-dev.azurewebsites.net
https://dmapi.accuweather.com
https://dmapi.accuweather.com
https://dmapi.accuweather.com
http://origin-apidev.accuweather.com
https://api.brightcove.com
https://tilergrp.accuaws.com
https://dev.virtualearth.net/
http://samsungtv.accuweather.com/samsung/tizenwebapp/default.html
https://pubads.g.doubleclick.net/gampad/ads?sz=400x300&iu=/6581/accuwx.us.newsandvideo/videoMobAndroid&impl=s&gdfp_req=1&env=vp&output=xml_vast2&unviewed_position_start=1&url=[referrer_url]&description_url=http://www.accuweather.com&correlator=[timestamp]
https://pubads.g.doubleclick.net/gampad/ads?sz=400x300&iu=/6581/accuwx.us.newsandvideo/videoMobAndroid&impl=s&gdfp_req=1&env=vp&output=xml_vast2&unviewed_position_start=1&url=[referrer_url]&description_url=http://www.accuweather.com&correlator=[timestamp]
https://pubads.g.doubleclick.net/gampad/ads?sz=400x300&iu=/6581/accuwx.us.newsandvideo/videoMobAndroid&impl=s&gdfp_req=1&env=vp&output=xml_vast2&unviewed_position_start=1&url=[referrer_url]&description_url=http://www.accuweather.com&correlator=[timestamp]
http://vortex.accuweather.com
http://m.accuweather.com/en/privacy?menu=no
http://m.accuweather.com/en/privacy?menu=no
http://gpudev01.wdi-net.com/tropical/zxy/
http://tilergrp2.accuweather.com/tropical/zxy/
https://tilergrp.accuweather.com/global_wwa/zxy/
http://schemas.dtb.amazon.com/apk/res/android
https://api.%s/install_data/v3/
https://attr.%s/api/v
https://t.%s/api/v
https://events.%s/api/v
https://register.%s/api/v
https://stats.%s/stats
https://onelink.%s/shortlink-sdk/v1
https://monitorsdk.%s/remote-debug?app_id=
http://segment-data-us-east.zqtk.net/%s?url=%s&c2=%s&c12=%s&ns_ap_bi=%s&ns_ap_sv=%s&ns_ap_an=%s&ns_ap_ver=%s&ns_ap_pn=android
http://b.voicefive.com/rs/sdk/gg.js
https://sb.voicefive.com/rs/sdk/gg.js
http://b.scorecardresearch.com/rs/mobile/ntv/vce_st.js
https://sb.scorecardresearch.com/rs/mobile/ntv/vce_st.js
http://localhost/
https://sb.voicefive.com/rs/sdk/b.html
https://sb.voicefive.com/rs/sdk/b.html
https://sb.voicefive.com/rs/sdk/b.html
https://sb.voicefive.com/rs/sdk/b.html
https://sb.voicefive.com/rs/sdk/b.html
https://play.google.com/store/apps/details?id=%s
https://www.facebook.com/audience_network/server_side_reward
https://www.%s.facebook.com/audience_network/server_side_reward
https://graph.facebook.com/network_ads_common
https://graph.%s.facebook.com/network_ads_common
https://www.facebook.com/adnw_logging/
https://www.%s.facebook.com/adnw_logging/
http://play.google.com/store/apps/
http://play.google.com/store/apps/
https://www.facebook.com/
https://www.%s.facebook.com
http://www.facebook.com
https://graph.%s
https://graph-video.%s
https://facebook.com
https://facebook.com/device?user_code=%1$s&qr=1
http://www.w3.org/ns/ttml#parameter
https://pagead2.googlesyndication.com/pagead/gen_204?id=gmob-apps
http://hostname/?
http://hostname/?
https://plus.google.com/
https://pagead2.googlesyndication.com/pagead/gen_204
http://www.google.com
https://support.google.com/dfp_premium/answer/7160685#push
http://www.google-analytics.com
https://ssl.google-analytics.com
https://app-measurement.com/a
https://www.google.com
https://mobilecrashreporting.googleapis.com/v1/crashes:batchCreate?key=
http://www.example.com
http://www.example.com
https://googleads.g.doubleclick.net/mads/static/mad/sdk/native/sdk-core-v40.html
https://googleads.g.doubleclick.net/mads/static/mad/sdk/native/mraid/v2/mraid_app_banner.js
https://googleads.g.doubleclick.net/mads/static/mad/sdk/native/mraid/v2/mraid_app_expanded_banner.js
https://googleads.g.doubleclick.net/mads/static/mad/sdk/native/mraid/v2/mraid_app_interstitial.js
https://csi.gstatic.com/csi
https://googleads.g.doubleclick.net/mads/static/mad/sdk/native/native_ads.html
https://imasdk.googleapis.com/admob/sdkloader/native_video.html
https://www.google.com/dfp/linkDevice
https://www.google.com/dfp/inAppPreview
https://www.google.com/dfp/debugSignals
https://www.google.com/dfp/sendDebugData
https://woprjr.smartdevicelink.com/api/1/applications/queryTrustedRouters
https://device-api.urbanairship.com/
https://combine.urbanairship.com/
https://dl.urbanairship.com/aaa/
https://wallet-api.urbanairship.com
https://imasdk.googleapis.com/native/sdkloader/native_sdk_v3.html
http://www.dom.com/path?
https://px.moatads.com/pixel.gif?e=0&i=MOATSDK1&ac=1
https://z.moatads.com/
http://88.88-f.net/hbx/hberr?v=2.3.5
http://app.advertising/sdk?v=09m=
http://cdn.88-f.net
http://player.ooyala.com
http://cdn.api.ooyala.com
http://analytics.ooyala.com/static/v3/analytics.js
http://l.ooyala.com/v3/analytics/events
https://go.urbanairship.com/

[INTERNAL_LOG][2018-06-08 01:53:48,536][INFO][find_url_in_apk()] [END ALL URL INSIDE APK]
[INTERNAL_LOG][2018-06-08 01:53:48,559][INFO][check_method_conf()] [JavaScript enabled: True]

[INTERNAL_LOG][2018-06-08 01:53:48,559][INFO][check_method_conf()] [Add interface WebView: True]

[INTERNAL_LOG][2018-06-08 01:53:48,559][INFO][analyze_start()] This app might be not vulnerable on  attack frame confusion.
[INTERNAL_LOG][2018-06-08 01:53:48,559][INFO][analyze_start()] End time:[Fri Jun  8 01:53:48 2018]
