[INTERNAL_LOG][2018-06-07 23:26:08,913][INFO][analyze_start()] Init Time [Thu Jun  7 23:26:08 2018]
[INTERNAL_LOG][2018-06-07 23:26:08,978][INFO][run()] Start Analysis
[INTERNAL_LOG][2018-06-07 23:26:08,980][INFO][is_hybird()] [Permission Enble Start]
[INTERNAL_LOG][2018-06-07 23:26:08,981][INFO][is_hybird()] android.permission.INTERNET
[INTERNAL_LOG][2018-06-07 23:26:08,981][INFO][is_hybird()] android.permission.WRITE_EXTERNAL_STORAGE
[INTERNAL_LOG][2018-06-07 23:26:08,981][INFO][is_hybird()] android.permission.ACCESS_NETWORK_STATE
[INTERNAL_LOG][2018-06-07 23:26:08,981][INFO][is_hybird()] com.android.vending.BILLING
[INTERNAL_LOG][2018-06-07 23:26:08,981][INFO][is_hybird()] android.permission.CAMERA
[INTERNAL_LOG][2018-06-07 23:26:08,981][INFO][is_hybird()] android.permission.READ_EXTERNAL_STORAGE
[INTERNAL_LOG][2018-06-07 23:26:08,981][INFO][is_hybird()] android.permission.AUTHENTICATE_ACCOUNTS
[INTERNAL_LOG][2018-06-07 23:26:08,981][INFO][is_hybird()] android.permission.USE_CREDENTIALS
[INTERNAL_LOG][2018-06-07 23:26:08,981][INFO][is_hybird()] android.permission.GET_ACCOUNTS
[INTERNAL_LOG][2018-06-07 23:26:08,981][INFO][is_hybird()] android.permission.MANAGE_ACCOUNTS
[INTERNAL_LOG][2018-06-07 23:26:08,981][INFO][is_hybird()] [Permission End]

[INTERNAL_LOG][2018-06-07 23:26:08,981][INFO][analyze_start()] TYPE APK: [ANDROID NATIVE]

[INTERNAL_LOG][2018-06-07 23:26:08,981][INFO][find_string()] [START FILE ANALYZE]
[INTERNAL_LOG][2018-06-07 23:26:08,981][INFO][find_string()] File: assets/javascript/index.html
[INTERNAL_LOG][2018-06-07 23:26:08,982][INFO][find_string()] No iframe in assets/javascript/index.html
[INTERNAL_LOG][2018-06-07 23:26:08,982][INFO][find_string()] File: res/raw-cs/adc_readermobile_getstarted.html
[INTERNAL_LOG][2018-06-07 23:26:08,984][INFO][find_string()] No iframe in res/raw-cs/adc_readermobile_getstarted.html
[INTERNAL_LOG][2018-06-07 23:26:08,984][INFO][find_string()] File: res/raw-cs/fillsign.html
[INTERNAL_LOG][2018-06-07 23:26:08,985][INFO][find_string()] No iframe in res/raw-cs/fillsign.html
[INTERNAL_LOG][2018-06-07 23:26:08,985][INFO][find_string()] File: res/raw-cs/whatsnew.html
[INTERNAL_LOG][2018-06-07 23:26:08,986][INFO][find_string()] No iframe in res/raw-cs/whatsnew.html
[INTERNAL_LOG][2018-06-07 23:26:08,986][INFO][find_string()] File: res/raw-da/adc_readermobile_getstarted.html
[INTERNAL_LOG][2018-06-07 23:26:08,988][INFO][find_string()] No iframe in res/raw-da/adc_readermobile_getstarted.html
[INTERNAL_LOG][2018-06-07 23:26:08,989][INFO][find_string()] File: res/raw-da/fillsign.html
[INTERNAL_LOG][2018-06-07 23:26:08,989][INFO][find_string()] No iframe in res/raw-da/fillsign.html
[INTERNAL_LOG][2018-06-07 23:26:08,989][INFO][find_string()] File: res/raw-da/whatsnew.html
[INTERNAL_LOG][2018-06-07 23:26:09,026][INFO][find_string()] No iframe in res/raw-da/whatsnew.html
[INTERNAL_LOG][2018-06-07 23:26:09,026][INFO][find_string()] File: res/raw-de/adc_readermobile_getstarted.html
[INTERNAL_LOG][2018-06-07 23:26:09,028][INFO][find_string()] No iframe in res/raw-de/adc_readermobile_getstarted.html
[INTERNAL_LOG][2018-06-07 23:26:09,028][INFO][find_string()] File: res/raw-de/fillsign.html
[INTERNAL_LOG][2018-06-07 23:26:09,029][INFO][find_string()] No iframe in res/raw-de/fillsign.html
[INTERNAL_LOG][2018-06-07 23:26:09,029][INFO][find_string()] File: res/raw-de/whatsnew.html
[INTERNAL_LOG][2018-06-07 23:26:09,030][INFO][find_string()] No iframe in res/raw-de/whatsnew.html
[INTERNAL_LOG][2018-06-07 23:26:09,030][INFO][find_string()] File: res/raw-en/adc_readermobile_getstarted.html
[INTERNAL_LOG][2018-06-07 23:26:09,032][INFO][find_string()] No iframe in res/raw-en/adc_readermobile_getstarted.html
[INTERNAL_LOG][2018-06-07 23:26:09,032][INFO][find_string()] File: res/raw-en/fillsign.html
[INTERNAL_LOG][2018-06-07 23:26:09,033][INFO][find_string()] No iframe in res/raw-en/fillsign.html
[INTERNAL_LOG][2018-06-07 23:26:09,033][INFO][find_string()] File: res/raw-en/whatsnew.html
[INTERNAL_LOG][2018-06-07 23:26:09,034][INFO][find_string()] No iframe in res/raw-en/whatsnew.html
[INTERNAL_LOG][2018-06-07 23:26:09,034][INFO][find_string()] File: res/raw-es/adc_readermobile_getstarted.html
[INTERNAL_LOG][2018-06-07 23:26:09,036][INFO][find_string()] No iframe in res/raw-es/adc_readermobile_getstarted.html
[INTERNAL_LOG][2018-06-07 23:26:09,036][INFO][find_string()] File: res/raw-es/fillsign.html
[INTERNAL_LOG][2018-06-07 23:26:09,037][INFO][find_string()] No iframe in res/raw-es/fillsign.html
[INTERNAL_LOG][2018-06-07 23:26:09,037][INFO][find_string()] File: res/raw-es/whatsnew.html
[INTERNAL_LOG][2018-06-07 23:26:09,039][INFO][find_string()] No iframe in res/raw-es/whatsnew.html
[INTERNAL_LOG][2018-06-07 23:26:09,039][INFO][find_string()] File: res/raw-fi/adc_readermobile_getstarted.html
[INTERNAL_LOG][2018-06-07 23:26:09,041][INFO][find_string()] No iframe in res/raw-fi/adc_readermobile_getstarted.html
[INTERNAL_LOG][2018-06-07 23:26:09,041][INFO][find_string()] File: res/raw-fi/fillsign.html
[INTERNAL_LOG][2018-06-07 23:26:09,042][INFO][find_string()] No iframe in res/raw-fi/fillsign.html
[INTERNAL_LOG][2018-06-07 23:26:09,042][INFO][find_string()] File: res/raw-fi/whatsnew.html
[INTERNAL_LOG][2018-06-07 23:26:09,044][INFO][find_string()] No iframe in res/raw-fi/whatsnew.html
[INTERNAL_LOG][2018-06-07 23:26:09,044][INFO][find_string()] File: res/raw-fr/adc_readermobile_getstarted.html
[INTERNAL_LOG][2018-06-07 23:26:09,049][INFO][find_string()] No iframe in res/raw-fr/adc_readermobile_getstarted.html
[INTERNAL_LOG][2018-06-07 23:26:09,049][INFO][find_string()] File: res/raw-fr/fillsign.html
[INTERNAL_LOG][2018-06-07 23:26:09,050][INFO][find_string()] No iframe in res/raw-fr/fillsign.html
[INTERNAL_LOG][2018-06-07 23:26:09,050][INFO][find_string()] File: res/raw-fr/whatsnew.html
[INTERNAL_LOG][2018-06-07 23:26:09,052][INFO][find_string()] No iframe in res/raw-fr/whatsnew.html
[INTERNAL_LOG][2018-06-07 23:26:09,052][INFO][find_string()] File: res/raw-it/adc_readermobile_getstarted.html
[INTERNAL_LOG][2018-06-07 23:26:09,054][INFO][find_string()] No iframe in res/raw-it/adc_readermobile_getstarted.html
[INTERNAL_LOG][2018-06-07 23:26:09,054][INFO][find_string()] File: res/raw-it/fillsign.html
[INTERNAL_LOG][2018-06-07 23:26:09,055][INFO][find_string()] No iframe in res/raw-it/fillsign.html
[INTERNAL_LOG][2018-06-07 23:26:09,055][INFO][find_string()] File: res/raw-it/whatsnew.html
[INTERNAL_LOG][2018-06-07 23:26:09,056][INFO][find_string()] No iframe in res/raw-it/whatsnew.html
[INTERNAL_LOG][2018-06-07 23:26:09,056][INFO][find_string()] File: res/raw-ja/adc_readermobile_getstarted.html
[INTERNAL_LOG][2018-06-07 23:26:09,058][INFO][find_string()] No iframe in res/raw-ja/adc_readermobile_getstarted.html
[INTERNAL_LOG][2018-06-07 23:26:09,058][INFO][find_string()] File: res/raw-ja/fillsign.html
[INTERNAL_LOG][2018-06-07 23:26:09,059][INFO][find_string()] No iframe in res/raw-ja/fillsign.html
[INTERNAL_LOG][2018-06-07 23:26:09,059][INFO][find_string()] File: res/raw-ja/whatsnew.html
[INTERNAL_LOG][2018-06-07 23:26:09,061][INFO][find_string()] No iframe in res/raw-ja/whatsnew.html
[INTERNAL_LOG][2018-06-07 23:26:09,061][INFO][find_string()] File: res/raw-ko/adc_readermobile_getstarted.html
[INTERNAL_LOG][2018-06-07 23:26:09,063][INFO][find_string()] No iframe in res/raw-ko/adc_readermobile_getstarted.html
[INTERNAL_LOG][2018-06-07 23:26:09,063][INFO][find_string()] File: res/raw-ko/fillsign.html
[INTERNAL_LOG][2018-06-07 23:26:09,063][INFO][find_string()] No iframe in res/raw-ko/fillsign.html
[INTERNAL_LOG][2018-06-07 23:26:09,064][INFO][find_string()] File: res/raw-ko/whatsnew.html
[INTERNAL_LOG][2018-06-07 23:26:09,065][INFO][find_string()] No iframe in res/raw-ko/whatsnew.html
[INTERNAL_LOG][2018-06-07 23:26:09,065][INFO][find_string()] File: res/raw-nb/adc_readermobile_getstarted.html
[INTERNAL_LOG][2018-06-07 23:26:09,066][INFO][find_string()] No iframe in res/raw-nb/adc_readermobile_getstarted.html
[INTERNAL_LOG][2018-06-07 23:26:09,066][INFO][find_string()] File: res/raw-nb/fillsign.html
[INTERNAL_LOG][2018-06-07 23:26:09,067][INFO][find_string()] No iframe in res/raw-nb/fillsign.html
[INTERNAL_LOG][2018-06-07 23:26:09,067][INFO][find_string()] File: res/raw-nb/whatsnew.html
[INTERNAL_LOG][2018-06-07 23:26:09,068][INFO][find_string()] No iframe in res/raw-nb/whatsnew.html
[INTERNAL_LOG][2018-06-07 23:26:09,068][INFO][find_string()] File: res/raw-nl/adc_readermobile_getstarted.html
[INTERNAL_LOG][2018-06-07 23:26:09,070][INFO][find_string()] No iframe in res/raw-nl/adc_readermobile_getstarted.html
[INTERNAL_LOG][2018-06-07 23:26:09,070][INFO][find_string()] File: res/raw-nl/fillsign.html
[INTERNAL_LOG][2018-06-07 23:26:09,071][INFO][find_string()] No iframe in res/raw-nl/fillsign.html
[INTERNAL_LOG][2018-06-07 23:26:09,071][INFO][find_string()] File: res/raw-nl/whatsnew.html
[INTERNAL_LOG][2018-06-07 23:26:09,312][INFO][find_string()] No iframe in res/raw-nl/whatsnew.html
[INTERNAL_LOG][2018-06-07 23:26:09,333][INFO][find_string()] File: res/raw-pl/adc_readermobile_getstarted.html
[INTERNAL_LOG][2018-06-07 23:26:09,984][INFO][find_string()] No iframe in res/raw-pl/adc_readermobile_getstarted.html
[INTERNAL_LOG][2018-06-07 23:26:10,004][INFO][find_string()] File: res/raw-pl/fillsign.html
[INTERNAL_LOG][2018-06-07 23:26:11,637][INFO][find_string()] No iframe in res/raw-pl/fillsign.html
[INTERNAL_LOG][2018-06-07 23:26:11,657][INFO][find_string()] File: res/raw-pl/whatsnew.html
[INTERNAL_LOG][2018-06-07 23:26:12,250][INFO][find_string()] No iframe in res/raw-pl/whatsnew.html
[INTERNAL_LOG][2018-06-07 23:26:12,271][INFO][find_string()] File: res/raw-pt/adc_readermobile_getstarted.html
[INTERNAL_LOG][2018-06-07 23:26:13,258][INFO][find_string()] No iframe in res/raw-pt/adc_readermobile_getstarted.html
[INTERNAL_LOG][2018-06-07 23:26:13,279][INFO][find_string()] File: res/raw-pt/fillsign.html
[INTERNAL_LOG][2018-06-07 23:26:13,504][INFO][find_string()] No iframe in res/raw-pt/fillsign.html
[INTERNAL_LOG][2018-06-07 23:26:13,525][INFO][find_string()] File: res/raw-pt/whatsnew.html
[INTERNAL_LOG][2018-06-07 23:26:14,139][INFO][find_string()] No iframe in res/raw-pt/whatsnew.html
[INTERNAL_LOG][2018-06-07 23:26:14,159][INFO][find_string()] File: res/raw-ru/adc_readermobile_getstarted.html
[INTERNAL_LOG][2018-06-07 23:26:14,852][INFO][find_string()] No iframe in res/raw-ru/adc_readermobile_getstarted.html
[INTERNAL_LOG][2018-06-07 23:26:14,873][INFO][find_string()] File: res/raw-ru/fillsign.html
[INTERNAL_LOG][2018-06-07 23:26:15,118][INFO][find_string()] No iframe in res/raw-ru/fillsign.html
[INTERNAL_LOG][2018-06-07 23:26:15,138][INFO][find_string()] File: res/raw-ru/whatsnew.html
[INTERNAL_LOG][2018-06-07 23:26:15,477][INFO][find_string()] No iframe in res/raw-ru/whatsnew.html
[INTERNAL_LOG][2018-06-07 23:26:15,497][INFO][find_string()] File: res/raw-sv/adc_readermobile_getstarted.html
[INTERNAL_LOG][2018-06-07 23:26:16,195][INFO][find_string()] No iframe in res/raw-sv/adc_readermobile_getstarted.html
[INTERNAL_LOG][2018-06-07 23:26:16,215][INFO][find_string()] File: res/raw-sv/fillsign.html
[INTERNAL_LOG][2018-06-07 23:26:16,415][INFO][find_string()] No iframe in res/raw-sv/fillsign.html
[INTERNAL_LOG][2018-06-07 23:26:16,435][INFO][find_string()] File: res/raw-sv/whatsnew.html
[INTERNAL_LOG][2018-06-07 23:26:16,884][INFO][find_string()] No iframe in res/raw-sv/whatsnew.html
[INTERNAL_LOG][2018-06-07 23:26:16,904][INFO][find_string()] File: res/raw-tr/adc_readermobile_getstarted.html
[INTERNAL_LOG][2018-06-07 23:26:17,596][INFO][find_string()] No iframe in res/raw-tr/adc_readermobile_getstarted.html
[INTERNAL_LOG][2018-06-07 23:26:17,617][INFO][find_string()] File: res/raw-tr/fillsign.html
[INTERNAL_LOG][2018-06-07 23:26:17,864][INFO][find_string()] No iframe in res/raw-tr/fillsign.html
[INTERNAL_LOG][2018-06-07 23:26:17,885][INFO][find_string()] File: res/raw-tr/whatsnew.html
[INTERNAL_LOG][2018-06-07 23:26:18,403][INFO][find_string()] No iframe in res/raw-tr/whatsnew.html
[INTERNAL_LOG][2018-06-07 23:26:18,423][INFO][find_string()] File: res/raw-zh-rCN/adc_readermobile_getstarted.html
[INTERNAL_LOG][2018-06-07 23:26:19,098][INFO][find_string()] No iframe in res/raw-zh-rCN/adc_readermobile_getstarted.html
[INTERNAL_LOG][2018-06-07 23:26:19,119][INFO][find_string()] File: res/raw-zh-rCN/fillsign.html
[INTERNAL_LOG][2018-06-07 23:26:19,356][INFO][find_string()] No iframe in res/raw-zh-rCN/fillsign.html
[INTERNAL_LOG][2018-06-07 23:26:19,376][INFO][find_string()] File: res/raw-zh-rCN/whatsnew.html
[INTERNAL_LOG][2018-06-07 23:26:19,731][INFO][find_string()] No iframe in res/raw-zh-rCN/whatsnew.html
[INTERNAL_LOG][2018-06-07 23:26:19,752][INFO][find_string()] File: res/raw-zh-rTW/adc_readermobile_getstarted.html
[INTERNAL_LOG][2018-06-07 23:26:20,313][INFO][find_string()] No iframe in res/raw-zh-rTW/adc_readermobile_getstarted.html
[INTERNAL_LOG][2018-06-07 23:26:20,334][INFO][find_string()] File: res/raw-zh-rTW/fillsign.html
[INTERNAL_LOG][2018-06-07 23:26:20,584][INFO][find_string()] No iframe in res/raw-zh-rTW/fillsign.html
[INTERNAL_LOG][2018-06-07 23:26:20,605][INFO][find_string()] File: res/raw-zh-rTW/whatsnew.html
[INTERNAL_LOG][2018-06-07 23:26:20,944][INFO][find_string()] No iframe in res/raw-zh-rTW/whatsnew.html
[INTERNAL_LOG][2018-06-07 23:26:20,965][INFO][find_string()] File: res/raw/adc_errorpage.html
[INTERNAL_LOG][2018-06-07 23:26:21,253][INFO][find_string()] No iframe in res/raw/adc_errorpage.html
[INTERNAL_LOG][2018-06-07 23:26:21,273][INFO][find_string()] File: res/raw/adc_readermobile_getstarted.html
[INTERNAL_LOG][2018-06-07 23:26:21,911][INFO][find_string()] No iframe in res/raw/adc_readermobile_getstarted.html
[INTERNAL_LOG][2018-06-07 23:26:21,932][INFO][find_string()] File: res/raw/adc_readermobile_sso_getstarted.html
[INTERNAL_LOG][2018-06-07 23:26:22,420][INFO][find_string()] No iframe in res/raw/adc_readermobile_sso_getstarted.html
[INTERNAL_LOG][2018-06-07 23:26:22,441][INFO][find_string()] File: res/raw/cpdf_processing_purchase.html
[INTERNAL_LOG][2018-06-07 23:26:22,641][INFO][find_string()] No iframe in res/raw/cpdf_processing_purchase.html
[INTERNAL_LOG][2018-06-07 23:26:22,662][INFO][find_string()] File: res/raw/cpdf_processing_purchase_app_pane.html
[INTERNAL_LOG][2018-06-07 23:26:22,851][INFO][find_string()] No iframe in res/raw/cpdf_processing_purchase_app_pane.html
[INTERNAL_LOG][2018-06-07 23:26:22,871][INFO][find_string()] File: res/raw/cpdf_wait.html
[INTERNAL_LOG][2018-06-07 23:26:23,086][INFO][find_string()] No iframe in res/raw/cpdf_wait.html
[INTERNAL_LOG][2018-06-07 23:26:23,107][INFO][find_string()] File: res/raw/cpdf_wait_app_pane.html
[INTERNAL_LOG][2018-06-07 23:26:23,513][INFO][find_string()] No iframe in res/raw/cpdf_wait_app_pane.html
[INTERNAL_LOG][2018-06-07 23:26:23,534][INFO][find_string()] File: res/raw/epdf_processing_purchase.html
[INTERNAL_LOG][2018-06-07 23:26:23,744][INFO][find_string()] No iframe in res/raw/epdf_processing_purchase.html
[INTERNAL_LOG][2018-06-07 23:26:23,765][INFO][find_string()] File: res/raw/epdf_processing_purchase_app_pane.html
[INTERNAL_LOG][2018-06-07 23:26:23,966][INFO][find_string()] No iframe in res/raw/epdf_processing_purchase_app_pane.html
[INTERNAL_LOG][2018-06-07 23:26:23,987][INFO][find_string()] File: res/raw/epdf_wait.html
[INTERNAL_LOG][2018-06-07 23:26:24,187][INFO][find_string()] No iframe in res/raw/epdf_wait.html
[INTERNAL_LOG][2018-06-07 23:26:24,208][INFO][find_string()] File: res/raw/epdf_wait_app_pane.html
[INTERNAL_LOG][2018-06-07 23:26:24,378][INFO][find_string()] No iframe in res/raw/epdf_wait_app_pane.html
[INTERNAL_LOG][2018-06-07 23:26:24,399][INFO][find_string()] File: res/raw/fillsign.html
[INTERNAL_LOG][2018-06-07 23:26:24,639][INFO][find_string()] No iframe in res/raw/fillsign.html
[INTERNAL_LOG][2018-06-07 23:26:24,660][INFO][find_string()] File: res/raw/whatsnew.html
[INTERNAL_LOG][2018-06-07 23:26:25,234][INFO][find_string()] No iframe in res/raw/whatsnew.html
[INTERNAL_LOG][2018-06-07 23:26:25,249][INFO][find_string()] [END ANALYZE FILE]

[INTERNAL_LOG][2018-06-07 23:26:36,332][INFO][find_url_in_apk()] [START ALL URL INSIDE APK]
[INTERNAL_LOG][2018-06-07 23:26:36,332][INFO][find_url_in_apk()] http://schemas.android.com/apk/res/android
http://schemas.android.com/apk/res/android
https://entitlements.adobe.io
https://entitlements-stage.adobe.io
https://cc-api-data-stage.adobe.io/ingest
https://cc-api-data.adobe.io/ingest
https://adobe.com
https://ims-na1.adobelogin.com
https://ims-na1-stg1.adobelogin.com
https://ims-na1-qa1.adobelogin.com
https://ims-na1-qa2.adobelogin.com
https://gps.echosigndr.com
https://gps.echosignpreview.com
https://gps.echosigndemo.com
https://gps.echosignstage.com
https://gps.echosign.com
https://files.acrobat.com/api
https://files.stage.acrobat.com/api
https://files.stage.acrobat.com/api
https://files.test.dexilab.acrobat.com/api
https://files.test.dexilab.acrobat.com/api
https://createpdf.acrobat.com/createpdf/api
https://createpdf.stage.acrobat.com/createpdf/api
https://createpdf.stage.acrobat.com/createpdf/api
https://createpdf.test.dexilab.acrobat.com/createpdf/api
https://createpdf.test.dexilab.acrobat.com/createpdf/api
https://na1p.licenses.adobe.com/inapp/v2/claim
https://na1p-stg1.licenses.adobe.com/inapp/v2/claim
https://www.adobe.com/go/acro_android_feedback
https://www.adobe.com/go/acro_android_feedback
https://www.adobe.com/go/acro_android_feedback
https://www.adobe.com/go/acrobatandroid
https://www.adobe.com/go/acrobatandroid
https://graph.%s
https://graph-video.%s
https://facebook.com
https://www.googleapis.com/auth/games
https://plus.google.com/
https://sdk.hockeyapp.net/
https://sdk.hockeyapp.net/
https://sdk.hockeyapp.net/

[INTERNAL_LOG][2018-06-07 23:26:36,332][INFO][find_url_in_apk()] [END ALL URL INSIDE APK]
[INTERNAL_LOG][2018-06-07 23:26:36,337][INFO][check_method_conf()] [JavaScript enabled: True]

[INTERNAL_LOG][2018-06-07 23:26:36,337][INFO][check_method_conf()] [Add interface WebView: True]

[INTERNAL_LOG][2018-06-07 23:26:36,337][INFO][analyze_start()] This app might be not vulnerable on  attack frame confusion.
[INTERNAL_LOG][2018-06-07 23:26:36,337][INFO][analyze_start()] End time:[Thu Jun  7 23:26:36 2018]
