[INTERNAL_LOG][2018-06-07 22:07:46,914][INFO][analyze_start()] Init Time [Thu Jun  7 22:07:46 2018]
[INTERNAL_LOG][2018-06-07 22:07:47,061][INFO][run()] Start Analysis
[INTERNAL_LOG][2018-06-07 22:07:47,066][INFO][is_hybird()] Hybrid file found are: ['config.xml']
[INTERNAL_LOG][2018-06-07 22:07:47,066][INFO][is_hybird()] [Permission Enble Start]
[INTERNAL_LOG][2018-06-07 22:07:47,066][INFO][is_hybird()] com.amazon.mShop.android.shopping.permission.C2D_MESSAGE
[INTERNAL_LOG][2018-06-07 22:07:47,066][INFO][is_hybird()] com.android.launcher.permission.INSTALL_SHORTCUT
[INTERNAL_LOG][2018-06-07 22:07:47,066][INFO][is_hybird()] com.android.launcher.permission.READ_SETTINGS
[INTERNAL_LOG][2018-06-07 22:07:47,066][INFO][is_hybird()] amazon.permission.COLLECT_METRICS
[INTERNAL_LOG][2018-06-07 22:07:47,066][INFO][is_hybird()] android.permission.READ_CONTACTS
[INTERNAL_LOG][2018-06-07 22:07:47,066][INFO][is_hybird()] android.permission.INTERNET
[INTERNAL_LOG][2018-06-07 22:07:47,066][INFO][is_hybird()] android.permission.ACCESS_NETWORK_STATE
[INTERNAL_LOG][2018-06-07 22:07:47,066][INFO][is_hybird()] com.amazon.dcp.metrics.permission.METRICS_PERMISSION
[INTERNAL_LOG][2018-06-07 22:07:47,066][INFO][is_hybird()] com.amazon.dcp.config.permission.DYN_CONFIG_VALUES_UPDATED
[INTERNAL_LOG][2018-06-07 22:07:47,066][INFO][is_hybird()] android.permission.GET_ACCOUNTS
[INTERNAL_LOG][2018-06-07 22:07:47,066][INFO][is_hybird()] android.permission.USE_CREDENTIALS
[INTERNAL_LOG][2018-06-07 22:07:47,066][INFO][is_hybird()] android.permission.MANAGE_ACCOUNTS
[INTERNAL_LOG][2018-06-07 22:07:47,066][INFO][is_hybird()] android.permission.AUTHENTICATE_ACCOUNTS
[INTERNAL_LOG][2018-06-07 22:07:47,067][INFO][is_hybird()] com.amazon.identity.auth.device.perm.AUTH_SDK
[INTERNAL_LOG][2018-06-07 22:07:47,067][INFO][is_hybird()] com.amazon.identity.permission.GENERIC_IPC
[INTERNAL_LOG][2018-06-07 22:07:47,067][INFO][is_hybird()] com.amazon.dcp.sso.permission.USE_DEVICE_CREDENTIALS
[INTERNAL_LOG][2018-06-07 22:07:47,067][INFO][is_hybird()] com.amazon.dcp.sso.permission.account.changed
[INTERNAL_LOG][2018-06-07 22:07:47,067][INFO][is_hybird()] com.amazon.dcp.sso.permission.MANAGE_COR_PFM
[INTERNAL_LOG][2018-06-07 22:07:47,067][INFO][is_hybird()] com.amazon.dcp.sso.permission.CUSTOMER_ATTRIBUTE_SERVICE
[INTERNAL_LOG][2018-06-07 22:07:47,067][INFO][is_hybird()] com.amazon.identity.permission.CAN_CALL_MAP_INFORMATION_PROVIDER
[INTERNAL_LOG][2018-06-07 22:07:47,067][INFO][is_hybird()] com.amazon.dcp.sso.permission.AmazonAccountPropertyService.property.changed
[INTERNAL_LOG][2018-06-07 22:07:47,067][INFO][is_hybird()] com.amazon.identity.permission.CALL_AMAZON_DEVICE_INFORMATION_PROVIDER
[INTERNAL_LOG][2018-06-07 22:07:47,067][INFO][is_hybird()] com.amazon.appmanager.preload.permission.READ_PRELOAD_DEVICE_INFO_PROVIDER
[INTERNAL_LOG][2018-06-07 22:07:47,067][INFO][is_hybird()] android.permission.ACCESS_WIFI_STATE
[INTERNAL_LOG][2018-06-07 22:07:47,067][INFO][is_hybird()] android.permission.VIBRATE
[INTERNAL_LOG][2018-06-07 22:07:47,067][INFO][is_hybird()] android.permission.ACCESS_FINE_LOCATION
[INTERNAL_LOG][2018-06-07 22:07:47,067][INFO][is_hybird()] android.permission.WAKE_LOCK
[INTERNAL_LOG][2018-06-07 22:07:47,067][INFO][is_hybird()] com.google.android.c2dm.permission.RECEIVE
[INTERNAL_LOG][2018-06-07 22:07:47,067][INFO][is_hybird()] android.permission.RECEIVE_SMS
[INTERNAL_LOG][2018-06-07 22:07:47,067][INFO][is_hybird()] com.amazon.client.metrics.nexus.permission.TRIGGER_UPLOAD
[INTERNAL_LOG][2018-06-07 22:07:47,067][INFO][is_hybird()] android.permission.WRITE_EXTERNAL_STORAGE
[INTERNAL_LOG][2018-06-07 22:07:47,067][INFO][is_hybird()] com.sec.android.provider.badge.permission.READ
[INTERNAL_LOG][2018-06-07 22:07:47,067][INFO][is_hybird()] com.sec.android.provider.badge.permission.WRITE
[INTERNAL_LOG][2018-06-07 22:07:47,068][INFO][is_hybird()] com.htc.launcher.permission.READ_SETTINGS
[INTERNAL_LOG][2018-06-07 22:07:47,068][INFO][is_hybird()] com.htc.launcher.permission.UPDATE_SHORTCUT
[INTERNAL_LOG][2018-06-07 22:07:47,068][INFO][is_hybird()] android.permission.READ_EXTERNAL_STORAGE
[INTERNAL_LOG][2018-06-07 22:07:47,068][INFO][is_hybird()] android.permission.CHANGE_WIFI_STATE
[INTERNAL_LOG][2018-06-07 22:07:47,068][INFO][is_hybird()] android.permission.BLUETOOTH
[INTERNAL_LOG][2018-06-07 22:07:47,068][INFO][is_hybird()] android.permission.BLUETOOTH_ADMIN
[INTERNAL_LOG][2018-06-07 22:07:47,068][INFO][is_hybird()] android.permission.ACCESS_COARSE_LOCATION
[INTERNAL_LOG][2018-06-07 22:07:47,068][INFO][is_hybird()] com.amazon.mShop.android.permission.MAPS_RECEIVE
[INTERNAL_LOG][2018-06-07 22:07:47,068][INFO][is_hybird()] android.permission.RECORD_AUDIO
[INTERNAL_LOG][2018-06-07 22:07:47,068][INFO][is_hybird()] android.permission.CAMERA
[INTERNAL_LOG][2018-06-07 22:07:47,068][INFO][is_hybird()] android.permission.FLASHLIGHT
[INTERNAL_LOG][2018-06-07 22:07:47,068][INFO][is_hybird()] android.permission.MEDIA_CONTENT_CONTROL
[INTERNAL_LOG][2018-06-07 22:07:47,068][INFO][is_hybird()] com.amazon.whas.API_COMMUNICATION
[INTERNAL_LOG][2018-06-07 22:07:47,068][INFO][is_hybird()] com.amazon.whisperjoin.deviceprovisioningservice.WhiteListPolicyUpdate.Permission
[INTERNAL_LOG][2018-06-07 22:07:47,068][INFO][is_hybird()] [Permission End]

[INTERNAL_LOG][2018-06-07 22:07:47,068][INFO][is_hybird()] Starting apktool
[INTERNAL_LOG][2018-06-07 22:08:05,334][INFO][check_whitelist()] [INIT ACCESS ORIGIN LIST]
[INTERNAL_LOG][2018-06-07 22:08:05,345][INFO][check_whitelist()] origin: *
[INTERNAL_LOG][2018-06-07 22:08:05,355][INFO][check_whitelist()] [END ACCESS ORIGIN LIST]

[INTERNAL_LOG][2018-06-07 22:08:05,809][INFO][analyze_start()] TYPE APK: [HYBRID]

[INTERNAL_LOG][2018-06-07 22:08:05,840][INFO][find_string()] [START FILE ANALYZE]
[INTERNAL_LOG][2018-06-07 22:08:05,856][INFO][find_string()] File: assets/smash/transition_hidden.html
[INTERNAL_LOG][2018-06-07 22:08:05,964][INFO][find_string()] No iframe in assets/smash/transition_hidden.html
[INTERNAL_LOG][2018-06-07 22:08:05,979][INFO][find_string()] [END ANALYZE FILE]

[INTERNAL_LOG][2018-06-07 22:10:49,912][INFO][find_url_in_apk()] [START URL LOADED INSIDE LOAD FUNCTION]
[INTERNAL_LOG][2018-06-07 22:10:49,912][INFO][find_url_in_apk()] https://s3.amazonaws.com/a9vsfezfiles/androidtutorial.html
https://s3.amazonaws.com/a9vsfezfiles/androiddollar.html
https://s3.amazonaws.com/a9vsfezfiles/androidmarker.html
https://www.amazon.com/visual-search/help/augmented_reality
https://www.amazon.com/cd/tou/flagpage

[INTERNAL_LOG][2018-06-07 22:10:49,912][INFO][find_url_in_apk()] [END URL LOADED INSIDE LOAD FUNCTION]
[INTERNAL_LOG][2018-06-07 22:10:52,878][ERROR][download_page_loaded()] Failed response code: 500 for https://www.amazon.com/visual-search/help/augmented_reality  
[INTERNAL_LOG][2018-06-07 22:10:53,906][INFO][find_string()] [START REMOTE FILE ANALYZE]
[INTERNAL_LOG][2018-06-07 22:10:53,906][INFO][find_string()] Remote File in: temp_html_code/html_downloaded_Amazon Shopping by Amazon Mobile LLC - com/androidtutorial.html
[INTERNAL_LOG][2018-06-07 22:10:53,906][INFO][find_string()] URL: https://s3.amazonaws.com/a9vsfezfiles/androidtutorial.html
[INTERNAL_LOG][2018-06-07 22:10:53,907][INFO][find_string()] No iframe in temp_html_code/html_downloaded_Amazon Shopping by Amazon Mobile LLC - com/androidtutorial.html
[INTERNAL_LOG][2018-06-07 22:10:53,907][INFO][find_string()] Remote File in: temp_html_code/html_downloaded_Amazon Shopping by Amazon Mobile LLC - com/androiddollar.html
[INTERNAL_LOG][2018-06-07 22:10:53,907][INFO][find_string()] URL: https://s3.amazonaws.com/a9vsfezfiles/androiddollar.html
[INTERNAL_LOG][2018-06-07 22:10:53,908][INFO][find_string()] No iframe in temp_html_code/html_downloaded_Amazon Shopping by Amazon Mobile LLC - com/androiddollar.html
[INTERNAL_LOG][2018-06-07 22:10:53,908][INFO][find_string()] Remote File in: temp_html_code/html_downloaded_Amazon Shopping by Amazon Mobile LLC - com/androidmarker.html
[INTERNAL_LOG][2018-06-07 22:10:53,908][INFO][find_string()] URL: https://s3.amazonaws.com/a9vsfezfiles/androidmarker.html
[INTERNAL_LOG][2018-06-07 22:10:53,910][INFO][find_string()] No iframe in temp_html_code/html_downloaded_Amazon Shopping by Amazon Mobile LLC - com/androidmarker.html
[INTERNAL_LOG][2018-06-07 22:10:53,910][INFO][find_string()] Remote File in: temp_html_code/html_downloaded_Amazon Shopping by Amazon Mobile LLC - com/flagpage
[INTERNAL_LOG][2018-06-07 22:10:53,910][INFO][find_string()] URL: https://www.amazon.com/cd/tou/flagpage
[INTERNAL_LOG][2018-06-07 22:10:53,914][INFO][find_string()] No iframe in temp_html_code/html_downloaded_Amazon Shopping by Amazon Mobile LLC - com/flagpage
[INTERNAL_LOG][2018-06-07 22:10:53,914][INFO][find_string()] [END ANALYZE FILE]

[INTERNAL_LOG][2018-06-07 22:10:53,914][INFO][find_url_in_apk()] [START ALL URL INSIDE APK]
[INTERNAL_LOG][2018-06-07 22:10:53,914][INFO][find_url_in_apk()] http://schemas.android.com/apk/res/android
https://s3.us-east-2.amazonaws.com/a9vsfezcalibration/android/
https://match-visualsearch-beta-iad.iad.proxy.amazon.com
https://match-visualsearch-beta-iad.iad.proxy.amazon.com
https://match-visualsearch-beta-iad.iad.proxy.amazon.com
https://match-visualsearch-beta-iad.iad.proxy.amazon.com
https://match-visualsearch-beta-iad.iad.proxy.amazon.com
https://s3.amazonaws.com/a9vsfezfiles/androidtutorial.html
https://s3.amazonaws.com/a9vsfezfiles/androidtutorial.html
https://s3.amazonaws.com/a9vsfezfiles/amazonfiducial.pdf
https://s3.amazonaws.com/a9vsfezfiles/androiddollar.html
https://s3.amazonaws.com/a9vsfezfiles/androidmarker.html
https://s3-us-west-2.amazonaws.com/firefly-ios/ARProductPreview/IBL.zip
https://www.amazon.com/visual-search/help/augmented_reality
https://match-visualsearch.amazon.com/vlad/trigger
https://match-visualsearch.amazon.com
https://eventlog-visualsearch.amazon.com/vsmetrics
https://eventlog-visualsearch.amazon.com/vsmetrics
https://eventlog-visualsearch.amazon.com/vsmetrics
https://eventlog-visualsearch.amazon.com/vsmetrics
https://play.google.com/store/apps/details?id=com.amazon.clouddrive.photos
https://det-ta-g7g.integ.amazon.com:443
https://det-ta-g7g.amazon.com:443
https://payments.amazon.com/sw/checkin/ace91649-77d0-4521-bf5d-15cb84cb43fb
https://payments.amazon.com/sw/checkin/ace91649-77d0-4521-bf5d-15cb84cb43fb
https://payments.amazon.com/sw/checkin/ace91649-77d0-4521-bf5d-15cb84cb43fb
https://www.amazon.cn/gp/aw/feature/id=cn_app_download
https://www.amazon.com/tomato/goals/v1/
https://www.amazon.com/tomato/goals/v1/
https://www.amazon.com/tomato/goals/v1/
https://www.
https://www.amazon.cn/gp/cb
https://www.amazon.cn/gp/cb
https://msh.amazon.com.au/
https://msh.amazon.co.jp/
https://msh.amazon.com.tr/
https://msh.amazon.fr/
http://localhost:8081/%s.bundle?platform=android&dev=true
http://www.android.com/
https://device-metrics-us.amazon.com:443
https://device-metrics-us.amazon.com:443
https://device-metrics-us-2.amazon.com:443
https://device-metrics-us-2.amazon.com:443
https://dp-mont.integ.amazon.com:443
https://development.amazon.com/photos/api/
https://www.amazon.com/cd/tou/flagpage
https://www.amazon.com/help
https://s3.amazonaws.com/cd-global-nonprod-configuration/clouddrive-horsey-kill-switch/killswitch.json
https://d2yee2ygdidrac.cloudfront.net/killswitch.json
https://fls-na.amazon.com
https://fls-na.amazon.com
https://fls-eu.amazon.com
https://fls-fe.amazon.com
https://fls-cn.amazon.com
https://www.amazon.com/photos/api/
https://s3.amazonaws.com/clouddrivemobile/android/
https://www.amazon.com/gp/help/customer/display.html?nodeId=200557360&ref_=cd_tou_rd&pop-up=1
https://www.amazon.co.uk/gp/help/customer/display.html?nodeId=200896500&ref_=cd_tou_rd&pop-up=1
https://www.amazon.de/gp/help/customer/display.html?nodeId=200897800&ref_=cd_tou_rd&pop-up=1
https://www.amazon.fr/gp/help/customer/display.html?nodeId=200911060&ref_=cd_tou_rd&pop-up=1
https://www.amazon.it/gp/help/customer/display.html?nodeId=200911300&ref_=cd_tou_rd&pop-up=1
https://www.amazon.es/gp/help/customer/display.html?nodeId=200911180&ref_=cd_tou_rd&pop-up=1
https://www.amazon.co.jp/gp/help/customer/display.html?nodeId=200954720&pop-up=1
https://www.amazon.cn/cd/termsofuse?pop-up=1
http://www.amazon.com/workAroundDcpBlackList
http://mads.amazon-adsystem.com/
https://dwxjayoxbnyrr.cloudfront.net/amazon-ads.viewablejs
https://dwxjayoxbnyrr.cloudfront.net/amazon-ads.viewablejs
http://amazon-adsystem.com
http://www.amazon.com/ap/specs/auth/confirm_credentials
http://www.amazon.com/ap/specs/auth/confirm_credentials
https://na-account.integ.amazon.com
https://eu-account.integ.amazon.com
https://apac-account.integ.amazon.com
https://na.account.amazon.com
https://eu.account.amazon.com
https://apac.account.amazon.com
https://api-sandbox.integ.amazon.com
https://api-sandbox.integ.amazon.co.uk
https://api-sandbox-jp.integ.amazon.com
https://api.integ.amazon.com
https://api.integ.amazon.co.uk
https://api.integ.amazon.co.jp
https://api.sandbox.amazon.com
https://api.sandbox.amazon.co.uk
https://api-sandbox.amazon.co.jp
https://api-preprod.amazon.com
https://api-preprod.amazon.co.uk
https://api-preprod.amazon.co.jp
https://api.amazon.com
https://api.amazon.co.uk
https://api.amazon.co.jp
http://specs.openid.net/auth/2.0
http://specs.openid.net/auth/2.0/identifier_select
http://specs.openid.net/extensions/pape/1.0
http://www.amazon.com/ap/ext/oauth/2
https://www
https://www
https://www
https://www.amazon.co.uk
https://www.amazon.co.uk
https://www.amazon.co.uk
https://www.amazon.fr
https://www.amazon.fr
https://www.amazon.fr
https://www.amazon.co.jp
https://www.amazon.co.jp
https://www.amazon.co.jp
https://www.amazon.it
https://www.amazon.it
https://www.amazon.it
https://www.amazon.com.au
https://www.amazon.com.au
https://www.amazon.com.au
https://www.amazon.com.mx
https://www.amazon.com.mx
https://www.amazon.com.mx
https://www.amazon.com.br
https://www.amazon.com.br
https://www.amazon.com.br
https://www.amazon.com
https://www.amazon.com
https://www.amazon.com
https://www.amazon.com
https://www.amazon.com.tr
https://www.amazon.com.tr
https://www.amazon.com.tr
https://www.amazon.es
https://www.amazon.es
https://www.amazon.es
https://www.amazon.de
https://www.amazon.de
https://www.amazon.de
https://www.amazon.in
https://www.amazon.in
https://www.amazon.in
https://www.amazon.cn
https://www.amazon.cn
https://www.amazon.cn
https://www.amazon.ca
https://www.amazon.ca
https://www.amazon.ca
http://www.amazon.co.uk
http://www.amazon.co.uk
http://www.amazon.co.uk
http://www.amazon.fr
http://www.amazon.fr
http://www.amazon.fr
http://www.amazon.co.jp
http://www.amazon.co.jp
http://www.amazon.co.jp
http://www.amazon.it
http://www.amazon.it
http://www.amazon.it
http://www.amazon.com.au
http://www.amazon.com.au
http://www.amazon.com.au
http://www.amazon.com.mx
http://www.amazon.com.mx
http://www.amazon.com.mx
http://www.amazon.com.br
http://www.amazon.com.br
http://www.amazon.com.br
http://www.amazon.com
http://www.amazon.com
http://www.amazon.com
http://www.amazon.com.tr
http://www.amazon.com.tr
http://www.amazon.com.tr
http://www.amazon.es
http://www.amazon.es
http://www.amazon.es
http://www.amazon.de
http://www.amazon.de
http://www.amazon.de
http://www.amazon.in
http://www.amazon.in
http://www.amazon.in
http://www.amazon.cn
http://www.amazon.cn
http://www.amazon.cn
http://www.amazon.ca
http://www.amazon.ca
http://www.amazon.ca
https://avs-alexa-na.amazon.com/v20160207/events
https://polaron.amazon.com/v20160207/events
https://www.amazon.com/gp/alexa-shopping-list
https://payments.amazon.com/sw/ajax/pc/v1/spotlight
https://www.amazon.com/gp/mobile/uwl-landing/ref=mshop_it_am_uwl_l/
https://msh
https://mash-test.integ.amazon.com/mash-api-11.html
https://mash-test.integ.amazon.com/mash-api-11.html
https://mash-test.integ.amazon.com/mash-api-12.html
https://mash-test.integ.amazon.com/mash-api-12.html
https://mash-test.integ.amazon.com/mash-api-13.html
https://mash-test.integ.amazon.com/mash-api-13.html
https://mash-test.integ.amazon.com/mash-api-14.html
https://mash-test.integ.amazon.com/mash-api-14.html
https://mash-test.integ.amazon.com/mash-api-15.html
https://mash-test.integ.amazon.com/mash-api-15.html
https://mash-test.integ.amazon.com/mash-api-16.html
https://mash-test.integ.amazon.com/mash-api-16.html
https://mash-test.integ.amazon.com/MASHCookie.html
https://mash-test.integ.amazon.com/MASHCookie.html
https://mash-test.integ.amazon.com/mash-test-home.html
https://mash-test.integ.amazon.com/mash-test-home.html
https://www.amazon.com/s/browse
https://www.amazon.com/s
http://schemas.android.com/apk/res-auto
http://schemas.android.com/apk/res-auto
http://schemas.android.com/apk/res-auto
https://app.local/
https://s3.amazonaws.com/mshop-ssnap-us/beta
https://s3.amazonaws.com/mshop-ssnap-us/gamma
http://localhost:8082
http://completion.amazon.com
https://completion.amazon.com
http://completion.amazon.cn
https://completion.amazon.cn
http://completion.amazon.co.uk
https://completion.amazon.co.uk
http://www.amazon.jp
https://www.amazon.jp
http://completion.amazon.co.jp
https://completion.amazon.co.jp
http://primenow.amazon.com
https://primenow.amazon.com
http://primenow.amazon.co.uk
https://primenow.amazon.co.uk
http://primenow.amazon.it
https://primenow.amazon.it
http://primenow.amazon.de
https://primenow.amazon.de
http://primenow.amazon.fr
https://primenow.amazon.fr
http://primenow.amazon.es
https://primenow.amazon.es
http://primenow.amazon.co.jp
https://primenow.amazon.co.jp
http://www.amazon.com.sg
https://www.amazon.com.sg
http://primenow.amazon.ca
https://primenow.amazon.ca
http://sxqa-beta-us.amazon.com
https://sxqa-beta-us.amazon.com
http://sxqa-beta-br.amazon.com
https://sxqa-beta-br.amazon.com
http://sxqa-beta-ca.amazon.com
https://sxqa-beta-ca.amazon.com
http://sxqa-beta-cn.amazon.com
https://sxqa-beta-cn.amazon.com
http://sxqa-beta-de.amazon.com
https://sxqa-beta-de.amazon.com
http://sxqa-beta-es.amazon.com
https://sxqa-beta-es.amazon.com
http://sxqa-beta-fr.amazon.com
https://sxqa-beta-fr.amazon.com
http://sxqa-beta-in.amazon.com
https://sxqa-beta-in.amazon.com
http://sxqa-beta-it.amazon.com
https://sxqa-beta-it.amazon.com
http://sxqa-beta-jp.amazon.com
https://sxqa-beta-jp.amazon.com
http://sxqa-beta-uk.amazon.com
https://sxqa-beta-uk.amazon.com
http://sxqa-beta-au.amazon.com
https://sxqa-beta-au.amazon.com
http://sxqa-beta-mx.amazon.com
https://sxqa-beta-mx.amazon.com
http://sxqa-gamma-us.amazon.com
https://sxqa-gamma-us.amazon.com
http://sxqa-gamma-br.amazon.com
https://sxqa-gamma-br.amazon.com
http://sxqa-gamma-ca.amazon.com
https://sxqa-gamma-ca.amazon.com
http://sxqa-gamma-cn.amazon.com
https://sxqa-gamma-cn.amazon.com
http://sxqa-gamma-de.amazon.com
https://sxqa-gamma-de.amazon.com
http://sxqa-gamma-es.amazon.com
https://sxqa-gamma-es.amazon.com
http://sxqa-gamma-fr.amazon.com
https://sxqa-gamma-fr.amazon.com
http://sxqa-gamma-in.amazon.com
https://sxqa-gamma-in.amazon.com
http://sxqa-gamma-it.amazon.com
https://sxqa-gamma-it.amazon.com
http://sxqa-gamma-jp.amazon.com
https://sxqa-gamma-jp.amazon.com
http://sxqa-gamma-uk.amazon.com
https://sxqa-gamma-uk.amazon.com
http://sxqa-gamma-au.amazon.com
https://sxqa-gamma-au.amazon.com
http://sxqa-gamma-mx.amazon.com
https://sxqa-gamma-mx.amazon.com
http://primenow-preprod.amazon.com
https://primenow-preprod.amazon.com
http://primenow-preprod-uk.dub.amazon.com
https://primenow-preprod-uk.dub.amazon.com
http://primenow-it-preprod.dub.amazon.com
https://primenow-it-preprod.dub.amazon.com
http://primenow-de-preprod.dub.amazon.com
https://primenow-de-preprod.dub.amazon.com
http://primenow-fr-preprod.dub.amazon.com
https://primenow-fr-preprod.dub.amazon.com
http://primenow-es-preprod.dub.amazon.com
https://primenow-es-preprod.dub.amazon.com
http://primenow-jp-preprod.pdx.amazon.com
https://primenow-jp-preprod.pdx.amazon.com
http://primenow-preprod.amazon.ca
https://primenow-preprod.amazon.ca
https://www.amazon.in/gp/delivery/ajax/validate-zipcode.html
http://localhost:
http://localhost:
https://www.amazon.com/transparency/api/v1/codes/
https://www.amazon.com/visual-search/help/
https://www.amazon.com/visual-search/help/
https://d1fpocr6uub3rt.cloudfront.net/A9VSFireflyConfig.json
https://www.amazon.com/gp/your-account/order-history
https://www.amazon.com/gp/your-account/order-history
https://s3.amazonaws.com/camera-search-registry-assets/Android/A9VSRegistryAssets.json
https://credential-locker-service.amazon.com
https://dss-na.amazon.com
https://dss-na.amazon.com
https://rzy2c39fu3.execute-api.us-east-1.amazonaws.com/prod/
https://rzy2c39fu3.execute-api.us-east-1.amazonaws.com/prod/
https://arcus-uswest.amazon.com
https://graph.%s
https://graph-video.%s
https://facebook.com
http://play.google.com/store/apps/details?id=com.facebook.orca
http://plus.google.com/
http://plus.google.com/
https://clients4.google.com/glm/mmap
https://mapsengine.google.com/%s/maptile/maps?v=%s&authToken=%s&x=%d&y=%d&z=%d&s=
https://cbk0.google.com/cbk?cb_client=an_mobile&output=report&panoid=
https://csi.gstatic.com/csi
http://maps.google.com/maps?saddr=&daddr=
https://www.google.com/maps/photometa/v1
https://www.google.com/maps/photometa/si/v1
https://www.google.com/maps/photometa/ac/v1
https://geo0.ggpht.com/cbk
https://lh5.ggpht.com/
https://kh.google.com/rt/earth
https://www.google.com/maps/vt/
https://support.google.com/gmm/?p=place_questions
https://support.google.com/maps/?p=ios_send_to_phone
https://support.google.com/gmm/?p=android_home_sign_in
https://history.google.com/history/settings
https://support.google.com/gmm/?p=android_home_web_history
https://support.google.com/gmm/?p=android_home_set_home
https://support.google.com/gmm/?p=questions_help
https://ssl.gstatic.com/accessibility/javascript/android/

[INTERNAL_LOG][2018-06-07 22:10:53,914][INFO][find_url_in_apk()] [END ALL URL INSIDE APK]
[INTERNAL_LOG][2018-06-07 22:10:53,923][INFO][check_method_conf()] [JavaScript enabled: True]

[INTERNAL_LOG][2018-06-07 22:10:53,923][INFO][check_method_conf()] [Add interface WebView: True]

[INTERNAL_LOG][2018-06-07 22:10:53,923][INFO][analyze_start()] This app might be not vulnerable on  attack frame confusion.
[INTERNAL_LOG][2018-06-07 22:10:53,923][INFO][analyze_start()] End time:[Thu Jun  7 22:10:53 2018]
