[INTERNAL_LOG][2018-06-08 02:38:04,455][INFO][analyze_start()] Init Time [Fri Jun  8 02:38:04 2018]
[INTERNAL_LOG][2018-06-08 02:38:04,518][INFO][run()] Start Analysis
[INTERNAL_LOG][2018-06-08 02:38:04,520][INFO][is_hybird()] [Permission Enble Start]
[INTERNAL_LOG][2018-06-08 02:38:04,520][INFO][is_hybird()] android.permission.READ_PHONE_STATE
[INTERNAL_LOG][2018-06-08 02:38:04,521][INFO][is_hybird()] android.permission.CALL_PHONE
[INTERNAL_LOG][2018-06-08 02:38:04,521][INFO][is_hybird()] android.permission.READ_CALL_LOG
[INTERNAL_LOG][2018-06-08 02:38:04,521][INFO][is_hybird()] android.permission.READ_CONTACTS
[INTERNAL_LOG][2018-06-08 02:38:04,521][INFO][is_hybird()] android.permission.GET_ACCOUNTS
[INTERNAL_LOG][2018-06-08 02:38:04,521][INFO][is_hybird()] android.permission.ACCESS_FINE_LOCATION
[INTERNAL_LOG][2018-06-08 02:38:04,521][INFO][is_hybird()] com.google.android.gms.permission.CAR_SPEED
[INTERNAL_LOG][2018-06-08 02:38:04,521][INFO][is_hybird()] android.permission.RECEIVE_SMS
[INTERNAL_LOG][2018-06-08 02:38:04,521][INFO][is_hybird()] android.permission.SEND_SMS
[INTERNAL_LOG][2018-06-08 02:38:04,521][INFO][is_hybird()] android.permission.RECORD_AUDIO
[INTERNAL_LOG][2018-06-08 02:38:04,521][INFO][is_hybird()] android.permission.READ_CALENDAR
[INTERNAL_LOG][2018-06-08 02:38:04,521][INFO][is_hybird()] android.permission.WAKE_LOCK
[INTERNAL_LOG][2018-06-08 02:38:04,521][INFO][is_hybird()] android.permission.INTERNET
[INTERNAL_LOG][2018-06-08 02:38:04,521][INFO][is_hybird()] android.permission.ACCESS_NETWORK_STATE
[INTERNAL_LOG][2018-06-08 02:38:04,521][INFO][is_hybird()] android.permission.ACCESS_WIFI_STATE
[INTERNAL_LOG][2018-06-08 02:38:04,521][INFO][is_hybird()] com.google.android.providers.gsf.permission.READ_GSERVICES
[INTERNAL_LOG][2018-06-08 02:38:04,521][INFO][is_hybird()] android.permission.SYSTEM_ALERT_WINDOW
[INTERNAL_LOG][2018-06-08 02:38:04,521][INFO][is_hybird()] android.permission.BLUETOOTH
[INTERNAL_LOG][2018-06-08 02:38:04,521][INFO][is_hybird()] android.permission.BLUETOOTH_ADMIN
[INTERNAL_LOG][2018-06-08 02:38:04,521][INFO][is_hybird()] android.permission.CHANGE_WIFI_STATE
[INTERNAL_LOG][2018-06-08 02:38:04,521][INFO][is_hybird()] com.android.launcher.permission.INSTALL_SHORTCUT
[INTERNAL_LOG][2018-06-08 02:38:04,521][INFO][is_hybird()] android.permission.FOREGROUND_SERVICE
[INTERNAL_LOG][2018-06-08 02:38:04,521][INFO][is_hybird()] android.permission.ACCESS_NOTIFICATION_POLICY
[INTERNAL_LOG][2018-06-08 02:38:04,521][INFO][is_hybird()] android.permission.RECEIVE_BOOT_COMPLETED
[INTERNAL_LOG][2018-06-08 02:38:04,521][INFO][is_hybird()] com.google.android.gms.permission.ACTIVITY_RECOGNITION
[INTERNAL_LOG][2018-06-08 02:38:04,521][INFO][is_hybird()] [Permission End]

[INTERNAL_LOG][2018-06-08 02:38:04,522][INFO][analyze_start()] TYPE APK: [ANDROID NATIVE]

[INTERNAL_LOG][2018-06-08 02:38:04,522][INFO][find_string()] [START FILE ANALYZE]
[INTERNAL_LOG][2018-06-08 02:38:04,522][INFO][find_string()] [END ANALYZE FILE]

[INTERNAL_LOG][2018-06-08 02:38:30,364][INFO][find_url_in_apk()] [START ALL URL INSIDE APK]
[INTERNAL_LOG][2018-06-08 02:38:30,364][INFO][find_url_in_apk()] http://www.android.com/auto/#hit-the-road
https://play.google.com/store/apps/collection/promotion_collections_android_auto
https://www.youtube.com/watch?v=_eR9pS6tJDI
https://support.google.com/androidauto/topic/6106806
https://www.googleapis.com/auth/paths.notifications
https://www.googleapis.com/auth/googlenow
https://www.googleapis.com/auth/personal_derived_data
https://pagead2.googlesyndication.com/pagead/gen_204?id=gmob-apps
http://www.google-analytics.com
https://ssl.google-analytics.com
https://plus.google.com/
http://hostname/?
http://hostname/?
https://www.google-analytics.com
https://clients4.google.com/insights/consumersurveys/gk/prompt
http://www.gstatic.com/images/icons/material/apps/weather/2x/mostly_sunny_light_color_96dp.png
https://inputtools.google.com
http://www.google.com/policies/privacy/
http://www.google.com/policies/terms/
http://schemas.android.com/apk/res/android
https://www.googleapis.com/auth/games

[INTERNAL_LOG][2018-06-08 02:38:30,364][INFO][find_url_in_apk()] [END ALL URL INSIDE APK]
[INTERNAL_LOG][2018-06-08 02:38:30,365][INFO][check_method_conf()] [JavaScript enabled: False]

[INTERNAL_LOG][2018-06-08 02:38:30,365][INFO][check_method_conf()] [Add interface WebView: False]

[INTERNAL_LOG][2018-06-08 02:38:30,365][INFO][analyze_start()] This app might be not vulnerable on  attack frame confusion.
[INTERNAL_LOG][2018-06-08 02:38:30,366][INFO][analyze_start()] End time:[Fri Jun  8 02:38:30 2018]
