[INTERNAL_LOG][2018-06-07 22:40:00,152][INFO][analyze_start()] Init Time [Thu Jun  7 22:40:00 2018]
[INTERNAL_LOG][2018-06-07 22:40:00,353][INFO][run()] Start Analysis
[INTERNAL_LOG][2018-06-07 22:40:00,357][INFO][is_hybird()] [Permission Enble Start]
[INTERNAL_LOG][2018-06-07 22:40:00,357][INFO][is_hybird()] android.permission.INTERNET
[INTERNAL_LOG][2018-06-07 22:40:00,357][INFO][is_hybird()] com.google.android.c2dm.permission.RECEIVE
[INTERNAL_LOG][2018-06-07 22:40:00,357][INFO][is_hybird()] android.permission.ACCESS_NETWORK_STATE
[INTERNAL_LOG][2018-06-07 22:40:00,357][INFO][is_hybird()] android.permission.WAKE_LOCK
[INTERNAL_LOG][2018-06-07 22:40:00,357][INFO][is_hybird()] com.rovio.angrybirds.permission.C2D_MESSAGE
[INTERNAL_LOG][2018-06-07 22:40:00,357][INFO][is_hybird()] com.google.android.c2dm.permission.REGISTRATION
[INTERNAL_LOG][2018-06-07 22:40:00,357][INFO][is_hybird()] com.android.vending.BILLING
[INTERNAL_LOG][2018-06-07 22:40:00,357][INFO][is_hybird()] android.permission.GET_ACCOUNTS
[INTERNAL_LOG][2018-06-07 22:40:00,357][INFO][is_hybird()] android.permission.WRITE_EXTERNAL_STORAGE
[INTERNAL_LOG][2018-06-07 22:40:00,357][INFO][is_hybird()] com.google.android.finsky.permission.BIND_GET_INSTALL_REFERRER_SERVICE
[INTERNAL_LOG][2018-06-07 22:40:00,357][INFO][is_hybird()] [Permission End]

[INTERNAL_LOG][2018-06-07 22:40:00,357][INFO][analyze_start()] TYPE APK: [ANDROID NATIVE]

[INTERNAL_LOG][2018-06-07 22:40:00,357][INFO][find_string()] [START FILE ANALYZE]
[INTERNAL_LOG][2018-06-07 22:40:00,358][INFO][find_string()] [END ANALYZE FILE]

[INTERNAL_LOG][2018-06-07 22:40:28,502][INFO][find_url_in_apk()] [START ALL URL INSIDE APK]
[INTERNAL_LOG][2018-06-07 22:40:28,508][INFO][find_url_in_apk()] http://schemas.android.com/apk/res/android
https://adc3-launch-server-staging.herokuapp.com/v4/launch
https://adc3-launch.adcolony.com/v4/launch
https://adc3-launch.adcolony.com/v4/launch
https://wd.adcolony.com/logs
https://play.google.com/store/apps/details?id=%s
https://www.facebook.com/audience_network/server_side_reward
https://www.%s.facebook.com/audience_network/server_side_reward
https://graph.facebook.com/network_ads_common
https://graph.%s.facebook.com/network_ads_common
https://www.facebook.com/adnw_logging/
https://www.%s.facebook.com/adnw_logging/
http://play.google.com/store/apps/
https://www.facebook.com/
https://www.%s.facebook.com
http://www.facebook.com
https://graph.%s
https://graph-video.%s
https://facebook.com
http://play.google.com/store/apps/details?id=com.facebook.orca
https://proton.flurry.com/sdk/v1/config
https://data.flurry.com/pcr.do
https://data.flurry.com/aap.do
http://data.flurry.com/aap.do
https://pagead2.googlesyndication.com/pagead/gen_204?id=gmob-apps
https://www.googleapis.com/auth/games_lite
https://www.googleapis.com/auth/games
https://plus.google.com/
https://z.moatads.com/
http://www.rovio.com/privacy/
http://www.rovio.com/privacy/
http://www.rovio.com/eula
http://xmlpull.org/v1/doc/features.html#process-namespaces
https://graph.facebook.com/v2.7/
https://graph.facebook.com/v2.7/
https://config.unityads.unity3d.com/webview/
https://www.vungle.com/privacy/
https://www.vungle.com/privacy/
http://lol.vungle.com/
https://api.vungle.com/
https://ads.api.vungle.com/config
https://sdk.hockeyapp.net/
https://sdk.hockeyapp.net/
https://sdk.hockeyapp.net/
https://sdk.hockeyapp.net/
https://sdk.hockeyapp.net/
https://sdk.hockeyapp.net/
https://sdk.hockeyapp.net/
https://sdk.hockeyapp.net/
https://sdk.hockeyapp.net/
https://sdk.hockeyapp.net/
https://rink.hockeyapp.net/api/2/apps/
https://gate.hockeyapp.net/v2/track
http://localhost/
http://localhost/
http://localhost/

[INTERNAL_LOG][2018-06-07 22:40:28,509][INFO][find_url_in_apk()] [END ALL URL INSIDE APK]
[INTERNAL_LOG][2018-06-07 22:40:28,527][INFO][check_method_conf()] [JavaScript enabled: True]

[INTERNAL_LOG][2018-06-07 22:40:28,528][INFO][check_method_conf()] [Add interface WebView: True]

[INTERNAL_LOG][2018-06-07 22:40:28,528][INFO][analyze_start()] This app might be not vulnerable on  attack frame confusion.
[INTERNAL_LOG][2018-06-07 22:40:28,528][INFO][analyze_start()] End time:[Thu Jun  7 22:40:28 2018]
