[INTERNAL_LOG][2018-06-07 23:14:56,499][INFO][analyze_start()] Init Time [Thu Jun  7 23:14:56 2018]
[INTERNAL_LOG][2018-06-07 23:14:56,590][INFO][run()] Start Analysis
[INTERNAL_LOG][2018-06-07 23:14:56,591][INFO][is_hybird()] Hybrid file found are: ['config.xml']
[INTERNAL_LOG][2018-06-07 23:14:56,591][INFO][is_hybird()] [Permission Enble Start]
[INTERNAL_LOG][2018-06-07 23:14:56,591][INFO][is_hybird()] com.android.vending.CHECK_LICENSE
[INTERNAL_LOG][2018-06-07 23:14:56,591][INFO][is_hybird()] android.permission.WAKE_LOCK
[INTERNAL_LOG][2018-06-07 23:14:56,591][INFO][is_hybird()] android.permission.READ_EXTERNAL_STORAGE
[INTERNAL_LOG][2018-06-07 23:14:56,591][INFO][is_hybird()] android.permission.ACCESS_NETWORK_STATE
[INTERNAL_LOG][2018-06-07 23:14:56,591][INFO][is_hybird()] com.android.vending.BILLING
[INTERNAL_LOG][2018-06-07 23:14:56,591][INFO][is_hybird()] com.google.android.c2dm.permission.RECEIVE
[INTERNAL_LOG][2018-06-07 23:14:56,591][INFO][is_hybird()] com.rovio.gold.permission.C2D_MESSAGE
[INTERNAL_LOG][2018-06-07 23:14:56,591][INFO][is_hybird()] android.permission.INTERNET
[INTERNAL_LOG][2018-06-07 23:14:56,591][INFO][is_hybird()] android.permission.WRITE_EXTERNAL_STORAGE
[INTERNAL_LOG][2018-06-07 23:14:56,591][INFO][is_hybird()] android.permission.READ_PHONE_STATE
[INTERNAL_LOG][2018-06-07 23:14:56,591][INFO][is_hybird()] android.permission.GET_ACCOUNTS
[INTERNAL_LOG][2018-06-07 23:14:56,591][INFO][is_hybird()] android.permission.GET_TASKS
[INTERNAL_LOG][2018-06-07 23:14:56,591][INFO][is_hybird()] android.permission.USE_CREDENTIALS
[INTERNAL_LOG][2018-06-07 23:14:56,592][INFO][is_hybird()] com.google.android.finsky.permission.BIND_GET_INSTALL_REFERRER_SERVICE
[INTERNAL_LOG][2018-06-07 23:14:56,592][INFO][is_hybird()] [Permission End]

[INTERNAL_LOG][2018-06-07 23:14:56,592][INFO][is_hybird()] Starting apktool
[INTERNAL_LOG][2018-06-07 23:15:05,505][ERROR][is_hybird()] [ERROR file config.xmls] [Errno 2] No such file or directory: 'temp_dir/res/xml/config.xml' 

[INTERNAL_LOG][2018-06-07 23:15:05,536][INFO][analyze_start()] TYPE APK: [HYBRID]

[INTERNAL_LOG][2018-06-07 23:15:05,566][INFO][find_string()] [START FILE ANALYZE]
[INTERNAL_LOG][2018-06-07 23:15:05,577][INFO][find_string()] [END ANALYZE FILE]

[INTERNAL_LOG][2018-06-07 23:15:34,924][INFO][find_url_in_apk()] [START ALL URL INSIDE APK]
[INTERNAL_LOG][2018-06-07 23:15:34,925][INFO][find_url_in_apk()] https://adc3-launch-server-staging.herokuapp.com/v4/launch
https://adc3-launch.adcolony.com/v4/launch
https://adc3-launch.adcolony.com/v4/launch
https://wd.adcolony.com/logs
https://app.adjust.com
https://app.adjust.com
https://play.google.com/store/apps/details?id=%s
https://www.facebook.com/audience_network/server_side_reward
https://www.%s.facebook.com/audience_network/server_side_reward
https://graph.facebook.com/network_ads_common
https://graph.%s.facebook.com/network_ads_common
https://www.facebook.com/adnw_logging/
https://www.%s.facebook.com/adnw_logging/
http://play.google.com/store/apps/
https://www.facebook.com/
https://www.%s.facebook.com
http://www.facebook.com
https://graph.%s
https://graph-video.%s
https://facebook.com
http://play.google.com/store/apps/details?id=com.facebook.orca
https://proton.flurry.com/sdk/v1/config
https://data.flurry.com/pcr.do
https://data.flurry.com/aap.do
http://data.flurry.com/aap.do
https://pagead2.googlesyndication.com/pagead/gen_204?id=gmob-apps
https://accounts.google.com
https://www.facebook.com
http://plus.google.com/
https://www.googleapis.com/auth/drive.file
https://www.googleapis.com/auth/drive.appdata
https://www.googleapis.com/auth/drive
https://www.googleapis.com/auth/drive.apps
https://www.googleapis.com/auth/games
https://www.googleapis.com/auth/games
https://www.googleapis.com/auth/games.firstparty
https://www.googleapis.com/auth/games.firstparty
http://www.example.com
http://www.example.com
https://googleads.g.doubleclick.net/mads/static/mad/sdk/native/sdk-core-v40.html
https://googleads.g.doubleclick.net/mads/static/mad/sdk/native/mraid/v2/mraid_app_banner.js
https://googleads.g.doubleclick.net/mads/static/mad/sdk/native/mraid/v2/mraid_app_expanded_banner.js
https://googleads.g.doubleclick.net/mads/static/mad/sdk/native/mraid/v2/mraid_app_interstitial.js
https://csi.gstatic.com/csi
https://www.google.com/dfp/linkDevice
https://www.google.com/dfp/inAppPreview
https://www.google.com/dfp/debugSignals
https://www.google.com/dfp/sendDebugData
https://pagead2.googlesyndication.com/pagead/gen_204
http://www.google.com
https://z.moatads.com/
http://www.rovio.com/privacy/
http://www.rovio.com/privacy/
http://www.rovio.com/eula
http://xmlpull.org/v1/doc/features.html#process-namespaces
https://graph.facebook.com/v2.7/
https://graph.facebook.com/v2.7/
https://config.unityads.unity3d.com/webview/
https://www.vungle.com/privacy/
https://www.vungle.com/privacy/
https://api.vungle.com/
https://ads.api.vungle.com/config
http://lol.vungle.com/
http://localhost/
http://localhost/
http://localhost/

[INTERNAL_LOG][2018-06-07 23:15:34,925][INFO][find_url_in_apk()] [END ALL URL INSIDE APK]
[INTERNAL_LOG][2018-06-07 23:15:34,930][INFO][check_method_conf()] [JavaScript enabled: True]

[INTERNAL_LOG][2018-06-07 23:15:34,930][INFO][check_method_conf()] [Add interface WebView: True]

[INTERNAL_LOG][2018-06-07 23:15:34,930][INFO][analyze_start()] This app might be not vulnerable on  attack frame confusion.
[INTERNAL_LOG][2018-06-07 23:15:34,930][INFO][analyze_start()] End time:[Thu Jun  7 23:15:34 2018]
