[INTERNAL_LOG][2018-06-08 03:01:30,978][INFO][analyze_start()] Init Time [Fri Jun  8 03:01:30 2018]
[INTERNAL_LOG][2018-06-08 03:01:31,015][INFO][run()] Start Analysis
[INTERNAL_LOG][2018-06-08 03:01:31,017][INFO][is_hybird()] [Permission Enble Start]
[INTERNAL_LOG][2018-06-08 03:01:31,017][INFO][is_hybird()] android.permission.READ_PHONE_STATE
[INTERNAL_LOG][2018-06-08 03:01:31,017][INFO][is_hybird()] android.permission.WRITE_EXTERNAL_STORAGE
[INTERNAL_LOG][2018-06-08 03:01:31,017][INFO][is_hybird()] android.permission.RECORD_AUDIO
[INTERNAL_LOG][2018-06-08 03:01:31,017][INFO][is_hybird()] android.permission.RECEIVE_BOOT_COMPLETED
[INTERNAL_LOG][2018-06-08 03:01:31,017][INFO][is_hybird()] android.permission.WRITE_OWNER_DATA
[INTERNAL_LOG][2018-06-08 03:01:31,017][INFO][is_hybird()] android.permission.READ_CONTACTS
[INTERNAL_LOG][2018-06-08 03:01:31,017][INFO][is_hybird()] android.permission.PROCESS_OUTGOING_CALLS
[INTERNAL_LOG][2018-06-08 03:01:31,017][INFO][is_hybird()] android.permission.MODIFY_AUDIO_SETTINGS
[INTERNAL_LOG][2018-06-08 03:01:31,017][INFO][is_hybird()] android.permission.INTERNET
[INTERNAL_LOG][2018-06-08 03:01:31,017][INFO][is_hybird()] android.permission.ACCESS_NETWORK_STATE
[INTERNAL_LOG][2018-06-08 03:01:31,017][INFO][is_hybird()] android.permission.VIBRATE
[INTERNAL_LOG][2018-06-08 03:01:31,017][INFO][is_hybird()] android.permission.BLUETOOTH
[INTERNAL_LOG][2018-06-08 03:01:31,017][INFO][is_hybird()] android.permission.GET_ACCOUNTS
[INTERNAL_LOG][2018-06-08 03:01:31,017][INFO][is_hybird()] com.google.android.providers.gsf.permission.READ_GSERVICES
[INTERNAL_LOG][2018-06-08 03:01:31,017][INFO][is_hybird()] android.permission.READ_EXTERNAL_STORAGE
[INTERNAL_LOG][2018-06-08 03:01:31,017][INFO][is_hybird()] [Permission End]

[INTERNAL_LOG][2018-06-08 03:01:31,017][INFO][analyze_start()] TYPE APK: [ANDROID NATIVE]

[INTERNAL_LOG][2018-06-08 03:01:31,018][INFO][find_string()] [START FILE ANALYZE]
[INTERNAL_LOG][2018-06-08 03:01:31,018][INFO][find_string()] File: assets/www/about.html
[INTERNAL_LOG][2018-06-08 03:01:31,034][INFO][find_string()] No iframe in assets/www/about.html
[INTERNAL_LOG][2018-06-08 03:01:31,035][INFO][find_string()] File: assets/www/whats_new/index.html
[INTERNAL_LOG][2018-06-08 03:01:31,037][INFO][find_string()] No iframe in assets/www/whats_new/index.html
[INTERNAL_LOG][2018-06-08 03:01:31,037][INFO][find_string()] [END ANALYZE FILE]

[INTERNAL_LOG][2018-06-08 03:01:48,623][INFO][find_url_in_apk()] [START ALL URL INSIDE APK]
[INTERNAL_LOG][2018-06-08 03:01:48,623][INFO][find_url_in_apk()] http://schemas.android.com/apk/res/android
https://www.googleapis.com/auth/drive.file
https://www.googleapis.com/auth/drive.metadata.readonly
http://market.android.com/details?id=
https://www.appliqato.com/%s
https://www.googleapis.com/batch
http://google.com/
https://www.googleapis.com/
http://www.example.com
http://www.example.com
https://googleads.g.doubleclick.net/mads/static/mad/sdk/native/sdk-core-v40.html
https://googleads.g.doubleclick.net/mads/static/mad/sdk/native/mraid/v2/mraid_app_banner.js
https://googleads.g.doubleclick.net/mads/static/mad/sdk/native/mraid/v2/mraid_app_expanded_banner.js
https://googleads.g.doubleclick.net/mads/static/mad/sdk/native/mraid/v2/mraid_app_interstitial.js
https://csi.gstatic.com/csi
https://sb-ssl.google.com/safebrowsing/clientreport/malware
https://pagead2.googlesyndication.com/pagead/gen_204
http://www.google.com
http://plus.google.com/

[INTERNAL_LOG][2018-06-08 03:01:48,623][INFO][find_url_in_apk()] [END ALL URL INSIDE APK]
[INTERNAL_LOG][2018-06-08 03:01:48,625][INFO][check_method_conf()] [JavaScript enabled: True]

[INTERNAL_LOG][2018-06-08 03:01:48,625][INFO][check_method_conf()] [Add interface WebView: True]

[INTERNAL_LOG][2018-06-08 03:01:48,625][INFO][analyze_start()] This app might be not vulnerable on  attack frame confusion.
[INTERNAL_LOG][2018-06-08 03:01:48,625][INFO][analyze_start()] End time:[Fri Jun  8 03:01:48 2018]
