[INTERNAL_LOG][2018-06-07 21:12:39,380][INFO][analyze_start()] Init Time [Thu Jun  7 21:12:39 2018]
[INTERNAL_LOG][2018-06-07 21:12:39,628][INFO][run()] Start Analysis
[INTERNAL_LOG][2018-06-07 21:12:39,635][INFO][is_hybird()] Hybrid file found are: ['config.xml']
[INTERNAL_LOG][2018-06-07 21:12:39,636][INFO][is_hybird()] [Permission Enble Start]
[INTERNAL_LOG][2018-06-07 21:12:39,636][INFO][is_hybird()] com.android.vending.BILLING
[INTERNAL_LOG][2018-06-07 21:12:39,636][INFO][is_hybird()] android.permission.INTERNET
[INTERNAL_LOG][2018-06-07 21:12:39,636][INFO][is_hybird()] android.permission.ACCESS_WIFI_STATE
[INTERNAL_LOG][2018-06-07 21:12:39,636][INFO][is_hybird()] android.permission.ACCESS_NETWORK_STATE
[INTERNAL_LOG][2018-06-07 21:12:39,636][INFO][is_hybird()] android.permission.VIBRATE
[INTERNAL_LOG][2018-06-07 21:12:39,636][INFO][is_hybird()] com.google.android.finsky.permission.BIND_GET_INSTALL_REFERRER_SERVICE
[INTERNAL_LOG][2018-06-07 21:12:39,636][INFO][is_hybird()] [Permission End]

[INTERNAL_LOG][2018-06-07 21:12:39,636][INFO][is_hybird()] Starting apktool
[INTERNAL_LOG][2018-06-07 21:12:49,955][ERROR][is_hybird()] [ERROR file config.xmls] [Errno 2] No such file or directory: 'temp_dir/res/xml/config.xml' 

[INTERNAL_LOG][2018-06-07 21:12:49,966][INFO][analyze_start()] TYPE APK: [HYBRID]

[INTERNAL_LOG][2018-06-07 21:12:49,966][INFO][find_string()] [START FILE ANALYZE]
[INTERNAL_LOG][2018-06-07 21:12:49,966][INFO][find_string()] File: assets/WebView_Youtube.html
[INTERNAL_LOG][2018-06-07 21:12:49,972][INFO][find_string()] No iframe in assets/WebView_Youtube.html
[INTERNAL_LOG][2018-06-07 21:12:49,973][INFO][find_string()] File: assets/js/closebutton.html
[INTERNAL_LOG][2018-06-07 21:12:49,973][INFO][find_string()] No iframe in assets/js/closebutton.html
[INTERNAL_LOG][2018-06-07 21:12:49,973][INFO][find_string()] File: js/closebutton.html
[INTERNAL_LOG][2018-06-07 21:12:49,974][INFO][find_string()] No iframe in js/closebutton.html
[INTERNAL_LOG][2018-06-07 21:12:49,974][INFO][find_string()] [END ANALYZE FILE]

[INTERNAL_LOG][2018-06-07 21:13:12,352][INFO][find_url_in_apk()] [START ALL URL INSIDE APK]
[INTERNAL_LOG][2018-06-07 21:13:12,353][INFO][find_url_in_apk()] http://schemas.android.com/apk/res/android
https://adc3-launch-server-staging.herokuapp.com/v4/launch
https://adc3-launch.adcolony.com/v4/launch
https://adc3-launch.adcolony.com/v4/launch
https://wd.adcolony.com/logs
https://api.amplitude.com/
http://schemas.applovin.com/android/1.0
http://schemas.applovin.com/android/1.0
https://d.applovin.com/
https://a.applovin.com/
https://rt.applovin.com/med
https://rt.applovin.com/pix
https://d.applvn.com/
https://a.applvn.com/
https://rt.applvn.com/pix
https://vid.applovin.com/,https://pdn.applovin.com/,https://img.applovin.com/,https://d.applovin.com/,https://assets.applovin.com/,https://cdnjs.cloudflare.com/,http://vid.applovin.com/,http://pdn.applovin.com/,http://img.applovin.com/,http://d.applovin.com/,http://assets.applovin.com/,http://cdnjs.cloudflare.com/
https://api.%s/install_data/v3/
https://attr.%s/api/v
https://t.%s/api/v
https://events.%s/api/v
https://register.%s/api/v
https://stats.%s/stats
https://onelink.%s/shortlink-sdk/v1
https://onelink.%s/shortlink-sdk/v1
https://app.%s
https://app.%s
https://impression.%s
https://validate.%s/api/v
https://sdk-services.%s/validate-android-signature
https://monitorsdk.%s/remote-debug?app_id=
https://play.google.com/store/apps/details?id=%s
https://www.facebook.com/audience_network/server_side_reward
https://www.%s.facebook.com/audience_network/server_side_reward
https://graph.facebook.com/network_ads_common
https://graph.%s.facebook.com/network_ads_common
https://www.facebook.com/adnw_logging/
https://www.%s.facebook.com/adnw_logging/
http://play.google.com/store/apps/
https://www.facebook.com/
https://www.%s.facebook.com
http://www.facebook.com
https://graph.%s
https://graph-video.%s
https://facebook.com
http://play.google.com/store/apps/details?id=com.facebook.orca
https://pagead2.googlesyndication.com/pagead/gen_204?id=gmob-apps
https://accounts.google.com
https://www.facebook.com
https://www.googleapis.com/auth/games
https://www.googleapis.com/auth/games
https://www.googleapis.com/auth/games
https://plus.google.com/
https://www.googleapis.com/auth/drive.file
https://www.googleapis.com/auth/drive.appdata
https://www.googleapis.com/auth/drive
https://www.googleapis.com/auth/drive.apps
https://www.googleapis.com/auth/games_lite
https://www.googleapis.com/auth/games.firstparty
https://www.googleapis.com/auth/games.firstparty
https://mobile-static.adsafeprotected.com/avid-v2.js
https://track.atom-data.io
https://track.atom-data.io
https://track.atom-data.io
https://outcome.supersonicads.com/mediation/
https://outcome.supersonicads.com/mediation/
https://mobilelogs.supersonic.com
https://init.supersonicads.com/sdk/v
https://www.supersonicads.com/mobile/sdk5/log?method=
https://www.supersonicads.com/mobile/sdk5/log?method=
https://www.supersonicads.com/mobile/sdk5/log?method=
https://www.supersonicads.com/mobile/sdk5/log?method=
https://www.supersonicads.com/mobile/sdk5/log?method=
https://www.supersonicads.com/mobile/sdk5/log?method=
https://www.supersonicads.com/mobile/sdk5/log?method=
https://www.supersonicads.com/mobile/sdk5/log?method=
https://www.supersonicads.com/mobile/sdk5/log?method=injectJavaScript
https://www.supersonicads.com/mobile/sdk5/log?method=extraParametersToJson
https://www.supersonicads.com/mobile/sdk5/log?method=noProductType
https://www.supersonicads.com/mobile/sdk5/log?method=encodeAppUserId
https://www.supersonicads.com/mobile/sdk5/log?method=encodeAppKey
https://www.supersonicads.com/mobile/sdk5/log?method=webviewLoadBlank
https://www.supersonicads.com/mobile/sdk5/log?method=webviewLoadWithPath
https://www.supersonicads.com/mobile/sdk5/log?method=htmlControllerDoesNotExistOnFileSystem
https://www.supersonicads.com/mobile/sdk5/log?method=webviewPause
https://www.supersonicads.com/mobile/sdk5/log?method=webviewResume
https://px.moatads.com/pixel.gif?e=0&i=MOATSDK1&ac=1
https://z.moatads.com/
https://z.moatads.com/
http://play.google.com/store/apps/details?id=
https://ws.tapjoyads.com/
https://ws.tapjoyads.com/
https://ws.tapjoyads.com/
https://rpc.tapjoy.com/
https://rpc.tapjoy.com/
https://connect.tapjoy.com/
https://connect.tapjoy.com/
https://placements.tapjoy.com/
https://twitter.com/
https://twitter.com/#!/search?q=%23
https://twitter.com/#!/search?q=%24
https://api.twitter.com/1.1/account/verify_credentials.json
https://api.twitter.com
https://syndication.twitter.com
https://twitter.com/intent/tweet?text=%s&url=%s
https://config.unityads.unity3d.com/webview/
https://e.crashlytics.com/spi/v2/events
https://settings.crashlytics.com/spi/v2/platforms/android/apps/%s/settings
http://localhost/
http://localhost/
http://localhost/

[INTERNAL_LOG][2018-06-07 21:13:12,353][INFO][find_url_in_apk()] [END ALL URL INSIDE APK]
[INTERNAL_LOG][2018-06-07 21:13:12,356][INFO][check_method_conf()] [JavaScript enabled: True]

[INTERNAL_LOG][2018-06-07 21:13:12,356][INFO][check_method_conf()] [Add interface WebView: True]

[INTERNAL_LOG][2018-06-07 21:13:12,356][INFO][analyze_start()] This app might be not vulnerable on  attack frame confusion.
[INTERNAL_LOG][2018-06-07 21:13:12,356][INFO][analyze_start()] End time:[Thu Jun  7 21:13:12 2018]
