[INTERNAL_LOG][2018-06-07 22:43:39,503][INFO][analyze_start()] Init Time [Thu Jun  7 22:43:39 2018]
[INTERNAL_LOG][2018-06-07 22:43:39,591][INFO][run()] Start Analysis
[INTERNAL_LOG][2018-06-07 22:43:39,593][INFO][is_hybird()] [Permission Enble Start]
[INTERNAL_LOG][2018-06-07 22:43:39,593][INFO][is_hybird()] android.permission.ACCESS_COARSE_LOCATION
[INTERNAL_LOG][2018-06-07 22:43:39,593][INFO][is_hybird()] com.android.vending.BILLING
[INTERNAL_LOG][2018-06-07 22:43:39,593][INFO][is_hybird()] android.permission.INTERNET
[INTERNAL_LOG][2018-06-07 22:43:39,593][INFO][is_hybird()] android.permission.ACCESS_WIFI_STATE
[INTERNAL_LOG][2018-06-07 22:43:39,593][INFO][is_hybird()] android.permission.ACCESS_NETWORK_STATE
[INTERNAL_LOG][2018-06-07 22:43:39,593][INFO][is_hybird()] android.permission.MODIFY_AUDIO_SETTINGS
[INTERNAL_LOG][2018-06-07 22:43:39,593][INFO][is_hybird()] android.permission.RECORD_AUDIO
[INTERNAL_LOG][2018-06-07 22:43:39,593][INFO][is_hybird()] android.permission.READ_EXTERNAL_STORAGE
[INTERNAL_LOG][2018-06-07 22:43:39,593][INFO][is_hybird()] android.permission.WRITE_EXTERNAL_STORAGE
[INTERNAL_LOG][2018-06-07 22:43:39,593][INFO][is_hybird()] android.permission.WAKE_LOCK
[INTERNAL_LOG][2018-06-07 22:43:39,593][INFO][is_hybird()] com.gameloft.android.ANMP.GloftINHM.permission.C2D_MESSAGE
[INTERNAL_LOG][2018-06-07 22:43:39,593][INFO][is_hybird()] com.google.android.c2dm.permission.RECEIVE
[INTERNAL_LOG][2018-06-07 22:43:39,593][INFO][is_hybird()] android.permission.VIBRATE
[INTERNAL_LOG][2018-06-07 22:43:39,593][INFO][is_hybird()] android.permission.RECEIVE_BOOT_COMPLETED
[INTERNAL_LOG][2018-06-07 22:43:39,593][INFO][is_hybird()] glshare.permission.ACCESS_SHARED_DATA
[INTERNAL_LOG][2018-06-07 22:43:39,593][INFO][is_hybird()] [Permission End]

[INTERNAL_LOG][2018-06-07 22:43:39,593][INFO][analyze_start()] TYPE APK: [ANDROID NATIVE]

[INTERNAL_LOG][2018-06-07 22:43:39,593][INFO][find_string()] [START FILE ANALYZE]
[INTERNAL_LOG][2018-06-07 22:43:39,593][INFO][find_string()] [END ANALYZE FILE]

[INTERNAL_LOG][2018-06-07 22:44:25,231][INFO][find_url_in_apk()] [START URL LOADED INSIDE LOAD FUNCTION]
[INTERNAL_LOG][2018-06-07 22:44:25,231][INFO][find_url_in_apk()] http://livewebapp.gameloft.com/glive/messages/index
http://livewebapp.gameloft.com/glive/friends
http://livewebapp.gameloft.com/glive/games
http://livewebapp.gameloft.com/glive/friends/index/select/yes?user_name=
http://livewebapp.gameloft.com/glive/signal-back
http://livewebapp.gameloft.com/glive/friends/show-invite-email
http://201205igp.gameloft.com/redir/?from
http://livewebapp.gameloft.com/glive/
http://livewebapp.gameloft.com/glive/info/
http://dl.gameloft.com
http://livewebapp.gameloft.com/glive/friends/index/select/yes/?user_name=
http://livewebapp.gameloft.com/glive/games/recommend-via-mail/id/
http://livewebapp.gameloft.com/glive/games/recommend-via-mail/id/
http://livewebapp.gameloft.com/glive/challenges/create-challenge?challenged_user_id=
http://livewebapp.gameloft.com/glive/challenges/create-challenge?challenged_user_id=
http://livewebapp.gameloft.com/glive/games/compare/uid/
http://livewebapp.gameloft.com/glive/games/compare/uid/
http://livewebapp.gameloft.com/glive/games/compare/uid/
http://livewebapp.gameloft.com/glive/games/compare/uid/
http://livewebapp.gameloft.com/glive/friends/delete-friend/uid/
http://livewebapp.gameloft.com/glive/friends/delete-friend/uid/
http://livewebapp.gameloft.com/glive/account/add-friend/uid/
http://livewebapp.gameloft.com/glive/friends/add-friends/
http://livewebapp.gameloft.com/glive/friends/?select=yes
http://livewebapp.gameloft.com/glive/messages/sent/

[INTERNAL_LOG][2018-06-07 22:44:25,231][INFO][find_url_in_apk()] [END URL LOADED INSIDE LOAD FUNCTION]
[INTERNAL_LOG][2018-06-07 22:44:31,099][ERROR][download_page_loaded()] Failed response code: 404 for http://livewebapp.gameloft.com/glive/signal-back  
[INTERNAL_LOG][2018-06-07 22:44:34,379][ERROR][download_page_loaded()] Failed download: http://livewebapp.gameloft.com/glive/ for exception [Errno 21] Is a directory: 'temp_html_code/html_downloaded_Blitz Brigade - Online FPS fun by Gameloft - com/'
[INTERNAL_LOG][2018-06-07 22:44:35,812][ERROR][download_page_loaded()] Failed download: http://livewebapp.gameloft.com/glive/info/ for exception [Errno 21] Is a directory: 'temp_html_code/html_downloaded_Blitz Brigade - Online FPS fun by Gameloft - com/'
[INTERNAL_LOG][2018-06-07 22:44:36,117][ERROR][download_page_loaded()] Failed response code: 404 for http://dl.gameloft.com  
[INTERNAL_LOG][2018-06-07 22:44:38,885][ERROR][download_page_loaded()] Failed download: http://livewebapp.gameloft.com/glive/games/recommend-via-mail/id/ for exception [Errno 21] Is a directory: 'temp_html_code/html_downloaded_Blitz Brigade - Online FPS fun by Gameloft - com/'
[INTERNAL_LOG][2018-06-07 22:44:40,215][ERROR][download_page_loaded()] Failed download: http://livewebapp.gameloft.com/glive/games/recommend-via-mail/id/ for exception [Errno 21] Is a directory: 'temp_html_code/html_downloaded_Blitz Brigade - Online FPS fun by Gameloft - com/'
[INTERNAL_LOG][2018-06-07 22:44:44,418][ERROR][download_page_loaded()] Failed download: http://livewebapp.gameloft.com/glive/games/compare/uid/ for exception [Errno 21] Is a directory: 'temp_html_code/html_downloaded_Blitz Brigade - Online FPS fun by Gameloft - com/'
[INTERNAL_LOG][2018-06-07 22:44:45,848][ERROR][download_page_loaded()] Failed download: http://livewebapp.gameloft.com/glive/games/compare/uid/ for exception [Errno 21] Is a directory: 'temp_html_code/html_downloaded_Blitz Brigade - Online FPS fun by Gameloft - com/'
[INTERNAL_LOG][2018-06-07 22:44:47,281][ERROR][download_page_loaded()] Failed download: http://livewebapp.gameloft.com/glive/games/compare/uid/ for exception [Errno 21] Is a directory: 'temp_html_code/html_downloaded_Blitz Brigade - Online FPS fun by Gameloft - com/'
[INTERNAL_LOG][2018-06-07 22:44:48,715][ERROR][download_page_loaded()] Failed download: http://livewebapp.gameloft.com/glive/games/compare/uid/ for exception [Errno 21] Is a directory: 'temp_html_code/html_downloaded_Blitz Brigade - Online FPS fun by Gameloft - com/'
[INTERNAL_LOG][2018-06-07 22:44:50,151][ERROR][download_page_loaded()] Failed download: http://livewebapp.gameloft.com/glive/friends/delete-friend/uid/ for exception [Errno 21] Is a directory: 'temp_html_code/html_downloaded_Blitz Brigade - Online FPS fun by Gameloft - com/'
[INTERNAL_LOG][2018-06-07 22:44:51,788][ERROR][download_page_loaded()] Failed download: http://livewebapp.gameloft.com/glive/friends/delete-friend/uid/ for exception [Errno 21] Is a directory: 'temp_html_code/html_downloaded_Blitz Brigade - Online FPS fun by Gameloft - com/'
[INTERNAL_LOG][2018-06-07 22:44:53,633][ERROR][download_page_loaded()] Failed download: http://livewebapp.gameloft.com/glive/account/add-friend/uid/ for exception [Errno 21] Is a directory: 'temp_html_code/html_downloaded_Blitz Brigade - Online FPS fun by Gameloft - com/'
[INTERNAL_LOG][2018-06-07 22:44:55,371][ERROR][download_page_loaded()] Failed download: http://livewebapp.gameloft.com/glive/friends/add-friends/ for exception [Errno 21] Is a directory: 'temp_html_code/html_downloaded_Blitz Brigade - Online FPS fun by Gameloft - com/'
[INTERNAL_LOG][2018-06-07 22:44:58,239][ERROR][download_page_loaded()] Failed download: http://livewebapp.gameloft.com/glive/messages/sent/ for exception [Errno 21] Is a directory: 'temp_html_code/html_downloaded_Blitz Brigade - Online FPS fun by Gameloft - com/'
[INTERNAL_LOG][2018-06-07 22:44:58,242][INFO][find_string()] [START REMOTE FILE ANALYZE]
[INTERNAL_LOG][2018-06-07 22:44:58,242][INFO][find_string()] Remote File in: temp_html_code/html_downloaded_Blitz Brigade - Online FPS fun by Gameloft - com/index
[INTERNAL_LOG][2018-06-07 22:44:58,242][INFO][find_string()] URL: http://livewebapp.gameloft.com/glive/messages/index
[INTERNAL_LOG][2018-06-07 22:44:58,249][INFO][find_string()] No iframe in temp_html_code/html_downloaded_Blitz Brigade - Online FPS fun by Gameloft - com/index
[INTERNAL_LOG][2018-06-07 22:44:58,250][INFO][find_string()] Remote File in: temp_html_code/html_downloaded_Blitz Brigade - Online FPS fun by Gameloft - com/friends
[INTERNAL_LOG][2018-06-07 22:44:58,250][INFO][find_string()] URL: http://livewebapp.gameloft.com/glive/friends
[INTERNAL_LOG][2018-06-07 22:44:58,257][INFO][find_string()] No iframe in temp_html_code/html_downloaded_Blitz Brigade - Online FPS fun by Gameloft - com/friends
[INTERNAL_LOG][2018-06-07 22:44:58,258][INFO][find_string()] Remote File in: temp_html_code/html_downloaded_Blitz Brigade - Online FPS fun by Gameloft - com/games
[INTERNAL_LOG][2018-06-07 22:44:58,258][INFO][find_string()] URL: http://livewebapp.gameloft.com/glive/games
[INTERNAL_LOG][2018-06-07 22:44:58,260][INFO][find_string()] No iframe in temp_html_code/html_downloaded_Blitz Brigade - Online FPS fun by Gameloft - com/games
[INTERNAL_LOG][2018-06-07 22:44:58,260][INFO][find_string()] Remote File in: temp_html_code/html_downloaded_Blitz Brigade - Online FPS fun by Gameloft - com/yes?user_name=
[INTERNAL_LOG][2018-06-07 22:44:58,260][INFO][find_string()] URL: http://livewebapp.gameloft.com/glive/friends/index/select/yes?user_name=
[INTERNAL_LOG][2018-06-07 22:44:58,262][INFO][find_string()] No iframe in temp_html_code/html_downloaded_Blitz Brigade - Online FPS fun by Gameloft - com/yes?user_name=
[INTERNAL_LOG][2018-06-07 22:44:58,262][INFO][find_string()] Remote File in: temp_html_code/html_downloaded_Blitz Brigade - Online FPS fun by Gameloft - com/show-invite-email
[INTERNAL_LOG][2018-06-07 22:44:58,262][INFO][find_string()] URL: http://livewebapp.gameloft.com/glive/friends/show-invite-email
[INTERNAL_LOG][2018-06-07 22:44:58,264][INFO][find_string()] No iframe in temp_html_code/html_downloaded_Blitz Brigade - Online FPS fun by Gameloft - com/show-invite-email
[INTERNAL_LOG][2018-06-07 22:44:58,264][INFO][find_string()] Remote File in: temp_html_code/html_downloaded_Blitz Brigade - Online FPS fun by Gameloft - com/?from
[INTERNAL_LOG][2018-06-07 22:44:58,264][INFO][find_string()] URL: http://201205igp.gameloft.com/redir/?from
[INTERNAL_LOG][2018-06-07 22:44:58,265][INFO][find_string()] No iframe in temp_html_code/html_downloaded_Blitz Brigade - Online FPS fun by Gameloft - com/?from
[INTERNAL_LOG][2018-06-07 22:44:58,265][INFO][find_string()] Remote File in: temp_html_code/html_downloaded_Blitz Brigade - Online FPS fun by Gameloft - com/?user_name=
[INTERNAL_LOG][2018-06-07 22:44:58,265][INFO][find_string()] URL: http://livewebapp.gameloft.com/glive/friends/index/select/yes/?user_name=
[INTERNAL_LOG][2018-06-07 22:44:58,268][INFO][find_string()] No iframe in temp_html_code/html_downloaded_Blitz Brigade - Online FPS fun by Gameloft - com/?user_name=
[INTERNAL_LOG][2018-06-07 22:44:58,268][INFO][find_string()] Remote File in: temp_html_code/html_downloaded_Blitz Brigade - Online FPS fun by Gameloft - com/create-challenge?challenged_user_id=
[INTERNAL_LOG][2018-06-07 22:44:58,268][INFO][find_string()] URL: http://livewebapp.gameloft.com/glive/challenges/create-challenge?challenged_user_id=
[INTERNAL_LOG][2018-06-07 22:44:58,270][INFO][find_string()] No iframe in temp_html_code/html_downloaded_Blitz Brigade - Online FPS fun by Gameloft - com/create-challenge?challenged_user_id=
[INTERNAL_LOG][2018-06-07 22:44:58,271][INFO][find_string()] Remote File in: temp_html_code/html_downloaded_Blitz Brigade - Online FPS fun by Gameloft - com/?select=yes
[INTERNAL_LOG][2018-06-07 22:44:58,271][INFO][find_string()] URL: http://livewebapp.gameloft.com/glive/friends/?select=yes
[INTERNAL_LOG][2018-06-07 22:44:58,273][INFO][find_string()] No iframe in temp_html_code/html_downloaded_Blitz Brigade - Online FPS fun by Gameloft - com/?select=yes
[INTERNAL_LOG][2018-06-07 22:44:58,273][INFO][find_string()] [END ANALYZE FILE]

[INTERNAL_LOG][2018-06-07 22:44:58,273][INFO][find_url_in_apk()] [START ALL URL INSIDE APK]
[INTERNAL_LOG][2018-06-07 22:44:58,273][INFO][find_url_in_apk()] http://schemas.android.com/apk/res/android
https://play.google.com/store/apps/details?id=%s
https://www.facebook.com/audience_network/server_side_reward
https://www.%s.facebook.com/audience_network/server_side_reward
https://graph.facebook.com/network_ads_common
https://graph.%s.facebook.com/network_ads_common
https://www.facebook.com/adnw_logging/
https://www.%s.facebook.com/adnw_logging/
http://play.google.com/store/apps/
https://www.facebook.com/
https://www.%s.facebook.com
http://www.facebook.com
https://graph.%s
https://graph-video.%s
https://facebook.com
https://facebook.com/device?user_code=%1$s&qr=1
https://www.googleapis.com/games/v1management/achievements/reset
https://201205igp.gameloft.com/redir/hdloading.php?game=#GAME#&country=#COUNTRY#&lg=#LANG#&ver=#IGP_VERSION#&device=#DEVICE#&f=#FIRMWARE#&hdidfv=#HDIDFV#&g_ver=#VERSION#&line_number=#LINE_NUMBER#&google_adid=#GOOGLE_ADID#&google_optout=#GOOGLE_OPTOUT#
https://secure.gameloft.com/tryandbuy/notifications/
https://secure.gameloft.com/tryandbuy/notifications/
http://201205igp.gameloft.com/redir/hdloading.php
http://201205igp.gameloft.com/redir/hdloading.php
https://secure.gameloft.com/android/3g_carrier.php
https://secure.gameloft.com/android/3g_carrier.php
http://eve.gameloft.com:20001/config/1649:52941:3.5.1c:android:googleplay/datacenters/
http://eve.gameloft.com:20001/config/1649:52941:3.5.1c:android:googleplay/datacenters
https://201205igp.gameloft.com/redir/rewards.php?action=retrieveItems&game_code=
https://livewebapp.gameloft.com/glive3d/?udid=UDID&hdidfv=HDIDFV&lg=LANG&country=COUNTRY&d=DEVICE_ANDROID&f=FIRMWARE_ANDROID&apptype=_html5&GGI=GGI_GAME&game_ver=GAMEVERSION&height=HEIGHT&width=WIDTH&leftframe=yes
https://livewebapp.gameloft.com/scripts/settings.php?udid=UDID&hdidfv=HDIDFV&lg=LANG&d=DEVICE_ANDROID&f=FIRMWARE_ANDROID&version=1.0.1
https://livewebapp.gameloft.com/scripts/ckecklogin.php?identifier=UDID&hdidfv=HDIDFV&lg=LANG&version=1.0.1&username=_USER_&password=_PASS_&GGI=GGI_GAME
https://livewebapp.gameloft.com/scripts/unlock.php?trophy=NUMTROPHY&identifier=UDID&hdidfv=HDIDFV&lg=LANG&d=DEVICE_ANDROID&f=FIRMWARE_ANDROID&GGI=GGI_GAME&igp_code=GLIA&game_ver=GAMEVERSION&username=_USER_&password=_PASS_
http://www.youtube.com/watch?v=
http://www.youtube.com/watch?v=
http://livewebapp.gameloft.com/glive/?lg=LANG&country=COUNTRY_DETECTED&d=DEVICE_ANDROID&f=FIRMWARE_ANDROID&udid=UDIDPHONE&GGI=GGIGAME&device_token=DEV_TOKEN&username=USER_NAME&pass=PASSWORD&remember_me=AUTOLOGIN&type=ANDROID&height=SCREEN_HEIGHT
http://livewebapp.gameloft.com/glive/?lg=LANG&country=COUNTRY_DETECTED&d=DEVICE_ANDROID&f=FIRMWARE_ANDROID&udid=UDIDPHONE&GGI=GGIGAME&device_token=DEV_TOKEN&username=USER_NAME&pass=PASSWORD&remember_me=AUTOLOGIN&type=ANDROID&height=SCREEN_HEIGHT
http://livewebapp.gameloft.com/glive/?lg=LANG&country=COUNTRY_DETECTED&d=DEVICE_ANDROID&f=FIRMWARE_ANDROID&udid=UDIDPHONE&GGI=GGIGAME&device_token=DEV_TOKEN&username=USER_NAME&pass=PASSWORD&remember_me=AUTOLOGIN&type=ANDROID&height=SCREEN_HEIGHT
http://livewebapp.gameloft.com/glive/?lg=LANG&country=COUNTRY_DETECTED&d=DEVICE_ANDROID&f=FIRMWARE_ANDROID&udid=UDIDPHONE&GGI=GGIGAME&device_token=DEV_TOKEN&username=USER_NAME&pass=PASSWORD&remember_me=AUTOLOGIN&type=ANDROID&height=SCREEN_HEIGHT&fb=1
http://livewebapp.gameloft.com/glive/?lg=LANG&country=COUNTRY_DETECTED&d=DEVICE_ANDROID&f=FIRMWARE_ANDROID&udid=UDIDPHONE&GGI=GGIGAME&device_token=DEV_TOKEN&username=USER_NAME&pass=PASSWORD&remember_me=AUTOLOGIN&type=ANDROID&height=SCREEN_HEIGHT&fb=1
http://livewebapp.gameloft.com/glive/?lg=LANG&country=COUNTRY_DETECTED&d=DEVICE_ANDROID&f=FIRMWARE_ANDROID&udid=UDIDPHONE&GGI=GGIGAME&device_token=DEV_TOKEN&username=USER_NAME&pass=PASSWORD&remember_me=AUTOLOGIN&type=ANDROID&height=SCREEN_HEIGHT&fb=1
http://livewebapp.gameloft.com/glive/messages/index
http://livewebapp.gameloft.com/glive/messages/index
http://livewebapp.gameloft.com/glive/messages/index
http://livewebapp.gameloft.com/glive/friends
http://livewebapp.gameloft.com/glive/friends
http://livewebapp.gameloft.com/glive/friends
http://livewebapp.gameloft.com/glive/games
http://livewebapp.gameloft.com/glive/games
http://livewebapp.gameloft.com/glive/games
http://livewebapp.gameloft.com/glive/games
http://livewebapp.gameloft.com/glive/leaderboards/
http://livewebapp.gameloft.com/glive/leaderboards
http://livewebapp.gameloft.com/glive/ranking/
http://livewebapp.gameloft.com/glive/ranking
http://livewebapp.gameloft.com/glive/games/show-game/gid/
http://livewebapp.gameloft.com/glive/friends/add-friends/fb_new/inv/fb_q/1
http://livewebapp.gameloft.com/glive/friends/add-friends/fb_new/src/fb_q/1
https://www.facebook.com/login.php?login_attempt=1&popup=1
http://livewebapp.gameloft.com/glive/games/trophies/gid/
http://livewebapp.gameloft.com/glive/account/index/uid
http://livewebapp.gameloft.com/glive/friends/?iDelete=
http://livewebapp.gameloft.com/glive/friends?iDelete=
http://livewebapp.gameloft.com/glive/login/recover-password
http://livewebapp.gameloft.com/glive/login/recover-password
http://livewebapp.gameloft.com/glive/account/username
http://livewebapp.gameloft.com/glive/account/password
http://livewebapp.gameloft.com/glive/account/email
http://livewebapp.gameloft.com/glive/account/avatar
http://livewebapp.gameloft.com/glive/account/edit
http://livewebapp.gameloft.com/glive/friends?select=yes
http://livewebapp.gameloft.com/glive/friends/index/select/yes?user_name=
http://livewebapp.gameloft.com/glive/friends/index/select/yes?user_name=
http://livewebapp.gameloft.com/glive/signal-back
http://livewebapp.gameloft.com/glive/signal-back
http://livewebapp.gameloft.com/glive/friends/show-invite-email
http://livewebapp.gameloft.com/glive/friends/show-invite-email
http://livewebapp.gameloft.com/glive/friends/show-invite-email
http://livewebapp.gameloft.com/glive/games/recommend-via-mail/id
http://livewebapp.gameloft.com/glive/games/recommend-via-mail/id
http://wapshop.gameloft.com/wifi/hdplus_full_shop
http://201205igp.gameloft.com/redir/?from
http://201205igp.gameloft.com/redir/?from
http://livewebapp.gameloft.com/glive/
http://livewebapp.gameloft.com/glive/
http://livewebapp.gameloft.com/glive/games/show-game/
http://livewebapp.gameloft.com/glive/account/index/uid/
http://livewebapp.gameloft.com/glive/friends/
http://livewebapp.gameloft.com/glive/friends?iDelete
http://livewebapp.gameloft.com/glive/friends/index/page
http://livewebapp.gameloft.com/glive/login/index
http://livewebapp.gameloft.com/glive/index/index
http://livewebapp.gameloft.com/glive/login
http://livewebapp.gameloft.com/glive/login?iDelete
http://livewebapp.gameloft.com/glive/messages/
http://livewebapp.gameloft.com/glive/messages/show/mid
http://livewebapp.gameloft.com/glive/messages/show-sent/mid
http://livewebapp.gameloft.com/glive/messages/friend/uid/
http://livewebapp.gameloft.com/glive/messages/play/id/
http://livewebapp.gameloft.com/glive/logout
http://livewebapp.gameloft.com/glive/login?iDelete=2
http://livewebapp.gameloft.com/glive/info/
http://livewebapp.gameloft.com/glive/info/
http://livewebapp.gameloft.com/glive/info
http://twitter.com/oauth/authorize?oauth_token
https://www.facebook.com/login.php?api_key
http://livewebapp.gameloft.com/glive/messages/sent
http://livewebapp.gameloft.com/glive/messages/friends
http://livewebapp.gameloft.com/glive/messages/plays
http://livewebapp.gameloft.com/glive/friends/add-friends
http://livewebapp.gameloft.com/glive/?lg=
http://livewebapp.gameloft.com/scripts/banners_click.php
http://dl.gameloft.com
http://livewebapp.gameloft.com/glive/friends/index/select/yes/?user_name=
http://livewebapp.gameloft.com/glive/friends/evaluate/fid/FRIEND_ID/value/
http://livewebapp.gameloft.com/glive/account
http://livewebapp.gameloft.com/glive/index/add-trophy
https://livewebapp.gameloft.com/glive/account/creation/
https://livewebapp.gameloft.com/glive/login/recover-password/
http://livewebapp.gameloft.com/glive/games/recommend-via-twitter/id/
http://livewebapp.gameloft.com/glive/games/show-game/gid/GAMEID/fb_send/yes
http://livewebapp.gameloft.com/glive/leaderboards/index/gid/
http://livewebapp.gameloft.com/glive/leaderboards/index/gid
http://livewebapp.gameloft.com/glive/leaderboards/national/gid/
http://livewebapp.gameloft.com/glive/leaderboards/friends/gid/
http://livewebapp.gameloft.com/glive/games/recommend-via-mail/id/
http://livewebapp.gameloft.com/glive/games/recommend-via-mail/id/
http://livewebapp.gameloft.com/glive/games/recommend-via-mail/id/
http://livewebapp.gameloft.com/glive/challenges/create-challenge?challenged_user_id=
http://livewebapp.gameloft.com/glive/challenges/create-challenge?challenged_user_id=
http://livewebapp.gameloft.com/glive/games/compare/uid/
http://livewebapp.gameloft.com/glive/games/compare/uid/
http://livewebapp.gameloft.com/glive/games/compare/uid/
http://livewebapp.gameloft.com/glive/games/compare/uid/
http://livewebapp.gameloft.com/glive/friends/delete-friend/uid/
http://livewebapp.gameloft.com/glive/friends/delete-friend/uid/
http://livewebapp.gameloft.com/glive/account/add-friend/uid/
http://livewebapp.gameloft.com/glive/friends/add-friends/
http://www.google.com
http://www.google.com
https://etsv2.gameloft.com
http://livewebapp.gameloft.com/glive/friends/show-invite-email/android_uid/
http://livewebapp.gameloft.com/glive/friends/?select=yes
http://livewebapp.gameloft.com/glive/messages/send-message/android_uid/
http://livewebapp.gameloft.com/glive/messages/sent/
https://201205igp.gameloft.com
https://play.google.com/store/apps/details
https://play.google.com/store/search
https://tsto.re/
https://play.google.com/store/apps/details?
https://play.google.com/store/search?
http://tsto.re/
https://201205igp.gameloft.com/redir/ads/splashscreen_view.php?from=FROM&country=COUNTRY&lg=LANG&udid=UDIDPHONE&hdidfv=HDIDFV&androidid=ANDROIDID&d=DEVICE&f=FIRMWARE&game_ver=VERSION&igp_rev=1005&os=android&dl=1
https://201205igp.gameloft.com/redir/ads/hocscreen.php?from=FROM&country=COUNTRY&lg=LANG&udid=UDIDPHONE&hdidfv=HDIDFV&androidid=ANDROIDID&d=DEVICE&f=FIRMWARE&game_ver=VERSION&igp_rev=1005&os=android
http://market.android.com/
https://pagead2.googlesyndication.com/pagead/gen_204?id=gmob-apps
http://hostname/?
https://plus.google.com/
https://www.googleapis.com/auth/games
https://www.googleapis.com/auth/games
https://www.googleapis.com/auth/games
https://www.googleapis.com/auth/games_lite
https://www.googleapis.com/auth/games_lite
https://www.googleapis.com/auth/games_lite
https://www.googleapis.com/auth/games.firstparty
https://www.googleapis.com/auth/games.firstparty
https://pagead2.googlesyndication.com/pagead/gen_204
http://www.google-analytics.com
https://ssl.google-analytics.com
https://googleads.g.doubleclick.net/mads/static/mad/sdk/native/sdk-core-v40.html
https://googleads.g.doubleclick.net/mads/static/mad/sdk/native/production/sdk-core-v40-impl.js
https://googleads.g.doubleclick.net/mads/static/mad/sdk/native/mraid/v2/mraid_app_banner.js
https://googleads.g.doubleclick.net/mads/static/mad/sdk/native/mraid/v2/mraid_app_expanded_banner.js
https://googleads.g.doubleclick.net/mads/static/mad/sdk/native/mraid/v2/mraid_app_interstitial.js
https://csi.gstatic.com/csi
https://googleads.g.doubleclick.net/mads/static/mad/sdk/native/native_ads.html
https://googleads.g.doubleclick.net/mads/static/mad/sdk/native/production/native_ads.js
https://imasdk.googleapis.com/admob/sdkloader/native_video.html
https://www.google.com/dfp/linkDevice
https://www.google.com/dfp/inAppPreview
https://www.google.com/dfp/debugSignals
https://www.google.com/dfp/sendDebugData
http://www.example.com
http://www.example.com
https://www.googleapis.com/auth/plus.login
https://www.googleapis.com/auth/plus.me
http://schemas.android.com/apk/lib/com.google.android.gms.plus
http://schemas.android.com/apk/lib/com.google.android.gms.plus
https://mobile-static.adsafeprotected.com/avid-v2.js
https://track.atom-data.io
https://track.atom-data.io
https://track.atom-data.io
https://outcome.supersonicads.com/mediation/
https://outcome.supersonicads.com/mediation/
https://init.supersonicads.com/sdk/v
https://z.moatads.com/
https://z.moatads.com/
https://z.moatads.com/
https://config.unityads.unity3d.com/webview/
https://www.vungle.com/privacy/
https://www.vungle.com/privacy/
http://lol.vungle.com/
https://api.vungle.com/
https://ads.api.vungle.com/config
https://settings.crashlytics.com/spi/v2/platforms/android/apps/%s/settings
http://localhost/
http://localhost/
http://localhost/
https://accounts.google.com
https://www.facebook.com
https://accounts.google.com/o/oauth2/revoke?token=
https://support.google.com/dfp_premium/answer/7160685#push
https://mobilelogs.supersonic.com
https://mobilelogs.supersonic.com
https://www.supersonicads.com/mobile/sdk5/log?method=
https://www.supersonicads.com/mobile/sdk5/log?method=
https://www.supersonicads.com/mobile/sdk5/log?method=
https://www.supersonicads.com/mobile/sdk5/log?method=
https://www.supersonicads.com/mobile/sdk5/log?method=
https://www.supersonicads.com/mobile/sdk5/log?method=
https://www.supersonicads.com/mobile/sdk5/log?method=
https://www.supersonicads.com/mobile/sdk5/log?method=
https://www.supersonicads.com/mobile/sdk5/log?method=extraParametersToJson
https://www.supersonicads.com/mobile/sdk5/log?method=noProductType
https://www.supersonicads.com/mobile/sdk5/log?method=encodeAppUserId
https://www.supersonicads.com/mobile/sdk5/log?method=encodeAppKey
https://www.supersonicads.com/mobile/sdk5/log?method=webviewLoadBlank
https://www.supersonicads.com/mobile/sdk5/log?method=webviewLoadWithPath
https://www.supersonicads.com/mobile/sdk5/log?method=htmlControllerDoesNotExistOnFileSystem
https://www.supersonicads.com/mobile/sdk5/log?method=webviewPause
https://www.supersonicads.com/mobile/sdk5/log?method=webviewResume
https://www.supersonicads.com/mobile/sdk5/log?method=injectJavaScript
https://px.moatads.com/pixel.gif?e=0&i=MOATSDK1&ac=1
https://e.crashlytics.com/spi/v2/events

[INTERNAL_LOG][2018-06-07 22:44:58,273][INFO][find_url_in_apk()] [END ALL URL INSIDE APK]
[INTERNAL_LOG][2018-06-07 22:44:58,287][INFO][check_method_conf()] [JavaScript enabled: True]

[INTERNAL_LOG][2018-06-07 22:44:58,287][INFO][check_method_conf()] [Add interface WebView: True]

[INTERNAL_LOG][2018-06-07 22:44:58,287][INFO][analyze_start()] This app might be not vulnerable on  attack frame confusion.
[INTERNAL_LOG][2018-06-07 22:44:58,287][INFO][analyze_start()] End time:[Thu Jun  7 22:44:58 2018]
