[INTERNAL_LOG][2018-06-08 01:34:47,607][INFO][analyze_start()] Init Time [Fri Jun  8 01:34:47 2018]
[INTERNAL_LOG][2018-06-08 01:34:47,759][INFO][run()] Start Analysis
[INTERNAL_LOG][2018-06-08 01:34:47,764][INFO][is_hybird()] [Permission Enble Start]
[INTERNAL_LOG][2018-06-08 01:34:47,764][INFO][is_hybird()] android.permission.INTERNET
[INTERNAL_LOG][2018-06-08 01:34:47,764][INFO][is_hybird()] android.permission.ACCESS_NETWORK_STATE
[INTERNAL_LOG][2018-06-08 01:34:47,764][INFO][is_hybird()] android.permission.ACCESS_WIFI_STATE
[INTERNAL_LOG][2018-06-08 01:34:47,764][INFO][is_hybird()] android.permission.ACCESS_FINE_LOCATION
[INTERNAL_LOG][2018-06-08 01:34:47,764][INFO][is_hybird()] android.permission.WRITE_EXTERNAL_STORAGE
[INTERNAL_LOG][2018-06-08 01:34:47,764][INFO][is_hybird()] android.permission.NFC
[INTERNAL_LOG][2018-06-08 01:34:47,764][INFO][is_hybird()] android.permission.USE_CREDENTIALS
[INTERNAL_LOG][2018-06-08 01:34:47,765][INFO][is_hybird()] com.android.alarm.permission.SET_ALARM
[INTERNAL_LOG][2018-06-08 01:34:47,765][INFO][is_hybird()] android.permission.RECEIVE_BOOT_COMPLETED
[INTERNAL_LOG][2018-06-08 01:34:47,765][INFO][is_hybird()] android.permission.CAMERA
[INTERNAL_LOG][2018-06-08 01:34:47,765][INFO][is_hybird()] com.sfr.android.console.permission.partner.READ_STATISTICS
[INTERNAL_LOG][2018-06-08 01:34:47,765][INFO][is_hybird()] com.android.launcher.permission.INSTALL_SHORTCUT
[INTERNAL_LOG][2018-06-08 01:34:47,765][INFO][is_hybird()] android.permission.READ_SYNC_SETTINGS
[INTERNAL_LOG][2018-06-08 01:34:47,765][INFO][is_hybird()] android.permission.WRITE_SYNC_SETTINGS
[INTERNAL_LOG][2018-06-08 01:34:47,765][INFO][is_hybird()] android.permission.AUTHENTICATE_ACCOUNTS
[INTERNAL_LOG][2018-06-08 01:34:47,765][INFO][is_hybird()] android.permission.GET_ACCOUNTS
[INTERNAL_LOG][2018-06-08 01:34:47,765][INFO][is_hybird()] android.permission.MANAGE_ACCOUNTS
[INTERNAL_LOG][2018-06-08 01:34:47,765][INFO][is_hybird()] com.booking.permission.C2D_MESSAGE
[INTERNAL_LOG][2018-06-08 01:34:47,765][INFO][is_hybird()] com.booking.permission.RECEIVER
[INTERNAL_LOG][2018-06-08 01:34:47,765][INFO][is_hybird()] com.google.android.providers.gsf.permission.READ_GSERVICES
[INTERNAL_LOG][2018-06-08 01:34:47,765][INFO][is_hybird()] com.google.android.c2dm.permission.RECEIVE
[INTERNAL_LOG][2018-06-08 01:34:47,765][INFO][is_hybird()] android.permission.WAKE_LOCK
[INTERNAL_LOG][2018-06-08 01:34:47,765][INFO][is_hybird()] com.google.android.finsky.permission.BIND_GET_INSTALL_REFERRER_SERVICE
[INTERNAL_LOG][2018-06-08 01:34:47,765][INFO][is_hybird()] [Permission End]

[INTERNAL_LOG][2018-06-08 01:34:47,765][INFO][analyze_start()] TYPE APK: [ANDROID NATIVE]

[INTERNAL_LOG][2018-06-08 01:34:47,765][INFO][find_string()] [START FILE ANALYZE]
[INTERNAL_LOG][2018-06-08 01:34:47,765][INFO][find_string()] File: assets/mapboxjs.html
[INTERNAL_LOG][2018-06-08 01:34:47,766][INFO][find_string()] No iframe in assets/mapboxjs.html
[INTERNAL_LOG][2018-06-08 01:34:47,766][INFO][find_string()] [END ANALYZE FILE]

[INTERNAL_LOG][2018-06-08 01:35:46,338][INFO][find_url_in_apk()] [START ALL URL INSIDE APK]
[INTERNAL_LOG][2018-06-08 01:35:46,338][INFO][find_url_in_apk()] http://schemas.android.com/apk/res/android
http://schemas.android.com/apk/res/android
https://attr.%s/api/v
https://t.%s/api/v
https://events.%s/api/v
https://register.%s/api/v
https://stats.%s/stats
https://iphone-xml.booking.com/json/mobile.getMobileComponents
http://booking.com
http://booking.com
http://www.url.com
http://schemas.android.com/apk/res-auto
https://iphone-xml.booking.com
https://iphone-xml.booking.com
https://chat.booking.com
https://chat.booking.com
https://secure-iphone-xml.booking.com
https://secure.booking.com/confirmation.%s.html?bn=%s;pincode=%s;b_site_all_experiments=0;
https://m.booking.com
https://www.booking.com/reviews_guidelines.%s.html?aid=337862
https://play.google.com/store/apps/details?id=com.booking
https://play.google.com/store/apps/details?id=com.booking
https://www.booking.com/general.%s.html?aid=337862&tmpl=docs/privacy-policy
https://www.booking.com/general.%s.html?aid=337862&tmpl=docs/privacy-policy
https://www.booking.com/general.%s.html?aid=337862&tmpl=docs/terms-and-conditions
https://www.booking.com/general.%s.html?aid=337862&tmpl=docs/terms-and-conditions
http://hostname/?
http://m.booking.com
http://m.booking.com
https://accounts.google.com
https://accounts.google.com
https://accounts.google.com
https://accounts.google.com
https://accounts.google.com
https://accounts.google.com
https://accounts.google.com
https://www.booking.com/articles.html?is_app_view=1
https://www.booking.com/articles.%s.html?is_app_view=1
https://surveys.booking.com/s3/abpcu1712-en-gb
https://surveys.booking.com/s3/abpcu1712-en-us
https://surveys.booking.com/s3/abpcu1712-es
https://surveys.booking.com/s3/abpcu1712-it
https://surveys.booking.com/s3/abpcu1712-de
https://surveys.booking.com/s3/abpcu1712-fr
https://surveys.booking.com/s3/abpcu1712-pt-br
https://surveys.booking.com/s3/abpcu1712-ru
https://surveys.booking.com/s3/abpcu1712-ja
https://surveys.booking.com/s3/abpcu1712-zh-cn
https://booking.com/content/incentives-faq.html?is_app_embed=1&lang=%s
https://www.booking.com/content/terms.en-gb.html
https://www.booking.com
https://www.booking.com/general.%s.html?aid=337862&tmpl=docs/referral-terms
https://www.booking.com/general.%s.html?aid=337862&tmpl=docs/referral-terms
https://booking.com
https://www.booking.com/content/rewards-terms.html
http://maps.google.com/maps?
https://join.booking.com/index.html?aid=1209411&utm_source=%s&utm_medium=booking_android
https://ugcupload.booking.com/upload
https://ugcupload.booking.com/upload
https://m.booking.com/general.%s.html?aid=337862&tmpl=docs/how_we_work
http://www.booking.com/apps.html?app_install=1&placement=AndroidShareApp
http://r-ec.bstatic.com
http://r-ec.bstatic.com
http://r-ec.bstatic.com
https://www.booking.com/content/privacy.html
https://m.uber.com/sign-up?client_id=6VSc9fehf9YS7e5ZSIfAJjAJ7EvWBbh-
http://maps.google.com/maps?saddr=%f,%f&daddr=%f,%f&mode=w
http://apps.bstatic.com
https://surveys.booking.com/s3/UGC-neg-rev-it3-2018
https://maps.googleapis.com/maps/api/staticmap
https://maps.googleapis.com/maps/api/staticmap
http://maps.google.cn/maps/api/staticmap
http://maps.google.cn/maps/api/staticmap
http://surveys.booking.com/s3/RCUX
https://carrier.booking.com
https://carrier.booking.com
https://www.booking.com/searchresults.
https://pagead2.googlesyndication.com/pagead/gen_204?id=gmob-apps
https://www.googleapis.com/auth/games_lite
https://www.googleapis.com/auth/games
https://accounts.google.com/o/oauth2/revoke?token=
https://plus.google.com/
http://www.google-analytics.com
https://ssl.google-analytics.com
https://app-measurement.com/a
https://www.google.com
https://api.%s/install_data/v3/
https://onelink.%s/shortlink-sdk/v1
https://monitorsdk.%s/remote-debug?app_id=
https://graph.%s
https://graph-video.%s
https://facebook.com
https://datacloud.tealiumiq.com/%s/%s/8/i.gif?data=
https://collect.tealiumiq.com/vdata/i.gif?tealium_vid=%s&tealium_account=%s&tealium_profile=main
http://www.qq.com/s?
http://pingma.qq.com:80/mstat/report
https://e.crashlytics.com/spi/v2/events
https://settings.crashlytics.com/spi/v2/platforms/android/apps/%s/settings
http://localhost/
http://localhost/
http://localhost/

[INTERNAL_LOG][2018-06-08 01:35:46,339][INFO][find_url_in_apk()] [END ALL URL INSIDE APK]
[INTERNAL_LOG][2018-06-08 01:35:46,343][INFO][check_method_conf()] [JavaScript enabled: True]

[INTERNAL_LOG][2018-06-08 01:35:46,343][INFO][check_method_conf()] [Add interface WebView: True]

[INTERNAL_LOG][2018-06-08 01:35:46,343][INFO][analyze_start()] This app might be not vulnerable on  attack frame confusion.
[INTERNAL_LOG][2018-06-08 01:35:46,343][INFO][analyze_start()] End time:[Fri Jun  8 01:35:46 2018]
