[INTERNAL_LOG][2018-06-08 02:28:10,335][INFO][analyze_start()] Init Time [Fri Jun  8 02:28:10 2018]
[INTERNAL_LOG][2018-06-08 02:28:10,399][INFO][run()] Start Analysis
[INTERNAL_LOG][2018-06-08 02:28:10,401][INFO][is_hybird()] [Permission Enble Start]
[INTERNAL_LOG][2018-06-08 02:28:10,401][INFO][is_hybird()] com.chase.sig.android.permission.C2D_MESSAGE
[INTERNAL_LOG][2018-06-08 02:28:10,401][INFO][is_hybird()] android.permission.INTERNET
[INTERNAL_LOG][2018-06-08 02:28:10,402][INFO][is_hybird()] android.permission.ACCESS_WIFI_STATE
[INTERNAL_LOG][2018-06-08 02:28:10,402][INFO][is_hybird()] android.permission.ACCESS_COARSE_LOCATION
[INTERNAL_LOG][2018-06-08 02:28:10,402][INFO][is_hybird()] android.permission.ACCESS_FINE_LOCATION
[INTERNAL_LOG][2018-06-08 02:28:10,402][INFO][is_hybird()] android.permission.READ_CONTACTS
[INTERNAL_LOG][2018-06-08 02:28:10,402][INFO][is_hybird()] android.permission.CAMERA
[INTERNAL_LOG][2018-06-08 02:28:10,402][INFO][is_hybird()] android.permission.ACCESS_NETWORK_STATE
[INTERNAL_LOG][2018-06-08 02:28:10,402][INFO][is_hybird()] android.permission.WRITE_EXTERNAL_STORAGE
[INTERNAL_LOG][2018-06-08 02:28:10,402][INFO][is_hybird()] android.permission.GET_ACCOUNTS
[INTERNAL_LOG][2018-06-08 02:28:10,402][INFO][is_hybird()] android.permission.WAKE_LOCK
[INTERNAL_LOG][2018-06-08 02:28:10,402][INFO][is_hybird()] android.permission.USE_FINGERPRINT
[INTERNAL_LOG][2018-06-08 02:28:10,402][INFO][is_hybird()] android.permission.NFC
[INTERNAL_LOG][2018-06-08 02:28:10,402][INFO][is_hybird()] com.google.android.c2dm.permission.RECEIVE
[INTERNAL_LOG][2018-06-08 02:28:10,402][INFO][is_hybird()] android.permission.READ_PHONE_STATE
[INTERNAL_LOG][2018-06-08 02:28:10,402][INFO][is_hybird()] [Permission End]

[INTERNAL_LOG][2018-06-08 02:28:10,402][INFO][analyze_start()] TYPE APK: [ANDROID NATIVE]

[INTERNAL_LOG][2018-06-08 02:28:10,402][INFO][find_string()] [START FILE ANALYZE]
[INTERNAL_LOG][2018-06-08 02:28:10,402][INFO][find_string()] [END ANALYZE FILE]

[INTERNAL_LOG][2018-06-08 02:28:40,895][INFO][find_url_in_apk()] [START URL LOADED INSIDE LOAD FUNCTION]
[INTERNAL_LOG][2018-06-08 02:28:40,895][INFO][find_url_in_apk()] https://m.urshop.chase.com/rewards/partner/rewardsHome.do

[INTERNAL_LOG][2018-06-08 02:28:40,895][INFO][find_url_in_apk()] [END URL LOADED INSIDE LOAD FUNCTION]
[INTERNAL_LOG][2018-06-08 02:28:40,961][ERROR][download_page_loaded()] Failed connection error download: https://m.urshop.chase.com/rewards/partner/rewardsHome.do 
[INTERNAL_LOG][2018-06-08 02:28:40,961][INFO][find_string()] [START REMOTE FILE ANALYZE]
[INTERNAL_LOG][2018-06-08 02:28:40,961][INFO][find_string()] [END ANALYZE FILE]

[INTERNAL_LOG][2018-06-08 02:28:40,961][INFO][find_url_in_apk()] [START ALL URL INSIDE APK]
[INTERNAL_LOG][2018-06-08 02:28:40,962][INFO][find_url_in_apk()] http://play.google.com/store/apps/details?id=
https://www.chase.com
https://www.chase.com
https://www.chase.com
https://www.chase.com
https://www.chase.com
https://www.chase.com
http://www.amazon.com/gp/mas/dl/android?p=com.jpm.sig.android
https://creditcards.chase.com/credit-cards/home?CELL=6TJW
https://creditcards.chase.com/credit-cards/home?CELL=6TJW
https://www.chase.com/personal/home-lending/mortgage?SourceCode=MCAM01
https://www.chase.com/personal/home-lending/mortgage?SourceCode=MCAM01
https://www.chase.com/content/chase-ux/en/personal/auto-loans-w1?offercode=WDMOBAPP01
https://www.chase.com/content/chase-ux/en/personal/auto-loans-w1?offercode=WDMOBAPP01
https://www.chase.com/personal/mortgage/home-equity?srcid=MA09&jp_aid=hf/Mobapp/int/MA09/nav
https://www.chase.com/personal/mortgage/home-equity?srcid=MA09&jp_aid=hf/Mobapp/int/MA09/nav
https://www.chase.com/
https://www.chase.com/
https://analytics.chase.com/
https://analytics.chase.com/
https://analytics.chase.com/
https://sites.chase.com/
https://qap4-secure01a.chase.com/
https://rf15.chase.com/
https://rf15.chase.com
https://sites.chase.com
http://localhost
http://schemas.android.com/apk/res/android
http://schemas.android.com/apk/res/android
http://schemas.android.com/apk/res/android
http://schemas.android.com/apk/res/android
http://schemas.android.com/apk/res/android
http://localhost/
http://localhost/
http://localhost/
http://localhost:8082
http://localhost:8000/events/analytics/public/v1/events/raw/
http://localhost:8000/events/analytics/public/v1/events/raw/
https://pagead2.googlesyndication.com/pagead/gen_204?id=gmob-apps
https://plus.google.com/
https://secure01a.chase.com
https://secure01b.chase.com
https://secure03b.chase.com
https://secure01c.chase.com
https://secure07a.chase.com
https://secure03c.chase.com
https://secure05a.chase.com
https://secure05c.chase.com
https://secure05b.chase.com
https://secure07c.chase.com
https://secure07b.chase.com
https://secure03a.chase.com
https://www.bing.com
https://www.bing.com
https://www.yahoo.com
https://www.yahoo.com
https://www.google.com
https://www.google.com
http://10.0.2.2:8080/service/
http://10.0.2.2:8080/service/
https://www.googleapis.com/auth/games
https://m.urshop.chase.com/rewards/partner/rewardsHome.do
https://facebook.com/chase
https://facebook.com/chase
https://twitter.com/messages/compose?recipient_id=274789264
https://twitter.com/messages/compose?recipient_id=274789264
https://secure.opinionlab.com/ccc01/o.asp?id=gXkhXvSg
https://secure.opinionlab.com/ccc01/o.asp?id=QIGweffe
http://maps.google.com/maps?q=
http://maps.google.com/maps?q=

[INTERNAL_LOG][2018-06-08 02:28:40,962][INFO][find_url_in_apk()] [END ALL URL INSIDE APK]
[INTERNAL_LOG][2018-06-08 02:28:40,971][INFO][check_method_conf()] [JavaScript enabled: True]

[INTERNAL_LOG][2018-06-08 02:28:40,971][INFO][check_method_conf()] [Add interface WebView: True]

[INTERNAL_LOG][2018-06-08 02:28:40,971][INFO][analyze_start()] This app might be not vulnerable on  attack frame confusion.
[INTERNAL_LOG][2018-06-08 02:28:40,971][INFO][analyze_start()] End time:[Fri Jun  8 02:28:40 2018]
