[INTERNAL_LOG][2018-06-07 23:36:55,071][INFO][analyze_start()] Init Time [Thu Jun  7 23:36:55 2018]
[INTERNAL_LOG][2018-06-07 23:36:55,170][INFO][is_hybird()] [Permission Enble Start]
[INTERNAL_LOG][2018-06-07 23:36:55,170][INFO][run()] Start Analysis
[INTERNAL_LOG][2018-06-07 23:36:55,170][INFO][is_hybird()] android.permission.INTERNET
[INTERNAL_LOG][2018-06-07 23:36:55,170][INFO][is_hybird()] android.permission.ACCESS_NETWORK_STATE
[INTERNAL_LOG][2018-06-07 23:36:55,170][INFO][is_hybird()] android.permission.WAKE_LOCK
[INTERNAL_LOG][2018-06-07 23:36:55,170][INFO][is_hybird()] android.permission.WRITE_EXTERNAL_STORAGE
[INTERNAL_LOG][2018-06-07 23:36:55,170][INFO][is_hybird()] android.permission.RECEIVE_BOOT_COMPLETED
[INTERNAL_LOG][2018-06-07 23:36:55,170][INFO][is_hybird()] android.permission.CAMERA
[INTERNAL_LOG][2018-06-07 23:36:55,170][INFO][is_hybird()] android.permission.VIBRATE
[INTERNAL_LOG][2018-06-07 23:36:55,170][INFO][is_hybird()] com.google.android.c2dm.permission.RECEIVE
[INTERNAL_LOG][2018-06-07 23:36:55,170][INFO][is_hybird()] android.permission.NFC
[INTERNAL_LOG][2018-06-07 23:36:55,170][INFO][is_hybird()] android.permission.ACCESS_FINE_LOCATION
[INTERNAL_LOG][2018-06-07 23:36:55,171][INFO][is_hybird()] com.ebay.mobile.permission.C2D_MESSAGE
[INTERNAL_LOG][2018-06-07 23:36:55,171][INFO][is_hybird()] com.ebay.mobile.permission.EBAY_USER_CONFIG
[INTERNAL_LOG][2018-06-07 23:36:55,171][INFO][is_hybird()] com.ebay.mobile.permission.MAPS_RECEIVE
[INTERNAL_LOG][2018-06-07 23:36:55,171][INFO][is_hybird()] com.google.android.providers.gsf.permission.READ_GSERVICES
[INTERNAL_LOG][2018-06-07 23:36:55,171][INFO][is_hybird()] com.sec.android.provider.badge.permission.READ
[INTERNAL_LOG][2018-06-07 23:36:55,171][INFO][is_hybird()] com.sec.android.provider.badge.permission.WRITE
[INTERNAL_LOG][2018-06-07 23:36:55,171][INFO][is_hybird()] android.permission.READ_EXTERNAL_STORAGE
[INTERNAL_LOG][2018-06-07 23:36:55,171][INFO][is_hybird()] [Permission End]

[INTERNAL_LOG][2018-06-07 23:36:55,171][INFO][analyze_start()] TYPE APK: [ANDROID NATIVE]

[INTERNAL_LOG][2018-06-07 23:36:55,171][INFO][find_string()] [START FILE ANALYZE]
[INTERNAL_LOG][2018-06-07 23:36:55,171][INFO][find_string()] File: assets/license.html
[INTERNAL_LOG][2018-06-07 23:36:55,172][INFO][find_string()] No iframe in assets/license.html
[INTERNAL_LOG][2018-06-07 23:36:55,172][INFO][find_string()] [END ANALYZE FILE]

[INTERNAL_LOG][2018-06-07 23:39:04,208][INFO][find_url_in_apk()] [START ALL URL INSIDE APK]
[INTERNAL_LOG][2018-06-07 23:39:04,208][INFO][find_url_in_apk()] http://android.ebay.com/
http://schemas.android.com/apk/res/android
http://schemas.android.com/apk/res/android
https://api.apptentive.com
https://api.apptentive.com
https://api.apptentive.com/debug_token/verify
http://www.apptentive.com/?source=%s
http://www.apptentive.com/privacy/?source=%s
https://pages.ebay.com/link/?nav=home
http://prox.ebay.com/
http://prox.ebay.com/
http://prox.ebay.com/
http://schemas.xmlsoap.org/soap/envelope/
http://schemas.xmlsoap.org/soap/envelope/
http://schemas.xmlsoap.org/soap/envelope/
http://schemas.xmlsoap.org/soap/envelope/
http://schemas.xmlsoap.org/soap/envelope/
http://schemas.xmlsoap.org/soap/envelope/
http://schemas.xmlsoap.org/soap/envelope/
http://schemas.xmlsoap.org/soap/envelope/
http://schemas.xmlsoap.org/soap/envelope/
http://schemas.xmlsoap.org/soap/envelope/
http://schemas.xmlsoap.org/soap/envelope/
http://schemas.xmlsoap.org/soap/envelope/
http://schemas.xmlsoap.org/soap/envelope/
http://schemas.xmlsoap.org/soap/envelope/
http://schemas.xmlsoap.org/soap/envelope/
http://schemas.xmlsoap.org/soap/envelope/
http://www.ebay.com/marketplace/mobileor/v1/services
http://www.ebay.com/marketplace/mobileor/v1/services
http://www.ebay.com/marketplace/mobileor/v1/services
http://www.ebay.com/marketplace/mobileor/v1/services
https://payments.ebay.com/ws/eBayISAPI.dll?CheckoutProcessor&amp;track_paypal;=true
https://payments.ebay.com/ws/eBayISAPI.dll?CheckoutProcessor&amp;giropay_redirect;=true&amp;rp;=-155743400
https://payments.ebay.com/ws/eBayISAPI.dll?CheckoutProcessor&amp;giropay_redirect;=true&amp;rp;=1241295873
https://payments.ebay.com/ws/eBayISAPI.dll?ViewPaymentStatus&amp;itemId;=120625214862&amp;transId;=609878728002
https://securepics.ebaystatic.com/aw/pics/logos/logoEbay_x45.gif
http://wap.ebay.com/returnurl
http://wap.ebay.com/cancelurl
http://www.w3.org/2003/05/soap-envelope
http://www.w3.org/2003/05/soap-envelope
http://www.w3.org/2003/05/soap-envelope
http://www.w3.org/2003/05/soap-envelope
http://www.w3.org/2003/05/soap-envelope
http://www.w3.org/2003/05/soap-envelope
http://www.w3.org/2003/05/soap-envelope
http://www.ebay.com/marketplace/security/v1/services
http://www.ebay.com/marketplace/security/v1/services
http://www.ebay.com/marketplace/mobileor/v1/commonservices
http://www.ebay.com/marketplace/mobileor/v1/commonservices
http://www.ebay.com/marketplace/mobileor/v1/commonservices
http://www.ebay.com/marketplace/mobileor/v1/commonservices
http://www.ebay.com/marketplace/mobileor/v1/commonservices
http://www.ebay.com/marketplace/mobileor/v1/commonservices
http://www.ebay.com/marketplace/mobileor/v1/commonservices
http://www.ebay.com/marketplace/mobileor/v1/commonservices
http://www.ebay.com/marketplace/mobileor/v1/commonservices
http://www.ebay.com/marketplace/mobileor/v2/commonservices
http://www.ebay.com/marketplace/mobileor/v2/commonservices
http://www.ebay.com/marketplace/mobileor/v2/commonservices
http://www.ebay.com/marketplace/mobileor/v2/commonservices
http://www.ebay.com/marketplace/mobile/v1/services
http://www.ebay.com/marketplace/mobile/v1/services
http://www.ebay.com/marketplace/mobile/v1/services
http://www.ebay.com/marketplace/mobile/v1/services
http://www.ebay.com/marketplace/mobile/v1/services
http://www.ebay.com/marketplace/mobile/v1/services
http://www.ebay.com/marketplace/mobile/v1/services
http://www.ebay.com/marketplace/mobile/v1/services
http://www.ebay.com/marketplace/mobile/v1/services
http://www.ebay.com/marketplace/mobile/v1/services
http://www.ebay.com/marketplace/mobile/v1/services
http://www.ebay.com/marketplace/mobile/v1/services
http://www.ebay.com/marketplace/mobile/v1/services
http://www.ebay.com/marketplace/mobile/v1/services
http://www.ebay.com/marketplace/mobile/v1/services
http://www.ebay.com/marketplace/mobile/v1/services
http://www.ebay.com/marketplace/mobile/v1/services
http://www.ebay.com/marketplace/mobile/v1/services
http://www.ebay.com/marketplace/mobile/v1/services
http://www.ebay.com/marketplace/mobile/v1/services
http://www.ebay.com/marketplace/mobile/v1/services
http://www.ebay.com/marketplace/mobile/v1/services
http://www.ebay.com/marketplace/mobile/v1/services
http://www.ebay.com/marketplace/mobile/v1/services
http://www.ebay.com/marketplace/mobile/v1/services
http://www.ebay.com/marketplace/mobile/v1/services
http://www.ebay.com/marketplace/mobile/v1/services
http://www.ebay.com/marketplace/mobile/v1/services
http://www.ebay.com/marketplace/mobile/v1/services
http://www.ebay.com/marketplace/mobile/v1/services
http://www.ebay.com/marketplace/mobile/v1/services
http://www.ebay.com/marketplace/mobile/v1/services
http://www.ebay.com/marketplace/mobile/v1/services
http://www.ebay.com/marketplace/mobile/v1/services
http://www.ebay.com/marketplace/services
http://www.ebay.com/marketplace/services
http://www.ebay.com/marketplace/services
http://www.ebay.com/marketplace/shipping/v1/services
http://www.ebay.com/marketplace/shipping/v1/services
http://www.ebay.com/marketplace/shipping/v1/services
http://www.ebay.com/marketplace/shipping/v1/services
http://www.ebay.com/marketplace/shipping/v1/services
http://www.ebay.com/marketplace/shipping/v1/services
http://www.ebay.com/marketplace/shipping/v1/services
http://www.ebay.com/marketplace/shipping/v1/services
http://www.ebay.com/marketplace/shipping/v1/services
https://svcs.ebay.com/services/search/FindingUserSettingsService/v1
https://api4.qa.ebay.com/services/search/FindingUserSettingsService/v1
http://svcs.xstage.ebay.com/services/search/FindingUserSettingsService/v1
https://svcs.ebay.com/mobile/DeviceNotificationService/v1
https://api4.qa.ebay.com/mobile/DeviceNotificationService/v1
http://svcs.xstage.ebay.com/mobile/DeviceNotificationService/v1
https://svcs.ebay.com/services/marketplacecatalog/ProductService/v1
http://apifind.qa.ebay.com/services/marketplacecatalog/ProductService/v1
http://apifinding.xstage.ebay.com/services/marketplacecatalog/ProductService/v1
https://mobixo4.ebay.com/services/cartservice/v4/CartService
https://api4.qa.ebay.com/services/cartservice/v4/CartService
http://svcs.xstage.ebay.com/services/cartservice/v1/CartService
https://svcs.ebay.com/buy/shipping/v2/deliveries
https://api4.qa.ebay.com/ebnsvc/v2
http://api.xstage.ebay.com/ebnsvc/v2
https://svcs.ebay.com/services/mobileor/v1/IPhoneApplicationProcessService
https://api4.qa.ebay.com/services/mobileor/v1/IPhoneApplicationProcessService
http://svcs.xstage.ebay.com/services/mobileor/v1/IPhoneApplicationProcessService
https://svcs.ebay.com/services/Shipping/CoreShippingService/v10
https://api4.qa.ebay.com/services/Shipping/CoreShippingService/v10
http://svcs.xstage.ebay.com/services/Shipping/CoreShippingService/v10
https://svcs.ebay.com/services/mobileor/v2/CommonMobileAppServiceV2
https://api4.qa.ebay.com/services/mobileor/v2/CommonMobileAppServiceV2
http://svcs.xstage.ebay.com/services/mobileor/v2/CommonMobileAppServiceV2
https://mobileclient.paypal.com/GMAdapter/
https://www.stage2mobile08.paypal.com:10521/GMAdapter/
https://clientalerts.ebay.com/ws/ecasvc/ClientAlerts
https://svcs.ebay.com/services/mobileor/v1/CommonMobileAppService
https://svcs.ebay.com/services/mobileor/v1/CommonMobileAppService
https://api4.qa.ebay.com/services/mobileor/v1/CommonMobileAppService
https://api4.qa.ebay.com/services/mobileor/v1/CommonMobileAppService
http://svcs.xstage.ebay.com/services/mobileor/v1/CommonMobileAppService
https://api.ebay.com/svcs/ws/eBayISAPI.dll?ViewItemLite
http://cgi.qa.ebay.com/ws/eBayISAPI.dll?ViewItemLite
http://cgi.xstage.ebay.com/ws/eBayISAPI.dll?ViewItemLite
https://autosug.ebay.com/autosug
http://autosug.qa.ebay.com/autosug
https://svcs.ebay.com/services/search/ProductStatisticsService/v1
http://apifinding.qa.ebay.com/services/search/ProductStatisticsService/v1
http://apifinding.xstage.ebay.com/services/search/ProductStatisticsService/v1
https://svcs.ebay.com/services/search/FindProductService/v1
http://apifinding.qa.ebay.com/ws/spf/FindProductService/v1
http://apifinding.xstage.ebay.com/ws/spf/FindProductService/v1
https://svcs.ebay.com/services/search/FindItemService/v1
http://apifinding.qa.ebay.com/ws/spf/FindItemService/v1
http://apifinding.xstage.ebay.com/ws/spf/FindItemService/v1
https://svcs.ebay.com/services/catalog/v1/CatalogMatchProductService
http://catalogmatchproductservice.vip.qa.ebay.com/ws/spf/CatalogMatchProductService
http://ctlgsvc.xstage.ebay.com/ws/spf/CatalogMatchProductService
https://auth.ebay.com/ws/eBayISAPI.dll
https://tidesauth.vip.qa.ebay.com/ws/eBayISAPI.dll
http://tidesauth.xstage.ebay.com/ws/eBayISAPI.dll
https://auth.%s/ws/eBayISAPI.dll
https://tidesauth.vip.qa.%s/ws/eBayISAPI.dll
https://api.ebay.com/selling/inventorylookup/v1/shallowcheck?client=mobile
https://api4.qa.ebay.com/selling/merchantinventorylookup/v1/real_time_inventory_check/shallow/
http://svcs.xstage.ebay.com/selling/merchantinventorylookup/v1/real_time_inventory_check/shallow/
https://api.ebay.com/selling/inventorylookup/v1/
https://api4.qa.ebay.com/selling/inventorylookup/v1/
http://svcs.xstage.ebay.com/selling/inventorylookup/v1/
https://m.ebay.in/mobinxo/ReviewOrder?srcApp=ANDR&_trksid=p2059707.m2931.l5787
https://pages.%s/help/policies/member-created-content-ov.html
https://api.ebay.com/social/follow/v1/
http://follow.qa.ebay.com/social/follow/v1/
http://api.xstage.ebay.com/social/follow/v1/
https://api.ebay.com/social/interests/v1/
http://www.feedsvcr.stg.stratus.qa.ebay.com/social/interests/v1/
https://ocswf.%s/rti/compose?rmvHdr=true
https://www.ocswf.qa.%s/rti/compose?rmvHdr=true
https://reg.qa.ebay.com/reg/UpdateContactInfo?flow=%s&srcAppId=2571
https://reg.uk.paradise.qa.ebay.com/reg/UpdateContactInfo?flow=%s&srcAppId=2571
https://reg.au.paradise.qa.ebay.com/reg/UpdateContactInfo?flow=%s&srcAppId=2571
https://reg.ca.paradise.qa.ebay.com/reg/UpdateContactInfo?flow=%s&srcAppId=2571
https://reg.cafr.paradise.qa.ebay.com/reg/UpdateContactInfo?flow=%s&srcAppId=2571
https://reg.ch.paradise.qa.ebay.com/reg/UpdateContactInfo?flow=%s&srcAppId=2571
https://reg.de.paradise.qa.ebay.com/reg/UpdateContactInfo?flow=%s&srcAppId=2571
https://reg.es.paradise.qa.ebay.com/reg/UpdateContactInfo?flow=%s&srcAppId=2571
https://reg.fr.paradise.qa.ebay.com/reg/UpdateContactInfo?flow=%s&srcAppId=2571
https://reg.befr.paradise.qa.ebay.com/reg/UpdateContactInfo?flow=%s&srcAppId=2571
https://reg.hk.paradise.qa.ebay.com/reg/UpdateContactInfo?flow=%s&srcAppId=2571
https://reg.ie.paradise.qa.ebay.com/reg/UpdateContactInfo?flow=%s&srcAppId=2571
https://reg.in.paradise.qa.ebay.com/reg/UpdateContactInfo?flow=%s&srcAppId=2571
https://reg.it.paradise.qa.ebay.com/reg/UpdateContactInfo?flow=%s&srcAppId=2571
https://reg.my.paradise.qa.ebay.com/reg/UpdateContactInfo?flow=%s&srcAppId=2571
https://reg.nl.paradise.qa.ebay.com/reg/UpdateContactInfo?flow=%s&srcAppId=2571
https://reg.benl.paradise.qa.ebay.com/reg/UpdateContactInfo?flow=%s&srcAppId=2571
https://reg.ph.paradise.qa.ebay.com/reg/UpdateContactInfo?flow=%s&srcAppId=2571
https://reg.pl.paradise.qa.ebay.com/reg/UpdateContactInfo?flow=%s&srcAppId=2571
https://reg.sg.paradise.qa.ebay.com/reg/UpdateContactInfo?flow=%s&srcAppId=2571
https://reg.ebay.com/reg/UpdateContactInfo?flow=%s&srcAppId=2571
https://reg.ebay.at/reg/UpdateContactInfo?flow=%s&srcAppId=2571
https://reg.ebay.com.au/reg/UpdateContactInfo?flow=%s&srcAppId=2571
https://reg.ebay.ca/reg/UpdateContactInfo?flow=%s&srcAppId=2571
https://reg.cafr.ebay.ca/reg/UpdateContactInfo?flow=%s&srcAppId=2571
https://reg.ebay.ch/reg/UpdateContactInfo?flow=%s&srcAppId=2571
https://reg.ebay.de/reg/UpdateContactInfo?flow=%s&srcAppId=2571
https://reg.ebay.es/reg/UpdateContactInfo?flow=%s&srcAppId=2571
https://reg.ebay.fr/reg/UpdateContactInfo?flow=%s&srcAppId=2571
https://reg.befr.ebay.be/reg/UpdateContactInfo?flow=%s&srcAppId=2571
https://reg.ebay.com.hk/reg/UpdateContactInfo?flow=%s&srcAppId=2571
https://reg.ebay.ie/reg/UpdateContactInfo?flow=%s&srcAppId=2571
https://reg.ebay.in/reg/UpdateContactInfo?flow=%s&srcAppId=2571
https://reg.ebay.it/reg/UpdateContactInfo?flow=%s&srcAppId=2571
https://reg.ebay.com.my/reg/UpdateContactInfo?flow=%s&srcAppId=2571
https://reg.ebay.nl/reg/UpdateContactInfo?flow=%s&srcAppId=2571
https://reg.benl.ebay.be/reg/UpdateContactInfo?flow=%s&srcAppId=2571
https://reg.ebay.ph/reg/UpdateContactInfo?flow=%s&srcAppId=2571
https://reg.ebay.pl/reg/UpdateContactInfo?flow=%s&srcAppId=2571
https://reg.ebay.com.sg/reg/UpdateContactInfo?flow=%s&srcAppId=2571
https://reg.ebay.co.uk/reg/UpdateContactInfo?flow=%s&srcAppId=2571
https://www.scgi.stratus.qa.ebay.com/reg/
https://www.scgi.stratus.qa.ebay.com/reg/
https://scgi.at.paradise.qa.ebay.com/ws/eBayISAPI.dll
https://scgi.at.paradise.qa.ebay.com/ws/eBayISAPI.dll
https://scgi.ch.paradise.qa.ebay.com/ws/eBayISAPI.dll
https://scgi.ch.paradise.qa.ebay.com/ws/eBayISAPI.dll
https://scgi.befr.be.paradise.qa.ebay.com/ws/eBayISAPI.dll
https://scgi.befr.be.paradise.qa.ebay.com/ws/eBayISAPI.dll
https://scgi.ie.paradise.qa.ebay.com/ws/eBayISAPI.dll
https://scgi.ie.paradise.qa.ebay.com/ws/eBayISAPI.dll
https://scgi.in.paradise.qa.ebay.com/ws/eBayISAPI.dll
https://scgi.in.paradise.qa.ebay.com/ws/eBayISAPI.dll
https://scgi.my.paradise.qa.ebay.com/ws/eBayISAPI.dll
https://scgi.my.paradise.qa.ebay.com/ws/eBayISAPI.dll
https://scgi.nl.paradise.qa.ebay.com/ws/eBayISAPI.dll
https://scgi.nl.paradise.qa.ebay.com/ws/eBayISAPI.dll
https://scgi.benl.be.paradise.qa.ebay.com/ws/eBayISAPI.dll
https://scgi.benl.be.paradise.qa.ebay.com/ws/eBayISAPI.dll
https://scgi.ph.paradise.qa.ebay.com/ws/eBayISAPI.dll
https://scgi.ph.paradise.qa.ebay.com/ws/eBayISAPI.dll
https://scgi.pl.paradise.qa.ebay.com/ws/eBayISAPI.dll
https://scgi.pl.paradise.qa.ebay.com/ws/eBayISAPI.dll
https://scgi.sg.paradise.qa.ebay.com/ws/eBayISAPI.dll
https://scgi.sg.paradise.qa.ebay.com/ws/eBayISAPI.dll
https://www.fr.scgi.stratus.qa.ebay.com/reg/
https://www.fr.scgi.stratus.qa.ebay.com/reg/
https://www.it.scgi.stratus.qa.ebay.com/reg/
https://www.it.scgi.stratus.qa.ebay.com/reg/
https://www.es.scgi.stratus.qa.ebay.com/reg/
https://www.es.scgi.stratus.qa.ebay.com/reg/
https://www.uk.scgi.stratus.qa.ebay.com/reg/
https://www.uk.scgi.stratus.qa.ebay.com/reg/
https://www.au.scgi.stratus.qa.ebay.com/reg/
https://www.au.scgi.stratus.qa.ebay.com/reg/
https://www.ca.scgi.stratus.qa.ebay.com/reg/
https://www.ca.scgi.stratus.qa.ebay.com/reg/
https://www.cafr.scgi.stratus.qa.ebay.com/reg/
https://www.cafr.scgi.stratus.qa.ebay.com/reg/
https://www.de.scgi.stratus.qa.ebay.com/reg/
https://www.de.scgi.stratus.qa.ebay.com/reg/
https://scgi.%s/ws/eBayISAPI.dll
https://scgi.%s/ws/eBayISAPI.dll
https://reg.%s/reg/
https://pages.ebay.com/ebaynow/terms.html?lang=%s
https://pages.ebay.com/ebaynow/terms.html?lang=%s
http://pages.ebay.co.uk/scheduleddelivery/index.html?lang=%s
http://pages.ebay.co.uk/scheduleddelivery/index.html?lang=%s
https://pages.ebay.com/help/sell/GivingWorks-fee-policy.html
http://pages.ebay.co.uk/help/sell/charity-fee-credits.html
http://charity.ebay.com/terms-and-conditions/
http://pages.ebay.co.uk/ebayforcharity/termsandconditions.html
http://m.%s/mweb/feed?_mode=high
https://scgi.ebay.com/ws/eBayISAPI.dll?FYPShow
https://scgi.ebay.com/ws/eBayISAPI.dll?FYPShow
https://scgi.ebay.com.au/ws/eBayISAPI.dll?FYPShow
https://scgi.ebay.com.au/ws/eBayISAPI.dll?FYPShow
https://scgi.ebay.at/ws/eBayISAPI.dll?FYPShow
https://scgi.ebay.at/ws/eBayISAPI.dll?FYPShow
https://scgi.benl.ebay.be/ws/eBayISAPI.dll?FYPShow
https://scgi.benl.ebay.be/ws/eBayISAPI.dll?FYPShow
https://scgi.befr.ebay.be/ws/eBayISAPI.dll?FYPShow
https://scgi.befr.ebay.be/ws/eBayISAPI.dll?FYPShow
https://scgi.ebay.ca/ws/eBayISAPI.dll?FYPShow
https://scgi.ebay.ca/ws/eBayISAPI.dll?FYPShow
https://scgi.cafr.ebay.ca/ws/eBayISAPI.dll?FYPShow
https://scgi.cafr.ebay.ca/ws/eBayISAPI.dll?FYPShow
https://scgi.ebay.fr/ws/eBayISAPI.dll?FYPShow
https://scgi.ebay.fr/ws/eBayISAPI.dll?FYPShow
https://scgi.ebay.de/ws/eBayISAPI.dll?FYPShow
https://scgi.ebay.de/ws/eBayISAPI.dll?FYPShow
https://scgi.ebay.in/ws/eBayISAPI.dll?FYPShow
https://scgi.ebay.in/ws/eBayISAPI.dll?FYPShow
https://scgi.ebay.ie/ws/eBayISAPI.dll?FYPShow
https://scgi.ebay.ie/ws/eBayISAPI.dll?FYPShow
https://scgi.ebay.it/ws/eBayISAPI.dll?FYPShow
https://scgi.ebay.it/ws/eBayISAPI.dll?FYPShow
https://scgi.ebay.com.my/ws/eBayISAPI.dll?FYPShow
https://scgi.ebay.com.my/ws/eBayISAPI.dll?FYPShow
https://scgi.ebay.nl/ws/eBayISAPI.dll?FYPShow
https://scgi.ebay.nl/ws/eBayISAPI.dll?FYPShow
https://scgi.ebay.ph/ws/eBayISAPI.dll?FYPShow
https://scgi.ebay.ph/ws/eBayISAPI.dll?FYPShow
https://scgi.ebay.pl/ws/eBayISAPI.dll?FYPShow
https://scgi.ebay.pl/ws/eBayISAPI.dll?FYPShow
https://scgi.ebay.com.sg/ws/eBayISAPI.dll?FYPShow
https://scgi.ebay.com.sg/ws/eBayISAPI.dll?FYPShow
https://scgi.ebay.es/ws/eBayISAPI.dll?FYPShow
https://scgi.ebay.es/ws/eBayISAPI.dll?FYPShow
https://scgi.ebay.ch/ws/eBayISAPI.dll?FYPShow
https://scgi.ebay.ch/ws/eBayISAPI.dll?FYPShow
https://scgi.ebay.co.uk/ws/eBayISAPI.dll?FYPShow
https://scgi.ebay.co.uk/ws/eBayISAPI.dll?FYPShow
https://pages.ebay.com/shipping/globalshipping/buyer-tnc.html
https://pages.ebay.com/shipping/globalshipping/buyer-tnc.html
http://pages.ebay.co.uk/shipping/globalshipping/buyer-tnc.html#programfees
http://pages.ebay.co.uk/shipping/globalshipping/buyer-tnc.html#programfees
http://pages.ebay.ie/shipping/globalshipping/buyer-tnc.html#programfees
http://pages.ebay.ie/shipping/globalshipping/buyer-tnc.html#programfees
http://pages.ebay.nl/shipping/globalshipping/buyer-tnc.html#programfees
http://pages.ebay.nl/shipping/globalshipping/buyer-tnc.html#programfees
http://pages.benl.ebay.be/shipping/globalshipping/buyer-tnc.html#programfees
http://pages.benl.ebay.be/shipping/globalshipping/buyer-tnc.html#programfees
http://pages.ebay.fr/shipping/globalshipping/buyer-tnc.html#programfees
http://pages.ebay.fr/shipping/globalshipping/buyer-tnc.html#programfees
http://pages.befr.ebay.be/shipping/globalshipping/buyer-tnc.html#programfees
http://pages.befr.ebay.be/shipping/globalshipping/buyer-tnc.html#programfees
http://pages.ebay.pl/shipping/globalshipping/buyer-tnc.html#programfees
http://pages.ebay.pl/shipping/globalshipping/buyer-tnc.html#programfees
http://pages.ebay.it/shipping/globalshipping/buyer-tnc.html#programfees
http://pages.ebay.it/shipping/globalshipping/buyer-tnc.html#programfees
http://pages.ebay.de/shipping/globalshipping/buyer-tnc.html#programfees
http://pages.ebay.de/shipping/globalshipping/buyer-tnc.html#programfees
http://pages.ebay.ch/shipping/globalshipping/buyer-tnc.html#programfees
http://pages.ebay.ch/shipping/globalshipping/buyer-tnc.html#programfees
http://pages.ebay.es/shipping/globalshipping/buyer-tnc.html
http://pages.ebay.es/shipping/globalshipping/buyer-tnc.html
https://pages.ebay.com.au/shipping/globalshipping/buyer-tnc.html
https://pages.ebay.com.au/shipping/globalshipping/buyer-tnc.html
http://pages.ebay.ca/shipping/globalshipping/buyer-tnc.html
http://pages.ebay.ca/shipping/globalshipping/buyer-tnc.html
http://pages.cafr.ebay.ca/shipping/globalshipping/buyer-tnc.html
http://pages.cafr.ebay.ca/shipping/globalshipping/buyer-tnc.html
https://pages.ebay.com/help/sell/end_early.html
https://pages.ebay.com/help/sell/end_early.html
http://pages.ebay.de/help/sell/end_early.html
http://pages.ebay.de/help/sell/end_early.html
http://pages.ebay.co.uk/help/sell/end_early.html
http://pages.ebay.co.uk/help/sell/end_early.html
http://pages.ebay.at/help/policies/user-agreement.html?rt=nc
http://pages.ebay.at/help/policies/user-agreement.html?rt=nc
https://pages.ebay.com.au/help/policies/user-agreement.html?rt=nc
https://pages.ebay.com.au/help/policies/user-agreement.html?rt=nc
http://pages.ebay.ca/help/policies/user-agreement.html?rt=nc
http://pages.ebay.ca/help/policies/user-agreement.html?rt=nc
http://pages.cafr.ebay.ca/help/policies/user-agreement.html?rt=nc
http://pages.cafr.ebay.ca/help/policies/user-agreement.html?rt=nc
http://pages.ebay.ch/help/policies/user-agreement.html?rt=nc
http://pages.ebay.ch/help/policies/user-agreement.html?rt=nc
http://pages.ebay.de/help/policies/user-agreement.html?rt=nc
http://pages.ebay.de/help/policies/user-agreement.html?rt=nc
http://pages.ebay.es/help/policies/user-agreement.html?rt=nc
http://pages.ebay.es/help/policies/user-agreement.html?rt=nc
http://pages.ebay.fr/help/policies/user-agreement.html?rt=nc
http://pages.ebay.fr/help/policies/user-agreement.html?rt=nc
http://pages.befr.ebay.be/help/policies/user-agreement.html?rt=nc
http://pages.befr.ebay.be/help/policies/user-agreement.html?rt=nc
https://pages.ebay.com.hk/help/policies/user-agreement.html?rt=nc
http://pages.ebay.ie/help/policies/user-agreement.html?rt=nc
http://pages.ebay.ie/help/policies/user-agreement.html?rt=nc
http://pages.ebay.in/help/policies/user-agreement.html?rt=nc
http://pages.ebay.in/help/policies/user-agreement.html?rt=nc
http://pages.ebay.it/help/policies/user-agreement.html?rt=nc
http://pages.ebay.it/help/policies/user-agreement.html?rt=nc
https://pages.ebay.com.my/help/policies/user-agreement.html?rt=nc
https://pages.ebay.com.my/help/policies/user-agreement.html?rt=nc
http://pages.ebay.nl/help/policies/user-agreement.html?rt=nc
http://pages.ebay.nl/help/policies/user-agreement.html?rt=nc
http://pages.benl.ebay.be/help/policies/user-agreement.html?rt=nc
http://pages.benl.ebay.be/help/policies/user-agreement.html?rt=nc
http://pages.ebay.ph/help/policies/user-agreement.html?rt=nc
http://pages.ebay.ph/help/policies/user-agreement.html?rt=nc
http://pages.ebay.pl/help/policies/user-agreement.html?rt=nc
http://pages.ebay.pl/help/policies/user-agreement.html?rt=nc
https://pages.ebay.com/ru/ru-ru/help/policies/user-agreement.html?rt=nc
https://pages.ebay.com/ru/ru-ru/help/policies/user-agreement.html?rt=nc
https://pages.ebay.com.sg/help/policies/user-agreement.html?rt=nc
https://pages.ebay.com.sg/help/policies/user-agreement.html?rt=nc
http://pages.ebay.co.uk/help/policies/user-agreement.html?rt=nc
http://pages.ebay.co.uk/help/policies/user-agreement.html?rt=nc
https://pages.ebay.com/instorepickup/terms.html?lang=%s
https://pages.ebay.com/instorepickup/terms.html?lang=%s
http://pages.ebay.co.uk/clickandcollect/terms.html?lang=%s
http://pages.ebay.co.uk/clickandcollect/terms.html?lang=%s
https://cms.paypal.com/de/cgi-bin/?cmd=_render-content&content_ID=ua/ServiceDescription_full&locale.x=DE
https://www.paypal.com/de/cgi-bin/merchantpaymentweb?cmd=xpt/Marketing/popup/UnconfirmedELV-outside
http://pages.ebay.de/help/policies/data-protection.html
https://scgi.qa.ebay.com/ws/eBayISAPI.dll
https://scgi.fr.paradise.qa.ebay.com/ws/eBayISAPI.dll
https://scgi.it.paradise.qa.ebay.com/ws/eBayISAPI.dll
https://scgi.es.paradise.qa.ebay.com/ws/eBayISAPI.dll
https://scgi.uk.paradise.qa.ebay.com/ws/eBayISAPI.dll
https://scgi.au.paradise.qa.ebay.com/ws/eBayISAPI.dll
https://scgi.ca.paradise.qa.ebay.com/ws/eBayISAPI.dll
https://scgi.cafr.ca.paradise.qa.ebay.com/ws/eBayISAPI.dll
https://scgi.de.paradise.qa.ebay.com/ws/eBayISAPI.dll
http://pages.ebay.de/help/buy/contextual/remember-payment-data.html
https://pages.ebay.com.au/help/sell/fees.html
http://pages.ebay.at/help/sell/seller-fees.html
http://pages.ebay.ca/help/sell/fees.html
http://pages.cafr.ebay.ca/help/sell/fees.html
http://pages.ebay.fr/help/sell/fees.html
http://pages.ebay.de/help/sell/fees.html
http://pages.ebay.in/help/sell/seller-fees.html
http://pages.ebay.co.uk/help/sell/fees.html
https://pages.ebay.com/help/sell/fees.html
https://pages.ebay.com/help/sell/fees.html
https://pages.ebay.com/help/sell/motorfees.html
http://pages.ebay.ie/help/sell/fees.html
http://pages.ebay.it/help/sell/fees.html
https://pages.ebay.com.my/help/sell/fees.html
http://pages.ebay.ph/help/sell/fees.html
https://pages.ebay.com.sg/help/sell/fees.html
http://pages.ebay.es/help/sell/fees.html
https://pages.ebay.com/help/pay/payment_hold.html
https://pages.ebay.com/help/pay/payment_hold.html
https://www.qa.ebay.com/help/home
https://www.qa.ebay.com/help/home
https://ocsnext.ebay.com/ocs/home
https://ocsnext.ebay.com/ocs/home
https://ocsnext.at.paradise.qa.ebay.com/ocs/home
https://www.au.paradise.qa.ebay.com/help/home
https://ocsnext.ca.paradise.qa.ebay.com/ocs/home
https://www.cafr.paradise.qa.ebay.com/help/home
https://www.de.paradise.qa.ebay.com/help/home
https://www.es.paradise.qa.ebay.com/help/home
https://www.fr.paradise.qa.ebay.com/help/home
https://www.in.paradise.qa.ebay.com/help/home
https://www.it.paradise.qa.ebay.com/help/home
https://www.uk.paradise.qa.ebay.com/help/home
https://www.befr.paradise.qa.ebay.com/help/home?
https://www.benl.paradise.qa.ebay.com/help/home?
https://www.ie.paradise.qa.ebay.com/help/home?
https://www.my.paradise.qa.ebay.com/help/home?
https://www.nl.paradise.qa.ebay.com/help/home?
https://www.ph.paradise.qa.ebay.com/help/home?
https://www.pl.paradise.qa.ebay.com/help/home?
https://www.sg.paradise.qa.ebay.com/help/home?
https://www.ch.paradise.qa.ebay.com/help/home?
https://ocsnext.%s/ocs/home
https://ocsnext.%s/ocs/home?
https://play.google.com/store/apps/details?id=
http://www.ebay.com/mobile-redirect-done
http://www.ebay.com/mobile-redirect-done
http://www.ebay.com/mobile-redirect-done
http://www.ebay.com/mobile-redirect-done
http://www.ebay.com/mobile-redirect-done
http://www.ebay.com/mobile-redirect-done
http://www.ebay.com/mobile-redirect-done
https://www.%s/rtn/Return/ReturnsDetail?itemId=%s&transactionId=%s&srcAppId=%s&rmvHdr=true
https://www.%s/res/Case/ViewCase?itemId=%s&transactionId=%s&srcAppId=%s&rmvHdr=true
https://www.%s/afs/Cancel/Detail?itemId=%s&transId=%s&srcAppId=%s&rmvHdr=true
https://www.%s/afs/Cancel/Start?itemId=%s&transId=%s&srcAppId=%s&rmvHdr=true
https://www.%s/res/ItemNotReceived/ViewRequest?itemId=%s&transactionId=%s&srcAppId=%s&rmvHdr=true
https://www.%s/asq/asqfaquiweb/ViewOptions?sRecipient=%s&transactionId=%s&itemId=%s&srcAppId=%s&rmvHdr=true
http://maps.google.com/maps?
http://market.android.com
http://rover.ebay.com/rover/1/0/4
http://www.%s/cln/%s/%s/%s
https://pages.ebay.com/co/es-co/help/policies/user-agreement.html?rt=nc
https://pages.ebay.com/br/pt-br/help/policies/user-agreement.html?rt=nc
https://pages.ebay.com/help/policies/user-agreement.html?rt=nc
https://ocsnext.stratus.qa.ebay.com/ocs/home
https://www.ocsnext.stratus.qa.ebay.com/ocs/home
https://www.at.ocsnext.stratus.qa.ebay.com/ocs/home
https://www.au.ocsnext.stratus.qa.ebay.com/ocs/home
https://www.ca.ocsnext.stratus.qa.ebay.com/ocs/home
https://www.cafr.ocsnext.stratus.qa.ebay.com/ocs/home
https://www.de.ocsnext.stratus.qa.ebay.com/ocs/home
https://www.es.ocsnext.stratus.qa.ebay.com/ocs/home
https://www.fr.ocsnext.stratus.qa.ebay.com/ocs/home
https://www.in.ocsnext.stratus.qa.ebay.com/ocs/home
https://www.it.ocsnext.stratus.qa.ebay.com/ocs/home
https://www.uk.ocsnext.stratus.qa.ebay.com/ocs/home
https://ocsnext.befr.paradise.qa.ebay.com/ocs/home
https://ocsnext.benl.paradise.qa.ebay.com/ocs/home
https://ocsnext.ie.paradise.qa.ebay.com/ocs/home
https://ocsnext.my.paradise.qa.ebay.com/ocs/home
https://ocsnext.nl.paradise.qa.ebay.com/ocs/home
https://ocsnext.ph.paradise.qa.ebay.com/ocs/home
https://ocsnext.pl.paradise.qa.ebay.com/ocs/home
https://ocsnext.sg.paradise.qa.ebay.com/ocs/home
https://ocsnext.ch.paradise.qa.ebay.com/ocs/home
https://ocsnext.ru.paradise.qa.ebay.com/ocs/home
https://ocsnext.{siteDomain}/ocs/home
https://pages.ebay.com/help/policies/privacy-policy.html?rt=nc
http://previewitem.ebay.com/ws/eBayISAPI.dll?PreviewItemV4&md=1&noPreviewHeader=1&SessionId=%s
https://www.ebay.com/s/valet?vq=true
https://pages.ebay.com/sell/howsellingworks.html
https://pages.ebay.de/help/sell/fees.html
https://sellercentre.ebay.co.uk/private/what-fees-youll-pay?targetgroup=C2C
https://pages.ebay.com/giftcard/terms_conditions.html
https://appapi.cortexica.com
https://platform.chromedata.com:443/AutomotiveDescriptionService/AutomotiveDescriptionService6
https://pages.ebay.com.au/help/sell/your-return-policy.html#warranties
http://pages.ebay.de/ebay-garantie/m-app-ebp.html?lang=%s
http://pages.ebay.de/ebay-garantie-ebp/m-app-ebp.html?lang=%s
https://pages.ebay.com/shipping/globalshipping/seller-tnc.html
https://pages.ebay.com/shipping/globalshipping/seller-tnc.html
https://reg.{siteDomain}/reg/PartialReg
https://scgi.
https://scgi.at.paradise.qa.ebay.com/ws/eBayISAPI.dll?RegisterEnterInfo
https://scgi.ch.paradise.qa.ebay.com/ws/eBayISAPI.dll?RegisterEnterInfo
https://scgi.befr.be.paradise.qa.ebay.com/ws/eBayISAPI.dll?RegisterEnterInfo
https://scgi.ie.paradise.qa.ebay.com/ws/eBayISAPI.dll?RegisterEnterInfo
https://scgi.in.paradise.qa.ebay.com/ws/eBayISAPI.dll?RegisterEnterInfo
https://scgi.my.paradise.qa.ebay.com/ws/eBayISAPI.dll?RegisterEnterInfo
https://scgi.nl.paradise.qa.ebay.com/ws/eBayISAPI.dll?RegisterEnterInfo
https://scgi.benl.be.paradise.qa.ebay.com/ws/eBayISAPI.dll?RegisterEnterInfo
https://scgi.ph.paradise.qa.ebay.com/ws/eBayISAPI.dll?RegisterEnterInfo
https://scgi.pl.paradise.qa.ebay.com/ws/eBayISAPI.dll?RegisterEnterInfo
https://scgi.sg.paradise.qa.ebay.com/ws/eBayISAPI.dll?RegisterEnterInfo
https://www.fr.scgi.stratus.qa.ebay.com/reg/FullReg
https://www.it.scgi.stratus.qa.ebay.com/reg/FullReg
https://www.es.scgi.stratus.qa.ebay.com/reg/FullReg
https://www.uk.scgi.stratus.qa.ebay.com/reg/FullReg
https://www.au.scgi.stratus.qa.ebay.com/reg/FullReg
https://www.ca.scgi.stratus.qa.ebay.com/reg/FullReg
https://www.cafr.scgi.stratus.qa.ebay.com/reg/FullReg
https://www.de.scgi.stratus.qa.ebay.com/reg/FullReg
https://www.scgi.stratus.qa.ebay.com/reg/FullReg
https://www.scgi.stratus.qa.ebay.com/reg/?RegisterEnterInfo
https://scgi.{siteDomain}/ws/eBayISAPI.dll?RegisterEnterInfo
https://reg.{siteDomain}/reg/FullReg
https://scgi.ebay.com/ws/eBayISAPI.dll?RegisterEnterInfo
https://scgi.fr.paradise.qa.ebay.com/ws/eBayISAPI.dll?SellerSignIn2
https://scgi.it.paradise.qa.ebay.com/ws/eBayISAPI.dll?SellerSignIn2
https://scgi.es.paradise.qa.ebay.com/ws/eBayISAPI.dll?SellerSignIn2
https://scgi.uk.paradise.qa.ebay.com/ws/eBayISAPI.dll?SellerSignIn2
https://scgi.at.paradise.qa.ebay.com/ws/eBayISAPI.dll?SellerSignIn2
https://scgi.au.paradise.qa.ebay.com/ws/eBayISAPI.dll?SellerSignIn2
https://scgi.ca.paradise.qa.ebay.com/ws/eBayISAPI.dll?SellerSignIn2
https://scgi.cafr.ca.paradise.qa.ebay.com/ws/eBayISAPI.dll?SellerSignIn2
https://scgi.ch.paradise.qa.ebay.com/ws/eBayISAPI.dll?SellerSignIn2
https://scgi.de.paradise.qa.ebay.com/ws/eBayISAPI.dll?SellerSignIn2
https://scgi.befr.be.paradise.qa.ebay.com/ws/eBayISAPI.dll?SellerSignIn2
https://scgi.ie.paradise.qa.ebay.com/ws/eBayISAPI.dll?SellerSignIn2
https://scgi.in.paradise.qa.ebay.com/ws/eBayISAPI.dll?SellerSignIn2
https://scgi.my.paradise.qa.ebay.com/ws/eBayISAPI.dll?SellerSignIn2
https://scgi.nl.paradise.qa.ebay.com/ws/eBayISAPI.dll?SellerSignIn2
https://scgi.benl.be.paradise.qa.ebay.com/ws/eBayISAPI.dll?SellerSignIn2
https://scgi.ph.paradise.qa.ebay.com/ws/eBayISAPI.dll?SellerSignIn2
https://scgi.pl.paradise.qa.ebay.com/ws/eBayISAPI.dll?SellerSignIn2
https://scgi.sg.paradise.qa.ebay.com/ws/eBayISAPI.dll?SellerSignIn2
https://scgi.qa.ebay.com/ws/eBayISAPI.dll?SellerSignIn2
https://scgi.{siteDomain}/ws/eBayISAPI.dll?SellerSignIn2
https://scgi.ebay.com/ws/eBayISAPI.dll?SellerSignIn2
https://scgi.at.paradise.qa.ebay.com/ws/eBayISAPI.dll?UpgradeBusinessRoleApp
https://scgi.ch.paradise.qa.ebay.com/ws/eBayISAPI.dll?UpgradeBusinessRoleApp
https://scgi.befr.be.paradise.qa.ebay.com/ws/eBayISAPI.dll?UpgradeBusinessRoleApp
https://scgi.ie.paradise.qa.ebay.com/ws/eBayISAPI.dll?UpgradeBusinessRoleApp
https://scgi.in.paradise.qa.ebay.com/ws/eBayISAPI.dll?UpgradeBusinessRoleApp
https://scgi.my.paradise.qa.ebay.com/ws/eBayISAPI.dll?UpgradeBusinessRoleApp
https://scgi.nl.paradise.qa.ebay.com/ws/eBayISAPI.dll?UpgradeBusinessRoleApp
https://scgi.benl.be.paradise.qa.ebay.com/ws/eBayISAPI.dll?UpgradeBusinessRoleApp
https://scgi.ph.paradise.qa.ebay.com/ws/eBayISAPI.dll?UpgradeBusinessRoleApp
https://scgi.pl.paradise.qa.ebay.com/ws/eBayISAPI.dll?UpgradeBusinessRoleApp
https://scgi.sg.paradise.qa.ebay.com/ws/eBayISAPI.dll?UpgradeBusinessRoleApp
https://www.fr.scgi.stratus.qa.ebay.com/reg/Upgrade
https://www.it.scgi.stratus.qa.ebay.com/reg/Upgrade
https://www.es.scgi.stratus.qa.ebay.com/reg/Upgrade
https://www.uk.scgi.stratus.qa.ebay.com/reg/Upgrade
https://www.au.scgi.stratus.qa.ebay.com/reg/Upgrade
https://www.ca.scgi.stratus.qa.ebay.com/reg/Upgrade
https://www.cafr.scgi.stratus.qa.ebay.com/reg/Upgrade
https://www.de.scgi.stratus.qa.ebay.com/reg/Upgrade
https://www.scgi.stratus.qa.ebay.com/reg/Upgrade
https://www.scgi.stratus.qa.ebay.com/reg/?UpgradeBusinessRoleApp
https://scgi.{siteDomain}/ws/eBayISAPI.dll?UpgradeBusinessRoleApp
https://reg.{siteDomain}/reg/Upgrade
https://scgi.ebay.com/ws/eBayISAPI.dll?UpgradeBusinessRoleApp
http://m.{siteDomain}/mweb/feed?_mode=high
http://p.ebaystatic.com/aw/categories/browse/v2/
http://i.ebayimg.com/images/g/5FQAAOSwniRWOOc8/s-l500.jpg
https://www.%s/p/%d
https://rover.ebay.com/rover/0/0/0
https://rover.ebay.com/rover/0/0/0
https://pages.
https://pages.
http://www.
https://pages.ebay.com/link/?nav=
https://www.%s/ulk/itm/%d
https://www.%s/cdp/help/vehicle-protection-plan?app=webview
http://www.cdp.qa.ebay.com/cdp/help/vehicle-protection-plan?app=webview
https://svcs.ebay.com/services/mobile/v1/MobileTrackingService
https://svcs.ebay.com/services/mobile/v1/MobileTrackingService
http://mobitrack.qa.ebay.com/services/mobile/v1/MobileTrackingService
https://addon.ebay.com/help/protection-plan/
http://pages.ebay.de/help/pay/ebay-plus-returns.html?rmvhdr=true
https://pages.ebay.com/shipping/guaranteed-delivery.html?lang=%s
https://api.ebay.com/
http://m2mexp.stratus.qa.ebay.com/
https://api.xstage.ebay.com/ws/api.dll
https://api.ebay.com/ws/api.dll
https://api4.qa.ebay.com/ws/api.dll
http://api.xstage.ebay.com/ws/api.dll
https://api.ebay.com/shopping
https://api4.qa.ebay.com/ws/svc/Shopping
http://open.api.xstage.ebay.com/ws/svc/Shopping
https://api.ebay.com/marketing/merch/v2/recommendation
https://api4.qa.ebay.com/marketing/merch/v2/recommendation
http://api.xstage.ebay.com/marketing/merch/v2/recommendation/placement
https://api.ebay.com/shopcase/v2
https://api4.qa.ebay.com/shopcase/v2
http://api.xstage.ebay.com/shopcase/v2
https://svcs.ebay.com/Billing/v1/BillingCurrencyRateServiceV1
https://svcs.ebay.com/services/mobile/apls/v1/traffic
http://svcs.xstage.ebay.com/services/mobile/apls/v1/traffic
https://svcs.ebay.com/services/mobile/apls/v1/error
http://svcs.xstage.ebay.com/services/mobile/apls/v1/error
https://svcs.ebay.com/services/mobile/mes/v2/treatments
https://api4.qa.ebay.com/services/mobile/mes/v2/treatments
http://svcs.xstage.ebay.com/services/mobile/mes/v2
https://mobixo.ebay.com/services/addressbookservice/v1/AddressBookService
https://api4.qa.ebay.com/services/addressbookservice/v1/AddressBookService
http://svcs.xstage.ebay.com/services/addressbookservice/v1/AddressBookService
https://api.ebay.com/identity/address_book/v1/
http://api4.qa.ebay.com/identity/address_book/v1/
https://fiappsvc.ebay.com/fiappsvc
https://api4.qa.ebay.com/fiappsvc
http://api.xstage.ebay.com/fiappsvc
https://svcs.ebay.com/services/fundraising/FundRaisingFindingService/v1
https://api4.qa.ebay.com/services/fundraising/FundRaisingFindingService/v1
http://svcs.xstage.ebay.com/services/fundraising/FundRaisingFindingService/v1
https://svcs.ebay.com/services/fundraising/FundRaisingUserService/v1
https://api4.qa.ebay.com/services/fundraising/FundRaisingUserService/v1
http://svcs.xstage.ebay.com/services/fundraising/FundRaisingUserService/v1
https://svcs.ebay.com/services/fundraising/FundRaisingService/v3
https://api4.qa.ebay.com/services/fundraising/FundRaisingService/v3
http://svcs.xstage.ebay.com/services/fundraising/FundRaisingService/v3
https://svcs.ebay.com/ws/spf
https://api4.qa.ebay.com/ws/spf/MyEbayApplicationService
http://svcs.xstage.ebay.com/ws/spf
https://api.ebay.com/core/notificationinbox/v1/notification
https://api4.qa.ebay.com/core/notificationinbox/v1/notification
http://api.xstage.ebay.com/core/notificationinbox/v1/notification
https://idauth.ebay.com/idauth/site/token
https://api4.qa.ebay.com/idauth/site/token
http://idauth.xstage.ebay.com/idauth/site/token
https://api.ebay.com/search/v2
https://api4.qa.ebay.com/search/v2
http://api.xstage.ebay.com/search/v2
https://api.ebay.com/experience/search/v1/search_results
https://api4.qa.ebay.com/experience/search/v1/search_results
http://api.xstage.ebay.com/experience/search/v1/search_results
https://api.ebay.com/image_search/v1/search
https://api4.qa.ebay.com/image_search/v1/search
http://api.xstage.ebay.com/image_search/v1/search
https://rlforebay.redlaser.com
https://api.ebay.com/buy/listing/v1/listingdetails
https://api4.qa.ebay.com/buy/listing/v1/listingdetails
http://api.xstage.ebay.com/buy/listing/v1/listingdetails/
https://api.ebay.com/experience/listing_details/v1/view_item
https://api4.qa.ebay.com/experience/listing_details/v1/view_item
https://api.ebay.com/experience/listing_details/v1/module_provider
https://api4.qa.ebay.com/experience/listing_details/v1/module_provider
https://api.ebay.com/buy/listing/v1/preview
https://api4.qa.ebay.com/buy/listing/v1/preview/
http://api.xstage.ebay.com/buy/listing/v1/preview/
https://api.ebay.com/experience/listing_details/v1/preview_draft_listing
https://api4.qa.ebay.com/experience/listing_details/v1/preview_draft_listing
https://api.ebay.com/experience/buying_flow/v1/best_offer/
http://bestoffer.qa.ebay.com/experience/buying_flow/v1/best_offer/
https://api.ebay.com
http://bestoffer.qa.ebay.com
https://svcs.ebay.com/services/buying/userAgreements/v1/shortFormNotice
http://mobiusragrmnt.stg.stratus.qa.ebay.com/usragrmnt/buying/userAgreements/v1/ShortFormNotice
https://api.ebay.com/trending/v1/topic
http://www.trndsvc.stratus.qa.ebay.com/trending/v1/topic
http://api.xstage.ebay.com/trending/v1/topic
https://svcs.ebay.com/services/classification/UnifiedMetadataService/v1
https://api.ebay.com/selling/ListingDraftService/v1
https://api4.qa.ebay.com/ws/spf/listing/ListingDraftService/v1
http://api.xstage.ebay.com/selling/ListingDraftService/v1
https://api.ebay.com/catalog/v3/product
http://api4.qa.ebay.com/catalog/v3/product
https://svcs.ebay.com/attr
http://svcs.xstage.ebay.com/attr
https://svcs.ebay.com/services/catalog/CatalogContentService/v1
http://catalogcontentservice.vip.qa.ebay.com/ws/spf
http://ctlgsvc.xstage.ebay.com/ws/spf
https://svcs.ebay.com/services/Shipping/ShippingRecommendationService/v1
https://api.ebay.com/buy/unifiedstream/v1/content
http://mecsapp.qa.ebay.com/buy/unifiedstream/v1/content
http://api.xstage.ebay.com/buy/unifiedstream/v1/content
https://api.ebay.com/buy/unifiedstream/v1/content/deal
http://mecsapp.qa.ebay.com/buy/unifiedstream/v1/content/deal
http://api.xstage.ebay.com/buy/unifiedstream/v1/content/deal
https://api.ebay.com/experience/shopping/v1/home
http://hpservice-native.stratus.qa.ebay.com/experience/shopping/v1/home
https://api.ebay.com/experience/guided_shopping/v1/module_provider
http://onboardingsvc.vip.qa.ebay.com/experience/guided_shopping/v1/module_provider
http://api.xstage.ebay.com/experience/guided_shopping/v1/module_provider
https://api.ebay.com/social/collection/v1/collection/
http://clnsvc.qa.ebay.com/social/collection/v1/collection/
http://api.xstage.ebay.com/social/collection/v1/collection/
https://api.ebay.com/watchlist/v3/
http://www.watch.stratus.qa.ebay.com/watchlist/v3/
https://api.ebay.com/experience/myebay_buying/v1/buying_activity
http://txexpsvc-web-private-envf7jokk59vh-1.stratus.phx.qa.ebay.com/experience/myebay_buying/v1/buying_activity
https://api.ebay.com/experience/myebay_buying/v1/purchase_activity
http://txexpsvc-web-private-envf7jokk59vh-1.stratus.phx.qa.ebay.com/experience/myebay_buying/v1/purchase_activity
https://api.ebay.com/social/collection/v1/get_similar_collections/
http://clnsvc.stratus.qa.ebay.com/social/collection/v1/get_similar_collections/
http://clnsvc.pp.stratus.ebay.com/social/collection/v1/get_similar_collections/
https://api.ebay.com/social/feeds/v1
http://api4.qa.ebay.com/social/feeds/v1
http://api.xstage.ebay.com/social/feeds/v1
https://api.ebay.com/device/v1/fingerprint
https://api4.qa.ebay.com/device/v1/fingerprint
http://api.xstage.ebay.com/device/v1/fingerprint
https://api.ebay.com/buy/review/v1
https://api4.qa.ebay.com/buy/review/v1
http://api.xstage.ebay.com/buy/review/v1
https://api.ebay.com/experience/product_question_and_answer/v1
https://www.api4.qa.ebay.com/experience/product_question_and_answer/v1
https://api.ebay.com/parts_compatibility/v1
https://api4.qa.ebay.com/parts_compatibility/v1
https://api.ebay.com/user/v1
https://api4.qa.ebay.com/user/v1
https://mobidcs.ebay.com/services/mobile/v1/DeviceConfigurationService
https://api4.qa.ebay.com/services/mobile/v1/DeviceConfigurationService
http://svcs.xstage.ebay.com/services/mobile/v1/DeviceConfigurationService
https://mobidcs-2453362.phx01.dev.ebayc3.com:8082/base/configuration/v1/app_config/get_by_application_key
https://api.ebay.com/deals_and_events/v1/listing
https://api4.qa.ebay.com/deals_and_events/v1/listing
http://www.xstage.ebay.com/rps/finditems
https://api.ebay.com/deals_and_events/v1/event
https://api4.qa.ebay.com/deals_and_events/v1/event
http://api.xstage.ebay.com/deals_and_events/v1/event
https://mobiuas.ebay.com/services/mobile/v1/UserAuthenticationService
https://api4.qa.ebay.com/services/mobile/v1/UserAuthenticationService
http://svcs.xstage.ebay.com/services/mobile/v1/UserAuthenticationService
https://apix.ebay.com/experience/checkout/v1
https://api4.qa.ebay.com/experience/checkout/v1
http://api.xstage.ebay.com/experience/checkout/v1
https://api.ebay.com/experience/shopping_cart/v1
https://api4.qa.ebay.com/experience/shopping_cart/v1
http://api.xstage.ebay.com/experience/shopping_cart/v1
https://spesvc.ebay.com/store/v1
http://www.spesvc.qa.ebay.com/store/v1
http://www.spesvc.xstage.ebay.com/store/v1
http://appns1.qa.ebay.com/ws/spf
https://api.ebay.com/experience/deals/v1/hub
https://api4.qa.ebay.com/experience/deals/v1/hub
https://api.ebay.com/experience/deals/v1/spoke
https://api4.qa.ebay.com/experience/deals/v1/spoke
https://api.ebay.com/experience/deals/v1/module_provider
https://api4.qa.ebay.com/experience/deals/v1/module_provider
https://api.ebay.com/buy/user/v1/activity/intent
http://www.activity.stg.stratus.qa.ebay.com/buy/user/v1/activity/intent
https://api.ebay.com/buy/user/v1/activity/viewed_item
http://www.activity.stg.stratus.qa.ebay.com/buy/user/v1/activity/viewed_item
https://api.ebay.com/buy/user/v1/activity/dismiss_all
http://www.activity.stg.stratus.qa.ebay.com/buy/user/v1/activity/dismiss_all
https://api.ebay.com/identity/v1/device/application/register
http://api4.qa.ebay.com/identity/v1/device/application/register
https://api.ebay.com/identity/v1/auth/app
http://api4.qa.ebay.com/identity/v1/auth/app
https://api.ebay.com/identity/v1/auth/user
http://api4.qa.ebay.com/identity/v1/auth/user
https://api.ebay.com/identity/v1/logout/user
http://api4.qa.ebay.com/identity/v1/logout/user
https://api.ebay.com/identity/federation/v1/provider/GOOGLE/create_link
http://api4.qa.ebay.com/identity/federation/v1/provider/GOOGLE/create_link
https://api.ebay.com/experience/myebay/v2
https://api4.qa.ebay.com/experience/myebay/v2
https://api.ebay.com/experience/consumer_selling/v2
http://api4.qa.ebay.com/experience/consumer_selling/v2
https://api.ebay.com/experience/listing_auto_complete/v1
https://api4.qa.ebay.com/experience/listing_auto_complete/v1
https://api.ebay.com/ims/loyalty/giftcard/v1
https://api.ebay.com/giftcardapi/v1
http://giftsvc.qa.ebay.com/giftcardapi/v1
https://api.ebay.com/add_on_item_buying/v1/checkout_cart
https://api4.qa.ebay.com/add_on_item_buying/v1/checkout_cart
https://api.ebay.com/sell/logistics/v1/
https://api4.qa.ebay.com/sell/logistics/v1/
https://api.ebay.com/base/tracking/v1/track_events
https://api4.qa.ebay.com/base/tracking/v1/track_events
https://svcs.ebay.com/push_notification/v1/subscription
https://api4.qa.ebay.com/push_notification/v1/subscription
https://api.ebay.com/experience/notification_inbox/v1/notification_hub
http://api4.qa.ebay.com/experience/notification_inbox/v1/notification_hub
https://api.ebay.com/browse/v2
http://flexbrowseap.stratus.qa.ebay.com/search/v2
https://api.ebay.com/experience/shopping/v2/browse_results
http://api4.qa.ebay.com/experience/shopping/v2/browse_results
https://api.ebay.com/fidouaf/v1
http://api4.qa.ebay.com/fidouaf/v1/
https://api.ebay.com/experience/product_shopping/v1/product_exploration
http://prpexpsvc.stratus.qa.ebay.com/experience/product_shopping/v1/product_exploration
https://api.ebay.com/experience/product_shopping/v1/top_products
http://www.prpexpsvc.pp.stratus.ebay.com/experience/product_shopping/v1/top_products
https://api4.qa.ebay.com/services/mobile/v1/MobileTrackingService
http://svcs.xstage.ebay.com/services/mobile/v1/MobileTrackingService
https://api.ebay.com/experience/item_authentication/v1/getEligibilityMetadata
https://api4.qa.ebay.com/experience/item_authentication/v1/getEligibilityMetadata
https://api.ebay.com/experience/item_authentication/v1/check_eligibility
https://api4.qa.ebay.com/experience/item_authentication/v1/check_eligibility
https://api.ebay.com/experience/product_shopping/v1/module_provider
https://prpexpsvc-10.stratus.qa.ebay.com/experience/product_shopping/v1/module_provider
https://api.ebay.com/experience/valet_selling/v1/valet_order_draft/
https://api4.qa.ebay.com/experience/valet_selling/v1/valet_order_draft
https://api.ebay.com/item_add_on/v2
https://api4.qa.ebay.com/item_add_on/v2
https://api.ebay.com/experience/local_find/v1
https://api4.qa.ebay.com/experience/local_find/v1
https://api.ebay.com/experience/myebay_selling/v1
https://api4.qa.ebay.com/experience/myebay_selling/v1
https://api.ebay.com/selling/experience/v1/listing_conversion/module_provider
https://api4.qa.ebay.com/selling/experience/v1/listing_conversion/module_provider
http://include.ebaystatic.com/autofill/f
https://sofe.%s/ws/web/SojPagePerf
https://api.ebay.com/oauth/scope/@public https://api.ebay.com/oauth/scope/base@public https://api.ebay.com/oauth/scope/experience@public
http://www.ebay.com/marketplace/fundraising/v1/services
http://www.ebay.com/marketplace/fundraising/v1/services
http://www.ebay.com/marketplace/fundraising/v1/services
http://www.ebay.com/marketplace/fundraising/v1/services
http://www.ebay.com/marketplace/fundraising/v1/services
http://www.ebay.com/marketplace/fundraising/v1/services
http://www.ebay.com/marketplace/fundraising/v3/services
http://www.ebay.com/marketplace/fundraising/v3/services
http://www.ebay.com/marketplace/fundraising/v3/services
http://www.ebay.com/marketplace/fundraising/v3/services
https://accounts.google.com/o/oauth2/revoke?token=
https://accounts.google.com/o/oauth2/revoke?token=
http://www.ebay.com/marketplace/listing/v1/services
http://www.ebay.com/marketplace/listing/v1/services
http://www.ebay.com/marketplace/listing/v1/services
http://www.ebay.com/marketplace/listing/v1/services
http://www.ebay.com/marketplace/listing/v1/services
http://www.ebay.com/marketplace/listing/v1/services
http://www.ebay.com/marketplace/listing/v1/services
http://www.ebay.com/marketplace/listing/v1/services
http://www.ebay.com/marketplace/shipping/v10/services
http://www.ebay.com/marketplace/shipping/v10/services
http://www.ebay.com/marketplace/shipping/v10/services
http://www.ebay.com/marketplace/shipping/v10/services
http://xmlpull.org/v1/doc/features.html#indent-output
http://xmlpull.org/v1/doc/features.html#indent-output
http://www.w3.org/XML/1998/namespace
https://pagead2.googlesyndication.com/pagead/gen_204?id=gmob-apps
https://www.googleapis.com/auth/games_lite
https://www.googleapis.com/auth/games
https://plus.google.com/
https://pagead2.googlesyndication.com/pagead/gen_204
http://www.google.com
https://support.google.com/dfp_premium/answer/7160685#push
https://app-measurement.com/a
https://www.google.com
http://www.example.com
http://www.example.com
https://googleads.g.doubleclick.net/mads/static/mad/sdk/native/sdk-core-v40.html
https://googleads.g.doubleclick.net/mads/static/mad/sdk/native/production/sdk-core-v40-impl.js
https://googleads.g.doubleclick.net/mads/static/mad/sdk/native/mraid/v2/mraid_app_banner.js
https://googleads.g.doubleclick.net/mads/static/mad/sdk/native/mraid/v2/mraid_app_expanded_banner.js
https://googleads.g.doubleclick.net/mads/static/mad/sdk/native/mraid/v2/mraid_app_interstitial.js
https://csi.gstatic.com/csi
https://googleads.g.doubleclick.net/mads/static/mad/sdk/native/native_ads.html
https://googleads.g.doubleclick.net/mads/static/mad/sdk/native/production/native_ads.js
https://imasdk.googleapis.com/admob/sdkloader/native_video.html
https://www.google.com/dfp/linkDevice
https://www.google.com/dfp/inAppPreview
https://www.google.com/dfp/debugSignals
https://www.google.com/dfp/sendDebugData
https://svcs.paypal.com/AccessControl/LogRiskMetadata
https://svcs.paypal.com/AccessControl/LogRiskMetadata
https://b.stats.paypal.com/counter.cgi?p=
https://www.paypalobjects.com/webstatic/risk/dyson_config_android_v3.json
https://e.crashlytics.com/spi/v2/events
https://settings.crashlytics.com/spi/v2/platforms/android/apps/%s/settings

[INTERNAL_LOG][2018-06-07 23:39:04,223][INFO][find_url_in_apk()] [END ALL URL INSIDE APK]
[INTERNAL_LOG][2018-06-07 23:39:04,231][INFO][check_method_conf()] [JavaScript enabled: True]

[INTERNAL_LOG][2018-06-07 23:39:04,231][INFO][check_method_conf()] [Add interface WebView: True]

[INTERNAL_LOG][2018-06-07 23:39:04,231][INFO][analyze_start()] This app might be not vulnerable on  attack frame confusion.
[INTERNAL_LOG][2018-06-07 23:39:04,231][INFO][analyze_start()] End time:[Thu Jun  7 23:39:04 2018]
