[INTERNAL_LOG][2018-06-08 03:40:31,025][INFO][analyze_start()] Init Time [Fri Jun  8 03:40:31 2018]
[INTERNAL_LOG][2018-06-08 03:40:31,195][INFO][run()] Start Analysis
[INTERNAL_LOG][2018-06-08 03:40:31,199][INFO][is_hybird()] [Permission Enble Start]
[INTERNAL_LOG][2018-06-08 03:40:31,199][INFO][is_hybird()] android.permission.ACCESS_NETWORK_STATE
[INTERNAL_LOG][2018-06-08 03:40:31,199][INFO][is_hybird()] android.permission.ACCESS_WIFI_STATE
[INTERNAL_LOG][2018-06-08 03:40:31,199][INFO][is_hybird()] android.permission.INTERNET
[INTERNAL_LOG][2018-06-08 03:40:31,199][INFO][is_hybird()] android.permission.VIBRATE
[INTERNAL_LOG][2018-06-08 03:40:31,199][INFO][is_hybird()] android.permission.WAKE_LOCK
[INTERNAL_LOG][2018-06-08 03:40:31,199][INFO][is_hybird()] com.android.vending.BILLING
[INTERNAL_LOG][2018-06-08 03:40:31,200][INFO][is_hybird()] com.google.android.c2dm.permission.RECEIVE
[INTERNAL_LOG][2018-06-08 03:40:31,200][INFO][is_hybird()] com.episodeinteractive.android.catalog.permission.C2D_MESSAGE
[INTERNAL_LOG][2018-06-08 03:40:31,200][INFO][is_hybird()] android.permission.RECEIVE_BOOT_COMPLETED
[INTERNAL_LOG][2018-06-08 03:40:31,200][INFO][is_hybird()] [Permission End]

[INTERNAL_LOG][2018-06-08 03:40:31,200][INFO][analyze_start()] TYPE APK: [ANDROID NATIVE]

[INTERNAL_LOG][2018-06-08 03:40:31,200][INFO][find_string()] [START FILE ANALYZE]
[INTERNAL_LOG][2018-06-08 03:40:31,200][INFO][find_string()] File: assets/TapjoyResources.bundle/MRAID_Standard_HTML_Stub.html
[INTERNAL_LOG][2018-06-08 03:40:31,201][INFO][find_string()] No iframe in assets/TapjoyResources.bundle/MRAID_Standard_HTML_Stub.html
[INTERNAL_LOG][2018-06-08 03:40:31,201][INFO][find_string()] File: assets/TapjoyResources.bundle/MRAID_Standard_JS_Stub.html
[INTERNAL_LOG][2018-06-08 03:40:31,201][INFO][find_string()] No iframe in assets/TapjoyResources.bundle/MRAID_Standard_JS_Stub.html
[INTERNAL_LOG][2018-06-08 03:40:31,201][INFO][find_string()] File: assets/pg_static_resources/GameLogHeader.html
[INTERNAL_LOG][2018-06-08 03:40:31,203][INFO][find_string()] No iframe in assets/pg_static_resources/GameLogHeader.html
[INTERNAL_LOG][2018-06-08 03:40:31,203][INFO][find_string()] File: assets/AndroidLoading.html
[INTERNAL_LOG][2018-06-08 03:40:31,204][INFO][find_string()] No iframe in assets/AndroidLoading.html
[INTERNAL_LOG][2018-06-08 03:40:31,204][INFO][find_string()] File: assets/end.html
[INTERNAL_LOG][2018-06-08 03:40:31,207][INFO][find_string()] No iframe in assets/end.html
[INTERNAL_LOG][2018-06-08 03:40:31,207][INFO][find_string()] File: assets/friends_not_logged_in.html
[INTERNAL_LOG][2018-06-08 03:40:31,208][INFO][find_string()] No iframe in assets/friends_not_logged_in.html
[INTERNAL_LOG][2018-06-08 03:40:31,209][INFO][find_string()] File: assets/gate_bundle.html
[INTERNAL_LOG][2018-06-08 03:40:31,212][INFO][find_string()] No iframe in assets/gate_bundle.html
[INTERNAL_LOG][2018-06-08 03:40:31,212][INFO][find_string()] File: assets/landing_bundle.html
[INTERNAL_LOG][2018-06-08 03:40:31,215][INFO][find_string()] No iframe in assets/landing_bundle.html
[INTERNAL_LOG][2018-06-08 03:40:31,215][INFO][find_string()] File: assets/referralgate_ref.html
[INTERNAL_LOG][2018-06-08 03:40:31,217][INFO][find_string()] No iframe in assets/referralgate_ref.html
[INTERNAL_LOG][2018-06-08 03:40:31,217][INFO][find_string()] File: assets/referralgate_unref.html
[INTERNAL_LOG][2018-06-08 03:40:31,218][INFO][find_string()] No iframe in assets/referralgate_unref.html
[INTERNAL_LOG][2018-06-08 03:40:31,218][INFO][find_string()] File: assets/shop_bundle.html
[INTERNAL_LOG][2018-06-08 03:40:31,221][INFO][find_string()] No iframe in assets/shop_bundle.html
[INTERNAL_LOG][2018-06-08 03:40:31,221][INFO][find_string()] File: assets/start.html
[INTERNAL_LOG][2018-06-08 03:40:31,225][INFO][find_string()] No iframe in assets/start.html
[INTERNAL_LOG][2018-06-08 03:40:31,225][INFO][find_string()] File: assets/universal_gate.html
[INTERNAL_LOG][2018-06-08 03:40:31,229][INFO][find_string()] No iframe in assets/universal_gate.html
[INTERNAL_LOG][2018-06-08 03:40:31,229][INFO][find_string()] File: js/closebutton.html
[INTERNAL_LOG][2018-06-08 03:40:31,230][INFO][find_string()] No iframe in js/closebutton.html
[INTERNAL_LOG][2018-06-08 03:40:31,230][INFO][find_string()] [END ANALYZE FILE]

[INTERNAL_LOG][2018-06-08 03:40:58,547][INFO][find_url_in_apk()] [START ALL URL INSIDE APK]
[INTERNAL_LOG][2018-06-08 03:40:58,547][INFO][find_url_in_apk()] https://adc3-launch-server-staging.herokuapp.com/v4/launch
https://adc3-launch.adcolony.com/v4/launch
https://adc3-launch.adcolony.com/v4/launch
https://wd.adcolony.com/logs
https://app.adjust.com
https://app.adjust.com
http://schemas.applovin.com/android/1.0
http://schemas.applovin.com/android/1.0
http://d.applovin.com/
http://a.applovin.com/
http://vid.applovin.com/,http://pdn.applovin.com/,http://img.applovin.com/,http://d.applovin.com/,http://assets.applovin.com/,http://cdnjs.cloudflare.com/
http://www.facebook.com/sharer/sharer.php
http://twitter.com/intent/tweet
https://graph.%s
https://graph-video.%s
https://facebook.com
http://play.google.com/store/apps/details?id=com.facebook.orca
https://pagead2.googlesyndication.com/pagead/gen_204?id=gmob-apps
https://accounts.google.com
https://www.facebook.com
https://www.googleapis.com/auth/games
https://plus.google.com/
https://mobile-static.adsafeprotected.com/avid-v2.js
https://track.atom-data.io
https://track.atom-data.io
https://track.atom-data.io
https://outcome.supersonicads.com/mediation/
https://outcome.supersonicads.com/mediation/
https://mobilelogs.supersonic.com
https://mobilelogs.supersonic.com
https://init.supersonicads.com/sdk/v
https://www.supersonicads.com/mobile/sdk5/log?method=
https://www.supersonicads.com/mobile/sdk5/log?method=
https://www.supersonicads.com/mobile/sdk5/log?method=
https://www.supersonicads.com/mobile/sdk5/log?method=
https://www.supersonicads.com/mobile/sdk5/log?method=
https://www.supersonicads.com/mobile/sdk5/log?method=
https://www.supersonicads.com/mobile/sdk5/log?method=
https://www.supersonicads.com/mobile/sdk5/log?method=
https://www.supersonicads.com/mobile/sdk5/log?method=injectJavaScript
https://www.supersonicads.com/mobile/sdk5/log?method=extraParametersToJson
https://www.supersonicads.com/mobile/sdk5/log?method=noProductType
https://www.supersonicads.com/mobile/sdk5/log?method=encodeAppUserId
https://www.supersonicads.com/mobile/sdk5/log?method=encodeAppKey
https://www.supersonicads.com/mobile/sdk5/log?method=webviewLoadBlank
https://www.supersonicads.com/mobile/sdk5/log?method=webviewLoadWithPath
https://www.supersonicads.com/mobile/sdk5/log?method=htmlControllerDoesNotExistOnFileSystem
https://www.supersonicads.com/mobile/sdk5/log?method=webviewPause
https://www.supersonicads.com/mobile/sdk5/log?method=webviewResume
http://leanplum:close
http://leanplum:close
http://leanplum:loadFinished
http://leanplum:runAction
http://leanplum:runTrackedAction
http://leanplum:track
http://www.example.com
http://www.example.com
https://px.moatads.com/pixel.gif?e=0&i=MOATSDK1&ac=1
https://z.moatads.com/
https://z.moatads.com/
http://play.google.com/store/apps/details?id=
https://ws.tapjoyads.com/
https://ws.tapjoyads.com/
https://ws.tapjoyads.com/
https://rpc.tapjoy.com/
https://rpc.tapjoy.com/
https://connect.tapjoy.com/
https://connect.tapjoy.com/
https://placements.tapjoy.com/
https://config.unityads.unity3d.com/webview/
http://api.vungle.com/api/v1/
https://api.branch.io/
https://bnc.lt/a/

[INTERNAL_LOG][2018-06-08 03:40:58,547][INFO][find_url_in_apk()] [END ALL URL INSIDE APK]
[INTERNAL_LOG][2018-06-08 03:40:58,606][INFO][check_method_conf()] [JavaScript enabled: True]

[INTERNAL_LOG][2018-06-08 03:40:58,606][INFO][check_method_conf()] [Add interface WebView: True]

[INTERNAL_LOG][2018-06-08 03:40:58,606][INFO][analyze_start()] This app might be not vulnerable on  attack frame confusion.
[INTERNAL_LOG][2018-06-08 03:40:58,606][INFO][analyze_start()] End time:[Fri Jun  8 03:40:58 2018]
