[INTERNAL_LOG][2018-06-08 02:44:24,182][INFO][analyze_start()] Init Time [Fri Jun  8 02:44:24 2018]
[INTERNAL_LOG][2018-06-08 02:44:24,219][INFO][run()] Start Analysis
[INTERNAL_LOG][2018-06-08 02:44:24,219][INFO][is_hybird()] [Permission Enble Start]
[INTERNAL_LOG][2018-06-08 02:44:24,219][INFO][is_hybird()] android.permission.ACCESS_NETWORK_STATE
[INTERNAL_LOG][2018-06-08 02:44:24,219][INFO][is_hybird()] android.permission.INTERNET
[INTERNAL_LOG][2018-06-08 02:44:24,219][INFO][is_hybird()] android.permission.WRITE_EXTERNAL_STORAGE
[INTERNAL_LOG][2018-06-08 02:44:24,219][INFO][is_hybird()] android.permission.VIBRATE
[INTERNAL_LOG][2018-06-08 02:44:24,219][INFO][is_hybird()] com.android.vending.BILLING
[INTERNAL_LOG][2018-06-08 02:44:24,219][INFO][is_hybird()] android.permission.GET_TASKS
[INTERNAL_LOG][2018-06-08 02:44:24,220][INFO][is_hybird()] com.android.vending.CHECK_LICENSE
[INTERNAL_LOG][2018-06-08 02:44:24,220][INFO][is_hybird()] android.permission.WAKE_LOCK
[INTERNAL_LOG][2018-06-08 02:44:24,220][INFO][is_hybird()] android.permission.ACCESS_WIFI_STATE
[INTERNAL_LOG][2018-06-08 02:44:24,220][INFO][is_hybird()] com.google.android.c2dm.permission.RECEIVE
[INTERNAL_LOG][2018-06-08 02:44:24,220][INFO][is_hybird()] com.bethsoft.falloutshelter.permission.C2D_MESSAGE
[INTERNAL_LOG][2018-06-08 02:44:24,220][INFO][is_hybird()] [Permission End]

[INTERNAL_LOG][2018-06-08 02:44:24,220][INFO][analyze_start()] TYPE APK: [ANDROID NATIVE]

[INTERNAL_LOG][2018-06-08 02:44:24,220][INFO][find_string()] [START FILE ANALYZE]
[INTERNAL_LOG][2018-06-08 02:44:24,220][INFO][find_string()] File: assets/youtubeapi.html
[INTERNAL_LOG][2018-06-08 02:44:24,221][INFO][find_string()] No iframe in assets/youtubeapi.html
[INTERNAL_LOG][2018-06-08 02:44:24,221][INFO][find_string()] [END ANALYZE FILE]

[INTERNAL_LOG][2018-06-08 02:44:42,123][INFO][find_url_in_apk()] [START ALL URL INSIDE APK]
[INTERNAL_LOG][2018-06-08 02:44:42,123][INFO][find_url_in_apk()] https://sdk-services.appsflyer.com/validate-android-signature
https://api.appsflyer.com/install_data/v3/
https://t.appsflyer.com/api/v
https://events.appsflyer.com/api/v
https://register.appsflyer.com/api/v
https://stats.appsflyer.com/stats
https://a.fiksu.com/
https://sdk.fiksu.com/config.json?device_class=android&
https://pagead2.googlesyndication.com/pagead/gen_204?id=gmob-apps
https://accounts.google.com
https://www.facebook.com
http://plus.google.com/
https://www.googleapis.com/auth/drive.file
https://www.googleapis.com/auth/drive.appdata
https://www.googleapis.com/auth/drive
https://www.googleapis.com/auth/drive.apps
https://www.googleapis.com/auth/games
https://www.googleapis.com/auth/games
https://www.googleapis.com/auth/games.firstparty
https://www.googleapis.com/auth/games.firstparty
http://www.example.com
http://www.example.com
https://googleads.g.doubleclick.net/mads/static/mad/sdk/native/sdk-core-v40.html
https://googleads.g.doubleclick.net/mads/static/mad/sdk/native/mraid/v2/mraid_app_banner.js
https://googleads.g.doubleclick.net/mads/static/mad/sdk/native/mraid/v2/mraid_app_expanded_banner.js
https://googleads.g.doubleclick.net/mads/static/mad/sdk/native/mraid/v2/mraid_app_interstitial.js
https://csi.gstatic.com/csi
https://www.google.com/dfp/linkDevice
https://www.google.com/dfp/inAppPreview
https://www.google.com/dfp/debugSignals
https://www.google.com/dfp/sendDebugData
https://pagead2.googlesyndication.com/pagead/gen_204
http://www.google.com
https://www.googleapis.com/auth/plus.login
https://www.googleapis.com/auth/plus.me
http://schemas.android.com/apk/lib/com.google.android.gms.plus
http://schemas.android.com/apk/lib/com.google.android.gms.plus
http://www.google.ie
http://swrve.com
https://sdk.hockeyapp.net/
https://sdk.hockeyapp.net/
https://sdk.hockeyapp.net/
https://sdk.hockeyapp.net/
https://sdk.hockeyapp.net/
https://sdk.hockeyapp.net/
https://sdk.hockeyapp.net/
https://sdk.hockeyapp.net/
https://sdk.hockeyapp.net/
https://sdk.hockeyapp.net/

[INTERNAL_LOG][2018-06-08 02:44:42,123][INFO][find_url_in_apk()] [END ALL URL INSIDE APK]
[INTERNAL_LOG][2018-06-08 02:44:42,129][INFO][check_method_conf()] [JavaScript enabled: True]

[INTERNAL_LOG][2018-06-08 02:44:42,129][INFO][check_method_conf()] [Add interface WebView: True]

[INTERNAL_LOG][2018-06-08 02:44:42,129][INFO][analyze_start()] This app might be not vulnerable on  attack frame confusion.
[INTERNAL_LOG][2018-06-08 02:44:42,129][INFO][analyze_start()] End time:[Fri Jun  8 02:44:42 2018]
