[INTERNAL_LOG][2018-06-07 23:13:17,318][INFO][analyze_start()] Init Time [Thu Jun  7 23:13:17 2018]
[INTERNAL_LOG][2018-06-07 23:13:17,398][INFO][run()] Start Analysis
[INTERNAL_LOG][2018-06-07 23:13:17,400][INFO][is_hybird()] [Permission Enble Start]
[INTERNAL_LOG][2018-06-07 23:13:17,401][INFO][is_hybird()] android.permission.GET_ACCOUNTS
[INTERNAL_LOG][2018-06-07 23:13:17,401][INFO][is_hybird()] android.permission.ACCESS_NETWORK_STATE
[INTERNAL_LOG][2018-06-07 23:13:17,401][INFO][is_hybird()] android.permission.MANAGE_ACCOUNTS
[INTERNAL_LOG][2018-06-07 23:13:17,401][INFO][is_hybird()] android.permission.USE_CREDENTIALS
[INTERNAL_LOG][2018-06-07 23:13:17,401][INFO][is_hybird()] android.permission.AUTHENTICATE_ACCOUNTS
[INTERNAL_LOG][2018-06-07 23:13:17,401][INFO][is_hybird()] android.permission.WRITE_SYNC_SETTINGS
[INTERNAL_LOG][2018-06-07 23:13:17,401][INFO][is_hybird()] android.permission.WRITE_SETTINGS
[INTERNAL_LOG][2018-06-07 23:13:17,401][INFO][is_hybird()] android.permission.READ_SYNC_STATS
[INTERNAL_LOG][2018-06-07 23:13:17,401][INFO][is_hybird()] android.permission.READ_SYNC_SETTINGS
[INTERNAL_LOG][2018-06-07 23:13:17,401][INFO][is_hybird()] org.mozilla.firefox_fxaccount.permission.PER_ACCOUNT_TYPE
[INTERNAL_LOG][2018-06-07 23:13:17,401][INFO][is_hybird()] com.google.android.c2dm.permission.RECEIVE
[INTERNAL_LOG][2018-06-07 23:13:17,401][INFO][is_hybird()] org.mozilla.firefox.permission.C2D_MESSAGE
[INTERNAL_LOG][2018-06-07 23:13:17,401][INFO][is_hybird()] android.permission.CHANGE_WIFI_STATE
[INTERNAL_LOG][2018-06-07 23:13:17,401][INFO][is_hybird()] android.permission.ACCESS_WIFI_STATE
[INTERNAL_LOG][2018-06-07 23:13:17,401][INFO][is_hybird()] android.permission.ACCESS_COARSE_LOCATION
[INTERNAL_LOG][2018-06-07 23:13:17,401][INFO][is_hybird()] android.permission.ACCESS_FINE_LOCATION
[INTERNAL_LOG][2018-06-07 23:13:17,401][INFO][is_hybird()] android.permission.ACCESS_NETWORK_STATE
[INTERNAL_LOG][2018-06-07 23:13:17,401][INFO][is_hybird()] android.permission.INTERNET
[INTERNAL_LOG][2018-06-07 23:13:17,401][INFO][is_hybird()] android.permission.RECEIVE_BOOT_COMPLETED
[INTERNAL_LOG][2018-06-07 23:13:17,401][INFO][is_hybird()] android.permission.READ_EXTERNAL_STORAGE
[INTERNAL_LOG][2018-06-07 23:13:17,401][INFO][is_hybird()] android.permission.WRITE_EXTERNAL_STORAGE
[INTERNAL_LOG][2018-06-07 23:13:17,401][INFO][is_hybird()] com.android.launcher.permission.INSTALL_SHORTCUT
[INTERNAL_LOG][2018-06-07 23:13:17,401][INFO][is_hybird()] com.android.launcher.permission.UNINSTALL_SHORTCUT
[INTERNAL_LOG][2018-06-07 23:13:17,402][INFO][is_hybird()] com.android.browser.permission.READ_HISTORY_BOOKMARKS
[INTERNAL_LOG][2018-06-07 23:13:17,402][INFO][is_hybird()] android.permission.WAKE_LOCK
[INTERNAL_LOG][2018-06-07 23:13:17,402][INFO][is_hybird()] android.permission.VIBRATE
[INTERNAL_LOG][2018-06-07 23:13:17,402][INFO][is_hybird()] android.permission.DOWNLOAD_WITHOUT_NOTIFICATION
[INTERNAL_LOG][2018-06-07 23:13:17,402][INFO][is_hybird()] android.permission.SYSTEM_ALERT_WINDOW
[INTERNAL_LOG][2018-06-07 23:13:17,402][INFO][is_hybird()] android.permission.NFC
[INTERNAL_LOG][2018-06-07 23:13:17,402][INFO][is_hybird()] android.permission.RECORD_AUDIO
[INTERNAL_LOG][2018-06-07 23:13:17,402][INFO][is_hybird()] android.permission.CAMERA
[INTERNAL_LOG][2018-06-07 23:13:17,402][INFO][is_hybird()] [Permission End]

[INTERNAL_LOG][2018-06-07 23:13:17,402][INFO][analyze_start()] TYPE APK: [ANDROID NATIVE]

[INTERNAL_LOG][2018-06-07 23:13:17,402][INFO][find_string()] [START FILE ANALYZE]
[INTERNAL_LOG][2018-06-07 23:13:17,402][INFO][find_string()] [END ANALYZE FILE]

[INTERNAL_LOG][2018-06-07 23:13:43,720][INFO][find_url_in_apk()] [START URL LOADED INSIDE LOAD FUNCTION]
[INTERNAL_LOG][2018-06-07 23:13:43,720][INFO][find_url_in_apk()] https://support.mozilla.org/kb/private-browsing-firefox-android
https://developer.mozilla.org/en-US/Apps/Progressive
https://support.mozilla.org/kb/how-does-insecure-content-affect-safety-android

[INTERNAL_LOG][2018-06-07 23:13:43,720][INFO][find_url_in_apk()] [END URL LOADED INSIDE LOAD FUNCTION]
[INTERNAL_LOG][2018-06-07 23:13:48,224][INFO][find_string()] [START REMOTE FILE ANALYZE]
[INTERNAL_LOG][2018-06-07 23:13:48,225][INFO][find_string()] Remote File in: temp_html_code/html_downloaded_Firefox Browser fast _ private by Mozilla - org/private-browsing-firefox-android
[INTERNAL_LOG][2018-06-07 23:13:48,225][INFO][find_string()] URL: https://support.mozilla.org/kb/private-browsing-firefox-android
[INTERNAL_LOG][2018-06-07 23:13:48,234][INFO][find_string()] No iframe in temp_html_code/html_downloaded_Firefox Browser fast _ private by Mozilla - org/private-browsing-firefox-android
[INTERNAL_LOG][2018-06-07 23:13:48,234][INFO][find_string()] Remote File in: temp_html_code/html_downloaded_Firefox Browser fast _ private by Mozilla - org/Progressive
[INTERNAL_LOG][2018-06-07 23:13:48,234][INFO][find_string()] URL: https://developer.mozilla.org/en-US/Apps/Progressive
[INTERNAL_LOG][2018-06-07 23:13:48,249][INFO][find_string()] No iframe in temp_html_code/html_downloaded_Firefox Browser fast _ private by Mozilla - org/Progressive
[INTERNAL_LOG][2018-06-07 23:13:48,249][INFO][find_string()] Remote File in: temp_html_code/html_downloaded_Firefox Browser fast _ private by Mozilla - org/how-does-insecure-content-affect-safety-android
[INTERNAL_LOG][2018-06-07 23:13:48,249][INFO][find_string()] URL: https://support.mozilla.org/kb/how-does-insecure-content-affect-safety-android
[INTERNAL_LOG][2018-06-07 23:13:48,258][INFO][find_string()] No iframe in temp_html_code/html_downloaded_Firefox Browser fast _ private by Mozilla - org/how-does-insecure-content-affect-safety-android
[INTERNAL_LOG][2018-06-07 23:13:48,259][INFO][find_string()] [END ANALYZE FILE]

[INTERNAL_LOG][2018-06-07 23:13:48,259][INFO][find_url_in_apk()] [START ALL URL INSIDE APK]
[INTERNAL_LOG][2018-06-07 23:13:48,259][INFO][find_url_in_apk()] http://schemas.android.com/apk/res/android
http://example.com/
https://app.adjust.com
http://schemas.microsoft.com/DRM/2007/03/protocols/AcquireLicense
http://www.w3.org/ns/ttml#parameter
http://www.google-analytics.com
https://ssl.google-analytics.com
https://accounts.google.com
https://accounts.google.com
https://www.facebook.com
https://www.facebook.com
https://www.googleapis.com/auth/plus.me
https://www.googleapis.com/auth/games
http://plus.google.com/
https://app-measurement.com/a
http://hostname/?
https://www.googletagmanager.com
http://leanplum:close
http://leanplum:close
http://leanplum:loadFinished
http://leanplum:runAction
http://leanplum:runTrackedAction
http://leanplum:track
http://www.example.com
http://www.example.com
https://api.accounts.firefox.com/v1
https://api.accounts.firefox.com/v1
https://api.accounts.firefox.com/v1
https://api.accounts.firefox.com/v1
https://token.services.mozilla.com/1.0/sync/1.5
https://token.services.mozilla.com/1.0/sync/1.5
https://token.services.mozilla.com/1.0/sync/1.5
https://profile.accounts.firefox.com/v1
https://profile.accounts.firefox.com/v1
https://profile.accounts.firefox.com/v1
https://profile.accounts.firefox.com/v1
https://firefox.settings.services.mozilla.com/v1/buckets/fennec/collections/experiments/records
http://www.mozilla.org
http://www.mozilla.org
https://crash-reports.mozilla.com/submit?id=%1$s&version=%2$s&buildid=%3$s
https://support.mozilla.org/kb/make-firefox-default-browser-android?utm_source=inproduct&amp;utm_medium=settings&amp;utm_campaign=mobileandroid
https://getpocket.com/explore/trending?src=ff_android&cdn=0
https://getpocket.com/recommendations
https://getpocket.com/recommendations
https://support.mozilla.org/1/mobile/%s/%s/%s/activity-stream
https://www.mozilla.org/#
https://getpocket.cdn.mozilla.net/v3/firefox/global-recs
https://verifier.login.persona.org/verify
https://verifier.accounts.firefox.com/v2
https://fennec-catalog.cdn.mozilla.net/
https://firefox.settings.services.mozilla.com/v1/buckets/fennec/collections/catalog/records
https://support.mozilla.org/kb/controlledaccess
https://latest.dev.lcip.org/profile/v1
https://latest.dev.lcip.org/profile/v1
https://latest.dev.lcip.org/profile/v1
https://stable.dev.lcip.org/auth/v1
https://stable.dev.lcip.org/auth/v1
https://oauth-stable.dev.lcip.org/v1
https://oauth.accounts.firefox.com/v1
https://stable.dev.lcip.org/syncserver/token/1.0/sync/1.5
https://location.services.mozilla.com/v1/country?key=3b4d27dd-703d-4094-8398-4de2c763505a
https://support.mozilla.org/kb/private-browsing-firefox-android
https://incoming.telemetry.mozilla.org
https://developer.mozilla.org/en-US/Apps/Progressive
https://support.mozilla.org/kb/how-does-insecure-content-affect-safety-android
https://support.mozilla.org/kb/firefox-android-tracking-protection
https://www.mozilla.org
https://location.services.mozilla.com/v1/submit

[INTERNAL_LOG][2018-06-07 23:13:48,259][INFO][find_url_in_apk()] [END ALL URL INSIDE APK]
[INTERNAL_LOG][2018-06-07 23:13:48,268][INFO][check_method_conf()] [JavaScript enabled: True]

[INTERNAL_LOG][2018-06-07 23:13:48,268][INFO][check_method_conf()] [Add interface WebView: False]

[INTERNAL_LOG][2018-06-07 23:13:48,268][INFO][analyze_start()] This app might be not vulnerable on  attack frame confusion.
[INTERNAL_LOG][2018-06-07 23:13:48,268][INFO][analyze_start()] End time:[Thu Jun  7 23:13:48 2018]
