[INTERNAL_LOG][2018-06-08 01:31:02,071][INFO][analyze_start()] Init Time [Fri Jun  8 01:31:02 2018]
[INTERNAL_LOG][2018-06-08 01:31:02,135][INFO][run()] Start Analysis
[INTERNAL_LOG][2018-06-08 01:31:02,138][INFO][is_hybird()] [Permission Enble Start]
[INTERNAL_LOG][2018-06-08 01:31:02,138][INFO][is_hybird()] sstream.app.broadcast.SYNC_USER
[INTERNAL_LOG][2018-06-08 01:31:02,138][INFO][is_hybird()] flipboard.app.permission.C2D_MESSAGE
[INTERNAL_LOG][2018-06-08 01:31:02,138][INFO][is_hybird()] android.permission.INTERNET
[INTERNAL_LOG][2018-06-08 01:31:02,138][INFO][is_hybird()] android.permission.ACCESS_NETWORK_STATE
[INTERNAL_LOG][2018-06-08 01:31:02,138][INFO][is_hybird()] com.google.android.c2dm.permission.RECEIVE
[INTERNAL_LOG][2018-06-08 01:31:02,138][INFO][is_hybird()] android.permission.WRITE_EXTERNAL_STORAGE
[INTERNAL_LOG][2018-06-08 01:31:02,138][INFO][is_hybird()] android.permission.WAKE_LOCK
[INTERNAL_LOG][2018-06-08 01:31:02,138][INFO][is_hybird()] android.permission.READ_EXTERNAL_STORAGE
[INTERNAL_LOG][2018-06-08 01:31:02,138][INFO][is_hybird()] com.google.android.providers.gsf.permission.READ_GSERVICES
[INTERNAL_LOG][2018-06-08 01:31:02,138][INFO][is_hybird()] com.google.android.finsky.permission.BIND_GET_INSTALL_REFERRER_SERVICE
[INTERNAL_LOG][2018-06-08 01:31:02,139][INFO][is_hybird()] [Permission End]

[INTERNAL_LOG][2018-06-08 01:31:02,139][INFO][analyze_start()] TYPE APK: [ANDROID NATIVE]

[INTERNAL_LOG][2018-06-08 01:31:02,139][INFO][find_string()] [START FILE ANALYZE]
[INTERNAL_LOG][2018-06-08 01:31:02,139][INFO][find_string()] File: assets/licenses.html
[INTERNAL_LOG][2018-06-08 01:31:02,141][INFO][find_string()] No iframe in assets/licenses.html
[INTERNAL_LOG][2018-06-08 01:31:02,142][INFO][find_string()] [END ANALYZE FILE]

[INTERNAL_LOG][2018-06-08 01:31:37,731][INFO][find_url_in_apk()] [START ALL URL INSIDE APK]
[INTERNAL_LOG][2018-06-08 01:31:37,731][INFO][find_url_in_apk()] http://schemas.android.com/apk/res/android
http://schemas.android.com/apk/res/android
http://schemas.android.com/apk/res/android
http://schemas.android.com/apk/res/android
http://schemas.android.com/apk/res/android
http://schemas.android.com/apk/res/android
http://schemas.android.com/apk/res/android
https://app.adjust.com
https://app.adjust.com
https://www.facebook.com/audience_network/server_side_reward
https://www.%s.facebook.com/audience_network/server_side_reward
https://www.facebook.com/adnw_logging/
https://www.%s.facebook.com/adnw_logging/
https://graph.facebook.com/network_ads_common
https://graph.%s.facebook.com/network_ads_common
https://www.facebook.com/
https://www.%s.facebook.com
http://play.google.com/store/apps/
http://www.facebook.com
https://graph.%s
https://graph-video.%s
https://facebook.com
https://facebook.com/device?user_code=%1$s&qr=1
http://www.w3.org/ns/ttml#parameter
https://pagead2.googlesyndication.com/pagead/gen_204?id=gmob-apps
https://www.googleapis.com/auth/games_lite
https://www.googleapis.com/auth/games
https://plus.google.com/
https://googleads.g.doubleclick.net/mads/static/mad/sdk/native/sdk-core-v40.html
https://googleads.g.doubleclick.net/mads/static/mad/sdk/native/production/sdk-core-v40-impl.js
https://googleads.g.doubleclick.net/mads/static/mad/sdk/native/mraid/v2/mraid_app_banner.js
https://googleads.g.doubleclick.net/mads/static/mad/sdk/native/mraid/v2/mraid_app_expanded_banner.js
https://googleads.g.doubleclick.net/mads/static/mad/sdk/native/mraid/v2/mraid_app_interstitial.js
https://csi.gstatic.com/csi
https://googleads.g.doubleclick.net/mads/static/mad/sdk/native/native_ads.html
https://googleads.g.doubleclick.net/mads/static/mad/sdk/native/production/native_ads.js
https://imasdk.googleapis.com/admob/sdkloader/native_video.html
https://www.google.com/dfp/linkDevice
https://www.google.com/dfp/inAppPreview
https://www.google.com/dfp/debugSignals
https://www.google.com/dfp/sendDebugData
http://www.google-analytics.com
https://ssl.google-analytics.com
https://app-measurement.com/a
https://www.google.com
http://play.google.com/store/apps/details
https://api.twitter.com
https://syndication.twitter.com
http://flpbd.it/about-android
https://cdn.flipboard.com/flipmag-beta/flipmag
https://cdn.flipboard.com/flipmag-beta/flipmag
https://cdn.flipboard.com/flipmag-beta/flipmag
https://cdn.flipboard.com/flipmag-beta/flipmag
https://fbprod.flipboard.com
https://fbprod.flipboard.com
https://fbprod.flipboard.com
https://fbprod.flipboard.com
https://fbprod.flipboard.com
https://fbprod.flipboard.com
https://fbprod.flipboard.com
https://fbprod.flipboard.com
https://bogus.flipboard.com
https://gumby.flipboard.com
https://fbchina.flipboard.com
https://staging.flipboard.com
https://ad-beta.flipboard.com
https://ad.flipboard.com
https://ad.flipboard.com
https://ad.flipboard.com
https://ad.flipboard.com
http://localhost/template.html
http://localhost/template.html
https://bugbot.flipboard.com/browse/
https://cdn.flipboard.com/android_assets/
https://about.flipboard.com/trademark/
https://about.flipboard.com/copyright/
https://beacon.flipboard.com/
https://cdn.flipboard.com/assets/nyt/roadblock.jpg
https://cdn.flipboard.com/serviceIcons/twitter-verified-small.png
https://ue.flipboard.com/usage
https://ue-test.flipboard.com/usage
https://cdn.flipboard.com/assets/invite-contributor/empty-page-background.jpg
https://cdn.flipboard.com/dev_O/blocklist/domains.txt
https://bugbot.flipboard.com
http://flpbd.it/now
http://flpbd.it/now
https://bugbot.flipboard.com/rest/api/2/
https://play.google.com/store/apps/details?
https://www.googleapis.com/auth/plus.circles.read
https://www.googleapis.com/auth/plus.circles.write
https://www.googleapis.com/auth/plus.stream.read
https://www.googleapis.com/auth/plus.stream.write
https://www.googleapis.com/auth/youtube
https://accounts.google.com
https://cdn.flipboard.com/flipmag
http://flipboard.com
http://vimeo.com/
https://e.crashlytics.com/spi/v2/events
https://settings.crashlytics.com/spi/v2/platforms/android/apps/%s/settings
https://sdk.hockeyapp.net/
https://sdk.hockeyapp.net/
http://localhost/
http://localhost/
http://localhost/

[INTERNAL_LOG][2018-06-08 01:31:37,731][INFO][find_url_in_apk()] [END ALL URL INSIDE APK]
[INTERNAL_LOG][2018-06-08 01:31:37,733][INFO][check_method_conf()] [JavaScript enabled: True]

[INTERNAL_LOG][2018-06-08 01:31:37,734][INFO][check_method_conf()] [Add interface WebView: True]

[INTERNAL_LOG][2018-06-08 01:31:37,734][INFO][analyze_start()] This app might be not vulnerable on  attack frame confusion.
[INTERNAL_LOG][2018-06-08 01:31:37,734][INFO][analyze_start()] End time:[Fri Jun  8 01:31:37 2018]
