[INTERNAL_LOG][2018-06-08 00:59:10,456][INFO][analyze_start()] Init Time [Fri Jun  8 00:59:10 2018]
[INTERNAL_LOG][2018-06-08 00:59:10,522][INFO][run()] Start Analysis
[INTERNAL_LOG][2018-06-08 00:59:10,523][INFO][is_hybird()] [Permission Enble Start]
[INTERNAL_LOG][2018-06-08 00:59:10,523][INFO][is_hybird()] android.permission.ACCESS_NETWORK_STATE
[INTERNAL_LOG][2018-06-08 00:59:10,523][INFO][is_hybird()] android.permission.ACCESS_WIFI_STATE
[INTERNAL_LOG][2018-06-08 00:59:10,524][INFO][is_hybird()] android.permission.INTERNET
[INTERNAL_LOG][2018-06-08 00:59:10,524][INFO][is_hybird()] android.permission.VIBRATE
[INTERNAL_LOG][2018-06-08 00:59:10,524][INFO][is_hybird()] android.permission.WAKE_LOCK
[INTERNAL_LOG][2018-06-08 00:59:10,524][INFO][is_hybird()] android.permission.READ_EXTERNAL_STORAGE
[INTERNAL_LOG][2018-06-08 00:59:10,524][INFO][is_hybird()] android.permission.WRITE_EXTERNAL_STORAGE
[INTERNAL_LOG][2018-06-08 00:59:10,524][INFO][is_hybird()] com.android.vending.BILLING
[INTERNAL_LOG][2018-06-08 00:59:10,524][INFO][is_hybird()] com.google.android.c2dm.permission.RECEIVE
[INTERNAL_LOG][2018-06-08 00:59:10,524][INFO][is_hybird()] com.disney.frozensaga_goo.permission.C2D_MESSAGE
[INTERNAL_LOG][2018-06-08 00:59:10,524][INFO][is_hybird()] [Permission End]

[INTERNAL_LOG][2018-06-08 00:59:10,524][INFO][analyze_start()] TYPE APK: [ANDROID NATIVE]

[INTERNAL_LOG][2018-06-08 00:59:10,524][INFO][find_string()] [START FILE ANALYZE]
[INTERNAL_LOG][2018-06-08 00:59:10,524][INFO][find_string()] File: assets/html/displayImage.html
[INTERNAL_LOG][2018-06-08 00:59:10,525][INFO][find_string()] No iframe in assets/html/displayImage.html
[INTERNAL_LOG][2018-06-08 00:59:10,525][INFO][find_string()] File: assets/html/displayRichMedia.html
[INTERNAL_LOG][2018-06-08 00:59:10,525][INFO][find_string()] Found in file assets/html/displayRichMedia.html tag iframe , 1 times
[INTERNAL_LOG][2018-06-08 00:59:10,525][INFO][find_string()] No CSP found!
[INTERNAL_LOG][2018-06-08 00:59:10,526][INFO][find_string()] File: assets/html/displayTag.html
[INTERNAL_LOG][2018-06-08 00:59:10,526][INFO][find_string()] No iframe in assets/html/displayTag.html
[INTERNAL_LOG][2018-06-08 00:59:10,526][INFO][find_string()] File: assets/js/closebutton.html
[INTERNAL_LOG][2018-06-08 00:59:10,526][INFO][find_string()] No iframe in assets/js/closebutton.html
[INTERNAL_LOG][2018-06-08 00:59:10,527][INFO][find_string()] File: assets/offline.html
[INTERNAL_LOG][2018-06-08 00:59:10,527][INFO][find_string()] No iframe in assets/offline.html
[INTERNAL_LOG][2018-06-08 00:59:10,527][INFO][find_string()] File: assets/youtubeapi.html
[INTERNAL_LOG][2018-06-08 00:59:10,528][INFO][find_string()] No iframe in assets/youtubeapi.html
[INTERNAL_LOG][2018-06-08 00:59:10,528][INFO][find_string()] [END ANALYZE FILE]

[INTERNAL_LOG][2018-06-08 00:59:36,119][INFO][find_url_in_apk()] [START ALL URL INSIDE APK]
[INTERNAL_LOG][2018-06-08 00:59:36,119][INFO][find_url_in_apk()] http://schemas.android.com/apk/res/android
https://www.example.com
https://www.example.com
https://adc3-launch-server-staging.herokuapp.com/v4/launch
https://adc3-launch.adcolony.com/v4/launch
https://adc3-launch.adcolony.com/v4/launch
https://wd.adcolony.com/logs
http://segment-data-us-east.zqtk.net/%s?url=%s&c2=%s&c12=%s&ns_ap_bi=%s&ns_ap_sv=%s&ns_ap_an=%s&ns_ap_ver=%s&ns_ap_pn=android
http://b.voicefive.com/rs/sdk/gg.js
https://sb.voicefive.com/rs/sdk/gg.js
http://b.scorecardresearch.com/rs/mobile/ntv/vce_st.js
https://sb.scorecardresearch.com/rs/mobile/ntv/vce_st.js
http://localhost/
https://sb.voicefive.com/rs/sdk/b.html
https://sb.voicefive.com/rs/sdk/b.html
https://sb.voicefive.com/rs/sdk/b.html
https://sb.voicefive.com/rs/sdk/b.html
https://sb.voicefive.com/rs/sdk/b.html
https://apm.
https://api.
https://txn.ingest.
https://appload.ingest.
http://localhost:8080/j/validate/v2/platform/
https://n7-iap-qa-vip-internal-general.disney.network:443/j/validate/v2/platform/
http://n7-iap-stage-vip-internal-general.disney.network:443/j/validate/v2/platform/
https://int.api.disney.network:443/somotech/iap/v2/platform/
https://api.disney.com:443/somotech/iap/v2/platform/
https://di-somoiap-us-nonprod-1.appspot.com/validate/v1/platform/
https://di-somoiap-us-nonprod-2.appspot.com/validate/v1/platform/
https://di-somoiap-us-qa-1.appspot.com/validate/v1/platform/
https://di-somoiap-us-prod-1.appspot.com/validate/v1/platform/
https://iapv.disney.io/validate/v1/platform/
https://di-somoiap-us-nonprod-1.appspot.com/validate/v2/platform/
https://di-somoiap-us-nonprod-2.appspot.com/validate/v2/platform/
https://di-somoiap-us-qa-1.appspot.com/validate/v2/platform/
https://di-somoiap-us-prod-1.appspot.com/validate/v2/platform/
https://iapv.disney.io/validate/v2/platform/
https://di-somoiap-us-
https://iapv.disney.io
https://api.disney.com/dismo/bi/v1
https://api.disney.com/dismo/bi/v1
https://di-amps-us-nonprod-1.appspot.com/amps/api/
https://di-amps-us-nonprod-2.appspot.com/amps/api/
https://di-amps-us-qa-1.appspot.com/amps/api/
https://amps.disney.io/amps/api/
https://graph.%s
https://graph-video.%s
https://facebook.com
http://play.google.com/store/apps/details?id=com.facebook.orca
https://pagead2.googlesyndication.com/pagead/gen_204?id=gmob-apps
https://accounts.google.com
https://www.facebook.com
http://plus.google.com/
https://www.googleapis.com/auth/drive.file
https://www.googleapis.com/auth/drive.appdata
https://www.googleapis.com/auth/drive
https://www.googleapis.com/auth/drive.apps
https://www.googleapis.com/auth/games
https://www.googleapis.com/auth/games
https://www.googleapis.com/auth/games.firstparty
https://www.googleapis.com/auth/games.firstparty
https://www.googleapis.com/auth/plus.login
https://www.googleapis.com/auth/plus.me
http://schemas.android.com/apk/lib/com.google.android.gms.plus
http://schemas.android.com/apk/lib/com.google.android.gms.plus
http://disneynetwork0-a.akamaihd.net/mobilenetwork/referralstore/bootstrap/
https://api.disney.com/mobilenetwork/referralstore/v1/config
https://analytics.mopub.com/i/jot/exchange_client_event
https://twitter.com/%s/status/%s
https://www.mopub.com/optout
https://www.mopub.com/optout/
https://www.mopub.com/optout/
http://www.google.ie
http://swrve.com
https://config.unityads.unity3d.com/webview/

[INTERNAL_LOG][2018-06-08 00:59:36,119][INFO][find_url_in_apk()] [END ALL URL INSIDE APK]
[INTERNAL_LOG][2018-06-08 00:59:36,126][INFO][check_method_conf()] [JavaScript enabled: True]

[INTERNAL_LOG][2018-06-08 00:59:36,126][INFO][check_method_conf()] [Add interface WebView: True]

[INTERNAL_LOG][2018-06-08 00:59:36,126][INFO][analyze_start()] This app might be vulnerable on attack frame confusion, This file are vulnerable ['assets/html/displayRichMedia.html']
[INTERNAL_LOG][2018-06-08 00:59:36,126][INFO][analyze_start()] End time:[Fri Jun  8 00:59:36 2018]
