[INTERNAL_LOG][2018-06-08 00:17:44,653][INFO][analyze_start()] Init Time [Fri Jun  8 00:17:44 2018]
[INTERNAL_LOG][2018-06-08 00:17:44,730][INFO][run()] Start Analysis
[INTERNAL_LOG][2018-06-08 00:17:44,733][INFO][is_hybird()] [Permission Enble Start]
[INTERNAL_LOG][2018-06-08 00:17:44,733][INFO][is_hybird()] android.permission.INTERNET
[INTERNAL_LOG][2018-06-08 00:17:44,733][INFO][is_hybird()] android.permission.ACCESS_NETWORK_STATE
[INTERNAL_LOG][2018-06-08 00:17:44,733][INFO][is_hybird()] android.permission.WRITE_EXTERNAL_STORAGE
[INTERNAL_LOG][2018-06-08 00:17:44,734][INFO][is_hybird()] android.permission.MODIFY_AUDIO_SETTINGS
[INTERNAL_LOG][2018-06-08 00:17:44,734][INFO][is_hybird()] android.permission.RECEIVE_BOOT_COMPLETED
[INTERNAL_LOG][2018-06-08 00:17:44,734][INFO][is_hybird()] android.permission.VIBRATE
[INTERNAL_LOG][2018-06-08 00:17:44,734][INFO][is_hybird()] android.permission.WAKE_LOCK
[INTERNAL_LOG][2018-06-08 00:17:44,734][INFO][is_hybird()] android.permission.USE_CREDENTIALS
[INTERNAL_LOG][2018-06-08 00:17:44,734][INFO][is_hybird()] com.google.android.providers.gsf.permission.READ_GSERVICES
[INTERNAL_LOG][2018-06-08 00:17:44,734][INFO][is_hybird()] com.google.android.c2dm.permission.RECEIVE
[INTERNAL_LOG][2018-06-08 00:17:44,734][INFO][is_hybird()] com.android.vending.BILLING
[INTERNAL_LOG][2018-06-08 00:17:44,734][INFO][is_hybird()] android.permission.RECEIVE_SMS
[INTERNAL_LOG][2018-06-08 00:17:44,734][INFO][is_hybird()] android.permission.SEND_SMS
[INTERNAL_LOG][2018-06-08 00:17:44,734][INFO][is_hybird()] android.permission.GET_TASKS
[INTERNAL_LOG][2018-06-08 00:17:44,734][INFO][is_hybird()] android.permission.CHANGE_WIFI_MULTICAST_STATE
[INTERNAL_LOG][2018-06-08 00:17:44,734][INFO][is_hybird()] android.permission.SYSTEM_ALERT_WINDOW
[INTERNAL_LOG][2018-06-08 00:17:44,734][INFO][is_hybird()] android.permission.ACCESS_WIFI_STATE
[INTERNAL_LOG][2018-06-08 00:17:44,734][INFO][is_hybird()] android.permission.RECORD_AUDIO
[INTERNAL_LOG][2018-06-08 00:17:44,734][INFO][is_hybird()] android.permission.BLUETOOTH
[INTERNAL_LOG][2018-06-08 00:17:44,734][INFO][is_hybird()] com.gaana.permission.C2D_MESSAGE
[INTERNAL_LOG][2018-06-08 00:17:44,734][INFO][is_hybird()] com.gaana.PAYMENT_BROADCAST_PERMISSION
[INTERNAL_LOG][2018-06-08 00:17:44,734][INFO][is_hybird()] android.permission.AUTHENTICATE_ACCOUNTS
[INTERNAL_LOG][2018-06-08 00:17:44,734][INFO][is_hybird()] android.permission.GET_ACCOUNTS
[INTERNAL_LOG][2018-06-08 00:17:44,735][INFO][is_hybird()] android.permission.READ_EXTERNAL_STORAGE
[INTERNAL_LOG][2018-06-08 00:17:44,735][INFO][is_hybird()] android.permission.ACCESS_FINE_LOCATION
[INTERNAL_LOG][2018-06-08 00:17:44,735][INFO][is_hybird()] android.permission.ACCESS_COARSE_LOCATION
[INTERNAL_LOG][2018-06-08 00:17:44,735][INFO][is_hybird()] com.google.android.finsky.permission.BIND_GET_INSTALL_REFERRER_SERVICE
[INTERNAL_LOG][2018-06-08 00:17:44,735][INFO][is_hybird()] [Permission End]

[INTERNAL_LOG][2018-06-08 00:17:44,735][INFO][analyze_start()] TYPE APK: [ANDROID NATIVE]

[INTERNAL_LOG][2018-06-08 00:17:44,735][INFO][find_string()] [START FILE ANALYZE]
[INTERNAL_LOG][2018-06-08 00:17:44,735][INFO][find_string()] [END ANALYZE FILE]

[INTERNAL_LOG][2018-06-08 00:18:56,644][INFO][find_url_in_apk()] [START ALL URL INSIDE APK]
[INTERNAL_LOG][2018-06-08 00:18:56,644][INFO][find_url_in_apk()] http://schemas.android.com/apk/res/android
https://monitorsdk.%s/remote-debug?app_id=
https://api.%s/install_data/v3/
https://attr.%s/api/v
https://t.%s/api/v
https://events.%s/api/v
https://register.%s/api/v
https://stats.%s/stats
https://onelink.%s/shortlink-sdk/v1
https://e-ssl.apsalar.com/api/v1/event
https://e-ssl.apsalar.com/api/v1/event
https://e-ssl.apsalar.com/api/v1/event
https://e-ssl.apsalar.com/api/v1/event
https://e-ssl.apsalar.com/api/v1/event
https://e-ssl.apsalar.com/api/v1/event
https://e-ssl.apsalar.com/api/v1/resolve
https://e-ssl.apsalar.com/api/v1/start
https://api.gaana.com/home/trending/songs
https://api.gaana.com/home/trending/songs
https://api.gaana.com/home/trending/songs
https://api.gaana.com/home/trending/songs
https://api.gaana.com/home/trending/songs
https://api.gaana.com/home/trending/songs
https://api.gaana.com/home/playlist/top-charts
https://api.gaana.com/home/playlist/top-charts
https://api.gaana.com/home/album/featured
https://api.gaana.com/home/album/featured
https://api.gaana.com/home/album/featured
https://api.gaana.com/home/gaana-radio-listing?limit=0,20
https://api.gaana.com/home/gaana-radio-listing?limit=0,20
https://api.gaana.com/home/radio/mirchi
https://api.gaana.com/home/radio/mirchi
https://api.gaana.com/index.php?type=v_search&voice_callback=
https://api.gaana.com/radio.php?type=radio&subtype=radiodetail&radio_id=<radio_id>&radio_type=<radio_type>&limit=0,50
https://api.gaana.com/radio.php?type=radio&subtype=radiodetail&radio_id=<radio_id>&radio_type=<radio_type>&limit=0,50
https://api.gaana.com/radio.php?type=radio&subtype=radiodetail&radio_id=<radio_id>&radio_type=<radio_type>&limit=0,50
https://api.gaana.com/radio.php?type=radio&subtype=radiodetail&radio_id=<radio_id>&radio_type=<radio_type>&limit=0,50
https://api.gaana.com/radio.php?type=radio&subtype=radiodetail&radio_id=<radio_id>&radio_type=<radio_type>&limit=0,50
https://api.gaana.com/radio.php?type=radio&subtype=radiodetail&radio_id=<radio_id>&radio_type=<radio_type>&limit=0,50
https://api.gaana.com/radio.php?type=radio&subtype=radiodetail&radio_id=<radio_id>&radio_type=<radio_type>&limit=0,50
https://api.gaana.com/radio.php?type=radio&subtype=radiodetail&radio_id=<radio_id>&radio_type=<radio_type>&limit=0,50
https://api.gaana.com/radio.php?type=radio&subtype=radiodetail&radio_id=<radio_id>&radio_type=<radio_type>&limit=0,50
https://api.gaana.com/radio.php?type=radio&subtype=radiodetail&radio_id=<radio_id>&radio_type=<radio_type>&limit=0,50
https://api.gaana.com/radio.php?type=radio&subtype=radiodetail&radio_id=<radio_id>&radio_type=<radio_type>&limit=0,50
https://api.gaana.com/radio.php?type=radio&subtype=radiodetail&radio_id=<radio_id>&radio_type=<radio_type>&limit=0,50
https://api.gaana.com/radio.php?type=radio&subtype=radiodetail&radio_id=<radio_id>&radio_type=<radio_type>&limit=0,50
https://api.gaana.com/radio.php?type=radio&subtype=radiodetail&radio_id=<radio_id>&radio_type=<radio_type>&limit=0,50
https://api.gaana.com/radio.php?type=radio&subtype=radiodetail&radio_id=<radio_id>&radio_type=<radio_type>&limit=0,50
https://api.gaana.com/radio.php?type=radio&subtype=radiodetail&radio_id=<radio_id>&radio_type=<radio_type>&limit=0,50
https://api.gaana.com/index.php?type=artist&subtype=artist_track_listing&genre_id=
https://acs7.enstage-sas.com/
https://sboxbin.citruspay.com
https://sandbox.citruspay.com
https://sandboxadmin.citruspay.com
https://citrusapi.citruspay.com
https://citrusapi.citruspay.com
https://blazecardsbox.citruspay.com
https://sandboxmars.citruspay.com
https://sandbox-merchantprepaid.citruspay.com
https://betawallet.citruspay.com
https://bin.citruspay.com
https://citruspay.com
https://citruspay.com
https://admin.citruspay.com
https://mars.citruspay.com
https://merchantprepaid.citruspay.com
https://wallet.citruspay.com
http://merchantprepaid.citruspay.com/LoadMoneyRedirectURL.html
https://s3.ap-south-1.amazonaws.com/citrus-mobile-sandbox/assets
https://s3-ap-south-1.amazonaws.com/mobilestatic
https://sb.scorecardresearch.com/p2?
https://sb.scorecardresearch.com/p2?
http://b.scorecardresearch.com/p2?
http://b.scorecardresearch.com/p2?
https://udm.scorecardresearch.com/offline
http://udm.scorecardresearch.com/offline
https://social.gaana.com/user/following/fav/playlist/
https://social.gaana.com/user/following/fav/album/
https://social.gaana.com/user/following/fav/radio-live/
https://social.gaana.com/user/following/fav/radio-mirchi/
https://social.gaana.com/user/following/fav/track/
https://social.gaana.com/user/following/fav/artist/
https://api.gaana.com/user.php?type=get_user_object
https://api.gaana.com/radio.php?type=radio&subtype=get_radio_object&radio_type=<radio_type>
https://api.gaana.com/user.php?type=myplaylists&subtype=favorites&fromtime=<currentTime>&limit=0,100
https://api.gaana.com/user.php?type=myplaylists&subtype=favorites&limit=0,100
https://api.gaana.com/user.php?type=myplaylists&subtype=favorites&limit=0,100
https://api.gaana.com/user.php?type=myplaylists&subtype=favorites&limit=0,100
https://api.gaana.com/user.php?type=myplaylists&subtype=favorites&limit=0,100
https://api.gaana.com/user.php?type=myalbums&subtype=favorites&fromtime=<currentTime>&limit=0,100
https://api.gaana.com/user.php?type=myalbums&subtype=favorites&limit=0,100
https://api.gaana.com/user.php?type=myalbums&subtype=favorites&limit=0,100
https://api.gaana.com/user.php?type=myalbums&subtype=favorites&limit=0,100
https://api.gaana.com/user.php?type=mysongs&subtype=favorites&fromtime=<currentTime>&limit=0,100
https://api.gaana.com/user.php?type=mysongs&subtype=favorites&limit=0,100
https://api.gaana.com/user.php?type=mysongs&subtype=favorites&limit=0,100
https://api.gaana.com/user.php?type=mysongs&subtype=favorites&limit=0,100
https://api.gaana.com/user.php?type=mysongs&subtype=favorites&limit=0,100
https://api.gaana.com/user.php?type=mysongs&subtype=favorites&limit=0,100
https://api.gaana.com/radio.php?type=radio&subtype=favorite_radios&fromtime=<currentTime>
https://api.gaana.com/radio.php?type=radio&subtype=favorite_radios
https://api.gaana.com/radio.php?type=radio&subtype=favorite_radios
https://api.gaana.com/radio.php?type=radio&subtype=favorite_radios
https://api.gaana.com/radio.php?type=radio&subtype=favorite_radios
https://api.gaana.com/user.php?type=myartists&subtype=favorites&fromtime=<currentTime>&limit=0,100
https://api.gaana.com/user.php?type=myartists&subtype=favorites&limit=0,100
https://api.gaana.com/user.php?type=myartists&subtype=favorites&limit=0,100
https://api.gaana.com/user.php?type=myartists&subtype=favorites&limit=0,100
https://api.gaana.com/user.php?type=myartists&subtype=favorites&limit=0,100
https://api.gaana.com/user.php?type=myoccasions&subtype=favorites&fromtime=<currentTime>&limit=0,100
https://api.gaana.com/user.php?type=myoccasions&subtype=favorites&limit=0,100
https://api.gaana.com/user.php?type=myoccasions&subtype=favorites&limit=0,100
https://api.gaana.com/user.php?type=myoccasions&subtype=favorites&limit=0,100
https://api.gaana.com/home/radio/similar-mirchi/<radio_id>
https://api.gaana.com/radio/gaana/detail/<radio_id>?limit=0,15
https://gsearch.gaana.com/gaanasearch-api/mobilesuggest/autosuggest-lite-vltr-ro?
https://gsearch.gaana.com/gaanasearch-api/mobilesuggest/autosuggest-lite-vltr-ro?
https://tsearch.gaana.com/gaanasearch-api/mobilesuggest/autosuggest-lite-vltr-ro?
https://tsearch.gaana.com/gaanasearch-api/mobilesuggest/autosuggest-lite-vltr-ro?
https://social.gaana.com/user/follower
https://social.gaana.com/user/follower
https://social.gaana.com/feed/listening/activity
https://social.gaana.com/feed/social/activity
https://social.gaana.com/user/following/followers?followId=
https://social.gaana.com/user/following/following?followId=
https://api.gaana.com/user.php?type=get_inapp_notification
https://api.gaana.com/user.php?type=myplaylists&subtype=myplaylists
https://api.gaana.com/user.php?type=myplaylists&subtype=myplaylists
https://api.gaana.com/user.php?type=myplaylists&subtype=myplaylists
https://api.gaana.com/user.php?type=myplaylists&subtype=myplaylists
https://social.gaana.com/user/following
https://social.gaana.com/feed/listening/following/activity?followId=
https://social.gaana.com/feed/social/following/activity?followId=
https://social.gaana.com/user/block/list
https://api.gaana.com/index.php?type=album&subtype=similar_album&album_id=
https://api.gaana.com/index.php?type=album&subtype=similar_album&album_id=
https://api.gaana.com/index.php?type=artist&subtype=similar_artist&artist_id=
https://api.gaana.com/index.php?type=artist&subtype=similar_artist&artist_id=
https://api.gaana.com/home/tag/data?tag_id=
https://api.gaana.com/index.php?type=search&subtype=search_song&content_filter=2&key=
https://api.gaana.com/index.php?type=search&subtype=search_song&content_filter=2&key=
https://api.gaana.com/index.php?type=search&subtype=search_album&content_filter=2&key=
https://api.gaana.com/index.php?type=search&subtype=search_artist&key=
https://api.gaana.com/index.php?type=search&subtype=search_artist&key=
https://api.gaana.com/index.php?type=search&subtype=search_playlist&key=
https://api.gaana.com/home/personas?gender=<which>
https://api.gaana.com/home/personas?gender=<which>
https://api.gaana.com/user.php?type=track_payment_process
https://api.gaana.com/
https://api.gaana.com/
https://api.gaana.com/
https://api.gaana.com/
https://api.gaana.com/
https://api.gaana.com/home/metadata?ram=
https://api.gaana.com/home/radio/mirchi?limit=0,20
https://api.gaana.com/home/gaana-radio/popular
https://api.gaana.com/home/gaana-radio/artist
https://api.gaana.com/home/gaana-radio/mood
https://api.gaana.com/home/gaana-radio/latest
https://api.gaana.com/home/gaana-radio/retro
https://api.gaana.com/home/showcase
https://api.gaana.com/home/showcase
https://api.gaana.com/home/playlist/top-charts?limit=0,20
https://api.gaana.com/home/album/featured/more?limit=0,20
https://api.gaana.com/home/user/track-history
https://api.gaana.com/home/user/track-history
https://api.gaana.com/home/user/track-history?show_all=1
https://api.gaana.com/home/user/track-history?show_all=1
https://api.gaana.com/home/gaana-special
https://api.gaana.com/home/gaana-special?limit=0,20
https://api.gaana.com/home/playlist/hour
https://api.gaana.com/home/playlist/hour?limit=0,20
https://api.gaana.com/home/radio/gaana-mirchi
https://api.gaana.com/home/featured/artists
https://api.gaana.com/home/featured/artists?limit=0,20
https://api.gaana.com/home/gaana-personalized/1?view=home
https://api.gaana.com/home/gaana-personalized/1?view=all&entityParentId=<entity_Parent_Id>
https://api.gaana.com/user/entity/activity
https://api.gaana.com/user/entity/activity
https://api.gaana.com/user/entity/activity
https://api.gaana.com/home/gaana-personalized/2?view=home
https://api.gaana.com/home/gaana-personalized/2?view=all&entityParentId=<entity_Parent_Id>
https://api.gaana.com/home/gaana-personalized/3?view=home
https://api.gaana.com/home/gaana-personalized/3?view=all&entityParentId=<entity_Parent_Id>
https://api.gaana.com/home/gaana-personalized/4?view=home
https://api.gaana.com/home/gaana-personalized/4?view=all&entityParentId=<entity_Parent_Id>
https://api.gaana.com/home/gaana-personalized/5?view=home
https://api.gaana.com/home/gaana-personalized/5?view=all&entityParentId=<entity_Parent_Id>
https://api.gaana.com/home/gaana-personalized/6?view=home
https://api.gaana.com/home/gaana-personalized/6?view=all&entityParentId=<entity_Parent_Id>
https://api.gaana.com/home/video/list
http://a10.gaanacdn.com/images/showcase/Not_So_Bollywood__1484504730.jpg
https://api.gaana.com/user.php?type=mysongs&subtype=favorites&limit=0,40
https://api.gaana.com/home/your-gaana-memories
https://api.gaana.com/home/action
https://gaana.com
https://gaana.com
https://gaana.com/occasion/
https://gaana.com/occasion/
https://www.paypal.com
http://www.gaana.com
http://www.gaana.com
https://graph.accountkit.com
https://m.facebook.com/terms
https://m.facebook.com/terms
https://m.facebook.com/terms
https://m.facebook.com/about/privacy/
https://m.facebook.com/about/privacy/
https://m.facebook.com/about/privacy/
https://m.facebook.com/help/cookies/update
https://m.facebook.com/help/cookies/update
https://m.facebook.com/help/cookies/update
https://www.accountkit.com/faq
https://www.accountkit.com/faq
https://www.accountkit.com/faq
https://play.google.com/store/apps/details?id=%s
https://www.facebook.com/audience_network/server_side_reward
https://www.%s.facebook.com/audience_network/server_side_reward
https://graph.facebook.com/network_ads_common
https://graph.%s.facebook.com/network_ads_common
https://www.facebook.com/adnw_logging/
https://www.%s.facebook.com/adnw_logging/
http://play.google.com/store/apps/
https://www.facebook.com/
https://www.%s.facebook.com
http://www.facebook.com
https://social.gaana.com/user/un-follow/user?followId=
https://social.gaana.com/user/follow/user?followId=
https://social.gaana.com/user/remove/pending/request?followId=
http://esbint.airtel.in:8001/CPID?app=T_GaAnA
https://api.gaana.com/voice-search/help-text
https://social.gaana.com/feed/delta/count
https://api.gaana.com/gaanaplusservice.php?type=duration_listing
https://api.gaana.com/gaanaplusservice.php?type=duration_listing
https://api.gaana.com/gaanaplusservice.php?type=duration_listing
https://api.gaana.com/gaanaplusservice.php?type=duration_listing
https://api.gaana.com/gaanaplusservice.php?type=product_detail&item_id=<item_id>&p_id=<p_id>
https://gaana.com/rewarddetails/
https://gaana.com/rewarddetails/
https://gaana.com/rewarddetails/
https://api.gaana.com/gaanaplusservice.php?type=is_valid_for_trial
https://api.gaana.com/index.php?type=get_login_mode
https://api.gaana.com/gaanaplusservice.php?
https://api.gaana.com/gaanaplusservice.php?
https://api.gaana.com/gaanaplusservice.php?
https://api.gaana.com/gaanaplusservice.php?
https://api.gaana.com/gaanaplusservice_nxtgen.php?
https://api.gaana.com/user.php?
https://api.gaana.com/user.php?
https://api.gaana.com/user.php?
https://api.gaana.com/user.php?
https://api.gaana.com/user.php?
https://api.gaana.com/user.php?
https://api.gaana.com/user.php?
https://api.gaana.com/user.php?
https://api.gaana.com/user.php?
https://api.gaana.com/user.php?
https://api.gaana.com/user.php?
https://api.gaana.com/user.php?
https://api.gaana.com/user.php?type=nxtgen_session_migration&migration_type=<what>
https://api.gaana.com/user.php?type=profile
https://api.gaana.com/user.php?type=nxtgen_update_social_meta&social_meta=<meta_content>
http://schemas.microsoft.com/DRM/2007/03/protocols/AcquireLicense
https://pagead2.googlesyndication.com/pagead/gen_204
https://googleads.g.doubleclick.net/mads/static/mad/sdk/native/sdk-core-v40.html
https://googleads.g.doubleclick.net/mads/static/mad/sdk/native/mraid/v2/mraid_app_banner.js
https://googleads.g.doubleclick.net/mads/static/mad/sdk/native/mraid/v2/mraid_app_expanded_banner.js
https://googleads.g.doubleclick.net/mads/static/mad/sdk/native/mraid/v2/mraid_app_interstitial.js
https://csi.gstatic.com/csi
https://googleads.g.doubleclick.net/mads/static/mad/sdk/native/native_ads.html
https://imasdk.googleapis.com/admob/sdkloader/native_video.html
https://www.google.com/dfp/linkDevice
https://www.google.com/dfp/inAppPreview
https://www.google.com/dfp/debugSignals
https://www.google.com/dfp/sendDebugData
http://www.example.com
http://www.example.com
https://www.googleapis.com/auth/plus.login
https://www.googleapis.com/auth/plus.me
https://www.google.com
https://accounts.google.com/o/oauth2/token
https://accounts.google.com/o/oauth2/token
https://accounts.google.com/o/oauth2/token
https://accounts.google.com/o/oauth2/token
https://accounts.google.com/o/oauth2/token
https://accounts.google.com/o/oauth2/token
https://accounts.google.com/o/oauth2/auth
https://accounts.google.com/o/oauth2/auth
https://accounts.google.com/o/oauth2/auth
https://accounts.google.com/o/oauth2/auth
https://accounts.google.com
https://accounts.google.com
https://accounts.google.com
https://accounts.google.com
https://accounts.google.com
https://accounts.google.com
https://api.gaana.com/index.php?
https://api.gaana.com/index.php?
https://api.gaana.com/index.php?
https://api.gaana.com/index.php?
https://api.gaana.com/index.php?
https://api.gaana.com/index.php?
https://api.gaana.com/index.php?
https://logs.gaana.com/user/ab/settings
https://apiv2.gaana.com/ad/device?token=
https://api.gaana.com/user/update/app-setting
https://api.gaana.com/config/api-data
https://api.gaana.com/get_country_code.php
https://api.gaana.com/get_country_code.php
https://api.gaana.com/get_country_code.php
https://api.gaana.com/user.php?type=get_modelwindow_token
https://api.gaana.com/gplus_app_ad.php?type=gplus_ad_banner
https://api.gaana.com/index.php?type=download_error_log&download_msg=
https://api.gaana.com/gaanaplusservice_nxtgen.php?type=get_gtrial
https://api.gaana.com/gaanaplusservice_nxtgen.php?type=get_gtrial
https://api.gaana.com/gaanaplusservice_nxtgen.php?type=get_gtrial
https://api.gaana.com/gaanaplusservice_nxtgen.php?type=get_gtrial
https://api.gaana.com/user.php?type=forgotpassword&email=
https://api.gaana.com/user.php?type=forgotpassword&email=
https://api.gaana.com/user.php?type=forgotpassword&email=
https://logs.gaana.com/user/insert/device-settings
https://logs.gaana.com/user/update/device-settings
https://api.gaana.com/user.php?type=set_user_language_setting&display_language=<display_language>
https://api.gaana.com/user.php?type=set_user_language_setting&display_language=<display_language>
https://api.gaana.com/user/log/delete-data
https://api.gaana.com/user/log/download-data
https://pay.gaana.com/paytm/paytm_consent.php?type=get_consent
https://api.gaana.com/user/log/consent
https://graph.%s
https://graph-video.%s
https://facebook.com
http://play.google.com/store/apps/details?id=com.facebook.orca
https://social.gaana.com/event/user/create/post/album/
https://social.gaana.com/event/user/create/post/artist/
https://social.gaana.com/event/user/create/post/playlist/
https://social.gaana.com/event/user/create/post/track/
https://social.gaana.com/event/user/create/post/radio/
https://api.gaana.com/index.php?type=privacy_policy&subtype=app 
https://api.gaana.com/index.php?type=privacy_policy&subtype=app 
https://api.gaana.com/index.php?type=terms_conditions&subtype=app
https://api.gaana.com/index.php?type=terms_conditions&subtype=app
https://api.gaana.com/index.php?type=terms_conditions&subtype=app
https://m.gaana.com/partner.html
https://m.gaana.com/partner.html
https://m.gaana.com/TIL.html
https://m.gaana.com/TIL.html
https://api.gaana.com/mytimes.php?type=get_my_friends_activities&size=20
https://api.gaana.com/track/info?
https://api.gaana.com/album/info?
https://api.gaana.com/playlist/info?
https://api.gaana.com/gaanaplusservice.php?type=p_mode_list&item_id=<item_id>&usr_cat_code=<usr_cat_code>&is_eligible_gtrial=<is_eligible_gtrial>
https://gaana.com/playlist/
https://gaana.com/playlist/
https://gaana.com/playlist/
https://gaana.com/playlist/
https://gaana.com/gaanaradio
https://gaana.com/radio
https://gaana.com/radio/
https://api.gaana.com/index.php?type=custom_message&subtype=inviteNote
https://api.gaana.com/index.php?type=referral&subtype=get_referral_code
https://touch.gaana.com/gaana_plus&token=
https://touch.gaana.com/gaana_plus&token=
https://touch.gaana.com/gaana_plus&token=
https://play.google.com/store/apps/details?id=com.gaana
https://api.gaana.com/studentpack.php
https://gaana.com/terms-conditions-studentpack.html
https://api.gaana.com/index.php?type=referral&subtype=get_referral_activity_log
https://rec.gaana.com/recommendation/similarAlbums/
https://api.gaana.com/playlist/recom?
https://gaana.com/album/
https://gaana.com/album/
https://gaana.com/album/
https://gaana.com/artist/
https://gaana.com/artist/
https://gaana.com/artist/
https://api.gaana.com/user.php?type=myplaylists&subtype=myplaylist_favorites
https://api.gaana.com/gplus_app_ad.php?type=gplus_ad_postbak
https://api.gaana.com/home/discover/category/<category_id>?limit=0,20
https://gaana.com/discover/
https://api.gaana.com/home/discover-listing?new_artwork=1&limit=0,50
https://gaana.com/discover
https://api.gaana.com/updateuserimage.php
https://graph.facebook.com/
https://api.gaana.com/packsubscription.php?type=pack_subscribe&entity_type=
https://api.gaana.com/home/gaana-special/
https://api.gaana.com/home/gaana-special/other-playlist/
https://api.gaana.com/index.php?type=referral&subtype=use_referral_code&referral_code=
https://gaana.com/
https://gaana.com/
https://gaana.com/
https://gaana.com/
https://api.gaana.com/playlist/automatic
https://api.gaana.com/user.php?type=nxtgen_fbconnect&fbrealtoken=<fbtoken>&fbid=<id>&token=<token>
https://api.gaana.com/user.php?type=nxtgen_fbconnect&fbrealtoken=<fbtoken>&fbid=<id>&token=<token>
https://rec.gaana.com/recommendation/recommendedTracks/
https://rec.gaana.com/recommendation/recommendedTracks/
https://apptracker.gaana.com/preburn.php?type=log&device_name=<device_name>&device_model=<device_model>&device_os=<device_os>
https://api.gaana.com/user.php?type=addeditplaylist
https://api.gaana.com/user.php?type=addeditplaylist
https://api.gaana.com/user.php?type=createplaylist&title=<title>&localplid=<localpid>
https://api.gaana.com/index.php?type=playlist&subtype=playlist_detail_info&playlist_id=
https://api.gaana.com/index.php?type=artist&subtype=most_popular
https://api.gaana.com/index.php?type=song&subtype=most_popular
https://api.gaana.com/playlist/my-music/featured-playlist
https://www.facebook.com
https://www.facebook.com
https://www.facebook.com
https://www.facebook.com
https://api.gaana.com/user.php?type=nxtgen_validate_sso_tkt&sso_ticket_id=<what>
https://api.gaana.com/user/email-exists
https://api.gaana.com/user/email-exists
https://social.gaana.com/user/pending/list?token=
https://social.gaana.com/user/pending/status/list?token=
https://social.gaana.com/user/you-may-follow?token=
https://api.gaana.com/gaanaplusservice_nxtgen.php?type=nxtgen_getcard
https://api.gaana.com/mytimes.php?type=get_social_info
https://api.gaana.com/home/one-touch-moods
https://api.gaana.com/index.php?type=check_app_update
https://api.gaana.com/radio.php?type=radio&subtype=artistradios&artist_id=<artist_id>&page=1&limit=10
https://api.gaana.com/radio.php?type=radio&subtype=artistradios&artist_id=<artist_id>&page=1&limit=10
https://api.gaana.com/radio.php?type=radio&subtype=artistradios&artist_id=<artist_id>&page=1&limit=10
https://social.gaana.com/user/un-block?blockId=
https://a10.gaanacdn.com/images/test/screenshot.png
https://social.gaana.com/event/user/share/playlist/
https://api.gaana.com/radio.php?type=radio&subtype=songredios&track_id=<track_id>&page=1&limit=10
https://api.gaana.com/radio.php?type=radio&subtype=songredios&track_id=<track_id>&page=1&limit=10
https://api.gaana.com/radio.php?type=radio&subtype=songredios&track_id=<track_id>&page=1&limit=10
https://api.gaana.com/radio.php?type=radio&subtype=songredios&track_id=<track_id>&page=1&limit=10
https://api.gaana.com/radio.php?type=radio&subtype=songredios&track_id=<track_id>&page=1&limit=10
https://api.gaana.com/gaanaplusservice.php?type=apply_coupon&item_id=<item_id>&coupon_code=<coupon_code>
https://api.gaana.com/gplus_profile.php?type=gplus_profile
https://api.gaana.com/gaanaplusservice.php?type=get_download_counts
https://api.gaana.com/home/one-touch-songs/
https://api.gaana.com/home/one-touch-songs/
https://api.gaana.com/home/one-touch-songs/
https://social.gaana.com/event/user/dedicate/
https://social.gaana.com/event/user/share/
https://social.gaana.com/event/user/share/
https://api.gaana.com/downloadsync.php?type=get_devices
https://api.gaana.com/downloadsync.php?type=sync_downloads&device_id=
https://api.gaana.com/gaanaplusservice.php?type=coupon_redeem&coupon_code=<coupon_code>
https://api.gaana.com/home/occasion/metadata/
https://api.gaana.com/home/occasion/metadata/
https://api.gaana.com/gaanaplusservice_nxtgen.php?type=get_subs_card
https://social.gaana.com/search/user/result?
https://social.gaana.com/search/user?
https://social.gaana.com/user/settings
https://social.gaana.com/user/settings/update
https://social.gaana.com/event/user/request/playlist?shareIds=
http://streams.gaana.com/video/gaana.mp4?streamauth=1486300261_9c409c1239c61b2951f325b840b3e69d
https://api.gaana.com/user.php?type=update_push_notification_setting&gcm_token=<gcm_token>&platform=android
http://www.w3.org/ns/ttml#parameter
https://pagead2.googlesyndication.com/pagead/gen_204?id=gmob-apps
http://hostname/?
http://hostname/?
https://www.googleapis.com/auth/games
https://plus.google.com/
http://www.google.com
https://support.google.com/dfp_premium/answer/7160685#push
http://www.google-analytics.com
https://ssl.google-analytics.com
http://schemas.android.com/apk/lib/com.google.android.gms.plus
http://schemas.android.com/apk/lib/com.google.android.gms.plus
https://www.googletagmanager.com
https://www.youtube.com/playlist?list=
https://www.youtube.com/playlist?list=
https://www.youtube.com/channel/
https://www.youtube.com/channel/
https://www.youtube.com/watch?v=
https://www.youtube.com/watch?v=
https://www.youtube.com/user/
https://www.youtube.com/user/
http://play.google.com/store/apps/details
https://developers.google.com/accounts/docs/application-default-credentials
https://www.googleapis.com/oauth2/v1/certs
http://169.254.169.254
https://www.googleapis.com/batch
http://google.com/
http://google.com/
https://api.gaana.com/gaanaplusofflinelog.php
https://api.gaana.com/log.php?last_track_insert_id=
https://jsso.indiatimes.com/sso/crossapp/identity/native/uploadProfilePic
https://jsso.indiatimes.com/sso/crossapp/identity/native/changePassword
https://jsso.indiatimes.com/sso/crossapp/identity/native/getForgotPasswordOtp
https://jsso.indiatimes.com/sso/crossapp/identity/native/getLoginOtp
https://jsso.indiatimes.com/sso/crossapp/identity/native/renewTicket
https://jsso.indiatimes.com/sso/crossapp/identity/native/socialImageUpload
https://jsso.indiatimes.com/sso/crossapp/identity/native/getUserDetails
https://jsso.indiatimes.com/sso/crossapp/identity/native/resendForgotPasswordOTP
https://jsso.indiatimes.com/sso/crossapp/identity/native/resendSignUpOtp
https://jsso.indiatimes.com/sso/crossapp/identity/native/setPassword
https://jsso.indiatimes.com/sso/crossapp/identity/native/signOutUser
https://jsso.indiatimes.com/sso/crossapp/identity/native/registerUser
https://jsso.indiatimes.com/sso/crossapp/identity/native/delinkSocial
https://jsso.indiatimes.com/sso/crossapp/identity/native/linkSocial
https://jsso.indiatimes.com/sso/crossapp/identity/native/verifyForgotPassword
https://jsso.indiatimes.com/sso/crossapp/identity/native/verifySignUpOTP
https://jsso.indiatimes.com/sso/crossapp/identity/native/getSsecFromTicket
https://jsso.indiatimes.com/sso/crossapp/identity/native/getSsecFromTicket
https://jsso.indiatimes.com/sso/crossapp/identity/native/checkUserExists
https://jsso.indiatimes.com/sso/crossapp/identity/native/updateMobile
https://jsso.indiatimes.com/sso/crossapp/identity/native/verifyMobile
https://jsso.indiatimes.com/sso/crossapp/identity/native/verifyLoginOtpPassword
https://jsso.indiatimes.com/sso/crossapp/identity/native/verifyLoginOtpPassword
https://jsso.indiatimes.com/sso/crossapp/identity/native/validatepassword
https://jsso.indiatimes.com/sso/crossapp/identity/native/registerOnlyMobile
https://jsso.indiatimes.com/sso/crossapp/identity/native/updateUserDetails
https://socialappsintegrator.indiatimes.com/msocialsite/app/googleplusresponse
https://jsso.indiatimes.com/sso/app/identity/login/isValidPackage?package=
https://jsso.indiatimes.com/sso/crossapp/identity/native/getNewTicket
https://jsso.indiatimes.com/sso/crossapp/identity/native/addAlternateEmail
https://jsso.indiatimes.com/sso/crossapp/identity/native/verifyAlternateEmail
https://socialappsintegrator.indiatimes.com/msocialsite/app/facebookresponse
http://gaana.com/view/purchase
https://tsearch.gaana.com/gaanasearch-api/mobilesuggest/autosuggest-lite-vs1?
https://gsearch.gaana.com/gaanasearch-api/mobilesuggest/autosuggest-lite-vs1?
https://logs.gaana.com/search/log/client
https://gsearch.gaana.com/gaanasearch-api/trending/toptrendingkeywords/
https://api.gaana.com/recprovider/recommendedTracks/
https://api.gaana.com/gaanaplusservice_nxtgen.php?type=gplus_app_intro
https://api.gaana.com/gaanaplusservice_nxtgen.php?type=app_intro_postbak&p_status=
https://api.gaana.com/gaanaplusservice.php?type=get_google_products
https://api.gaana.com/gaanaplusservice.php?type=updatepayment_hermes_mob&product_id=<product_id>
https://api.gaana.com/getproductinfo.php?type=get_p_info&pr_id=
https://api.gaana.com/gettelecoinfo.php?type=get_product_info&pr_id=
https://gsearch.gaana.com/gaanasearch-api/mobilesuggest/autosuggest-lite-vi1?
https://api.gaana.com/radio.php?type=radio&subtype=radiodetail&radio_id=<radio_id>&radio_type=RM&hashcode=<hashMacValue>
https://api.gaana.com/home/gaana-yim/radio-rewind
https://api.gaana.com/index.php?type=radio&subtype=metadata&id=<id>
https://api.gaana.com/citrus.php?type=citrus_pay&subtype=generate_citrus_bill&user_id=
https://api.gaana.com/citruspay/citrusLoadCash.php
https://pay.gaana.com/paypal/index.php
https://a1pay.gaana.com/paypal/index.php
https://api.gaana.com/gaanaplusservice.php?type=manual_gplus_trial
https://api.gaana.com/gaanaplusservice.php?type=manual_gplus_trial
https://pay.gaana.com/paytm/index.php?type=get_order_id&product_id=<product_id>&product_cost=<product_cost>
https://social.gaana.com/feed/data
https://social.gaana.com/feed/delta/data
https://social.gaana.com/feed/delta/data
https://logs.gaana.com/user/click/activity
https://api.gaana.com/user.php?type=myplaylists&subtype=myplaylists&token=
https://api.gaana.com/user.php?type=user_referral_url
https://api.gaana.com/gaanaplusservice.php?type=download_sync&subtype=queueAndDownload&entity_type=<entity_type>&entity_id=<entity_id>
https://api.gaana.com/index.php?type=song&subtype=song_detail&track_id=
https://api.gaana.com/index.php?type=song&subtype=song_detail&track_id=
https://api.gaana.com/gaanaplusservice.php?type=download_sync&subtype=entityLog&entity_type=<entity_type>&entity_id=<entity_id>&entity_status=<entity_status>
http://dummy.com/playerqueue
http://dummy.com/playerqueue
http://dummy.com/playerqueue
http://dummy.com/playerqueue
http://dummy.com/playerqueue
http://dummy.com/playerqueuebeforeshuffle
http://dummy.com/playerqueuebeforeshuffle
http://dummy.com/playerqueuebeforeshuffle
https://logs.gaana.com/user/insert/queue-tracking-info
https://api.gaana.com/font/detail?display_language=
https://api.gaana.com/index.php?type=referral&subtype=app_install&referral_code=
https://api.gaana.com/home/theme
https://api.gaana.com/user.php?type=is_googlenowtoken_valid
https://api.gaana.com/user.php?type=send_googlenow_token&googlenow_token=
https://api.gaana.com/user.php?type=get_user_language_setting&user_device_lang=
https://api.gaana.com/user.php?type=get_user_language_setting&user_device_lang=
https://api.gaana.com/user.php?type=set_user_language_setting&language=<languages>
http://maps.googleapis.com/maps/api/geocode/json?latlng=
https://api.gaana.com/get_content_gps_status.php?gps_last_location=<gps_last_location>&gps_current_location=<gps_current_location>
https://api.gaana.com/user.php?type=update_last_notification_id&last_notification_id=<last_notification_id>
https://api.gaana.com/user.php?type=update_last_notification_id&last_notification_id=<last_notification_id>
http://api.moengage.com/v1/getAndroidInboxMessages
http://apiv2eu.moengage.com/v1/getAndroidInboxMessages
http://apiv2mumbai.moengage.com/v1/getAndroidInboxMessages
https://apiv2.moengage.com
https://apiv2eu.moengage.com
https://apiv2mumbai.moengage.com
https://apiv3.moengage.com
https://apiv3eu.moengage.com
https://apiv3india.moengage.com
https://webhook.logentries.com/noformat/logs/
https://secure.paytm.in/oltp/HANDLER_INTERNAL/TXNSTATUS
https://secure.paytm.in/oltp/HANDLER_INTERNAL/CANCEL_TXN
https://secure.paytm.in/oltp-web/processTransaction
https://pguat.paytm.com/oltp/HANDLER_INTERNAL/TXNSTATUS
https://pguat.paytm.com/oltp/HANDLER_INTERNAL/CANCEL_TXN
https://pguat.paytm.com/oltp-web/processTransaction
https://api.gaana.com/gaanaplusservice.php?type=download_sync&subtype=entitySync
https://api.gaana.com/gaanaplusservice.php?type=download_sync&subtype=fullSync
http://api.gaana.com/user.php?type=mysongs
https://api.gaana.com/user.php?type=set_all_favourite_items
http://gaana.com/
http://gaana.com
https://touch.gaana.com/
https://touch.gaana.com
http://touch.gaana.com/
http://touch.gaana.com
https://www.gaana.com/
https://www.gaana.com
http://www.gaana.com/
https://m.gaana.com/
https://m.gaana.com
http://m.gaana.com/
http://m.gaana.com
https://ipad.gaana.com/
https://ipad.gaana.com
http://ipad.gaana.com/
http://ipad.gaana.com
https://www.get.gaana.com/
http://www.get.gaana.com/
http://xmlpull.org/v1/doc/features.html#process-namespaces
http://xmlpull.org/v1/doc/features.html#process-namespaces
http://xmlpull.org/v1/doc/features.html#process-namespaces
https://ade.clmbtech.com
https://ade.clmbtech.com
https://ade.clmbtech.com
https://ade.clmbtech.com
https://ade.clmbtech.com
https://ade.clmbtech.com
https://ade.clmbtech.com/cde/mnotify.htm
https://recade.clmbtech.com
https://recade.clmbtech.com
https://ase.clmbtech.com
https://tml.clmbtech.com
http://52.66.134.173:3000/tp/
http://test.ngage.timespoints.com/tpapi/v1/
https://tpapi.timespoints.com/pl/points?deviceId=
https://tpapi.timespoints.com/nextEngagement?uid=
https://tpapi.timespoints.com/v1/user/points?uid=
https://tpapi.timespoints.com/v1/txn/status?uid=
https://tpapi.timespoints.com/v1/activity/bpush
https://tpapi.timespoints.com/v1/token/refresh
https://tpapi.timespoints.com/v1/init/
https://ga.gaana.com/ga
https://social.gaana.com/user/details
https://api.gaana.com/user.php?type=create_app_installation_log&campaign_code=RFB50&referrer_user_id=
https://api.gaana.com/index.php?type=nxtgen_sdk_config&is_deviceid
https://api.gaana.com/user/get-app-setting?token=
https://social.gaana.com/user/follow/pending/user?followId=
https://social.gaana.com/user/follow/pending/user?followId=
https://social.gaana.com/user/remove/pending/user?followId=
https://social.gaana.com/user/remove/pending/user?followId=
https://social.gaana.com/user/profile/data
https://social.gaana.com/user/profile/data
https://social.gaana.com/user/profile/data?followId=
https://social.gaana.com/user/profile/data?followId=
https://social.gaana.com/user/block?blockId=
https://api.gaana.com/index.php?type=song&subtype=most_popular_multilingual&order=week
https://pay.gaana.com/paytm/paytm_consent.php?type=capture_consent&consent=
https://mis.gaana.com/identify
http://youtu.be/
https://api.branch.io/
https://bnc.lt/a/
https://wutlar.fortumo.com/
https://a.fortumo.com/
https://a.fortumo.com/
https://a.fortumo.com/
https://api.fortumo.com/
https://api.fortumo.com/
http://a.fortumo.com/
https://sdk.hockeyapp.net/
https://sdk.hockeyapp.net/
https://sdk.hockeyapp.net/
https://sdk.hockeyapp.net/

[INTERNAL_LOG][2018-06-08 00:18:56,659][INFO][find_url_in_apk()] [END ALL URL INSIDE APK]
[INTERNAL_LOG][2018-06-08 00:18:56,706][INFO][check_method_conf()] [JavaScript enabled: True]

[INTERNAL_LOG][2018-06-08 00:18:56,706][INFO][check_method_conf()] [Add interface WebView: True]

[INTERNAL_LOG][2018-06-08 00:18:56,706][INFO][analyze_start()] This app might be not vulnerable on  attack frame confusion.
[INTERNAL_LOG][2018-06-08 00:18:56,706][INFO][analyze_start()] End time:[Fri Jun  8 00:18:56 2018]
