[INTERNAL_LOG][2018-06-08 01:36:56,541][INFO][analyze_start()] Init Time [Fri Jun  8 01:36:56 2018]
[INTERNAL_LOG][2018-06-08 01:36:56,775][INFO][run()] Start Analysis
[INTERNAL_LOG][2018-06-08 01:36:56,777][INFO][is_hybird()] [Permission Enble Start]
[INTERNAL_LOG][2018-06-08 01:36:56,777][INFO][is_hybird()] android.permission.WRITE_EXTERNAL_STORAGE
[INTERNAL_LOG][2018-06-08 01:36:56,777][INFO][is_hybird()] android.permission.READ_EXTERNAL_STORAGE
[INTERNAL_LOG][2018-06-08 01:36:56,777][INFO][is_hybird()] android.permission.INTERNET
[INTERNAL_LOG][2018-06-08 01:36:56,777][INFO][is_hybird()] android.permission.ACCESS_NETWORK_STATE
[INTERNAL_LOG][2018-06-08 01:36:56,777][INFO][is_hybird()] android.permission.ACCESS_WIFI_STATE
[INTERNAL_LOG][2018-06-08 01:36:56,777][INFO][is_hybird()] com.google.android.providers.gsf.permission.READ_GSERVICES
[INTERNAL_LOG][2018-06-08 01:36:56,777][INFO][is_hybird()] com.android.vending.BILLING
[INTERNAL_LOG][2018-06-08 01:36:56,777][INFO][is_hybird()] com.android.vending.CHECK_LICENSE
[INTERNAL_LOG][2018-06-08 01:36:56,777][INFO][is_hybird()] android.permission.WAKE_LOCK
[INTERNAL_LOG][2018-06-08 01:36:56,777][INFO][is_hybird()] android.permission.VIBRATE
[INTERNAL_LOG][2018-06-08 01:36:56,777][INFO][is_hybird()] com.google.android.c2dm.permission.RECEIVE
[INTERNAL_LOG][2018-06-08 01:36:56,777][INFO][is_hybird()] com.google.android.finsky.permission.BIND_GET_INSTALL_REFERRER_SERVICE
[INTERNAL_LOG][2018-06-08 01:36:56,777][INFO][is_hybird()] com.playrix.permission.SharedContent.google
[INTERNAL_LOG][2018-06-08 01:36:56,777][INFO][is_hybird()] com.playrix.gardenscapes.permission.C2D_MESSAGE
[INTERNAL_LOG][2018-06-08 01:36:56,777][INFO][is_hybird()] [Permission End]

[INTERNAL_LOG][2018-06-08 01:36:56,778][INFO][analyze_start()] TYPE APK: [ANDROID NATIVE]

[INTERNAL_LOG][2018-06-08 01:36:56,778][INFO][find_string()] [START FILE ANALYZE]
[INTERNAL_LOG][2018-06-08 01:36:56,778][INFO][find_string()] File: assets/youtubeapi.html
[INTERNAL_LOG][2018-06-08 01:36:56,778][INFO][find_string()] No iframe in assets/youtubeapi.html
[INTERNAL_LOG][2018-06-08 01:36:56,778][INFO][find_string()] [END ANALYZE FILE]

[INTERNAL_LOG][2018-06-08 01:37:56,742][INFO][find_url_in_apk()] [START URL LOADED INSIDE LOAD FUNCTION]
[INTERNAL_LOG][2018-06-08 01:37:56,742][INFO][find_url_in_apk()] https://cortana-gateway.amazon.com/cortana/gateway/getSignedDownloadUrl

[INTERNAL_LOG][2018-06-08 01:37:56,743][INFO][find_url_in_apk()] [END URL LOADED INSIDE LOAD FUNCTION]
[INTERNAL_LOG][2018-06-08 01:37:57,421][ERROR][download_page_loaded()] Failed response code: 500 for https://cortana-gateway.amazon.com/cortana/gateway/getSignedDownloadUrl  
[INTERNAL_LOG][2018-06-08 01:37:57,422][INFO][find_string()] [START REMOTE FILE ANALYZE]
[INTERNAL_LOG][2018-06-08 01:37:57,423][INFO][find_string()] [END ANALYZE FILE]

[INTERNAL_LOG][2018-06-08 01:37:57,423][INFO][find_url_in_apk()] [START ALL URL INSIDE APK]
[INTERNAL_LOG][2018-06-08 01:37:57,423][INFO][find_url_in_apk()] http://schemas.android.com/apk/res/android
https://adc3-launch-server-staging.herokuapp.com/v4/launch
https://adc3-launch.adcolony.com/v4/launch
https://wd.adcolony.com/logs
https://ags-ext.amazon.com/service/gamedata/WhisperData
https://ags-ext.amazon.com/service/gamedata/WhisperData
https://applab-sdk.amazon.com/1.0
https://applab-sdk.amazon.com/1.0
https://applab-sdk.amazon.com/1.0
https://d.applovin.com/
https://a.applovin.com/
https://rt.applovin.com/med
https://rt.applovin.com/pix
https://d.applvn.com/
https://a.applvn.com/
https://rt.applvn.com/pix
https://vid.applovin.com/,https://pdn.applovin.com/,https://img.applovin.com/,https://d.applovin.com/,https://assets.applovin.com/,https://cdnjs.cloudflare.com/,http://vid.applovin.com/,http://pdn.applovin.com/,http://img.applovin.com/,http://d.applovin.com/,http://assets.applovin.com/,http://cdnjs.cloudflare.com/
https://api.%s/install_data/v3/
https://attr.%s/api/v
https://t.%s/api/v
https://events.%s/api/v
https://register.%s/api/v
https://stats.%s/stats
https://validate.%s/api/v
https://sdk-services.%s/validate-android-signature
https://onelink.%s/shortlink-sdk/v1
https://live.chartboost.com
http://market.android.com/
https://www.facebook.com/
https://www.%s.facebook.com
https://facebook.com
https://facebook.com/device?user_code=%1$s&qr=1
https://pagead2.googlesyndication.com/pagead/gen_204?id=gmob-apps
https://www.googleapis.com/auth/games_lite
https://www.googleapis.com/auth/games_lite
https://www.googleapis.com/auth/games_lite
https://www.googleapis.com/auth/games
https://www.googleapis.com/auth/games
https://www.googleapis.com/auth/games
https://plus.google.com/
https://www.googleapis.com/auth/drive.file
https://www.googleapis.com/auth/drive.appdata
https://www.googleapis.com/auth/drive
https://www.googleapis.com/auth/drive.apps
https://www.googleapis.com/auth/games.firstparty
https://www.googleapis.com/auth/games.firstparty
https://app-measurement.com/a
https://www.google.com
http://hostname/?
http://www.example.com
http://www.example.com
https://googleads.g.doubleclick.net/mads/static/mad/sdk/native/sdk-core-v40.html
https://googleads.g.doubleclick.net/mads/static/mad/sdk/native/production/sdk-core-v40-impl.js
https://googleads.g.doubleclick.net/mads/static/mad/sdk/native/mraid/v2/mraid_app_banner.js
https://googleads.g.doubleclick.net/mads/static/mad/sdk/native/mraid/v2/mraid_app_expanded_banner.js
https://googleads.g.doubleclick.net/mads/static/mad/sdk/native/mraid/v2/mraid_app_interstitial.js
https://csi.gstatic.com/csi
https://googleads.g.doubleclick.net/mads/static/mad/sdk/native/native_ads.html
https://googleads.g.doubleclick.net/mads/static/mad/sdk/native/production/native_ads.js
https://imasdk.googleapis.com/admob/sdkloader/native_video.html
https://www.google.com/dfp/linkDevice
https://www.google.com/dfp/inAppPreview
https://www.google.com/dfp/debugSignals
https://www.google.com/dfp/sendDebugData
http://www.google-analytics.com
https://ssl.google-analytics.com
https://track.atom-data.io
https://track.atom-data.io
https://track.atom-data.io
https://outcome.supersonicads.com/mediation/
https://outcome.supersonicads.com/mediation/
https://www.supersonicads.com/mobile/sdk5/log?method=
https://www.supersonicads.com/mobile/sdk5/log?method=
https://www.supersonicads.com/mobile/sdk5/log?method=
https://www.supersonicads.com/mobile/sdk5/log?method=
https://www.supersonicads.com/mobile/sdk5/log?method=
https://www.supersonicads.com/mobile/sdk5/log?method=
https://www.supersonicads.com/mobile/sdk5/log?method=
https://www.supersonicads.com/mobile/sdk5/log?method=
https://px.moatads.com/pixel.gif?e=0&i=MOATSDK1&ac=1
https://z.moatads.com/
https://z.moatads.com/
http://xmlpull.org/v1/doc/features.html#indent-output
https://s3.amazonaws.com/
https://api.safedk.com
https://config.safedk.com/
https://a.applovin.com/3.0/ad
http://a.applovin.com/2.0/ad
https://a.applovin.com/2.0/ad
http://a.applovin.com/nad
https://live.chartboost.com/webview/v2/interstitial/get
https://live.chartboost.com/webview/v2/reward/get
https://live.chartboost.com/webview/v2/inplay/get
https://live.chartboost.com/interstitial/get
https://live.chartboost.com/reward/get
https://live.chartboost.com/inplay/get
https://live.chartboost.com/interstitial/show
https://live.chartboost.com/reward/show
https://live.chartboost.com/inplay/show
https://graph.facebook.com/network_ads_common
https://graph.facebook.com/network_ads_common
https://www.facebook.com/adnw_logging
https://play.google.com/store/apps/details?id=
https://www.amazon.com/gp/mas/dl/android?p=
https://www.samsungapps.com/appquery/appDetail.as?appId=
http://www.google.ie
http://swrve.com
http://lol.vungle.com/
https://api.vungle.com/
https://sdk.hockeyapp.net/
https://sdk.hockeyapp.net/
https://gate.hockeyapp.net/v2/track
https://cortana-gateway.amazon.com/cortana/gateway/getSignedDownloadUrl
http://m.facebook.com/ads/ad_choices
http://m.facebook.com/ads/ad_choices
https://www.%s.facebook.com/audience_network/server_side_reward
https://www.facebook.com/audience_network/server_side_reward
https://graph.%s.facebook.com/network_ads_common
https://www.facebook.com/adnw_logging/
https://www.%s.facebook.com/adnw_logging/
http://www.facebook.com
https://graph.%s
https://graph-video.%s
http://play.google.com/store/apps/details?id=com.facebook.orca
https://www.google-analytics.com
https://pagead2.googlesyndication.com/pagead/gen_204
http://www.google.com
https://support.google.com/dfp_premium/answer/7160685#push
https://mobile-static.adsafeprotected.com/avid-v2.js
https://www.supersonicads.com/mobile/sdk5/log?method=injectJavaScript
https://www.supersonicads.com/mobile/sdk5/log?method=noProductType
https://www.supersonicads.com/mobile/sdk5/log?method=encodeAppUserId
https://www.supersonicads.com/mobile/sdk5/log?method=encodeAppKey
https://www.supersonicads.com/mobile/sdk5/log?method=extraParametersToJson
https://www.supersonicads.com/mobile/sdk5/log?method=webviewLoadBlank
https://www.supersonicads.com/mobile/sdk5/log?method=webviewLoadWithPath
https://www.supersonicads.com/mobile/sdk5/log?method=htmlControllerDoesNotExistOnFileSystem
https://www.supersonicads.com/mobile/sdk5/log?method=webviewPause
https://www.supersonicads.com/mobile/sdk5/log?method=webviewResume
https://rink.hockeyapp.net/api/2/apps/
https://playlist.ma.tune.com
https://configuration.ma.tune.com
https://analytics.ma.tune.com/analytics
https://s3.amazonaws.com/uploaded-assets-production
https://connected.ma.tune.com
http://play.google.com/store/apps/details?%s
http://www.amazon.com/gp/mas/dl/android?%s
https://config.unityads.unity3d.com/webview/
https://www.vungle.com/privacy/
https://www.vungle.com/privacy/
https://ads.api.vungle.com/config

[INTERNAL_LOG][2018-06-08 01:37:57,423][INFO][find_url_in_apk()] [END ALL URL INSIDE APK]
[INTERNAL_LOG][2018-06-08 01:37:57,429][INFO][check_method_conf()] [JavaScript enabled: True]

[INTERNAL_LOG][2018-06-08 01:37:57,429][INFO][check_method_conf()] [Add interface WebView: True]

[INTERNAL_LOG][2018-06-08 01:37:57,429][INFO][analyze_start()] This app might be not vulnerable on  attack frame confusion.
[INTERNAL_LOG][2018-06-08 01:37:57,429][INFO][analyze_start()] End time:[Fri Jun  8 01:37:57 2018]
