[INTERNAL_LOG][2018-06-08 00:19:39,312][INFO][analyze_start()] Init Time [Fri Jun  8 00:19:39 2018]
[INTERNAL_LOG][2018-06-08 00:19:39,365][INFO][is_hybird()] [Permission Enble Start]
[INTERNAL_LOG][2018-06-08 00:19:39,365][INFO][run()] Start Analysis
[INTERNAL_LOG][2018-06-08 00:19:39,365][INFO][is_hybird()] android.permission.CAMERA
[INTERNAL_LOG][2018-06-08 00:19:39,365][INFO][is_hybird()] android.permission.MODIFY_AUDIO_SETTINGS
[INTERNAL_LOG][2018-06-08 00:19:39,365][INFO][is_hybird()] android.permission.RECORD_AUDIO
[INTERNAL_LOG][2018-06-08 00:19:39,365][INFO][is_hybird()] android.permission.BLUETOOTH
[INTERNAL_LOG][2018-06-08 00:19:39,366][INFO][is_hybird()] android.permission.BROADCAST_STICKY
[INTERNAL_LOG][2018-06-08 00:19:39,366][INFO][is_hybird()] android.permission.VIBRATE
[INTERNAL_LOG][2018-06-08 00:19:39,366][INFO][is_hybird()] android.permission.WAKE_LOCK
[INTERNAL_LOG][2018-06-08 00:19:39,366][INFO][is_hybird()] android.permission.INTERNET
[INTERNAL_LOG][2018-06-08 00:19:39,366][INFO][is_hybird()] android.permission.CHANGE_NETWORK_STATE
[INTERNAL_LOG][2018-06-08 00:19:39,366][INFO][is_hybird()] android.permission.ACCESS_WIFI_STATE
[INTERNAL_LOG][2018-06-08 00:19:39,366][INFO][is_hybird()] android.permission.READ_PROFILE
[INTERNAL_LOG][2018-06-08 00:19:39,366][INFO][is_hybird()] android.permission.READ_CONTACTS
[INTERNAL_LOG][2018-06-08 00:19:39,366][INFO][is_hybird()] android.permission.WRITE_CONTACTS
[INTERNAL_LOG][2018-06-08 00:19:39,366][INFO][is_hybird()] android.permission.READ_PHONE_STATE
[INTERNAL_LOG][2018-06-08 00:19:39,366][INFO][is_hybird()] com.google.android.c2dm.permission.RECEIVE
[INTERNAL_LOG][2018-06-08 00:19:39,366][INFO][is_hybird()] android.permission.GET_ACCOUNTS
[INTERNAL_LOG][2018-06-08 00:19:39,366][INFO][is_hybird()] com.google.android.apps.tachyon.permission.C2D_MESSAGE
[INTERNAL_LOG][2018-06-08 00:19:39,366][INFO][is_hybird()] android.permission.ACCESS_NETWORK_STATE
[INTERNAL_LOG][2018-06-08 00:19:39,367][INFO][is_hybird()] com.google.android.providers.gsf.permission.READ_GSERVICES
[INTERNAL_LOG][2018-06-08 00:19:39,367][INFO][is_hybird()] android.permission.RECEIVE_SMS
[INTERNAL_LOG][2018-06-08 00:19:39,367][INFO][is_hybird()] android.permission.READ_SMS
[INTERNAL_LOG][2018-06-08 00:19:39,367][INFO][is_hybird()] android.permission.RECEIVE_BOOT_COMPLETED
[INTERNAL_LOG][2018-06-08 00:19:39,367][INFO][is_hybird()] android.permission.WRITE_CALL_LOG
[INTERNAL_LOG][2018-06-08 00:19:39,367][INFO][is_hybird()] android.permission.READ_SYNC_STATS
[INTERNAL_LOG][2018-06-08 00:19:39,367][INFO][is_hybird()] android.permission.WRITE_SYNC_SETTINGS
[INTERNAL_LOG][2018-06-08 00:19:39,367][INFO][is_hybird()] android.permission.AUTHENTICATE_ACCOUNTS
[INTERNAL_LOG][2018-06-08 00:19:39,367][INFO][is_hybird()] android.permission.MANAGE_ACCOUNTS
[INTERNAL_LOG][2018-06-08 00:19:39,367][INFO][is_hybird()] android.permission.FOREGROUND_SERVICE
[INTERNAL_LOG][2018-06-08 00:19:39,367][INFO][is_hybird()] com.sec.android.provider.badge.permission.READ
[INTERNAL_LOG][2018-06-08 00:19:39,367][INFO][is_hybird()] com.sec.android.provider.badge.permission.WRITE
[INTERNAL_LOG][2018-06-08 00:19:39,367][INFO][is_hybird()] com.htc.launcher.permission.READ_SETTINGS
[INTERNAL_LOG][2018-06-08 00:19:39,367][INFO][is_hybird()] com.htc.launcher.permission.UPDATE_SHORTCUT
[INTERNAL_LOG][2018-06-08 00:19:39,368][INFO][is_hybird()] com.sonyericsson.home.permission.BROADCAST_BADGE
[INTERNAL_LOG][2018-06-08 00:19:39,368][INFO][is_hybird()] com.sonymobile.home.permission.PROVIDER_INSERT_BADGE
[INTERNAL_LOG][2018-06-08 00:19:39,368][INFO][is_hybird()] com.anddoes.launcher.permission.UPDATE_COUNT
[INTERNAL_LOG][2018-06-08 00:19:39,368][INFO][is_hybird()] com.majeur.launcher.permission.UPDATE_BADGE
[INTERNAL_LOG][2018-06-08 00:19:39,368][INFO][is_hybird()] com.huawei.android.launcher.permission.CHANGE_BADGE
[INTERNAL_LOG][2018-06-08 00:19:39,368][INFO][is_hybird()] com.huawei.android.launcher.permission.READ_SETTINGS
[INTERNAL_LOG][2018-06-08 00:19:39,368][INFO][is_hybird()] com.huawei.android.launcher.permission.WRITE_SETTINGS
[INTERNAL_LOG][2018-06-08 00:19:39,368][INFO][is_hybird()] android.permission.READ_APP_BADGE
[INTERNAL_LOG][2018-06-08 00:19:39,368][INFO][is_hybird()] com.oppo.launcher.permission.READ_SETTINGS
[INTERNAL_LOG][2018-06-08 00:19:39,368][INFO][is_hybird()] com.oppo.launcher.permission.WRITE_SETTINGS
[INTERNAL_LOG][2018-06-08 00:19:39,368][INFO][is_hybird()] [Permission End]

[INTERNAL_LOG][2018-06-08 00:19:39,368][INFO][analyze_start()] TYPE APK: [ANDROID NATIVE]

[INTERNAL_LOG][2018-06-08 00:19:39,369][INFO][find_string()] [START FILE ANALYZE]
[INTERNAL_LOG][2018-06-08 00:19:39,369][INFO][find_string()] [END ANALYZE FILE]

[INTERNAL_LOG][2018-06-08 00:20:03,000][INFO][find_url_in_apk()] [START ALL URL INSIDE APK]
[INTERNAL_LOG][2018-06-08 00:20:03,000][INFO][find_url_in_apk()] https://www.google.com/policies/privacy/
https://www.google.com/policies/privacy/
https://www.google.com/policies/privacy/
http://www.webrtc.org/experiments/rtp-hdrext/abs-send-time
http://www.webrtc.org/experiments/rtp-hdrext/video-timing
http://www.google-analytics.com
https://ssl.google-analytics.com
https://g.co/getduo
https://g.co/joinduo
https://g.co/tryduo
https://g.co/installduo
https://g.co/duochat
https://g.co/duoapp
https://clients2.google.com
https://instantmessaging-pa.googleapis.com/upload
https://instantmessaging-pa.googleapis.com/upload
https://duo.google.com/invite?token=
http://duo.google.com
http://duo.google.com/rewards
http://duo.google.com/upgrade
https://g.co/callduo
https://g.co/duofree
https://duo.google.com
https://tachyon-media-staging.sandbox.googleapis.com/upload
https://tachyon-media-autopush.sandbox.googleapis.com/upload
https://tachyon-media-dev.sandbox.googleapis.com/upload
https://support.google.com/%s/topic/%s
https://www.google.com/policies/terms/
https://www.google.com/intl/%s/policies/terms/regional.html
https://play.google.com/store/apps/details?id=
https://pagead2.googlesyndication.com/pagead/gen_204?id=gmob-apps
https://plus.google.com/
https://app-measurement.com/a
https://www.googletagmanager.com
http://hostname/?
http://hostname/?
http://hostname/?
https://www.google-analytics.com
https://clients4.google.com/insights/consumersurveys/gk/prompt
http://schemas.android.com/apk/res/android
https://allo.app.goo.gl/u-
https://www.google.com
https://www.googleapis.com/auth/games

[INTERNAL_LOG][2018-06-08 00:20:03,000][INFO][find_url_in_apk()] [END ALL URL INSIDE APK]
[INTERNAL_LOG][2018-06-08 00:20:03,001][INFO][check_method_conf()] [JavaScript enabled: False]

[INTERNAL_LOG][2018-06-08 00:20:03,001][INFO][check_method_conf()] [Add interface WebView: False]

[INTERNAL_LOG][2018-06-08 00:20:03,001][INFO][analyze_start()] This app might be not vulnerable on  attack frame confusion.
[INTERNAL_LOG][2018-06-08 00:20:03,001][INFO][analyze_start()] End time:[Fri Jun  8 00:20:02 2018]
