[INTERNAL_LOG][2018-06-08 01:09:40,860][INFO][analyze_start()] Init Time [Fri Jun  8 01:09:40 2018]
[INTERNAL_LOG][2018-06-08 01:09:40,917][INFO][run()] Start Analysis
[INTERNAL_LOG][2018-06-08 01:09:40,917][INFO][is_hybird()] [Permission Enble Start]
[INTERNAL_LOG][2018-06-08 01:09:40,917][INFO][is_hybird()] android.permission.INTERNET
[INTERNAL_LOG][2018-06-08 01:09:40,917][INFO][is_hybird()] com.android.vending.CHECK_LICENSE
[INTERNAL_LOG][2018-06-08 01:09:40,917][INFO][is_hybird()] android.permission.WAKE_LOCK
[INTERNAL_LOG][2018-06-08 01:09:40,917][INFO][is_hybird()] android.permission.ACCESS_NETWORK_STATE
[INTERNAL_LOG][2018-06-08 01:09:40,917][INFO][is_hybird()] android.permission.ACCESS_WIFI_STATE
[INTERNAL_LOG][2018-06-08 01:09:40,917][INFO][is_hybird()] android.permission.CHANGE_WIFI_STATE
[INTERNAL_LOG][2018-06-08 01:09:40,917][INFO][is_hybird()] android.permission.COARSE_LOCATION
[INTERNAL_LOG][2018-06-08 01:09:40,917][INFO][is_hybird()] android.permission.FINE_LOCATION
[INTERNAL_LOG][2018-06-08 01:09:40,917][INFO][is_hybird()] android.permission.VIBRATE
[INTERNAL_LOG][2018-06-08 01:09:40,918][INFO][is_hybird()] android.permission.READ_EXTERNAL_STORAGE
[INTERNAL_LOG][2018-06-08 01:09:40,918][INFO][is_hybird()] android.permission.WRITE_EXTERNAL_STORAGE
[INTERNAL_LOG][2018-06-08 01:09:40,918][INFO][is_hybird()] com.google.android.c2dm.permission.RECEIVE
[INTERNAL_LOG][2018-06-08 01:09:40,918][INFO][is_hybird()] com.blizzard.wtcg.hearthstone.permission.C2D_MESSAGE
[INTERNAL_LOG][2018-06-08 01:09:40,918][INFO][is_hybird()] com.blizzard.wtcg.hearthstone.permission.RECEIVE_ADM_MESSAGE
[INTERNAL_LOG][2018-06-08 01:09:40,918][INFO][is_hybird()] com.amazon.device.messaging.permission.RECEIVE
[INTERNAL_LOG][2018-06-08 01:09:40,918][INFO][is_hybird()] com.android.vending.BILLING
[INTERNAL_LOG][2018-06-08 01:09:40,918][INFO][is_hybird()] android.permission.ACCESS_FINE_LOCATION
[INTERNAL_LOG][2018-06-08 01:09:40,918][INFO][is_hybird()] [Permission End]

[INTERNAL_LOG][2018-06-08 01:09:40,918][INFO][analyze_start()] TYPE APK: [ANDROID NATIVE]

[INTERNAL_LOG][2018-06-08 01:09:40,918][INFO][find_string()] [START FILE ANALYZE]
[INTERNAL_LOG][2018-06-08 01:09:40,918][INFO][find_string()] [END ANALYZE FILE]

[INTERNAL_LOG][2018-06-08 01:10:08,227][INFO][find_url_in_apk()] [START ALL URL INSIDE APK]
[INTERNAL_LOG][2018-06-08 01:10:08,227][INFO][find_url_in_apk()] http://www.amazon.com/gp/mas/get-appstore/android/ref=mas_mx_mba_iap_dl
https://us.battle.net
https://us.battle.net
https://telemetry-in.battle.net
https://telemetry-in.battle.net
http://iir.blizzard.com:3724/submit/WTCG
https://nydus.battle.net/WTCG/{0}/client/support/system-requirements?targetRegion={1}
http://localhost:0
http://localhost:0
https://graph.%s
https://graph-video.%s
https://facebook.com
http://play.google.com/store/apps/details?id=com.facebook.orca
https://imasdk.googleapis.com/native/sdkloader/native_sdk_v3.html
http://www.google-analytics.com
https://ssl.google-analytics.com
https://accounts.google.com
https://accounts.google.com
https://www.facebook.com
https://www.facebook.com
https://www.googleapis.com/auth/plus.me
https://www.googleapis.com/auth/plus.me
https://www.googleapis.com/auth/games
https://www.googleapis.com/auth/games
https://www.googleapis.com/auth/games
http://plus.google.com/
https://www.googleapis.com/auth/drive.file
https://www.googleapis.com/auth/drive.appdata
https://www.googleapis.com/auth/drive
https://www.googleapis.com/auth/drive.apps
https://www.googleapis.com/auth/games.firstparty
https://www.googleapis.com/auth/games.firstparty
https://googleads.g.doubleclick.net/mads/static/mad/sdk/native/sdk-core-v40.html
https://googleads.g.doubleclick.net/mads/static/mad/sdk/native/mraid/v2/mraid_app_banner.js
https://googleads.g.doubleclick.net/mads/static/mad/sdk/native/mraid/v2/mraid_app_expanded_banner.js
https://googleads.g.doubleclick.net/mads/static/mad/sdk/native/mraid/v2/mraid_app_interstitial.js
https://csi.gstatic.com/csi
http://www.google.com
https://app-measurement.com/a
https://www.googleapis.com/auth/plus.login
http://schemas.android.com/apk/lib/com.google.android.gms.plus
http://schemas.android.com/apk/lib/com.google.android.gms.plus
http://hostname/?
http://hostname/?
https://www.googletagmanager.com
https://z.moatads.com/
https://playlist.ma.tune.com
https://configuration.ma.tune.com
https://analytics.ma.tune.com/analytics
https://s3.amazonaws.com/uploaded-assets-production
https://connected.ma.tune.com
http://tdk-instance.battle.net:
http://localhost:1119/hsb
http://hs.blizzard.cn/touch/download
https://play.google.com/store/apps/details?id=
http://www.amazon.com/gp/mas/dl/android?p=
https://www.googleapis.com/auth/contacts.readonly

[INTERNAL_LOG][2018-06-08 01:10:08,227][INFO][find_url_in_apk()] [END ALL URL INSIDE APK]
[INTERNAL_LOG][2018-06-08 01:10:08,231][INFO][check_method_conf()] [JavaScript enabled: True]

[INTERNAL_LOG][2018-06-08 01:10:08,231][INFO][check_method_conf()] [Add interface WebView: True]

[INTERNAL_LOG][2018-06-08 01:10:08,231][INFO][analyze_start()] This app might be not vulnerable on  attack frame confusion.
[INTERNAL_LOG][2018-06-08 01:10:08,231][INFO][analyze_start()] End time:[Fri Jun  8 01:10:08 2018]
