[INTERNAL_LOG][2018-06-08 02:44:10,531][INFO][analyze_start()] Init Time [Fri Jun  8 02:44:10 2018]
[INTERNAL_LOG][2018-06-08 02:44:10,553][INFO][run()] Start Analysis
[INTERNAL_LOG][2018-06-08 02:44:10,553][INFO][is_hybird()] [Permission Enble Start]
[INTERNAL_LOG][2018-06-08 02:44:10,554][INFO][is_hybird()] android.permission.INTERNET
[INTERNAL_LOG][2018-06-08 02:44:10,554][INFO][is_hybird()] android.permission.ACCESS_NETWORK_STATE
[INTERNAL_LOG][2018-06-08 02:44:10,554][INFO][is_hybird()] android.permission.WAKE_LOCK
[INTERNAL_LOG][2018-06-08 02:44:10,554][INFO][is_hybird()] com.google.android.c2dm.permission.RECEIVE
[INTERNAL_LOG][2018-06-08 02:44:10,558][INFO][is_hybird()] com.honor.global.permission.C2D_MESSAGE
[INTERNAL_LOG][2018-06-08 02:44:10,558][INFO][is_hybird()] [Permission End]

[INTERNAL_LOG][2018-06-08 02:44:10,561][INFO][analyze_start()] TYPE APK: [ANDROID NATIVE]

[INTERNAL_LOG][2018-06-08 02:44:10,561][INFO][find_string()] [START FILE ANALYZE]
[INTERNAL_LOG][2018-06-08 02:44:10,564][INFO][find_string()] [END ANALYZE FILE]

[INTERNAL_LOG][2018-06-08 02:44:24,175][INFO][find_url_in_apk()] [START ALL URL INSIDE APK]
[INTERNAL_LOG][2018-06-08 02:44:24,175][INFO][find_url_in_apk()] http://schemas.android.com/apk/res/android
https://pagead2.googlesyndication.com/pagead/gen_204?id=gmob-apps
https://plus.google.com/
https://app-measurement.com/a
http://www.google.com
https://app.hihonor.com/
https://app.hihonor.com/
https://app.hihonor.com/
https://app.hihonor.com/
https://www.google.com
https://app.hihonor.com/lauguagelist.json

[INTERNAL_LOG][2018-06-08 02:44:24,175][INFO][find_url_in_apk()] [END ALL URL INSIDE APK]
[INTERNAL_LOG][2018-06-08 02:44:24,180][INFO][check_method_conf()] [JavaScript enabled: True]

[INTERNAL_LOG][2018-06-08 02:44:24,180][INFO][check_method_conf()] [Add interface WebView: False]

[INTERNAL_LOG][2018-06-08 02:44:24,180][INFO][analyze_start()] This app might be not vulnerable on  attack frame confusion.
[INTERNAL_LOG][2018-06-08 02:44:24,180][INFO][analyze_start()] End time:[Fri Jun  8 02:44:24 2018]
