[INTERNAL_LOG][2018-06-08 02:51:27,745][INFO][analyze_start()] Init Time [Fri Jun  8 02:51:27 2018]
[INTERNAL_LOG][2018-06-08 02:51:27,879][INFO][run()] Start Analysis
[INTERNAL_LOG][2018-06-08 02:51:27,881][INFO][is_hybird()] [Permission Enble Start]
[INTERNAL_LOG][2018-06-08 02:51:27,881][INFO][is_hybird()] android.permission.ACCESS_NETWORK_STATE
[INTERNAL_LOG][2018-06-08 02:51:27,881][INFO][is_hybird()] android.permission.INTERNET
[INTERNAL_LOG][2018-06-08 02:51:27,881][INFO][is_hybird()] com.android.vending.BILLING
[INTERNAL_LOG][2018-06-08 02:51:27,881][INFO][is_hybird()] android.permission.WAKE_LOCK
[INTERNAL_LOG][2018-06-08 02:51:27,881][INFO][is_hybird()] com.google.android.c2dm.permission.RECEIVE
[INTERNAL_LOG][2018-06-08 02:51:27,881][INFO][is_hybird()] android.permission.WRITE_EXTERNAL_STORAGE
[INTERNAL_LOG][2018-06-08 02:51:27,882][INFO][is_hybird()] [Permission End]

[INTERNAL_LOG][2018-06-08 02:51:27,882][INFO][analyze_start()] TYPE APK: [ANDROID NATIVE]

[INTERNAL_LOG][2018-06-08 02:51:27,882][INFO][find_string()] [START FILE ANALYZE]
[INTERNAL_LOG][2018-06-08 02:51:27,882][INFO][find_string()] [END ANALYZE FILE]

[INTERNAL_LOG][2018-06-08 02:51:51,730][INFO][find_url_in_apk()] [START ALL URL INSIDE APK]
[INTERNAL_LOG][2018-06-08 02:51:51,730][INFO][find_url_in_apk()] http://schemas.applovin.com/android/1.0
http://schemas.applovin.com/android/1.0
http://d.applovin.com/
http://a.applovin.com/
https://vid.applovin.com/,https://pdn.applovin.com/,https://img.applovin.com/,https://d.applovin.com/,https://assets.applovin.com/,https://cdnjs.cloudflare.com/,http://vid.applovin.com/,http://pdn.applovin.com/,http://img.applovin.com/,http://d.applovin.com/,http://assets.applovin.com/,http://cdnjs.cloudflare.com/
http://rt.applovin.com/pix
https://live.chartboost.com
http://market.android.com/
http://m.facebook.com/ads/ad_choices
http://m.facebook.com/ads/ad_choices
https://www.facebook.com/audience_network/server_side_reward
https://www.%s.facebook.com/audience_network/server_side_reward
https://graph.facebook.com/network_ads_common
https://graph.%s.facebook.com/network_ads_common
https://www.facebook.com/adnw_logging/
https://www.%s.facebook.com/adnw_logging/
https://www.facebook.com/
https://www.%s.facebook.com
http://www.facebook.com
https://m.facebook.com/dialog/
https://graph.facebook.com/
https://api.facebook.com/restserver.php
https://graph.facebook.com/%s/picture
https://graph.%s
https://graph-video.%s
https://facebook.com
https://pagead2.googlesyndication.com/pagead/gen_204?id=gmob-apps
https://www.googleapis.com/auth/games
https://www.googleapis.com/auth/games
https://www.googleapis.com/auth/games
https://plus.google.com/
https://www.googleapis.com/auth/drive.file
https://www.googleapis.com/auth/drive.appdata
https://www.googleapis.com/auth/drive
https://www.googleapis.com/auth/drive.apps
https://www.googleapis.com/auth/games_lite
https://www.googleapis.com/auth/games.firstparty
https://www.googleapis.com/auth/games.firstparty
https://track.atom-data.io
https://track.atom-data.io
https://track.atom-data.io
https://outcome.supersonicads.com/mediation/
https://outcome.supersonicads.com/mediation/
https://mobilelogs.supersonic.com
https://mobilelogs.supersonic.com
https://init.supersonicads.com/sdk/v
https://www.supersonicads.com/timestamp.php
https://www.supersonicads.com/mobile/sdk5/log?method=
https://www.supersonicads.com/mobile/sdk5/log?method=
https://www.supersonicads.com/mobile/sdk5/log?method=
https://www.supersonicads.com/mobile/sdk5/log?method=
https://www.supersonicads.com/mobile/sdk5/log?method=
https://www.supersonicads.com/mobile/sdk5/log?method=
https://www.supersonicads.com/mobile/sdk5/log?method=
https://www.supersonicads.com/mobile/sdk5/log?method=
https://www.supersonicads.com/mobile/sdk5/log?method=injectJavaScript
https://www.supersonicads.com/mobile/sdk5/log?method=extraParametersToJson
https://www.supersonicads.com/mobile/sdk5/log?method=noProductType
https://www.supersonicads.com/mobile/sdk5/log?method=encodeAppUserId
https://www.supersonicads.com/mobile/sdk5/log?method=encodeAppKey
https://www.supersonicads.com/mobile/sdk5/log?method=setWebViewSettings
https://www.supersonicads.com/mobile/sdk5/log?method=webviewLoadBlank
https://www.supersonicads.com/mobile/sdk5/log?method=webviewLoadWithPath
https://www.supersonicads.com/mobile/sdk5/log?method=htmlControllerDoesNotExistOnFileSystem
https://www.supersonicads.com/mobile/sdk5/log?method=webviewPause
https://www.supersonicads.com/mobile/sdk5/log?method=webviewResume
http://mbxrt.mediabrix.com/geoencode
http://mbxrt.mediabrix.com/geoencode?IpAddress=
http://metrics-qa.tbliab.net/v2/metrics/?adsvrLineItemID=
https://cpi.mediabrix.com/cpi/activation
https://cpi.mediabrix.com/cpi/attribution
https://ap.tbliab.net/mprofiles
http://www.mediabrix.com
https://metrics.tbliab.net/v2/metrics/?adsvrLineItemID=%LINE_ITEM_ID%&adsvrAdvertiserID=%ADVERTISER_ID%&adsvrOrderID=%ORDID%&adsvrCreativeID=%CRID%&adsvrPropertyAdUnit=%PROPERTY%&adsvrZoneAdUnit=%ZONE%&mbrixAppKey=%APP_ID%&mbrixDeviceID=%DEVICE_ID%&mbrixVideoDuration=%VIDEO_DURATION%&mbrixHost=%DFP_URL%&mbrixSDKVersion=%SDK_VERSION%&mbrixSDKBuild=%SDK_BUILD_VERSION%&mbrixOS=%OS%&mbrixPlatform=%PLATFORM%&mbrixAction=%EVENT_NAME%&mbrixClientTimeStamp=%TIME_STAMP%&mbrixClientWidth=%SCREEN_WIDTH%&mbrixClientHeight=%SCREEN_HEIGHT%&mbrixAppSession=%SESSION_ID%&mbrixValue=%VALUE%
http://mobileloggerqa.cloudapp.net/logger
https://ads.nexage.com
http://xmlpull.org/v1/doc/features.html#process-namespaces
https://z.moatads.com/
https://api.rollbar.com/api/1/items/
https://config.unityads.unity3d.com/webview/
https://e.crashlytics.com/spi/v2/events
https://settings.crashlytics.com/spi/v2/platforms/android/apps/%s/settings

[INTERNAL_LOG][2018-06-08 02:51:51,730][INFO][find_url_in_apk()] [END ALL URL INSIDE APK]
[INTERNAL_LOG][2018-06-08 02:51:51,738][INFO][check_method_conf()] [JavaScript enabled: True]

[INTERNAL_LOG][2018-06-08 02:51:51,738][INFO][check_method_conf()] [Add interface WebView: True]

[INTERNAL_LOG][2018-06-08 02:51:51,738][INFO][analyze_start()] This app might be not vulnerable on  attack frame confusion.
[INTERNAL_LOG][2018-06-08 02:51:51,738][INFO][analyze_start()] End time:[Fri Jun  8 02:51:51 2018]
