[INTERNAL_LOG][2018-06-08 04:10:59,394][INFO][analyze_start()] Init Time [Fri Jun  8 04:10:59 2018]
[INTERNAL_LOG][2018-06-08 04:10:59,496][INFO][is_hybird()] [Permission Enble Start]
[INTERNAL_LOG][2018-06-08 04:10:59,496][INFO][run()] Start Analysis
[INTERNAL_LOG][2018-06-08 04:10:59,497][INFO][is_hybird()] android.permission.INTERNET
[INTERNAL_LOG][2018-06-08 04:10:59,497][INFO][is_hybird()] android.permission.ACCESS_WIFI_STATE
[INTERNAL_LOG][2018-06-08 04:10:59,497][INFO][is_hybird()] android.permission.READ_EXTERNAL_STORAGE
[INTERNAL_LOG][2018-06-08 04:10:59,497][INFO][is_hybird()] android.permission.GET_TASKS
[INTERNAL_LOG][2018-06-08 04:10:59,497][INFO][is_hybird()] android.permission.VIBRATE
[INTERNAL_LOG][2018-06-08 04:10:59,497][INFO][is_hybird()] android.permission.KILL_BACKGROUND_PROCESSES
[INTERNAL_LOG][2018-06-08 04:10:59,497][INFO][is_hybird()] com.android.vending.BILLING
[INTERNAL_LOG][2018-06-08 04:10:59,497][INFO][is_hybird()] android.permission.RECEIVE_BOOT_COMPLETED
[INTERNAL_LOG][2018-06-08 04:10:59,497][INFO][is_hybird()] android.permission.ACCESS_NETWORK_STATE
[INTERNAL_LOG][2018-06-08 04:10:59,497][INFO][is_hybird()] android.permission.WRITE_EXTERNAL_STORAGE
[INTERNAL_LOG][2018-06-08 04:10:59,497][INFO][is_hybird()] android.permission.WAKE_LOCK
[INTERNAL_LOG][2018-06-08 04:10:59,497][INFO][is_hybird()] android.permission.READ_PHONE_STATE
[INTERNAL_LOG][2018-06-08 04:10:59,497][INFO][is_hybird()] android.permission.GET_ACCOUNTS
[INTERNAL_LOG][2018-06-08 04:10:59,497][INFO][is_hybird()] com.linecorp.LGRGS.permission.C2D_MESSAGE
[INTERNAL_LOG][2018-06-08 04:10:59,497][INFO][is_hybird()] com.google.android.c2dm.permission.RECEIVE
[INTERNAL_LOG][2018-06-08 04:10:59,498][INFO][is_hybird()] android.permission.DISABLE_KEYGUARD
[INTERNAL_LOG][2018-06-08 04:10:59,498][INFO][is_hybird()] [Permission End]

[INTERNAL_LOG][2018-06-08 04:10:59,498][INFO][analyze_start()] TYPE APK: [ANDROID NATIVE]

[INTERNAL_LOG][2018-06-08 04:10:59,498][INFO][find_string()] [START FILE ANALYZE]
[INTERNAL_LOG][2018-06-08 04:10:59,498][INFO][find_string()] [END ANALYZE FILE]

[INTERNAL_LOG][2018-06-08 04:11:24,649][INFO][find_url_in_apk()] [START ALL URL INSIDE APK]
[INTERNAL_LOG][2018-06-08 04:11:24,649][INFO][find_url_in_apk()] https://m.facebook.com/dialog/
https://graph.facebook.com/
https://api.facebook.com/restserver.php
https://graph.facebook.com/%s/picture
https://graph.%s
https://graph-video.%s
https://facebook.com
https://accounts.google.com
https://accounts.google.com
https://www.facebook.com
https://www.facebook.com
https://www.googleapis.com/auth/plus.me
https://www.googleapis.com/auth/games
http://plus.google.com/
https://app-measurement.com/a
https://z.moatads.com/
http://www.amazon.com/gp/mas/dl/android?%s
http://play.google.com/store/apps/details?%s
https://www.vungle.com/privacy/
https://www.vungle.com/privacy/
http://lol.vungle.com/
https://api.vungle.com/
https://ads.api.vungle.com/config
http://appreport.naver.jp/creport.nhn
https://api-rangers.line.me
https://api-rangers.line.me
https://api-rangers.line.me
https://api-rangers.line.me
https://api-rangers.line-alpha.me
https://api-rangers.line-alpha.me
https://api-rangers.line-alpha.me
https://api-rangers.line-alpha.me
https://api-rangers.line-beta.me
https://api-rangers.line-beta.me
https://api-rangers.line-beta.me
https://api-rangers.line-beta.me
https://terms2.line.me/LGRGS_term/sp
https://terms2.line-alpha.me/LGRGS_term/sp
https://terms2.line-beta.me/LGRGS_term/sp
https://tx.lbg.play.naver.jp/register/log
http://localhost/
http://localhost/
http://localhost/

[INTERNAL_LOG][2018-06-08 04:11:24,649][INFO][find_url_in_apk()] [END ALL URL INSIDE APK]
[INTERNAL_LOG][2018-06-08 04:11:24,652][INFO][check_method_conf()] [JavaScript enabled: True]

[INTERNAL_LOG][2018-06-08 04:11:24,652][INFO][check_method_conf()] [Add interface WebView: True]

[INTERNAL_LOG][2018-06-08 04:11:24,652][INFO][analyze_start()] This app might be not vulnerable on  attack frame confusion.
[INTERNAL_LOG][2018-06-08 04:11:24,653][INFO][analyze_start()] End time:[Fri Jun  8 04:11:24 2018]
