[INTERNAL_LOG][2018-06-07 22:14:04,782][INFO][analyze_start()] Init Time [Thu Jun  7 22:14:04 2018]
[INTERNAL_LOG][2018-06-07 22:14:04,932][INFO][run()] Start Analysis
[INTERNAL_LOG][2018-06-07 22:14:04,937][INFO][is_hybird()] [Permission Enble Start]
[INTERNAL_LOG][2018-06-07 22:14:04,937][INFO][is_hybird()] android.permission.INTERNET
[INTERNAL_LOG][2018-06-07 22:14:04,937][INFO][is_hybird()] android.permission.WRITE_EXTERNAL_STORAGE
[INTERNAL_LOG][2018-06-07 22:14:04,937][INFO][is_hybird()] android.permission.ACCESS_FINE_LOCATION
[INTERNAL_LOG][2018-06-07 22:14:04,937][INFO][is_hybird()] android.permission.GET_ACCOUNTS
[INTERNAL_LOG][2018-06-07 22:14:04,937][INFO][is_hybird()] android.permission.MANAGE_ACCOUNTS
[INTERNAL_LOG][2018-06-07 22:14:04,937][INFO][is_hybird()] android.permission.AUTHENTICATE_ACCOUNTS
[INTERNAL_LOG][2018-06-07 22:14:04,937][INFO][is_hybird()] android.permission.READ_SYNC_STATS
[INTERNAL_LOG][2018-06-07 22:14:04,937][INFO][is_hybird()] android.permission.READ_SYNC_SETTINGS
[INTERNAL_LOG][2018-06-07 22:14:04,937][INFO][is_hybird()] android.permission.WRITE_SYNC_SETTINGS
[INTERNAL_LOG][2018-06-07 22:14:04,937][INFO][is_hybird()] android.permission.WRITE_CONTACTS
[INTERNAL_LOG][2018-06-07 22:14:04,937][INFO][is_hybird()] android.permission.WAKE_LOCK
[INTERNAL_LOG][2018-06-07 22:14:04,937][INFO][is_hybird()] android.permission.READ_CONTACTS
[INTERNAL_LOG][2018-06-07 22:14:04,937][INFO][is_hybird()] android.permission.READ_CALENDAR
[INTERNAL_LOG][2018-06-07 22:14:04,937][INFO][is_hybird()] android.permission.ACCESS_NETWORK_STATE
[INTERNAL_LOG][2018-06-07 22:14:04,937][INFO][is_hybird()] android.permission.VIBRATE
[INTERNAL_LOG][2018-06-07 22:14:04,937][INFO][is_hybird()] com.google.android.c2dm.permission.RECEIVE
[INTERNAL_LOG][2018-06-07 22:14:04,937][INFO][is_hybird()] com.linkedin.android.permission.C2D_MESSAGE
[INTERNAL_LOG][2018-06-07 22:14:04,937][INFO][is_hybird()] [Permission End]

[INTERNAL_LOG][2018-06-07 22:14:04,937][INFO][analyze_start()] TYPE APK: [ANDROID NATIVE]

[INTERNAL_LOG][2018-06-07 22:14:04,938][INFO][find_string()] [START FILE ANALYZE]
[INTERNAL_LOG][2018-06-07 22:14:04,938][INFO][find_string()] File: assets/templates/first_party_article_template.html
[INTERNAL_LOG][2018-06-07 22:14:04,976][INFO][find_string()] No iframe in assets/templates/first_party_article_template.html
[INTERNAL_LOG][2018-06-07 22:14:04,976][INFO][find_string()] [END ANALYZE FILE]

[INTERNAL_LOG][2018-06-07 22:16:32,245][INFO][find_url_in_apk()] [START ALL URL INSIDE APK]
[INTERNAL_LOG][2018-06-07 22:16:32,245][INFO][find_url_in_apk()] http://schemas.android.com/apk/res/android
https://pagead2.googlesyndication.com/pagead/gen_204?id=gmob-apps
https://plus.google.com/
https://pagead2.googlesyndication.com/pagead/gen_204
http://www.google.com
https://support.google.com/dfp_premium/answer/7160685#push
http://www.example.com
http://www.example.com
http://www.example.com
http://www.example.com
https://googleads.g.doubleclick.net/mads/static/mad/sdk/native/sdk-core-v40.html
https://googleads.g.doubleclick.net/mads/static/mad/sdk/native/mraid/v2/mraid_app_banner.js
https://googleads.g.doubleclick.net/mads/static/mad/sdk/native/mraid/v2/mraid_app_expanded_banner.js
https://googleads.g.doubleclick.net/mads/static/mad/sdk/native/mraid/v2/mraid_app_interstitial.js
https://csi.gstatic.com/csi
https://googleads.g.doubleclick.net/mads/static/mad/sdk/native/native_ads.html
https://googleads.g.doubleclick.net/mads/static/mad/sdk/native/native_video_ads.html
https://www.google.com/dfp/linkDevice
https://www.google.com/dfp/inAppPreview
https://www.google.com/dfp/debugSignals
https://www.google.com/dfp/sendDebugData
https://www.linkedin.com/in/
https://www.linkedin.com/in/
https://www.linkedin.com/in/
https://www.linkedin.com/in/
https://www.linkedin.com/in/
https://www.linkedin.com/in/
https://www.linkedin.com/in/
https://play.google.com/store/apps/details?id=
https://play.google.com/store/apps/details?id=
http://www.w3.org/ns/ttml#parameter
http://www.w3.org/ns/ttml#parameter
http://play.google.com/store/apps/details?
https://play.google.com/store/apps/details?
http://play.google.com/store/search?
https://play.google.com/store/search?
http://play.google.com/store/apps/collection/
https://play.google.com/store/apps/collection/
https://jira01.corp.linkedin.com:8443/issues/?jql=text%%20~%%20%s 
https://www.linkedin-ei.com
https://www.linkedin-ei.com
https://www.linkedin-ei.com
https://www.linkedin-ei.com
https://www.linkedin-ei.com
https://www.linkedin.com
https://www.linkedin.com
https://www.linkedin.com
https://www.linkedin.com
https://www.linkedin.com
https://www.linkedin.com
https://www.linkedin.com
https://www.linkedin.com
https://www.linkedin.com
https://www.linkedin.com
https://www.linkedin.com
https://www.linkedin.com
https://www.linkedin.com
https://www.googleapis.com/auth/games
https://www.bing.com/search?q=%s+stock
https://img.youtube.com/vi/%s/hqdefault.jpg
https://www.youtube.com/watch?v=
https://www.slideshare.net/slideshow/embed_code/
https://www.linkedin.com/help/linkedin/answer/68898
https://www.microsoft.com/maps/assets/docs/terms.aspx
https://www.microsoft.com/maps/assets/docs/terms.aspx
https://www.microsoft.com/maps/assets/docs/terms.aspx
https://www.linkedin.com/jobs/referrals/
https://www.linkedin.com/help/linkedin/answer/82051
https://www.linkedin.com/help/linkedin/answer/90273
https://www.linkedin.com/jobs/view/
https://www.linkedin.com/jobs/view/
https://www.linkedin.com/csp/sct
http://schema.org/ViewAction
http://schema.org/CompletedActionStatus
https://www.linkedin.com/help/linkedin/answer/83130
https://www.twitter.com/
https://www.linkedin.com/help/linkedin/answer/68460
https://www.linkedin.com/help/linkedin/answer/68460
https://www.linkedin.com/help/linkedin/answer/68460
https://www.linkedin.com/public-profile/settings
https://www.linkedin.com/help/linkedin/answer/83/linkedin-public-profile-visibility
https://www.linkedin.com/help/linkedin/answer/81999
https://www.linkedin.com/learning
https://www.linkedin.com/learning
https://www.linkedin.com/learning
https://www.linkedin.com/learning
https://www.linkedin.com/learning
https://stellares.ai/signup?tg=LSD&tsn=li%22
https://linkedin.com/legal/career-advice-additional-terms
https://linkedin.com/legal/career-advice-additional-terms
https://linkedin.com/legal/career-advice-additional-terms
https://linkedin.com/help/linkedin/answer/34327
https://linkedin.com/help/linkedin/answer/34327
https://www.linkedin.com/help/linkedin/answer/70034
https://www.linkedin.com/salary
http://play.google.com/store/apps/details?id=com.linkedin.android.jobs.jobseeker
https://media.licdn.com/media/
https://media.licdn.com/media/
http://image-store.slidesharecdn.com/
http://image-store.slidesharecdn-ei.com/
https://slideshare.www.linkedin.com/upload
https://slideshare.www.linkedin-ei.com/upload
https://media.licdn.com/media{+id}
http://lnkd.in/
http://lnkd.in/
http://lnkd.in/
https://api.apsalar.com/api/v1/launch?
https://api.apsalar.com/api/v1/evt?
https://www.linkedin.com/legal/pop/pop-privacy-policy
https://www.linkedin.com/legal/mobile/sony
https://lix.corp.linkedin.com/%s/tests/%s
http://www.linkedin.com/m/messaging/thread/%s/events/%s
http://dummy-url.com
http://dummy-url.com
https://test
https://www.linkedin.com/sales/messages
https://play.google.com/store/apps/details?id=com.linkedin.android.salesnavigator
https://www.linkedin.com/mob/tracking
https://www.linkedin.com/mob/tracking
https://lix.corp.linkedin.com/api/v2/%s/tests/key/%s/experiments
https://lix.corp.linkedin.com/api/v2/%s/tests/key/%s
https://www.linkedin.com/help/linkedin/answer/75689?query=nearby
https://touch.www.linkedin.com
https://www.linkedin.com/lite/rum-track
https://touch.www.linkedin-ei.com
https://www.linkedin-ei.com/lite/rum-track
https://touch-stg.www.linkedin.com
https://www.linkedin.com/li/track?nc=
https://www.linkedin.com/legal/user-agreement
https://www.linkedin.com/legal/pop/terms-for-paid-services#premium-subscriptions
https://help.linkedin.com/app/answers/detail/a_id/50/ft/eng
https://www.linkedin.com/legal/pop/pop_refund_policy
https://www.linkedin.com/pulse/
https://www.linkedin.com/pulse/
https://www.linkedin.com/pulse/
https://linkedin.com
https://www.linkedin.com/help/linkedin
https://help.linkedin.com/app/mobile/home/auth/false/osType/android/device/
http://10.0.2.2:9000/li/track
https://www.linkedin-ei.com/li/track
https://www.linkedin-ei2.com/li/track
https://www.linkedin.com/li/track
https://support.google.com/websearch/answer/7080164
https://go.corp.linkedin.com/vaalphadebug
https://touch.www.linkedin.com/tosUpdate
https://www.linkedin.com/feed/news/

[INTERNAL_LOG][2018-06-07 22:16:32,245][INFO][find_url_in_apk()] [END ALL URL INSIDE APK]
[INTERNAL_LOG][2018-06-07 22:16:32,256][INFO][check_method_conf()] [JavaScript enabled: True]

[INTERNAL_LOG][2018-06-07 22:16:32,256][INFO][check_method_conf()] [Add interface WebView: True]

[INTERNAL_LOG][2018-06-07 22:16:32,256][INFO][analyze_start()] This app might be not vulnerable on  attack frame confusion.
[INTERNAL_LOG][2018-06-07 22:16:32,257][INFO][analyze_start()] End time:[Thu Jun  7 22:16:32 2018]
