[INTERNAL_LOG][2018-06-08 04:07:27,968][INFO][analyze_start()] Init Time [Fri Jun  8 04:07:27 2018]
[INTERNAL_LOG][2018-06-08 04:07:28,142][INFO][run()] Start Analysis
[INTERNAL_LOG][2018-06-08 04:07:28,146][INFO][is_hybird()] [Permission Enble Start]
[INTERNAL_LOG][2018-06-08 04:07:28,146][INFO][is_hybird()] android.permission.WRITE_EXTERNAL_STORAGE
[INTERNAL_LOG][2018-06-08 04:07:28,146][INFO][is_hybird()] android.permission.READ_EXTERNAL_STORAGE
[INTERNAL_LOG][2018-06-08 04:07:28,147][INFO][is_hybird()] android.permission.INTERNET
[INTERNAL_LOG][2018-06-08 04:07:28,147][INFO][is_hybird()] android.permission.ACCESS_WIFI_STATE
[INTERNAL_LOG][2018-06-08 04:07:28,147][INFO][is_hybird()] android.permission.ACCESS_NETWORK_STATE
[INTERNAL_LOG][2018-06-08 04:07:28,147][INFO][is_hybird()] com.android.vending.BILLING
[INTERNAL_LOG][2018-06-08 04:07:28,147][INFO][is_hybird()] com.google.android.c2dm.permission.RECEIVE
[INTERNAL_LOG][2018-06-08 04:07:28,147][INFO][is_hybird()] android.permission.ACCESS_COARSE_LOCATION
[INTERNAL_LOG][2018-06-08 04:07:28,147][INFO][is_hybird()] com.sec.android.provider.badge.permission.READ
[INTERNAL_LOG][2018-06-08 04:07:28,147][INFO][is_hybird()] com.sec.android.provider.badge.permission.WRITE
[INTERNAL_LOG][2018-06-08 04:07:28,147][INFO][is_hybird()] com.htc.launcher.permission.READ_SETTINGS
[INTERNAL_LOG][2018-06-08 04:07:28,147][INFO][is_hybird()] com.htc.launcher.permission.UPDATE_SHORTCUT
[INTERNAL_LOG][2018-06-08 04:07:28,147][INFO][is_hybird()] com.sonyericsson.home.permission.BROADCAST_BADGE
[INTERNAL_LOG][2018-06-08 04:07:28,147][INFO][is_hybird()] com.sonymobile.home.permission.PROVIDER_INSERT_BADGE
[INTERNAL_LOG][2018-06-08 04:07:28,147][INFO][is_hybird()] com.anddoes.launcher.permission.UPDATE_COUNT
[INTERNAL_LOG][2018-06-08 04:07:28,147][INFO][is_hybird()] com.majeur.launcher.permission.UPDATE_BADGE
[INTERNAL_LOG][2018-06-08 04:07:28,147][INFO][is_hybird()] com.huawei.android.launcher.permission.CHANGE_BADGE
[INTERNAL_LOG][2018-06-08 04:07:28,147][INFO][is_hybird()] com.huawei.android.launcher.permission.READ_SETTINGS
[INTERNAL_LOG][2018-06-08 04:07:28,147][INFO][is_hybird()] com.huawei.android.launcher.permission.WRITE_SETTINGS
[INTERNAL_LOG][2018-06-08 04:07:28,147][INFO][is_hybird()] android.permission.VIBRATE
[INTERNAL_LOG][2018-06-08 04:07:28,147][INFO][is_hybird()] android.permission.WAKE_LOCK
[INTERNAL_LOG][2018-06-08 04:07:28,147][INFO][is_hybird()] android.permission.GET_TASKS
[INTERNAL_LOG][2018-06-08 04:07:28,147][INFO][is_hybird()] com.netmarble.mherosgb.permission.C2D_MESSAGE
[INTERNAL_LOG][2018-06-08 04:07:28,147][INFO][is_hybird()] com.google.android.finsky.permission.BIND_GET_INSTALL_REFERRER_SERVICE
[INTERNAL_LOG][2018-06-08 04:07:28,147][INFO][is_hybird()] android.permission.ACCESS_FINE_LOCATION
[INTERNAL_LOG][2018-06-08 04:07:28,147][INFO][is_hybird()] [Permission End]

[INTERNAL_LOG][2018-06-08 04:07:28,147][INFO][analyze_start()] TYPE APK: [ANDROID NATIVE]

[INTERNAL_LOG][2018-06-08 04:07:28,148][INFO][find_string()] [START FILE ANALYZE]
[INTERNAL_LOG][2018-06-08 04:07:28,148][INFO][find_string()] File: assets/CUDLR/index.html
[INTERNAL_LOG][2018-06-08 04:07:28,148][INFO][find_string()] No iframe in assets/CUDLR/index.html
[INTERNAL_LOG][2018-06-08 04:07:28,149][INFO][find_string()] [END ANALYZE FILE]

[INTERNAL_LOG][2018-06-08 04:07:58,574][INFO][find_url_in_apk()] [START ALL URL INSIDE APK]
[INTERNAL_LOG][2018-06-08 04:07:58,574][INFO][find_url_in_apk()] http://schemas.android.com/apk/res/android
https://graph.%s
https://graph-video.%s
https://facebook.com
https://facebook.com/device?user_code=%1$s&qr=1
https://pagead2.googlesyndication.com/pagead/gen_204?id=gmob-apps
https://accounts.google.com
https://www.facebook.com
https://www.googleapis.com/auth/games
https://www.googleapis.com/auth/games
https://www.googleapis.com/auth/games
https://plus.google.com/
https://www.googleapis.com/auth/drive.file
https://www.googleapis.com/auth/drive.appdata
https://www.googleapis.com/auth/drive
https://www.googleapis.com/auth/drive.apps
https://www.googleapis.com/auth/games_lite
https://www.googleapis.com/auth/games_lite
https://www.googleapis.com/auth/games.firstparty
https://www.googleapis.com/auth/games.firstparty
https://pagead2.googlesyndication.com/pagead/gen_204
http://www.google.com
https://support.google.com/dfp_premium/answer/7160685#push
http://www.example.com
http://www.example.com
https://googleads.g.doubleclick.net/mads/static/mad/sdk/native/sdk-core-v40.html
https://googleads.g.doubleclick.net/mads/static/mad/sdk/native/mraid/v2/mraid_app_banner.js
https://googleads.g.doubleclick.net/mads/static/mad/sdk/native/mraid/v2/mraid_app_expanded_banner.js
https://googleads.g.doubleclick.net/mads/static/mad/sdk/native/mraid/v2/mraid_app_interstitial.js
https://csi.gstatic.com/csi
https://googleads.g.doubleclick.net/mads/static/mad/sdk/native/native_ads.html
https://imasdk.googleapis.com/admob/sdkloader/native_video.html
https://www.google.com/dfp/linkDevice
https://www.google.com/dfp/inAppPreview
https://www.google.com/dfp/debugSignals
https://www.google.com/dfp/sendDebugData
https://www.googleapis.com/auth/plus.login
https://www.googleapis.com/auth/plus.me
http://schemas.android.com/apk/lib/com.google.android.gms.plus
http://schemas.android.com/apk/lib/com.google.android.gms.plus
https://graph.facebook.com/%s/picture?type=%s
https://graph.facebook.com/%s/picture?type=%s
https://graph.facebook.com/%s/picture?type=%s
https://graph.facebook.com/%s/picture?type=%s
https://graph.facebook.com/%s/picture?type=%s
https://mobileauth.netmarble.com
https://mobileapi.netmarble.com/v2/commonCs/getKey
http://receiveRewardOk
http://receiveRewardOk
http://receiveRewardOk
http://receiveRewardOk
http://receiveRewardOk
http://receiveRewardOk
http://receiveRewardOk
http://receiveRewardOk
http://receiveRewardOk
http://receiverewardok
http://receiverewardok
http://receiverewardok
http://receiverewardok
http://receiverewardok
http://receiverewardok
http://receiverewardok
http://receiverewardok
http://receiverewardok
https://e-ssl.apsalar.com/api/v1
https://exceptions.singular.net/v2/exceptions/android
https://playlist.ma.tune.com
https://configuration.ma.tune.com
https://analytics.ma.tune.com/analytics
https://s3.amazonaws.com/uploaded-assets-production
https://connected.ma.tune.com
http://mobileapi.netmarble.com/v2/commonCs/getKey
http://dev-netmarbleslog.netmarble.net/
http://netmarbleslog.netmarble.net/
http://front.netmarble.com
https://cpdev-nmbillgw.netmarble.com
https://nmbillgw.netmarble.com
https://cpdev-nmfraud.netmarble.com/refund/main
https://nmfraud.netmarble.com/refund/main

[INTERNAL_LOG][2018-06-08 04:07:58,574][INFO][find_url_in_apk()] [END ALL URL INSIDE APK]
[INTERNAL_LOG][2018-06-08 04:07:58,579][INFO][check_method_conf()] [JavaScript enabled: True]

[INTERNAL_LOG][2018-06-08 04:07:58,579][INFO][check_method_conf()] [Add interface WebView: True]

[INTERNAL_LOG][2018-06-08 04:07:58,579][INFO][analyze_start()] This app might be not vulnerable on  attack frame confusion.
[INTERNAL_LOG][2018-06-08 04:07:58,579][INFO][analyze_start()] End time:[Fri Jun  8 04:07:58 2018]
