[INTERNAL_LOG][2018-06-08 02:28:40,974][INFO][analyze_start()] Init Time [Fri Jun  8 02:28:40 2018]
[INTERNAL_LOG][2018-06-08 02:28:41,014][INFO][run()] Start Analysis
[INTERNAL_LOG][2018-06-08 02:28:41,015][INFO][is_hybird()] [Permission Enble Start]
[INTERNAL_LOG][2018-06-08 02:28:41,015][INFO][is_hybird()] android.permission.WRITE_EXTERNAL_STORAGE
[INTERNAL_LOG][2018-06-08 02:28:41,015][INFO][is_hybird()] android.permission.SET_WALLPAPER
[INTERNAL_LOG][2018-06-08 02:28:41,016][INFO][is_hybird()] android.permission.WRITE_SETTINGS
[INTERNAL_LOG][2018-06-08 02:28:41,016][INFO][is_hybird()] android.permission.INTERNET
[INTERNAL_LOG][2018-06-08 02:28:41,016][INFO][is_hybird()] android.permission.ACCESS_NETWORK_STATE
[INTERNAL_LOG][2018-06-08 02:28:41,016][INFO][is_hybird()] android.permission.ACCESS_COARSE_LOCATION
[INTERNAL_LOG][2018-06-08 02:28:41,016][INFO][is_hybird()] [Permission End]

[INTERNAL_LOG][2018-06-08 02:28:41,016][INFO][analyze_start()] TYPE APK: [ANDROID NATIVE]

[INTERNAL_LOG][2018-06-08 02:28:41,016][INFO][find_string()] [START FILE ANALYZE]
[INTERNAL_LOG][2018-06-08 02:28:41,016][INFO][find_string()] [END ANALYZE FILE]

[INTERNAL_LOG][2018-06-08 02:28:58,109][INFO][find_url_in_apk()] [START ALL URL INSIDE APK]
[INTERNAL_LOG][2018-06-08 02:28:58,110][INFO][find_url_in_apk()] http://www.dhqsolutions.com/p/privacy-policy.html
http://xmlpull.org/v1/doc/features.html#process-namespaces
http://hostname/?
http://hostname/?
http://www.google-analytics.com
https://ssl.google-analytics.com
https://www.googleapis.com/auth/appstate
https://www.googleapis.com/auth/appstate
https://accounts.google.com
https://www.facebook.com
http://plus.google.com/
https://www.googleapis.com/auth/drive.file
https://www.googleapis.com/auth/drive.appdata
https://www.googleapis.com/auth/drive
https://www.googleapis.com/auth/drive.apps
https://www.googleapis.com/auth/fitness.activity.read
https://www.googleapis.com/auth/fitness.activity.read
https://www.googleapis.com/auth/fitness.activity.write
https://www.googleapis.com/auth/fitness.activity.write
https://www.googleapis.com/auth/fitness.location.read
https://www.googleapis.com/auth/fitness.location.read
https://www.googleapis.com/auth/fitness.location.write
https://www.googleapis.com/auth/fitness.location.write
https://www.googleapis.com/auth/fitness.body.read
https://www.googleapis.com/auth/fitness.body.read
https://www.googleapis.com/auth/fitness.body.write
https://www.googleapis.com/auth/fitness.body.write
https://www.googleapis.com/auth/fitness.nutrition.read
https://www.googleapis.com/auth/fitness.nutrition.read
https://www.googleapis.com/auth/fitness.nutrition.write
https://www.googleapis.com/auth/fitness.nutrition.write
https://www.googleapis.com/auth/games
https://www.googleapis.com/auth/games
https://www.googleapis.com/auth/games.firstparty
https://www.googleapis.com/auth/games.firstparty
https://googleads.g.doubleclick.net/mads/static/mad/sdk/native/sdk-core-v40.html
https://googleads.g.doubleclick.net/mads/static/mad/sdk/native/mraid/v2/mraid_app_banner.js
https://googleads.g.doubleclick.net/mads/static/mad/sdk/native/mraid/v2/mraid_app_expanded_banner.js
https://googleads.g.doubleclick.net/mads/static/mad/sdk/native/mraid/v2/mraid_app_interstitial.js
https://csi.gstatic.com/csi
http://www.google.com
https://www.google-analytics.com
https://www.googleapis.com/auth/plus.login
https://www.googleapis.com/auth/plus.me
http://schemas.android.com/apk/lib/com.google.android.gms.plus
http://schemas.android.com/apk/lib/com.google.android.gms.plus
https://www.googletagmanager.com

[INTERNAL_LOG][2018-06-08 02:28:58,110][INFO][find_url_in_apk()] [END ALL URL INSIDE APK]
[INTERNAL_LOG][2018-06-08 02:28:58,115][INFO][check_method_conf()] [JavaScript enabled: True]

[INTERNAL_LOG][2018-06-08 02:28:58,115][INFO][check_method_conf()] [Add interface WebView: True]

[INTERNAL_LOG][2018-06-08 02:28:58,115][INFO][analyze_start()] This app might be not vulnerable on  attack frame confusion.
[INTERNAL_LOG][2018-06-08 02:28:58,115][INFO][analyze_start()] End time:[Fri Jun  8 02:28:58 2018]
