[INTERNAL_LOG][2018-06-08 00:44:18,104][INFO][analyze_start()] Init Time [Fri Jun  8 00:44:18 2018]
[INTERNAL_LOG][2018-06-08 00:44:18,163][INFO][run()] Start Analysis
[INTERNAL_LOG][2018-06-08 00:44:18,165][INFO][is_hybird()] [Permission Enble Start]
[INTERNAL_LOG][2018-06-08 00:44:18,165][INFO][is_hybird()] android.permission.INTERNET
[INTERNAL_LOG][2018-06-08 00:44:18,165][INFO][is_hybird()] android.permission.WAKE_LOCK
[INTERNAL_LOG][2018-06-08 00:44:18,165][INFO][is_hybird()] android.permission.WRITE_EXTERNAL_STORAGE
[INTERNAL_LOG][2018-06-08 00:44:18,165][INFO][is_hybird()] com.android.vending.BILLING
[INTERNAL_LOG][2018-06-08 00:44:18,165][INFO][is_hybird()] android.permission.RECORD_AUDIO
[INTERNAL_LOG][2018-06-08 00:44:18,165][INFO][is_hybird()] android.permission.ACCESS_NETWORK_STATE
[INTERNAL_LOG][2018-06-08 00:44:18,165][INFO][is_hybird()] android.permission.ACCESS_WIFI_STATE
[INTERNAL_LOG][2018-06-08 00:44:18,165][INFO][is_hybird()] android.permission.BLUETOOTH
[INTERNAL_LOG][2018-06-08 00:44:18,165][INFO][is_hybird()] android.permission.BLUETOOTH_ADMIN
[INTERNAL_LOG][2018-06-08 00:44:18,165][INFO][is_hybird()] android.permission.READ_PHONE_STATE
[INTERNAL_LOG][2018-06-08 00:44:18,165][INFO][is_hybird()] android.permission.READ_EXTERNAL_STORAGE
[INTERNAL_LOG][2018-06-08 00:44:18,166][INFO][is_hybird()] [Permission End]

[INTERNAL_LOG][2018-06-08 00:44:18,166][INFO][analyze_start()] TYPE APK: [ANDROID NATIVE]

[INTERNAL_LOG][2018-06-08 00:44:18,166][INFO][find_string()] [START FILE ANALYZE]
[INTERNAL_LOG][2018-06-08 00:44:18,166][INFO][find_string()] File: assets/consentform.html
[INTERNAL_LOG][2018-06-08 00:44:18,168][INFO][find_string()] No iframe in assets/consentform.html
[INTERNAL_LOG][2018-06-08 00:44:18,168][INFO][find_string()] [END ANALYZE FILE]

[INTERNAL_LOG][2018-06-08 00:44:44,492][INFO][find_url_in_apk()] [START URL LOADED INSIDE LOAD FUNCTION]
[INTERNAL_LOG][2018-06-08 00:44:44,492][INFO][find_url_in_apk()] http://help.pou.me/

[INTERNAL_LOG][2018-06-08 00:44:44,492][INFO][find_url_in_apk()] [END URL LOADED INSIDE LOAD FUNCTION]
[INTERNAL_LOG][2018-06-08 00:44:44,920][ERROR][download_page_loaded()] Failed download: http://help.pou.me/ for exception [Errno 21] Is a directory: 'temp_html_code/html_downloaded_Pou by Zakeh - me/'
[INTERNAL_LOG][2018-06-08 00:44:44,920][INFO][find_string()] [START REMOTE FILE ANALYZE]
[INTERNAL_LOG][2018-06-08 00:44:44,920][INFO][find_string()] [END ANALYZE FILE]

[INTERNAL_LOG][2018-06-08 00:44:44,921][INFO][find_url_in_apk()] [START ALL URL INSIDE APK]
[INTERNAL_LOG][2018-06-08 00:44:44,921][INFO][find_url_in_apk()] http://schemas.android.com/apk/res/android
https://adc3-launch-server-staging.herokuapp.com/v4/launch
https://adc3-launch.adcolony.com/v4/launch
https://wd.adcolony.com/logs
http://www.amazon.com/gp/mas/get-appstore/android/ref=mas_mx_mba_iap_dl
https://mobile-static.adsafeprotected.com/avid-v2.js
http://adservice.google.com/getconfig/pubvendors
https://pagead2.googlesyndication.com/pagead/gen_204?id=gmob-apps
https://plus.google.com/
https://pagead2.googlesyndication.com/pagead/gen_204
http://www.google.com
https://support.google.com/dfp_premium/answer/7160685#push
http://www.example.com
http://www.example.com
https://googleads.g.doubleclick.net/mads/static/mad/sdk/native/sdk-core-v40.html
https://googleads.g.doubleclick.net/mads/static/mad/sdk/native/production/sdk-core-v40-impl.js
https://googleads.g.doubleclick.net/mads/static/mad/sdk/native/mraid/v2/mraid_app_banner.js
https://googleads.g.doubleclick.net/mads/static/mad/sdk/native/mraid/v2/mraid_app_expanded_banner.js
https://googleads.g.doubleclick.net/mads/static/mad/sdk/native/mraid/v2/mraid_app_interstitial.js
https://csi.gstatic.com/csi
https://googleads.g.doubleclick.net/mads/static/mad/sdk/native/native_ads.html
https://googleads.g.doubleclick.net/mads/static/mad/sdk/native/production/native_ads.js
https://imasdk.googleapis.com/admob/sdkloader/native_video.html
https://www.google.com/dfp/linkDevice
https://www.google.com/dfp/inAppPreview
https://www.google.com/dfp/debugSignals
https://www.google.com/dfp/sendDebugData
http://www.google-analytics.com
https://ssl.google-analytics.com
http://img.samsungapps.com/marketing/common/images/logo_on.gif
http://web.teledit.com/Danal/Notice/help/samsung/yak.html
http://api.vungle.com/api/v4/
https://ingest.vungle.com/
http://app.pou.me/
http://s3-ap-southeast-1.amazonaws.com/pou-list-thumbs/
http://s3-ap-southeast-1.amazonaws.com/pou-store-thumbs/
http://www.zazzle.com/api/create/at-238804284116464489?rf=238804284116464489&ax=DesignBlast&sr=250733517293108788&cg=196314461686901523&ed=true&continueUrl=http%3A%2F%2Fwww.zazzle.com%2Fpoustore&rut=Go%20back%20to%20Pou%20Store&fwd=ProductPage&tc=&ic=&t_icon_iid=&icon=
http://hub-odc.samsungapps.com/ods.as
http://help.pou.me/privacy-policy.php
http://help.pou.me/privacy-policy.php
http://help.pou.me/
http://hostname/?
https://mobile.inicis.com/smart/mobile/
https://mobile.inicis.com/smart/mobile/?
https://www.vungle.com/privacy/
https://facebook.com/mypou
https://twitter.com/poualien
http://help.pou.me
http://help.pou.me
https://www.googleapis.com/auth/games_lite
https://www.googleapis.com/auth/games

[INTERNAL_LOG][2018-06-08 00:44:44,921][INFO][find_url_in_apk()] [END ALL URL INSIDE APK]
[INTERNAL_LOG][2018-06-08 00:44:44,924][INFO][check_method_conf()] [JavaScript enabled: True]

[INTERNAL_LOG][2018-06-08 00:44:44,925][INFO][check_method_conf()] [Add interface WebView: True]

[INTERNAL_LOG][2018-06-08 00:44:44,925][INFO][analyze_start()] This app might be not vulnerable on  attack frame confusion.
[INTERNAL_LOG][2018-06-08 00:44:44,925][INFO][analyze_start()] End time:[Fri Jun  8 00:44:44 2018]
