[INTERNAL_LOG][2018-06-07 21:35:26,018][INFO][analyze_start()] Init Time [Thu Jun  7 21:35:26 2018]
[INTERNAL_LOG][2018-06-07 21:35:26,082][INFO][run()] Start Analysis
[INTERNAL_LOG][2018-06-07 21:35:26,082][INFO][is_hybird()] [Permission Enble Start]
[INTERNAL_LOG][2018-06-07 21:35:26,083][INFO][is_hybird()] android.permission.INTERNET
[INTERNAL_LOG][2018-06-07 21:35:26,083][INFO][is_hybird()] android.permission.ACCESS_NETWORK_STATE
[INTERNAL_LOG][2018-06-07 21:35:26,083][INFO][is_hybird()] android.permission.ACCESS_WIFI_STATE
[INTERNAL_LOG][2018-06-07 21:35:26,083][INFO][is_hybird()] com.android.vending.BILLING
[INTERNAL_LOG][2018-06-07 21:35:26,083][INFO][is_hybird()] android.permission.RECEIVE_BOOT_COMPLETED
[INTERNAL_LOG][2018-06-07 21:35:26,083][INFO][is_hybird()] [Permission End]

[INTERNAL_LOG][2018-06-07 21:35:26,083][INFO][analyze_start()] TYPE APK: [ANDROID NATIVE]

[INTERNAL_LOG][2018-06-07 21:35:26,083][INFO][find_string()] [START FILE ANALYZE]
[INTERNAL_LOG][2018-06-07 21:35:26,083][INFO][find_string()] [END ANALYZE FILE]

[INTERNAL_LOG][2018-06-07 21:35:51,055][INFO][find_url_in_apk()] [START ALL URL INSIDE APK]
[INTERNAL_LOG][2018-06-07 21:35:51,055][INFO][find_url_in_apk()] https://live.chartboost.com
http://market.android.com/
https://pagead2.googlesyndication.com/pagead/gen_204?id=gmob-apps
https://accounts.google.com
https://www.facebook.com
https://www.googleapis.com/auth/games
https://www.googleapis.com/auth/games
https://www.googleapis.com/auth/games
https://plus.google.com/
https://www.googleapis.com/auth/drive.file
https://www.googleapis.com/auth/drive.appdata
https://www.googleapis.com/auth/drive
https://www.googleapis.com/auth/drive.apps
https://www.googleapis.com/auth/games_lite
https://www.googleapis.com/auth/games_lite
https://www.googleapis.com/auth/games.firstparty
https://www.googleapis.com/auth/games.firstparty
https://pagead2.googlesyndication.com/pagead/gen_204
http://www.google.com
https://support.google.com/dfp_premium/answer/7160685#push
http://www.example.com
http://www.example.com
https://googleads.g.doubleclick.net/mads/static/mad/sdk/native/sdk-core-v40.html
https://googleads.g.doubleclick.net/mads/static/mad/sdk/native/mraid/v2/mraid_app_banner.js
https://googleads.g.doubleclick.net/mads/static/mad/sdk/native/mraid/v2/mraid_app_expanded_banner.js
https://googleads.g.doubleclick.net/mads/static/mad/sdk/native/mraid/v2/mraid_app_interstitial.js
https://csi.gstatic.com/csi
https://googleads.g.doubleclick.net/mads/static/mad/sdk/native/native_ads.html
https://imasdk.googleapis.com/admob/sdkloader/native_video.html
https://www.google.com/dfp/linkDevice
https://www.google.com/dfp/inAppPreview
https://www.google.com/dfp/debugSignals
https://www.google.com/dfp/sendDebugData
https://config.unityads.unity3d.com/webview/

[INTERNAL_LOG][2018-06-07 21:35:51,055][INFO][find_url_in_apk()] [END ALL URL INSIDE APK]
[INTERNAL_LOG][2018-06-07 21:35:51,063][INFO][check_method_conf()] [JavaScript enabled: True]

[INTERNAL_LOG][2018-06-07 21:35:51,063][INFO][check_method_conf()] [Add interface WebView: True]

[INTERNAL_LOG][2018-06-07 21:35:51,063][INFO][analyze_start()] This app might be not vulnerable on  attack frame confusion.
[INTERNAL_LOG][2018-06-07 21:35:51,063][INFO][analyze_start()] End time:[Thu Jun  7 21:35:51 2018]
