[INTERNAL_LOG][2018-06-08 03:29:08,508][INFO][analyze_start()] Init Time [Fri Jun  8 03:29:08 2018]
[INTERNAL_LOG][2018-06-08 03:29:08,693][INFO][run()] Start Analysis
[INTERNAL_LOG][2018-06-08 03:29:08,698][INFO][is_hybird()] [Permission Enble Start]
[INTERNAL_LOG][2018-06-08 03:29:08,698][INFO][is_hybird()] android.permission.INTERNET
[INTERNAL_LOG][2018-06-08 03:29:08,698][INFO][is_hybird()] android.permission.ACCESS_NETWORK_STATE
[INTERNAL_LOG][2018-06-08 03:29:08,698][INFO][is_hybird()] android.permission.WRITE_EXTERNAL_STORAGE
[INTERNAL_LOG][2018-06-08 03:29:08,698][INFO][is_hybird()] android.permission.READ_EXTERNAL_STORAGE
[INTERNAL_LOG][2018-06-08 03:29:08,698][INFO][is_hybird()] android.permission.VIBRATE
[INTERNAL_LOG][2018-06-08 03:29:08,698][INFO][is_hybird()] com.android.vending.BILLING
[INTERNAL_LOG][2018-06-08 03:29:08,698][INFO][is_hybird()] android.permission.ACCESS_WIFI_STATE
[INTERNAL_LOG][2018-06-08 03:29:08,699][INFO][is_hybird()] android.permission.REQUEST_INSTALL_PACKAGES
[INTERNAL_LOG][2018-06-08 03:29:08,699][INFO][is_hybird()] com.google.android.finsky.permission.BIND_GET_INSTALL_REFERRER_SERVICE
[INTERNAL_LOG][2018-06-08 03:29:08,699][INFO][is_hybird()] [Permission End]

[INTERNAL_LOG][2018-06-08 03:29:08,699][INFO][analyze_start()] TYPE APK: [ANDROID NATIVE]

[INTERNAL_LOG][2018-06-08 03:29:08,699][INFO][find_string()] [START FILE ANALYZE]
[INTERNAL_LOG][2018-06-08 03:29:08,699][INFO][find_string()] [END ANALYZE FILE]

[INTERNAL_LOG][2018-06-08 03:30:07,056][INFO][find_url_in_apk()] [START ALL URL INSIDE APK]
[INTERNAL_LOG][2018-06-08 03:30:07,056][INFO][find_url_in_apk()] http://schemas.android.com/apk/res/android
https://adc3-launch-server-staging.herokuapp.com/v4/launch
https://adc3-launch.adcolony.com/v4/launch
https://adc3-launch.adcolony.com/v4/launch
https://wd.adcolony.com/logs
http://www.amazon.com/gp/mas/get-appstore/android/ref=mas_mx_mba_iap_dl
http://schemas.applovin.com/android/1.0
http://schemas.applovin.com/android/1.0
https://d.applovin.com/
https://a.applovin.com/
https://rt.applovin.com/med
https://rt.applovin.com/pix
https://d.applvn.com/
https://a.applvn.com/
https://rt.applvn.com/pix
https://vid.applovin.com/,https://pdn.applovin.com/,https://img.applovin.com/,https://d.applovin.com/,https://assets.applovin.com/,https://cdnjs.cloudflare.com/,http://vid.applovin.com/,http://pdn.applovin.com/,http://img.applovin.com/,http://d.applovin.com/,http://assets.applovin.com/,http://cdnjs.cloudflare.com/
https://live.chartboost.com
http://market.android.com/
https://play.google.com/store/apps/details?id=%s
https://www.facebook.com/audience_network/server_side_reward
https://www.%s.facebook.com/audience_network/server_side_reward
https://graph.facebook.com/network_ads_common
https://graph.%s.facebook.com/network_ads_common
https://www.facebook.com/adnw_logging/
https://www.%s.facebook.com/adnw_logging/
http://play.google.com/store/apps/
https://www.facebook.com/
https://www.%s.facebook.com
http://www.facebook.com
https://proton.flurry.com/sdk/v1/config
https://data.flurry.com/pcr.do
https://data.flurry.com/aap.do
http://data.flurry.com/aap.do
http://schemas.microsoft.com/DRM/2007/03/protocols/AcquireLicense
http://www.w3.org/ns/ttml#parameter
https://pagead2.googlesyndication.com/pagead/gen_204?id=gmob-apps
https://www.googleapis.com/auth/games
https://www.googleapis.com/auth/games
https://www.googleapis.com/auth/games
https://plus.google.com/
https://www.googleapis.com/auth/drive.file
https://www.googleapis.com/auth/drive.appdata
https://www.googleapis.com/auth/drive
https://www.googleapis.com/auth/drive.apps
https://www.googleapis.com/auth/games_lite
https://www.googleapis.com/auth/games.firstparty
https://www.googleapis.com/auth/games.firstparty
https://pagead2.googlesyndication.com/pagead/gen_204
https://googleads.g.doubleclick.net/mads/static/mad/sdk/native/sdk-core-v40.html
https://googleads.g.doubleclick.net/mads/static/mad/sdk/native/mraid/v2/mraid_app_banner.js
https://googleads.g.doubleclick.net/mads/static/mad/sdk/native/mraid/v2/mraid_app_expanded_banner.js
https://googleads.g.doubleclick.net/mads/static/mad/sdk/native/mraid/v2/mraid_app_interstitial.js
https://csi.gstatic.com/csi
https://googleads.g.doubleclick.net/mads/static/mad/sdk/native/native_ads.html
https://googleads.g.doubleclick.net/mads/static/mad/sdk/native/native_video_ads.html
https://www.google.com/dfp/linkDevice
https://www.google.com/dfp/inAppPreview
https://www.google.com/dfp/debugSignals
https://www.google.com/dfp/sendDebugData
http://www.example.com
http://www.example.com
http://schemas.android.com/apk/lib/com.inmobi.ads
http://schemas.android.com/apk/lib/com.inmobi.ads
https://twitter.com/%s/status/%s
https://www.mopub.com/optout/
https://www.mopub.com/optout/
http://d1byvlfiet2h9q.cloudfront.net/InApp/resources/adInformationDialog3.html
http://www.startapp.com/policy/sdk-policy/
http://www.startapp.com/policy/sdk-policy/
http://info.static.startappservice.com/InApp/resources/info_l.png
https://api.vungle.com/
https://ads.api.vungle.com/config
http://www.w3.org/2000/xmlns/
http://www.w3.org/2000/xmlns/
http://www.google.com
https://support.google.com/dfp_premium/answer/7160685#push
https://i.l.inmobicdn.net/sdk/sdk/500/android/mraid.js
http://i.w.inmobi.com/showad.asm
https://sdktm.w.inmobi.com/sdkpubreq
http://www.inmobi.com/products/sdk/#downloads
http://config.inmobi.com/config-server/v1/config/secure.cfg
https://sdkm.w.inmobi.com/metrics/e.asm?v=1&
https://www.facebook.com/dialog/feed?app_id=181821551957328&link=
https://m.google.com/app/plus/x/?v=compose&content=
http://twitter.com/home?status=
http://dock.inmobi.com/carb/v1/i
http://dock.inmobi.com/carb/v1/o
https://sdkm.w.inmobi.com/user/e.asm
https://mobile-static.adsafeprotected.com/avid-v2.js
https://ads.nexage.com
http://xmlpull.org/v1/doc/features.html#process-namespaces
https://z.moatads.com/
https://z.moatads.com/
https://z.moatads.com/
https://sejs.moatads.com/
https://analytics.mopub.com/i/jot/exchange_client_event
https://www.mopub.com/optout
https://e-ssl.apsalar.com/api/v1
https://exceptions.singular.net/v2/exceptions/android
http://www.dummy.com
http://www.dummy.com
http://play.google.com
https://play.google.com
http://www.startappexchange.com
https://play.google.com/store/apps/details?id=
http://www.amazon.com/gp/mas/dl/android?p=
http://clientlogger-prod.elasticbeanstalk.com/log/
https://tt-rvs.tabtale.info/check
https://tabtale-rvs.tabtale.info/check
https://coco-rvs.tabtale.info/check
https://sunstorm-rvs.tabtale.info/check
http://apache.org/xml/features/nonvalidating/load-external-dtd
http://example.com
https://config.unityads.unity3d.com/webview/
https://www.vungle.com/privacy/
https://www.vungle.com/privacy/
http://lol.vungle.com/
https://sdk.hockeyapp.net/
https://sdk.hockeyapp.net/
https://sdk.hockeyapp.net/
https://sdk.hockeyapp.net/
https://sdk.hockeyapp.net/
https://sdk.hockeyapp.net/
https://sdk.hockeyapp.net/
https://sdk.hockeyapp.net/
https://sdk.hockeyapp.net/
https://gate.hockeyapp.net/v2/track
http://127.0.0.1
http://localhost/
http://localhost/
http://localhost/

[INTERNAL_LOG][2018-06-08 03:30:07,056][INFO][find_url_in_apk()] [END ALL URL INSIDE APK]
[INTERNAL_LOG][2018-06-08 03:30:07,061][INFO][check_method_conf()] [JavaScript enabled: True]

[INTERNAL_LOG][2018-06-08 03:30:07,061][INFO][check_method_conf()] [Add interface WebView: True]

[INTERNAL_LOG][2018-06-08 03:30:07,061][INFO][analyze_start()] This app might be not vulnerable on  attack frame confusion.
[INTERNAL_LOG][2018-06-08 03:30:07,061][INFO][analyze_start()] End time:[Fri Jun  8 03:30:07 2018]
