[INTERNAL_LOG][2018-06-08 03:22:48,250][INFO][analyze_start()] Init Time [Fri Jun  8 03:22:48 2018]
[INTERNAL_LOG][2018-06-08 03:22:48,274][INFO][run()] Start Analysis
[INTERNAL_LOG][2018-06-08 03:22:48,274][INFO][is_hybird()] [Permission Enble Start]
[INTERNAL_LOG][2018-06-08 03:22:48,274][INFO][is_hybird()] android.permission.INTERNET
[INTERNAL_LOG][2018-06-08 03:22:48,275][INFO][is_hybird()] android.permission.VIBRATE
[INTERNAL_LOG][2018-06-08 03:22:48,275][INFO][is_hybird()] android.permission.WRITE_EXTERNAL_STORAGE
[INTERNAL_LOG][2018-06-08 03:22:48,275][INFO][is_hybird()] android.permission.GET_ACCOUNTS
[INTERNAL_LOG][2018-06-08 03:22:48,275][INFO][is_hybird()] android.permission.ACCESS_NETWORK_STATE
[INTERNAL_LOG][2018-06-08 03:22:48,275][INFO][is_hybird()] [Permission End]

[INTERNAL_LOG][2018-06-08 03:22:48,275][INFO][analyze_start()] TYPE APK: [ANDROID NATIVE]

[INTERNAL_LOG][2018-06-08 03:22:48,275][INFO][find_string()] [START FILE ANALYZE]
[INTERNAL_LOG][2018-06-08 03:22:48,275][INFO][find_string()] [END ANALYZE FILE]

[INTERNAL_LOG][2018-06-08 03:22:49,795][INFO][find_url_in_apk()] [START ALL URL INSIDE APK]
[INTERNAL_LOG][2018-06-08 03:22:49,796][INFO][find_url_in_apk()] https://proton.flurry.com/sdk/v1/config
https://data.flurry.com/pcr.do
http://data.flurry.com/aap.do
https://data.flurry.com/aap.do

[INTERNAL_LOG][2018-06-08 03:22:49,796][INFO][find_url_in_apk()] [END ALL URL INSIDE APK]
[INTERNAL_LOG][2018-06-08 03:22:49,796][INFO][check_method_conf()] [JavaScript enabled: False]

[INTERNAL_LOG][2018-06-08 03:22:49,796][INFO][check_method_conf()] [Add interface WebView: False]

[INTERNAL_LOG][2018-06-08 03:22:49,796][INFO][analyze_start()] This app might be not vulnerable on  attack frame confusion.
[INTERNAL_LOG][2018-06-08 03:22:49,796][INFO][analyze_start()] End time:[Fri Jun  8 03:22:49 2018]
