[INTERNAL_LOG][2018-06-07 22:10:53,938][INFO][analyze_start()] Init Time [Thu Jun  7 22:10:53 2018]
[INTERNAL_LOG][2018-06-07 22:10:54,132][INFO][run()] Start Analysis
[INTERNAL_LOG][2018-06-07 22:10:54,138][INFO][is_hybird()] [Permission Enble Start]
[INTERNAL_LOG][2018-06-07 22:10:54,138][INFO][is_hybird()] com.sgiggle.production.permission.C2D_MESSAGE
[INTERNAL_LOG][2018-06-07 22:10:54,138][INFO][is_hybird()] com.google.android.c2dm.permission.RECEIVE
[INTERNAL_LOG][2018-06-07 22:10:54,138][INFO][is_hybird()] android.permission.INTERNET
[INTERNAL_LOG][2018-06-07 22:10:54,138][INFO][is_hybird()] android.permission.RECEIVE_SMS
[INTERNAL_LOG][2018-06-07 22:10:54,138][INFO][is_hybird()] android.permission.WRITE_EXTERNAL_STORAGE
[INTERNAL_LOG][2018-06-07 22:10:54,138][INFO][is_hybird()] android.permission.READ_LOGS
[INTERNAL_LOG][2018-06-07 22:10:54,138][INFO][is_hybird()] android.permission.RECORD_AUDIO
[INTERNAL_LOG][2018-06-07 22:10:54,138][INFO][is_hybird()] android.permission.CAMERA
[INTERNAL_LOG][2018-06-07 22:10:54,138][INFO][is_hybird()] android.permission.MODIFY_AUDIO_SETTINGS
[INTERNAL_LOG][2018-06-07 22:10:54,138][INFO][is_hybird()] android.permission.PROCESS_OUTGOING_CALLS
[INTERNAL_LOG][2018-06-07 22:10:54,139][INFO][is_hybird()] android.permission.READ_PHONE_STATE
[INTERNAL_LOG][2018-06-07 22:10:54,139][INFO][is_hybird()] android.permission.ACCESS_WIFI_STATE
[INTERNAL_LOG][2018-06-07 22:10:54,139][INFO][is_hybird()] android.permission.RECEIVE_BOOT_COMPLETED
[INTERNAL_LOG][2018-06-07 22:10:54,139][INFO][is_hybird()] android.permission.READ_CONTACTS
[INTERNAL_LOG][2018-06-07 22:10:54,139][INFO][is_hybird()] android.permission.READ_CALL_LOG
[INTERNAL_LOG][2018-06-07 22:10:54,139][INFO][is_hybird()] android.permission.READ_PROFILE
[INTERNAL_LOG][2018-06-07 22:10:54,139][INFO][is_hybird()] android.permission.WAKE_LOCK
[INTERNAL_LOG][2018-06-07 22:10:54,139][INFO][is_hybird()] android.permission.DISABLE_KEYGUARD
[INTERNAL_LOG][2018-06-07 22:10:54,139][INFO][is_hybird()] android.permission.VIBRATE
[INTERNAL_LOG][2018-06-07 22:10:54,139][INFO][is_hybird()] android.permission.CHANGE_WIFI_STATE
[INTERNAL_LOG][2018-06-07 22:10:54,139][INFO][is_hybird()] android.permission.ACCESS_NETWORK_STATE
[INTERNAL_LOG][2018-06-07 22:10:54,139][INFO][is_hybird()] android.permission.CHANGE_NETWORK_STATE
[INTERNAL_LOG][2018-06-07 22:10:54,139][INFO][is_hybird()] android.permission.SEND_SMS
[INTERNAL_LOG][2018-06-07 22:10:54,139][INFO][is_hybird()] android.permission.READ_SMS
[INTERNAL_LOG][2018-06-07 22:10:54,139][INFO][is_hybird()] android.permission.WRITE_SMS
[INTERNAL_LOG][2018-06-07 22:10:54,139][INFO][is_hybird()] android.permission.RECEIVE_MMS
[INTERNAL_LOG][2018-06-07 22:10:54,139][INFO][is_hybird()] android.permission.BROADCAST_STICKY
[INTERNAL_LOG][2018-06-07 22:10:54,139][INFO][is_hybird()] com.android.launcher.permission.INSTALL_SHORTCUT
[INTERNAL_LOG][2018-06-07 22:10:54,140][INFO][is_hybird()] com.sec.android.provider.badge.permission.READ
[INTERNAL_LOG][2018-06-07 22:10:54,140][INFO][is_hybird()] com.sec.android.provider.badge.permission.WRITE
[INTERNAL_LOG][2018-06-07 22:10:54,140][INFO][is_hybird()] com.google.android.providers.gsf.permission.READ_GSERVICES
[INTERNAL_LOG][2018-06-07 22:10:54,140][INFO][is_hybird()] android.permission.GET_ACCOUNTS
[INTERNAL_LOG][2018-06-07 22:10:54,140][INFO][is_hybird()] android.permission.WRITE_CONTACTS
[INTERNAL_LOG][2018-06-07 22:10:54,140][INFO][is_hybird()] android.permission.MANAGE_ACCOUNTS
[INTERNAL_LOG][2018-06-07 22:10:54,140][INFO][is_hybird()] android.permission.AUTHENTICATE_ACCOUNTS
[INTERNAL_LOG][2018-06-07 22:10:54,140][INFO][is_hybird()] android.permission.READ_SYNC_SETTINGS
[INTERNAL_LOG][2018-06-07 22:10:54,140][INFO][is_hybird()] android.permission.WRITE_SYNC_SETTINGS
[INTERNAL_LOG][2018-06-07 22:10:54,140][INFO][is_hybird()] android.permission.BLUETOOTH
[INTERNAL_LOG][2018-06-07 22:10:54,140][INFO][is_hybird()] com.android.vending.BILLING
[INTERNAL_LOG][2018-06-07 22:10:54,140][INFO][is_hybird()] android.permission.ACCESS_FINE_LOCATION
[INTERNAL_LOG][2018-06-07 22:10:54,140][INFO][is_hybird()] android.permission.ACCESS_COARSE_LOCATION
[INTERNAL_LOG][2018-06-07 22:10:54,140][INFO][is_hybird()] com.sonyericsson.home.permission.BROADCAST_BADGE
[INTERNAL_LOG][2018-06-07 22:10:54,140][INFO][is_hybird()] android.permission.SYSTEM_ALERT_WINDOW
[INTERNAL_LOG][2018-06-07 22:10:54,140][INFO][is_hybird()] android.permission.READ_EXTERNAL_STORAGE
[INTERNAL_LOG][2018-06-07 22:10:54,140][INFO][is_hybird()] [Permission End]

[INTERNAL_LOG][2018-06-07 22:10:54,140][INFO][analyze_start()] TYPE APK: [ANDROID NATIVE]

[INTERNAL_LOG][2018-06-07 22:10:54,140][INFO][find_string()] [START FILE ANALYZE]
[INTERNAL_LOG][2018-06-07 22:10:54,141][INFO][find_string()] File: assets/licenses.html
[INTERNAL_LOG][2018-06-07 22:10:54,142][INFO][find_string()] No iframe in assets/licenses.html
[INTERNAL_LOG][2018-06-07 22:10:54,142][INFO][find_string()] File: res/raw/youtube_player.html
[INTERNAL_LOG][2018-06-07 22:10:54,143][INFO][find_string()] No iframe in res/raw/youtube_player.html
[INTERNAL_LOG][2018-06-07 22:10:54,143][INFO][find_string()] [END ANALYZE FILE]

[INTERNAL_LOG][2018-06-07 22:12:16,818][INFO][find_url_in_apk()] [START URL LOADED INSIDE LOAD FUNCTION]
[INTERNAL_LOG][2018-06-07 22:12:16,819][INFO][find_url_in_apk()] https://www.facebook.com/146783862004264

[INTERNAL_LOG][2018-06-07 22:12:16,819][INFO][find_url_in_apk()] [END URL LOADED INSIDE LOAD FUNCTION]
[INTERNAL_LOG][2018-06-07 22:12:18,833][INFO][find_string()] [START REMOTE FILE ANALYZE]
[INTERNAL_LOG][2018-06-07 22:12:18,833][INFO][find_string()] Remote File in: temp_html_code/html_downloaded_Tango - Live Video Broadcast by Tango - com/146783862004264
[INTERNAL_LOG][2018-06-07 22:12:18,834][INFO][find_string()] URL: https://www.facebook.com/146783862004264
[INTERNAL_LOG][2018-06-07 22:12:18,905][INFO][find_string()] No iframe in temp_html_code/html_downloaded_Tango - Live Video Broadcast by Tango - com/146783862004264
[INTERNAL_LOG][2018-06-07 22:12:18,905][INFO][find_string()] [END ANALYZE FILE]

[INTERNAL_LOG][2018-06-07 22:12:18,905][INFO][find_url_in_apk()] [START ALL URL INSIDE APK]
[INTERNAL_LOG][2018-06-07 22:12:18,905][INFO][find_url_in_apk()] http://schemas.android.com/apk/res/android
http://www.gstatic.com/android/sms/mms_ua_profile.xml
http://www.gstatic.com/android/sms/mms_ua_profile.xml
https://app.adjust.com
https://admin.appnext.com/AdminService.asmx/SetRL?guid=
https://admin.appnext.com/AdminService.asmx/SetRL?guid=
https://admin.appnext.com/AdminService.asmx/SetOpenV1
https://admin.appnext.com/AdminService.asmx/SetOpenV1
https://admin.appnext.com/AdminService.asmx/
https://admin.appnext.com/AdminService.asmx/
https://www.appnext.com/privacy_policy/index.html?z=
https://global.appnext.com
https://cdn.appnext.com/tools/sdk/config/2.2.4
https://cdn.appnext.com/tools/sdk/config/2.2.4
https://cdn.appnext.com/tools/sdk/config/2.2.4/native_ads_config.txt
http://apis.appnxt.net:443
https://api.appnxt.net
http://cdn.appnext.com/tools/services/4.6.7/config.json?packageId=
http://cdn.appnext.com/tools/services/4.6.7/plist.zip
https://admin.appnext.com/AdminService.asmx/bns
https://admin.appnext.com/tools/navtac.html?bid=
https://play.google.com/store/apps/
https://admin.appnext.com/tp12.aspx?tid=%s&vid=%s&osid=%s&auid=%s&session_id=%s&pid=%s&ref=%s&ads_type=%s&bid=%s&cid=%s
http://www.appnext.com/myid.html
http://www.appnext.com/myid.html
https://cdn.appnext.com/banner/appnext.mp4
https://ups.ksmobile.net/csk_search/getversions.php
http://dl.cm.ksmobile.com/static/res/fixed/d7/cskconfigurations.json
http://extern.yahoo.com/c?
http://extern.yahoo.com/b?
https://play.google.com/store/apps/details?id=%s
https://www.facebook.com/audience_network/server_side_reward
https://www.%s.facebook.com/audience_network/server_side_reward
https://graph.facebook.com/network_ads_common
https://graph.%s.facebook.com/network_ads_common
https://www.facebook.com/adnw_logging/
https://www.%s.facebook.com/adnw_logging/
http://play.google.com/store/apps/
https://www.facebook.com/
https://www.%s.facebook.com
http://www.facebook.com
https://graph.%s
https://graph-video.%s
https://facebook.com
http://play.google.com/store/apps/details?id=com.facebook.orca
https://mobileconfiguration.blob.core.windows.net/
https://mobileconfiguration.blob.core.windows.net/
https://api.
https://filedrop.
https://metrics.
https://px.
https://thumbs.{domainName}/{gfyName}-mobile.mp4
https://thumbs.{domainName}/{gfyName}-max-1mb.gif 
https://thumbs.{domainName}/{gfyName}-small.gif
https://thumbs.{domainName}/{gfyName}-size_restricted.gif
https://thumbs.{domainName}/{gfyName}.webp
https://thumbs.{domainName}/{gfyName}-transparent.png
https://thumbs.{domainName}/{gfyName}-mobile.jpg
http://www.w3.org/ns/ttml#parameter
https://pagead2.googlesyndication.com/pagead/gen_204?id=gmob-apps
http://www.tango.me/android/lowmem
http://play.google.com
http://play.google.com
https://play.google.com/store/apps/details?id=
http://install.tango.me/?src=sdk-android
https://accounts.google.com
https://www.facebook.com
https://www.googleapis.com/auth/games
https://plus.google.com/
https://pagead2.googlesyndication.com/pagead/gen_204
http://www.google.com
https://support.google.com/dfp_premium/answer/7160685#push
https://app-measurement.com/a
https://www.google.com
http://www.example.com
http://www.example.com
https://googleads.g.doubleclick.net/mads/static/mad/sdk/native/sdk-core-v40.html
https://googleads.g.doubleclick.net/mads/static/mad/sdk/native/mraid/v2/mraid_app_banner.js
https://googleads.g.doubleclick.net/mads/static/mad/sdk/native/mraid/v2/mraid_app_expanded_banner.js
https://googleads.g.doubleclick.net/mads/static/mad/sdk/native/mraid/v2/mraid_app_interstitial.js
https://csi.gstatic.com/csi
https://googleads.g.doubleclick.net/mads/static/mad/sdk/native/native_ads.html
https://imasdk.googleapis.com/admob/sdkloader/native_video.html
https://www.google.com/dfp/linkDevice
https://www.google.com/dfp/inAppPreview
https://www.google.com/dfp/debugSignals
https://www.google.com/dfp/sendDebugData
http://play.google.com/store/apps/details
http://www.youtube.com/watch?v=
http://www.youtube.com/watch?v=
http://www.youtube.com/watch?v=
http://www.youtube.com/watch?v=
http://www.youtube.com/watch?v=
http://www.youtube.com/watch?v=
http://www.youtube.com/watch?v=
http://www.youtube.com/watch?v=
http://www.youtube.com/watch?v=
http://img.youtube.com/vi/
http://img.youtube.com/vi/
http://img.youtube.com/vi/
http://maps.google.com/maps
http://maps.google.com/maps
http://maps.google.com/maps
http://maps.google.com/maps?&daddr=%s %s, %s %s  (%s)
http://maps.google.com/maps?&daddr=%s %s, %s %s  (%s)
http://maps.google.com/maps?&daddr=%s %s, %s %s  (%s)
https://m.uber.com/sign-up?client_id=
https://www.google.com/calendar
http://trailers.inmoji.com/westworldmedia/164751_high.mp4
http://html5demos.com/assets/dizzy.mp4
https://trailers.inmoji.com/westworldmedia/%s_high.mp4
https://trailers.inmoji.com/westworldmedia/%s_high.mp4
http://xmlpull.org/v1/doc/features.html#process-namespaces
https://opentable.herokuapp.com/api/restaurants
https://api.pingup.com/v1/places
https://api.pingup.com/v1/places
http://inmoji.com/privacy.html
http://inmoji.com/terms.html
https://api.uber.com/v1/estimates/price?start_latitude=
https://maps.googleapis.com/maps/api/staticmap
https://sandbox.inmoji.com/api/v1
http://sandbox.inmoji.com/api/v1
https://api.inmoji.com/api/v1
http://api.inmoji.com/api/v1
https://www.youtube.com
https://apps.kiwiapp.mobi/api/partners/auth
https://api.paypal.com/v1/tracking/events
https://cms.paypal.com/jp/cgi-bin/marketingweb?cmd=_render-content&content_ID=ua/Legal_Hub_full&locale.x=ja_JP
https://www.paypal.jp/jp/contents/regulation/info/overseas-remittance/
https://cms.paypal.com/jp/cgi-bin/marketingweb?cmd=_render-content&content_ID=ua/Legal_Hub_full&locale.x=en_US
https://uri.paypal.com/services/payments/funding-options
https://uri.paypal.com/services/pos/payments
https://uri.paypal.com/services/mis/customer
https://uri.paypal.com/services/wallet/financial-instruments/view
https://uri.paypal.com/services/wallet/sendmoney
https://uri.paypal.com/services/wallet/money-request/requests
https://uri.paypal.com/services/loyalty/memberships/update
https://uri.paypal.com/services/expresscheckout
http://cancelurl
http://returnurl
https://uri.paypal.com/services/payments/futurepayments
https://uri.paypal.com/services/paypalattributes
https://www.paypal.com/%s/cgi-bin/webscr?cmd=p/gen/ua/policy_privacy-outside
https://api-m.paypal.com/v1/
https://api-m.sandbox.paypal.com/v1/
https://uri.paypal.com/services/payments/basic
https://www.paypal.com/signup/account?country.x=%s&locale.x=%s
https://www.paypal.com/webapps/accountrecovery/passwordrecovery
https://www.paypal.com/%s/cgi-bin/webscr?cmd=_account-recovery&from=%s&locale.x=%s
https://www.paypal.com/%s/webapps/mpp/ua/useragreement-full
https://svcs.paypal.com/AccessControl/LogRiskMetadata
https://b.stats.paypal.com/counter.cgi?p=
https://www.paypalobjects.com/webstatic/risk/dyson_config_android_v3.json
https://panelist.placed.com/api/v2/
https://s3.amazonaws.com/placed-inference/zoning_data/tiles_r58/
https://panelist.placed.com/api/v2
http://10.0.2.2:8080/api/v2
http://api.placed.com/api/v2/sync/impression
https://www.facebook.com/146783862004264
http://v.tango.net/
http://support.tango.me/entries/104495593-Why-am-I-seeing-ads
http://www.tango.me/
http://www.tango.me/
https://app.adjust.com/kixl28_b13hqg
https://maps.google.com/maps
https://maps.google.com/maps
http://bit.ly/2aPubmO
http://bit.ly/2aPubmO
http://bit.ly/2bofRDW
http://bit.ly/2bofRDW
http://bit.ly/2bofRDW
http://bit.ly/2bdsQb5
https://37968.api-01.com/serve?action=click&publisher_id=37968&site_id=59118&offer_id=298674&destination_id=72174&android_id=$ANDROID_ID&sub_campaign=Tango&sub_site=Tango&my_campaign=Tango&my_publisher=Tango
http://www.tango.me/support/verify
http://schema.org/ViewAction
https://fb.me/706124232823347
http://resources.tango.me/tango_invite.png
http://support.tango.me/entries/24923712--Android-I-m-getting-Error-62-what-should-I-do-
http://bit.ly/2dnPGRB
https://api.twitter.com/1.1/account/verify_credentials.json
https://api.twitter.com
https://syndication.twitter.com
http://extern.yahoo.com/b
http://extern.yahoo.com/c
http://extern.yahoo.com/p
https://syndication.site.yahoo.net/sapps/api/v1
https://e.crashlytics.com/spi/v2/events
https://settings.crashlytics.com/spi/v2/platforms/android/apps/%s/settings
http://checkip.amazonaws.com/
https://bin5y4muil.execute-api.us-east-1.amazonaws.com/prod/sdk-settings
https://bin5y4muil.execute-api.us-east-1.amazonaws.com/prod/locations/
http://localhost/
http://localhost/
http://localhost/

[INTERNAL_LOG][2018-06-07 22:12:18,905][INFO][find_url_in_apk()] [END ALL URL INSIDE APK]
[INTERNAL_LOG][2018-06-07 22:12:18,920][INFO][check_method_conf()] [JavaScript enabled: True]

[INTERNAL_LOG][2018-06-07 22:12:18,920][INFO][check_method_conf()] [Add interface WebView: True]

[INTERNAL_LOG][2018-06-07 22:12:18,921][INFO][analyze_start()] This app might be not vulnerable on  attack frame confusion.
[INTERNAL_LOG][2018-06-07 22:12:18,921][INFO][analyze_start()] End time:[Thu Jun  7 22:12:18 2018]
