[INTERNAL_LOG][2018-06-07 21:18:36,227][INFO][analyze_start()] Init Time [Thu Jun  7 21:18:36 2018]
[INTERNAL_LOG][2018-06-07 21:18:36,345][INFO][run()] Start Analysis
[INTERNAL_LOG][2018-06-07 21:18:36,348][INFO][is_hybird()] [Permission Enble Start]
[INTERNAL_LOG][2018-06-07 21:18:36,349][INFO][is_hybird()] com.weather.Weather.permission.RECEIVE_ADM_MESSAGE
[INTERNAL_LOG][2018-06-07 21:18:36,349][INFO][is_hybird()] android.permission.INTERNET
[INTERNAL_LOG][2018-06-07 21:18:36,349][INFO][is_hybird()] android.permission.ACCESS_COARSE_LOCATION
[INTERNAL_LOG][2018-06-07 21:18:36,349][INFO][is_hybird()] android.permission.ACCESS_FINE_LOCATION
[INTERNAL_LOG][2018-06-07 21:18:36,349][INFO][is_hybird()] android.permission.ACCESS_NETWORK_STATE
[INTERNAL_LOG][2018-06-07 21:18:36,349][INFO][is_hybird()] android.permission.ACCESS_WIFI_STATE
[INTERNAL_LOG][2018-06-07 21:18:36,349][INFO][is_hybird()] android.permission.RECEIVE_BOOT_COMPLETED
[INTERNAL_LOG][2018-06-07 21:18:36,349][INFO][is_hybird()] android.permission.VIBRATE
[INTERNAL_LOG][2018-06-07 21:18:36,349][INFO][is_hybird()] com.google.android.c2dm.permission.RECEIVE
[INTERNAL_LOG][2018-06-07 21:18:36,349][INFO][is_hybird()] android.permission.USE_CREDENTIALS
[INTERNAL_LOG][2018-06-07 21:18:36,349][INFO][is_hybird()] com.weather.Weather.permission.C2D_MESSAGE
[INTERNAL_LOG][2018-06-07 21:18:36,349][INFO][is_hybird()] android.permission.WAKE_LOCK
[INTERNAL_LOG][2018-06-07 21:18:36,349][INFO][is_hybird()] com.google.android.providers.gsf.permission.READ_GSERVICES
[INTERNAL_LOG][2018-06-07 21:18:36,349][INFO][is_hybird()] com.amazon.device.messaging.permission.RECEIVE
[INTERNAL_LOG][2018-06-07 21:18:36,349][INFO][is_hybird()] android.permission.READ_CALENDAR
[INTERNAL_LOG][2018-06-07 21:18:36,349][INFO][is_hybird()] com.google.android.finsky.permission.BIND_GET_INSTALL_REFERRER_SERVICE
[INTERNAL_LOG][2018-06-07 21:18:36,349][INFO][is_hybird()] [Permission End]

[INTERNAL_LOG][2018-06-07 21:18:36,349][INFO][analyze_start()] TYPE APK: [ANDROID NATIVE]

[INTERNAL_LOG][2018-06-07 21:18:36,349][INFO][find_string()] [START FILE ANALYZE]
[INTERNAL_LOG][2018-06-07 21:18:36,349][INFO][find_string()] [END ANALYZE FILE]

[INTERNAL_LOG][2018-06-07 21:19:49,743][INFO][find_url_in_apk()] [START ALL URL INSIDE APK]
[INTERNAL_LOG][2018-06-07 21:19:49,744][INFO][find_url_in_apk()] http://schemas.android.com/apk/res/android
http://schemas.dtb.amazon.com/apk/res/android
https://api.%s/install_data/v3/
https://attr.%s/api/v
https://t.%s/api/v
https://events.%s/api/v
https://register.%s/api/v
https://stats.%s/stats
https://onelink.%s/shortlink-sdk/v1
https://monitorsdk.%s/remote-debug?app_id=
https://sb.scorecardresearch.com/p2?
http://b.scorecardresearch.com/p2?
https://udm.scorecardresearch.com/offline
http://udm.scorecardresearch.com/offline
https://www.facebook.com/audience_network/server_side_reward
https://www.%s.facebook.com/audience_network/server_side_reward
http://play.google.com/store/apps/
https://www.facebook.com/
https://www.%s.facebook.com
https://graph.facebook.com/network_ads_common
https://graph.%s.facebook.com/network_ads_common
https://www.facebook.com/adnw_logging/
https://www.%s.facebook.com/adnw_logging/
http://www.facebook.com
https://graph.%s
https://graph-video.%s
https://facebook.com
https://facebook.com/device?user_code=%1$s&qr=1
https://pagead2.googlesyndication.com/pagead/gen_204
https://googleads.g.doubleclick.net/mads/static/mad/sdk/native/sdk-core-v40.html
https://googleads.g.doubleclick.net/mads/static/mad/sdk/native/production/sdk-core-v40-impl.js
https://googleads.g.doubleclick.net/mads/static/mad/sdk/native/mraid/v2/mraid_app_banner.js
https://googleads.g.doubleclick.net/mads/static/mad/sdk/native/mraid/v2/mraid_app_expanded_banner.js
https://googleads.g.doubleclick.net/mads/static/mad/sdk/native/mraid/v2/mraid_app_interstitial.js
https://csi.gstatic.com/csi
https://googleads.g.doubleclick.net/mads/static/mad/sdk/native/native_ads.html
https://googleads.g.doubleclick.net/mads/static/mad/sdk/native/production/native_ads.js
https://imasdk.googleapis.com/admob/sdkloader/native_video.html
https://www.google.com/dfp/linkDevice
https://www.google.com/dfp/inAppPreview
https://www.google.com/dfp/debugSignals
https://www.google.com/dfp/sendDebugData
http://www.example.com
http://www.example.com
https://www.googleapis.com/auth/plus.login
https://www.googleapis.com/auth/plus.me
https://www.mapbox.com/map-feedback/#/%f/%f/%d
https://www.mapbox.com/map-feedback
https://www.mapbox.com/map-feedback
https://twitter.com/%s/status/%s
https://api.mapbox.com/
https://weather.com
https://weather.com
https://weather.com
https://weather.com
https://weather.com
https://weather.com
https://weather.com
https://weather.com
https://weather.com
https://weather.com
https://weather.com
https://weather.com
https://weather.com
https://dsx.weather.com/cms/v4/a/
https://dsx.weather.com/cms/v4/a/
https://dsx.weather.com/cms/v4/
https://weather.com%s
https://weather.com%s
http://api.weather.com/v3/TileServer
https://location.wfxtriggers.com
https://bcp.crwdcntrl.net/5/c=7053/mid=%s/dt=GAID/e=app/%s
https://triggers.weather.com/json/?resp_type=json
https://triggers.weather.com/json/?resp_type=json&zip=
http://dsx.weather.com/util/images/m/%1$s,%2$s?api=
https://dsx.weather.com/util/v2/image-set/m2/%1$s,%2$s?api=
https://weather.com/article//dwi-news/news/huracán-polo-¿otra-amenaza-para-baja-california-2014...
https://weather.com/article//dwi-news/news/huracán-polo-¿otra-amenaza-para-baja-california-2014...
http://dsx01.int.aws.weather.com/util/image/w/a46084a9-06f8-4706-aafa-ceb89b82dd1f.jpg?v=at&amp;...
http://dsx01.int.aws.weather.com/util/image/w/a46084a9-06f8-4706-aafa-ceb89b82dd1f.jpg?v=at&amp;...
https://api.weather.com/v1/geocode/%s/%s/notifications.json?apiKey=%s&language=%s
https://api.weather.com/v1/geocode/%s/%s/notifications.json?apiKey=%s&language=%s
https://maps.googleapis.com
https://maps.googleapis.com
https://api.weather.com/v2/vector-api
https://api.weather.com/v2/vector-api
https://api.weather.com/v3/TileServer
https://api.weather.com/v3/TileServer
https://dsx-stage.weather.com/cms/v4/
https://dsx-stage.weather.com/cms/v4/
http://localhost/
http://localhost/
http://localhost/
https://ads.flurry.com/v16/getAds.do
http://ads.flurry.com/v16/getAds.do
https://adlog.flurry.com
http://adlog.flurry.com
https://www.tumblr.com/oauth/access_token
https://www.tumblr.com/oauth/authorize?oauth_token=%s
https://api.tumblr.com/v2/blog/
https://api.tumblr.com/v2/blog/
https://www.tumblr.com/oauth/request_token
https://api.tumblr.com/v2/user/info
http://www.tumblr.com/connect/login_success.html
https://play.google.com/store/apps/details?id=
http://xmlpull.org/v1/doc/features.html#process-namespaces
https://proton.flurry.com/sdk/v1/config
https://data.flurry.com/pcr.do
http://data.flurry.com/aap.do
https://data.flurry.com/aap.do
https://cdn.flurry.com/vast/videocontrols/v2/android.zip
http://www.w3.org/ns/ttml#parameter
http://www.w3.org/ns/ttml#parameter
https://pagead2.googlesyndication.com/pagead/gen_204?id=gmob-apps
https://www.googleapis.com/auth/games_lite
https://www.googleapis.com/auth/games
https://plus.google.com/
http://www.google.com
http://www.google.com
https://support.google.com/dfp_premium/answer/7160685#push
https://app-measurement.com/a
https://www.google.com
https://proxy.uat.widevine.com/proxy
https://imasdk.googleapis.com/native/sdkloader/native_sdk_v3.html
https://imasdk.googleapis.com/native/sdkloader/native_sdk_v3_debug.html
http://www.dom.com/path?
https://mobile-static.adsafeprotected.com/avid-v2.js
https://events.mapbox.com
https://px.moatads.com/pixel.gif?e=0&i=MOATSDK1&ac=1
https://z.moatads.com/
https://analytics.mopub.com/i/jot/exchange_client_event
https://www.mopub.com/optout
https://www.mopub.com/optout/
https://www.mopub.com/optout/
https://api.weather.com/v2/maps/dynamic/
http://www.ibm.com/watson
http://www.bom.gov.au/data-access/3rd-party-attribution.shtml
https://ad.crwdcntrl.net/5/c=2215/tp=TWCN/mid=%s/e=app/pe=y
https://dsx.weather.com
https://dsx.weather.com
https://weather.com/health/pollen/forecast/%s
https://weather.com/weather/today/%s
https://weather.com/weather/map/interactive/l/%s
https://weather.com/video/%s
https://weather.com/mobile/android/maps4_2_2/webmaps.html
http://redcross.org/mobile/
https://dsx.weather.com/cms/v4/a/{LOCALE}/?api={API_KEY}&pg=0%2C10&q=type%3A%24in%28%27article%27%29%3Btags.storm%3A%24in%28%27{STORM_ID}%27%29&sort=-lastmodifieddate
https://dsx.weather.com/cms/v4/a/{LOCALE}/
https://weather.com/safety/hurricane
https://dsx.weather.com/util/image/map/tree_pol_1280x720.jpg
https://dsx.weather.com/util/image/map/grass_pol_1280x720.jpg
https://dsx.weather.com/util/image/map/rag_pol_1280x720.jpg
https://i.imwx.com/images/maps/pt_BR/health/forresp_720x486.jpg
https://i.imwx.com/images/maps/pt_BR/health/mold_spore_720x486.jpg
https://v.w-x.co/app_redesign_android_800.mp4
http://bit.ly/1EUioyQ
https://weather.com/storms/tornado/?intref=twcandroid
https://mobilesvc.sickweather.com/ws/v1.1/submitReport.php
https://mobilesvc.sickweather.com/ws/v1.1/submitReport.php
https://c00.adobe.com/v2/us/c6c392fa-1f93-4812-8682-24dd050b49c1/webfooterI/i/295646461
http://c00.adobe.com/9933ac58-35d5-41b5-80a8-93f2a0ff4ca1/webfooterA/g/com.weather.Weather
https://api.weather.com/v2/maps/dynamic?geocode={LAT},{LON}&h={HEIGHT}&w={WIDTH}&lod={LOD}&product={PRODUCT}&language={LANG}&apiKey={KEY}
https://api.weather.com/v2/maps/dynamic?geocode={LAT},{LON}&h={HEIGHT}&w={WIDTH}&lod={LOD}&product={PRODUCT}&language={LANG}&apiKey={KEY}
https://feedback.weather.com/customer/en/portal/articles/2932684-what-happened-to-the-profile-login-?b_id=13293
http://survey.foreseeresults.com/survey/display?cid=KQSramEereeZ8BQS8jPwzw==&sid=android_app_twc&cpp[visitorid]={VISITOR_ID}&cpp[device]=android_phone
http://survey.foreseeresults.com/survey/display?cid=KQSramEereeZ8BQS8jPwzw==&sid=android_app_twc&cpp[visitorid]={VISITOR_ID}&cpp[device]=android_phone
http://dsx.weather.com/cms/assets/topstories?api=c58dba3f-01b0-45a6-bd9b-3a113dec4508
http://dsx.weather.com/cms/v4/a/%1$s?api=c58dba3f-01b0-45a6-bd9b-3a113dec4508
https://dsx.weather.com/cms/assets/slideshow
https://graph.facebook.com/
https://dsx-secure.weather.com
http://metrics.twcmobile.weather.com
https://de.ioam.de/tx.io
https://config.ioam.de/appcfg.php
https://iam-agof-app.irquest.com/agof-qds/v3/measure
https://iam-agof-app.irquest.com/agof-qds/v3

[INTERNAL_LOG][2018-06-07 21:19:49,744][INFO][find_url_in_apk()] [END ALL URL INSIDE APK]
[INTERNAL_LOG][2018-06-07 21:19:49,771][INFO][check_method_conf()] [JavaScript enabled: True]

[INTERNAL_LOG][2018-06-07 21:19:49,772][INFO][check_method_conf()] [Add interface WebView: True]

[INTERNAL_LOG][2018-06-07 21:19:49,772][INFO][analyze_start()] This app might be not vulnerable on  attack frame confusion.
[INTERNAL_LOG][2018-06-07 21:19:49,772][INFO][analyze_start()] End time:[Thu Jun  7 21:19:49 2018]
