[INTERNAL_LOG][2018-06-07 23:09:45,856][INFO][analyze_start()] Init Time [Thu Jun  7 23:09:45 2018]
[INTERNAL_LOG][2018-06-07 23:09:45,936][INFO][run()] Start Analysis
[INTERNAL_LOG][2018-06-07 23:09:45,936][INFO][is_hybird()] [Permission Enble Start]
[INTERNAL_LOG][2018-06-07 23:09:45,936][INFO][is_hybird()] android.permission.WRITE_EXTERNAL_STORAGE
[INTERNAL_LOG][2018-06-07 23:09:45,937][INFO][is_hybird()] android.permission.INTERNET
[INTERNAL_LOG][2018-06-07 23:09:45,937][INFO][is_hybird()] android.permission.WAKE_LOCK
[INTERNAL_LOG][2018-06-07 23:09:45,937][INFO][is_hybird()] android.permission.ACCESS_NETWORK_STATE
[INTERNAL_LOG][2018-06-07 23:09:45,937][INFO][is_hybird()] android.permission.VIBRATE
[INTERNAL_LOG][2018-06-07 23:09:45,937][INFO][is_hybird()] com.ea.game.simpsons4_row.permission.C2D_MESSAGE
[INTERNAL_LOG][2018-06-07 23:09:45,937][INFO][is_hybird()] com.google.android.c2dm.permission.RECEIVE
[INTERNAL_LOG][2018-06-07 23:09:45,937][INFO][is_hybird()] com.android.vending.BILLING
[INTERNAL_LOG][2018-06-07 23:09:45,937][INFO][is_hybird()] android.permission.ACCESS_WIFI_STATE
[INTERNAL_LOG][2018-06-07 23:09:45,937][INFO][is_hybird()] [Permission End]

[INTERNAL_LOG][2018-06-07 23:09:45,937][INFO][analyze_start()] TYPE APK: [ANDROID NATIVE]

[INTERNAL_LOG][2018-06-07 23:09:45,937][INFO][find_string()] [START FILE ANALYZE]
[INTERNAL_LOG][2018-06-07 23:09:45,937][INFO][find_string()] File: res/raw-da/help.html
[INTERNAL_LOG][2018-06-07 23:09:45,938][INFO][find_string()] No iframe in res/raw-da/help.html
[INTERNAL_LOG][2018-06-07 23:09:45,938][INFO][find_string()] File: res/raw-de/help.html
[INTERNAL_LOG][2018-06-07 23:09:45,939][INFO][find_string()] No iframe in res/raw-de/help.html
[INTERNAL_LOG][2018-06-07 23:09:45,939][INFO][find_string()] File: res/raw-en/help.html
[INTERNAL_LOG][2018-06-07 23:09:45,940][INFO][find_string()] No iframe in res/raw-en/help.html
[INTERNAL_LOG][2018-06-07 23:09:45,940][INFO][find_string()] File: res/raw-es/help.html
[INTERNAL_LOG][2018-06-07 23:09:45,941][INFO][find_string()] No iframe in res/raw-es/help.html
[INTERNAL_LOG][2018-06-07 23:09:45,942][INFO][find_string()] File: res/raw-fr/help.html
[INTERNAL_LOG][2018-06-07 23:09:45,942][INFO][find_string()] No iframe in res/raw-fr/help.html
[INTERNAL_LOG][2018-06-07 23:09:45,942][INFO][find_string()] File: res/raw-it/help.html
[INTERNAL_LOG][2018-06-07 23:09:45,943][INFO][find_string()] No iframe in res/raw-it/help.html
[INTERNAL_LOG][2018-06-07 23:09:45,943][INFO][find_string()] File: res/raw-kh-rCN/help.html
[INTERNAL_LOG][2018-06-07 23:09:45,944][INFO][find_string()] No iframe in res/raw-kh-rCN/help.html
[INTERNAL_LOG][2018-06-07 23:09:45,945][INFO][find_string()] File: res/raw-ko/help.html
[INTERNAL_LOG][2018-06-07 23:09:45,946][INFO][find_string()] No iframe in res/raw-ko/help.html
[INTERNAL_LOG][2018-06-07 23:09:45,946][INFO][find_string()] File: res/raw-nb/help.html
[INTERNAL_LOG][2018-06-07 23:09:45,947][INFO][find_string()] No iframe in res/raw-nb/help.html
[INTERNAL_LOG][2018-06-07 23:09:45,947][INFO][find_string()] File: res/raw-nl/help.html
[INTERNAL_LOG][2018-06-07 23:09:45,948][INFO][find_string()] No iframe in res/raw-nl/help.html
[INTERNAL_LOG][2018-06-07 23:09:45,949][INFO][find_string()] File: res/raw-nn/help.html
[INTERNAL_LOG][2018-06-07 23:09:45,950][INFO][find_string()] No iframe in res/raw-nn/help.html
[INTERNAL_LOG][2018-06-07 23:09:45,950][INFO][find_string()] File: res/raw-no/help.html
[INTERNAL_LOG][2018-06-07 23:09:45,951][INFO][find_string()] No iframe in res/raw-no/help.html
[INTERNAL_LOG][2018-06-07 23:09:45,951][INFO][find_string()] File: res/raw-pt-rPT/help.html
[INTERNAL_LOG][2018-06-07 23:09:45,952][INFO][find_string()] No iframe in res/raw-pt-rPT/help.html
[INTERNAL_LOG][2018-06-07 23:09:45,952][INFO][find_string()] File: res/raw-pt/help.html
[INTERNAL_LOG][2018-06-07 23:09:45,953][INFO][find_string()] No iframe in res/raw-pt/help.html
[INTERNAL_LOG][2018-06-07 23:09:45,953][INFO][find_string()] File: res/raw-ru/help.html
[INTERNAL_LOG][2018-06-07 23:09:45,954][INFO][find_string()] No iframe in res/raw-ru/help.html
[INTERNAL_LOG][2018-06-07 23:09:45,954][INFO][find_string()] File: res/raw-sv/help.html
[INTERNAL_LOG][2018-06-07 23:09:45,955][INFO][find_string()] No iframe in res/raw-sv/help.html
[INTERNAL_LOG][2018-06-07 23:09:45,955][INFO][find_string()] File: res/raw-th/help.html
[INTERNAL_LOG][2018-06-07 23:09:45,956][INFO][find_string()] No iframe in res/raw-th/help.html
[INTERNAL_LOG][2018-06-07 23:09:45,956][INFO][find_string()] File: res/raw-tr/help.html
[INTERNAL_LOG][2018-06-07 23:09:45,957][INFO][find_string()] No iframe in res/raw-tr/help.html
[INTERNAL_LOG][2018-06-07 23:09:45,957][INFO][find_string()] File: res/raw-zh-rCN/help.html
[INTERNAL_LOG][2018-06-07 23:09:45,999][INFO][find_string()] No iframe in res/raw-zh-rCN/help.html
[INTERNAL_LOG][2018-06-07 23:09:45,999][INFO][find_string()] File: res/raw-zh-rTW/help.html
[INTERNAL_LOG][2018-06-07 23:09:46,000][INFO][find_string()] No iframe in res/raw-zh-rTW/help.html
[INTERNAL_LOG][2018-06-07 23:09:46,000][INFO][find_string()] File: res/raw-zh/help.html
[INTERNAL_LOG][2018-06-07 23:09:46,003][INFO][find_string()] No iframe in res/raw-zh/help.html
[INTERNAL_LOG][2018-06-07 23:09:46,003][INFO][find_string()] File: res/raw/help.html
[INTERNAL_LOG][2018-06-07 23:09:46,005][INFO][find_string()] No iframe in res/raw/help.html
[INTERNAL_LOG][2018-06-07 23:09:46,005][INFO][find_string()] [END ANALYZE FILE]

[INTERNAL_LOG][2018-06-07 23:10:18,326][INFO][find_url_in_apk()] [START ALL URL INSIDE APK]
[INTERNAL_LOG][2018-06-07 23:10:18,326][INFO][find_url_in_apk()] http://schemas.android.com/apk/res/android
http://www.amazon.com/gp/mas/get-appstore/android/ref=mas_mx_mba_iap_dl
http://www.ea.com
http://www.ea.com
http://cdn.skum.eamobile.com
http://cdn.skum.eamobile.com
https://syn-dir.sn.eamobile.com
https://director-int.sn.eamobile.com
https://director-stage.sn.eamobile.com
http://www.namcogames.com
https://graph.%s
https://graph-video.%s
https://facebook.com
http://play.google.com/store/apps/details?id=com.facebook.orca
http://hostname/?
http://hostname/?
http://www.google-analytics.com
https://ssl.google-analytics.com
https://accounts.google.com
https://accounts.google.com
https://www.facebook.com
https://www.facebook.com
https://www.googleapis.com/auth/plus.me
https://www.googleapis.com/auth/plus.me
https://www.googleapis.com/auth/games
https://www.googleapis.com/auth/games
https://www.googleapis.com/auth/games
http://plus.google.com/
https://www.googleapis.com/auth/drive.file
https://www.googleapis.com/auth/drive.appdata
https://www.googleapis.com/auth/drive
https://www.googleapis.com/auth/drive.apps
https://www.googleapis.com/auth/fitness.activity.read
https://www.googleapis.com/auth/fitness.activity.read
https://www.googleapis.com/auth/fitness.activity.write
https://www.googleapis.com/auth/fitness.activity.write
https://www.googleapis.com/auth/fitness.location.read
https://www.googleapis.com/auth/fitness.location.read
https://www.googleapis.com/auth/fitness.location.write
https://www.googleapis.com/auth/fitness.location.write
https://www.googleapis.com/auth/fitness.body.read
https://www.googleapis.com/auth/fitness.body.read
https://www.googleapis.com/auth/fitness.body.write
https://www.googleapis.com/auth/fitness.body.write
https://www.googleapis.com/auth/fitness.nutrition.read
https://www.googleapis.com/auth/fitness.nutrition.read
https://www.googleapis.com/auth/fitness.nutrition.write
https://www.googleapis.com/auth/fitness.nutrition.write
https://www.googleapis.com/auth/games.firstparty
https://www.googleapis.com/auth/games.firstparty
https://googleads.g.doubleclick.net/mads/static/mad/sdk/native/sdk-core-v40.html
https://googleads.g.doubleclick.net/mads/static/mad/sdk/native/mraid/v2/mraid_app_banner.js
https://googleads.g.doubleclick.net/mads/static/mad/sdk/native/mraid/v2/mraid_app_expanded_banner.js
https://googleads.g.doubleclick.net/mads/static/mad/sdk/native/mraid/v2/mraid_app_interstitial.js
https://csi.gstatic.com/csi
http://www.google.com
https://app-measurement.com/a
https://www.googleapis.com/auth/plus.login
http://schemas.android.com/apk/lib/com.google.android.gms.plus
http://schemas.android.com/apk/lib/com.google.android.gms.plus
https://www.googletagmanager.com
https://e.crashlytics.com/spi/v2/events
https://settings.crashlytics.com/spi/v2/platforms/android/apps/%s/settings

[INTERNAL_LOG][2018-06-07 23:10:18,326][INFO][find_url_in_apk()] [END ALL URL INSIDE APK]
[INTERNAL_LOG][2018-06-07 23:10:18,332][INFO][check_method_conf()] [JavaScript enabled: True]

[INTERNAL_LOG][2018-06-07 23:10:18,332][INFO][check_method_conf()] [Add interface WebView: True]

[INTERNAL_LOG][2018-06-07 23:10:18,332][INFO][analyze_start()] This app might be not vulnerable on  attack frame confusion.
[INTERNAL_LOG][2018-06-07 23:10:18,332][INFO][analyze_start()] End time:[Thu Jun  7 23:10:18 2018]
