[INTERNAL_LOG][2018-06-08 03:05:01,769][INFO][analyze_start()] Init Time [Fri Jun  8 03:05:01 2018]
[INTERNAL_LOG][2018-06-08 03:05:01,931][INFO][run()] Start Analysis
[INTERNAL_LOG][2018-06-08 03:05:01,932][INFO][is_hybird()] [Permission Enble Start]
[INTERNAL_LOG][2018-06-08 03:05:01,932][INFO][is_hybird()] android.permission.WRITE_EXTERNAL_STORAGE
[INTERNAL_LOG][2018-06-08 03:05:01,932][INFO][is_hybird()] android.permission.ACCESS_NETWORK_STATE
[INTERNAL_LOG][2018-06-08 03:05:01,932][INFO][is_hybird()] android.permission.ACCESS_WIFI_STATE
[INTERNAL_LOG][2018-06-08 03:05:01,932][INFO][is_hybird()] android.permission.INTERNET
[INTERNAL_LOG][2018-06-08 03:05:01,932][INFO][is_hybird()] android.permission.WAKE_LOCK
[INTERNAL_LOG][2018-06-08 03:05:01,932][INFO][is_hybird()] com.android.vending.CHECK_LICENSE
[INTERNAL_LOG][2018-06-08 03:05:01,932][INFO][is_hybird()] com.google.android.c2dm.permission.RECEIVE
[INTERNAL_LOG][2018-06-08 03:05:01,932][INFO][is_hybird()] com.android.vending.BILLING
[INTERNAL_LOG][2018-06-08 03:05:01,932][INFO][is_hybird()] [Permission End]

[INTERNAL_LOG][2018-06-08 03:05:01,932][INFO][analyze_start()] TYPE APK: [ANDROID NATIVE]

[INTERNAL_LOG][2018-06-08 03:05:01,932][INFO][find_string()] [START FILE ANALYZE]
[INTERNAL_LOG][2018-06-08 03:05:01,932][INFO][find_string()] [END ANALYZE FILE]

[INTERNAL_LOG][2018-06-08 03:05:26,393][INFO][find_url_in_apk()] [START ALL URL INSIDE APK]
[INTERNAL_LOG][2018-06-08 03:05:26,393][INFO][find_url_in_apk()] https://e.crashlytics.com/spi/v2/events
https://settings.crashlytics.com/spi/v2/platforms/android/apps/%s/settings
http://xml.org/sax/features/string-interning
http://xml.org/sax/features/string-interning
http://apache.org/xml/features/allow-java-encodings
http://apache.org/xml/features/allow-java-encodings
http://java.sun.com/xml/stream/properties/report-cdata-event
http://java.sun.com/xml/stream/properties/report-cdata-event
http://java.sun.com/xml/stream/properties/ignore-external-dtd
http://java.sun.com/xml/stream/properties/ignore-external-dtd
http://apache.org/xml/features/validation/warn-on-duplicate-attdef
http://apache.org/xml/features/warn-on-duplicate-entitydef
http://apache.org/xml/features/warn-on-duplicate-entitydef
http://apache.org/xml/features/validation/warn-on-undeclared-elemdef
http://java.sun.com/xml/stream/properties/implementation-name
http://java.sun.com/xml/stream/properties/implementation-name
http://java.sun.com/xml/stream/properties/outputstream
http://apache.org/xml/features/namespaces
http://apache.org/xml/properties/internal/stax-entity-resolver
http://apache.org/xml/properties/internal/stax-entity-resolver
http://apache.org/xml/features/continue-after-fatal-error
http://apache.org/xml/properties/internal/error-handler
http://www.w3.org/TR/1998/REC-xml-19980210
http://www.w3.org/TR/1998/REC-xml-19980210
http://www.w3.org/TR/1998/REC-xml-19980210
http://www.w3.org/TR/1998/REC-xml-19980210
http://www.w3.org/TR/1998/REC-xml-19980210
http://www.w3.org/TR/1998/REC-xml-19980210
http://www.w3.org/TR/1998/REC-xml-19980210
http://www.w3.org/TR/1998/REC-xml-19980210
http://www.w3.org/TR/1998/REC-xml-19980210
http://www.w3.org/TR/1998/REC-xml-19980210
http://www.w3.org/TR/1998/REC-xml-19980210
http://www.w3.org/TR/1998/REC-xml-19980210
http://www.w3.org/TR/1998/REC-xml-19980210
http://www.w3.org/TR/1998/REC-xml-19980210
http://apache.org/xml/properties/internal/symbol-table
http://apache.org/xml/properties/internal/symbol-table
http://apache.org/xml/properties/internal/symbol-table
http://apache.org/xml/properties/internal/symbol-table
http://apache.org/xml/properties/internal/symbol-table
http://apache.org/xml/properties/internal/symbol-table
http://apache.org/xml/properties/internal/symbol-table
http://apache.org/xml/properties/internal/symbol-table
http://apache.org/xml/properties/internal/error-reporter
http://apache.org/xml/properties/internal/error-reporter
http://apache.org/xml/properties/internal/error-reporter
http://apache.org/xml/properties/internal/error-reporter
http://apache.org/xml/properties/internal/error-reporter
http://apache.org/xml/properties/internal/error-reporter
http://apache.org/xml/properties/internal/error-reporter
http://apache.org/xml/properties/internal/error-reporter
http://apache.org/xml/properties/internal/entity-manager
http://apache.org/xml/properties/internal/entity-manager
http://apache.org/xml/properties/internal/entity-manager
http://apache.org/xml/properties/internal/entity-manager
http://xml.org/sax/features/validation
http://xml.org/sax/features/validation
http://xml.org/sax/features/validation
http://apache.org/xml/features/scanner/notify-char-refs
http://apache.org/xml/features/scanner/notify-char-refs
http://xml.org/sax/features/namespaces
http://apache.org/xml/features/scanner/notify-builtin-refs
http://apache.org/xml/features/nonvalidating/load-external-dtd
http://apache.org/xml/features/disallow-doctype-decl
http://apache.org/xml/properties/internal/dtd-scanner
http://apache.org/xml/properties/internal/validation-manager
http://apache.org/xml/properties/internal/validation-manager
http://xml.org/sax/features/external-general-entities
http://xml.org/sax/features/external-parameter-entities
http://apache.org/xml/properties/internal/entity-resolver
http://apache.org/xml/properties/input-buffer-size
http://www.w3.org/TR/1999/REC-xml-names-19990114
http://www.w3.org/TR/1999/REC-xml-names-19990114
http://www.w3.org/2000/xmlns/
http://www.w3.org/2000/xmlns/
http://www.w3.org/XML/1998/namespace
http://schemas.applovin.com/android/1.0
http://schemas.applovin.com/android/1.0
https://d.applovin.com/
https://a.applovin.com/
https://rt.applovin.com/med
https://rt.applovin.com/pix
https://d.applvn.com/
https://a.applvn.com/
https://rt.applvn.com/pix
https://vid.applovin.com/,https://pdn.applovin.com/,https://img.applovin.com/,https://d.applovin.com/,https://assets.applovin.com/,https://cdnjs.cloudflare.com/,http://vid.applovin.com/,http://pdn.applovin.com/,http://img.applovin.com/,http://d.applovin.com/,http://assets.applovin.com/,http://cdnjs.cloudflare.com/
https://m.facebook.com/dialog/
https://graph.facebook.com/
https://api.facebook.com/restserver.php
https://graph.facebook.com/%s/picture
https://graph.%s
https://graph-video.%s
https://facebook.com
https://accounts.google.com
https://www.facebook.com
https://www.googleapis.com/auth/plus.me
https://www.googleapis.com/auth/games
https://www.googleapis.com/auth/games
https://www.googleapis.com/auth/games
http://plus.google.com/
https://www.googleapis.com/auth/games.firstparty
https://www.googleapis.com/auth/games.firstparty
http://www.example.com
http://www.example.com
https://googleads.g.doubleclick.net/mads/static/mad/sdk/native/sdk-core-v40.html
https://googleads.g.doubleclick.net/mads/static/mad/sdk/native/mraid/v2/mraid_app_banner.js
https://googleads.g.doubleclick.net/mads/static/mad/sdk/native/mraid/v2/mraid_app_expanded_banner.js
https://googleads.g.doubleclick.net/mads/static/mad/sdk/native/mraid/v2/mraid_app_interstitial.js
https://csi.gstatic.com/csi
https://sb-ssl.google.com/safebrowsing/clientreport/malware
https://pagead2.googlesyndication.com/pagead/gen_204
http://www.google.com
https://track.atom-data.io
https://track.atom-data.io
https://track.atom-data.io
https://outcome.supersonicads.com/mediation/
https://outcome.supersonicads.com/mediation/
https://init.supersonicads.com/sdk/v
https://www.supersonicads.com/mobile/sdk5/log?method=
https://www.supersonicads.com/mobile/sdk5/log?method=
https://www.supersonicads.com/mobile/sdk5/log?method=
https://www.supersonicads.com/mobile/sdk5/log?method=
https://www.supersonicads.com/mobile/sdk5/log?method=
https://www.supersonicads.com/mobile/sdk5/log?method=
https://www.supersonicads.com/mobile/sdk5/log?method=
https://www.supersonicads.com/mobile/sdk5/log?method=
https://www.supersonicads.com/mobile/sdk5/log?method=injectJavaScript
https://www.supersonicads.com/mobile/sdk5/log?method=extraParametersToJson
https://www.supersonicads.com/mobile/sdk5/log?method=noProductType
https://www.supersonicads.com/mobile/sdk5/log?method=encodeAppUserId
https://www.supersonicads.com/mobile/sdk5/log?method=encodeAppKey
https://www.supersonicads.com/mobile/sdk5/log?method=setWebViewSettings
https://www.supersonicads.com/mobile/sdk5/log?method=webviewLoadBlank
https://www.supersonicads.com/mobile/sdk5/log?method=webviewLoadWithPath
https://www.supersonicads.com/mobile/sdk5/log?method=htmlControllerDoesNotExistOnFileSystem
https://www.supersonicads.com/mobile/sdk5/log?method=webviewPause
https://www.supersonicads.com/mobile/sdk5/log?method=webviewResume
https://config.unityads.unity3d.com/webview/

[INTERNAL_LOG][2018-06-08 03:05:26,393][INFO][find_url_in_apk()] [END ALL URL INSIDE APK]
[INTERNAL_LOG][2018-06-08 03:05:26,396][INFO][check_method_conf()] [JavaScript enabled: True]

[INTERNAL_LOG][2018-06-08 03:05:26,396][INFO][check_method_conf()] [Add interface WebView: True]

[INTERNAL_LOG][2018-06-08 03:05:26,396][INFO][analyze_start()] This app might be not vulnerable on  attack frame confusion.
[INTERNAL_LOG][2018-06-08 03:05:26,396][INFO][analyze_start()] End time:[Fri Jun  8 03:05:26 2018]
