[INTERNAL_LOG][2018-06-08 00:54:54,741][INFO][analyze_start()] Init Time [Fri Jun  8 00:54:54 2018]
[INTERNAL_LOG][2018-06-08 00:54:54,893][INFO][is_hybird()] [Permission Enble Start]
[INTERNAL_LOG][2018-06-08 00:54:54,893][INFO][run()] Start Analysis
[INTERNAL_LOG][2018-06-08 00:54:54,894][INFO][is_hybird()] android.permission.WAKE_LOCK
[INTERNAL_LOG][2018-06-08 00:54:54,894][INFO][is_hybird()] android.permission.READ_PHONE_STATE
[INTERNAL_LOG][2018-06-08 00:54:54,894][INFO][is_hybird()] android.permission.MODIFY_AUDIO_SETTINGS
[INTERNAL_LOG][2018-06-08 00:54:54,894][INFO][is_hybird()] android.permission.SET_ORIENTATION
[INTERNAL_LOG][2018-06-08 00:54:54,894][INFO][is_hybird()] android.permission.INTERNET
[INTERNAL_LOG][2018-06-08 00:54:54,894][INFO][is_hybird()] android.permission.ACCESS_NETWORK_STATE
[INTERNAL_LOG][2018-06-08 00:54:54,894][INFO][is_hybird()] android.permission.VIBRATE
[INTERNAL_LOG][2018-06-08 00:54:54,894][INFO][is_hybird()] android.permission.WRITE_EXTERNAL_STORAGE
[INTERNAL_LOG][2018-06-08 00:54:54,894][INFO][is_hybird()] com.android.vending.CHECK_LICENSE
[INTERNAL_LOG][2018-06-08 00:54:54,894][INFO][is_hybird()] com.android.vending.BILLING
[INTERNAL_LOG][2018-06-08 00:54:54,894][INFO][is_hybird()] com.android.alarm.permission.SET_ALARM
[INTERNAL_LOG][2018-06-08 00:54:54,894][INFO][is_hybird()] android.permission.WAKE_LOCK
[INTERNAL_LOG][2018-06-08 00:54:54,894][INFO][is_hybird()] android.permission.INTERNET
[INTERNAL_LOG][2018-06-08 00:54:54,894][INFO][is_hybird()] android.permission.WRITE_EXTERNAL_STORAGE
[INTERNAL_LOG][2018-06-08 00:54:54,895][INFO][is_hybird()] android.permission.ACCESS_NETWORK_STATE
[INTERNAL_LOG][2018-06-08 00:54:54,895][INFO][is_hybird()] android.permission.VIBRATE
[INTERNAL_LOG][2018-06-08 00:54:54,895][INFO][is_hybird()] android.permission.ACCESS_WIFI_STATE
[INTERNAL_LOG][2018-06-08 00:54:54,895][INFO][is_hybird()] android.permission.READ_PHONE_STATE
[INTERNAL_LOG][2018-06-08 00:54:54,895][INFO][is_hybird()] [Permission End]

[INTERNAL_LOG][2018-06-08 00:54:54,895][INFO][analyze_start()] TYPE APK: [ANDROID NATIVE]

[INTERNAL_LOG][2018-06-08 00:54:54,895][INFO][find_string()] [START FILE ANALYZE]
[INTERNAL_LOG][2018-06-08 00:54:54,895][INFO][find_string()] File: js/closebutton.html
[INTERNAL_LOG][2018-06-08 00:54:54,895][INFO][find_string()] No iframe in js/closebutton.html
[INTERNAL_LOG][2018-06-08 00:54:54,896][INFO][find_string()] [END ANALYZE FILE]

[INTERNAL_LOG][2018-06-08 00:55:38,908][INFO][find_url_in_apk()] [START ALL URL INSIDE APK]
[INTERNAL_LOG][2018-06-08 00:55:38,908][INFO][find_url_in_apk()] http://schemas.applovin.com/android/1.0
http://schemas.applovin.com/android/1.0
http://d.applovin.com/
http://a.applovin.com/
https://vid.applovin.com/,https://pdn.applovin.com/,https://img.applovin.com/,https://d.applovin.com/,https://assets.applovin.com/,https://cdnjs.cloudflare.com/,http://vid.applovin.com/,http://pdn.applovin.com/,http://img.applovin.com/,http://d.applovin.com/,http://assets.applovin.com/,http://cdnjs.cloudflare.com/
http://rt.applovin.com/pix
http://hostname/?
http://hostname/?
http://www.google-analytics.com
https://ssl.google-analytics.com
https://accounts.google.com
https://accounts.google.com
https://www.facebook.com
https://www.facebook.com
https://www.googleapis.com/auth/plus.me
https://www.googleapis.com/auth/plus.me
https://www.googleapis.com/auth/games
https://www.googleapis.com/auth/games
https://www.googleapis.com/auth/games
http://plus.google.com/
https://www.googleapis.com/auth/drive.file
https://www.googleapis.com/auth/drive.appdata
https://www.googleapis.com/auth/drive
https://www.googleapis.com/auth/drive.apps
https://www.googleapis.com/auth/fitness.activity.read
https://www.googleapis.com/auth/fitness.activity.read
https://www.googleapis.com/auth/fitness.activity.write
https://www.googleapis.com/auth/fitness.activity.write
https://www.googleapis.com/auth/fitness.location.read
https://www.googleapis.com/auth/fitness.location.read
https://www.googleapis.com/auth/fitness.location.write
https://www.googleapis.com/auth/fitness.location.write
https://www.googleapis.com/auth/fitness.body.read
https://www.googleapis.com/auth/fitness.body.read
https://www.googleapis.com/auth/fitness.body.write
https://www.googleapis.com/auth/fitness.body.write
https://www.googleapis.com/auth/fitness.nutrition.read
https://www.googleapis.com/auth/fitness.nutrition.read
https://www.googleapis.com/auth/fitness.nutrition.write
https://www.googleapis.com/auth/fitness.nutrition.write
https://www.googleapis.com/auth/games.firstparty
https://www.googleapis.com/auth/games.firstparty
https://googleads.g.doubleclick.net/mads/static/mad/sdk/native/sdk-core-v40.html
https://googleads.g.doubleclick.net/mads/static/mad/sdk/native/mraid/v2/mraid_app_banner.js
https://googleads.g.doubleclick.net/mads/static/mad/sdk/native/mraid/v2/mraid_app_expanded_banner.js
https://googleads.g.doubleclick.net/mads/static/mad/sdk/native/mraid/v2/mraid_app_interstitial.js
https://csi.gstatic.com/csi
http://www.google.com
https://app-measurement.com/a
https://www.googleapis.com/auth/plus.login
http://schemas.android.com/apk/lib/com.google.android.gms.plus
http://schemas.android.com/apk/lib/com.google.android.gms.plus
https://www.googletagmanager.com
https://inmobisdk-a.akamaihd.net/sdk/500/android/mraid.js
http://i.w.inmobi.com/showad.asm
https://androidads23.adcolony.com/configure
http://play.google.com/store/apps/details?id=
https://rpc.tapjoy.com/
https://rpc.tapjoy.com/
https://connect.tapjoy.com/
https://connect.tapjoy.com/
https://ws.tapjoyads.com/
https://ws.tapjoyads.com/
https://ws.tapjoyads.com/
http://content-js.tapjoy.com
https://impact.staging.applifier.com/mobile/campaigns
https://impact.applifier.com/mobile/campaigns
https://www.vungle.com/privacy/
http://api.vungle.com/api/v4/
https://ingest.vungle.com/
https://live.chartboost.com
http://market.android.com/
https://graph.facebook.com/network_ads_common/
https://graph.%s.facebook.com/network_ads_common/
https://www.facebook.com/
https://www.%s.facebook.com
https://www.tumblr.com/oauth/access_token
https://www.tumblr.com/oauth/authorize?oauth_token=%s
https://api.tumblr.com/v2/blog/
https://api.tumblr.com/v2/blog/
https://www.tumblr.com/oauth/request_token
https://api.tumblr.com/v2/user/info
http://www.tumblr.com/connect/login_success.html
https://play.google.com/store/apps/details?id=
http://xmlpull.org/v1/doc/features.html#process-namespaces
https://proton.flurry.com/sdk/v1/config
https://data.flurry.com/pcr.do
http://data.flurry.com/aap.do
https://data.flurry.com/aap.do
https://ads.flurry.com/v14/getAds.do
http://ads.flurry.com/v14/getAds.do
https://adlog.flurry.com
http://adlog.flurry.com
https://cdn.flurry.com/vast/videocontrols/v2/android.zip
https://analytics.query.yahoo.com/v1/public/yql?
https://service.sponsorpay.com/actions/v2
https://service.sponsorpay.com/installs/v2
https://api.sponsorpay.com/vcs/v1/new_credit.json
https://video.fyber.com
https://iframe.sponsorpay.com/mobile
https://engine.sponsorpay.com/interstitial
https://engine.sponsorpay.com/tracker
https://engine.sponsorpay.com/sdk-config
https://engine.fyber.com/video-cache
https://banner.fyber.com/banner
https://banner.fyber.com/tracker
http://schemas.android.com/apk/lib/com.inmobi.ads
http://www.inmobi.com/products/sdk/#downloads
http://tm.inmobi.com/telemetry-collector/v1/collect
http://config.inmobi.com/config-server/v1/config/secure.cfg
https://www.facebook.com/dialog/feed?app_id=181821551957328&link=
https://m.google.com/app/plus/x/?v=compose&content=
http://twitter.com/home?status=
http://dock.inmobi.com/carb/v1/i
http://dock.inmobi.com/carb/v1/o
https://sdkm.w.inmobi.com/user/e.asm
https://placements.tapjoy.com/

[INTERNAL_LOG][2018-06-08 00:55:38,908][INFO][find_url_in_apk()] [END ALL URL INSIDE APK]
[INTERNAL_LOG][2018-06-08 00:55:38,913][INFO][check_method_conf()] [JavaScript enabled: True]

[INTERNAL_LOG][2018-06-08 00:55:38,913][INFO][check_method_conf()] [Add interface WebView: True]

[INTERNAL_LOG][2018-06-08 00:55:38,913][INFO][analyze_start()] This app might be not vulnerable on  attack frame confusion.
[INTERNAL_LOG][2018-06-08 00:55:38,913][INFO][analyze_start()] End time:[Fri Jun  8 00:55:38 2018]
