[INTERNAL_LOG][2018-06-08 03:03:10,027][INFO][analyze_start()] Init Time [Fri Jun  8 03:03:10 2018]
[INTERNAL_LOG][2018-06-08 03:03:10,070][INFO][run()] Start Analysis
[INTERNAL_LOG][2018-06-08 03:03:10,071][INFO][is_hybird()] [Permission Enble Start]
[INTERNAL_LOG][2018-06-08 03:03:10,071][INFO][is_hybird()] android.permission.INTERNET
[INTERNAL_LOG][2018-06-08 03:03:10,071][INFO][is_hybird()] android.permission.ACCESS_NETWORK_STATE
[INTERNAL_LOG][2018-06-08 03:03:10,071][INFO][is_hybird()] android.permission.ACCESS_WIFI_STATE
[INTERNAL_LOG][2018-06-08 03:03:10,071][INFO][is_hybird()] com.android.vending.BILLING
[INTERNAL_LOG][2018-06-08 03:03:10,072][INFO][is_hybird()] android.permission.WAKE_LOCK
[INTERNAL_LOG][2018-06-08 03:03:10,072][INFO][is_hybird()] android.permission.game.puzzle.woodypuzzle.permission.C2D_MESSAGE
[INTERNAL_LOG][2018-06-08 03:03:10,072][INFO][is_hybird()] com.google.android.c2dm.permission.RECEIVE
[INTERNAL_LOG][2018-06-08 03:03:10,072][INFO][is_hybird()] android.permission.READ_EXTERNAL_STORAGE
[INTERNAL_LOG][2018-06-08 03:03:10,072][INFO][is_hybird()] android.permission.WRITE_EXTERNAL_STORAGE
[INTERNAL_LOG][2018-06-08 03:03:10,072][INFO][is_hybird()] android.permission.RECEIVE_BOOT_COMPLETED
[INTERNAL_LOG][2018-06-08 03:03:10,072][INFO][is_hybird()] com.sec.android.provider.badge.permission.READ
[INTERNAL_LOG][2018-06-08 03:03:10,072][INFO][is_hybird()] com.sec.android.provider.badge.permission.WRITE
[INTERNAL_LOG][2018-06-08 03:03:10,072][INFO][is_hybird()] com.htc.launcher.permission.READ_SETTINGS
[INTERNAL_LOG][2018-06-08 03:03:10,072][INFO][is_hybird()] com.htc.launcher.permission.UPDATE_SHORTCUT
[INTERNAL_LOG][2018-06-08 03:03:10,072][INFO][is_hybird()] com.sonyericsson.home.permission.BROADCAST_BADGE
[INTERNAL_LOG][2018-06-08 03:03:10,072][INFO][is_hybird()] com.sonymobile.home.permission.PROVIDER_INSERT_BADGE
[INTERNAL_LOG][2018-06-08 03:03:10,072][INFO][is_hybird()] com.anddoes.launcher.permission.UPDATE_COUNT
[INTERNAL_LOG][2018-06-08 03:03:10,072][INFO][is_hybird()] com.majeur.launcher.permission.UPDATE_BADGE
[INTERNAL_LOG][2018-06-08 03:03:10,072][INFO][is_hybird()] com.huawei.android.launcher.permission.CHANGE_BADGE
[INTERNAL_LOG][2018-06-08 03:03:10,072][INFO][is_hybird()] com.huawei.android.launcher.permission.READ_SETTINGS
[INTERNAL_LOG][2018-06-08 03:03:10,073][INFO][is_hybird()] com.huawei.android.launcher.permission.WRITE_SETTINGS
[INTERNAL_LOG][2018-06-08 03:03:10,073][INFO][is_hybird()] com.anddoes.launcher.permission.UPDATE_COUNT
[INTERNAL_LOG][2018-06-08 03:03:10,073][INFO][is_hybird()] com.majeur.launcher.permission.UPDATE_BADGE
[INTERNAL_LOG][2018-06-08 03:03:10,073][INFO][is_hybird()] game.puzzle.woodypuzzle.permission.C2D_MESSAGE
[INTERNAL_LOG][2018-06-08 03:03:10,073][INFO][is_hybird()] com.google.android.finsky.permission.BIND_GET_INSTALL_REFERRER_SERVICE
[INTERNAL_LOG][2018-06-08 03:03:10,073][INFO][is_hybird()] [Permission End]

[INTERNAL_LOG][2018-06-08 03:03:10,073][INFO][analyze_start()] TYPE APK: [ANDROID NATIVE]

[INTERNAL_LOG][2018-06-08 03:03:10,073][INFO][find_string()] [START FILE ANALYZE]
[INTERNAL_LOG][2018-06-08 03:03:10,073][INFO][find_string()] [END ANALYZE FILE]

[INTERNAL_LOG][2018-06-08 03:04:01,665][INFO][find_url_in_apk()] [START ALL URL INSIDE APK]
[INTERNAL_LOG][2018-06-08 03:04:01,665][INFO][find_url_in_apk()] http://schemas.android.com/apk/res/android
https://adc3-launch-server-staging.herokuapp.com/v4/launch
https://adc3-launch.adcolony.com/v4/launch
https://adc3-launch.adcolony.com/v4/launch
https://wd.adcolony.com/logs
http://schemas.applovin.com/android/1.0
http://schemas.applovin.com/android/1.0
https://d.applovin.com/
https://a.applovin.com/
https://rt.applovin.com/med
https://rt.applovin.com/pix
https://d.applvn.com/
https://a.applvn.com/
https://rt.applvn.com/pix
https://vid.applovin.com/,https://pdn.applovin.com/,https://img.applovin.com/,https://d.applovin.com/,https://assets.applovin.com/,https://cdnjs.cloudflare.com/,http://vid.applovin.com/,http://pdn.applovin.com/,http://img.applovin.com/,http://d.applovin.com/,http://assets.applovin.com/,http://cdnjs.cloudflare.com/
https://api.%s/install_data/v3/
https://attr.%s/api/v
https://t.%s/api/v
https://events.%s/api/v
https://register.%s/api/v
https://stats.%s/stats
https://onelink.%s/shortlink-sdk/v1
https://onelink.%s/shortlink-sdk/v1
https://validate.%s/api/v
https://sdk-services.%s/validate-android-signature
https://app.%s
https://app.%s
https://impression.%s
https://monitorsdk.%s/remote-debug?app_id=
https://live.chartboost.com
http://market.android.com/
https://www.facebook.com/audience_network/server_side_reward
https://www.%s.facebook.com/audience_network/server_side_reward
http://play.google.com/store/apps/
https://www.facebook.com/
https://www.%s.facebook.com
https://graph.facebook.com/network_ads_common
https://graph.%s.facebook.com/network_ads_common
https://www.facebook.com/adnw_logging/
https://www.%s.facebook.com/adnw_logging/
http://www.facebook.com
https://graph.%s
https://graph-video.%s
https://facebook.com
http://play.google.com/store/apps/details?id=com.facebook.orca
https://proton.flurry.com/sdk/v1/config
https://data.flurry.com/pcr.do
https://data.flurry.com/aap.do
http://data.flurry.com/aap.do
https://cfg.flurry.com/sdk/v1/config
http://schemas.microsoft.com/DRM/2007/03/protocols/AcquireLicense
http://www.w3.org/ns/ttml#parameter
https://pagead2.googlesyndication.com/pagead/gen_204?id=gmob-apps
https://www.googleapis.com/auth/games_lite
https://www.googleapis.com/auth/games_lite
https://www.googleapis.com/auth/games_lite
https://www.googleapis.com/auth/games
https://www.googleapis.com/auth/games
https://www.googleapis.com/auth/games
https://plus.google.com/
https://www.googleapis.com/auth/drive.file
https://www.googleapis.com/auth/drive.appdata
https://www.googleapis.com/auth/drive
https://www.googleapis.com/auth/drive.apps
https://www.googleapis.com/auth/games.firstparty
https://www.googleapis.com/auth/games.firstparty
https://pagead2.googlesyndication.com/pagead/gen_204
https://googleads.g.doubleclick.net/mads/static/mad/sdk/native/sdk-core-v40.html
https://googleads.g.doubleclick.net/mads/static/mad/sdk/native/production/sdk-core-v40-impl.js
https://googleads.g.doubleclick.net/mads/static/mad/sdk/native/mraid/v2/mraid_app_banner.js
https://googleads.g.doubleclick.net/mads/static/mad/sdk/native/mraid/v2/mraid_app_expanded_banner.js
https://googleads.g.doubleclick.net/mads/static/mad/sdk/native/mraid/v2/mraid_app_interstitial.js
https://csi.gstatic.com/csi
https://googleads.g.doubleclick.net/mads/static/mad/sdk/native/native_ads.html
https://googleads.g.doubleclick.net/mads/static/mad/sdk/native/production/native_ads.js
https://imasdk.googleapis.com/admob/sdkloader/native_video.html
https://www.google.com/dfp/linkDevice
https://www.google.com/dfp/inAppPreview
https://www.google.com/dfp/debugSignals
https://www.google.com/dfp/sendDebugData
http://www.example.com
http://www.example.com
https://www.googleapis.com/auth/plus.login
https://www.googleapis.com/auth/plus.me
https://api.vungle.com/
https://ads.api.vungle.com/config
http://www.google.com
https://support.google.com/dfp_premium/answer/7160685#push
https://app-measurement.com/a
https://www.google.com
http://schemas.android.com/apk/lib/com.google.android.gms.plus
http://schemas.android.com/apk/lib/com.google.android.gms.plus
https://mobile-static.adsafeprotected.com/avid-v2.js
https://z.moatads.com/
https://onesignal.com/api/v1/
http://api.sdkbox.com/SSS
https://config.unityads.unity3d.com/webview/
https://www.vungle.com/privacy/
https://www.vungle.com/privacy/
http://lol.vungle.com/
http://example.com/
https://api.branch.io/
https://bnc.lt/a/
https://bnc.lt/a/
https://cdn.branch.io/sdk/uriskiplist_v#.json
https://e.crashlytics.com/spi/v2/events
https://settings.crashlytics.com/spi/v2/platforms/android/apps/%s/settings
http://play.google.com/store/apps/details?id=
http://localhost/
http://localhost/
http://localhost/

[INTERNAL_LOG][2018-06-08 03:04:01,665][INFO][find_url_in_apk()] [END ALL URL INSIDE APK]
[INTERNAL_LOG][2018-06-08 03:04:01,674][INFO][check_method_conf()] [JavaScript enabled: True]

[INTERNAL_LOG][2018-06-08 03:04:01,674][INFO][check_method_conf()] [Add interface WebView: True]

[INTERNAL_LOG][2018-06-08 03:04:01,674][INFO][analyze_start()] This app might be not vulnerable on  attack frame confusion.
[INTERNAL_LOG][2018-06-08 03:04:01,674][INFO][analyze_start()] End time:[Fri Jun  8 03:04:01 2018]
