[INTERNAL_LOG][2018-06-08 03:40:08,225][INFO][analyze_start()] Init Time [Fri Jun  8 03:40:08 2018]
[INTERNAL_LOG][2018-06-08 03:40:08,370][INFO][run()] Start Analysis
[INTERNAL_LOG][2018-06-08 03:40:08,373][INFO][is_hybird()] Hybrid file found are: ['config.xml']
[INTERNAL_LOG][2018-06-08 03:40:08,373][INFO][is_hybird()] [Permission Enble Start]
[INTERNAL_LOG][2018-06-08 03:40:08,373][INFO][is_hybird()] android.permission.INTERNET
[INTERNAL_LOG][2018-06-08 03:40:08,373][INFO][is_hybird()] android.permission.ACCESS_NETWORK_STATE
[INTERNAL_LOG][2018-06-08 03:40:08,373][INFO][is_hybird()] com.android.vending.BILLING
[INTERNAL_LOG][2018-06-08 03:40:08,373][INFO][is_hybird()] android.permission.ACCESS_WIFI_STATE
[INTERNAL_LOG][2018-06-08 03:40:08,373][INFO][is_hybird()] android.permission.WAKE_LOCK
[INTERNAL_LOG][2018-06-08 03:40:08,373][INFO][is_hybird()] com.google.android.c2dm.permission.RECEIVE
[INTERNAL_LOG][2018-06-08 03:40:08,374][INFO][is_hybird()] android.permission.VIBRATE
[INTERNAL_LOG][2018-06-08 03:40:08,374][INFO][is_hybird()] [Permission End]

[INTERNAL_LOG][2018-06-08 03:40:08,374][INFO][is_hybird()] Starting apktool
[INTERNAL_LOG][2018-06-08 03:40:15,455][ERROR][is_hybird()] [ERROR file config.xmls] [Errno 2] No such file or directory: 'temp_dir/res/xml/config.xml' 

[INTERNAL_LOG][2018-06-08 03:40:15,476][INFO][analyze_start()] TYPE APK: [HYBRID]

[INTERNAL_LOG][2018-06-08 03:40:15,481][INFO][find_string()] [START FILE ANALYZE]
[INTERNAL_LOG][2018-06-08 03:40:15,482][INFO][find_string()] [END ANALYZE FILE]

[INTERNAL_LOG][2018-06-08 03:40:31,003][INFO][find_url_in_apk()] [START ALL URL INSIDE APK]
[INTERNAL_LOG][2018-06-08 03:40:31,003][INFO][find_url_in_apk()] http://schemas.android.com/apk/res/android
https://app.adjust.com
https://app.adjust.com
https://sdk-services.appsflyer.com/validate-android-signature
https://api.appsflyer.com/install_data/v3/
https://t.appsflyer.com/api/v
https://events.appsflyer.com/api/v
https://register.appsflyer.com/api/v
https://stats.appsflyer.com/stats
https://pagead2.googlesyndication.com/pagead/gen_204?id=gmob-apps
https://accounts.google.com
https://www.facebook.com
https://www.googleapis.com/auth/games_lite
https://www.googleapis.com/auth/games_lite
https://www.googleapis.com/auth/games_lite
https://www.googleapis.com/auth/games
https://www.googleapis.com/auth/games
https://www.googleapis.com/auth/games
https://plus.google.com/
https://www.googleapis.com/auth/drive.file
https://www.googleapis.com/auth/drive.appdata
https://www.googleapis.com/auth/drive
https://www.googleapis.com/auth/drive.apps
https://www.googleapis.com/auth/games.firstparty
https://www.googleapis.com/auth/games.firstparty

[INTERNAL_LOG][2018-06-08 03:40:31,004][INFO][find_url_in_apk()] [END ALL URL INSIDE APK]
[INTERNAL_LOG][2018-06-08 03:40:31,016][INFO][check_method_conf()] [JavaScript enabled: True]

[INTERNAL_LOG][2018-06-08 03:40:31,016][INFO][check_method_conf()] [Add interface WebView: False]

[INTERNAL_LOG][2018-06-08 03:40:31,016][INFO][analyze_start()] This app might be not vulnerable on  attack frame confusion.
[INTERNAL_LOG][2018-06-08 03:40:31,016][INFO][analyze_start()] End time:[Fri Jun  8 03:40:31 2018]
