[INTERNAL_LOG][2018-06-08 00:15:22,874][INFO][analyze_start()] Init Time [Fri Jun  8 00:15:22 2018]
[INTERNAL_LOG][2018-06-08 00:15:22,893][INFO][run()] Start Analysis
[INTERNAL_LOG][2018-06-08 00:15:22,894][INFO][is_hybird()] [Permission Enble Start]
[INTERNAL_LOG][2018-06-08 00:15:22,894][INFO][is_hybird()] android.permission.ACCESS_COARSE_LOCATION
[INTERNAL_LOG][2018-06-08 00:15:22,894][INFO][is_hybird()] android.permission.ACCESS_NETWORK_STATE
[INTERNAL_LOG][2018-06-08 00:15:22,894][INFO][is_hybird()] android.permission.INTERNET
[INTERNAL_LOG][2018-06-08 00:15:22,894][INFO][is_hybird()] android.permission.USE_FINGERPRINT
[INTERNAL_LOG][2018-06-08 00:15:22,894][INFO][is_hybird()] android.permission.READ_PHONE_STATE
[INTERNAL_LOG][2018-06-08 00:15:22,894][INFO][is_hybird()] android.permission.ACCESS_FINE_LOCATION
[INTERNAL_LOG][2018-06-08 00:15:22,894][INFO][is_hybird()] android.permission.VIBRATE
[INTERNAL_LOG][2018-06-08 00:15:22,894][INFO][is_hybird()] android.permission.GET_TASKS
[INTERNAL_LOG][2018-06-08 00:15:22,895][INFO][is_hybird()] org.fidoalliance.uaf.permissions.FIDO_CLIENT
[INTERNAL_LOG][2018-06-08 00:15:22,895][INFO][is_hybird()] android.permission.WRITE_EXTERNAL_STORAGE
[INTERNAL_LOG][2018-06-08 00:15:22,895][INFO][is_hybird()] android.permission.READ_EXTERNAL_STORAGE
[INTERNAL_LOG][2018-06-08 00:15:22,895][INFO][is_hybird()] com.samsung.android.providers.context.permission.WRITE_USE_APP_FEATURE_SURVEY
[INTERNAL_LOG][2018-06-08 00:15:22,895][INFO][is_hybird()] android.permission.WAKE_LOCK
[INTERNAL_LOG][2018-06-08 00:15:22,895][INFO][is_hybird()] com.google.android.c2dm.permission.RECEIVE
[INTERNAL_LOG][2018-06-08 00:15:22,895][INFO][is_hybird()] com.chsec.app.r2fa.permission.C2D_MESSAGE
[INTERNAL_LOG][2018-06-08 00:15:22,895][INFO][is_hybird()] [Permission End]

[INTERNAL_LOG][2018-06-08 00:15:22,895][INFO][analyze_start()] TYPE APK: [ANDROID NATIVE]

[INTERNAL_LOG][2018-06-08 00:15:22,895][INFO][find_string()] [START FILE ANALYZE]
[INTERNAL_LOG][2018-06-08 00:15:22,895][INFO][find_string()] [END ANALYZE FILE]

[INTERNAL_LOG][2018-06-08 00:15:51,520][INFO][find_url_in_apk()] [START ALL URL INSIDE APK]
[INTERNAL_LOG][2018-06-08 00:15:51,520][INFO][find_url_in_apk()] http://schemas.android.com/apk/res/android
https://pagead2.googlesyndication.com/pagead/gen_204?id=gmob-apps
https://plus.google.com/
https://app-measurement.com/a
https://www.googleapis.com/androidcheck/v1/attestations/verify?key=
https://bio2facs.dg-sign.com/r2fas-cass
https://www.google.com
https://www.googleapis.com/auth/games

[INTERNAL_LOG][2018-06-08 00:15:51,520][INFO][find_url_in_apk()] [END ALL URL INSIDE APK]
[INTERNAL_LOG][2018-06-08 00:15:51,522][INFO][check_method_conf()] [JavaScript enabled: False]

[INTERNAL_LOG][2018-06-08 00:15:51,522][INFO][check_method_conf()] [Add interface WebView: False]

[INTERNAL_LOG][2018-06-08 00:15:51,522][INFO][analyze_start()] This app might be not vulnerable on  attack frame confusion.
[INTERNAL_LOG][2018-06-08 00:15:51,522][INFO][analyze_start()] End time:[Fri Jun  8 00:15:51 2018]
