[INTERNAL_LOG][2018-06-12 05:53:21,382][INFO][analyze_start()] Init Time [Tue Jun 12 05:53:21 2018]
[INTERNAL_LOG][2018-06-12 05:53:21,402][INFO][run()] Start Analysis
[INTERNAL_LOG][2018-06-12 05:53:21,403][INFO][is_hybird()] [Permission Enble Start]
[INTERNAL_LOG][2018-06-12 05:53:21,403][INFO][is_hybird()] android.permission.INTERNET
[INTERNAL_LOG][2018-06-12 05:53:21,403][INFO][is_hybird()] android.permission.ACCESS_NETWORK_STATE
[INTERNAL_LOG][2018-06-12 05:53:21,403][INFO][is_hybird()] [Permission End]

[INTERNAL_LOG][2018-06-12 05:53:21,403][INFO][analyze_start()] TYPE APK: [ANDROID NATIVE]

[INTERNAL_LOG][2018-06-12 05:53:21,403][INFO][find_string()] [START FILE ANALYZE]
[INTERNAL_LOG][2018-06-12 05:53:21,403][INFO][find_string()] File: assets/index.html
[INTERNAL_LOG][2018-06-12 05:53:21,413][INFO][find_string()] No iframe in assets/index.html
[INTERNAL_LOG][2018-06-12 05:53:21,413][INFO][find_string()] [END ANALYZE FILE]

[INTERNAL_LOG][2018-06-12 05:53:21,413][INFO][find_string()] [START FILE ANALYZE]
[INTERNAL_LOG][2018-06-12 05:53:21,413][INFO][find_string()] [END ANALYZE FILE]

[INTERNAL_LOG][2018-06-12 05:53:40,249][INFO][find_url_in_apk()] [START ALL URL INSIDE APK]
[INTERNAL_LOG][2018-06-12 05:53:40,249][INFO][find_url_in_apk()] https://pagead2.googlesyndication.com/pagead/gen_204?id=gmob-apps
https://accounts.google.com
https://www.facebook.com
https://plus.google.com/
https://www.googleapis.com/auth/drive.file
https://www.googleapis.com/auth/drive.appdata
https://www.googleapis.com/auth/drive
https://www.googleapis.com/auth/drive.apps
https://www.googleapis.com/auth/games
https://www.googleapis.com/auth/games
https://www.googleapis.com/auth/games
https://www.googleapis.com/auth/games_lite
https://www.googleapis.com/auth/games.firstparty
https://www.googleapis.com/auth/games.firstparty
http://www.example.com
http://www.example.com
https://www.google-analytics.com
https://pagead2.googlesyndication.com/pagead/gen_204
http://www.google.com
https://support.google.com/dfp_premium/answer/7160685#push
http://www.google-analytics.com
https://ssl.google-analytics.com
http://hostname/?
http://hostname/?
https://googleads.g.doubleclick.net/mads/static/mad/sdk/native/sdk-core-v40.html
https://googleads.g.doubleclick.net/mads/static/mad/sdk/native/mraid/v2/mraid_app_banner.js
https://googleads.g.doubleclick.net/mads/static/mad/sdk/native/mraid/v2/mraid_app_expanded_banner.js
https://googleads.g.doubleclick.net/mads/static/mad/sdk/native/mraid/v2/mraid_app_interstitial.js
https://csi.gstatic.com/csi
https://googleads.g.doubleclick.net/mads/static/mad/sdk/native/native_ads.html
https://googleads.g.doubleclick.net/mads/static/mad/sdk/native/native_video_ads.html
https://www.google.com/dfp/linkDevice
https://www.google.com/dfp/inAppPreview
https://www.google.com/dfp/debugSignals
https://www.google.com/dfp/sendDebugData
http://api.sdkbox.com/SSS
http://update.sdkbox.com/check
https://settings.crashlytics.com/spi/v2/platforms/android/apps/%s/settings
https://e.crashlytics.com/spi/v2/events
https://www.facebook.com/estoty
https://www.instagram.com/estoty_games/
https://twitter.com/EstotyGames

[INTERNAL_LOG][2018-06-12 05:53:40,249][INFO][find_url_in_apk()] [END ALL URL INSIDE APK]
[INTERNAL_LOG][2018-06-12 05:53:40,252][INFO][check_method_conf()] [JavaScript enabled: True]

[INTERNAL_LOG][2018-06-12 05:53:40,252][INFO][check_method_conf()] [Add interface WebView: True]

[INTERNAL_LOG][2018-06-12 05:53:40,252][INFO][analyze_start()] This app might be not vulnerable on  attack frame confusion.
[INTERNAL_LOG][2018-06-12 05:53:40,253][INFO][analyze_start()] End time:[Tue Jun 12 05:53:40 2018]
