[INTERNAL_LOG][2018-06-12 02:01:27,150][INFO][analyze_start()] Init Time [Tue Jun 12 02:01:27 2018]
[INTERNAL_LOG][2018-06-12 02:01:27,199][INFO][run()] Start Analysis
[INTERNAL_LOG][2018-06-12 02:01:27,200][INFO][is_hybird()] [Permission Enble Start]
[INTERNAL_LOG][2018-06-12 02:01:27,200][INFO][is_hybird()] com.ninegag.android.app.permission.C2D_MESSAGE
[INTERNAL_LOG][2018-06-12 02:01:27,200][INFO][is_hybird()] com.google.android.c2dm.permission.RECEIVE
[INTERNAL_LOG][2018-06-12 02:01:27,200][INFO][is_hybird()] android.permission.INTERNET
[INTERNAL_LOG][2018-06-12 02:01:27,200][INFO][is_hybird()] android.permission.ACCESS_NETWORK_STATE
[INTERNAL_LOG][2018-06-12 02:01:27,200][INFO][is_hybird()] android.permission.WRITE_EXTERNAL_STORAGE
[INTERNAL_LOG][2018-06-12 02:01:27,200][INFO][is_hybird()] android.permission.GET_ACCOUNTS
[INTERNAL_LOG][2018-06-12 02:01:27,201][INFO][is_hybird()] android.permission.WAKE_LOCK
[INTERNAL_LOG][2018-06-12 02:01:27,201][INFO][is_hybird()] android.permission.VIBRATE
[INTERNAL_LOG][2018-06-12 02:01:27,201][INFO][is_hybird()] com.android.vending.BILLING
[INTERNAL_LOG][2018-06-12 02:01:27,201][INFO][is_hybird()] com.android.launcher.permission.INSTALL_SHORTCUT
[INTERNAL_LOG][2018-06-12 02:01:27,201][INFO][is_hybird()] com.android.launcher.permission.UNINSTALL_SHORTCUT
[INTERNAL_LOG][2018-06-12 02:01:27,201][INFO][is_hybird()] com.android.launcher.permission.READ_SETTINGS
[INTERNAL_LOG][2018-06-12 02:01:27,201][INFO][is_hybird()] com.android.launcher.permission.WRITE_SETTINGS
[INTERNAL_LOG][2018-06-12 02:01:27,201][INFO][is_hybird()] com.sonyericsson.home.permission.BROADCAST_BADGE
[INTERNAL_LOG][2018-06-12 02:01:27,201][INFO][is_hybird()] com.htc.launcher.permission.WRITE_SETTINGS
[INTERNAL_LOG][2018-06-12 02:01:27,201][INFO][is_hybird()] com.htc.launcher.permission.READ_SETTINGS
[INTERNAL_LOG][2018-06-12 02:01:27,201][INFO][is_hybird()] com.htc.launcher.permission.UPDATE_SHORTCUT
[INTERNAL_LOG][2018-06-12 02:01:27,201][INFO][is_hybird()] com.sec.android.provider.badge.permission.READ
[INTERNAL_LOG][2018-06-12 02:01:27,201][INFO][is_hybird()] com.sec.android.provider.badge.permission.WRITE
[INTERNAL_LOG][2018-06-12 02:01:27,201][INFO][is_hybird()] .home.permission.WRITE_BADGES
[INTERNAL_LOG][2018-06-12 02:01:27,201][INFO][is_hybird()] com.google.android.providers.gsf.permission.READ_GSERVICES
[INTERNAL_LOG][2018-06-12 02:01:27,201][INFO][is_hybird()] com.google.android.finsky.permission.BIND_GET_INSTALL_REFERRER_SERVICE
[INTERNAL_LOG][2018-06-12 02:01:27,201][INFO][is_hybird()] android.permission.READ_EXTERNAL_STORAGE
[INTERNAL_LOG][2018-06-12 02:01:27,201][INFO][is_hybird()] android.permission.READ_EXTERNAL_STORAGE
[INTERNAL_LOG][2018-06-12 02:01:27,201][INFO][is_hybird()] android.permission.RECEIVE_BOOT_COMPLETED
[INTERNAL_LOG][2018-06-12 02:01:27,201][INFO][is_hybird()] com.sonymobile.home.permission.PROVIDER_INSERT_BADGE
[INTERNAL_LOG][2018-06-12 02:01:27,201][INFO][is_hybird()] com.anddoes.launcher.permission.UPDATE_COUNT
[INTERNAL_LOG][2018-06-12 02:01:27,202][INFO][is_hybird()] com.majeur.launcher.permission.UPDATE_BADGE
[INTERNAL_LOG][2018-06-12 02:01:27,202][INFO][is_hybird()] com.huawei.android.launcher.permission.CHANGE_BADGE
[INTERNAL_LOG][2018-06-12 02:01:27,202][INFO][is_hybird()] com.huawei.android.launcher.permission.READ_SETTINGS
[INTERNAL_LOG][2018-06-12 02:01:27,202][INFO][is_hybird()] com.huawei.android.launcher.permission.WRITE_SETTINGS
[INTERNAL_LOG][2018-06-12 02:01:27,202][INFO][is_hybird()] android.permission.READ_APP_BADGE
[INTERNAL_LOG][2018-06-12 02:01:27,202][INFO][is_hybird()] com.oppo.launcher.permission.READ_SETTINGS
[INTERNAL_LOG][2018-06-12 02:01:27,202][INFO][is_hybird()] com.oppo.launcher.permission.WRITE_SETTINGS
[INTERNAL_LOG][2018-06-12 02:01:27,202][INFO][is_hybird()] me.everything.badger.permission.BADGE_COUNT_READ
[INTERNAL_LOG][2018-06-12 02:01:27,202][INFO][is_hybird()] me.everything.badger.permission.BADGE_COUNT_WRITE
[INTERNAL_LOG][2018-06-12 02:01:27,202][INFO][is_hybird()] android.permission.ACCESS_WIFI_STATE
[INTERNAL_LOG][2018-06-12 02:01:27,202][INFO][is_hybird()] [Permission End]

[INTERNAL_LOG][2018-06-12 02:01:27,202][INFO][analyze_start()] TYPE APK: [ANDROID NATIVE]

[INTERNAL_LOG][2018-06-12 02:01:27,202][INFO][find_string()] [START FILE ANALYZE]
[INTERNAL_LOG][2018-06-12 02:01:27,202][INFO][find_string()] File: assets/consentform.html
[INTERNAL_LOG][2018-06-12 02:01:27,232][INFO][find_string()] No iframe in assets/consentform.html
[INTERNAL_LOG][2018-06-12 02:01:27,232][INFO][find_string()] [END ANALYZE FILE]

[INTERNAL_LOG][2018-06-12 02:01:27,232][INFO][find_string()] [START FILE ANALYZE]
[INTERNAL_LOG][2018-06-12 02:01:27,232][INFO][find_string()] File: assets/mmadsdk/actionsQueue.js
[INTERNAL_LOG][2018-06-12 02:01:27,233][INFO][find_string()] No iframe in assets/mmadsdk/actionsQueue.js
[INTERNAL_LOG][2018-06-12 02:01:27,233][INFO][find_string()] File: assets/mmadsdk/mm.js
[INTERNAL_LOG][2018-06-12 02:01:27,234][INFO][find_string()] No iframe in assets/mmadsdk/mm.js
[INTERNAL_LOG][2018-06-12 02:01:27,234][INFO][find_string()] File: assets/mmadsdk/mraid.js
[INTERNAL_LOG][2018-06-12 02:01:27,235][INFO][find_string()] No iframe in assets/mmadsdk/mraid.js
[INTERNAL_LOG][2018-06-12 02:01:27,236][INFO][find_string()] File: assets/mmadsdk/vpaid.js
[INTERNAL_LOG][2018-06-12 02:01:27,240][INFO][find_string()] No iframe in assets/mmadsdk/vpaid.js
[INTERNAL_LOG][2018-06-12 02:01:27,240][INFO][find_string()] [END ANALYZE FILE]

[INTERNAL_LOG][2018-06-12 02:02:22,351][INFO][find_url_in_apk()] [START ALL URL INSIDE APK]
[INTERNAL_LOG][2018-06-12 02:02:22,351][INFO][find_url_in_apk()] http://segment-data-us-east.zqtk.net/%s?url=%s&c2=%s&c12=%s&ns_ap_bi=%s&ns_ap_sv=%s&ns_ap_an=%s&ns_ap_ver=%s&ns_ap_pn=android
http://b.voicefive.com/rs/sdk/gg.js
https://sb.voicefive.com/rs/sdk/gg.js
http://b.scorecardresearch.com/rs/mobile/ntv/vce_st.js
https://sb.scorecardresearch.com/rs/mobile/ntv/vce_st.js
http://localhost/
http://localhost/
http://localhost/
http://localhost/
https://sb.voicefive.com/rs/sdk/b.html
https://sb.voicefive.com/rs/sdk/b.html
https://sb.voicefive.com/rs/sdk/b.html
https://sb.voicefive.com/rs/sdk/b.html
https://sb.voicefive.com/rs/sdk/b.html
http://play.google.com/store/apps/
https://www.facebook.com/
https://www.%s.facebook.com
https://graph.facebook.com/network_ads_common
https://graph.%s.facebook.com/network_ads_common
https://www.facebook.com/adnw_logging/
https://www.%s.facebook.com/adnw_logging/
http://www.facebook.com
https://graph.%s
https://graph-video.%s
https://facebook.com
https://facebook.com/device?user_code=%1$s&qr=1
http://www.android.com/
https://adservice.google.com/getconfig/pubvendors
https://pagead2.googlesyndication.com/pagead/gen_204?id=gmob-apps
http://schemas.android.com/apk/lib/com.google.android.gms.plus
http://schemas.android.com/apk/lib/com.google.android.gms.plus
http://twitter.com/home?status=
https://m.google.com/app/plus/x/?v=compose&content=
https://www.facebook.com/dialog/feed?app_id=181821551957328&link=
http://a.ai.inmobi.com/v2/ad.html
https://rules-ltvp.inmobi.com/v2/rules.json
https://e-ltvp.inmobi.com/storm/v1/event
https://sdkm.w.inmobi.com/user/e.asm
https://sdkm.w.inmobi.com/metrics/e.asm
http://dock.inmobi.com/carb/v1/i
http://dock.inmobi.com/carb/v1/i
http://dock.inmobi.com/carb/v1/o
http://dock.inmobi.com/carb/v1/o
https://mobile-static.adsafeprotected.com/avid-v2.js
http://ads.mp.mydas.mobi/appConfigServlet?apid=
http://androidsdk.ads.mp.mydas.mobi/getAd.php5?
http://cvt.mydas.mobi/handleConversion?firstlaunch=
http://ads.mp.mydas.mobi/pixel?id=
http://cdn.millennialmedia.com/mmjs/v1.7/mm.js
https://ads.nexage.com
http://xmlpull.org/v1/doc/features.html#process-namespaces
https://z.moatads.com/
https://z.moatads.com/
https://twitter.com/%s/status/%s
https://www.mopub.com/optout/
https://www.mopub.com/optout/
http://www.youtube.com/watch?v=%s
http://www.youtube.com/watch?v=%s
http://www.youtube.com/watch?v=%s
http://facebook.com/9gag
http://twitter.com/9gag
http://9gag.com/privacy
http://9gag.com/privacy
https://about.9gag.com/privacy/
https://rlog.9gag.com/m.gif
https://www.%s.facebook.com/audience_network/server_side_reward
https://www.facebook.com/audience_network/server_side_reward
http://millennialmedia.com/android/schema
http://images.millennialmedia.com/9513/192134.gif
https://analytics.mopub.com/i/jot/exchange_client_event
https://www.9gag.com/
https://www.9gag.com/
https://www.mopub.com/optout
http://9gag.tv
https://www.googleapis.com/auth/games_lite
https://www.googleapis.com/auth/games
https://9gag.com/%s?ref=android
https://9gag.com/tag/%s?ref=android
https://9gag.com/u/%s?ref=android
http://9gag.com/tos
https://accounts.google.com/o/oauth2/revoke?token=
https://plus.google.com/
https://pagead2.googlesyndication.com/pagead/gen_204
http://www.google.com
https://support.google.com/dfp_premium/answer/7160685#push
http://www.example.com
http://www.example.com
http://www.example.com
https://googleads.g.doubleclick.net/mads/static/mad/sdk/native/sdk-core-v40.html
https://googleads.g.doubleclick.net/mads/static/mad/sdk/native/production/sdk-core-v40-impl.js
https://googleads.g.doubleclick.net/mads/static/mad/sdk/native/mraid/v2/mraid_app_banner.js
https://googleads.g.doubleclick.net/mads/static/mad/sdk/native/mraid/v2/mraid_app_expanded_banner.js
https://googleads.g.doubleclick.net/mads/static/mad/sdk/native/mraid/v2/mraid_app_interstitial.js
https://csi.gstatic.com/csi
https://googleads.g.doubleclick.net/mads/static/mad/sdk/native/native_ads.html
https://googleads.g.doubleclick.net/mads/static/mad/sdk/native/production/native_ads.js
https://imasdk.googleapis.com/admob/sdkloader/native_video.html
https://www.google.com/dfp/linkDevice
https://www.google.com/dfp/inAppPreview
https://www.google.com/dfp/debugSignals
https://www.google.com/dfp/sendDebugData
http://www.google-analytics.com
https://ssl.google-analytics.com
https://app-measurement.com/a
https://www.googletagmanager.com
http://hostname/?
http://play.google.com/store/apps/details
https://api.9gag.com
http://comment-cdn.9gag.com
http://comment-cdn.9gag.com
http://schemas.android.com/apk/res/android
http://rlog.9gag.com/piwik.php
https://m.9gag.com/gdpr/embed-user
https://m.9gag.com/gdpr/embed-guest
https://9gag.com/gag/%s?ref=android
https://9gag.com/gag/%s?ref=android
https://9gag.com/gag/%s?ref=android
https://9gag.com/gag/%s?ref=android
https://9gag.com/gag/%s?ref=android
http://9gag.com/gag/%s
https://onesignal.com/api/v1/
https://app.getsentry.com:443
https://app.getsentry.com:443
https://app.getsentry.com:443/api/43633/store/
http://soma.smaato.net/oapi/reqAd.jsp?
https://soma.smaato.net/oapi/reqAd.jsp?
https://comment.9gag.com
https://comment-cdn.9gag.com
https://www.googleapis.com/auth/plus.login
https://www.googleapis.com/auth/plus.me
https://www.googleapis.com/auth/userinfo.email
https://www.googleapis.com/auth/userinfo.email
https://settings.crashlytics.com/spi/v2/platforms/android/apps/%s/settings
http://schemas.applovin.com/android/1.0
http://schemas.applovin.com/android/1.0
http://d.applovin.com/
http://a.applovin.com/
https://vid.applovin.com/,https://pdn.applovin.com/,https://img.applovin.com/,https://d.applovin.com/,https://assets.applovin.com/,https://cdnjs.cloudflare.com/,http://vid.applovin.com/,http://pdn.applovin.com/,http://img.applovin.com/,http://d.applovin.com/,http://assets.applovin.com/,http://cdnjs.cloudflare.com/
http://rt.applovin.com/pix
https://nth.under9.co/v1
https://fh.under9.co/v2
http://feedback.9gaginc.com
http://notif.9gag.com
http://remote-config.9gaginc.com
http://remote-config.9gaginc.com
https://onesignal.com/android_frame.html
https://e.crashlytics.com/spi/v2/events
http://www.w3.org/ns/ttml#parameter
https://www.google.com
https://www.surveymonkey.com/r/GSJ3NTF
https://www.surveymonkey.com/r/GSJ3NTF
https://www.surveymonkey.com/r/GQ83JXB
https://www.surveymonkey.com/r/GQ83JXB

[INTERNAL_LOG][2018-06-12 02:02:22,351][INFO][find_url_in_apk()] [END ALL URL INSIDE APK]
[INTERNAL_LOG][2018-06-12 02:02:22,359][INFO][check_method_conf()] [JavaScript enabled: True]

[INTERNAL_LOG][2018-06-12 02:02:22,359][INFO][check_method_conf()] [Add interface WebView: True]

[INTERNAL_LOG][2018-06-12 02:02:22,359][INFO][analyze_start()] This app might be not vulnerable on  attack frame confusion.
[INTERNAL_LOG][2018-06-12 02:02:22,359][INFO][analyze_start()] End time:[Tue Jun 12 02:02:22 2018]
