[INTERNAL_LOG][2018-06-12 03:55:48,285][INFO][analyze_start()] Init Time [Tue Jun 12 03:55:48 2018]
[INTERNAL_LOG][2018-06-12 03:55:48,315][INFO][run()] Start Analysis
[INTERNAL_LOG][2018-06-12 03:55:48,316][INFO][is_hybird()] [Permission Enble Start]
[INTERNAL_LOG][2018-06-12 03:55:48,316][INFO][is_hybird()] android.permission.INTERNET
[INTERNAL_LOG][2018-06-12 03:55:48,316][INFO][is_hybird()] android.permission.WRITE_EXTERNAL_STORAGE
[INTERNAL_LOG][2018-06-12 03:55:48,316][INFO][is_hybird()] android.permission.ACCESS_NETWORK_STATE
[INTERNAL_LOG][2018-06-12 03:55:48,316][INFO][is_hybird()] android.permission.GET_ACCOUNTS
[INTERNAL_LOG][2018-06-12 03:55:48,316][INFO][is_hybird()] android.permission.USE_CREDENTIALS
[INTERNAL_LOG][2018-06-12 03:55:48,316][INFO][is_hybird()] com.android.vending.BILLING
[INTERNAL_LOG][2018-06-12 03:55:48,316][INFO][is_hybird()] android.permission.WAKE_LOCK
[INTERNAL_LOG][2018-06-12 03:55:48,316][INFO][is_hybird()] android.permission.RECEIVE_BOOT_COMPLETED
[INTERNAL_LOG][2018-06-12 03:55:48,316][INFO][is_hybird()] android.permission.VIBRATE
[INTERNAL_LOG][2018-06-12 03:55:48,316][INFO][is_hybird()] com.google.android.c2dm.permission.RECEIVE
[INTERNAL_LOG][2018-06-12 03:55:48,316][INFO][is_hybird()] com.aa.generaladaptiveapps.permission.C2D_MESSAGE
[INTERNAL_LOG][2018-06-12 03:55:48,316][INFO][is_hybird()] [Permission End]

[INTERNAL_LOG][2018-06-12 03:55:48,316][INFO][analyze_start()] TYPE APK: [ANDROID NATIVE]

[INTERNAL_LOG][2018-06-12 03:55:48,316][INFO][find_string()] [START FILE ANALYZE]
[INTERNAL_LOG][2018-06-12 03:55:48,317][INFO][find_string()] File: index.html
[INTERNAL_LOG][2018-06-12 03:55:48,317][INFO][find_string()] No iframe in index.html
[INTERNAL_LOG][2018-06-12 03:55:48,317][INFO][find_string()] File: reference/classes.html
[INTERNAL_LOG][2018-06-12 03:55:48,345][INFO][find_string()] No iframe in reference/classes.html
[INTERNAL_LOG][2018-06-12 03:55:48,346][INFO][find_string()] File: reference/com/applovin/adview/AdViewController.html
[INTERNAL_LOG][2018-06-12 03:55:48,368][INFO][find_string()] No iframe in reference/com/applovin/adview/AdViewController.html
[INTERNAL_LOG][2018-06-12 03:55:48,368][INFO][find_string()] File: reference/com/applovin/adview/AppLovinAdView.html
[INTERNAL_LOG][2018-06-12 03:56:22,246][INFO][find_string()] No iframe in reference/com/applovin/adview/AppLovinAdView.html
[INTERNAL_LOG][2018-06-12 03:56:22,246][INFO][find_string()] File: reference/com/applovin/adview/AppLovinAdViewDisplayErrorCode.html
[INTERNAL_LOG][2018-06-12 03:56:22,254][INFO][find_string()] No iframe in reference/com/applovin/adview/AppLovinAdViewDisplayErrorCode.html
[INTERNAL_LOG][2018-06-12 03:56:22,254][INFO][find_string()] File: reference/com/applovin/adview/AppLovinAdViewEventListener.html
[INTERNAL_LOG][2018-06-12 03:56:22,263][INFO][find_string()] No iframe in reference/com/applovin/adview/AppLovinAdViewEventListener.html
[INTERNAL_LOG][2018-06-12 03:56:22,263][INFO][find_string()] File: reference/com/applovin/adview/AppLovinIncentivizedInterstitial.html
[INTERNAL_LOG][2018-06-12 03:56:22,281][INFO][find_string()] No iframe in reference/com/applovin/adview/AppLovinIncentivizedInterstitial.html
[INTERNAL_LOG][2018-06-12 03:56:22,282][INFO][find_string()] File: reference/com/applovin/adview/AppLovinInterstitialAd.html
[INTERNAL_LOG][2018-06-12 03:56:22,357][INFO][find_string()] No iframe in reference/com/applovin/adview/AppLovinInterstitialAd.html
[INTERNAL_LOG][2018-06-12 03:56:22,357][INFO][find_string()] File: reference/com/applovin/adview/AppLovinInterstitialAdDialog.html
[INTERNAL_LOG][2018-06-12 03:56:22,367][INFO][find_string()] No iframe in reference/com/applovin/adview/AppLovinInterstitialAdDialog.html
[INTERNAL_LOG][2018-06-12 03:56:22,367][INFO][find_string()] File: reference/com/applovin/adview/AppLovinMediatedIncentivizedInterstitial.html
[INTERNAL_LOG][2018-06-12 03:56:22,379][INFO][find_string()] No iframe in reference/com/applovin/adview/AppLovinMediatedIncentivizedInterstitial.html
[INTERNAL_LOG][2018-06-12 03:56:22,379][INFO][find_string()] File: reference/com/applovin/adview/AppLovinMediatedInterstitialAd.html
[INTERNAL_LOG][2018-06-12 03:56:22,457][INFO][find_string()] No iframe in reference/com/applovin/adview/AppLovinMediatedInterstitialAd.html
[INTERNAL_LOG][2018-06-12 03:56:22,457][INFO][find_string()] File: reference/com/applovin/adview/InterstitialAdDialogCreator.html
[INTERNAL_LOG][2018-06-12 03:56:22,462][INFO][find_string()] No iframe in reference/com/applovin/adview/InterstitialAdDialogCreator.html
[INTERNAL_LOG][2018-06-12 03:56:22,462][INFO][find_string()] File: reference/com/applovin/adview/package-descr.html
[INTERNAL_LOG][2018-06-12 03:56:22,465][INFO][find_string()] No iframe in reference/com/applovin/adview/package-descr.html
[INTERNAL_LOG][2018-06-12 03:56:22,465][INFO][find_string()] File: reference/com/applovin/adview/package-summary.html
[INTERNAL_LOG][2018-06-12 03:56:22,470][INFO][find_string()] No iframe in reference/com/applovin/adview/package-summary.html
[INTERNAL_LOG][2018-06-12 03:56:22,471][INFO][find_string()] File: reference/com/applovin/mediation/AppLovinMediatedAdInfo.html
[INTERNAL_LOG][2018-06-12 03:56:22,478][INFO][find_string()] No iframe in reference/com/applovin/mediation/AppLovinMediatedAdInfo.html
[INTERNAL_LOG][2018-06-12 03:56:22,478][INFO][find_string()] File: reference/com/applovin/mediation/AppLovinMediationAdapter.html
[INTERNAL_LOG][2018-06-12 03:56:22,491][INFO][find_string()] No iframe in reference/com/applovin/mediation/AppLovinMediationAdapter.html
[INTERNAL_LOG][2018-06-12 03:56:22,491][INFO][find_string()] File: reference/com/applovin/mediation/AppLovinMediationAdapterConfig.html
[INTERNAL_LOG][2018-06-12 03:56:22,499][INFO][find_string()] No iframe in reference/com/applovin/mediation/AppLovinMediationAdapterConfig.html
[INTERNAL_LOG][2018-06-12 03:56:22,499][INFO][find_string()] File: reference/com/applovin/mediation/AppLovinMediationAdapterInfo.html
[INTERNAL_LOG][2018-06-12 03:56:22,510][INFO][find_string()] No iframe in reference/com/applovin/mediation/AppLovinMediationAdapterInfo.html
[INTERNAL_LOG][2018-06-12 03:56:22,510][INFO][find_string()] File: reference/com/applovin/mediation/AppLovinMediationAdapterStats.html
[INTERNAL_LOG][2018-06-12 03:56:22,518][INFO][find_string()] No iframe in reference/com/applovin/mediation/AppLovinMediationAdapterStats.html
[INTERNAL_LOG][2018-06-12 03:56:22,518][INFO][find_string()] File: reference/com/applovin/mediation/AppLovinMediationAdapterStatus.html
[INTERNAL_LOG][2018-06-12 03:56:22,528][INFO][find_string()] No iframe in reference/com/applovin/mediation/AppLovinMediationAdapterStatus.html
[INTERNAL_LOG][2018-06-12 03:56:22,528][INFO][find_string()] File: reference/com/applovin/mediation/AppLovinMediationDisplayListener.html
[INTERNAL_LOG][2018-06-12 03:56:22,536][INFO][find_string()] No iframe in reference/com/applovin/mediation/AppLovinMediationDisplayListener.html
[INTERNAL_LOG][2018-06-12 03:56:22,536][INFO][find_string()] File: reference/com/applovin/mediation/AppLovinMediationErrorCode.html
[INTERNAL_LOG][2018-06-12 03:56:22,550][INFO][find_string()] No iframe in reference/com/applovin/mediation/AppLovinMediationErrorCode.html
[INTERNAL_LOG][2018-06-12 03:56:22,550][INFO][find_string()] File: reference/com/applovin/mediation/AppLovinMediationLoadListener.html
[INTERNAL_LOG][2018-06-12 03:56:22,556][INFO][find_string()] No iframe in reference/com/applovin/mediation/AppLovinMediationLoadListener.html
[INTERNAL_LOG][2018-06-12 03:56:22,556][INFO][find_string()] File: reference/com/applovin/mediation/package-descr.html
[INTERNAL_LOG][2018-06-12 03:56:22,560][INFO][find_string()] No iframe in reference/com/applovin/mediation/package-descr.html
[INTERNAL_LOG][2018-06-12 03:56:22,560][INFO][find_string()] File: reference/com/applovin/mediation/package-summary.html
[INTERNAL_LOG][2018-06-12 03:56:22,564][INFO][find_string()] No iframe in reference/com/applovin/mediation/package-summary.html
[INTERNAL_LOG][2018-06-12 03:56:22,564][INFO][find_string()] File: reference/com/applovin/nativeAds/AppLovinNativeAd.html
[INTERNAL_LOG][2018-06-12 03:56:22,576][INFO][find_string()] No iframe in reference/com/applovin/nativeAds/AppLovinNativeAd.html
[INTERNAL_LOG][2018-06-12 03:56:22,576][INFO][find_string()] File: reference/com/applovin/nativeAds/AppLovinNativeAdLoadListener.html
[INTERNAL_LOG][2018-06-12 03:56:22,580][INFO][find_string()] No iframe in reference/com/applovin/nativeAds/AppLovinNativeAdLoadListener.html
[INTERNAL_LOG][2018-06-12 03:56:22,580][INFO][find_string()] File: reference/com/applovin/nativeAds/AppLovinNativeAdPrecacheListener.html
[INTERNAL_LOG][2018-06-12 03:56:22,587][INFO][find_string()] No iframe in reference/com/applovin/nativeAds/AppLovinNativeAdPrecacheListener.html
[INTERNAL_LOG][2018-06-12 03:56:22,588][INFO][find_string()] File: reference/com/applovin/nativeAds/AppLovinNativeAdService.html
[INTERNAL_LOG][2018-06-12 03:56:22,594][INFO][find_string()] No iframe in reference/com/applovin/nativeAds/AppLovinNativeAdService.html
[INTERNAL_LOG][2018-06-12 03:56:22,594][INFO][find_string()] File: reference/com/applovin/nativeAds/package-descr.html
[INTERNAL_LOG][2018-06-12 03:56:22,597][INFO][find_string()] No iframe in reference/com/applovin/nativeAds/package-descr.html
[INTERNAL_LOG][2018-06-12 03:56:22,597][INFO][find_string()] File: reference/com/applovin/nativeAds/package-summary.html
[INTERNAL_LOG][2018-06-12 03:56:22,600][INFO][find_string()] No iframe in reference/com/applovin/nativeAds/package-summary.html
[INTERNAL_LOG][2018-06-12 03:56:22,600][INFO][find_string()] File: reference/com/applovin/sdk/AppLovinAd.html
[INTERNAL_LOG][2018-06-12 03:56:22,607][INFO][find_string()] No iframe in reference/com/applovin/sdk/AppLovinAd.html
[INTERNAL_LOG][2018-06-12 03:56:22,607][INFO][find_string()] File: reference/com/applovin/sdk/AppLovinAdClickListener.html
[INTERNAL_LOG][2018-06-12 03:56:22,611][INFO][find_string()] No iframe in reference/com/applovin/sdk/AppLovinAdClickListener.html
[INTERNAL_LOG][2018-06-12 03:56:22,611][INFO][find_string()] File: reference/com/applovin/sdk/AppLovinAdDisplayListener.html
[INTERNAL_LOG][2018-06-12 03:56:22,618][INFO][find_string()] No iframe in reference/com/applovin/sdk/AppLovinAdDisplayListener.html
[INTERNAL_LOG][2018-06-12 03:56:22,619][INFO][find_string()] File: reference/com/applovin/sdk/AppLovinAdLoadListener.html
[INTERNAL_LOG][2018-06-12 03:56:22,624][INFO][find_string()] No iframe in reference/com/applovin/sdk/AppLovinAdLoadListener.html
[INTERNAL_LOG][2018-06-12 03:56:22,624][INFO][find_string()] File: reference/com/applovin/sdk/AppLovinAdRewardListener.html
[INTERNAL_LOG][2018-06-12 03:56:22,631][INFO][find_string()] No iframe in reference/com/applovin/sdk/AppLovinAdRewardListener.html
[INTERNAL_LOG][2018-06-12 03:56:22,631][INFO][find_string()] File: reference/com/applovin/sdk/AppLovinAdService.html
[INTERNAL_LOG][2018-06-12 03:56:22,646][INFO][find_string()] No iframe in reference/com/applovin/sdk/AppLovinAdService.html
[INTERNAL_LOG][2018-06-12 03:56:22,646][INFO][find_string()] File: reference/com/applovin/sdk/AppLovinAdSize.html
[INTERNAL_LOG][2018-06-12 03:56:22,658][INFO][find_string()] No iframe in reference/com/applovin/sdk/AppLovinAdSize.html
[INTERNAL_LOG][2018-06-12 03:56:22,658][INFO][find_string()] File: reference/com/applovin/sdk/AppLovinAdType.html
[INTERNAL_LOG][2018-06-12 03:56:22,667][INFO][find_string()] No iframe in reference/com/applovin/sdk/AppLovinAdType.html
[INTERNAL_LOG][2018-06-12 03:56:22,667][INFO][find_string()] File: reference/com/applovin/sdk/AppLovinAdUpdateListener.html
[INTERNAL_LOG][2018-06-12 03:56:22,672][INFO][find_string()] No iframe in reference/com/applovin/sdk/AppLovinAdUpdateListener.html
[INTERNAL_LOG][2018-06-12 03:56:22,672][INFO][find_string()] File: reference/com/applovin/sdk/AppLovinAdVideoPlaybackListener.html
[INTERNAL_LOG][2018-06-12 03:56:22,677][INFO][find_string()] No iframe in reference/com/applovin/sdk/AppLovinAdVideoPlaybackListener.html
[INTERNAL_LOG][2018-06-12 03:56:22,677][INFO][find_string()] File: reference/com/applovin/sdk/AppLovinErrorCodes.html
[INTERNAL_LOG][2018-06-12 03:56:22,693][INFO][find_string()] No iframe in reference/com/applovin/sdk/AppLovinErrorCodes.html
[INTERNAL_LOG][2018-06-12 03:56:22,694][INFO][find_string()] File: reference/com/applovin/sdk/AppLovinEventParameters.html
[INTERNAL_LOG][2018-06-12 03:56:22,708][INFO][find_string()] No iframe in reference/com/applovin/sdk/AppLovinEventParameters.html
[INTERNAL_LOG][2018-06-12 03:56:22,708][INFO][find_string()] File: reference/com/applovin/sdk/AppLovinEventService.html
[INTERNAL_LOG][2018-06-12 03:56:22,715][INFO][find_string()] No iframe in reference/com/applovin/sdk/AppLovinEventService.html
[INTERNAL_LOG][2018-06-12 03:56:22,716][INFO][find_string()] File: reference/com/applovin/sdk/AppLovinEventTypes.html
[INTERNAL_LOG][2018-06-12 03:56:22,730][INFO][find_string()] No iframe in reference/com/applovin/sdk/AppLovinEventTypes.html
[INTERNAL_LOG][2018-06-12 03:56:22,730][INFO][find_string()] File: reference/com/applovin/sdk/AppLovinLogger.html
[INTERNAL_LOG][2018-06-12 03:56:22,740][INFO][find_string()] No iframe in reference/com/applovin/sdk/AppLovinLogger.html
[INTERNAL_LOG][2018-06-12 03:56:22,740][INFO][find_string()] File: reference/com/applovin/sdk/AppLovinMediationService.html
[INTERNAL_LOG][2018-06-12 03:56:22,746][INFO][find_string()] No iframe in reference/com/applovin/sdk/AppLovinMediationService.html
[INTERNAL_LOG][2018-06-12 03:56:22,746][INFO][find_string()] File: reference/com/applovin/sdk/AppLovinPostbackListener.html
[INTERNAL_LOG][2018-06-12 03:56:22,751][INFO][find_string()] No iframe in reference/com/applovin/sdk/AppLovinPostbackListener.html
[INTERNAL_LOG][2018-06-12 03:56:22,751][INFO][find_string()] File: reference/com/applovin/sdk/AppLovinPostbackService.html
[INTERNAL_LOG][2018-06-12 03:56:22,756][INFO][find_string()] No iframe in reference/com/applovin/sdk/AppLovinPostbackService.html
[INTERNAL_LOG][2018-06-12 03:56:22,757][INFO][find_string()] File: reference/com/applovin/sdk/AppLovinSdk.html
[INTERNAL_LOG][2018-06-12 03:56:22,773][INFO][find_string()] No iframe in reference/com/applovin/sdk/AppLovinSdk.html
[INTERNAL_LOG][2018-06-12 03:56:22,773][INFO][find_string()] File: reference/com/applovin/sdk/AppLovinSdkSettings.html
[INTERNAL_LOG][2018-06-12 03:56:22,787][INFO][find_string()] No iframe in reference/com/applovin/sdk/AppLovinSdkSettings.html
[INTERNAL_LOG][2018-06-12 03:56:22,787][INFO][find_string()] File: reference/com/applovin/sdk/AppLovinSdkUtils.html
[INTERNAL_LOG][2018-06-12 03:56:22,797][INFO][find_string()] No iframe in reference/com/applovin/sdk/AppLovinSdkUtils.html
[INTERNAL_LOG][2018-06-12 03:56:22,797][INFO][find_string()] File: reference/com/applovin/sdk/package-descr.html
[INTERNAL_LOG][2018-06-12 03:56:22,801][INFO][find_string()] No iframe in reference/com/applovin/sdk/package-descr.html
[INTERNAL_LOG][2018-06-12 03:56:22,801][INFO][find_string()] File: reference/com/applovin/sdk/package-summary.html
[INTERNAL_LOG][2018-06-12 03:56:22,808][INFO][find_string()] No iframe in reference/com/applovin/sdk/package-summary.html
[INTERNAL_LOG][2018-06-12 03:56:22,808][INFO][find_string()] File: reference/hierarchy.html
[INTERNAL_LOG][2018-06-12 03:56:22,812][INFO][find_string()] No iframe in reference/hierarchy.html
[INTERNAL_LOG][2018-06-12 03:56:22,812][INFO][find_string()] File: reference/index.html
[INTERNAL_LOG][2018-06-12 03:56:22,813][INFO][find_string()] No iframe in reference/index.html
[INTERNAL_LOG][2018-06-12 03:56:22,813][INFO][find_string()] File: reference/packages.html
[INTERNAL_LOG][2018-06-12 03:56:22,816][INFO][find_string()] No iframe in reference/packages.html
[INTERNAL_LOG][2018-06-12 03:56:22,816][INFO][find_string()] [END ANALYZE FILE]

[INTERNAL_LOG][2018-06-12 03:56:22,816][INFO][find_string()] [START FILE ANALYZE]
[INTERNAL_LOG][2018-06-12 03:56:22,816][INFO][find_string()] File: assets/customizations.js
[INTERNAL_LOG][2018-06-12 03:56:22,816][INFO][find_string()] No iframe in assets/customizations.js
[INTERNAL_LOG][2018-06-12 03:56:22,817][INFO][find_string()] File: assets/doclava-developer-docs.js
[INTERNAL_LOG][2018-06-12 03:56:22,818][INFO][find_string()] No iframe in assets/doclava-developer-docs.js
[INTERNAL_LOG][2018-06-12 03:56:22,818][INFO][find_string()] File: assets/doclava-developer-reference.js
[INTERNAL_LOG][2018-06-12 03:56:22,820][INFO][find_string()] No iframe in assets/doclava-developer-reference.js
[INTERNAL_LOG][2018-06-12 03:56:22,820][INFO][find_string()] File: assets/jquery-history.js
[INTERNAL_LOG][2018-06-12 03:56:22,821][INFO][find_string()] No iframe in assets/jquery-history.js
[INTERNAL_LOG][2018-06-12 03:56:22,821][INFO][find_string()] File: assets/jquery-resizable.min.js
[INTERNAL_LOG][2018-06-12 03:56:22,825][INFO][find_string()] No iframe in assets/jquery-resizable.min.js
[INTERNAL_LOG][2018-06-12 03:56:22,825][INFO][find_string()] File: assets/navtree_data.js
[INTERNAL_LOG][2018-06-12 03:56:22,825][INFO][find_string()] No iframe in assets/navtree_data.js
[INTERNAL_LOG][2018-06-12 03:56:22,826][INFO][find_string()] File: assets/prettify.js
[INTERNAL_LOG][2018-06-12 03:56:22,827][INFO][find_string()] No iframe in assets/prettify.js
[INTERNAL_LOG][2018-06-12 03:56:22,827][INFO][find_string()] File: assets/search_autocomplete.js
[INTERNAL_LOG][2018-06-12 03:56:22,828][INFO][find_string()] No iframe in assets/search_autocomplete.js
[INTERNAL_LOG][2018-06-12 03:56:22,828][INFO][find_string()] File: reference/lists.js
[INTERNAL_LOG][2018-06-12 03:56:22,829][INFO][find_string()] No iframe in reference/lists.js
[INTERNAL_LOG][2018-06-12 03:56:22,829][INFO][find_string()] [END ANALYZE FILE]

[INTERNAL_LOG][2018-06-12 03:56:25,510][INFO][find_url_in_apk()] [START ALL URL INSIDE APK]
[INTERNAL_LOG][2018-06-12 03:56:25,510][INFO][find_url_in_apk()] http://schemas.android.com/apk/res/android
http://bit.ly/2ux44Qh
http://bit.ly/2ux44Qh
http://bit.ly/2ux44Qh
http://schemas.applovin.com/android/1.0
http://schemas.applovin.com/android/1.0
https://d.applovin.com/
https://a.applovin.com/
https://rt.applovin.com/med
https://rt.applovin.com/pix
https://d.applvn.com/
https://a.applvn.com/
https://rt.applvn.com/pix
https://vid.applovin.com/,https://pdn.applovin.com/,https://img.applovin.com/,https://d.applovin.com/,https://assets.applovin.com/,https://cdnjs.cloudflare.com/,http://vid.applovin.com/,http://pdn.applovin.com/,http://img.applovin.com/,http://d.applovin.com/,http://assets.applovin.com/,http://cdnjs.cloudflare.com/
https://pagead2.googlesyndication.com/pagead/gen_204?id=gmob-apps
http://hostname/?
http://hostname/?
http://hostname/?
https://accounts.google.com
https://www.facebook.com
https://www.googleapis.com/auth/games
https://www.googleapis.com/auth/games
https://www.googleapis.com/auth/games
https://plus.google.com/
https://www.googleapis.com/auth/drive.file
https://www.googleapis.com/auth/drive.appdata
https://www.googleapis.com/auth/drive
https://www.googleapis.com/auth/drive.apps
https://www.googleapis.com/auth/fitness.activity.read
https://www.googleapis.com/auth/fitness.activity.read
https://www.googleapis.com/auth/fitness.activity.write
https://www.googleapis.com/auth/fitness.activity.write
https://www.googleapis.com/auth/fitness.location.read
https://www.googleapis.com/auth/fitness.location.read
https://www.googleapis.com/auth/fitness.location.write
https://www.googleapis.com/auth/fitness.location.write
https://www.googleapis.com/auth/fitness.body.read
https://www.googleapis.com/auth/fitness.body.read
https://www.googleapis.com/auth/fitness.body.write
https://www.googleapis.com/auth/fitness.body.write
https://www.googleapis.com/auth/fitness.nutrition.read
https://www.googleapis.com/auth/fitness.nutrition.read
https://www.googleapis.com/auth/fitness.nutrition.write
https://www.googleapis.com/auth/fitness.nutrition.write
https://www.googleapis.com/auth/games_lite
https://www.googleapis.com/auth/games.firstparty
https://www.googleapis.com/auth/games.firstparty
https://pagead2.googlesyndication.com/pagead/gen_204
http://www.google.com
https://support.google.com/dfp_premium/answer/7160685#push
http://www.google-analytics.com
https://ssl.google-analytics.com
https://www.googleapis.com/auth/fitness.blood_pressure.read
https://www.googleapis.com/auth/fitness.blood_pressure.write
https://www.googleapis.com/auth/fitness.blood_glucose.read
https://www.googleapis.com/auth/fitness.blood_glucose.write
https://www.googleapis.com/auth/fitness.oxygen_saturation.read
https://www.googleapis.com/auth/fitness.oxygen_saturation.write
https://www.googleapis.com/auth/fitness.body_temperature.read
https://www.googleapis.com/auth/fitness.body_temperature.write
https://www.googleapis.com/auth/fitness.reproductive_health.read
https://www.googleapis.com/auth/fitness.reproductive_health.write
https://app-measurement.com/a
https://www.google.com
https://www.google-analytics.com
http://localhost
https://mobilecrashreporting.googleapis.com/v1/crashes:batchCreate?key=
http://www.example.com
http://www.example.com
https://googleads.g.doubleclick.net/mads/static/mad/sdk/native/sdk-core-v40.html
https://googleads.g.doubleclick.net/mads/static/mad/sdk/native/mraid/v2/mraid_app_banner.js
https://googleads.g.doubleclick.net/mads/static/mad/sdk/native/mraid/v2/mraid_app_expanded_banner.js
https://googleads.g.doubleclick.net/mads/static/mad/sdk/native/mraid/v2/mraid_app_interstitial.js
https://csi.gstatic.com/csi
https://googleads.g.doubleclick.net/mads/static/mad/sdk/native/native_ads.html
https://imasdk.googleapis.com/admob/sdkloader/native_video.html
https://www.google.com/dfp/linkDevice
https://www.google.com/dfp/inAppPreview
https://www.google.com/dfp/debugSignals
https://www.google.com/dfp/sendDebugData
https://www.googleapis.com/auth/plus.login
https://www.googleapis.com/auth/plus.me
http://schemas.android.com/apk/lib/com.google.android.gms.plus
http://schemas.android.com/apk/lib/com.google.android.gms.plus
https://www.googletagmanager.com
https://e.crashlytics.com/spi/v2/events
https://settings.crashlytics.com/spi/v2/platforms/android/apps/%s/settings

[INTERNAL_LOG][2018-06-12 03:56:25,516][INFO][find_url_in_apk()] [END ALL URL INSIDE APK]
[INTERNAL_LOG][2018-06-12 03:56:25,521][INFO][check_method_conf()] [JavaScript enabled: True]

[INTERNAL_LOG][2018-06-12 03:56:25,521][INFO][check_method_conf()] [Add interface WebView: True]

[INTERNAL_LOG][2018-06-12 03:56:25,521][INFO][analyze_start()] This app might be not vulnerable on  attack frame confusion.
[INTERNAL_LOG][2018-06-12 03:56:25,521][INFO][analyze_start()] End time:[Tue Jun 12 03:56:25 2018]
