[INTERNAL_LOG][2018-06-12 01:07:14,452][INFO][analyze_start()] Init Time [Tue Jun 12 01:07:14 2018]
[INTERNAL_LOG][2018-06-12 01:07:14,516][INFO][run()] Start Analysis
[INTERNAL_LOG][2018-06-12 01:07:14,517][INFO][is_hybird()] [Permission Enble Start]
[INTERNAL_LOG][2018-06-12 01:07:14,517][INFO][is_hybird()] android.permission.RECEIVE_BOOT_COMPLETED
[INTERNAL_LOG][2018-06-12 01:07:14,517][INFO][is_hybird()] android.permission.WAKE_LOCK
[INTERNAL_LOG][2018-06-12 01:07:14,517][INFO][is_hybird()] android.permission.VIBRATE
[INTERNAL_LOG][2018-06-12 01:07:14,517][INFO][is_hybird()] android.permission.WRITE_SETTINGS
[INTERNAL_LOG][2018-06-12 01:07:14,517][INFO][is_hybird()] android.permission.WRITE_EXTERNAL_STORAGE
[INTERNAL_LOG][2018-06-12 01:07:14,517][INFO][is_hybird()] android.permission.DISABLE_KEYGUARD
[INTERNAL_LOG][2018-06-12 01:07:14,517][INFO][is_hybird()] android.permission.READ_PHONE_STATE
[INTERNAL_LOG][2018-06-12 01:07:14,517][INFO][is_hybird()] android.permission.MODIFY_AUDIO_SETTINGS
[INTERNAL_LOG][2018-06-12 01:07:14,517][INFO][is_hybird()] android.permission.BLUETOOTH
[INTERNAL_LOG][2018-06-12 01:07:14,517][INFO][is_hybird()] android.permission.READ_CALENDAR
[INTERNAL_LOG][2018-06-12 01:07:14,517][INFO][is_hybird()] android.permission.CHANGE_WIFI_STATE
[INTERNAL_LOG][2018-06-12 01:07:14,517][INFO][is_hybird()] android.permission.ACCESS_FINE_LOCATION
[INTERNAL_LOG][2018-06-12 01:07:14,517][INFO][is_hybird()] android.permission.INTERNET
[INTERNAL_LOG][2018-06-12 01:07:14,517][INFO][is_hybird()] android.permission.ACCESS_NETWORK_STATE
[INTERNAL_LOG][2018-06-12 01:07:14,517][INFO][is_hybird()] android.permission.ACCESS_WIFI_STATE
[INTERNAL_LOG][2018-06-12 01:07:14,517][INFO][is_hybird()] android.permission.READ_EXTERNAL_STORAGE
[INTERNAL_LOG][2018-06-12 01:07:14,517][INFO][is_hybird()] com.alarmclock.xtreme.free.permission.C2D_MESSAGE
[INTERNAL_LOG][2018-06-12 01:07:14,518][INFO][is_hybird()] com.google.android.c2dm.permission.RECEIVE
[INTERNAL_LOG][2018-06-12 01:07:14,518][INFO][is_hybird()] com.avast.android.feed.acx.CACHE_PERMISSION
[INTERNAL_LOG][2018-06-12 01:07:14,518][INFO][is_hybird()] com.avast.android.common.acx.IDS_PERMISSION
[INTERNAL_LOG][2018-06-12 01:07:14,518][INFO][is_hybird()] com.android.vending.BILLING
[INTERNAL_LOG][2018-06-12 01:07:14,518][INFO][is_hybird()] android.permission.CAMERA
[INTERNAL_LOG][2018-06-12 01:07:14,518][INFO][is_hybird()] [Permission End]

[INTERNAL_LOG][2018-06-12 01:07:14,518][INFO][analyze_start()] TYPE APK: [ANDROID NATIVE]

[INTERNAL_LOG][2018-06-12 01:07:14,518][INFO][find_string()] [START FILE ANALYZE]
[INTERNAL_LOG][2018-06-12 01:07:14,518][INFO][find_string()] File: assets/template.html
[INTERNAL_LOG][2018-06-12 01:07:14,519][INFO][find_string()] No iframe in assets/template.html
[INTERNAL_LOG][2018-06-12 01:07:14,519][INFO][find_string()] [END ANALYZE FILE]

[INTERNAL_LOG][2018-06-12 01:07:14,519][INFO][find_string()] [START FILE ANALYZE]
[INTERNAL_LOG][2018-06-12 01:07:14,519][INFO][find_string()] File: res/raw/database_script.js
[INTERNAL_LOG][2018-06-12 01:07:14,519][INFO][find_string()] No iframe in res/raw/database_script.js
[INTERNAL_LOG][2018-06-12 01:07:14,520][INFO][find_string()] [END ANALYZE FILE]

[INTERNAL_LOG][2018-06-12 01:07:58,893][INFO][find_url_in_apk()] [START ALL URL INSIDE APK]
[INTERNAL_LOG][2018-06-12 01:07:58,894][INFO][find_url_in_apk()] http://schemas.android.com/apk/res/android
http://schemas.android.com/apk/res/android
http://schemas.android.com/apk/res/android
http://schemas.android.com/apk/res/android
http://www.avg.com/app-specific-alarm-clock
http://www.avg.com/app-specific-alarm-clock
http://www.avg.com/app-specific-alarm-clock
http://www.avg.com/app-specific-alarm-clock
http://innovation.avg.com/alarm-clock-xtreme-third-party-legal-notices/
http://www.avg.com/eula
http://www.avg.com/eula
https://my-android.avast.com
http://device-control.ff.avast.com
https://play.google.com/store/apps/details?id=com.alarmclock.xtreme.free
https://support.avg.com/SupportArticleView?urlName=Alarm-Clock-Xtreme-FAQs
https://support.avg.com/SupportArticleView?l=en&urlName=How-to-prevent-Alarm-Clock-Xtreme-from-being-force-stopped-by-your-device-or-other-apps
https://analytics.ff.avast.com
https://analytics.ff.avast.com
https://analytics.ff.avast.com
http://feed-dev.ff.avast.com
http://feed-test.ff.avast.com
http://feed.ff.avast.com
https://play.google.com/store/apps/details?id=
https://play.google.com/store/apps/details?id=
http://vpn-sd.ff.avast.com/
http://ip-info.ff.avast.com/
http://ip-info-test.ff.avast.com/
http://ip-info-stage.ff.avast.com/
http://api.openweathermap.org/data/2.5/
https://avg-nl-d61cc243-si.fortumo.io/api/v1/services/%s/prices
http://www.avg.com/mobile-ads-testing?a=
http://www.avg.com/mobile-ads-testing?a=
http://www.avg.com/mobile-ads?a=
http://www.avg.com/mobile-ads?a=
http://avgmobilationtest.elasticbeanstalk.com
http://avg-staging.appspot.com
http://avg-staging.appspot.com/xmlrpc
https://aws.droidsecurity.com
http://droidometer-hrd.appspot.com
http://droidometer-hrd.appspot.com/xmlrpc
https://avg-hrd.appspot.com
https://avg-hrd.appspot.com/secure/xmlrpc
http://xmlpull.org/v1/doc/features.html#indent-output
http://xmlpull.org/v1/doc/features.html#indent-output
https://play.google.com/store/apps/details?id=%s
https://www.facebook.com/audience_network/server_side_reward
https://www.%s.facebook.com/audience_network/server_side_reward
https://graph.facebook.com/network_ads_common
https://graph.%s.facebook.com/network_ads_common
https://www.facebook.com/adnw_logging/
https://www.%s.facebook.com/adnw_logging/
http://play.google.com/store/apps/
https://www.facebook.com/
https://www.%s.facebook.com
http://www.facebook.com
http://www.w3.org/ns/ttml#parameter
https://www.meethue.com
https://trc.taboola.com
https://cdn.taboola.com/mobile-sdk/init/
https://popup.taboola.com/
https://e.crashlytics.com/spi/v2/events
https://settings.crashlytics.com/spi/v2/platforms/android/apps/%s/settings
http://api.shoutcast.com/legacy/Top500?k=
http://yp.shoutcast.com/sbin/tunein-station.m3u?id=
https://support.avg.com/SupportArticleView?l=en&urlName=Alarm-Clock-Xtreme-Setting-online-radio-as-alarm
http://play.google.com/store/apps/details?id=
http://www.example.com
http://www.example.com
http://www.example.com
https://graph.%s
https://graph-video.%s
https://facebook.com
https://facebook.com/device?user_code=%1$s&qr=1
https://pagead2.googlesyndication.com/pagead/gen_204
https://googleads.g.doubleclick.net/mads/static/mad/sdk/native/sdk-core-v40.html
https://googleads.g.doubleclick.net/mads/static/mad/sdk/native/production/sdk-core-v40-impl.js
https://googleads.g.doubleclick.net/mads/static/mad/sdk/native/mraid/v2/mraid_app_banner.js
https://googleads.g.doubleclick.net/mads/static/mad/sdk/native/mraid/v2/mraid_app_expanded_banner.js
https://googleads.g.doubleclick.net/mads/static/mad/sdk/native/mraid/v2/mraid_app_interstitial.js
https://csi.gstatic.com/csi
https://googleads.g.doubleclick.net/mads/static/mad/sdk/native/native_ads.html
https://googleads.g.doubleclick.net/mads/static/mad/sdk/native/production/native_ads.js
https://imasdk.googleapis.com/admob/sdkloader/native_video.html
https://www.google.com/dfp/linkDevice
https://www.google.com/dfp/inAppPreview
https://www.google.com/dfp/debugSignals
https://www.google.com/dfp/sendDebugData
https://twitter.com/%s/status/%s
https://www.mopub.com/optout/
https://www.mopub.com/optout/
https://ads.flurry.com/v16/getAds.do
http://ads.flurry.com/v16/getAds.do
https://adlog.flurry.com
http://adlog.flurry.com
https://www.tumblr.com/oauth/access_token
https://www.tumblr.com/oauth/authorize?oauth_token=%s
https://api.tumblr.com/v2/blog/
https://api.tumblr.com/v2/blog/
https://www.tumblr.com/oauth/request_token
https://api.tumblr.com/v2/user/info
http://www.tumblr.com/connect/login_success.html
http://xmlpull.org/v1/doc/features.html#process-namespaces
https://proton.flurry.com/sdk/v1/config
https://data.flurry.com/pcr.do
http://data.flurry.com/aap.do
https://data.flurry.com/aap.do
https://cdn.flurry.com/vast/videocontrols/v2/android.zip
https://pagead2.googlesyndication.com/pagead/gen_204?id=gmob-apps
http://hostname/?
http://hostname/?
http://hostname/?
https://www.googleapis.com/auth/games_lite
https://www.googleapis.com/auth/games
https://plus.google.com/
http://www.google.com
https://support.google.com/dfp_premium/answer/7160685#push
http://www.google-analytics.com
https://ssl.google-analytics.com
https://app-measurement.com/a
https://www.google.com
https://www.google-analytics.com
https://www.googletagmanager.com
https://analytics.mopub.com/i/jot/exchange_client_event
https://www.mopub.com/optout
http://api.taboola.com/1.2/json/
http://pay.fortumo.com/mobile_widget
https://a.fortumo.com/
https://a.fortumo.com/
https://a.fortumo.com/
https://api.fortumo.com/
https://wutlar.fortumo.com/

[INTERNAL_LOG][2018-06-12 01:07:58,894][INFO][find_url_in_apk()] [END ALL URL INSIDE APK]
[INTERNAL_LOG][2018-06-12 01:07:58,900][INFO][check_method_conf()] [JavaScript enabled: True]

[INTERNAL_LOG][2018-06-12 01:07:58,900][INFO][check_method_conf()] [Add interface WebView: True]

[INTERNAL_LOG][2018-06-12 01:07:58,900][INFO][analyze_start()] This app might be not vulnerable on  attack frame confusion.
[INTERNAL_LOG][2018-06-12 01:07:58,900][INFO][analyze_start()] End time:[Tue Jun 12 01:07:58 2018]
