[INTERNAL_LOG][2018-06-12 00:05:54,965][INFO][analyze_start()] Init Time [Tue Jun 12 00:05:54 2018]
[INTERNAL_LOG][2018-06-12 00:05:55,062][INFO][run()] Start Analysis
[INTERNAL_LOG][2018-06-12 00:05:55,064][INFO][is_hybird()] [Permission Enble Start]
[INTERNAL_LOG][2018-06-12 00:05:55,064][INFO][is_hybird()] com.android.vending.BILLING
[INTERNAL_LOG][2018-06-12 00:05:55,064][INFO][is_hybird()] android.permission.BLUETOOTH
[INTERNAL_LOG][2018-06-12 00:05:55,064][INFO][is_hybird()] android.permission.INTERNET
[INTERNAL_LOG][2018-06-12 00:05:55,064][INFO][is_hybird()] android.permission.ACCESS_NETWORK_STATE
[INTERNAL_LOG][2018-06-12 00:05:55,064][INFO][is_hybird()] android.permission.WAKE_LOCK
[INTERNAL_LOG][2018-06-12 00:05:55,064][INFO][is_hybird()] android.permission.ACCESS_WIFI_STATE
[INTERNAL_LOG][2018-06-12 00:05:55,064][INFO][is_hybird()] android.permission.READ_PHONE_STATE
[INTERNAL_LOG][2018-06-12 00:05:55,064][INFO][is_hybird()] android.permission.WRITE_EXTERNAL_STORAGE
[INTERNAL_LOG][2018-06-12 00:05:55,064][INFO][is_hybird()] android.permission.GET_ACCOUNTS
[INTERNAL_LOG][2018-06-12 00:05:55,064][INFO][is_hybird()] android.permission.MANAGE_ACCOUNTS
[INTERNAL_LOG][2018-06-12 00:05:55,064][INFO][is_hybird()] android.permission.AUTHENTICATE_ACCOUNTS
[INTERNAL_LOG][2018-06-12 00:05:55,064][INFO][is_hybird()] android.permission.USE_CREDENTIALS
[INTERNAL_LOG][2018-06-12 00:05:55,065][INFO][is_hybird()] com.amazon.avod.SDK_ACCESS
[INTERNAL_LOG][2018-06-12 00:05:55,065][INFO][is_hybird()] com.amazon.CONTENT_PROVIDER_ACCESS
[INTERNAL_LOG][2018-06-12 00:05:55,065][INFO][is_hybird()] com.samsung.permission.USE_MHDR_SERVICE
[INTERNAL_LOG][2018-06-12 00:05:55,065][INFO][is_hybird()] com.amazon.avod.thirdpartyclient.permission.C2D_MESSAGE
[INTERNAL_LOG][2018-06-12 00:05:55,065][INFO][is_hybird()] com.amazon.dcp.sso.permission.account.changed
[INTERNAL_LOG][2018-06-12 00:05:55,065][INFO][is_hybird()] com.amazon.dcp.sso.permission.AmazonAccountPropertyService.property.changed
[INTERNAL_LOG][2018-06-12 00:05:55,065][INFO][is_hybird()] amazon.permission.COLLECT_METRICS
[INTERNAL_LOG][2018-06-12 00:05:55,065][INFO][is_hybird()] android.permission.READ_SYNC_SETTINGS
[INTERNAL_LOG][2018-06-12 00:05:55,065][INFO][is_hybird()] android.permission.WRITE_SYNC_SETTINGS
[INTERNAL_LOG][2018-06-12 00:05:55,065][INFO][is_hybird()] android.permission.VIBRATE
[INTERNAL_LOG][2018-06-12 00:05:55,065][INFO][is_hybird()] android.permission.ACCESS_FINE_LOCATION
[INTERNAL_LOG][2018-06-12 00:05:55,065][INFO][is_hybird()] com.amazon.dcp.metrics.permission.METRICS_PERMISSION
[INTERNAL_LOG][2018-06-12 00:05:55,065][INFO][is_hybird()] com.amazon.dcp.config.permission.DYN_CONFIG_VALUES_UPDATED
[INTERNAL_LOG][2018-06-12 00:05:55,065][INFO][is_hybird()] com.amazon.identity.auth.device.perm.AUTH_SDK
[INTERNAL_LOG][2018-06-12 00:05:55,065][INFO][is_hybird()] com.amazon.identity.permission.GENERIC_IPC
[INTERNAL_LOG][2018-06-12 00:05:55,065][INFO][is_hybird()] com.amazon.dcp.sso.permission.USE_DEVICE_CREDENTIALS
[INTERNAL_LOG][2018-06-12 00:05:55,065][INFO][is_hybird()] com.amazon.dcp.sso.permission.MANAGE_COR_PFM
[INTERNAL_LOG][2018-06-12 00:05:55,065][INFO][is_hybird()] com.amazon.dcp.sso.permission.CUSTOMER_ATTRIBUTE_SERVICE
[INTERNAL_LOG][2018-06-12 00:05:55,065][INFO][is_hybird()] com.amazon.identity.permission.CAN_CALL_MAP_INFORMATION_PROVIDER
[INTERNAL_LOG][2018-06-12 00:05:55,065][INFO][is_hybird()] com.amazon.identity.permission.CALL_AMAZON_DEVICE_INFORMATION_PROVIDER
[INTERNAL_LOG][2018-06-12 00:05:55,065][INFO][is_hybird()] com.amazon.appmanager.preload.permission.READ_PRELOAD_DEVICE_INFO_PROVIDER
[INTERNAL_LOG][2018-06-12 00:05:55,065][INFO][is_hybird()] com.google.android.c2dm.permission.RECEIVE
[INTERNAL_LOG][2018-06-12 00:05:55,066][INFO][is_hybird()] android.permission.CHANGE_NETWORK_STATE
[INTERNAL_LOG][2018-06-12 00:05:55,066][INFO][is_hybird()] [Permission End]

[INTERNAL_LOG][2018-06-12 00:05:55,066][INFO][analyze_start()] TYPE APK: [ANDROID NATIVE]

[INTERNAL_LOG][2018-06-12 00:05:55,066][INFO][find_string()] [START FILE ANALYZE]
[INTERNAL_LOG][2018-06-12 00:05:55,066][INFO][find_string()] [END ANALYZE FILE]

[INTERNAL_LOG][2018-06-12 00:05:55,066][INFO][find_string()] [START FILE ANALYZE]
[INTERNAL_LOG][2018-06-12 00:05:55,066][INFO][find_string()] File: assets/index.js
[INTERNAL_LOG][2018-06-12 00:05:55,160][INFO][find_string()] No iframe in assets/index.js
[INTERNAL_LOG][2018-06-12 00:05:55,160][INFO][find_string()] [END ANALYZE FILE]

[INTERNAL_LOG][2018-06-12 00:07:11,094][INFO][find_url_in_apk()] [START ALL URL INSIDE APK]
[INTERNAL_LOG][2018-06-12 00:07:11,094][INFO][find_url_in_apk()] http://schemas.android.com/apk/res/android
http://xmlpull.org/v1/doc/features.html#process-namespaces
https://dcapsproxy-na.amazon.com/
https://dcapsproxy-gamma-na.amazon.com/
https://dcapsproxy-na.integ.amazon.com/
https://www.amazon.com
https://atv-ext.amazon.com
https://atv-ext.amazon.com
https://spectrum.s3.amazonaws.com/kindle-wifi/wifistub.html
https://play.google.com/store/account
https://www.amazon.com/channels/cbsaalivetv
https://det-ta-g7g.amazon.com:443
https://det-ta-g7g.amazon.com:443
https://www.
http://www.android.com/
http://dcaps.amazon.com/schema/AVAndroidDeviceCapabilities/1.0
https://digprjsurvey.amazon.com
https://www.amazon.co.jp/gp/help/customer/display.html?ie=UTF8&nodeId=643004
https://atv-eu.amazon.com
https://atv-ext-fe.amazon.com
https://atv-guava.amazon.com
https://atv-guava-eu.amazon.com
https://atv-guava-fe.amazon.com
https://launch_in_browser_override.com/
http://spectrum.s3.amazonaws.com/kindle-wifi/wifistub.html
https://midas.us-west-2.amazonaws.com/v1/dash/415052244193/deltaOrigin3/tnf_dash_stream_02.mpd
http://play.google.com/store/apps/details?id=com.amazon.avod.thirdpartyclient
https://d1nx5w6cjk9hb0.cloudfront.net/v1/name/%s/images/data.json
https://dp-mont.integ.amazon.com:443
https://device-metrics-us-2.amazon.com:443
https://device-metrics-us.amazon.com:443
http://www.amazon.com/workAroundDcpBlackList
https://dwxjayoxbnyrr.cloudfront.net/amazon-ads.viewablejs
https://det-ta-g7g.integ.amazon.com:443
http://www.amazon.com/ap/specs/auth/confirm_credentials
http://www.amazon.com/ap/specs/auth/confirm_credentials
http://specs.openid.net/auth/2.0
http://specs.openid.net/auth/2.0/identifier_select
http://specs.openid.net/extensions/pape/1.0
http://www.amazon.com/ap/ext/oauth/2
https://www
https://arcus-uswest.amazon.com
http://javax.xml.XMLConstants/feature/secure-processing
https://pagead2.googlesyndication.com/pagead/gen_204?id=gmob-apps
https://www.googleapis.com/auth/games
https://plus.google.com/

[INTERNAL_LOG][2018-06-12 00:07:11,094][INFO][find_url_in_apk()] [END ALL URL INSIDE APK]
[INTERNAL_LOG][2018-06-12 00:07:11,101][INFO][check_method_conf()] [JavaScript enabled: True]

[INTERNAL_LOG][2018-06-12 00:07:11,101][INFO][check_method_conf()] [Add interface WebView: True]

[INTERNAL_LOG][2018-06-12 00:07:11,101][INFO][analyze_start()] This app might be not vulnerable on  attack frame confusion.
[INTERNAL_LOG][2018-06-12 00:07:11,101][INFO][analyze_start()] End time:[Tue Jun 12 00:07:11 2018]
