[INTERNAL_LOG][2018-06-12 06:30:16,389][INFO][analyze_start()] Init Time [Tue Jun 12 06:30:16 2018]
[INTERNAL_LOG][2018-06-12 06:30:16,437][INFO][run()] Start Analysis
[INTERNAL_LOG][2018-06-12 06:30:16,438][INFO][is_hybird()] [Permission Enble Start]
[INTERNAL_LOG][2018-06-12 06:30:16,438][INFO][is_hybird()] android.permission.INTERNET
[INTERNAL_LOG][2018-06-12 06:30:16,438][INFO][is_hybird()] android.permission.VIBRATE
[INTERNAL_LOG][2018-06-12 06:30:16,438][INFO][is_hybird()] com.android.vending.BILLING
[INTERNAL_LOG][2018-06-12 06:30:16,438][INFO][is_hybird()] android.permission.USE_FINGERPRINT
[INTERNAL_LOG][2018-06-12 06:30:16,438][INFO][is_hybird()] android.permission.GET_TASKS
[INTERNAL_LOG][2018-06-12 06:30:16,438][INFO][is_hybird()] android.permission.READ_LOGS
[INTERNAL_LOG][2018-06-12 06:30:16,438][INFO][is_hybird()] android.permission.PACKAGE_USAGE_STATS
[INTERNAL_LOG][2018-06-12 06:30:16,438][INFO][is_hybird()] android.permission.CAMERA
[INTERNAL_LOG][2018-06-12 06:30:16,438][INFO][is_hybird()] android.permission.WRITE_EXTERNAL_STORAGE
[INTERNAL_LOG][2018-06-12 06:30:16,438][INFO][is_hybird()] android.permission.MOUNT_UNMOUNT_FILESYSTEMS
[INTERNAL_LOG][2018-06-12 06:30:16,438][INFO][is_hybird()] android.permission.GET_ACCOUNTS
[INTERNAL_LOG][2018-06-12 06:30:16,438][INFO][is_hybird()] android.permission.MANAGE_ACCOUNTS
[INTERNAL_LOG][2018-06-12 06:30:16,439][INFO][is_hybird()] android.permission.USE_CREDENTIALS
[INTERNAL_LOG][2018-06-12 06:30:16,439][INFO][is_hybird()] android.permission.READ_PHONE_STATE
[INTERNAL_LOG][2018-06-12 06:30:16,439][INFO][is_hybird()] android.permission.PROCESS_OUTGOING_CALLS
[INTERNAL_LOG][2018-06-12 06:30:16,439][INFO][is_hybird()] android.permission.SYSTEM_ALERT_WINDOW
[INTERNAL_LOG][2018-06-12 06:30:16,439][INFO][is_hybird()] android.permission.RESTART_PACKAGES
[INTERNAL_LOG][2018-06-12 06:30:16,439][INFO][is_hybird()] android.permission.RECEIVE_BOOT_COMPLETED
[INTERNAL_LOG][2018-06-12 06:30:16,439][INFO][is_hybird()] android.permission.KILL_BACKGROUND_PROCESSES
[INTERNAL_LOG][2018-06-12 06:30:16,439][INFO][is_hybird()] android.permission.ACCESS_WIFI_STATE
[INTERNAL_LOG][2018-06-12 06:30:16,446][INFO][is_hybird()] android.permission.CHANGE_WIFI_STATE
[INTERNAL_LOG][2018-06-12 06:30:16,449][INFO][is_hybird()] android.permission.ACCESS_NETWORK_STATE
[INTERNAL_LOG][2018-06-12 06:30:16,449][INFO][is_hybird()] android.permission.CHANGE_NETWORK_STATE
[INTERNAL_LOG][2018-06-12 06:30:16,460][INFO][is_hybird()] android.permission.BLUETOOTH
[INTERNAL_LOG][2018-06-12 06:30:16,460][INFO][is_hybird()] android.permission.BLUETOOTH_ADMIN
[INTERNAL_LOG][2018-06-12 06:30:16,460][INFO][is_hybird()] android.permission.WRITE_SETTINGS
[INTERNAL_LOG][2018-06-12 06:30:16,460][INFO][is_hybird()] android.permission.WRITE_SYNC_SETTINGS
[INTERNAL_LOG][2018-06-12 06:30:16,460][INFO][is_hybird()] android.permission.READ_SYNC_SETTINGS
[INTERNAL_LOG][2018-06-12 06:30:16,460][INFO][is_hybird()] com.android.launcher.permission.INSTALL_SHORTCUT
[INTERNAL_LOG][2018-06-12 06:30:16,460][INFO][is_hybird()] com.android.launcher.permission.UNINSTALL_SHORTCUT
[INTERNAL_LOG][2018-06-12 06:30:16,461][INFO][is_hybird()] android.permission.INSTALL_PACKAGES
[INTERNAL_LOG][2018-06-12 06:30:16,461][INFO][is_hybird()] android.permission.DELETE_PACKAGES
[INTERNAL_LOG][2018-06-12 06:30:16,461][INFO][is_hybird()] com.domobile.applock.PERMISSON_STOP_WATCHDOG_AFTER_SCREEN_OFF
[INTERNAL_LOG][2018-06-12 06:30:16,461][INFO][is_hybird()] com.domobile.applock.PERMISSON_MANAGE_OVERLAY
[INTERNAL_LOG][2018-06-12 06:30:16,461][INFO][is_hybird()] android.permission.WAKE_LOCK
[INTERNAL_LOG][2018-06-12 06:30:16,462][INFO][is_hybird()] com.google.android.finsky.permission.BIND_GET_INSTALL_REFERRER_SERVICE
[INTERNAL_LOG][2018-06-12 06:30:16,462][INFO][is_hybird()] com.google.android.c2dm.permission.RECEIVE
[INTERNAL_LOG][2018-06-12 06:30:16,462][INFO][is_hybird()] com.domobile.applock.permission.C2D_MESSAGE
[INTERNAL_LOG][2018-06-12 06:30:16,462][INFO][is_hybird()] com.android.vending.CHECK_LICENSE
[INTERNAL_LOG][2018-06-12 06:30:16,463][INFO][is_hybird()] [Permission End]

[INTERNAL_LOG][2018-06-12 06:30:16,463][INFO][analyze_start()] TYPE APK: [ANDROID NATIVE]

[INTERNAL_LOG][2018-06-12 06:30:16,463][INFO][find_string()] [START FILE ANALYZE]
[INTERNAL_LOG][2018-06-12 06:30:16,463][INFO][find_string()] [END ANALYZE FILE]

[INTERNAL_LOG][2018-06-12 06:30:16,463][INFO][find_string()] [START FILE ANALYZE]
[INTERNAL_LOG][2018-06-12 06:30:16,463][INFO][find_string()] [END ANALYZE FILE]

[INTERNAL_LOG][2018-06-12 06:30:47,145][INFO][find_url_in_apk()] [START URL LOADED INSIDE LOAD FUNCTION]
[INTERNAL_LOG][2018-06-12 06:30:47,145][INFO][find_url_in_apk()] https://www.domobile.com/applock/verify.html

[INTERNAL_LOG][2018-06-12 06:30:47,145][INFO][find_url_in_apk()] [END URL LOADED INSIDE LOAD FUNCTION]
[INTERNAL_LOG][2018-06-12 06:30:47,273][INFO][find_string()] [START REMOTE FILE ANALYZE]
[INTERNAL_LOG][2018-06-12 06:30:47,273][INFO][find_string()] Remote File in: temp_html_code/html_downloaded_AppLock by DoMobile Lab - com/verify.html
[INTERNAL_LOG][2018-06-12 06:30:47,273][INFO][find_string()] URL: https://www.domobile.com/applock/verify.html
[INTERNAL_LOG][2018-06-12 06:30:47,275][INFO][find_string()] No iframe in temp_html_code/html_downloaded_AppLock by DoMobile Lab - com/verify.html
[INTERNAL_LOG][2018-06-12 06:30:47,275][INFO][find_string()] [END ANALYZE FILE]

[INTERNAL_LOG][2018-06-12 06:30:47,275][INFO][find_url_in_apk()] [START ALL URL INSIDE APK]
[INTERNAL_LOG][2018-06-12 06:30:47,275][INFO][find_url_in_apk()] https://settings.crashlytics.com/spi/v2/platforms/android/apps/%s/settings
http://schemas.android.com/apk/res/android
https://www.baidu.com/s?wd=
https://www.google.com/search?q=
https://m.facebook.com/login/
https://mobile.twitter.com/login
https://www.linkedin.com/uas/login
https://accounts.google.com/ServiceLogin?continue=https://plus.google.com
https://accounts.google.com/ServiceLogin
https://play.google.com/store/apps/details?id=
https://graph.facebook.com/network_ads_common
https://graph.%s.facebook.com/network_ads_common
https://www.facebook.com/adnw_logging/
https://www.%s.facebook.com/adnw_logging/
https://www.facebook.com/
https://www.%s.facebook.com
http://play.google.com/store/apps/
http://www.facebook.com
https://pagead2.googlesyndication.com/pagead/gen_204?id=gmob-apps
https://plus.google.com/
https://support.google.com/dfp_premium/answer/7160685#push
https://pagead2.googlesyndication.com/pagead/gen_204
http://www.google.com
http://www.example.com
http://www.example.com
https://googleads.g.doubleclick.net/mads/static/mad/sdk/native/sdk-core-v40.html
https://googleads.g.doubleclick.net/mads/static/mad/sdk/native/production/sdk-core-v40-impl.js
https://googleads.g.doubleclick.net/mads/static/mad/sdk/native/mraid/v2/mraid_app_banner.js
https://googleads.g.doubleclick.net/mads/static/mad/sdk/native/mraid/v2/mraid_app_expanded_banner.js
https://googleads.g.doubleclick.net/mads/static/mad/sdk/native/mraid/v2/mraid_app_interstitial.js
https://csi.gstatic.com/csi
https://googleads.g.doubleclick.net/mads/static/mad/sdk/native/native_ads.html
https://googleads.g.doubleclick.net/mads/static/mad/sdk/native/production/native_ads.js
https://imasdk.googleapis.com/admob/sdkloader/native_video.html
https://www.google.com/dfp/linkDevice
https://www.google.com/dfp/inAppPreview
https://www.google.com/dfp/debugSignals
https://www.google.com/dfp/sendDebugData
https://app-measurement.com/a
https://e.crashlytics.com/spi/v2/events
https://www.domobile.com/servlet/applock
https://play.google.com/store/account/subscriptions
http://schemas.microsoft.com/DRM/2007/03/protocols/AcquireLicense
https://www.%s.facebook.com/audience_network/server_side_reward
https://www.facebook.com/audience_network/server_side_reward
https://www.domobile.com/applock/verify.html
https://play.google.com/store/apps/details?id=com.domobile.applockwatcher
https://www.domobile.com/
https://graph.qq.com/oauth2.0/authorize?response_type=code&client_id=101427101&redirect_uri=https://applock.com.cn&scope=get_user_info
http://www.w3.org/ns/ttml#parameter
https://www.googleapis.com/auth/games_lite
https://www.googleapis.com/auth/games
http://www.twitter.com/bestapplock
http://www.domobile.com
http://www.domobile.com/applock
https://www.google.com
https://applock.com.cn

[INTERNAL_LOG][2018-06-12 06:30:47,276][INFO][find_url_in_apk()] [END ALL URL INSIDE APK]
[INTERNAL_LOG][2018-06-12 06:30:47,292][INFO][check_method_conf()] [JavaScript enabled: True]

[INTERNAL_LOG][2018-06-12 06:30:47,292][INFO][check_method_conf()] [Add interface WebView: True]

[INTERNAL_LOG][2018-06-12 06:30:47,292][INFO][analyze_start()] This app might be not vulnerable on  attack frame confusion.
[INTERNAL_LOG][2018-06-12 06:30:47,292][INFO][analyze_start()] End time:[Tue Jun 12 06:30:47 2018]
