[INTERNAL_LOG][2018-06-12 06:24:41,775][INFO][analyze_start()] Init Time [Tue Jun 12 06:24:41 2018]
[INTERNAL_LOG][2018-06-12 06:24:41,873][INFO][run()] Start Analysis
[INTERNAL_LOG][2018-06-12 06:24:41,875][INFO][is_hybird()] [Permission Enble Start]
[INTERNAL_LOG][2018-06-12 06:24:41,875][INFO][is_hybird()] android.permission.WAKE_LOCK
[INTERNAL_LOG][2018-06-12 06:24:41,875][INFO][is_hybird()] com.google.android.c2dm.permission.RECEIVE
[INTERNAL_LOG][2018-06-12 06:24:41,875][INFO][is_hybird()] android.permission.ACCESS_WIFI_STATE
[INTERNAL_LOG][2018-06-12 06:24:41,875][INFO][is_hybird()] android.permission.KILL_BACKGROUND_PROCESSES
[INTERNAL_LOG][2018-06-12 06:24:41,875][INFO][is_hybird()] android.permission.RECEIVE_BOOT_COMPLETED
[INTERNAL_LOG][2018-06-12 06:24:41,875][INFO][is_hybird()] android.permission.GET_TASKS
[INTERNAL_LOG][2018-06-12 06:24:41,875][INFO][is_hybird()] android.permission.SYSTEM_ALERT_WINDOW
[INTERNAL_LOG][2018-06-12 06:24:41,875][INFO][is_hybird()] android.permission.ACCESS_NETWORK_STATE
[INTERNAL_LOG][2018-06-12 06:24:41,875][INFO][is_hybird()] android.permission.INTERNET
[INTERNAL_LOG][2018-06-12 06:24:41,875][INFO][is_hybird()] android.permission.READ_PHONE_STATE
[INTERNAL_LOG][2018-06-12 06:24:41,875][INFO][is_hybird()] android.permission.GET_ACCOUNTS
[INTERNAL_LOG][2018-06-12 06:24:41,875][INFO][is_hybird()] android.permission.READ_EXTERNAL_STORAGE
[INTERNAL_LOG][2018-06-12 06:24:41,875][INFO][is_hybird()] android.permission.WRITE_EXTERNAL_STORAGE
[INTERNAL_LOG][2018-06-12 06:24:41,875][INFO][is_hybird()] com.apusapps.launcher.permission.APUS
[INTERNAL_LOG][2018-06-12 06:24:41,875][INFO][is_hybird()] com.android.launcher.permission.INSTALL_SHORTCUT
[INTERNAL_LOG][2018-06-12 06:24:41,875][INFO][is_hybird()] com.android.launcher.permission.UNINSTALL_SHORTCUT
[INTERNAL_LOG][2018-06-12 06:24:41,875][INFO][is_hybird()] android.permission.EXPAND_STATUS_BAR
[INTERNAL_LOG][2018-06-12 06:24:41,876][INFO][is_hybird()] android.permission.CLEAR_APP_CACHE
[INTERNAL_LOG][2018-06-12 06:24:41,876][INFO][is_hybird()] android.permission.GET_PACKAGE_SIZE
[INTERNAL_LOG][2018-06-12 06:24:41,876][INFO][is_hybird()] android.permission.PACKAGE_USAGE_STATS
[INTERNAL_LOG][2018-06-12 06:24:41,876][INFO][is_hybird()] android.permission.WRITE_SETTINGS
[INTERNAL_LOG][2018-06-12 06:24:41,876][INFO][is_hybird()] android.permission.AUTHENTICATE_ACCOUNTS
[INTERNAL_LOG][2018-06-12 06:24:41,876][INFO][is_hybird()] android.permission.READ_SYNC_SETTINGS
[INTERNAL_LOG][2018-06-12 06:24:41,876][INFO][is_hybird()] android.permission.WRITE_SYNC_SETTINGS
[INTERNAL_LOG][2018-06-12 06:24:41,876][INFO][is_hybird()] android.permission.USE_FINGERPRINT
[INTERNAL_LOG][2018-06-12 06:24:41,876][INFO][is_hybird()] com.android.launcher.permission.READ_SETTINGS
[INTERNAL_LOG][2018-06-12 06:24:41,876][INFO][is_hybird()] com.android.launcher2.permission.READ_SETTINGS
[INTERNAL_LOG][2018-06-12 06:24:41,876][INFO][is_hybird()] com.android.launcher3.permission.READ_SETTINGS
[INTERNAL_LOG][2018-06-12 06:24:41,876][INFO][is_hybird()] android.permission.MANAGE_ACCOUNTS
[INTERNAL_LOG][2018-06-12 06:24:41,876][INFO][is_hybird()] android.permission.CHANGE_NETWORK_STATE
[INTERNAL_LOG][2018-06-12 06:24:41,876][INFO][is_hybird()] android.permission.CHANGE_WIFI_STATE
[INTERNAL_LOG][2018-06-12 06:24:41,876][INFO][is_hybird()] android.permission.CAMERA
[INTERNAL_LOG][2018-06-12 06:24:41,876][INFO][is_hybird()] android.permission.FLASHLIGHT
[INTERNAL_LOG][2018-06-12 06:24:41,876][INFO][is_hybird()] android.permission.BLUETOOTH_ADMIN
[INTERNAL_LOG][2018-06-12 06:24:41,876][INFO][is_hybird()] android.permission.BLUETOOTH
[INTERNAL_LOG][2018-06-12 06:24:41,876][INFO][is_hybird()] android.permission.VIBRATE
[INTERNAL_LOG][2018-06-12 06:24:41,876][INFO][is_hybird()] android.permission.RECEIVE_SMS
[INTERNAL_LOG][2018-06-12 06:24:41,876][INFO][is_hybird()] android.permission.CALL_PHONE
[INTERNAL_LOG][2018-06-12 06:24:41,877][INFO][is_hybird()] android.permission.ACCESS_FINE_LOCATION
[INTERNAL_LOG][2018-06-12 06:24:41,877][INFO][is_hybird()] android.permission.PROCESS_OUTGOING_CALLS
[INTERNAL_LOG][2018-06-12 06:24:41,877][INFO][is_hybird()] android.permission.READ_CONTACTS
[INTERNAL_LOG][2018-06-12 06:24:41,877][INFO][is_hybird()] android.permission.READ_CALL_LOG
[INTERNAL_LOG][2018-06-12 06:24:41,877][INFO][is_hybird()] com.google.android.finsky.permission.BIND_GET_INSTALL_REFERRER_SERVICE
[INTERNAL_LOG][2018-06-12 06:24:41,877][INFO][is_hybird()] [Permission End]

[INTERNAL_LOG][2018-06-12 06:24:41,877][INFO][analyze_start()] TYPE APK: [ANDROID NATIVE]

[INTERNAL_LOG][2018-06-12 06:24:41,877][INFO][find_string()] [START FILE ANALYZE]
[INTERNAL_LOG][2018-06-12 06:24:41,877][INFO][find_string()] File: assets/back_blank.html
[INTERNAL_LOG][2018-06-12 06:24:41,877][INFO][find_string()] No iframe in assets/back_blank.html
[INTERNAL_LOG][2018-06-12 06:24:41,893][INFO][find_string()] File: assets/blank.html
[INTERNAL_LOG][2018-06-12 06:24:41,905][INFO][find_string()] No iframe in assets/blank.html
[INTERNAL_LOG][2018-06-12 06:24:41,926][INFO][find_string()] File: assets/chaos/overview_account.html
[INTERNAL_LOG][2018-06-12 06:24:41,944][INFO][find_string()] No iframe in assets/chaos/overview_account.html
[INTERNAL_LOG][2018-06-12 06:24:41,945][INFO][find_string()] File: assets/chaos/v1-advertising.html
[INTERNAL_LOG][2018-06-12 06:24:41,946][INFO][find_string()] No iframe in assets/chaos/v1-advertising.html
[INTERNAL_LOG][2018-06-12 06:24:41,946][INFO][find_string()] File: assets/chaos/v1-choose.html
[INTERNAL_LOG][2018-06-12 06:24:41,947][INFO][find_string()] No iframe in assets/chaos/v1-choose.html
[INTERNAL_LOG][2018-06-12 06:24:41,947][INFO][find_string()] File: assets/chaos/v1-custom-setting.html
[INTERNAL_LOG][2018-06-12 06:24:41,948][INFO][find_string()] No iframe in assets/chaos/v1-custom-setting.html
[INTERNAL_LOG][2018-06-12 06:24:41,948][INFO][find_string()] File: assets/chaos/v1-global.html
[INTERNAL_LOG][2018-06-12 06:24:41,949][INFO][find_string()] No iframe in assets/chaos/v1-global.html
[INTERNAL_LOG][2018-06-12 06:24:41,949][INFO][find_string()] [END ANALYZE FILE]

[INTERNAL_LOG][2018-06-12 06:24:41,949][INFO][find_string()] [START FILE ANALYZE]
[INTERNAL_LOG][2018-06-12 06:24:41,949][INFO][find_string()] File: assets/chaos/chaos.js
[INTERNAL_LOG][2018-06-12 06:24:41,951][INFO][find_string()] No iframe in assets/chaos/chaos.js
[INTERNAL_LOG][2018-06-12 06:24:41,951][INFO][find_string()] File: assets/chaos/plugins.js
[INTERNAL_LOG][2018-06-12 06:24:41,952][INFO][find_string()] No iframe in assets/chaos/plugins.js
[INTERNAL_LOG][2018-06-12 06:24:41,952][INFO][find_string()] File: assets/chaos/plugins/chaos-plugin-account/Account.js
[INTERNAL_LOG][2018-06-12 06:24:41,952][INFO][find_string()] No iframe in assets/chaos/plugins/chaos-plugin-account/Account.js
[INTERNAL_LOG][2018-06-12 06:24:41,952][INFO][find_string()] File: assets/chaos/plugins/chaos-plugin-alex/alex.js
[INTERNAL_LOG][2018-06-12 06:24:41,953][INFO][find_string()] No iframe in assets/chaos/plugins/chaos-plugin-alex/alex.js
[INTERNAL_LOG][2018-06-12 06:24:41,953][INFO][find_string()] File: assets/chaos/plugins/chaos-plugin-fantasy/fantasy_bridge.js
[INTERNAL_LOG][2018-06-12 06:24:41,953][INFO][find_string()] No iframe in assets/chaos/plugins/chaos-plugin-fantasy/fantasy_bridge.js
[INTERNAL_LOG][2018-06-12 06:24:41,953][INFO][find_string()] File: assets/chaos/plugins/chaos-plugin-reward/Reward.js
[INTERNAL_LOG][2018-06-12 06:24:41,954][INFO][find_string()] No iframe in assets/chaos/plugins/chaos-plugin-reward/Reward.js
[INTERNAL_LOG][2018-06-12 06:24:41,954][INFO][find_string()] File: assets/chaos/static/js/all.js
[INTERNAL_LOG][2018-06-12 06:24:41,955][INFO][find_string()] No iframe in assets/chaos/static/js/all.js
[INTERNAL_LOG][2018-06-12 06:24:41,955][INFO][find_string()] File: assets/mark_ad.js
[INTERNAL_LOG][2018-06-12 06:24:41,956][INFO][find_string()] No iframe in assets/mark_ad.js
[INTERNAL_LOG][2018-06-12 06:24:41,957][INFO][find_string()] File: assets/remove_marked_ad.js
[INTERNAL_LOG][2018-06-12 06:24:41,957][INFO][find_string()] No iframe in assets/remove_marked_ad.js
[INTERNAL_LOG][2018-06-12 06:24:41,958][INFO][find_string()] [END ANALYZE FILE]

[INTERNAL_LOG][2018-06-12 06:25:38,283][INFO][find_url_in_apk()] [START URL LOADED INSIDE LOAD FUNCTION]
[INTERNAL_LOG][2018-06-12 06:25:38,283][INFO][find_url_in_apk()] https://www.yahoo.com/?ilc=401

[INTERNAL_LOG][2018-06-12 06:25:38,283][INFO][find_url_in_apk()] [END URL LOADED INSIDE LOAD FUNCTION]
[INTERNAL_LOG][2018-06-12 06:25:39,055][INFO][find_string()] [START REMOTE FILE ANALYZE]
[INTERNAL_LOG][2018-06-12 06:25:39,056][INFO][find_string()] Remote File in: temp_html_code/html_downloaded_APUS Booster - Space Cleaner _ Booster by APUS APPS - com/?ilc=401
[INTERNAL_LOG][2018-06-12 06:25:39,056][INFO][find_string()] URL: https://www.yahoo.com/?ilc=401
[INTERNAL_LOG][2018-06-12 06:25:39,106][INFO][find_string()] No iframe in temp_html_code/html_downloaded_APUS Booster - Space Cleaner _ Booster by APUS APPS - com/?ilc=401
[INTERNAL_LOG][2018-06-12 06:25:39,106][INFO][find_string()] [END ANALYZE FILE]

[INTERNAL_LOG][2018-06-12 06:25:39,106][INFO][find_url_in_apk()] [START ALL URL INSIDE APK]
[INTERNAL_LOG][2018-06-12 06:25:39,106][INFO][find_url_in_apk()] http://schemas.android.com/apk/res/android
http://schemas.android.com/apk/res/android
http://weather.subcdn.com
https://a.applovin.com/ad
http://booster-game.apusapps.com/game/category
http://xmlpull.org/v1/doc/features.html#indent-output
http://xmlpull.org/v1/doc/features.html#indent-output
https://graph.facebook.com/network_ads_common
https://graph.%s.facebook.com/network_ads_common
https://www.facebook.com/adnw_logging/
https://www.%s.facebook.com/adnw_logging/
https://www.facebook.com/
https://www.%s.facebook.com
http://www.facebook.com
https://graph.%s
https://graph-video.%s
https://facebook.com
http://play.google.com/store/apps/details?id=com.facebook.orca
https://pagead2.googlesyndication.com/pagead/gen_204?id=gmob-apps
https://plus.google.com/
http://www.example.com
http://www.example.com
https://googleads.g.doubleclick.net/mads/static/mad/sdk/native/sdk-core-v40.html
https://googleads.g.doubleclick.net/mads/static/mad/sdk/native/mraid/v2/mraid_app_banner.js
https://googleads.g.doubleclick.net/mads/static/mad/sdk/native/mraid/v2/mraid_app_expanded_banner.js
https://googleads.g.doubleclick.net/mads/static/mad/sdk/native/mraid/v2/mraid_app_interstitial.js
https://csi.gstatic.com/csi
https://googleads.g.doubleclick.net/mads/static/mad/sdk/native/native_ads.html
https://googleads.g.doubleclick.net/mads/static/mad/sdk/native/native_video_ads.html
https://www.google.com/dfp/linkDevice
https://www.google.com/dfp/inAppPreview
https://www.google.com/dfp/debugSignals
https://www.google.com/dfp/sendDebugData
https://pagead2.googlesyndication.com/pagead/gen_204
http://www.google.com
https://support.google.com/dfp_premium/answer/7160685#push
http://static.update.apusbrowser.com/apusbrowser/broswer/20171023094912f324137f97.png
http://play.google.com/store/apps/details?id=%s
http://play.google.com/store/apps/details?id=%s
http://play.google.com/store/apps/details?id=%s
http://play.google.com/store/apps/details?id=%s
http://play.google.com/store/apps/details?id=%s
http://play.google.com/store/apps/details?id=%s
http://play.google.com/store/apps/details?id=%s
http://play.google.com/store/apps/details?id=%s
http://play.google.com/store/apps/details?id=%s
https://play.google.com
https://play.google.com
http://play.google.com
http://play.google.com
https://weather.com/wx/today/
https://www.yahoo.com/?ilc=401
http://play.google.com/store/apps/details?id=%s&referrer=utm_source=
http://m.facebook.com/ads/ad_choices
http://m.facebook.com/ads/ad_choices
https://www.%s.facebook.com/audience_network/server_side_reward
https://www.facebook.com/audience_network/server_side_reward
http://r.apusapps.com
http://u.apusapps.com
https://www.googleapis.com/auth/games
http://sc.topcontentss.com/v1/b/l
http://schemas.android.com/apk/lib/com.inmobi.ads
http://schemas.android.com/apk/lib/com.inmobi.ads
https://i.l.inmobicdn.net/sdk/sdk/500/android/mraid.js
https://config.inmobi.cn/config-server/v1/config/secure.cfg
https://config.inmobi.cn/config-server/v1/config/secure.cfg
https://config.inmobi.cn/config-server/v1/config/secure.cfg
https://www.inmobi.com/products/sdk/#downloads
http://twitter.com/home?status=
https://m.google.com/app/plus/x/?v=compose&content=
https://www.facebook.com/dialog/feed?app_id=181821551957328&link=
https://dock.inmobi.com/carb/v1/i
https://dock.inmobi.com/carb/v1/o
https://sdkm.w.inmobi.com/user/e.asm
https://z.moatads.com/
http://cdn.mobpowertech.com/gdpr/MobPowerPrivacyPolicySetting.html
http://cdn.mobpowertech.com/gdpr/MobPowerPrivacyPolicySetting.html
http://cdn.mobpowertech.com/gdpr/MobPowerPrivacyPolicySetting.html
https://play.google.com/
https://play.google.com/
https://play.google.com/
http://scheme.mobpowertech.com/v1/video/callback
https://android.clients.google.com/
https://ads.mopub.com/
https://twitter.com/%s/status/%s
http://ads.mopub.com
https://ads.mopub.com
http://goo.gl/cPH2N9
https://m.facebook.com/apusgroup
http://www.apusapps.com/en/browser/
https://twitter.com/ApusGroup
http://clean.api.hermesccloud.com/v3/path/getinfo
http://www.google.com/complete/search?output=firefox&hl=en&q=%s
https://mobile-static.adsafeprotected.com/avid-v2.js
https://i.w.inmobi.com/showad.asm
https://sdktm.w.inmobi.com/sdkpubreq/v2
https://crash-metrics.sdk.inmobi.com/trace
https://config.inmobi.com/config-server/v1/config/secure.cfg
https://telemetry.sdk.inmobi.com/metrics
https://play.google.com/store/apps/details?id=%s
https://play.google.com/store/apps/details?id=
https://www.mopub.com/optout
http://privacy-api.apusapps.com/policy/uri?packageName=%1s&countryCode=%1s&languageCode=%1s&versionCode=%1s&type=%1s
https://mobile.twitter.com/ApusGroup
http://www.apusapps.com
http://activity.subcdn.com/yswd-jf
http://static-dual.apusapps.com/common/launcher_inviteFriendsRules.html
http://mpx.mopub.com/imp?
https://www.facebook.com/sharer
http://m.facebook.com/sharer
https://m.facebook.com/dialog/feed
https://plus.google.com/share
https://twitter.com/share
http://www.
https://www.
https://m.youtube.com/
https://m.youtube.com/
https://m.facebook.com/
https://m.facebook.com/
https://www.netflix.com/
https://www.netflix.com/
https://www.amazon.com/
https://www.amazon.com/
https://mobile.twitter.com/
https://mobile.twitter.com/
https://www.reddit.com/
https://www.reddit.com/
http://m.ebay.com/
http://m.ebay.com/
https://m.imgur.com/
https://m.imgur.com/
http://static.update.enosishermes.com/superbrowser/broswer/20170914155140269a86922e.png
http://static.update.enosishermes.com/superbrowser/broswer/20170914155140269a86922e.png
http://static.update.enosishermes.com/superbrowser/broswer/20170914155030525c69fdf9.png
http://static.update.enosishermes.com/superbrowser/broswer/20170914155030525c69fdf9.png
http://static.update.enosishermes.com/superbrowser/broswer/20170914155101f251fc48bc.png
http://static.update.enosishermes.com/superbrowser/broswer/20170914155101f251fc48bc.png
http://static.update.enosishermes.com/superbrowser/broswer/20170914154955c87e55ca29.png
http://static.update.enosishermes.com/superbrowser/broswer/20170914154955c87e55ca29.png
http://static.update.enosishermes.com/superbrowser/broswer/201709141551283ef6779171.png
http://static.update.enosishermes.com/superbrowser/broswer/201709141551283ef6779171.png
http://static.update.enosishermes.com/superbrowser/broswer/20170914155114f0434f1b75.png
http://static.update.enosishermes.com/superbrowser/broswer/20170914155114f0434f1b75.png
http://static.update.enosishermes.com/superbrowser/broswer/20170914155014cc434f4e1d.png
http://static.update.enosishermes.com/superbrowser/broswer/20170914155014cc434f4e1d.png
http://static.update.enosishermes.com/superbrowser/broswer/20170914155046b4d2c5de1f.png
http://static.update.enosishermes.com/superbrowser/broswer/20170914155046b4d2c5de1f.png
http://static.update.augeapps.com/superlocker/IgFrcoL.png
http://activity.apusapps.com/balance-web/red-invite.html
http://activity.apusapps.com/balance-web/integral-invite-page.html
http://ads1.api.topcontentss.com/client
http://h5game.subcdn.com/05/

[INTERNAL_LOG][2018-06-12 06:25:39,106][INFO][find_url_in_apk()] [END ALL URL INSIDE APK]
[INTERNAL_LOG][2018-06-12 06:25:39,111][INFO][check_method_conf()] [JavaScript enabled: True]

[INTERNAL_LOG][2018-06-12 06:25:39,111][INFO][check_method_conf()] [Add interface WebView: True]

[INTERNAL_LOG][2018-06-12 06:25:39,111][INFO][analyze_start()] This app might be not vulnerable on  attack frame confusion.
[INTERNAL_LOG][2018-06-12 06:25:39,111][INFO][analyze_start()] End time:[Tue Jun 12 06:25:39 2018]
