[INTERNAL_LOG][2018-06-12 02:50:58,255][INFO][analyze_start()] Init Time [Tue Jun 12 02:50:58 2018]
[INTERNAL_LOG][2018-06-12 02:50:58,277][INFO][is_hybird()] [Permission Enble Start]
[INTERNAL_LOG][2018-06-12 02:50:58,277][INFO][run()] Start Analysis
[INTERNAL_LOG][2018-06-12 02:50:58,278][INFO][is_hybird()] com.android.vending.BILLING
[INTERNAL_LOG][2018-06-12 02:50:58,278][INFO][is_hybird()] android.permission.ACCESS_WIFI_STATE
[INTERNAL_LOG][2018-06-12 02:50:58,278][INFO][is_hybird()] android.permission.READ_PHONE_STATE
[INTERNAL_LOG][2018-06-12 02:50:58,278][INFO][is_hybird()] android.permission.INTERNET
[INTERNAL_LOG][2018-06-12 02:50:58,278][INFO][is_hybird()] android.permission.WRITE_EXTERNAL_STORAGE
[INTERNAL_LOG][2018-06-12 02:50:58,278][INFO][is_hybird()] android.permission.ACCESS_NETWORK_STATE
[INTERNAL_LOG][2018-06-12 02:50:58,278][INFO][is_hybird()] [Permission End]

[INTERNAL_LOG][2018-06-12 02:50:58,278][INFO][analyze_start()] TYPE APK: [ANDROID NATIVE]

[INTERNAL_LOG][2018-06-12 02:50:58,278][INFO][find_string()] [START FILE ANALYZE]
[INTERNAL_LOG][2018-06-12 02:50:58,278][INFO][find_string()] File: js/closebutton.html
[INTERNAL_LOG][2018-06-12 02:50:58,290][INFO][find_string()] No iframe in js/closebutton.html
[INTERNAL_LOG][2018-06-12 02:50:58,290][INFO][find_string()] [END ANALYZE FILE]

[INTERNAL_LOG][2018-06-12 02:50:58,291][INFO][find_string()] [START FILE ANALYZE]
[INTERNAL_LOG][2018-06-12 02:50:58,291][INFO][find_string()] File: js/mraid.js
[INTERNAL_LOG][2018-06-12 02:50:58,295][INFO][find_string()] No iframe in js/mraid.js
[INTERNAL_LOG][2018-06-12 02:50:58,295][INFO][find_string()] [END ANALYZE FILE]

[INTERNAL_LOG][2018-06-12 02:51:11,180][INFO][find_url_in_apk()] [START URL LOADED INSIDE LOAD FUNCTION]
[INTERNAL_LOG][2018-06-12 02:51:11,181][INFO][find_url_in_apk()] http://play.google.com/store/apps/
http://play.google.com/store/apps/
http://featured.perfectionholic.com:8080/moregames/index_app.html
http://featured.perfectionholic.com:8080/moregames/index_app.html
http://featured.perfectionholic.com:8080/moregames/index.html
http://featured.perfectionholic.com:8080/moregames/index.html

[INTERNAL_LOG][2018-06-12 02:51:11,181][INFO][find_url_in_apk()] [END URL LOADED INSIDE LOAD FUNCTION]
[INTERNAL_LOG][2018-06-12 02:51:12,034][ERROR][download_page_loaded()] Failed download: http://play.google.com/store/apps/ for exception [Errno 21] Is a directory: 'temp_html_code/html_downloaded_Archery Master 3D by TerranDroid - com/'
[INTERNAL_LOG][2018-06-12 02:51:12,737][ERROR][download_page_loaded()] Failed download: http://play.google.com/store/apps/ for exception [Errno 21] Is a directory: 'temp_html_code/html_downloaded_Archery Master 3D by TerranDroid - com/'
[INTERNAL_LOG][2018-06-12 02:51:14,347][INFO][find_string()] [START REMOTE FILE ANALYZE]
[INTERNAL_LOG][2018-06-12 02:51:14,348][INFO][find_string()] Remote File in: temp_html_code/html_downloaded_Archery Master 3D by TerranDroid - com/index_app.html
[INTERNAL_LOG][2018-06-12 02:51:14,348][INFO][find_string()] URL: http://featured.perfectionholic.com:8080/moregames/index_app.html
[INTERNAL_LOG][2018-06-12 02:51:14,356][INFO][find_string()] No iframe in temp_html_code/html_downloaded_Archery Master 3D by TerranDroid - com/index_app.html
[INTERNAL_LOG][2018-06-12 02:51:14,356][INFO][find_string()] Remote File in: temp_html_code/html_downloaded_Archery Master 3D by TerranDroid - com/index.html
[INTERNAL_LOG][2018-06-12 02:51:14,356][INFO][find_string()] URL: http://featured.perfectionholic.com:8080/moregames/index.html
[INTERNAL_LOG][2018-06-12 02:51:14,368][INFO][find_string()] No iframe in temp_html_code/html_downloaded_Archery Master 3D by TerranDroid - com/index.html
[INTERNAL_LOG][2018-06-12 02:51:14,368][INFO][find_string()] [END ANALYZE FILE]

[INTERNAL_LOG][2018-06-12 02:51:14,368][INFO][find_url_in_apk()] [START ALL URL INSIDE APK]
[INTERNAL_LOG][2018-06-12 02:51:14,368][INFO][find_url_in_apk()] http://data2.doodlemobile.com:8080/dmdata_zmm/ReceiveServlet
http://newfeatureview.perfectionholic.com/featureview/gettime/
http://newfeatureview.perfectionholic.com/featureview/gettime/
http://ec2-184-73-77-17.compute-1.amazonaws.com/featureview/gettime/
http://ec2-184-73-77-17.compute-1.amazonaws.com/featureview/gettime/
http://f2.doodlemobile.com/feature_server/geo-ip/test.php
http://newfeatureview.perfectionholic.com/featureview/getfeatureview/
http://f2.doodlemobile.com/feature_server/fullScreen/get.php
http://play.google.com/store/apps/
http://play.google.com/store/apps/
http://featured.perfectionholic.com:8080/moregames/index_app.html
http://featured.perfectionholic.com:8080/moregames/index_app.html
http://featured.perfectionholic.com:8080/moregames/index.html
http://featured.perfectionholic.com:8080/moregames/index.html
http://192.168.1.241:8080/featureserver/receiveuesraction
https://graph.facebook.com/network_ads_common
https://graph.%s.facebook.com/network_ads_common
https://www.facebook.com/adnw_logging/
https://www.%s.facebook.com/adnw_logging/
https://www.facebook.com/
https://www.%s.facebook.com
http://www.facebook.com
https://graph.%s
https://graph-video.%s
https://facebook.com
http://play.google.com/store/apps/details?id=com.facebook.orca
https://pagead2.googlesyndication.com/pagead/gen_204?id=gmob-apps
https://plus.google.com/
https://connect.tapjoy.com/
https://connect.tapjoy.com/
https://ws.tapjoyads.com/
https://ws.tapjoyads.com/
https://ws.tapjoyads.com/
https://ws.tapjoyads.com/
http://content-js.tapjoy.com
https://events.tapjoy.com/
https://s3.amazonaws.com/tapjoy/videos/assets/watermark.png
https://config.unityads.unity3d.com/webview/
http://m.facebook.com/ads/ad_choices
http://m.facebook.com/ads/ad_choices
https://www.facebook.com/audience_network/server_side_reward
https://www.%s.facebook.com/audience_network/server_side_reward
http://data.flurry.com/aap.do
https://data.flurry.com/aap.do

[INTERNAL_LOG][2018-06-12 02:51:14,368][INFO][find_url_in_apk()] [END ALL URL INSIDE APK]
[INTERNAL_LOG][2018-06-12 02:51:14,379][INFO][check_method_conf()] [JavaScript enabled: True]

[INTERNAL_LOG][2018-06-12 02:51:14,379][INFO][check_method_conf()] [Add interface WebView: True]

[INTERNAL_LOG][2018-06-12 02:51:14,379][INFO][analyze_start()] This app might be not vulnerable on  attack frame confusion.
[INTERNAL_LOG][2018-06-12 02:51:14,379][INFO][analyze_start()] End time:[Tue Jun 12 02:51:14 2018]
