[INTERNAL_LOG][2018-06-12 05:54:57,022][INFO][analyze_start()] Init Time [Tue Jun 12 05:54:57 2018]
[INTERNAL_LOG][2018-06-12 05:54:57,191][INFO][run()] Start Analysis
[INTERNAL_LOG][2018-06-12 05:54:57,193][INFO][is_hybird()] [Permission Enble Start]
[INTERNAL_LOG][2018-06-12 05:54:57,193][INFO][is_hybird()] com.google.android.c2dm.permission.RECEIVE
[INTERNAL_LOG][2018-06-12 05:54:57,193][INFO][is_hybird()] com.askfm.permission.BROADCAST
[INTERNAL_LOG][2018-06-12 05:54:57,193][INFO][is_hybird()] android.permission.INTERNET
[INTERNAL_LOG][2018-06-12 05:54:57,193][INFO][is_hybird()] android.permission.READ_EXTERNAL_STORAGE
[INTERNAL_LOG][2018-06-12 05:54:57,193][INFO][is_hybird()] android.permission.WRITE_EXTERNAL_STORAGE
[INTERNAL_LOG][2018-06-12 05:54:57,193][INFO][is_hybird()] android.permission.ACCESS_NETWORK_STATE
[INTERNAL_LOG][2018-06-12 05:54:57,193][INFO][is_hybird()] android.permission.ACCESS_WIFI_STATE
[INTERNAL_LOG][2018-06-12 05:54:57,193][INFO][is_hybird()] android.permission.VIBRATE
[INTERNAL_LOG][2018-06-12 05:54:57,193][INFO][is_hybird()] android.permission.CAMERA
[INTERNAL_LOG][2018-06-12 05:54:57,193][INFO][is_hybird()] android.permission.RECORD_AUDIO
[INTERNAL_LOG][2018-06-12 05:54:57,193][INFO][is_hybird()] android.permission.READ_CONTACTS
[INTERNAL_LOG][2018-06-12 05:54:57,193][INFO][is_hybird()] android.permission.ACCESS_FINE_LOCATION
[INTERNAL_LOG][2018-06-12 05:54:57,193][INFO][is_hybird()] android.permission.WAKE_LOCK
[INTERNAL_LOG][2018-06-12 05:54:57,193][INFO][is_hybird()] com.askfm.permission.C2D_MESSAGE
[INTERNAL_LOG][2018-06-12 05:54:57,193][INFO][is_hybird()] com.sec.android.provider.badge.permission.READ
[INTERNAL_LOG][2018-06-12 05:54:57,193][INFO][is_hybird()] com.sec.android.provider.badge.permission.WRITE
[INTERNAL_LOG][2018-06-12 05:54:57,194][INFO][is_hybird()] com.htc.launcher.permission.READ_SETTINGS
[INTERNAL_LOG][2018-06-12 05:54:57,194][INFO][is_hybird()] com.htc.launcher.permission.UPDATE_SHORTCUT
[INTERNAL_LOG][2018-06-12 05:54:57,194][INFO][is_hybird()] com.sonyericsson.home.permission.BROADCAST_BADGE
[INTERNAL_LOG][2018-06-12 05:54:57,194][INFO][is_hybird()] com.sonymobile.home.permission.PROVIDER_INSERT_BADGE
[INTERNAL_LOG][2018-06-12 05:54:57,194][INFO][is_hybird()] com.anddoes.launcher.permission.UPDATE_COUNT
[INTERNAL_LOG][2018-06-12 05:54:57,194][INFO][is_hybird()] com.majeur.launcher.permission.UPDATE_BADGE
[INTERNAL_LOG][2018-06-12 05:54:57,194][INFO][is_hybird()] com.huawei.android.launcher.permission.CHANGE_BADGE
[INTERNAL_LOG][2018-06-12 05:54:57,194][INFO][is_hybird()] com.huawei.android.launcher.permission.READ_SETTINGS
[INTERNAL_LOG][2018-06-12 05:54:57,194][INFO][is_hybird()] com.huawei.android.launcher.permission.WRITE_SETTINGS
[INTERNAL_LOG][2018-06-12 05:54:57,194][INFO][is_hybird()] android.permission.READ_APP_BADGE
[INTERNAL_LOG][2018-06-12 05:54:57,194][INFO][is_hybird()] com.oppo.launcher.permission.READ_SETTINGS
[INTERNAL_LOG][2018-06-12 05:54:57,194][INFO][is_hybird()] com.oppo.launcher.permission.WRITE_SETTINGS
[INTERNAL_LOG][2018-06-12 05:54:57,194][INFO][is_hybird()] me.everything.badger.permission.BADGE_COUNT_READ
[INTERNAL_LOG][2018-06-12 05:54:57,194][INFO][is_hybird()] me.everything.badger.permission.BADGE_COUNT_WRITE
[INTERNAL_LOG][2018-06-12 05:54:57,194][INFO][is_hybird()] com.google.android.finsky.permission.BIND_GET_INSTALL_REFERRER_SERVICE
[INTERNAL_LOG][2018-06-12 05:54:57,194][INFO][is_hybird()] android.permission.BLUETOOTH
[INTERNAL_LOG][2018-06-12 05:54:57,194][INFO][is_hybird()] android.permission.BLUETOOTH_ADMIN
[INTERNAL_LOG][2018-06-12 05:54:57,194][INFO][is_hybird()] android.permission.RECEIVE_BOOT_COMPLETED
[INTERNAL_LOG][2018-06-12 05:54:57,194][INFO][is_hybird()] [Permission End]

[INTERNAL_LOG][2018-06-12 05:54:57,194][INFO][analyze_start()] TYPE APK: [ANDROID NATIVE]

[INTERNAL_LOG][2018-06-12 05:54:57,194][INFO][find_string()] [START FILE ANALYZE]
[INTERNAL_LOG][2018-06-12 05:54:57,195][INFO][find_string()] File: assets/acknowledgements.html
[INTERNAL_LOG][2018-06-12 05:54:57,196][INFO][find_string()] No iframe in assets/acknowledgements.html
[INTERNAL_LOG][2018-06-12 05:54:57,196][INFO][find_string()] [END ANALYZE FILE]

[INTERNAL_LOG][2018-06-12 05:54:57,196][INFO][find_string()] [START FILE ANALYZE]
[INTERNAL_LOG][2018-06-12 05:54:57,196][INFO][find_string()] File: assets/mmadsdk/actionsQueue.js
[INTERNAL_LOG][2018-06-12 05:54:57,197][INFO][find_string()] No iframe in assets/mmadsdk/actionsQueue.js
[INTERNAL_LOG][2018-06-12 05:54:57,197][INFO][find_string()] File: assets/mmadsdk/mm.js
[INTERNAL_LOG][2018-06-12 05:54:57,199][INFO][find_string()] No iframe in assets/mmadsdk/mm.js
[INTERNAL_LOG][2018-06-12 05:54:57,199][INFO][find_string()] File: assets/mmadsdk/mraid.js
[INTERNAL_LOG][2018-06-12 05:54:57,201][INFO][find_string()] No iframe in assets/mmadsdk/mraid.js
[INTERNAL_LOG][2018-06-12 05:54:57,201][INFO][find_string()] File: assets/mmadsdk/vpaid.js
[INTERNAL_LOG][2018-06-12 05:54:57,280][INFO][find_string()] No iframe in assets/mmadsdk/vpaid.js
[INTERNAL_LOG][2018-06-12 05:54:57,280][INFO][find_string()] [END ANALYZE FILE]

[INTERNAL_LOG][2018-06-12 05:56:29,275][INFO][find_url_in_apk()] [START URL LOADED INSIDE LOAD FUNCTION]
[INTERNAL_LOG][2018-06-12 05:56:29,276][INFO][find_url_in_apk()] https://sdk.starbolt.io/dist/tagInterstitialAndroid.html
https://sdk.starbolt.io/dist/tagVideoAndroid.html
https://sdk.starbolt.io/dist/waterfall/waterfall.html

[INTERNAL_LOG][2018-06-12 05:56:29,276][INFO][find_url_in_apk()] [END URL LOADED INSIDE LOAD FUNCTION]
[INTERNAL_LOG][2018-06-12 05:56:30,314][INFO][find_string()] [START REMOTE FILE ANALYZE]
[INTERNAL_LOG][2018-06-12 05:56:30,314][INFO][find_string()] Remote File in: temp_html_code/html_downloaded_ASKfm - Ask Me Anonymous Questions by Ask/tagInterstitialAndroid.html
[INTERNAL_LOG][2018-06-12 05:56:30,315][INFO][find_string()] URL: https://sdk.starbolt.io/dist/tagInterstitialAndroid.html
[INTERNAL_LOG][2018-06-12 05:56:30,317][INFO][find_string()] No iframe in temp_html_code/html_downloaded_ASKfm - Ask Me Anonymous Questions by Ask/tagInterstitialAndroid.html
[INTERNAL_LOG][2018-06-12 05:56:30,317][INFO][find_string()] Remote File in: temp_html_code/html_downloaded_ASKfm - Ask Me Anonymous Questions by Ask/tagVideoAndroid.html
[INTERNAL_LOG][2018-06-12 05:56:30,317][INFO][find_string()] URL: https://sdk.starbolt.io/dist/tagVideoAndroid.html
[INTERNAL_LOG][2018-06-12 05:56:30,319][INFO][find_string()] No iframe in temp_html_code/html_downloaded_ASKfm - Ask Me Anonymous Questions by Ask/tagVideoAndroid.html
[INTERNAL_LOG][2018-06-12 05:56:30,320][INFO][find_string()] Remote File in: temp_html_code/html_downloaded_ASKfm - Ask Me Anonymous Questions by Ask/waterfall.html
[INTERNAL_LOG][2018-06-12 05:56:30,320][INFO][find_string()] URL: https://sdk.starbolt.io/dist/waterfall/waterfall.html
[INTERNAL_LOG][2018-06-12 05:56:30,322][INFO][find_string()] No iframe in temp_html_code/html_downloaded_ASKfm - Ask Me Anonymous Questions by Ask/waterfall.html
[INTERNAL_LOG][2018-06-12 05:56:30,322][INFO][find_string()] [END ANALYZE FILE]

[INTERNAL_LOG][2018-06-12 05:56:30,322][INFO][find_url_in_apk()] [START ALL URL INSIDE APK]
[INTERNAL_LOG][2018-06-12 05:56:30,323][INFO][find_url_in_apk()] http://schemas.android.com/apk/res/android
http://schemas.android.com/apk/res/android
https://www.example.com
https://www.example.com
https://d3tplke66d0j4g.cloudfront.net/sdk-vpaid/0.3/VPAID.html
https://d3tplke66d0j4g.cloudfront.net/sdk-vpaid/0.3/VPAID.js
https://d3tplke66d0j4g.cloudfront.net/sdk-vpaid/0.3/VPAIDBridge.js
https://d3tplke66d0j4g.cloudfront.net/img/poster.gif
https://www.appnext.com/privacy_policy/index.html?z=
https://www.appnext.com/privacy_policy/index.html?z=
https://www.appnext.com/privacy_policy/index.html?z=
https://attr.%s/api/v
https://t.%s/api/v
https://events.%s/api/v
https://register.%s/api/v
https://stats.%s/stats
http://schemas.microsoft.com/DRM/2007/03/protocols/AcquireLicense
https://pagead2.googlesyndication.com/pagead/gen_204
https://googleads.g.doubleclick.net/mads/static/mad/sdk/native/sdk-core-v40.html
https://googleads.g.doubleclick.net/mads/static/mad/sdk/native/production/sdk-core-v40-impl.js
https://googleads.g.doubleclick.net/mads/static/mad/sdk/native/mraid/v2/mraid_app_banner.js
https://googleads.g.doubleclick.net/mads/static/mad/sdk/native/mraid/v2/mraid_app_expanded_banner.js
https://googleads.g.doubleclick.net/mads/static/mad/sdk/native/mraid/v2/mraid_app_interstitial.js
https://csi.gstatic.com/csi
https://googleads.g.doubleclick.net/mads/static/mad/sdk/native/native_ads.html
https://googleads.g.doubleclick.net/mads/static/mad/sdk/native/production/native_ads.js
https://imasdk.googleapis.com/admob/sdkloader/native_video.html
https://www.google.com/dfp/linkDevice
https://www.google.com/dfp/inAppPreview
https://www.google.com/dfp/debugSignals
https://www.google.com/dfp/sendDebugData
http://www.example.com
http://www.example.com
http://www.example.com
https://sdk.starbolt.io/dist/tagBanner.html
https://sdk.starbolt.io/dist/tagBanner.html
https://sdk.starbolt.io/dist/tagInterstitialAndroid.html
https://sdk.starbolt.io/dist/tagVideoAndroid.html
https://sdk.starbolt.io/dist/waterfall/waterfall.html
https://sdk.starbolt.io/
https://sdk.starbolt.io/
https://sdk.starbolt.io/
https://twitter.com/%s/status/%s
https://www.mopub.com/optout/
https://www.mopub.com/optout/
https://wss.pollfish.com
https://ads.api.vungle.com/config
https://api.vungle.com/api/v4/unfilled
https://ingest.vungle.com/api/v1/sdkErrors
https://ingest.vungle.com/
https://api.pubnative.net/api/v3/native
http://data.altbeacon.org/android-distance.json
https://ads.aerserv.com/as/sdk/v2/
https://ads.aerserv.com/as/sdk/v2/
https://ads.aerserv.com/as/sdk/v2/
https://ads.aerserv.com/as/sdk/v2/
https://staging.ads.aerserv.com/as/sdk/v2/
https://staging.ads.aerserv.com/as/sdk/v2/
https://dmp.aerserv.com/update
https://ads.aerserv.com/as/sdk/configure/
https://debug.aerserv.com/sybok/analytics
https://debug.aerserv.com/sybok/
http://net.cleverjp.com/
http://schemas.applovin.com/android/1.0
http://schemas.applovin.com/android/1.0
https://d.applovin.com/
https://a.applovin.com/
https://rt.applovin.com/med
https://rt.applovin.com/pix
https://d.applvn.com/
https://a.applvn.com/
https://rt.applvn.com/pix
https://vid.applovin.com/,https://pdn.applovin.com/,https://img.applovin.com/,https://d.applovin.com/,https://assets.applovin.com/,https://cdnjs.cloudflare.com/,http://vid.applovin.com/,http://pdn.applovin.com/,http://img.applovin.com/,http://d.applovin.com/,http://assets.applovin.com/,http://cdnjs.cloudflare.com/
https://www.fqtag.com/pixel.cgi?org=TkBXEI5C3FBIr4zXwnmK&p=
https://www.fqtag.com/pixel.cgi?org=TkBXEI5C3FBIr4zXwnmK&p=
https://admin.appnext.com/adminService.asmx/SetRewards
http://www.appnext.com/myid.html
http://www.appnext.com/myid.html
https://admin.appnext.com/AdminService.asmx/checkA?z=
https://admin.appnext.com/AdminService.asmx/checkA?z=
https://global.appnext.com
https://global.appnext.com
https://global.appnext.com
http://appnext.hs.llnwd.net/tools/sdk/config/2.1.0
http://appnext.hs.llnwd.net/tools/sdk/config/2.1.0
http://appnext.hs.llnwd.net/tools/sdk/config/2.1.0/fullscreen_config.txt
http://appnext.hs.llnwd.net/tools/sdk/config/2.1.0/rewarded_config.txt
https://appnext.hs.llnwd.net/tools/sdk/interstitial/v63/script.min.js
http://appnext.hs.llnwd.net/tools/sdk/config/2.1.0/interstitial_config.txt
https://admin.appnext.com/AdminService.asmx/SetRL?guid=
https://admin.appnext.com/AdminService.asmx/SetRL?guid=
https://admin.appnext.com/AdminService.asmx/SetOpenV1
https://admin.appnext.com/AdminService.asmx/SetOpenV1
https://admin.appnext.com/AdminService.asmx/SetOpenV1
https://admin.appnext.com/AdminService.asmx/
https://admin.appnext.com/AdminService.asmx/
http://appnext.hs.llnwd.net/tools/sdk/config/2.1.0/native_ads_config.txt
https://api.appnxt.net
http://appnext.hs.llnwd.net/tools/services/4.6.3/config.json?packageId=
http://appnext.hs.llnwd.net/tools/services/4.6.3/plist.zip
https://admin.appnext.com/tools/navtac.html?bid=
https://play.google.com/store/apps/
https://admin.appnext.com/tp12.aspx?tid=%s&vid=%s&osid=%s&auid=%s&session_id=%s&pid=%s&ref=%s&ads_type=%s&bid=%s&cid=%s
https://appnext.hs.llnwd.net/banner/appnext.mp4
https://api.%s/install_data/v3/
https://onelink.%s/shortlink-sdk/v1
https://onelink.%s/shortlink-sdk/v1
https://validate.%s/api/v
https://sdk-services.%s/validate-android-signature
https://app.%s
https://app.%s
https://impression.%s
https://monitorsdk.%s/remote-debug?app_id=
http://localhost:3000/
https://stageapi.areametrics.com/
https://api.areametrics.com/
https://api.giphy.com/v1/gifs/%s
http://safety.ask.fm/sometimes-person-hate/
http://safety.ask.fm/sometimes-person-hate/
http://safety.ask.fm/sometimes-person-hate/
http://support.ask.fm/
https://graph.facebook.com/2.10/%s/picture?width=2000
https://api.vk.com/method/users.get?user_ids=
https://oauth.vk.com/blank.html
https://oauth.vk.com/blank.html
https://oauth.vk.com/blank.html
https://oauth.vk.com/blank.html
https://oauth.vk.com/authorize?client_id=%s&scope=%s&redirect_uri=%s&display=mobile&v=%s&response_type=token&revoke=%d
https://oauth.vk.com/authorize?client_id=%s&scope=%s&redirect_uri=%s&display=mobile&v=%s&response_type=token&revoke=%d
http://img.youtube.com/vi/%s/0.jpg
https://safety.ask.fm/login-without-using-vk/?lang=ru
https://play.google.com/store/apps/details?id=%s
https://www.facebook.com/audience_network/server_side_reward
https://www.%s.facebook.com/audience_network/server_side_reward
https://graph.facebook.com/network_ads_common
https://graph.%s.facebook.com/network_ads_common
https://www.facebook.com/adnw_logging/
https://www.%s.facebook.com/adnw_logging/
http://play.google.com/store/apps/
https://www.facebook.com/
https://www.%s.facebook.com
http://www.facebook.com
https://graph.%s
https://graph-video.%s
https://facebook.com
https://facebook.com/device?user_code=%1$s&qr=1
http://play.google.com/store/apps/details?id=com.facebook.orca
https://ads.flurry.com/v18/getAds.do
http://ads.flurry.com/v18/getAds.do
https://s3.amazonaws.com/flurrysdk/Android/v2/android.zip
https://adlog.flurry.com
http://adlog.flurry.com
https://play.google.com/store/apps/details?id=
https://play.google.com/store/apps/details?id=
http://xmlpull.org/v1/doc/features.html#process-namespaces
http://xmlpull.org/v1/doc/features.html#process-namespaces
http://xmlpull.org/v1/doc/features.html#process-namespaces
http://xmlpull.org/v1/doc/features.html#process-namespaces
http://xmlpull.org/v1/doc/features.html#process-namespaces
http://www.yahoo.com
https://proton.flurry.com/sdk/v1/config
https://data.flurry.com/pcr.do
https://data.flurry.com/aap.do
http://data.flurry.com/aap.do
https://cfg.flurry.com/sdk/v1/config
http://www.w3.org/ns/ttml#parameter
https://pagead2.googlesyndication.com/pagead/gen_204?id=gmob-apps
http://hostname/?
http://hostname/?
https://www.googleapis.com/auth/games_lite
https://www.googleapis.com/auth/games
https://plus.google.com/
http://www.google.com
https://support.google.com/dfp_premium/answer/7160685#push
http://www.google-analytics.com
https://ssl.google-analytics.com
https://app-measurement.com/a
https://www.google.com
https://www.googletagmanager.com
https://mobile-static.adsafeprotected.com/avid-v2.js
https://ads.nexage.com
https://z.moatads.com/
https://z.moatads.com/
https://z.moatads.com/
https://z.moatads.com/
https://z.moatads.com/
https://px.moatads.com/pixel.gif?e=0&i=MOATSDK1&ac=1
https://px.moatads.com/pixel.gif?e=0&i=MOATSDK1&ac=1
http://schemas.android.com/apk/lib/com.mobfox.sdk
https://sdk.starbolt.io/waterfalls.json
https://dmp.starbolt.io/logger.json
http://sdk-logs.matomy.com:12201/gelf
http://sdk-logs.matomy.com:12201/gelf
https://alkutbay.starbolt.io/
http://analytics.rayjump.com
http://net.rayjump.com
http://setting.rayjump.com
https://play.google.com/
https://play.google.com/
https://play.google.com/
https://play.google.com/
http://detect.rayjump.com/mapi/find
http://detect.rayjump.com/mapi/result
https://ads.mopub.com/
https://www.mopub.com/optout
http://ads.mopub.com
https://ads.mopub.com
https://ad.mail.ru/mobile/
https://target.my.com/
http://play.google.com
https://play.google.com
http://market.android.com
https://market.android.com
https://cp.pushwoosh.com/json/1.3/
https://sdk.hockeyapp.net/
https://go.pushwoosh.com/content/%s
https://app.getsentry.com:443
https://app.getsentry.com:443
https://app.getsentry.com:443/api/43633/store/
http://soma.smaato.net/oapi/reqAd.jsp?
http://avr2.smaato.net/report2?
http://i.xx.openx.com/ef3/ef31c13c898edcdfc73feb3c0193b64bcfa70082/754/7544eb4e2c8cb99b125559b8846ce948_2.jpeg
http://www.smaato.com
http://www.smaato.com
http://smaato-android-sdk.s3.amazonaws.com/x.png
https://api.twitter.com/1.1/account/verify_credentials.json
https://api.twitter.com
https://syndication.twitter.com
https://config.unityads.unity3d.com/webview/
http://vk.com/images/community_50.gif
http://vk.com/images/community_100.gif
http://vk.com/images/s_noalbum.png
http://vk.com/images/m_noalbum.png
http://vk.com/images/x_noalbum.png
http://vk.com/images/camera_c.gif
http://vk.com/images/camera_c.gif
http://vk.com/images/camera_c.gif
http://vk.com/images/camera_b.gif
http://vk.com/images/camera_b.gif
http://vk.com/images/camera_b.gif
http://vk.com/images/camera_a.gif
http://vk.com/images/camera_a.gif
http://vk.com/images/camera_a.gif
https://www.vungle.com/privacy/
https://www.vungle.com/privacy/
http://lol.vungle.com/
https://startup.mobile.yandex.net/
https://certificate.mobile.yandex.net/api/v1/pins
https://certificate.mobile.yandex.net/api/v1/pins
https://certificate.mobile.yandex.net/api/v1/pins
https://certificate.mobile.yandex.net/api/v1/pins
https://certificate.mobile.yandex.net/api/v1/pins
https://tech.yandex.com/metrica-mobile-sdk/doc/mobile-sdk-dg/concepts/android-initialize-docpage/
https://yandex.ru
https://market.android
http://market.android
https://play.google
http://play.google
https://map
http://map
https://maps
http://maps
http://mobile.maps
http://m.maps
http://maps.yandex.ru
http://example.com/
https://e.crashlytics.com/spi/v2/events
https://settings.crashlytics.com/spi/v2/platforms/android/apps/%s/settings
https://api.huq.io/analyse/1.1/
https://api.huq.io/analyse/1.1/
http://ping.huqtools.com
https://report.huqtools.com/sdk_report
https://ml.pubnative.net/ml/v1/config
http://www.
https://www.
http://localhost/
http://localhost/
http://localhost/

[INTERNAL_LOG][2018-06-12 05:56:30,324][INFO][find_url_in_apk()] [END ALL URL INSIDE APK]
[INTERNAL_LOG][2018-06-12 05:56:30,338][INFO][check_method_conf()] [JavaScript enabled: True]

[INTERNAL_LOG][2018-06-12 05:56:30,338][INFO][check_method_conf()] [Add interface WebView: True]

[INTERNAL_LOG][2018-06-12 05:56:30,338][INFO][analyze_start()] This app might be not vulnerable on  attack frame confusion.
[INTERNAL_LOG][2018-06-12 05:56:30,338][INFO][analyze_start()] End time:[Tue Jun 12 05:56:30 2018]
