[INTERNAL_LOG][2018-06-12 07:02:54,810][INFO][analyze_start()] Init Time [Tue Jun 12 07:02:54 2018]
[INTERNAL_LOG][2018-06-12 07:02:54,927][INFO][run()] Start Analysis
[INTERNAL_LOG][2018-06-12 07:02:54,928][INFO][is_hybird()] [Permission Enble Start]
[INTERNAL_LOG][2018-06-12 07:02:54,928][INFO][is_hybird()] android.permission.INTERNET
[INTERNAL_LOG][2018-06-12 07:02:54,928][INFO][is_hybird()] android.permission.READ_EXTERNAL_STORAGE
[INTERNAL_LOG][2018-06-12 07:02:54,928][INFO][is_hybird()] android.permission.ACCESS_NETWORK_STATE
[INTERNAL_LOG][2018-06-12 07:02:54,928][INFO][is_hybird()] android.permission.WRITE_EXTERNAL_STORAGE
[INTERNAL_LOG][2018-06-12 07:02:54,928][INFO][is_hybird()] android.permission.REQUEST_PERMISSION_GET_ACCOUNTS
[INTERNAL_LOG][2018-06-12 07:02:54,928][INFO][is_hybird()] android.permission.GET_ACCOUNTS
[INTERNAL_LOG][2018-06-12 07:02:54,928][INFO][is_hybird()] android.permission.USE_CREDENTIALS
[INTERNAL_LOG][2018-06-12 07:02:54,928][INFO][is_hybird()] android.permission.MANAGE_ACCOUNTS
[INTERNAL_LOG][2018-06-12 07:02:54,928][INFO][is_hybird()] android.permission.WRITE_CALENDAR
[INTERNAL_LOG][2018-06-12 07:02:54,929][INFO][is_hybird()] com.google.android.providers.gsf.permission.READ_GSERVICES
[INTERNAL_LOG][2018-06-12 07:02:54,929][INFO][is_hybird()] android.permission.CAMERA
[INTERNAL_LOG][2018-06-12 07:02:54,929][INFO][is_hybird()] android.permission.READ_CONTACTS
[INTERNAL_LOG][2018-06-12 07:02:54,929][INFO][is_hybird()] android.permission.CALL_PHONE
[INTERNAL_LOG][2018-06-12 07:02:54,929][INFO][is_hybird()] android.permission.VIBRATE
[INTERNAL_LOG][2018-06-12 07:02:54,929][INFO][is_hybird()] android.permission.RECORD_AUDIO
[INTERNAL_LOG][2018-06-12 07:02:54,929][INFO][is_hybird()] android.permission.ACCESS_COARSE_LOCATION
[INTERNAL_LOG][2018-06-12 07:02:54,929][INFO][is_hybird()] android.permission.ACCESS_FINE_LOCATION
[INTERNAL_LOG][2018-06-12 07:02:54,929][INFO][is_hybird()] android.permission.RECEIVE_BOOT_COMPLETED
[INTERNAL_LOG][2018-06-12 07:02:54,929][INFO][is_hybird()] android.permission.RECEIVE_SMS
[INTERNAL_LOG][2018-06-12 07:02:54,929][INFO][is_hybird()] android.permission.USE_FINGERPRINT
[INTERNAL_LOG][2018-06-12 07:02:54,929][INFO][is_hybird()] android.permission.READ_PHONE_STATE
[INTERNAL_LOG][2018-06-12 07:02:54,929][INFO][is_hybird()] android.permission.WAKE_LOCK
[INTERNAL_LOG][2018-06-12 07:02:54,929][INFO][is_hybird()] com.itau.messenger.permission.C2D_MESSAGE
[INTERNAL_LOG][2018-06-12 07:02:54,929][INFO][is_hybird()] com.google.android.c2dm.permission.RECEIVE
[INTERNAL_LOG][2018-06-12 07:02:54,929][INFO][is_hybird()] com.samsung.android.providers.context.permission.WRITE_USE_APP_FEATURE_SURVEY
[INTERNAL_LOG][2018-06-12 07:02:54,929][INFO][is_hybird()] com.itau.permission.C2D_MESSAGE
[INTERNAL_LOG][2018-06-12 07:02:54,929][INFO][is_hybird()] [Permission End]

[INTERNAL_LOG][2018-06-12 07:02:54,929][INFO][analyze_start()] TYPE APK: [ANDROID NATIVE]

[INTERNAL_LOG][2018-06-12 07:02:54,929][INFO][find_string()] [START FILE ANALYZE]
[INTERNAL_LOG][2018-06-12 07:02:54,929][INFO][find_string()] File: com/itextpdf/text/pdf/fonts/mustRead.html
[INTERNAL_LOG][2018-06-12 07:02:54,930][INFO][find_string()] No iframe in com/itextpdf/text/pdf/fonts/mustRead.html
[INTERNAL_LOG][2018-06-12 07:02:54,930][INFO][find_string()] File: assets/cheque_contract.html
[INTERNAL_LOG][2018-06-12 07:02:54,994][INFO][find_string()] No iframe in assets/cheque_contract.html
[INTERNAL_LOG][2018-06-12 07:02:54,994][INFO][find_string()] [END ANALYZE FILE]

[INTERNAL_LOG][2018-06-12 07:02:54,994][INFO][find_string()] [START FILE ANALYZE]
[INTERNAL_LOG][2018-06-12 07:02:54,994][INFO][find_string()] File: js
[INTERNAL_LOG][2018-06-12 07:02:54,995][INFO][find_string()] No iframe in js
[INTERNAL_LOG][2018-06-12 07:02:54,995][INFO][find_string()] [END ANALYZE FILE]

[INTERNAL_LOG][2018-06-12 07:03:41,617][INFO][find_url_in_apk()] [START ALL URL INSIDE APK]
[INTERNAL_LOG][2018-06-12 07:03:41,617][INFO][find_url_in_apk()] https://app.adjust.com
https://app.adjust.com
http://hostname/
http://hostname/?
http://hostname/?
https://pubads.g.doubleclick.net/activity;dc_iu=
https://pubads.g.doubleclick.net/activity;xsp=
https://www.googleadservices.com/pagead/conversion/
https://www.googleadservices.com/pagead/conversion/
http://plus.google.com/
https://pagead2.googlesyndication.com/pagead/gen_204?id=gmob-apps
https://graph.%s
https://graph-video.%s
https://facebook.com
https://plus.google.com/
https://sdk.hockeyapp.net/
https://sdk.hockeyapp.net/
https://sdk.hockeyapp.net/
https://sdk.hockeyapp.net/
http://www.google-analytics.com
https://ssl.google-analytics.com
http://play.google.com/store/apps/details
https://www.googleapis.com/batch
http://google.com/
https://www.googleapis.com/
http://10.56.138.138:3008
https://messenger.itau.com.br:443
https://e.crashlytics.com/spi/v2/events
https://www.googleapis.com/auth/games
https://settings.crashlytics.com/spi/v2/platforms/android/apps/%s/settings
https://img.youtube.com/vi/
http://schemas.android.com/apk/res/android
http://schemas.android.com/apk/res/android

[INTERNAL_LOG][2018-06-12 07:03:41,617][INFO][find_url_in_apk()] [END ALL URL INSIDE APK]
[INTERNAL_LOG][2018-06-12 07:03:41,622][INFO][check_method_conf()] [JavaScript enabled: True]

[INTERNAL_LOG][2018-06-12 07:03:41,622][INFO][check_method_conf()] [Add interface WebView: True]

[INTERNAL_LOG][2018-06-12 07:03:41,622][INFO][analyze_start()] This app might be not vulnerable on  attack frame confusion.
[INTERNAL_LOG][2018-06-12 07:03:41,622][INFO][analyze_start()] End time:[Tue Jun 12 07:03:41 2018]
