[INTERNAL_LOG][2018-06-12 00:41:04,034][INFO][analyze_start()] Init Time [Tue Jun 12 00:41:04 2018]
[INTERNAL_LOG][2018-06-12 00:41:04,227][INFO][run()] Start Analysis
[INTERNAL_LOG][2018-06-12 00:41:04,229][INFO][is_hybird()] [Permission Enble Start]
[INTERNAL_LOG][2018-06-12 00:41:04,230][INFO][is_hybird()] android.permission.REORDER_TASKS
[INTERNAL_LOG][2018-06-12 00:41:04,230][INFO][is_hybird()] android.permission.INTERNET
[INTERNAL_LOG][2018-06-12 00:41:04,230][INFO][is_hybird()] android.permission.VIBRATE
[INTERNAL_LOG][2018-06-12 00:41:04,230][INFO][is_hybird()] android.permission.CAMERA
[INTERNAL_LOG][2018-06-12 00:41:04,230][INFO][is_hybird()] android.permission.NFC
[INTERNAL_LOG][2018-06-12 00:41:04,230][INFO][is_hybird()] android.permission.READ_PHONE_STATE
[INTERNAL_LOG][2018-06-12 00:41:04,230][INFO][is_hybird()] android.permission.ACCESS_NETWORK_STATE
[INTERNAL_LOG][2018-06-12 00:41:04,230][INFO][is_hybird()] android.permission.ACCESS_WIFI_STATE
[INTERNAL_LOG][2018-06-12 00:41:04,230][INFO][is_hybird()] android.permission.WRITE_EXTERNAL_STORAGE
[INTERNAL_LOG][2018-06-12 00:41:04,230][INFO][is_hybird()] android.permission.READ_CONTACTS
[INTERNAL_LOG][2018-06-12 00:41:04,230][INFO][is_hybird()] android.permission.SEND_SMS
[INTERNAL_LOG][2018-06-12 00:41:04,230][INFO][is_hybird()] android.permission.RECEIVE_SMS
[INTERNAL_LOG][2018-06-12 00:41:04,230][INFO][is_hybird()] REORDER_TASKS
[INTERNAL_LOG][2018-06-12 00:41:04,230][INFO][is_hybird()] android.permission.RECORD_AUDIO
[INTERNAL_LOG][2018-06-12 00:41:04,230][INFO][is_hybird()] android.permission.SET_WALLPAPER
[INTERNAL_LOG][2018-06-12 00:41:04,230][INFO][is_hybird()] android.permission.WRITE_CONTACTS
[INTERNAL_LOG][2018-06-12 00:41:04,230][INFO][is_hybird()] android.permission.ACCESS_FINE_LOCATION
[INTERNAL_LOG][2018-06-12 00:41:04,230][INFO][is_hybird()] android.permission.MANAGE_ACCOUNTS
[INTERNAL_LOG][2018-06-12 00:41:04,230][INFO][is_hybird()] android.permission.AUTHENTICATE_ACCOUNTS
[INTERNAL_LOG][2018-06-12 00:41:04,230][INFO][is_hybird()] android.permission.GET_ACCOUNTS
[INTERNAL_LOG][2018-06-12 00:41:04,230][INFO][is_hybird()] android.permission.READ_CALENDAR
[INTERNAL_LOG][2018-06-12 00:41:04,230][INFO][is_hybird()] android.permission.WRITE_CALENDAR
[INTERNAL_LOG][2018-06-12 00:41:04,231][INFO][is_hybird()] android.permission.READ_EXTERNAL_STORAGE
[INTERNAL_LOG][2018-06-12 00:41:04,231][INFO][is_hybird()] android.permission.MODIFY_AUDIO_SETTINGS
[INTERNAL_LOG][2018-06-12 00:41:04,231][INFO][is_hybird()] android.permission.BLUETOOTH
[INTERNAL_LOG][2018-06-12 00:41:04,231][INFO][is_hybird()] android.permission.BROADCAST_STICKY
[INTERNAL_LOG][2018-06-12 00:41:04,231][INFO][is_hybird()] com.google.android.gms.permission.ACTIVITY_RECOGNITION
[INTERNAL_LOG][2018-06-12 00:41:04,231][INFO][is_hybird()] android.permission.ACCESS_COARSE_LOCATION
[INTERNAL_LOG][2018-06-12 00:41:04,231][INFO][is_hybird()] android.permission.WAKE_LOCK
[INTERNAL_LOG][2018-06-12 00:41:04,231][INFO][is_hybird()] com.google.android.c2dm.permission.RECEIVE
[INTERNAL_LOG][2018-06-12 00:41:04,231][INFO][is_hybird()] com.bbm.permission.C2D_MESSAGE
[INTERNAL_LOG][2018-06-12 00:41:04,231][INFO][is_hybird()] com.android.vending.BILLING
[INTERNAL_LOG][2018-06-12 00:41:04,231][INFO][is_hybird()] com.google.android.providers.gsf.permission.READ_GSERVICES
[INTERNAL_LOG][2018-06-12 00:41:04,231][INFO][is_hybird()] android.permission.RECEIVE_BOOT_COMPLETED
[INTERNAL_LOG][2018-06-12 00:41:04,231][INFO][is_hybird()] android.permission.GET_TASKS
[INTERNAL_LOG][2018-06-12 00:41:04,231][INFO][is_hybird()] com.sec.android.provider.badge.permission.READ
[INTERNAL_LOG][2018-06-12 00:41:04,231][INFO][is_hybird()] com.sec.android.provider.badge.permission.WRITE
[INTERNAL_LOG][2018-06-12 00:41:04,231][INFO][is_hybird()] com.htc.launcher.permission.READ_SETTINGS
[INTERNAL_LOG][2018-06-12 00:41:04,231][INFO][is_hybird()] com.htc.launcher.permission.UPDATE_SHORTCUT
[INTERNAL_LOG][2018-06-12 00:41:04,231][INFO][is_hybird()] com.sonyericsson.home.permission.BROADCAST_BADGE
[INTERNAL_LOG][2018-06-12 00:41:04,231][INFO][is_hybird()] com.sonymobile.home.permission.PROVIDER_INSERT_BADGE
[INTERNAL_LOG][2018-06-12 00:41:04,231][INFO][is_hybird()] com.anddoes.launcher.permission.UPDATE_COUNT
[INTERNAL_LOG][2018-06-12 00:41:04,231][INFO][is_hybird()] com.majeur.launcher.permission.UPDATE_BADGE
[INTERNAL_LOG][2018-06-12 00:41:04,231][INFO][is_hybird()] com.huawei.android.launcher.permission.CHANGE_BADGE
[INTERNAL_LOG][2018-06-12 00:41:04,232][INFO][is_hybird()] com.huawei.android.launcher.permission.READ_SETTINGS
[INTERNAL_LOG][2018-06-12 00:41:04,232][INFO][is_hybird()] com.huawei.android.launcher.permission.WRITE_SETTINGS
[INTERNAL_LOG][2018-06-12 00:41:04,232][INFO][is_hybird()] android.permission.READ_APP_BADGE
[INTERNAL_LOG][2018-06-12 00:41:04,232][INFO][is_hybird()] com.oppo.launcher.permission.READ_SETTINGS
[INTERNAL_LOG][2018-06-12 00:41:04,232][INFO][is_hybird()] com.oppo.launcher.permission.WRITE_SETTINGS
[INTERNAL_LOG][2018-06-12 00:41:04,232][INFO][is_hybird()] me.everything.badger.permission.BADGE_COUNT_READ
[INTERNAL_LOG][2018-06-12 00:41:04,232][INFO][is_hybird()] me.everything.badger.permission.BADGE_COUNT_WRITE
[INTERNAL_LOG][2018-06-12 00:41:04,232][INFO][is_hybird()] [Permission End]

[INTERNAL_LOG][2018-06-12 00:41:04,232][INFO][analyze_start()] TYPE APK: [ANDROID NATIVE]

[INTERNAL_LOG][2018-06-12 00:41:04,232][INFO][find_string()] [START FILE ANALYZE]
[INTERNAL_LOG][2018-06-12 00:41:04,232][INFO][find_string()] File: assets/html-de/about1d.html
[INTERNAL_LOG][2018-06-12 00:41:04,233][INFO][find_string()] No iframe in assets/html-de/about1d.html
[INTERNAL_LOG][2018-06-12 00:41:04,233][INFO][find_string()] File: assets/html-de/about2d.html
[INTERNAL_LOG][2018-06-12 00:41:04,235][INFO][find_string()] No iframe in assets/html-de/about2d.html
[INTERNAL_LOG][2018-06-12 00:41:04,235][INFO][find_string()] File: assets/html-de/index.html
[INTERNAL_LOG][2018-06-12 00:41:04,236][INFO][find_string()] No iframe in assets/html-de/index.html
[INTERNAL_LOG][2018-06-12 00:41:04,236][INFO][find_string()] File: assets/html-de/scanning.html
[INTERNAL_LOG][2018-06-12 00:41:04,237][INFO][find_string()] No iframe in assets/html-de/scanning.html
[INTERNAL_LOG][2018-06-12 00:41:04,237][INFO][find_string()] File: assets/html-de/sharing.html
[INTERNAL_LOG][2018-06-12 00:41:04,238][INFO][find_string()] No iframe in assets/html-de/sharing.html
[INTERNAL_LOG][2018-06-12 00:41:04,238][INFO][find_string()] File: assets/html-de/whatsnew.html
[INTERNAL_LOG][2018-06-12 00:41:04,296][INFO][find_string()] No iframe in assets/html-de/whatsnew.html
[INTERNAL_LOG][2018-06-12 00:41:04,317][INFO][find_string()] File: assets/html-en/about1d.html
[INTERNAL_LOG][2018-06-12 00:41:04,337][INFO][find_string()] No iframe in assets/html-en/about1d.html
[INTERNAL_LOG][2018-06-12 00:41:04,338][INFO][find_string()] File: assets/html-en/about2d.html
[INTERNAL_LOG][2018-06-12 00:41:04,342][INFO][find_string()] No iframe in assets/html-en/about2d.html
[INTERNAL_LOG][2018-06-12 00:41:04,342][INFO][find_string()] File: assets/html-en/index.html
[INTERNAL_LOG][2018-06-12 00:41:04,344][INFO][find_string()] No iframe in assets/html-en/index.html
[INTERNAL_LOG][2018-06-12 00:41:04,344][INFO][find_string()] File: assets/html-en/scanning.html
[INTERNAL_LOG][2018-06-12 00:41:04,345][INFO][find_string()] No iframe in assets/html-en/scanning.html
[INTERNAL_LOG][2018-06-12 00:41:04,345][INFO][find_string()] File: assets/html-en/sharing.html
[INTERNAL_LOG][2018-06-12 00:41:04,346][INFO][find_string()] No iframe in assets/html-en/sharing.html
[INTERNAL_LOG][2018-06-12 00:41:04,346][INFO][find_string()] File: assets/html-en/whatsnew.html
[INTERNAL_LOG][2018-06-12 00:41:04,347][INFO][find_string()] No iframe in assets/html-en/whatsnew.html
[INTERNAL_LOG][2018-06-12 00:41:04,347][INFO][find_string()] File: assets/html-es/about1d.html
[INTERNAL_LOG][2018-06-12 00:41:04,348][INFO][find_string()] No iframe in assets/html-es/about1d.html
[INTERNAL_LOG][2018-06-12 00:41:04,348][INFO][find_string()] File: assets/html-es/about2d.html
[INTERNAL_LOG][2018-06-12 00:41:04,350][INFO][find_string()] No iframe in assets/html-es/about2d.html
[INTERNAL_LOG][2018-06-12 00:41:04,350][INFO][find_string()] File: assets/html-es/index.html
[INTERNAL_LOG][2018-06-12 00:41:04,351][INFO][find_string()] No iframe in assets/html-es/index.html
[INTERNAL_LOG][2018-06-12 00:41:04,351][INFO][find_string()] File: assets/html-es/scanning.html
[INTERNAL_LOG][2018-06-12 00:41:04,353][INFO][find_string()] No iframe in assets/html-es/scanning.html
[INTERNAL_LOG][2018-06-12 00:41:04,353][INFO][find_string()] File: assets/html-es/sharing.html
[INTERNAL_LOG][2018-06-12 00:41:04,354][INFO][find_string()] No iframe in assets/html-es/sharing.html
[INTERNAL_LOG][2018-06-12 00:41:04,354][INFO][find_string()] File: assets/html-es/whatsnew.html
[INTERNAL_LOG][2018-06-12 00:41:04,355][INFO][find_string()] No iframe in assets/html-es/whatsnew.html
[INTERNAL_LOG][2018-06-12 00:41:04,355][INFO][find_string()] File: assets/html-fr/about1d.html
[INTERNAL_LOG][2018-06-12 00:41:04,357][INFO][find_string()] No iframe in assets/html-fr/about1d.html
[INTERNAL_LOG][2018-06-12 00:41:04,357][INFO][find_string()] File: assets/html-fr/about2d.html
[INTERNAL_LOG][2018-06-12 00:41:04,358][INFO][find_string()] No iframe in assets/html-fr/about2d.html
[INTERNAL_LOG][2018-06-12 00:41:04,359][INFO][find_string()] File: assets/html-fr/index.html
[INTERNAL_LOG][2018-06-12 00:41:04,360][INFO][find_string()] No iframe in assets/html-fr/index.html
[INTERNAL_LOG][2018-06-12 00:41:04,360][INFO][find_string()] File: assets/html-fr/scanning.html
[INTERNAL_LOG][2018-06-12 00:41:04,362][INFO][find_string()] No iframe in assets/html-fr/scanning.html
[INTERNAL_LOG][2018-06-12 00:41:04,362][INFO][find_string()] File: assets/html-fr/sharing.html
[INTERNAL_LOG][2018-06-12 00:41:04,363][INFO][find_string()] No iframe in assets/html-fr/sharing.html
[INTERNAL_LOG][2018-06-12 00:41:04,364][INFO][find_string()] File: assets/html-fr/whatsnew.html
[INTERNAL_LOG][2018-06-12 00:41:04,364][INFO][find_string()] No iframe in assets/html-fr/whatsnew.html
[INTERNAL_LOG][2018-06-12 00:41:04,365][INFO][find_string()] File: assets/html-it/about1d.html
[INTERNAL_LOG][2018-06-12 00:41:04,366][INFO][find_string()] No iframe in assets/html-it/about1d.html
[INTERNAL_LOG][2018-06-12 00:41:04,366][INFO][find_string()] File: assets/html-it/about2d.html
[INTERNAL_LOG][2018-06-12 00:41:04,367][INFO][find_string()] No iframe in assets/html-it/about2d.html
[INTERNAL_LOG][2018-06-12 00:41:04,367][INFO][find_string()] File: assets/html-it/index.html
[INTERNAL_LOG][2018-06-12 00:41:04,369][INFO][find_string()] No iframe in assets/html-it/index.html
[INTERNAL_LOG][2018-06-12 00:41:04,369][INFO][find_string()] File: assets/html-it/scanning.html
[INTERNAL_LOG][2018-06-12 00:41:04,370][INFO][find_string()] No iframe in assets/html-it/scanning.html
[INTERNAL_LOG][2018-06-12 00:41:04,371][INFO][find_string()] File: assets/html-it/sharing.html
[INTERNAL_LOG][2018-06-12 00:41:04,372][INFO][find_string()] No iframe in assets/html-it/sharing.html
[INTERNAL_LOG][2018-06-12 00:41:04,372][INFO][find_string()] File: assets/html-it/whatsnew.html
[INTERNAL_LOG][2018-06-12 00:41:04,373][INFO][find_string()] No iframe in assets/html-it/whatsnew.html
[INTERNAL_LOG][2018-06-12 00:41:04,373][INFO][find_string()] File: assets/html-ja/about1d.html
[INTERNAL_LOG][2018-06-12 00:41:04,374][INFO][find_string()] No iframe in assets/html-ja/about1d.html
[INTERNAL_LOG][2018-06-12 00:41:04,374][INFO][find_string()] File: assets/html-ja/about2d.html
[INTERNAL_LOG][2018-06-12 00:41:04,375][INFO][find_string()] No iframe in assets/html-ja/about2d.html
[INTERNAL_LOG][2018-06-12 00:41:04,375][INFO][find_string()] File: assets/html-ja/index.html
[INTERNAL_LOG][2018-06-12 00:41:04,377][INFO][find_string()] No iframe in assets/html-ja/index.html
[INTERNAL_LOG][2018-06-12 00:41:04,377][INFO][find_string()] File: assets/html-ja/scanning.html
[INTERNAL_LOG][2018-06-12 00:41:04,378][INFO][find_string()] No iframe in assets/html-ja/scanning.html
[INTERNAL_LOG][2018-06-12 00:41:04,379][INFO][find_string()] File: assets/html-ja/sharing.html
[INTERNAL_LOG][2018-06-12 00:41:04,380][INFO][find_string()] No iframe in assets/html-ja/sharing.html
[INTERNAL_LOG][2018-06-12 00:41:04,380][INFO][find_string()] File: assets/html-ja/whatsnew.html
[INTERNAL_LOG][2018-06-12 00:41:04,381][INFO][find_string()] No iframe in assets/html-ja/whatsnew.html
[INTERNAL_LOG][2018-06-12 00:41:04,381][INFO][find_string()] File: assets/html-ko/about1d.html
[INTERNAL_LOG][2018-06-12 00:41:04,382][INFO][find_string()] No iframe in assets/html-ko/about1d.html
[INTERNAL_LOG][2018-06-12 00:41:04,382][INFO][find_string()] File: assets/html-ko/about2d.html
[INTERNAL_LOG][2018-06-12 00:41:04,383][INFO][find_string()] No iframe in assets/html-ko/about2d.html
[INTERNAL_LOG][2018-06-12 00:41:04,383][INFO][find_string()] File: assets/html-ko/index.html
[INTERNAL_LOG][2018-06-12 00:41:04,385][INFO][find_string()] No iframe in assets/html-ko/index.html
[INTERNAL_LOG][2018-06-12 00:41:04,385][INFO][find_string()] File: assets/html-ko/scanning.html
[INTERNAL_LOG][2018-06-12 00:41:04,386][INFO][find_string()] No iframe in assets/html-ko/scanning.html
[INTERNAL_LOG][2018-06-12 00:41:04,387][INFO][find_string()] File: assets/html-ko/sharing.html
[INTERNAL_LOG][2018-06-12 00:41:04,388][INFO][find_string()] No iframe in assets/html-ko/sharing.html
[INTERNAL_LOG][2018-06-12 00:41:04,388][INFO][find_string()] File: assets/html-ko/whatsnew.html
[INTERNAL_LOG][2018-06-12 00:41:04,389][INFO][find_string()] No iframe in assets/html-ko/whatsnew.html
[INTERNAL_LOG][2018-06-12 00:41:04,389][INFO][find_string()] File: assets/html-nl/about1d.html
[INTERNAL_LOG][2018-06-12 00:41:04,390][INFO][find_string()] No iframe in assets/html-nl/about1d.html
[INTERNAL_LOG][2018-06-12 00:41:04,390][INFO][find_string()] File: assets/html-nl/about2d.html
[INTERNAL_LOG][2018-06-12 00:41:04,392][INFO][find_string()] No iframe in assets/html-nl/about2d.html
[INTERNAL_LOG][2018-06-12 00:41:04,392][INFO][find_string()] File: assets/html-nl/index.html
[INTERNAL_LOG][2018-06-12 00:41:04,394][INFO][find_string()] No iframe in assets/html-nl/index.html
[INTERNAL_LOG][2018-06-12 00:41:04,394][INFO][find_string()] File: assets/html-nl/scanning.html
[INTERNAL_LOG][2018-06-12 00:41:04,397][INFO][find_string()] No iframe in assets/html-nl/scanning.html
[INTERNAL_LOG][2018-06-12 00:41:04,397][INFO][find_string()] File: assets/html-nl/sharing.html
[INTERNAL_LOG][2018-06-12 00:41:04,398][INFO][find_string()] No iframe in assets/html-nl/sharing.html
[INTERNAL_LOG][2018-06-12 00:41:04,398][INFO][find_string()] File: assets/html-nl/whatsnew.html
[INTERNAL_LOG][2018-06-12 00:41:04,399][INFO][find_string()] No iframe in assets/html-nl/whatsnew.html
[INTERNAL_LOG][2018-06-12 00:41:04,399][INFO][find_string()] File: assets/html-pt/about1d.html
[INTERNAL_LOG][2018-06-12 00:41:04,400][INFO][find_string()] No iframe in assets/html-pt/about1d.html
[INTERNAL_LOG][2018-06-12 00:41:04,400][INFO][find_string()] File: assets/html-pt/about2d.html
[INTERNAL_LOG][2018-06-12 00:41:04,402][INFO][find_string()] No iframe in assets/html-pt/about2d.html
[INTERNAL_LOG][2018-06-12 00:41:04,402][INFO][find_string()] File: assets/html-pt/index.html
[INTERNAL_LOG][2018-06-12 00:41:04,403][INFO][find_string()] No iframe in assets/html-pt/index.html
[INTERNAL_LOG][2018-06-12 00:41:04,403][INFO][find_string()] File: assets/html-pt/scanning.html
[INTERNAL_LOG][2018-06-12 00:41:04,404][INFO][find_string()] No iframe in assets/html-pt/scanning.html
[INTERNAL_LOG][2018-06-12 00:41:04,404][INFO][find_string()] File: assets/html-pt/sharing.html
[INTERNAL_LOG][2018-06-12 00:41:04,405][INFO][find_string()] No iframe in assets/html-pt/sharing.html
[INTERNAL_LOG][2018-06-12 00:41:04,406][INFO][find_string()] File: assets/html-pt/whatsnew.html
[INTERNAL_LOG][2018-06-12 00:41:04,406][INFO][find_string()] No iframe in assets/html-pt/whatsnew.html
[INTERNAL_LOG][2018-06-12 00:41:04,407][INFO][find_string()] File: assets/html-ru/about1d.html
[INTERNAL_LOG][2018-06-12 00:41:04,408][INFO][find_string()] No iframe in assets/html-ru/about1d.html
[INTERNAL_LOG][2018-06-12 00:41:04,408][INFO][find_string()] File: assets/html-ru/about2d.html
[INTERNAL_LOG][2018-06-12 00:41:04,658][INFO][find_string()] No iframe in assets/html-ru/about2d.html
[INTERNAL_LOG][2018-06-12 00:41:04,679][INFO][find_string()] File: assets/html-ru/index.html
[INTERNAL_LOG][2018-06-12 00:41:04,959][INFO][find_string()] No iframe in assets/html-ru/index.html
[INTERNAL_LOG][2018-06-12 00:41:04,980][INFO][find_string()] File: assets/html-ru/scanning.html
[INTERNAL_LOG][2018-06-12 00:41:05,200][INFO][find_string()] No iframe in assets/html-ru/scanning.html
[INTERNAL_LOG][2018-06-12 00:41:05,221][INFO][find_string()] File: assets/html-ru/sharing.html
[INTERNAL_LOG][2018-06-12 00:41:05,406][INFO][find_string()] No iframe in assets/html-ru/sharing.html
[INTERNAL_LOG][2018-06-12 00:41:05,426][INFO][find_string()] File: assets/html-ru/whatsnew.html
[INTERNAL_LOG][2018-06-12 00:41:05,591][INFO][find_string()] No iframe in assets/html-ru/whatsnew.html
[INTERNAL_LOG][2018-06-12 00:41:05,612][INFO][find_string()] File: assets/html-zh-rCN/about1d.html
[INTERNAL_LOG][2018-06-12 00:41:05,807][INFO][find_string()] No iframe in assets/html-zh-rCN/about1d.html
[INTERNAL_LOG][2018-06-12 00:41:05,828][INFO][find_string()] File: assets/html-zh-rCN/about2d.html
[INTERNAL_LOG][2018-06-12 00:41:06,138][INFO][find_string()] No iframe in assets/html-zh-rCN/about2d.html
[INTERNAL_LOG][2018-06-12 00:41:06,158][INFO][find_string()] File: assets/html-zh-rCN/index.html
[INTERNAL_LOG][2018-06-12 00:41:06,478][INFO][find_string()] No iframe in assets/html-zh-rCN/index.html
[INTERNAL_LOG][2018-06-12 00:41:06,498][INFO][find_string()] File: assets/html-zh-rCN/scanning.html
[INTERNAL_LOG][2018-06-12 00:41:06,785][INFO][find_string()] No iframe in assets/html-zh-rCN/scanning.html
[INTERNAL_LOG][2018-06-12 00:41:06,806][INFO][find_string()] File: assets/html-zh-rCN/sharing.html
[INTERNAL_LOG][2018-06-12 00:41:07,022][INFO][find_string()] No iframe in assets/html-zh-rCN/sharing.html
[INTERNAL_LOG][2018-06-12 00:41:07,032][INFO][find_string()] File: assets/html-zh-rCN/whatsnew.html
[INTERNAL_LOG][2018-06-12 00:41:07,044][INFO][find_string()] No iframe in assets/html-zh-rCN/whatsnew.html
[INTERNAL_LOG][2018-06-12 00:41:07,044][INFO][find_string()] File: assets/html-zh-rTW/about1d.html
[INTERNAL_LOG][2018-06-12 00:41:07,214][INFO][find_string()] No iframe in assets/html-zh-rTW/about1d.html
[INTERNAL_LOG][2018-06-12 00:41:07,234][INFO][find_string()] File: assets/html-zh-rTW/about2d.html
[INTERNAL_LOG][2018-06-12 00:41:07,521][INFO][find_string()] No iframe in assets/html-zh-rTW/about2d.html
[INTERNAL_LOG][2018-06-12 00:41:07,542][INFO][find_string()] File: assets/html-zh-rTW/index.html
[INTERNAL_LOG][2018-06-12 00:41:07,848][INFO][find_string()] No iframe in assets/html-zh-rTW/index.html
[INTERNAL_LOG][2018-06-12 00:41:07,869][INFO][find_string()] File: assets/html-zh-rTW/scanning.html
[INTERNAL_LOG][2018-06-12 00:41:08,119][INFO][find_string()] No iframe in assets/html-zh-rTW/scanning.html
[INTERNAL_LOG][2018-06-12 00:41:08,140][INFO][find_string()] File: assets/html-zh-rTW/sharing.html
[INTERNAL_LOG][2018-06-12 00:41:08,319][INFO][find_string()] No iframe in assets/html-zh-rTW/sharing.html
[INTERNAL_LOG][2018-06-12 00:41:08,340][INFO][find_string()] File: assets/html-zh-rTW/whatsnew.html
[INTERNAL_LOG][2018-06-12 00:41:08,510][INFO][find_string()] No iframe in assets/html-zh-rTW/whatsnew.html
[INTERNAL_LOG][2018-06-12 00:41:08,530][INFO][find_string()] File: res/raw/dana_page_error.html
[INTERNAL_LOG][2018-06-12 00:41:08,818][INFO][find_string()] No iframe in res/raw/dana_page_error.html
[INTERNAL_LOG][2018-06-12 00:41:08,839][INFO][find_string()] File: res/raw/h5_page_error.html
[INTERNAL_LOG][2018-06-12 00:41:11,009][INFO][find_string()] No iframe in res/raw/h5_page_error.html
[INTERNAL_LOG][2018-06-12 00:41:11,029][INFO][find_string()] File: res/raw/intercept_apk.html
[INTERNAL_LOG][2018-06-12 00:41:11,339][INFO][find_string()] No iframe in res/raw/intercept_apk.html
[INTERNAL_LOG][2018-06-12 00:41:11,359][INFO][find_string()] File: res/raw/nebulaloading.html
[INTERNAL_LOG][2018-06-12 00:41:11,821][INFO][find_string()] No iframe in res/raw/nebulaloading.html
[INTERNAL_LOG][2018-06-12 00:41:11,841][INFO][find_string()] File: res/raw/redirect_link.html
[INTERNAL_LOG][2018-06-12 00:41:12,067][INFO][find_string()] No iframe in res/raw/redirect_link.html
[INTERNAL_LOG][2018-06-12 00:41:12,087][INFO][find_string()] File: res/raw/security_link.html
[INTERNAL_LOG][2018-06-12 00:41:12,287][INFO][find_string()] No iframe in res/raw/security_link.html
[INTERNAL_LOG][2018-06-12 00:41:12,307][INFO][find_string()] File: res/raw/un_safe.html
[INTERNAL_LOG][2018-06-12 00:41:12,547][INFO][find_string()] No iframe in res/raw/un_safe.html
[INTERNAL_LOG][2018-06-12 00:41:12,568][INFO][find_string()] File: res/raw/white_link.html
[INTERNAL_LOG][2018-06-12 00:41:12,779][INFO][find_string()] No iframe in res/raw/white_link.html
[INTERNAL_LOG][2018-06-12 00:41:12,794][INFO][find_string()] [END ANALYZE FILE]

[INTERNAL_LOG][2018-06-12 00:41:12,820][INFO][find_string()] [START FILE ANALYZE]
[INTERNAL_LOG][2018-06-12 00:41:12,835][INFO][find_string()] File: res/raw/dana_h5_ajax_fetch.js
[INTERNAL_LOG][2018-06-12 00:41:13,016][INFO][find_string()] No iframe in res/raw/dana_h5_ajax_fetch.js
[INTERNAL_LOG][2018-06-12 00:41:13,036][INFO][find_string()] File: res/raw/h5_bizlog_pre.js
[INTERNAL_LOG][2018-06-12 00:41:13,083][INFO][find_string()] No iframe in res/raw/h5_bizlog_pre.js
[INTERNAL_LOG][2018-06-12 00:41:13,103][INFO][find_string()] File: res/raw/h5_bridge.js
[INTERNAL_LOG][2018-06-12 00:41:13,236][INFO][find_string()] No iframe in res/raw/h5_bridge.js
[INTERNAL_LOG][2018-06-12 00:41:13,257][INFO][find_string()] File: res/raw/h5_performance.js
[INTERNAL_LOG][2018-06-12 00:41:13,513][INFO][find_string()] No iframe in res/raw/h5_performance.js
[INTERNAL_LOG][2018-06-12 00:41:13,534][INFO][find_string()] File: res/raw/h5_scan.js
[INTERNAL_LOG][2018-06-12 00:41:13,601][INFO][find_string()] No iframe in res/raw/h5_scan.js
[INTERNAL_LOG][2018-06-12 00:41:13,606][INFO][find_string()] File: res/raw/h5_startparam.js
[INTERNAL_LOG][2018-06-12 00:41:13,663][INFO][find_string()] No iframe in res/raw/h5_startparam.js
[INTERNAL_LOG][2018-06-12 00:41:13,683][INFO][find_string()] File: res/raw/h5location_min.js
[INTERNAL_LOG][2018-06-12 00:41:13,745][INFO][find_string()] No iframe in res/raw/h5location_min.js
[INTERNAL_LOG][2018-06-12 00:41:13,766][INFO][find_string()] File: res/raw/share_new_min.js
[INTERNAL_LOG][2018-06-12 00:41:14,757][INFO][find_string()] No iframe in res/raw/share_new_min.js
[INTERNAL_LOG][2018-06-12 00:41:14,773][INFO][find_string()] [END ANALYZE FILE]

[INTERNAL_LOG][2018-06-12 00:42:33,988][INFO][find_url_in_apk()] [START URL LOADED INSIDE LOAD FUNCTION]
[INTERNAL_LOG][2018-06-12 00:42:33,989][INFO][find_url_in_apk()] http://bbm.com/cert/

[INTERNAL_LOG][2018-06-12 00:42:33,989][INFO][find_url_in_apk()] [END URL LOADED INSIDE LOAD FUNCTION]
[INTERNAL_LOG][2018-06-12 00:42:34,413][ERROR][download_page_loaded()] Failed download: http://bbm.com/cert/ for exception [Errno 21] Is a directory: 'temp_html_code/html_downloaded_BBM - Free Calls _ Messages by BBM /'
[INTERNAL_LOG][2018-06-12 00:42:34,413][INFO][find_string()] [START REMOTE FILE ANALYZE]
[INTERNAL_LOG][2018-06-12 00:42:34,413][INFO][find_string()] [END ANALYZE FILE]

[INTERNAL_LOG][2018-06-12 00:42:34,413][INFO][find_url_in_apk()] [START ALL URL INSIDE APK]
[INTERNAL_LOG][2018-06-12 00:42:34,414][INFO][find_url_in_apk()] http://schemas.android.com/apk/res/android
http://schemas.android.com/apk/res/android
https://mobilegw.alipay.com/mgw.htm
https://mgs-gw.saas.dana.id/mgw.htm
http://iclientgw.stable.alipay.net/igw.htm
https://iclientgw.test.alipay.net/igw.htm
https://iclientgwpre.alipay.com/igw.htm
https://a.m.dana.id/integration/sandbox/app/common/promo/discover-registered.json
https://a.m.dana.id/integration/sandbox/app/common/promo/discover-unregistered.json
https://a.m.dana.id/app/common/promo/discover-registered.json
https://a.m.dana.id/app/common/promo/discover-unregistered.json
https://a.m.dana.id/integration/sit/app/common/promo/discover-registered.json
https://a.m.dana.id/integration/sit/app/common/promo/discover-unregistered.json
https://a.m.dana.id/integration/dev/app/common/promo/discover-registered.json
https://a.m.dana.id/integration/dev/app/common/promo/discover-unregistered.json
https://resource/
https://ds.alipay.com/?scheme=
https://alipay.com/h5container/nebulaloading.html
https://alipay.com/h5container/nebulaloading.html
https://alipay.com/h5container/nebulaloading.html
https://alipay.com/h5container/nebulaloading.html
https://alipay.com/h5container/nebulaloading.html
https://alipay.com/h5container/nebulaloading.html
https://alipay.com/h5container/nebulaloading.html
https://alipay.com/h5container/nebulaloading.html
https://hpmweb.alipay.com/report/android
https://hpmweb.alipay.com/report/android
https://hpmweb.alipay.com/report/android
https://bugme.anyproxy.io:5677
https://bugme.anyproxy.io:5680
https://bugme.anyproxy.io:5680
http://patriot.cs.pp.cn/api/resource.app.detect
https://render.alipay.com/p/f/fd-j8l9yjja/index.html
https://control.kochava.com/track/json
https://control.ads.bbm.com/v1/cpi/event
https://fiji.bbmessaging.com
https://www.bbm.com/appinfo/ver/iOS.json
https://www.bbm.com
https://authorize/
https://a.m.dana.id/integration/sandbox/app/common/config/environments.json
https://aphome.alipaydev.com
https://aphome.alipaydev.com
https://aphome.alipaydev.com
https://a.m.dana.id/app/android/bbm
https://nebula.alipay.com/api/app
https://alipay.com/h5container/un_safe.html
https://alipay.com/h5container/un_safe.html
https://alipay.com/h5container/redirect_link.html
https://alipay.com/h5container/white_link.html
https://alipay.com/h5container/security_link.html
https://a.alipayobjects.com/bridgeapi/1.0/jsready.js
https://localhost:8443/api/oauth2/v1/
https://ds.alipay.com/error/securityLink.htm?url=
https://ds.alipay.com/error/securityLink.htm?url=
https://ds.alipay.com/error/securityLink.htm
https://ds.alipay.com/error/securityLink.htm
https://ds.alipay.com/error/redirectLink.htm
https://ds.alipay.com/error/redirectLink.htm
https://ds.alipay.com/fd-in15xm06/index.html
https://render.alipay.com/p/s/h5misc/resource_error?url=
https://ds.alipay.com/error/redirectLink.htm?url=
https://plenty.analisis.io
https://plenty.analisis.io
http://play.google.com/store/apps/details?id=com.google.android.gms&hl=
http://bbm.com/cert/
http://www.bbm.com/en/legal/custompintos
https://bbm.com/upgrade/
http://web.blackberry.com/enterprise/products/bbm-protected.html
http://bbm.com/upgrade
http://maps.googleapis.com/maps/api/staticmap?center=
https://www.bbm.com/upgrade/?feature=group-video
https://www.bbm.com/upgrade/?feature=group-video
https://www.bbm.com/upgrade/?feature=group-image
https://www.bbm.com/upgrade/?feature=group-image
https://www.bbm.com/upgrade/?feature=group-audio
https://www.bbm.com/upgrade/?feature=group-audio
http://bbm.com
http://www.amazon.com/gp/mas/dl/android?p=com.bbm
http://play.google.com/store/apps/details?id=com.bbm&hl=
http://xmlpull.org/v1/doc/properties.html#xmldecl-version
https://www.facebook.com/adnw_logging/
https://www.%s.facebook.com/adnw_logging/
https://graph.facebook.com/network_ads_common
https://graph.%s.facebook.com/network_ads_common
https://www.facebook.com/
https://www.%s.facebook.com
http://www.facebook.com
https://upload.glympse.com/
https://pagead2.googlesyndication.com/pagead/gen_204?id=gmob-apps
http://bbm.com/FAQ
https://m.dana.id/
https://profile.bbmessaging.com
https://iceberg.blackberry.com
https://mpopebus.bblabs.rim.net
https://mobile-static.adsafeprotected.com/avid-v2.js
http://www.w3.org/ns/ttml#parameter
http://www.w3.org/ns/ttml#parameter
https://token.bbmessaging.com/
https://asset.bbmessaging.com
http://m.facebook.com/ads/ad_choices
http://m.facebook.com/ads/ad_choices
https://www.%s.facebook.com/audience_network/server_side_reward
https://www.facebook.com/audience_network/server_side_reward
https://www.googleapis.com/auth/games_lite
https://www.googleapis.com/auth/games
http://maps.googleapis.com/maps/api/directions/json?sensor=true&origin=
http://route.nlp.nokia.com/routing/6.2/calculateroute.json
http://route.api.here.com/routing/7.2/calculateroute.json
http://airborne.gogoinflight.com/abp/service/statusTray.do
http://batch: failed with error: 
https://d2qgdsybzkcpgh.cloudfront.net/icons/chaton.png
http://itunes.com/apps/chaton
https://d2qgdsybzkcpgh.cloudfront.net/icons/kik.png
http://itunes.com/apps/kikmessenger
https://bbm.com/upgrade
http://zxing.appspot.com/scan
http://zxing.appspot.com/scan
http://www.google
http://www.google
http://bbm.com/en/legal/bbmthirdparty.html
http://bbm.com/en/legal/privacy-policy.html
http://bbm.com/en/legal/bbm-tos.html
https://plus.google.com/
https://pagead2.googlesyndication.com/pagead/gen_204
http://www.google.com
https://support.google.com/dfp_premium/answer/7160685#push
https://app-measurement.com/a
http://www.example.com
http://www.example.com
https://googleads.g.doubleclick.net/mads/static/mad/sdk/native/sdk-core-v40.html
https://googleads.g.doubleclick.net/mads/static/mad/sdk/native/production/sdk-core-v40-impl.js
https://googleads.g.doubleclick.net/mads/static/mad/sdk/native/mraid/v2/mraid_app_banner.js
https://googleads.g.doubleclick.net/mads/static/mad/sdk/native/mraid/v2/mraid_app_expanded_banner.js
https://googleads.g.doubleclick.net/mads/static/mad/sdk/native/mraid/v2/mraid_app_interstitial.js
https://csi.gstatic.com/csi
https://googleads.g.doubleclick.net/mads/static/mad/sdk/native/native_ads.html
https://googleads.g.doubleclick.net/mads/static/mad/sdk/native/production/native_ads.js
https://imasdk.googleapis.com/admob/sdkloader/native_video.html
https://www.google.com/dfp/linkDevice
https://www.google.com/dfp/inAppPreview
https://www.google.com/dfp/debugSignals
https://www.google.com/dfp/sendDebugData
http://www.google.com/books?id=
http://www.google.com/books?vid=isbn
http://books.google.
http://books.google.
http://books.google.
http://www.google.
http://www.google.
http://www.google.
http://google.com/books
http://schemas.android.com/apk/lib/com.inmobi.ads
http://schemas.android.com/apk/lib/com.inmobi.ads
https://i.l.inmobicdn.net/sdk/sdk/500/android/mraid.js
http://www.inmobi.com/products/sdk/#downloads
http://twitter.com/home?status=
https://m.google.com/app/plus/x/?v=compose&content=
https://www.facebook.com/dialog/feed?app_id=181821551957328&link=
http://dock.inmobi.com/carb/v1/i
http://dock.inmobi.com/carb/v1/o
https://sdkm.w.inmobi.com/user/e.asm
http://or.bbmmoji.com/theme/getbbmtheme.ashx
http://35.197.159.44:50500/theme/getbbmtheme.ashx
http://or.bbmmoji.com/resource/getresbythemeids.ashx
http://35.197.159.44:50500/resource/getresbythemeids.ashx
http://role.bbmmoji.com/API/GetFaces.ashx
http://35.197.159.44:7000/API/GetFaces.ashx
http://or.bbmmoji.com/theme/checkversion.ashx
http://35.197.159.44:50500/theme/checkversion.ashx
http://or.bbmmoji.com/theme/getfeetheme.ashx
http://35.197.159.44:50500/theme/getfeetheme.ashx
https://user.bbmmoji.com/api/user/login
http://35.197.159.44:10010/api/user/login
https://user.bbmmoji.com/api/user/Logout
http://35.197.159.44:10010/api/user/Logout
https://user.bbmmoji.com/api/user/GetUserByToken
http://35.197.159.44:10010/api/user/GetUserByToken
http://asset.bbmmoji.com/Asset/ExpressionPackage/GetUserExpressionPackages.ashx
http://35.197.159.44:58000/Asset/ExpressionPackage/GetUserExpressionPackages.ashx
http://asset.bbmmoji.com/Asset/ExpressionPackage/CheckExpressionPackages.ashx
http://35.197.159.44:58000/Asset/ExpressionPackage/CheckExpressionPackages.ashx
http://production.manboker.com/ar_17n7HSi7t7101
http://production.manboker.com/ar_17n7HSi7t7105
http://content.mqcdn.com/mobile/android/
http://www.mapquestapi.com/traffic/v1
http://www.mapquestapi.com/traffic/v1
http://otile1.mqcdn.com/tiles/1.0.0/
http://mtile01.mqcdn.com/tiles/1.0.0/vy/
http://ttiles01.mqcdn.com/tiles/1.0.0/vy/
http://traffic.tt.mapquest.com/traffic/v1
https://api.mixpanel.com/track?ip=1
http://api.mixpanel.com/track?ip=1
https://api.mixpanel.com/engage
http://api.mixpanel.com/engage
https://decide.mixpanel.com/decide
http://decide.mixpanel.com/decide
https://z.moatads.com/
https://audid-api.taobao.com/v2.0/a/audid/req/
http://xmlpull.org/v1/doc/features.html#indent-output
http://xmlpull.org/v1/doc/features.html#indent-output
https://woodpecker.uc.cn/api/crashsdk/validate
https://gjapplog.uc.cn/collect?chk=
https://applog.uc.cn/collect?chk=
https://settings.crashlytics.com/spi/v2/platforms/android/apps/%s/settings
http://localhost/
http://localhost/
http://localhost/
https://www.googleapis.com/books/v1/volumes?q=isbn:
http://maps.google.
http://i.w.inmobi.com/showad.asm
https://sdktm.w.inmobi.com/sdkpubreq
https://sdkm.w.inmobi.com/metrics/e.asm?v=1&
http://moman-res-ali.manboker.com/
http://moman-res-ali.manboker.com/
http://c.tile.openstreetmap.org/
https://e.crashlytics.com/spi/v2/events
https://www.google.com

[INTERNAL_LOG][2018-06-12 00:42:34,415][INFO][find_url_in_apk()] [END ALL URL INSIDE APK]
[INTERNAL_LOG][2018-06-12 00:42:34,422][INFO][check_method_conf()] [JavaScript enabled: True]

[INTERNAL_LOG][2018-06-12 00:42:34,422][INFO][check_method_conf()] [Add interface WebView: True]

[INTERNAL_LOG][2018-06-12 00:42:34,422][INFO][analyze_start()] This app might be not vulnerable on  attack frame confusion.
[INTERNAL_LOG][2018-06-12 00:42:34,422][INFO][analyze_start()] End time:[Tue Jun 12 00:42:34 2018]
