[INTERNAL_LOG][2018-06-12 05:29:09,520][INFO][analyze_start()] Init Time [Tue Jun 12 05:29:09 2018]
[INTERNAL_LOG][2018-06-12 05:29:09,549][INFO][run()] Start Analysis
[INTERNAL_LOG][2018-06-12 05:29:09,549][INFO][is_hybird()] [Permission Enble Start]
[INTERNAL_LOG][2018-06-12 05:29:09,549][INFO][is_hybird()] android.permission.ACCESS_WIFI_STATE
[INTERNAL_LOG][2018-06-12 05:29:09,549][INFO][is_hybird()] android.permission.INTERNET
[INTERNAL_LOG][2018-06-12 05:29:09,550][INFO][is_hybird()] android.permission.ACCESS_NETWORK_STATE
[INTERNAL_LOG][2018-06-12 05:29:09,550][INFO][is_hybird()] android.permission.WRITE_EXTERNAL_STORAGE
[INTERNAL_LOG][2018-06-12 05:29:09,550][INFO][is_hybird()] com.android.vending.BILLING
[INTERNAL_LOG][2018-06-12 05:29:09,550][INFO][is_hybird()] android.permission.READ_PHONE_STATE
[INTERNAL_LOG][2018-06-12 05:29:09,550][INFO][is_hybird()] [Permission End]

[INTERNAL_LOG][2018-06-12 05:29:09,550][INFO][analyze_start()] TYPE APK: [ANDROID NATIVE]

[INTERNAL_LOG][2018-06-12 05:29:09,550][INFO][find_string()] [START FILE ANALYZE]
[INTERNAL_LOG][2018-06-12 05:29:09,550][INFO][find_string()] File: js/closebutton.html
[INTERNAL_LOG][2018-06-12 05:29:09,551][INFO][find_string()] No iframe in js/closebutton.html
[INTERNAL_LOG][2018-06-12 05:29:09,551][INFO][find_string()] [END ANALYZE FILE]

[INTERNAL_LOG][2018-06-12 05:29:09,551][INFO][find_string()] [START FILE ANALYZE]
[INTERNAL_LOG][2018-06-12 05:29:09,551][INFO][find_string()] File: js/mraid.js
[INTERNAL_LOG][2018-06-12 05:29:09,563][INFO][find_string()] No iframe in js/mraid.js
[INTERNAL_LOG][2018-06-12 05:29:09,563][INFO][find_string()] [END ANALYZE FILE]

[INTERNAL_LOG][2018-06-12 05:29:18,685][INFO][find_url_in_apk()] [START URL LOADED INSIDE LOAD FUNCTION]
[INTERNAL_LOG][2018-06-12 05:29:18,685][INFO][find_url_in_apk()] http://play.google.com/store/apps/
http://play.google.com/store/apps/
http://featured.perfectionholic.com:8080/moregames/index_app.html
http://featured.perfectionholic.com:8080/moregames/index_app.html
http://featured.perfectionholic.com:8080/moregames/index.html
http://featured.perfectionholic.com:8080/moregames/index.html

[INTERNAL_LOG][2018-06-12 05:29:18,685][INFO][find_url_in_apk()] [END URL LOADED INSIDE LOAD FUNCTION]
[INTERNAL_LOG][2018-06-12 05:29:19,556][ERROR][download_page_loaded()] Failed download: http://play.google.com/store/apps/ for exception [Errno 21] Is a directory: 'temp_html_code/html_downloaded_Bike Racing 3D by Words Mobile - com/'
[INTERNAL_LOG][2018-06-12 05:29:20,272][ERROR][download_page_loaded()] Failed download: http://play.google.com/store/apps/ for exception [Errno 21] Is a directory: 'temp_html_code/html_downloaded_Bike Racing 3D by Words Mobile - com/'
[INTERNAL_LOG][2018-06-12 05:29:20,852][ERROR][download_page_loaded()] Failed response code: 404 for http://featured.perfectionholic.com:8080/moregames/index_app.html  
[INTERNAL_LOG][2018-06-12 05:29:22,386][INFO][find_string()] [START REMOTE FILE ANALYZE]
[INTERNAL_LOG][2018-06-12 05:29:22,386][INFO][find_string()] Remote File in: temp_html_code/html_downloaded_Bike Racing 3D by Words Mobile - com/index_app.html
[INTERNAL_LOG][2018-06-12 05:29:22,387][INFO][find_string()] URL: http://featured.perfectionholic.com:8080/moregames/index_app.html
[INTERNAL_LOG][2018-06-12 05:29:22,391][INFO][find_string()] No iframe in temp_html_code/html_downloaded_Bike Racing 3D by Words Mobile - com/index_app.html
[INTERNAL_LOG][2018-06-12 05:29:22,391][INFO][find_string()] Remote File in: temp_html_code/html_downloaded_Bike Racing 3D by Words Mobile - com/index.html
[INTERNAL_LOG][2018-06-12 05:29:22,391][INFO][find_string()] URL: http://featured.perfectionholic.com:8080/moregames/index.html
[INTERNAL_LOG][2018-06-12 05:29:22,396][INFO][find_string()] No iframe in temp_html_code/html_downloaded_Bike Racing 3D by Words Mobile - com/index.html
[INTERNAL_LOG][2018-06-12 05:29:22,396][INFO][find_string()] [END ANALYZE FILE]

[INTERNAL_LOG][2018-06-12 05:29:22,396][INFO][find_url_in_apk()] [START ALL URL INSIDE APK]
[INTERNAL_LOG][2018-06-12 05:29:22,397][INFO][find_url_in_apk()] http://schemas.applovin.com/android/1.0
http://schemas.applovin.com/android/1.0
http://d.applovin.com/
http://a.applovin.com/
https://vid.applovin.com/,https://pdn.applovin.com/,https://img.applovin.com/,https://d.applovin.com/,https://assets.applovin.com/,https://cdnjs.cloudflare.com/,http://vid.applovin.com/,http://pdn.applovin.com/,http://img.applovin.com/,http://d.applovin.com/,http://assets.applovin.com/,http://cdnjs.cloudflare.com/
http://rt.applovin.com/pix
http://data2.doodlemobile.com:8080/dmdata_zmm/ReceiveServlet
http://newfeatureview.perfectionholic.com/featureview/gettime/
http://newfeatureview.perfectionholic.com/featureview/gettime/
http://50.17.224.137/featureview/gettime/
http://50.17.224.137/featureview/gettime/
http://f2.doodlemobile.com/feature_server/geo-ip/test.php
http://newfeatureview.perfectionholic.com/featureview/getfeatureview/
http://f2.doodlemobile.com/feature_server/fullScreen/get.php
http://play.google.com/store/apps/
http://play.google.com/store/apps/
http://featured.perfectionholic.com:8080/moregames/index_app.html
http://featured.perfectionholic.com:8080/moregames/index_app.html
http://featured.perfectionholic.com:8080/moregames/index.html
http://featured.perfectionholic.com:8080/moregames/index.html
http://192.168.1.241:8080/featureserver/receiveuesraction
https://pagead2.googlesyndication.com/pagead/gen_204?id=gmob-apps
https://plus.google.com/
https://service.sponsorpay.com
https://service.sponsorpay.com/actions/v2
https://service.sponsorpay.com/installs/v2
https://api.sponsorpay.com/vcs/v1/new_credit.json
https://iframe.sponsorpay.com/mbe
https://iframe.sponsorpay.com/mobile
https://engine.sponsorpay.com/interstitial
https://engine.sponsorpay.com/tracker
https://connect.tapjoy.com/
https://connect.tapjoy.com/
https://ws.tapjoyads.com/
https://ws.tapjoyads.com/
https://ws.tapjoyads.com/
https://ws.tapjoyads.com/
http://content-js.tapjoy.com
https://events.tapjoy.com/
https://s3.amazonaws.com/tapjoy/videos/assets/watermark.png
http://data.flurry.com/aap.do
https://data.flurry.com/aap.do

[INTERNAL_LOG][2018-06-12 05:29:22,397][INFO][find_url_in_apk()] [END ALL URL INSIDE APK]
[INTERNAL_LOG][2018-06-12 05:29:22,410][INFO][check_method_conf()] [JavaScript enabled: True]

[INTERNAL_LOG][2018-06-12 05:29:22,410][INFO][check_method_conf()] [Add interface WebView: True]

[INTERNAL_LOG][2018-06-12 05:29:22,410][INFO][analyze_start()] This app might be not vulnerable on  attack frame confusion.
[INTERNAL_LOG][2018-06-12 05:29:22,410][INFO][analyze_start()] End time:[Tue Jun 12 05:29:22 2018]
