[INTERNAL_LOG][2018-06-12 06:54:07,227][INFO][analyze_start()] Init Time [Tue Jun 12 06:54:07 2018]
[INTERNAL_LOG][2018-06-12 06:54:07,324][INFO][run()] Start Analysis
[INTERNAL_LOG][2018-06-12 06:54:07,326][INFO][is_hybird()] [Permission Enble Start]
[INTERNAL_LOG][2018-06-12 06:54:07,326][INFO][is_hybird()] android.permission.INTERNET
[INTERNAL_LOG][2018-06-12 06:54:07,326][INFO][is_hybird()] android.permission.WRITE_EXTERNAL_STORAGE
[INTERNAL_LOG][2018-06-12 06:54:07,326][INFO][is_hybird()] android.permission.VIBRATE
[INTERNAL_LOG][2018-06-12 06:54:07,326][INFO][is_hybird()] android.permission.ACCESS_SUPERUSER
[INTERNAL_LOG][2018-06-12 06:54:07,326][INFO][is_hybird()] android.permission.ACCESS_NETWORK_STATE
[INTERNAL_LOG][2018-06-12 06:54:07,326][INFO][is_hybird()] android.permission.GET_ACCOUNTS
[INTERNAL_LOG][2018-06-12 06:54:07,326][INFO][is_hybird()] [Permission End]

[INTERNAL_LOG][2018-06-12 06:54:07,326][INFO][analyze_start()] TYPE APK: [ANDROID NATIVE]

[INTERNAL_LOG][2018-06-12 06:54:07,326][INFO][find_string()] [START FILE ANALYZE]
[INTERNAL_LOG][2018-06-12 06:54:07,326][INFO][find_string()] [END ANALYZE FILE]

[INTERNAL_LOG][2018-06-12 06:54:07,326][INFO][find_string()] [START FILE ANALYZE]
[INTERNAL_LOG][2018-06-12 06:54:07,327][INFO][find_string()] [END ANALYZE FILE]

[INTERNAL_LOG][2018-06-12 06:54:38,322][INFO][find_url_in_apk()] [START ALL URL INSIDE APK]
[INTERNAL_LOG][2018-06-12 06:54:38,323][INFO][find_url_in_apk()] https://sdk-services.appsflyer.com/validate-android-signature
https://api.appsflyer.com/install_data/v3/
https://t.appsflyer.com/api/v
https://events.appsflyer.com/api/v
https://register.appsflyer.com/api/v
https://validate.appsflyer.com/api/v
https://stats.appsflyer.com/stats
https://monitorsdk.appsflyer.com/remote-debug?app_id=
http://hostname/?
http://hostname/?
http://www.google-analytics.com
https://ssl.google-analytics.com
https://accounts.google.com
https://accounts.google.com
https://www.facebook.com
https://www.facebook.com
https://www.googleapis.com/auth/plus.me
https://www.googleapis.com/auth/plus.me
https://www.googleapis.com/auth/games
http://plus.google.com/
https://www.googleapis.com/auth/fitness.activity.read
https://www.googleapis.com/auth/fitness.activity.read
https://www.googleapis.com/auth/fitness.activity.write
https://www.googleapis.com/auth/fitness.activity.write
https://www.googleapis.com/auth/fitness.location.read
https://www.googleapis.com/auth/fitness.location.read
https://www.googleapis.com/auth/fitness.location.write
https://www.googleapis.com/auth/fitness.location.write
https://www.googleapis.com/auth/fitness.body.read
https://www.googleapis.com/auth/fitness.body.read
https://www.googleapis.com/auth/fitness.body.write
https://www.googleapis.com/auth/fitness.body.write
https://www.googleapis.com/auth/fitness.nutrition.read
https://www.googleapis.com/auth/fitness.nutrition.read
https://www.googleapis.com/auth/fitness.nutrition.write
https://www.googleapis.com/auth/fitness.nutrition.write
https://googleads.g.doubleclick.net/mads/static/mad/sdk/native/sdk-core-v40.html
https://googleads.g.doubleclick.net/mads/static/mad/sdk/native/mraid/v2/mraid_app_banner.js
https://googleads.g.doubleclick.net/mads/static/mad/sdk/native/mraid/v2/mraid_app_expanded_banner.js
https://googleads.g.doubleclick.net/mads/static/mad/sdk/native/mraid/v2/mraid_app_interstitial.js
https://csi.gstatic.com/csi
http://www.google.com
https://app-measurement.com/a
https://www.googleapis.com/auth/plus.login
http://schemas.android.com/apk/lib/com.google.android.gms.plus
http://schemas.android.com/apk/lib/com.google.android.gms.plus
https://www.googletagmanager.com
https://settings.data.microsoft.com/settings/v2.0/telemetry/
https://settings.data.microsoft.com/settings/v2.0/androidLL/app
https://vortex.data.microsoft.com/collect/v1
https://signup.live.com/SignupPreload
https://storage.%2$s/users/0x%1$s/myprofile/expressionprofile/profilephoto:UserTileStatic
https://pf.directory.live.com/profile/mine/WLX.Profiles.IC.json
https://directory.services.live-int.com/profile/mine/WLX.Profiles.IC.json
http://Passport.NET/tb
https://login.
https://signup.
https://account.
https://go.microsoft.com/fwlink/?LinkId=398559
https://go.microsoft.com/fwlink/?LinkId=398560
http://www.w3.org/2000/09/xmldsig#
http://www.w3.org/2000/09/xmldsig#
http://www.w3.org/2000/09/xmldsig#
http://www.w3.org/2000/09/xmldsig#
http://schemas.microsoft.com/Passport/SoapServices/PPCRL
http://schemas.microsoft.com/Passport/SoapServices/PPCRL
http://schemas.microsoft.com/Passport/SoapServices/PPCRL
http://docs.oasis-open.org/wss/2004/01/oasis-200401-wss-wssecurity-secext-1.0.xsd
http://docs.oasis-open.org/wss/2004/01/oasis-200401-wss-wssecurity-secext-1.0.xsd
http://schemas.xmlsoap.org/ws/2004/09/policy
http://schemas.xmlsoap.org/ws/2004/09/policy
http://docs.oasis-open.org/wss/2004/01/oasis-200401-wss-wssecurity-utility-1.0.xsd
http://docs.oasis-open.org/wss/2004/01/oasis-200401-wss-wssecurity-utility-1.0.xsd
http://docs.oasis-open.org/wss/2004/01/oasis-200401-wss-wssecurity-utility-1.0.xsd
http://docs.oasis-open.org/wss/2004/01/oasis-200401-wss-wssecurity-utility-1.0.xsd
http://www.w3.org/2005/08/addressing
http://www.w3.org/2005/08/addressing
http://schemas.xmlsoap.org/ws/2005/02/sc
http://schemas.xmlsoap.org/ws/2005/02/sc
http://schemas.xmlsoap.org/ws/2005/02/trust
http://schemas.xmlsoap.org/ws/2005/02/trust
http://schemas.xmlsoap.org/ws/2005/02/trust
http://schemas.xmlsoap.org/ws/2005/02/trust
http://schemas.xmlsoap.org/ws/2005/02/trust
http://schemas.xmlsoap.org/ws/2005/02/trust
http://schemas.xmlsoap.org/ws/2005/02/trust
http://www.w3.org/2003/05/soap-envelope
http://www.w3.org/2003/05/soap-envelope
http://www.w3.org/2003/05/soap-envelope
http://www.w3.org/2003/05/soap-envelope
http://www.w3.org/2003/05/soap-envelope
http://www.w3.org/2003/05/soap-envelope
http://schemas.xmlsoap.org/ws/2005/02/trust/RST/Issue
http://schemas.xmlsoap.org/ws/2005/02/trust/Issue
http://docs.oasis-open.org/wss/2004/XX/oasis-2004XX-wss-saml-token-profile-1.0#SAMLAssertionID
http://www.w3.org/2001/04/xmlenc#
http://schemas.microsoft.com/Passport/SoapServices/SOAPFault
http://www.xbox.com
http://enforcement.xbox.com
https://accounts.dnet.xboxlive.com
https://privacy.dnet.xboxlive.com
https://profile.dnet.xboxlive.com
https://accountstroubleshooter.dnet.xboxlive.com
https://user.mgt.dnet.xboxlive.com
https://accounts.xboxlive.com
https://privacy.xboxlive.com
https://profile.xboxlive.com
https://accountstroubleshooter.xboxlive.com
https://user.mgt.xboxlive.com
http://dlassets.xboxlive.com
http://dlassets.xboxlive.com/public/content/ppl/gamerpics/%s-xl.png
https://play.google.com/store/apps/details?id=com.microsoft.xboxone.smartglass
https://play.google.com/store/apps/details?id=com.microsoft.xboxone.smartglass
https://social.dnet.xboxlive.com/users/xuid(%s)/people/identityshared/xuids?method=add
https://social.xboxlive.com/users/xuid(%s)/people/identityshared/xuids?method=add
https://settings.xboxlive.com/settings/feature/friendfinder/settings
https://profile.dnet.xboxlive.com/users/gt(%s)/profile/settings?settings=AppDisplayName,DisplayPic,Gamerscore,Gamertag,PublicGamerpic,XboxOneRep
https://profile.xboxlive.com/users/gt(%s)/profile/settings?settings=AppDisplayName,DisplayPic,Gamerscore,Gamertag,PublicGamerpic,XboxOneRep
https://privacy.xboxlive.com/users/xuid(%s)/people/mute
https://peoplehub.xboxlive.com/users/me/friendfinder
https://peoplehub.xboxlive.com/users/me/people/recommendations
https://social.dnet.xboxlive.com/users/me/people/favorites/xuids?method=%s
https://social.xboxlive.com/users/me/people/favorites/xuids?method=%s
https://privacy.dnet.xboxlive.com/users/xuid(%s)/people/never
https://privacy.xboxlive.com/users/xuid(%s)/people/never
https://privacy.xboxlive.com/users/me/privacy/settings/%s
https://social.dnet.xboxlive.com/users/xuid(%s)/summary
https://social.xboxlive.com/users/xuid(%s)/summary
https://social.dnet.xboxlive.com/users/xuid(%s)/people/identityshared/xuids?method=remove
https://social.xboxlive.com/users/xuid(%s)/people/identityshared/xuids?method=remove
https://friendfinder.xboxlive.com/users/me/networks/%s/optin
https://pf.directory.live.com/profile/mine/System.ShortCircuitProfile.json
https://reputation.xboxlive.com/users/xuid(%s)/feedback
http://dlassets.xboxlive.com/public/content/ppl/watermarks/tenure/%s.png
https://thirdpartytokens.xboxlive.com/users/me/networks/%s/token
https://people.directory.live.com/people/ExternalSCDLookup
https://profile.dnet.xboxlive.com/users/batch/profile/settings
https://profile.xboxlive.com/users/batch/profile/settings
https://privacy.xboxlive.com/users/me/privacy/settings
http://dlassets.xboxlive.com/public/content/ppl/watermarks/cheater.png
http://dlassets.xboxlive.com/public/content/ppl/watermarks/launch/xboxoriginalteam.png
http://dlassets.xboxlive.com/public/content/ppl/watermarks/launch/xboxlivelaunchteam.png
http://dlassets.xboxlive.com/public/content/ppl/watermarks/launch/launchteam.png
http://dlassets.xboxlive.com/public/content/ppl/watermarks/launch/nxeteam.png
http://dlassets.xboxlive.com/public/content/ppl/watermarks/launch/kinectteam.png
http://dlassets.xboxlive.com/public/content/ppl/watermarks/launch/xboxoneteam.png
http://dlassets.xboxlive.com/public/content/ppl/watermarks/launch/xboxnxoeteam.png
https://social.dnet.xboxlive.com/users/me/people/xuids?method=%s
https://social.xboxlive.com/users/me/people/xuids?method=%s
http://www.rtm.vint.xbox.com/en-US/Platform/Android/XboxLIVE/sgversion
http://www.xbox.com/en-US/Platform/Android/XboxLIVE/sgversion
http://go.microsoft.com/fwlink/?LinkId=698852
http://go.microsoft.com/fwlink/?LinkId=698852
http://www.minecraftforum.net/topic/1675581-blocklauncher-an-android-app-that-patches-minecraft-pe-without-reinstall/
http://www.minecraftforum.net/topic/1675581-blocklauncher-an-android-app-that-patches-minecraft-pe-without-reinstall/
http://www.minecraftforum.net/topic/1675581-blocklauncher-an-android-app-that-patches-minecraft-pe-without-reinstall/
http://www.minecraftforum.net/topic/1675581-blocklauncher-an-android-app-that-patches-minecraft-pe-without-reinstall/
https://github.com/zhuowei/MCPELauncher/issues/495
https://sdk.hockeyapp.net/
https://sdk.hockeyapp.net/
https://sdk.hockeyapp.net/
https://sdk.hockeyapp.net/
https://sdk.hockeyapp.net/
https://sdk.hockeyapp.net/
https://sdk.hockeyapp.net/
https://sdk.hockeyapp.net/
https://sdk.hockeyapp.net/
https://sdk.hockeyapp.net/
https://rink.hockeyapp.net/api/2/apps/
https://gate.hockeyapp.net/v2/track
http://modpe.cf.gy/mods/
http://betamodpe2.cf.gy/user/getScr.php?scrid=
https://account.mojang.com/m/login?app=mcpe
http://blskins.ablecuboid.com/blskins/capes/
http://blskins.ablecuboid.com/blskins/
https://gist.github.com/zhuowei/da4c2fec46d4d23050bf
http://www.youtube.com/watch?v=6K7VaIdttkw
http://www.cydiasubstrate.com/
https://gist.github.com/zhuowei/4538923d1963524b71fc#file-getextras-md
https://groups.google.com/forum/#!forum/blocklauncher-beta

[INTERNAL_LOG][2018-06-12 06:54:38,323][INFO][find_url_in_apk()] [END ALL URL INSIDE APK]
[INTERNAL_LOG][2018-06-12 06:54:38,328][INFO][check_method_conf()] [JavaScript enabled: True]

[INTERNAL_LOG][2018-06-12 06:54:38,328][INFO][check_method_conf()] [Add interface WebView: True]

[INTERNAL_LOG][2018-06-12 06:54:38,328][INFO][analyze_start()] This app might be not vulnerable on  attack frame confusion.
[INTERNAL_LOG][2018-06-12 06:54:38,328][INFO][analyze_start()] End time:[Tue Jun 12 06:54:38 2018]
