[INTERNAL_LOG][2018-06-12 08:31:03,760][INFO][analyze_start()] Init Time [Tue Jun 12 08:31:03 2018]
[INTERNAL_LOG][2018-06-12 08:31:03,780][INFO][is_hybird()] [Permission Enble Start]
[INTERNAL_LOG][2018-06-12 08:31:03,780][INFO][run()] Start Analysis
[INTERNAL_LOG][2018-06-12 08:31:03,780][INFO][is_hybird()] android.permission.INTERNET
[INTERNAL_LOG][2018-06-12 08:31:03,780][INFO][is_hybird()] android.permission.WRITE_EXTERNAL_STORAGE
[INTERNAL_LOG][2018-06-12 08:31:03,780][INFO][is_hybird()] com.android.vending.CHECK_LICENSE
[INTERNAL_LOG][2018-06-12 08:31:03,780][INFO][is_hybird()] android.permission.ACCESS_WIFI_STATE
[INTERNAL_LOG][2018-06-12 08:31:03,780][INFO][is_hybird()] android.permission.INTERNET
[INTERNAL_LOG][2018-06-12 08:31:03,781][INFO][is_hybird()] com.android.vending.BILLING
[INTERNAL_LOG][2018-06-12 08:31:03,781][INFO][is_hybird()] android.permission.INTERNET
[INTERNAL_LOG][2018-06-12 08:31:03,781][INFO][is_hybird()] android.permission.READ_PHONE_STATE
[INTERNAL_LOG][2018-06-12 08:31:03,781][INFO][is_hybird()] android.permission.ACCESS_NETWORK_STATE
[INTERNAL_LOG][2018-06-12 08:31:03,781][INFO][is_hybird()] android.permission.WRITE_EXTERNAL_STORAGE
[INTERNAL_LOG][2018-06-12 08:31:03,781][INFO][is_hybird()] android.permission.GET_ACCOUNTS
[INTERNAL_LOG][2018-06-12 08:31:03,781][INFO][is_hybird()] android.permission.INTERNET
[INTERNAL_LOG][2018-06-12 08:31:03,781][INFO][is_hybird()] android.permission.ACCESS_NETWORK_STATE
[INTERNAL_LOG][2018-06-12 08:31:03,781][INFO][is_hybird()] android.permission.RECEIVE_BOOT_COMPLETED
[INTERNAL_LOG][2018-06-12 08:31:03,781][INFO][is_hybird()] android.permission.READ_PHONE_STATE
[INTERNAL_LOG][2018-06-12 08:31:03,781][INFO][is_hybird()] android.permission.VIBRATE
[INTERNAL_LOG][2018-06-12 08:31:03,781][INFO][is_hybird()] android.permission.WRITE_EXTERNAL_STORAGE
[INTERNAL_LOG][2018-06-12 08:31:03,781][INFO][is_hybird()] android.permission.ACCESS_COARSE_LOCATION
[INTERNAL_LOG][2018-06-12 08:31:03,781][INFO][is_hybird()] com.glu.gladiator.permission.C2D_MESSAGE
[INTERNAL_LOG][2018-06-12 08:31:03,781][INFO][is_hybird()] com.google.android.c2dm.permission.RECEIVE
[INTERNAL_LOG][2018-06-12 08:31:03,781][INFO][is_hybird()] android.permission.WAKE_LOCK
[INTERNAL_LOG][2018-06-12 08:31:03,781][INFO][is_hybird()] [Permission End]

[INTERNAL_LOG][2018-06-12 08:31:03,781][INFO][analyze_start()] TYPE APK: [ANDROID NATIVE]

[INTERNAL_LOG][2018-06-12 08:31:03,782][INFO][find_string()] [START FILE ANALYZE]
[INTERNAL_LOG][2018-06-12 08:31:03,782][INFO][find_string()] [END ANALYZE FILE]

[INTERNAL_LOG][2018-06-12 08:31:03,782][INFO][find_string()] [START FILE ANALYZE]
[INTERNAL_LOG][2018-06-12 08:31:03,782][INFO][find_string()] [END ANALYZE FILE]

[INTERNAL_LOG][2018-06-12 08:31:10,919][INFO][find_url_in_apk()] [START ALL URL INSIDE APK]
[INTERNAL_LOG][2018-06-12 08:31:10,919][INFO][find_url_in_apk()] http://ads.admarvel.com/fam/androidGetAd.php
http://admarvel.s3.amazonaws.com
http://ads.admarvel.com/fam/analytics.php
http://schemas.android.com/apk/res/
http://www.amazon.com/gp/mas/get-appstore/android/ref=mas_mx_mba_iap_dl
https://m.facebook.com/dialog/
https://graph.facebook.com/
https://api.facebook.com/restserver.php
http://data.flurry.com/aap.do
https://data.flurry.com/aap.do
http://ad.flurry.com/getCanvas.do
http://ad.flurry.com/getAndroidApp.do
https://market.android.com/details?id=
https://market.android.com/details?id=
http://graph.facebook.com/
http://www.pamelabowman.org/gunbros.txt
http://pagead2.googlesyndication.com/pagead/afma_load_ads.js
http://pagead2.googlesyndication.com/pagead/afma_load_ads.js
http://www.gstatic.com/mobile/ads/safma_load_ads.js
http://schemas.android.com/apk/lib/com.google.ads
http://__NO_MATCHING_AD__
http://a.admob.com/f0?
http://ads.mp.mydas.mobi/appConfigServlet?apid=
http://cvt.mydas.mobi/handleConversion?goalId=
http://millennialmedia.com/android/schema
http://androidsdk.ads.mp.mydas.mobi/getAd.php5?sdkapid=
http://localhost:
http://api2.playhaven.com
https://ws.tapjoyads.com/get_vg_store_items/user_account?
https://ws.tapjoyads.com/points/spend?
https://ws.tapjoyads.com/points/award?
https://ws.tapjoyads.com/get_offers/webpage?
https://ws.tapjoyads.com/
https://ws.tapjoyads.com/
https://ws.tapjoyads.com/connect?
https://ws.tapjoyads.com/connect?
https://ws.tapjoyads.com/set_publisher_user_id?
https://ws.tapjoyads.com/display_ad?
https://ws.tapjoyads.com/get_offers/featured?
https://ws.tapjoyads.com/videos?
https://s3.amazonaws.com/tapjoy/videos/assets/background.png
https://s3.amazonaws.com/tapjoy/videos/assets/placeholder.png
https://s3.amazonaws.com/tapjoy/videos/assets/tapjoy.png
https://go.urbanairship.com/
https://combine.urbanairship.com/
http://test.urbanairship.com
http://75.101.249.15:8090
https://boxoffice.urbanairship.com

[INTERNAL_LOG][2018-06-12 08:31:10,919][INFO][find_url_in_apk()] [END ALL URL INSIDE APK]
[INTERNAL_LOG][2018-06-12 08:31:10,928][INFO][check_method_conf()] [JavaScript enabled: True]

[INTERNAL_LOG][2018-06-12 08:31:10,928][INFO][check_method_conf()] [Add interface WebView: True]

[INTERNAL_LOG][2018-06-12 08:31:10,928][INFO][analyze_start()] This app might be not vulnerable on  attack frame confusion.
[INTERNAL_LOG][2018-06-12 08:31:10,928][INFO][analyze_start()] End time:[Tue Jun 12 08:31:10 2018]
