[INTERNAL_LOG][2018-06-12 05:18:49,958][INFO][analyze_start()] Init Time [Tue Jun 12 05:18:49 2018]
[INTERNAL_LOG][2018-06-12 05:18:50,074][INFO][run()] Start Analysis
[INTERNAL_LOG][2018-06-12 05:18:50,075][INFO][is_hybird()] [Permission Enble Start]
[INTERNAL_LOG][2018-06-12 05:18:50,075][INFO][is_hybird()] android.permission.WAKE_LOCK
[INTERNAL_LOG][2018-06-12 05:18:50,075][INFO][is_hybird()] com.google.android.c2dm.permission.RECEIVE
[INTERNAL_LOG][2018-06-12 05:18:50,075][INFO][is_hybird()] android.permission.VIBRATE
[INTERNAL_LOG][2018-06-12 05:18:50,075][INFO][is_hybird()] com.pnixgames.bowlingking.permission.C2D_MESSAGE
[INTERNAL_LOG][2018-06-12 05:18:50,075][INFO][is_hybird()] android.permission.ACCESS_WIFI_STATE
[INTERNAL_LOG][2018-06-12 05:18:50,075][INFO][is_hybird()] android.permission.INTERNET
[INTERNAL_LOG][2018-06-12 05:18:50,075][INFO][is_hybird()] android.permission.ACCESS_NETWORK_STATE
[INTERNAL_LOG][2018-06-12 05:18:50,075][INFO][is_hybird()] android.permission.WRITE_EXTERNAL_STORAGE
[INTERNAL_LOG][2018-06-12 05:18:50,075][INFO][is_hybird()] com.android.vending.BILLING
[INTERNAL_LOG][2018-06-12 05:18:50,075][INFO][is_hybird()] [Permission End]

[INTERNAL_LOG][2018-06-12 05:18:50,075][INFO][analyze_start()] TYPE APK: [ANDROID NATIVE]

[INTERNAL_LOG][2018-06-12 05:18:50,075][INFO][find_string()] [START FILE ANALYZE]
[INTERNAL_LOG][2018-06-12 05:18:50,076][INFO][find_string()] File: assets/js/closebutton.html
[INTERNAL_LOG][2018-06-12 05:18:50,076][INFO][find_string()] No iframe in assets/js/closebutton.html
[INTERNAL_LOG][2018-06-12 05:18:50,076][INFO][find_string()] File: js/closebutton.html
[INTERNAL_LOG][2018-06-12 05:18:50,077][INFO][find_string()] No iframe in js/closebutton.html
[INTERNAL_LOG][2018-06-12 05:18:50,077][INFO][find_string()] [END ANALYZE FILE]

[INTERNAL_LOG][2018-06-12 05:18:50,077][INFO][find_string()] [START FILE ANALYZE]
[INTERNAL_LOG][2018-06-12 05:18:50,077][INFO][find_string()] File: assets/js/mraid.js
[INTERNAL_LOG][2018-06-12 05:18:50,079][INFO][find_string()] No iframe in assets/js/mraid.js
[INTERNAL_LOG][2018-06-12 05:18:50,079][INFO][find_string()] File: js/mraid.js
[INTERNAL_LOG][2018-06-12 05:18:50,081][INFO][find_string()] No iframe in js/mraid.js
[INTERNAL_LOG][2018-06-12 05:18:50,081][INFO][find_string()] [END ANALYZE FILE]

[INTERNAL_LOG][2018-06-12 05:19:22,015][INFO][find_url_in_apk()] [START ALL URL INSIDE APK]
[INTERNAL_LOG][2018-06-12 05:19:22,015][INFO][find_url_in_apk()] http://schemas.android.com/apk/res/android
https://adc3-launch-server-staging.herokuapp.com/v4/launch
https://adc3-launch.adcolony.com/v4/launch
https://adc3-launch.adcolony.com/v4/launch
https://wd.adcolony.com/logs
https://app.adjust.com
https://app.adjust.com
http://www.amazon.com/gp/mas/get-appstore/android/ref=mas_mx_mba_iap_dl
http://m.facebook.com/ads/ad_choices
http://m.facebook.com/ads/ad_choices
https://www.facebook.com/audience_network/server_side_reward
https://www.%s.facebook.com/audience_network/server_side_reward
https://graph.facebook.com/network_ads_common
https://graph.%s.facebook.com/network_ads_common
https://www.facebook.com/adnw_logging/
https://www.%s.facebook.com/adnw_logging/
https://www.facebook.com/
https://www.%s.facebook.com
http://www.facebook.com
https://graph.%s
https://graph-video.%s
https://facebook.com
http://play.google.com/store/apps/details?id=com.facebook.orca
https://service.fyber.com/actions/v2
https://service.fyber.com/installs/v2
https://api.fyber.com/vcs/v1/new_credit.json
https://video.fyber.com
https://offer.fyber.com/mobile
https://interstitial.fyber.com/interstitial
https://interstitial.fyber.com/tracker
https://engine.fyber.com/sdk-config
https://engine.fyber.com/video-cache
https://banner.fyber.com/banner
https://banner.fyber.com/tracker
https://pagead2.googlesyndication.com/pagead/gen_204?id=gmob-apps
https://accounts.google.com
https://www.facebook.com
https://www.googleapis.com/auth/games
https://www.googleapis.com/auth/games
https://www.googleapis.com/auth/games
https://plus.google.com/
https://www.googleapis.com/auth/drive.file
https://www.googleapis.com/auth/drive.appdata
https://www.googleapis.com/auth/drive
https://www.googleapis.com/auth/drive.apps
https://www.googleapis.com/auth/games_lite
https://www.googleapis.com/auth/games.firstparty
https://www.googleapis.com/auth/games.firstparty
https://play.google.com/store/apps/details?id=
https://z.moatads.com/
https://analytics.mopub.com/i/jot/exchange_client_event
https://twitter.com/%s/status/%s
http://dn4.pnixgames.com/CDN/Push/PNIXImageBattle.png
http://dn4.pnixgames.com/CDN/Push/PNIXSportsNoti_1.wav
https://api.twitter.com/1.1/account/verify_credentials.json
https://api.twitter.com
https://api.twitter.com
http://play.google.com/store/apps/details?id=
https://ws.tapjoyads.com/
https://ws.tapjoyads.com/
https://ws.tapjoyads.com/
https://api.vungle.com/api/v4/
https://ingest.vungle.com/
https://rpc.tapjoy.com/
https://rpc.tapjoy.com/
https://connect.tapjoy.com/
https://connect.tapjoy.com/
https://placements.tapjoy.com/
https://cdn.unityads.unity3d.com/webview/
https://www.vungle.com/privacy/
https://www.vungle.com/privacy/
http://lol.vungle.com/
https://oauth.constantcontact.com/ws/oauth/access_token
https://oauth.constantcontact.com/ws/oauth/confirm_access?oauth_token=%s
https://oauth.constantcontact.com/ws/oauth/request_token
https://api.dropbox.com/0/oauth/access_token
https://www.dropbox.com/0/oauth/authorize?oauth_token=
https://api.dropbox.com/0/oauth/request_token
https://www.evernote.com/oauth
https://www.evernote.com/oauth
https://www.evernote.com/OAuth.action?oauth_token=%s
https://sandbox.evernote.com/oauth
https://sandbox.evernote.com/oauth
https://sandbox.evernote.com/oauth?oauth_token=%s
https://graph.facebook.com/oauth/access_token
https://www.facebook.com/dialog/oauth?client_id=%s&redirect_uri=%s&scope=%s
https://www.facebook.com/dialog/oauth?client_id=%s&redirect_uri=%s
https://foursquare.com/oauth2/access_token?grant_type=authorization_code
https://foursquare.com/oauth2/authenticate?client_id=%s&response_type=code&redirect_uri=%s
http://foursquare.com/oauth/access_token
http://foursquare.com/oauth/authorize?oauth_token=%s
http://foursquare.com/oauth/request_token
https://www.google.com/accounts/OAuthGetAccessToken
https://www.google.com/accounts/OAuthAuthorizeToken?oauth_token=%s
https://www.google.com/accounts/OAuthGetRequestToken
http://api.kaixin001.com/oauth/access_token
http://api.kaixin001.com/oauth/authorize?oauth_token=%s
http://api.kaixin001.com/oauth/request_token
https://api.linkedin.com/uas/oauth/accessToken
https://api.linkedin.com/uas/oauth/authorize?oauth_token=%s
https://api.linkedin.com/uas/oauth/requestToken
https://oauth.live.com/token?grant_type=authorization_code
https://oauth.live.com/authorize?client_id=%s&redirect_uri=%s&response_type=code&scope=%s
https://oauth.live.com/authorize?client_id=%s&redirect_uri=%s&response_type=code
http://openapi.lovefilm.com/oauth/access_token
https://www.lovefilm.com/activate?oauth_token=%s
http://openapi.lovefilm.com/oauth/request_token
http://api.t.163.com/oauth/access_token
http://api.t.163.com/oauth/authenticate?oauth_token=%s
http://api.t.163.com/oauth/authorize?oauth_token=%s
http://api.t.163.com/oauth/request_token
http://www.plurk.com/OAuth/access_token
http://www.plurk.com/OAuth/authorize?oauth_token=%s
http://www.plurk.com/OAuth/request_token
http://www.plurk.com/m/authorize?oauth_token=%s
https://open.t.qq.com/cgi-bin/access_token
https://open.t.qq.com/cgi-bin/authorize?oauth_token=%s
https://open.t.qq.com/cgi-bin/request_token
https://id.sapo.pt/oauth/access_token
https://id.sapo.pt/oauth/authorize?oauth_token=%s
https://id.sapo.pt/oauth/request_token
http://api.t.sina.com.cn/oauth/access_token
http://api.t.sina.com.cn/oauth/authorize?oauth_token=%s
http://api.t.sina.com.cn/oauth/request_token
http://api.t.sohu.com/oauth/access_token
http://api.t.sohu.com/oauth/authorize?oauth_token=%s
http://api.t.sohu.com/oauth/request_token
http://api.twitter.com/oauth/access_token
https://api.twitter.com/oauth/authorize?oauth_token=%s
http://api.twitter.com/oauth/request_token
https://api.twitter.com/oauth/access_token
https://api.twitter.com/oauth/request_token
https://api.twitter.com/oauth/authenticate?oauth_token=%s
http://vimeo.com/oauth/access_token
http://vimeo.com/oauth/authorize?oauth_token=%s
http://vimeo.com/oauth/request_token
https://api.vkontakte.ru/oauth/authorize?client_id=%s&redirect_uri=%s&response_type=code
https://api.vkontakte.ru/oauth/authorize?client_id=%s&redirect_uri=%s&response_type=code
https://api.vkontakte.ru/oauth/access_token
https://api.login.yahoo.com/oauth/v2/get_token
https://api.login.yahoo.com/oauth/v2/request_auth?oauth_token=%s
https://api.login.yahoo.com/oauth/v2/get_request_token
https://www.yammer.com/oauth/access_token
https://www.yammer.com/oauth/request_token

[INTERNAL_LOG][2018-06-12 05:19:22,015][INFO][find_url_in_apk()] [END ALL URL INSIDE APK]
[INTERNAL_LOG][2018-06-12 05:19:22,020][INFO][check_method_conf()] [JavaScript enabled: True]

[INTERNAL_LOG][2018-06-12 05:19:22,020][INFO][check_method_conf()] [Add interface WebView: True]

[INTERNAL_LOG][2018-06-12 05:19:22,020][INFO][analyze_start()] This app might be not vulnerable on  attack frame confusion.
[INTERNAL_LOG][2018-06-12 05:19:22,020][INFO][analyze_start()] End time:[Tue Jun 12 05:19:22 2018]
