[INTERNAL_LOG][2018-06-12 01:32:39,968][INFO][analyze_start()] Init Time [Tue Jun 12 01:32:39 2018]
[INTERNAL_LOG][2018-06-12 01:32:40,064][INFO][run()] Start Analysis
[INTERNAL_LOG][2018-06-12 01:32:40,065][INFO][is_hybird()] [Permission Enble Start]
[INTERNAL_LOG][2018-06-12 01:32:40,065][INFO][is_hybird()] android.permission.INTERNET
[INTERNAL_LOG][2018-06-12 01:32:40,065][INFO][is_hybird()] android.permission.ACCESS_WIFI_STATE
[INTERNAL_LOG][2018-06-12 01:32:40,065][INFO][is_hybird()] android.permission.WRITE_EXTERNAL_STORAGE
[INTERNAL_LOG][2018-06-12 01:32:40,065][INFO][is_hybird()] android.permission.WAKE_LOCK
[INTERNAL_LOG][2018-06-12 01:32:40,065][INFO][is_hybird()] com.google.android.c2dm.permission.RECEIVE
[INTERNAL_LOG][2018-06-12 01:32:40,065][INFO][is_hybird()] android.permission.ACCESS_NETWORK_STATE
[INTERNAL_LOG][2018-06-12 01:32:40,065][INFO][is_hybird()] android.permission.VIBRATE
[INTERNAL_LOG][2018-06-12 01:32:40,065][INFO][is_hybird()] com.activision.callofduty.heroes.permission.C2D_MESSAGE
[INTERNAL_LOG][2018-06-12 01:32:40,065][INFO][is_hybird()] com.android.vending.BILLING
[INTERNAL_LOG][2018-06-12 01:32:40,065][INFO][is_hybird()] [Permission End]

[INTERNAL_LOG][2018-06-12 01:32:40,065][INFO][analyze_start()] TYPE APK: [ANDROID NATIVE]

[INTERNAL_LOG][2018-06-12 01:32:40,065][INFO][find_string()] [START FILE ANALYZE]
[INTERNAL_LOG][2018-06-12 01:32:40,065][INFO][find_string()] [END ANALYZE FILE]

[INTERNAL_LOG][2018-06-12 01:32:40,066][INFO][find_string()] [START FILE ANALYZE]
[INTERNAL_LOG][2018-06-12 01:32:40,066][INFO][find_string()] [END ANALYZE FILE]

[INTERNAL_LOG][2018-06-12 01:33:07,044][INFO][find_url_in_apk()] [START ALL URL INSIDE APK]
[INTERNAL_LOG][2018-06-12 01:33:07,044][INFO][find_url_in_apk()] https://adc3-launch-server-staging.herokuapp.com/v4/launch
https://adc3-launch.adcolony.com/v4/launch
https://adc3-launch.adcolony.com/v4/launch
https://wd.adcolony.com/logs
http://schemas.applovin.com/android/1.0
http://schemas.applovin.com/android/1.0
https://d.applovin.com/
https://a.applovin.com/
https://rt.applovin.com/med
https://rt.applovin.com/pix
https://d.applvn.com/
https://a.applvn.com/
https://rt.applvn.com/pix
https://vid.applovin.com/,https://pdn.applovin.com/,https://img.applovin.com/,https://d.applovin.com/,https://assets.applovin.com/,https://cdnjs.cloudflare.com/,http://vid.applovin.com/,http://pdn.applovin.com/,http://img.applovin.com/,http://d.applovin.com/,http://assets.applovin.com/,http://cdnjs.cloudflare.com/
https://t.appsflyer.com/api/v
https://events.appsflyer.com/api/v
https://register.appsflyer.com/api/v
https://validate.appsflyer.com/api/v
https://stats.appsflyer.com/stats
https://sdk-services.appsflyer.com/validate-android-signature
https://monitorsdk.appsflyer.com/remote-debug?app_id=
https://graph.%s
https://graph-video.%s
https://facebook.com
http://play.google.com/store/apps/details?id=com.facebook.orca
https://pagead2.googlesyndication.com/pagead/gen_204?id=gmob-apps
https://accounts.google.com
https://www.facebook.com
https://plus.google.com/
https://www.googleapis.com/auth/drive.file
https://www.googleapis.com/auth/drive.appdata
https://www.googleapis.com/auth/drive
https://www.googleapis.com/auth/drive.apps
https://www.googleapis.com/auth/games
https://www.googleapis.com/auth/games
https://www.googleapis.com/auth/games
https://www.googleapis.com/auth/games_lite
https://www.googleapis.com/auth/games.firstparty
https://www.googleapis.com/auth/games.firstparty
https://mobilelogs.supersonic.com
https://mobilelogs.supersonic.com
https://init.supersonicads.com/sdk/v
https://track.atom-data.io
https://track.atom-data.io
https://track.atom-data.io
https://www.supersonicads.com/mobile/sdk5/log?method=injectJavaScript
https://www.supersonicads.com/mobile/sdk5/log?method=
https://www.supersonicads.com/mobile/sdk5/log?method=
https://www.supersonicads.com/mobile/sdk5/log?method=
https://www.supersonicads.com/mobile/sdk5/log?method=
https://www.supersonicads.com/mobile/sdk5/log?method=
https://www.supersonicads.com/mobile/sdk5/log?method=
https://www.supersonicads.com/mobile/sdk5/log?method=
https://www.supersonicads.com/mobile/sdk5/log?method=
https://twitter.com/%s/status/%s
https://config.unityads.unity3d.com/webview/
https://api.appsflyer.com/install_data/v3/
https://outcome.supersonicads.com/mediation/
https://outcome.supersonicads.com/mediation/
https://www.supersonicads.com/mobile/sdk5/log?method=extraParametersToJson
https://www.supersonicads.com/mobile/sdk5/log?method=noProductType
https://www.supersonicads.com/mobile/sdk5/log?method=encodeAppUserId
https://www.supersonicads.com/mobile/sdk5/log?method=encodeAppKey
https://www.supersonicads.com/mobile/sdk5/log?method=setWebViewSettings
https://www.supersonicads.com/mobile/sdk5/log?method=webviewLoadBlank
https://www.supersonicads.com/mobile/sdk5/log?method=webviewLoadWithPath
https://www.supersonicads.com/mobile/sdk5/log?method=htmlControllerDoesNotExistOnFileSystem
https://www.supersonicads.com/mobile/sdk5/log?method=webviewPause
https://www.supersonicads.com/mobile/sdk5/log?method=webviewResume
http://www.fusepowered.com
https://analytics.mopub.com/i/jot/exchange_client_event
http://www.fuseboxx.com

[INTERNAL_LOG][2018-06-12 01:33:07,044][INFO][find_url_in_apk()] [END ALL URL INSIDE APK]
[INTERNAL_LOG][2018-06-12 01:33:07,049][INFO][check_method_conf()] [JavaScript enabled: True]

[INTERNAL_LOG][2018-06-12 01:33:07,049][INFO][check_method_conf()] [Add interface WebView: True]

[INTERNAL_LOG][2018-06-12 01:33:07,049][INFO][analyze_start()] This app might be not vulnerable on  attack frame confusion.
[INTERNAL_LOG][2018-06-12 01:33:07,049][INFO][analyze_start()] End time:[Tue Jun 12 01:33:07 2018]
