[INTERNAL_LOG][2018-06-12 07:10:01,790][INFO][analyze_start()] Init Time [Tue Jun 12 07:10:01 2018]
[INTERNAL_LOG][2018-06-12 07:10:01,869][INFO][is_hybird()] [Permission Enble Start]
[INTERNAL_LOG][2018-06-12 07:10:01,869][INFO][run()] Start Analysis
[INTERNAL_LOG][2018-06-12 07:10:01,869][INFO][is_hybird()] android.permission.INTERNET
[INTERNAL_LOG][2018-06-12 07:10:01,869][INFO][is_hybird()] android.permission.DISABLE_KEYGUARD
[INTERNAL_LOG][2018-06-12 07:10:01,869][INFO][is_hybird()] android.permission.WAKE_LOCK
[INTERNAL_LOG][2018-06-12 07:10:01,869][INFO][is_hybird()] android.permission.ACCESS_NETWORK_STATE
[INTERNAL_LOG][2018-06-12 07:10:01,869][INFO][is_hybird()] android.permission.ACCESS_WIFI_STATE
[INTERNAL_LOG][2018-06-12 07:10:01,869][INFO][is_hybird()] android.permission.WRITE_EXTERNAL_STORAGE
[INTERNAL_LOG][2018-06-12 07:10:01,870][INFO][is_hybird()] [Permission End]

[INTERNAL_LOG][2018-06-12 07:10:01,870][INFO][analyze_start()] TYPE APK: [ANDROID NATIVE]

[INTERNAL_LOG][2018-06-12 07:10:01,870][INFO][find_string()] [START FILE ANALYZE]
[INTERNAL_LOG][2018-06-12 07:10:01,870][INFO][find_string()] File: res/raw/startga.html
[INTERNAL_LOG][2018-06-12 07:10:01,871][INFO][find_string()] No iframe in res/raw/startga.html
[INTERNAL_LOG][2018-06-12 07:10:01,871][INFO][find_string()] [END ANALYZE FILE]

[INTERNAL_LOG][2018-06-12 07:10:01,871][INFO][find_string()] [START FILE ANALYZE]
[INTERNAL_LOG][2018-06-12 07:10:01,871][INFO][find_string()] [END ANALYZE FILE]

[INTERNAL_LOG][2018-06-12 07:10:23,942][INFO][find_url_in_apk()] [START ALL URL INSIDE APK]
[INTERNAL_LOG][2018-06-12 07:10:23,942][INFO][find_url_in_apk()] https://airdownload2.adobe.com/air?
https://airdownload2.adobe.com/air?
https://www.adobe.com/airgames/5/
https://www.adobe.com/airgames/4/
https://www.adobe.com/airgames/4/
https://www.adobe.com/airgames/4/
http://s3-us-west-1.amazonaws.com/gamepreview/prod/airandroid/air.properties
http://www.adobe.com/airgames/3/
https://www.adobe.com/gamepreview/?game=notification/notificationClicked.html_
http://gamespace.adobe.com
https://dh8vjmvwgc27o.cloudfront.net
http://dh8vjmvwgc27o.cloudfront.net/AIRGamepad/connect_ping.txt
http://dh8vjmvwgc27o.cloudfront.net/AIRGamepad/connect_ping.txt?publisher=
https://accounts.google.com
https://accounts.google.com
https://www.facebook.com
https://www.facebook.com
https://www.googleapis.com/auth/plus.me
https://www.googleapis.com/auth/games
http://plus.google.com/
https://googleads.g.doubleclick.net/mads/static/mad/sdk/native/sdk-core-v40.html
https://googleads.g.doubleclick.net/mads/static/mad/sdk/native/mraid/v2/mraid_app_banner.js
https://googleads.g.doubleclick.net/mads/static/mad/sdk/native/mraid/v2/mraid_app_expanded_banner.js
https://googleads.g.doubleclick.net/mads/static/mad/sdk/native/mraid/v2/mraid_app_interstitial.js
https://csi.gstatic.com/csi
http://www.google.com
https://analytics.mopub.com/i/jot/exchange_client_event
https://twitter.com/%s/status/%s
https://www.mopub.com/optout
https://www.mopub.com/optout/
https://www.mopub.com/optout/
https://www.vungle.com/privacy/
https://www.vungle.com/privacy/
https://api.vungle.com/api/v4/
https://ingest.vungle.com/
http://lol.vungle.com/

[INTERNAL_LOG][2018-06-12 07:10:23,942][INFO][find_url_in_apk()] [END ALL URL INSIDE APK]
[INTERNAL_LOG][2018-06-12 07:10:23,947][INFO][check_method_conf()] [JavaScript enabled: True]

[INTERNAL_LOG][2018-06-12 07:10:23,947][INFO][check_method_conf()] [Add interface WebView: True]

[INTERNAL_LOG][2018-06-12 07:10:23,947][INFO][analyze_start()] This app might be not vulnerable on  attack frame confusion.
[INTERNAL_LOG][2018-06-12 07:10:23,948][INFO][analyze_start()] End time:[Tue Jun 12 07:10:23 2018]
