[INTERNAL_LOG][2018-06-12 01:11:06,631][INFO][analyze_start()] Init Time [Tue Jun 12 01:11:06 2018]
[INTERNAL_LOG][2018-06-12 01:11:06,680][INFO][run()] Start Analysis
[INTERNAL_LOG][2018-06-12 01:11:06,680][INFO][is_hybird()] [Permission Enble Start]
[INTERNAL_LOG][2018-06-12 01:11:06,680][INFO][is_hybird()] android.permission.INTERNET
[INTERNAL_LOG][2018-06-12 01:11:06,680][INFO][is_hybird()] android.permission.ACCESS_NETWORK_STATE
[INTERNAL_LOG][2018-06-12 01:11:06,680][INFO][is_hybird()] android.permission.VIBRATE
[INTERNAL_LOG][2018-06-12 01:11:06,680][INFO][is_hybird()] android.permission.WAKE_LOCK
[INTERNAL_LOG][2018-06-12 01:11:06,681][INFO][is_hybird()] android.permission.GET_ACCOUNTS
[INTERNAL_LOG][2018-06-12 01:11:06,681][INFO][is_hybird()] com.CarXTech.CarXDriftRacingFull.permission.C2D_MESSAGE
[INTERNAL_LOG][2018-06-12 01:11:06,681][INFO][is_hybird()] com.google.android.c2dm.permission.RECEIVE
[INTERNAL_LOG][2018-06-12 01:11:06,681][INFO][is_hybird()] android.permission.WRITE_EXTERNAL_STORAGE
[INTERNAL_LOG][2018-06-12 01:11:06,681][INFO][is_hybird()] android.permission.READ_EXTERNAL_STORAGE
[INTERNAL_LOG][2018-06-12 01:11:06,681][INFO][is_hybird()] android.permission.ACCESS_WIFI_STATE
[INTERNAL_LOG][2018-06-12 01:11:06,681][INFO][is_hybird()] android.permission.CAMERA
[INTERNAL_LOG][2018-06-12 01:11:06,681][INFO][is_hybird()] android.permission.RECORD_AUDIO
[INTERNAL_LOG][2018-06-12 01:11:06,681][INFO][is_hybird()] com.android.vending.BILLING
[INTERNAL_LOG][2018-06-12 01:11:06,681][INFO][is_hybird()] com.sec.android.iap.permission.BILLING
[INTERNAL_LOG][2018-06-12 01:11:06,681][INFO][is_hybird()] com.sec.android.provider.badge.permission.READ
[INTERNAL_LOG][2018-06-12 01:11:06,681][INFO][is_hybird()] com.sec.android.provider.badge.permission.WRITE
[INTERNAL_LOG][2018-06-12 01:11:06,681][INFO][is_hybird()] com.htc.launcher.permission.READ_SETTINGS
[INTERNAL_LOG][2018-06-12 01:11:06,681][INFO][is_hybird()] com.htc.launcher.permission.UPDATE_SHORTCUT
[INTERNAL_LOG][2018-06-12 01:11:06,681][INFO][is_hybird()] com.sonyericsson.home.permission.BROADCAST_BADGE
[INTERNAL_LOG][2018-06-12 01:11:06,681][INFO][is_hybird()] com.anddoes.launcher.permission.UPDATE_COUNT
[INTERNAL_LOG][2018-06-12 01:11:06,681][INFO][is_hybird()] com.majeur.launcher.permission.UPDATE_BADGE
[INTERNAL_LOG][2018-06-12 01:11:06,681][INFO][is_hybird()] [Permission End]

[INTERNAL_LOG][2018-06-12 01:11:06,681][INFO][analyze_start()] TYPE APK: [ANDROID NATIVE]

[INTERNAL_LOG][2018-06-12 01:11:06,681][INFO][find_string()] [START FILE ANALYZE]
[INTERNAL_LOG][2018-06-12 01:11:06,682][INFO][find_string()] [END ANALYZE FILE]

[INTERNAL_LOG][2018-06-12 01:11:06,682][INFO][find_string()] [START FILE ANALYZE]
[INTERNAL_LOG][2018-06-12 01:11:06,682][INFO][find_string()] [END ANALYZE FILE]

[INTERNAL_LOG][2018-06-12 01:11:36,948][INFO][find_url_in_apk()] [START ALL URL INSIDE APK]
[INTERNAL_LOG][2018-06-12 01:11:36,948][INFO][find_url_in_apk()] http://schemas.android.com/apk/res/android
http://www.amazon.com/gp/mas/get-appstore/android/ref=mas_mx_mba_iap_dl
https://m.everyplay.com
https://everyplay.com/apiv2/auth/connect
https://everyplay.com/
https://api.everyplay.com/
https://everyplay.com/apiv2/auth/oauth/access_token
https://m.everyplay.com/newconnect
https://everyplay.com/terms-of-service
https://everyplay.com/privacy-policy
https://everyplay.com
https://graph.%s
https://graph-video.%s
https://facebook.com
https://facebook.com/device?user_code=%1$s&qr=1
http://play.google.com/store/apps/details?id=com.facebook.orca
https://cfg.flurry.com/sdk/v1/config
https://cfg.flurry.com/sdk/v1/config
https://proton.flurry.com/sdk/v1/config
https://data.flurry.com/pcr.do
https://data.flurry.com/aap.do
http://data.flurry.com/aap.do
https://pagead2.googlesyndication.com/pagead/gen_204?id=gmob-apps
https://accounts.google.com
https://www.facebook.com
https://www.googleapis.com/auth/games
https://www.googleapis.com/auth/games
https://www.googleapis.com/auth/games
https://plus.google.com/
https://www.googleapis.com/auth/drive.file
https://www.googleapis.com/auth/drive.appdata
https://www.googleapis.com/auth/drive
https://www.googleapis.com/auth/drive.apps
https://www.googleapis.com/auth/games_lite
https://www.googleapis.com/auth/games_lite
https://www.googleapis.com/auth/games.firstparty
https://www.googleapis.com/auth/games.firstparty
https://pagead2.googlesyndication.com/pagead/gen_204
http://www.google.com
https://support.google.com/dfp_premium/answer/7160685#push
http://www.example.com
http://www.example.com
https://googleads.g.doubleclick.net/mads/static/mad/sdk/native/sdk-core-v40.html
https://googleads.g.doubleclick.net/mads/static/mad/sdk/native/mraid/v2/mraid_app_banner.js
https://googleads.g.doubleclick.net/mads/static/mad/sdk/native/mraid/v2/mraid_app_expanded_banner.js
https://googleads.g.doubleclick.net/mads/static/mad/sdk/native/mraid/v2/mraid_app_interstitial.js
https://csi.gstatic.com/csi
https://googleads.g.doubleclick.net/mads/static/mad/sdk/native/native_ads.html
https://imasdk.googleapis.com/admob/sdkloader/native_video.html
https://www.google.com/dfp/linkDevice
https://www.google.com/dfp/inAppPreview
https://www.google.com/dfp/debugSignals
https://www.google.com/dfp/sendDebugData
https://api.twitter.com/1.1/account/verify_credentials.json
https://api.twitter.com
https://api.twitter.com
https://iap.samsungapps.com/iap/appsItemVerifyIAPReceipt.as?protocolVersion=2.0
http://example.com
https://config.unityads.unity3d.com/webview/
https://e.crashlytics.com/spi/v2/events
https://settings.crashlytics.com/spi/v2/platforms/android/apps/%s/settings
http://api.twitter.com/oauth/access_token
https://api.twitter.com/oauth/authorize?oauth_token=%s
http://api.twitter.com/oauth/request_token
https://api.twitter.com/oauth/access_token
https://api.twitter.com/oauth/request_token

[INTERNAL_LOG][2018-06-12 01:11:36,949][INFO][find_url_in_apk()] [END ALL URL INSIDE APK]
[INTERNAL_LOG][2018-06-12 01:11:36,955][INFO][check_method_conf()] [JavaScript enabled: True]

[INTERNAL_LOG][2018-06-12 01:11:36,955][INFO][check_method_conf()] [Add interface WebView: True]

[INTERNAL_LOG][2018-06-12 01:11:36,955][INFO][analyze_start()] This app might be not vulnerable on  attack frame confusion.
[INTERNAL_LOG][2018-06-12 01:11:36,955][INFO][analyze_start()] End time:[Tue Jun 12 01:11:36 2018]
