[INTERNAL_LOG][2018-06-12 04:51:41,725][INFO][analyze_start()] Init Time [Tue Jun 12 04:51:41 2018]
[INTERNAL_LOG][2018-06-12 04:51:41,805][INFO][run()] Start Analysis
[INTERNAL_LOG][2018-06-12 04:51:41,806][INFO][is_hybird()] [Permission Enble Start]
[INTERNAL_LOG][2018-06-12 04:51:41,807][INFO][is_hybird()] android.permission.INTERNET
[INTERNAL_LOG][2018-06-12 04:51:41,807][INFO][is_hybird()] android.permission.ACCESS_NETWORK_STATE
[INTERNAL_LOG][2018-06-12 04:51:41,807][INFO][is_hybird()] android.permission.KILL_BACKGROUND_PROCESSES
[INTERNAL_LOG][2018-06-12 04:51:41,807][INFO][is_hybird()] android.permission.READ_EXTERNAL_STORAGE
[INTERNAL_LOG][2018-06-12 04:51:41,807][INFO][is_hybird()] android.permission.WRITE_EXTERNAL_STORAGE
[INTERNAL_LOG][2018-06-12 04:51:41,807][INFO][is_hybird()] android.permission.CLEAR_APP_CACHE
[INTERNAL_LOG][2018-06-12 04:51:41,807][INFO][is_hybird()] android.permission.GET_TASKS
[INTERNAL_LOG][2018-06-12 04:51:41,807][INFO][is_hybird()] android.permission.PACKAGE_USAGE_STATS
[INTERNAL_LOG][2018-06-12 04:51:41,807][INFO][is_hybird()] android.permission.RECEIVE_BOOT_COMPLETED
[INTERNAL_LOG][2018-06-12 04:51:41,807][INFO][is_hybird()] android.permission.WAKE_LOCK
[INTERNAL_LOG][2018-06-12 04:51:41,807][INFO][is_hybird()] android.permission.READ_PHONE_STATE
[INTERNAL_LOG][2018-06-12 04:51:41,807][INFO][is_hybird()] android.permission.ACCESS_WIFI_STATE
[INTERNAL_LOG][2018-06-12 04:51:41,807][INFO][is_hybird()] android.permission.BLUETOOTH
[INTERNAL_LOG][2018-06-12 04:51:41,807][INFO][is_hybird()] android.permission.SYSTEM_ALERT_WINDOW
[INTERNAL_LOG][2018-06-12 04:51:41,807][INFO][is_hybird()] android.permission.GET_PACKAGE_SIZE
[INTERNAL_LOG][2018-06-12 04:51:41,807][INFO][is_hybird()] android.permission.GET_ACCOUNTS
[INTERNAL_LOG][2018-06-12 04:51:41,807][INFO][is_hybird()] android.permission.AUTHENTICATE_ACCOUNTS
[INTERNAL_LOG][2018-06-12 04:51:41,807][INFO][is_hybird()] com.avast.android.feed.piriform.CACHE_PERMISSION
[INTERNAL_LOG][2018-06-12 04:51:41,807][INFO][is_hybird()] com.avast.android.applocker.piriform.TEMPORARY_DISABLE
[INTERNAL_LOG][2018-06-12 04:51:41,807][INFO][is_hybird()] com.avast.android.common.piriform.IDS_PERMISSION
[INTERNAL_LOG][2018-06-12 04:51:41,807][INFO][is_hybird()] com.google.android.c2dm.permission.RECEIVE
[INTERNAL_LOG][2018-06-12 04:51:41,807][INFO][is_hybird()] com.android.vending.BILLING
[INTERNAL_LOG][2018-06-12 04:51:41,808][INFO][is_hybird()] com.piriform.ccleaner.permission.C2D_MESSAGE
[INTERNAL_LOG][2018-06-12 04:51:41,808][INFO][is_hybird()] com.google.android.finsky.permission.BIND_GET_INSTALL_REFERRER_SERVICE
[INTERNAL_LOG][2018-06-12 04:51:41,808][INFO][is_hybird()] [Permission End]

[INTERNAL_LOG][2018-06-12 04:51:41,808][INFO][analyze_start()] TYPE APK: [ANDROID NATIVE]

[INTERNAL_LOG][2018-06-12 04:51:41,808][INFO][find_string()] [START FILE ANALYZE]
[INTERNAL_LOG][2018-06-12 04:51:41,808][INFO][find_string()] File: assets/eula.html
[INTERNAL_LOG][2018-06-12 04:51:41,859][INFO][find_string()] No iframe in assets/eula.html
[INTERNAL_LOG][2018-06-12 04:51:41,859][INFO][find_string()] [END ANALYZE FILE]

[INTERNAL_LOG][2018-06-12 04:51:41,859][INFO][find_string()] [START FILE ANALYZE]
[INTERNAL_LOG][2018-06-12 04:51:41,859][INFO][find_string()] [END ANALYZE FILE]

[INTERNAL_LOG][2018-06-12 04:52:42,583][INFO][find_url_in_apk()] [START ALL URL INSIDE APK]
[INTERNAL_LOG][2018-06-12 04:52:42,583][INFO][find_url_in_apk()] http://schemas.android.com/apk/res/android
https://api.%s/install_data/v3/
https://attr.%s/api/v
https://t.%s/api/v
https://events.%s/api/v
https://register.%s/api/v
https://stats.%s/stats
https://onelink.%s/shortlink-sdk/v1
https://monitorsdk.%s/remote-debug?app_id=
http://www.apache.org/licenses/LICENSE-2.0
http://opensource.org/licenses/mit-license.php
http://ormlite.com/javadoc/ormlite-core/doc-files/ormlite_9.html#License
http://opensource.org/licenses/BSD-3-Clause
https://github.com/JakeWharton/ActionBarSherlock
https://github.com/JakeWharton/Android-ViewPagerIndicator
https://github.com/JakeWharton/NineOldAndroids
https://github.com/JakeWharton/DiskLruCache
https://github.com/nostra13/Android-Universal-Image-Loader
https://github.com/kevinsawicki/http-request
https://github.com/FasterXML/jackson
https://github.com/candrews/HttpResponseCache
https://code.google.com/p/zxing/
https://github.com/JakeWharton/butterknife
https://github.com/square/picasso
https://github.com/square/okhttp
https://github.com/square/retrofit
https://github.com/square/otto
http://developer.android.com/tools/support-library/index.html
https://developer.android.com/tools/support-library/features.html#v7-appcompat
https://code.google.com/p/google-gson/
http://developer.android.com/google/play-services/index.html
https://android.googlesource.com/platform/frameworks/volley
https://github.com/inmite/android-styled-dialogs
https://code.google.com/p/android-maps-extensions/
https://github.com/roomorama/Caldroid
http://simple.sourceforge.net/home.php
http://ormlite.com/
https://github.com/pnikosis/materialish-progress
https://code.google.com/p/protobuf
https://github.com/TonicArtos/StickyGridHeaders
https://github.com/TonicArtos/SuperSLiM
https://github.com/hudomju/android-swipe-to-dismiss-undo
https://github.com/keyboardsurfer/Crouton
https://github.com/kovmarci86/android-secure-preferences
https://github.com/joakime/android-apk-parser
https://github.com/greenrobot/EventBus
https://github.com/chrisjenx/Calligraphy
https://github.com/evernote/android-job
https://jsoup.org/
https://github.com/timehop/sticky-headers-recyclerview
https://github.com/lsjwzh/MaterialLoadingProgressBar
https://github.com/jgilfelt/SystemBarTint
https://github.com/blipinsk/ViewPropertyObjectAnimator
https://analytics.ff.avast.com
https://analytics.ff.avast.com
https://analytics.ff.avast.com
https://my.avg.com
https://my.avast.com
https://id.avg.com/?target=https%3A%2F%2Fmy.avg.com%2F#recoverPassword
https://id.avast.com/?target=https%3A%2F%2Fmy.avast.com%2F#recoverPassword
https://id.avg.com/?target=https%3A%2F%2Fmy.avg.com%2F#register
https://id.avast.com/?target=https%3A%2F%2Fmy.avast.com%2F#register
http://push-test.ff.avast.com
http://push.ff.avast.com
https://www.googleapis.com/auth/drive
http://device-control-test.ff.avast.com
http://device-control.ff.avast.com
http://id-ffl-test.ff.avast.com
http://thor-test.ff.avast.com
http://id-ffl.avast.com
http://thor.ff.avast.com
https://shepherd-test-mobile.ff.avast.com
https://shepherd.ff.avast.com
https://ipm-provider-preview.ff.avast.com
https://ipm-provider.ff.avast.com
https://ipm-provider.ff.avast.com
https://my-android-stage.avast.com
https://my-android.avast.com
http://www.google.com
http://www.google.com
https://analytics-stage.ff.avast.com
https://play.google.com/store/apps/details?id=
https://play.google.com/store/apps/details?id=
http://www.example.com
http://www.example.com
http://www.example.com
http://feed-dev.ff.avast.com
http://feed-test.ff.avast.com
http://feed.ff.avast.com
http://vpn-sd.ff.avast.com/
http://ip-info.ff.avast.com/
http://ip-info-test.ff.avast.com/
http://ip-info-stage.ff.avast.com/
https://vanheim.ff.avast.com:443
https://alpha-license-dealer.ff.avast.com:443
https://alpha-lqs.ff.avast.com:443
https://pagead2.googlesyndication.com/pagead/gen_204
https://googleads.g.doubleclick.net/mads/static/mad/sdk/native/sdk-core-v40.html
https://googleads.g.doubleclick.net/mads/static/mad/sdk/native/production/sdk-core-v40-impl.js
https://googleads.g.doubleclick.net/mads/static/mad/sdk/native/mraid/v2/mraid_app_banner.js
https://googleads.g.doubleclick.net/mads/static/mad/sdk/native/mraid/v2/mraid_app_expanded_banner.js
https://googleads.g.doubleclick.net/mads/static/mad/sdk/native/mraid/v2/mraid_app_interstitial.js
https://csi.gstatic.com/csi
https://googleads.g.doubleclick.net/mads/static/mad/sdk/native/native_ads.html
https://googleads.g.doubleclick.net/mads/static/mad/sdk/native/production/native_ads.js
https://imasdk.googleapis.com/admob/sdkloader/native_video.html
https://www.google.com/dfp/linkDevice
https://www.google.com/dfp/inAppPreview
https://www.google.com/dfp/debugSignals
https://www.google.com/dfp/sendDebugData
https://twitter.com/%s/status/%s
https://ff-billing.avast.com
http://au.ff.avast.com:80/android/
http://al.ff.avast.com:80/F/
http://ab.ff.avast.com:80/cgi-bin/submit50.cgi
http://ui.ff.avast.com:80/urlinfo/v4/_MD/
http://ta.ff.avast.com:80/F/
http://ai.ff.avast.com/F/
http://phonerep.ff.avast.com:8080
https://ff-backup.avast.com
https://auth.ff.avast.com:443
https://auth.ff.avast.com:443
http://shepherd.sb.avast.com:80
https://auth-test.ff.avast.com:443
https://auth-test.ff.avast.com:443
http://shepherd-test.sb.avast.com:80
http://shepherd-stage.sb.avast.com:80
http://localhost:8081
http://localhost:8080
http://streamback.ff.avast.com:80
http://streamback-test.ff.avast.com:80
http://lon23.ff.avast.com:80
http://streamback-sandbox.ff.avast.com:80
http://api.openweathermap.org/data/2.5/
http://xmlpull.org/v1/doc/features.html#indent-output
http://xmlpull.org/v1/doc/features.html#indent-output
http://xmlpull.org/v1/doc/features.html#indent-output
http://xmlpull.org/v1/doc/features.html#indent-output
https://www.facebook.com/audience_network/server_side_reward
https://www.%s.facebook.com/audience_network/server_side_reward
http://play.google.com/store/apps/
https://www.facebook.com/
https://www.%s.facebook.com
https://graph.facebook.com/network_ads_common
https://graph.%s.facebook.com/network_ads_common
https://www.facebook.com/adnw_logging/
https://www.%s.facebook.com/adnw_logging/
http://www.facebook.com
https://graph.%s
https://graph-video.%s
https://facebook.com
https://facebook.com/device?user_code=%1$s&qr=1
http://play.google.com/store/apps/details?id=com.facebook.orca
http://www.w3.org/ns/ttml#parameter
https://pagead2.googlesyndication.com/pagead/gen_204?id=gmob-apps
http://hostname/?
https://www.googleapis.com/auth/games_lite
https://www.googleapis.com/auth/games
https://plus.google.com/
https://support.google.com/dfp_premium/answer/7160685#push
http://www.google-analytics.com
https://ssl.google-analytics.com
https://app-measurement.com/a
https://www.google.com
https://apis.live.net/v5.0
https://login.live.com/oauth20_authorize.srf
https://login.live.com/oauth20_desktop.srf
https://login.live.com/oauth20_logout.srf
https://login.live.com/oauth20_token.srf
https://analytics.mopub.com/i/jot/exchange_client_event
https://www.mopub.com/optout
https://www.mopub.com/optout/
https://www.mopub.com/optout/
https://e.crashlytics.com/spi/v2/events
https://settings.crashlytics.com/spi/v2/platforms/android/apps/%s/settings
http://www.w3.org/XML/1998/namespace

[INTERNAL_LOG][2018-06-12 04:52:42,583][INFO][find_url_in_apk()] [END ALL URL INSIDE APK]
[INTERNAL_LOG][2018-06-12 04:52:42,586][INFO][check_method_conf()] [JavaScript enabled: True]

[INTERNAL_LOG][2018-06-12 04:52:42,586][INFO][check_method_conf()] [Add interface WebView: True]

[INTERNAL_LOG][2018-06-12 04:52:42,587][INFO][analyze_start()] This app might be not vulnerable on  attack frame confusion.
[INTERNAL_LOG][2018-06-12 04:52:42,587][INFO][analyze_start()] End time:[Tue Jun 12 04:52:42 2018]
