[INTERNAL_LOG][2018-06-12 00:44:33,315][INFO][analyze_start()] Init Time [Tue Jun 12 00:44:33 2018]
[INTERNAL_LOG][2018-06-12 00:44:33,331][INFO][run()] Start Analysis
[INTERNAL_LOG][2018-06-12 00:44:33,332][INFO][is_hybird()] [Permission Enble Start]
[INTERNAL_LOG][2018-06-12 00:44:33,332][INFO][is_hybird()] android.permission.INTERNET
[INTERNAL_LOG][2018-06-12 00:44:33,332][INFO][is_hybird()] android.permission.GET_TASKS
[INTERNAL_LOG][2018-06-12 00:44:33,332][INFO][is_hybird()] android.permission.ACCESS_FINE_LOCATION
[INTERNAL_LOG][2018-06-12 00:44:33,332][INFO][is_hybird()] android.permission.WAKE_LOCK
[INTERNAL_LOG][2018-06-12 00:44:33,332][INFO][is_hybird()] android.permission.READ_EXTERNAL_STORAGE
[INTERNAL_LOG][2018-06-12 00:44:33,332][INFO][is_hybird()] android.permission.WRITE_EXTERNAL_STORAGE
[INTERNAL_LOG][2018-06-12 00:44:33,332][INFO][is_hybird()] android.permission.ACCESS_NETWORK_STATE
[INTERNAL_LOG][2018-06-12 00:44:33,332][INFO][is_hybird()] android.permission.CAMERA
[INTERNAL_LOG][2018-06-12 00:44:33,332][INFO][is_hybird()] com.example.dado.chatgcm.permission.C2D_MESSAGE
[INTERNAL_LOG][2018-06-12 00:44:33,332][INFO][is_hybird()] com.google.android.c2dm.permission.RECEIVE
[INTERNAL_LOG][2018-06-12 00:44:33,333][INFO][is_hybird()] android.permission.GET_ACCOUNTS
[INTERNAL_LOG][2018-06-12 00:44:33,333][INFO][is_hybird()] android.permission.USE_CREDENTIALS
[INTERNAL_LOG][2018-06-12 00:44:33,333][INFO][is_hybird()] [Permission End]

[INTERNAL_LOG][2018-06-12 00:44:33,333][INFO][analyze_start()] TYPE APK: [ANDROID NATIVE]

[INTERNAL_LOG][2018-06-12 00:44:33,333][INFO][find_string()] [START FILE ANALYZE]
[INTERNAL_LOG][2018-06-12 00:44:33,333][INFO][find_string()] [END ANALYZE FILE]

[INTERNAL_LOG][2018-06-12 00:44:33,336][INFO][find_string()] [START FILE ANALYZE]
[INTERNAL_LOG][2018-06-12 00:44:33,337][INFO][find_string()] [END ANALYZE FILE]

[INTERNAL_LOG][2018-06-12 00:44:33,841][INFO][check_method_conf()] [JavaScript enabled: False]

[INTERNAL_LOG][2018-06-12 00:44:33,841][INFO][check_method_conf()] [Add interface WebView: False]

[INTERNAL_LOG][2018-06-12 00:44:33,841][INFO][analyze_start()] This app might be not vulnerable on  attack frame confusion.
[INTERNAL_LOG][2018-06-12 00:44:33,842][INFO][analyze_start()] End time:[Tue Jun 12 00:44:33 2018]
