[INTERNAL_LOG][2018-06-12 04:30:58,661][INFO][analyze_start()] Init Time [Tue Jun 12 04:30:58 2018]
[INTERNAL_LOG][2018-06-12 04:30:58,729][INFO][run()] Start Analysis
[INTERNAL_LOG][2018-06-12 04:30:58,730][INFO][is_hybird()] [Permission Enble Start]
[INTERNAL_LOG][2018-06-12 04:30:58,730][INFO][is_hybird()] android.permission.WRITE_EXTERNAL_STORAGE
[INTERNAL_LOG][2018-06-12 04:30:58,730][INFO][is_hybird()] android.permission.READ_PHONE_STATE
[INTERNAL_LOG][2018-06-12 04:30:58,730][INFO][is_hybird()] android.permission.INTERNET
[INTERNAL_LOG][2018-06-12 04:30:58,730][INFO][is_hybird()] android.permission.ACCESS_WIFI_STATE
[INTERNAL_LOG][2018-06-12 04:30:58,730][INFO][is_hybird()] android.permission.ACCESS_NETWORK_STATE
[INTERNAL_LOG][2018-06-12 04:30:58,730][INFO][is_hybird()] android.permission.VIBRATE
[INTERNAL_LOG][2018-06-12 04:30:58,730][INFO][is_hybird()] com.android.vending.BILLING
[INTERNAL_LOG][2018-06-12 04:30:58,730][INFO][is_hybird()] [Permission End]

[INTERNAL_LOG][2018-06-12 04:30:58,730][INFO][analyze_start()] TYPE APK: [ANDROID NATIVE]

[INTERNAL_LOG][2018-06-12 04:30:58,730][INFO][find_string()] [START FILE ANALYZE]
[INTERNAL_LOG][2018-06-12 04:30:58,730][INFO][find_string()] [END ANALYZE FILE]

[INTERNAL_LOG][2018-06-12 04:30:58,731][INFO][find_string()] [START FILE ANALYZE]
[INTERNAL_LOG][2018-06-12 04:30:58,731][INFO][find_string()] [END ANALYZE FILE]

[INTERNAL_LOG][2018-06-12 04:31:23,863][INFO][find_url_in_apk()] [START ALL URL INSIDE APK]
[INTERNAL_LOG][2018-06-12 04:31:23,863][INFO][find_url_in_apk()] https://m.facebook.com/dialog/
https://graph.facebook.com/
https://api.facebook.com/restserver.php
https://graph.facebook.com/%s/picture
https://graph.%s
https://graph-video.%s
https://facebook.com
http://www.google-analytics.com
https://ssl.google-analytics.com
https://www.googleapis.com/auth/appstate
https://www.googleapis.com/auth/appstate
https://accounts.google.com
https://www.facebook.com
http://plus.google.com/
https://www.googleapis.com/auth/drive.file
https://www.googleapis.com/auth/drive.appdata
https://www.googleapis.com/auth/drive
https://www.googleapis.com/auth/drive.apps
https://www.googleapis.com/auth/fitness.activity.read
https://www.googleapis.com/auth/fitness.activity.read
https://www.googleapis.com/auth/fitness.activity.write
https://www.googleapis.com/auth/fitness.activity.write
https://www.googleapis.com/auth/fitness.location.read
https://www.googleapis.com/auth/fitness.location.read
https://www.googleapis.com/auth/fitness.location.write
https://www.googleapis.com/auth/fitness.location.write
https://www.googleapis.com/auth/fitness.body.read
https://www.googleapis.com/auth/fitness.body.read
https://www.googleapis.com/auth/fitness.body.write
https://www.googleapis.com/auth/fitness.body.write
https://www.googleapis.com/auth/fitness.nutrition.read
https://www.googleapis.com/auth/fitness.nutrition.read
https://www.googleapis.com/auth/fitness.nutrition.write
https://www.googleapis.com/auth/fitness.nutrition.write
https://www.googleapis.com/auth/games
https://www.googleapis.com/auth/games
https://www.googleapis.com/auth/games.firstparty
https://www.googleapis.com/auth/games.firstparty
https://googleads.g.doubleclick.net/mads/static/mad/sdk/native/sdk-core-v40.html
https://googleads.g.doubleclick.net/mads/static/mad/sdk/native/mraid/v2/mraid_app_banner.js
https://googleads.g.doubleclick.net/mads/static/mad/sdk/native/mraid/v2/mraid_app_expanded_banner.js
https://googleads.g.doubleclick.net/mads/static/mad/sdk/native/mraid/v2/mraid_app_interstitial.js
https://csi.gstatic.com/csi
http://www.google.com
https://www.google-analytics.com
https://www.googleapis.com/auth/plus.login
https://www.googleapis.com/auth/plus.me
http://schemas.android.com/apk/lib/com.google.android.gms.plus
http://schemas.android.com/apk/lib/com.google.android.gms.plus
http://hostname/?
http://hostname/?
https://www.googletagmanager.com
https://apps.facebook.com/friendsmashsample/?challenge_brag=
http://www.friendsmash.com/images/logo_large.jpg
http://alog.umeng.com/app_logs
http://alog.umeng.co/app_logs
http://oc.umeng.com/check_config_update
http://oc.umeng.co/check_config_update
http://log.umsns.com/share/api/
http://api.vungle.com/api/v4/
https://ingest.vungle.com/
https://play.google.com/store/apps/details?id=
https://play.google.com/store/apps/details?id=
https://play.google.com/store/apps/details?id=
https://play.google.com/store/apps/details?id=
https://play.google.com/store/apps/details?id=
http://geo.go2s.co/g
http://geo.go2s.co/g
http://geo.go2s.co/g
http://oc.umeng.com/v2/check_config_update
http://oc.umeng.com/v2/get_update_time
https://www.facebook.com/CityRacing3D
http://www.twitter.com/AppLeaderboard
https://www.vungle.com/privacy/

[INTERNAL_LOG][2018-06-12 04:31:23,863][INFO][find_url_in_apk()] [END ALL URL INSIDE APK]
[INTERNAL_LOG][2018-06-12 04:31:23,865][INFO][check_method_conf()] [JavaScript enabled: True]

[INTERNAL_LOG][2018-06-12 04:31:23,866][INFO][check_method_conf()] [Add interface WebView: True]

[INTERNAL_LOG][2018-06-12 04:31:23,866][INFO][analyze_start()] This app might be not vulnerable on  attack frame confusion.
[INTERNAL_LOG][2018-06-12 04:31:23,866][INFO][analyze_start()] End time:[Tue Jun 12 04:31:23 2018]
