[INTERNAL_LOG][2018-06-12 09:06:57,442][INFO][analyze_start()] Init Time [Tue Jun 12 09:06:57 2018]
[INTERNAL_LOG][2018-06-12 09:06:57,486][INFO][run()] Start Analysis
[INTERNAL_LOG][2018-06-12 09:06:57,487][INFO][is_hybird()] [Permission Enble Start]
[INTERNAL_LOG][2018-06-12 09:06:57,487][INFO][is_hybird()] android.permission.ACCESS_COARSE_LOCATION
[INTERNAL_LOG][2018-06-12 09:06:57,487][INFO][is_hybird()] android.permission.ACCESS_FINE_LOCATION
[INTERNAL_LOG][2018-06-12 09:06:57,487][INFO][is_hybird()] android.permission.ACCESS_NETWORK_STATE
[INTERNAL_LOG][2018-06-12 09:06:57,487][INFO][is_hybird()] android.permission.ACCESS_WIFI_STATE
[INTERNAL_LOG][2018-06-12 09:06:57,487][INFO][is_hybird()] com.android.launcher.permission.INSTALL_SHORTCUT
[INTERNAL_LOG][2018-06-12 09:06:57,487][INFO][is_hybird()] com.android.launcher.permission.UNINSTALL_SHORTCUT
[INTERNAL_LOG][2018-06-12 09:06:57,487][INFO][is_hybird()] com.android.launcher.permission.READ_SETTINGS
[INTERNAL_LOG][2018-06-12 09:06:57,487][INFO][is_hybird()] android.permission.INTERNET
[INTERNAL_LOG][2018-06-12 09:06:57,487][INFO][is_hybird()] android.permission.WAKE_LOCK
[INTERNAL_LOG][2018-06-12 09:06:57,487][INFO][is_hybird()] android.permission.WRITE_EXTERNAL_STORAGE
[INTERNAL_LOG][2018-06-12 09:06:57,488][INFO][is_hybird()] android.permission.VIBRATE
[INTERNAL_LOG][2018-06-12 09:06:57,488][INFO][is_hybird()] android.permission.MOUNT_UNMOUNT_FILESYSTEMS
[INTERNAL_LOG][2018-06-12 09:06:57,488][INFO][is_hybird()] android.permission.WRITE_SETTINGS
[INTERNAL_LOG][2018-06-12 09:06:57,488][INFO][is_hybird()] com.android.browser.permission.READ_HISTORY_BOOKMARKS
[INTERNAL_LOG][2018-06-12 09:06:57,488][INFO][is_hybird()] android.permission.SYSTEM_ALERT_WINDOW
[INTERNAL_LOG][2018-06-12 09:06:57,488][INFO][is_hybird()] android.permission.GET_ACCOUNTS
[INTERNAL_LOG][2018-06-12 09:06:57,488][INFO][is_hybird()] com.google.android.c2dm.permission.RECEIVE
[INTERNAL_LOG][2018-06-12 09:06:57,488][INFO][is_hybird()] com.ksmobile.cb.permission.C2D_MESSAGE
[INTERNAL_LOG][2018-06-12 09:06:57,488][INFO][is_hybird()] android.permission.READ_EXTERNAL_STORAGE
[INTERNAL_LOG][2018-06-12 09:06:57,488][INFO][is_hybird()] com.google.android.finsky.permission.BIND_GET_INSTALL_REFERRER_SERVICE
[INTERNAL_LOG][2018-06-12 09:06:57,488][INFO][is_hybird()] [Permission End]

[INTERNAL_LOG][2018-06-12 09:06:57,488][INFO][analyze_start()] TYPE APK: [ANDROID NATIVE]

[INTERNAL_LOG][2018-06-12 09:06:57,488][INFO][find_string()] [START FILE ANALYZE]
[INTERNAL_LOG][2018-06-12 09:06:57,488][INFO][find_string()] File: assets/city-select-local.html
[INTERNAL_LOG][2018-06-12 09:06:57,515][INFO][find_string()] No iframe in assets/city-select-local.html
[INTERNAL_LOG][2018-06-12 09:06:57,515][INFO][find_string()] File: assets/error.html
[INTERNAL_LOG][2018-06-12 09:06:57,517][INFO][find_string()] No iframe in assets/error.html
[INTERNAL_LOG][2018-06-12 09:06:57,517][INFO][find_string()] File: assets/onews__template.html
[INTERNAL_LOG][2018-06-12 09:06:57,518][INFO][find_string()] No iframe in assets/onews__template.html
[INTERNAL_LOG][2018-06-12 09:06:57,518][INFO][find_string()] File: assets/onews__template_for_view.html
[INTERNAL_LOG][2018-06-12 09:06:57,519][INFO][find_string()] No iframe in assets/onews__template_for_view.html
[INTERNAL_LOG][2018-06-12 09:06:57,519][INFO][find_string()] File: assets/onews__video__template.html
[INTERNAL_LOG][2018-06-12 09:06:57,519][INFO][find_string()] No iframe in assets/onews__video__template.html
[INTERNAL_LOG][2018-06-12 09:06:57,520][INFO][find_string()] [END ANALYZE FILE]

[INTERNAL_LOG][2018-06-12 09:06:57,520][INFO][find_string()] [START FILE ANALYZE]
[INTERNAL_LOG][2018-06-12 09:06:57,520][INFO][find_string()] File: assets/add_custom_ad.js
[INTERNAL_LOG][2018-06-12 09:06:57,520][INFO][find_string()] No iframe in assets/add_custom_ad.js
[INTERNAL_LOG][2018-06-12 09:06:57,520][INFO][find_string()] File: assets/floatvideo/cmbFloatVideo.js
[INTERNAL_LOG][2018-06-12 09:06:57,521][INFO][find_string()] No iframe in assets/floatvideo/cmbFloatVideo.js
[INTERNAL_LOG][2018-06-12 09:06:57,521][INFO][find_string()] File: assets/hide_custom_ad.js
[INTERNAL_LOG][2018-06-12 09:06:57,522][INFO][find_string()] No iframe in assets/hide_custom_ad.js
[INTERNAL_LOG][2018-06-12 09:06:57,522][INFO][find_string()] File: assets/javascript/autofillpassword.js
[INTERNAL_LOG][2018-06-12 09:06:57,523][INFO][find_string()] No iframe in assets/javascript/autofillpassword.js
[INTERNAL_LOG][2018-06-12 09:06:57,523][INFO][find_string()] File: assets/javascript/flashplay.js
[INTERNAL_LOG][2018-06-12 09:06:57,525][INFO][find_string()] No iframe in assets/javascript/flashplay.js
[INTERNAL_LOG][2018-06-12 09:06:57,525][INFO][find_string()] File: assets/javascript/prefetch.js
[INTERNAL_LOG][2018-06-12 09:06:57,525][INFO][find_string()] No iframe in assets/javascript/prefetch.js
[INTERNAL_LOG][2018-06-12 09:06:57,526][INFO][find_string()] File: assets/night_mode_default_script.js
[INTERNAL_LOG][2018-06-12 09:06:57,526][INFO][find_string()] No iframe in assets/night_mode_default_script.js
[INTERNAL_LOG][2018-06-12 09:06:57,526][INFO][find_string()] File: assets/onews__jquery-2.1.4.min.js
[INTERNAL_LOG][2018-06-12 09:06:57,531][INFO][find_string()] No iframe in assets/onews__jquery-2.1.4.min.js
[INTERNAL_LOG][2018-06-12 09:06:57,531][INFO][find_string()] File: assets/onews__template.js
[INTERNAL_LOG][2018-06-12 09:06:57,532][INFO][find_string()] No iframe in assets/onews__template.js
[INTERNAL_LOG][2018-06-12 09:06:57,532][INFO][find_string()] File: assets/onews__template_for_view.js
[INTERNAL_LOG][2018-06-12 09:06:57,533][INFO][find_string()] No iframe in assets/onews__template_for_view.js
[INTERNAL_LOG][2018-06-12 09:06:57,534][INFO][find_string()] File: assets/onews__video__play.bundle.js
[INTERNAL_LOG][2018-06-12 09:06:57,536][INFO][find_string()] No iframe in assets/onews__video__play.bundle.js
[INTERNAL_LOG][2018-06-12 09:06:57,536][INFO][find_string()] File: assets/translate.js
[INTERNAL_LOG][2018-06-12 09:06:57,536][INFO][find_string()] No iframe in assets/translate.js
[INTERNAL_LOG][2018-06-12 09:06:57,536][INFO][find_string()] File: assets/webicon.js
[INTERNAL_LOG][2018-06-12 09:06:57,537][INFO][find_string()] No iframe in assets/webicon.js
[INTERNAL_LOG][2018-06-12 09:06:57,537][INFO][find_string()] [END ANALYZE FILE]

[INTERNAL_LOG][2018-06-12 09:07:33,692][INFO][find_url_in_apk()] [START URL LOADED INSIDE LOAD FUNCTION]
[INTERNAL_LOG][2018-06-12 09:07:33,692][INFO][find_url_in_apk()] https://www.facebook.com/

[INTERNAL_LOG][2018-06-12 09:07:33,692][INFO][find_url_in_apk()] [END URL LOADED INSIDE LOAD FUNCTION]
[INTERNAL_LOG][2018-06-12 09:07:34,135][ERROR][download_page_loaded()] Failed download: https://www.facebook.com/ for exception [Errno 21] Is a directory: 'temp_html_code/html_downloaded_CM Browser - Ad Blocker _ Fast Download _ Privacy by Cheetah Mobile Communications - com/'
[INTERNAL_LOG][2018-06-12 09:07:34,137][INFO][find_string()] [START REMOTE FILE ANALYZE]
[INTERNAL_LOG][2018-06-12 09:07:34,137][INFO][find_string()] [END ANALYZE FILE]

[INTERNAL_LOG][2018-06-12 09:07:34,137][INFO][find_url_in_apk()] [START ALL URL INSIDE APK]
[INTERNAL_LOG][2018-06-12 09:07:34,138][INFO][find_url_in_apk()] https://api.%s/install_data/v3/
https://attr.%s/api/v
https://t.%s/api/v
https://events.%s/api/v
https://register.%s/api/v
https://stats.%s/stats
https://onelink.%s/shortlink-sdk/v1
https://onelink.%s/shortlink-sdk/v1
https://validate.%s/api/v
https://sdk-services.%s/validate-android-signature
https://app.%s
https://app.%s
https://impression.%s
https://monitorsdk.%s/remote-debug?app_id=
http://help.pc120.com/dump/publicnet/querydumpkey.php
https://sad.ksmobile.net/api/index
https://horoscope.cmcm.com
https://horoscope.cmcm.com/h5/compatibility/images/zodiac_symbol/zodiac_sign_aries.png
https://horoscope.cmcm.com/h5/compatibility/images/zodiac_symbol/zodiac_sign_taurus.png
https://horoscope.cmcm.com/h5/compatibility/images/zodiac_symbol/zodiac_sign_gemini.png
https://horoscope.cmcm.com/h5/compatibility/images/zodiac_symbol/zodiac_sign_cancer.png
https://horoscope.cmcm.com/h5/compatibility/images/zodiac_symbol/zodiac_sign_leo.png
https://horoscope.cmcm.com/h5/compatibility/images/zodiac_symbol/zodiac_sign_virgo.png
https://horoscope.cmcm.com/h5/compatibility/images/zodiac_symbol/zodiac_sign_libra.png
https://horoscope.cmcm.com/h5/compatibility/images/zodiac_symbol/zodiac_sign_scorpio.png
https://horoscope.cmcm.com/h5/compatibility/images/zodiac_symbol/zodiac_sign_sagittarius.png
https://horoscope.cmcm.com/h5/compatibility/images/zodiac_symbol/zodiac_sign_capricorn.png
https://horoscope.cmcm.com/h5/compatibility/images/zodiac_symbol/zodiac_sign_aquarius.png
https://horoscope.cmcm.com/h5/compatibility/images/zodiac_symbol/zodiac_sign_pisces.png
https://unconf.mobad.ijinshan.com/b/
https://unconf.adkmob.com/b/
http://ad.cmcm.com/
http://ad.cmcm.com/
http://rcv.mobad.ijinshan.com/rp/
https://ssdk.adkmob.com/rp/
https://ssdk.adkmob.com/rp/
http://api-keyboard.cmcm.com/
http://cr.m.liebao.cn/
http://cr.m.liebao.cn/news/report
http://cr.m.ksmobile.com/
http://cr.m.ksmobile.com/news/report
http://221.228.204.186/rp/
http://52.35.247.178/rp/
http://bp.adkmob.com/rp/
https://play.google.com/store/apps/details
https://play.google.com/store/apps/details
https://play.google.com/store/apps/details
http://play.google.com/store/apps/details
http://play.google.com/store/apps/details
https://play.google.com
https://play.google.com
http://play.google.com
http://play.google.com
https://xsdk.adkmob.com/b/?
http://118.89.55.235/c/
http://118.89.55.235/c/
https://helpcmbrowser1.ksmobile.com/c/
https://helpcmbrowser1.ksmobile.com/c/
https://helpcmbrowser1.ksmobile.com/c/
http://api.mobula.sdk.duapps.com/adunion/slot/getDlAd?
http://api.mobula.sdk.duapps.com/adunion/rtb/getInmobiAd?
http://api.mobula.sdk.duapps.com/adunion/rtb/fetchAd?
http://api.mobula.sdk.duapps.com/adunion/slot/getSrcPrio?
http://api.mobula.sdk.duapps.com/adunion/slot/getSrcPrio?
http://api.mobula.sdk.duapps.com/adunion/slot/tdmr?
http://rts.mobula.sdk.duapps.com/orts/rp?
http://rts.mobula.sdk.duapps.com/orts/rpb?
http://market.android.com
https://market.android.com
https://play.google.com/store/apps/details?id=
https://play.google.com/store/apps/details?id=
https://play.google.com/store/apps/details?id=
https://play.google.com/store/apps/details?id=
https://play.google.com/store/apps/details?id=
https://play.google.com/store/apps/details?id=
http://m.facebook.com/ads/ad_choices
http://m.facebook.com/ads/ad_choices
https://www.facebook.com/audience_network/server_side_reward
https://www.%s.facebook.com/audience_network/server_side_reward
https://graph.facebook.com/network_ads_common
https://graph.%s.facebook.com/network_ads_common
https://www.facebook.com/adnw_logging/
https://www.%s.facebook.com/adnw_logging/
https://www.facebook.com/
https://www.facebook.com/
https://www.%s.facebook.com
http://www.facebook.com
http://www.facebook.com
https://pagead2.googlesyndication.com/pagead/gen_204?id=gmob-apps
https://plus.google.com/
https://app-measurement.com/a
https://www.google.com
https://googleads.g.doubleclick.net/mads/static/mad/sdk/native/sdk-core-v40.html
https://googleads.g.doubleclick.net/mads/static/mad/sdk/native/production/sdk-core-v40-impl.js
https://googleads.g.doubleclick.net/mads/static/mad/sdk/native/mraid/v2/mraid_app_banner.js
https://googleads.g.doubleclick.net/mads/static/mad/sdk/native/mraid/v2/mraid_app_expanded_banner.js
https://googleads.g.doubleclick.net/mads/static/mad/sdk/native/mraid/v2/mraid_app_interstitial.js
https://csi.gstatic.com/csi
https://googleads.g.doubleclick.net/mads/static/mad/sdk/native/native_ads.html
https://googleads.g.doubleclick.net/mads/static/mad/sdk/native/production/native_ads.js
https://imasdk.googleapis.com/admob/sdkloader/native_video.html
https://www.google.com/dfp/linkDevice
https://www.google.com/dfp/inAppPreview
https://www.google.com/dfp/debugSignals
https://www.google.com/dfp/sendDebugData
http://54.200.110.150/fqexpack
http://54.200.156.56/fqexpack
http://54.200.162.83/fqexpack
http://54.200.67.215/fqexpack
http://54.201.210.250/fqexpack
http://114.112.67.221/fqexpack
http://rq.phone.cloud.duba.net/fqexpack
http://apkquery.ksmobile.net/fqexpack
https://play.google.com/store/apps/details?id=com.ksmobile.cb&referrer=utm_source%3Dcmb_homepage_share
https://play.google.com/store/apps/details?id=com.ksmobile.cb&referrer=utm_source%3Dcmb_homepage_share
https://play.google.com/store/apps/details?id=com.ksmobile.cb&referrer=utm_source%3Dcmb_homepage_share
https://play.google.com/store/apps/details?id=com.ksmobile.cb&referrer=utm_source%3Dcmb_homepage_share
https://play.google.com/store/apps/details?id=com.ksmobile.cb&referrer=utm_source%3Dcmb_homepage_share
http://cb.ksmobile.com/webpage/unsafe.html
http://cb.ksmobile.com/webpage/unsafe.html
http://cb.ksmobile.com/webpage/unsafe.html
http://cb.ksmobile.com/webpage/unsafe.html
http://cb.ksmobile.com/webpage/unsafe.html
http://cb.ksmobile.com/webpage/unsafe.html
http://cb.ksmobile.com/webpage/unsafe.html
http://cb.ksmobile.com/webpage/risky.html
http://cb.ksmobile.com/webpage/risky.html
http://cb.ksmobile.com/webpage/risky.html
http://cb.ksmobile.com/webpage/risky.html
http://cb.ksmobile.com/webpage/risky.html
https://www.facebook.com/groups/126925754520181/
https://www.facebook.com/groups/126925754520181/
https://www.facebook.com/groups/126925754520181/
https://www.surveymonkey.com/r/cmbuninstall-en
http://dl.cm.ksmobile.com/static/res/8a/be/icon_giftbox.png
http://dl.cm.ksmobile.com/static/res/8a/be/icon_giftbox.png
http://dl.cm.ksmobile.com/static/res/8a/be/icon_giftbox.png
http://www.
http://www.
http://www.
https://www.
https://www.
https://www.
http://www.google.com/
http://www.google.com/
http://www.google.com/
http://www.google.com/
http://cb.ksmobile.com/get
http://h5game.cmcm.com/?f=gg
https://search.yahoo.com/yhs/mobile/search?hspart=cheetah&hsimp=yhsm-cheetah_001&p={searchTerms}
https://uk.search.yahoo.com/yhs/mobile/search?hspart=cheetah&hsimp=yhsm-cheetah_057&p={searchTerms}&type=cmbyoutube
https://ca.search.yahoo.com/yhs/mobile/search?hspart=cheetah&hsimp=yhsm-cheetah_001&p={searchTerms}
https://qc.search.yahoo.com/yhs/mobile/search?hspart=cheetah&hsimp=yhsm-cheetah_001&p={searchTerms}
https://at.search.yahoo.com/yhs/mobile/search?hspart=cheetah&hsimp=yhsm-cheetah_001&p={searchTerms}
https://dk.search.yahoo.com/yhs/mobile/search?hspart=cheetah&hsimp=yhsm-cheetah_001&p={searchTerms}
https://fr.search.yahoo.com/yhs/mobile/search?hspart=cheetah&hsimp=yhsm-cheetah_057&p={searchTerms}&type=cmbyoutube
https://de.search.yahoo.com/yhs/mobile/search?hspart=cheetah&hsimp=yhsm-cheetah_057&p={searchTerms}&type=cmbyoutube
https://no.search.yahoo.com/yhs/mobile/search?hspart=cheetah&hsimp=yhsm-cheetah_001&p={searchTerms}
https://se.search.yahoo.com/yhs/mobile/search?hspart=cheetah&hsimp=yhsm-cheetah_001&p={searchTerms}
https://ch.search.yahoo.com/yhs/mobile/search?hspart=cheetah&hsimp=yhsm-cheetah_001&p={searchTerms}
https://chfr.search.yahoo.com/yhs/mobile/search?hspart=cheetah&hsimp=yhsm-cheetah_001&p={searchTerms}
https://chit.search.yahoo.com/yhs/mobile/search?hspart=cheetah&hsimp=yhsm-cheetah_001&p={searchTerms}
https://hk.search.yahoo.com/yhs/mobile/search?hspart=cheetah&hsimp=yhsm-cheetah_001&p={searchTerms}
https://tw.search.yahoo.com/yhs/mobile/search?hspart=cheetah&hsimp=yhsm-cheetah_057&p={searchTerms}&type=cmbyoutube
https://ar.search.yahoo.com/yhs/mobile/search?hspart=cheetah&hsimp=yhs-cheetah_001&p={searchTerms}
https://cl.search.yahoo.com/yhs/mobile/search?hspart=cheetah&hsimp=yhs-cheetah_001&p={searchTerms}
https://co.search.yahoo.com/yhs/mobile/search?hspart=cheetah&hsimp=yhs-cheetah_001&p={searchTerms}
https://es.search.yahoo.com/yhs/mobile/search?hspart=cheetah&hsimp=yhsm-cheetah_057&p={searchTerms}&type=cmbyoutube
https://fi.search.yahoo.com/yhs/mobile/search?hspart=cheetah&hsimp=yhs-cheetah_001&p={searchTerms}
https://id.search.yahoo.com/yhs/mobile/search?hspart=cheetah&hsimp=yhs-cheetah_001&p={searchTerms}
https://it.search.yahoo.com/yhs/mobile/search?hspart=cheetah&hsimp=yhsm-cheetah_057&p={searchTerms}&type=cmbyoutube
https://malaysia.search.yahoo.com/yhs/mobile/search?hspart=cheetah&hsimp=yhs-cheetah_001&p={searchTerms}
https://nl.search.yahoo.com/yhs/mobile/search?hspart=cheetah&hsimp=yhs-cheetah_001&p={searchTerms}
https://pe.search.yahoo.com/yhs/mobile/search?hspart=cheetah&hsimp=yhs-cheetah_001&p={searchTerms}
https://ph.search.yahoo.com/yhs/mobile/search?hspart=cheetah&hsimp=yhs-cheetah_001&p={searchTerms}
https://sg.search.yahoo.com/yhs/mobile/search?hspart=cheetah&hsimp=yhsm-cheetah_057&p={searchTerms}&type=cmbyoutube
https://th.search.yahoo.com/yhs/mobile/search?hspart=cheetah&hsimp=yhs-cheetah_001&p={searchTerms}
https://ve.search.yahoo.com/yhs/mobile/search?hspart=cheetah&hsimp=yhs-cheetah_001&p={searchTerms}
https://vn.search.yahoo.com/yhs/mobile/search?hspart=cheetah&hsimp=yhs-cheetah_001&p={searchTerms}
https://mx.search.yahoo.com/yhs/mobile/search?hspart=cheetah&hsimp=yhsm-cheetah_057&p={searchTerms}&type=cmbyoutube
https://br.search.yahoo.com/yhs/mobile/search?hspart=cheetah&hsimp=yhsm-cheetah_057&p={searchTerms}&type=cmbyoutube
https://in.search.yahoo.com/yhs/mobile/search?hspart=cheetah&hsimp=yhsm-cheetah_057&p={searchTerms}&type=cmbyoutube
https://syndication.site.yahoo.net/sapps/api/v1?appid=YC128f07c0&type=cmbyoutube
https://syndication.site.yahoo.net/sapps/api/v1?appid=YC128f07c0&type=cmbyoutube
https://syndication.site.yahoo.net/sapps/api/v1?appid=YC128f07c0&type=cmbyoutube
https://syndication.site.yahoo.net/sapps/api/v1?appid=YC128f07c0&region=IN
https://syndication.site.yahoo.net/sapps/api/v1?appid=YC128f07c0&region=IN
https://syndication.site.yahoo.net/sapps/api/v1?appid=YC128f07c0&region=IN
http://cb.ksmobile.com/yahoohot?mcc=
http://cb.ksmobile.com/yahoohot?mcc=
https://trends.google.com/trends/hottrends/atom/feed?pn=
https://trends.google.com/trends/hottrends/atom/feed?pn=
http://www.yahoo.com/favicon.ico
http://search.yahoo.com/search?v=web&amp;p={searchTerms}
http://www.google.com/complete/search?output=firefox&amp;hl=en&amp;q={searchTerms}
https://www.youtube.com
https://cm-browser-cdn.cmcm.com/staging/ext/en.json
https://cm-browser-cdn.cmcm.com/v1/ext/
http://www.youtube.com
https://www.youtube.com/player_api
http://m.youtube.com/watch?
https://m.youtube.com/watch?
http://www.cmcm.com/en-us/opt-out/index.html?pkg=com.ksmobile.cb
https://www.google.com/search?ie={inputEncoding}&source=android-browser&q={searchTerms}
http://www.google.com/complete/search?output=firefox&hl=en&q={searchTerms}
http://cb.ksmobile.com
http://cb.ksmobile.com/default
http://mlb.did.ijinshan.com/mlb/
http://www.google.com
http://ssdk.adkmob.com/b/?mid=
http://cm.gcm.ksmobile.com/rpc/taskback/gcm
http://cm.gcm.ksmobile.com/rpc/gcm/report
https://play.google.com/store/apps
https://tuc.ksmobile.net/report
http://www.cmcm.com
http://www.cmcm.com
http://translate.googleusercontent.com/translate_c?depth=1&nv=1&rurl=translate.google.com&hl=%s&sl=%s&tl=%s&u=%s
http://translate.googleusercontent.com/
http://cn.bing.com/search?
https://m.facebook.com
https://disqus.com
https://cmv-api.ksmobile.net/client-info
http://www.google.com/m?q=%s
http://en.wikipedia.org/w/index.php?search=%s&go=Go
http://dictionary.reference.com/search?q=%s
http://www.google.com/m/search?site=local&q=%s&near=mountain+view
http://cb.ksmobile.com/feedbacknew
http://cb.ksmobile.com/
http://cb.ksmobile.com/
http://cms.cb.ksmobile.com/upload/share/rdcfb3.htm
https://ups.ksmobile.net/
https://ws.ksmobile.net/api/GetCloudMsgAdv
http://base64/
http://base64/
http://download.macromedia.com/pub/
http://fpdownload.macromedia.com/pub/flashplayer/
http://urlauth.ksmobile.net/spp_query/
http://t.cn
http://url.cn
http://126.am
http://t.itc.cn
http://163.fm
http://www.cmcm.com/protocol/site/ad-choice.html
http://www.cmcm.com/protocol/site/tos.html
http://www.cmcm.com/protocol/site/privacy.html
http://www.redtube.com/
http://m.xhamster.com
http://www.youporn.com/
http://n.m.ksmobile.com/stat/
http://n.m.ksmobile.com/news/
https://settings.crashlytics.com/spi/v2/platforms/android/apps/%s/settings
https://e.crashlytics.com/spi/v2/events
https://play.google.com/store/apps/details?
http://api.c.avazunativeads.com
http://api.c.mobdynamics.mobi
http://api.c.nativedynamics.mobi
http://192.168.5.222:18080
http://192.168.5.222:18080
http://192.168.5.222:18080
http://192.168.5.222:18080
http://192.168.5.222:17087

[INTERNAL_LOG][2018-06-12 09:07:34,139][INFO][find_url_in_apk()] [END ALL URL INSIDE APK]
[INTERNAL_LOG][2018-06-12 09:07:34,172][INFO][check_method_conf()] [JavaScript enabled: True]

[INTERNAL_LOG][2018-06-12 09:07:34,172][INFO][check_method_conf()] [Add interface WebView: True]

[INTERNAL_LOG][2018-06-12 09:07:34,172][INFO][analyze_start()] This app might be not vulnerable on  attack frame confusion.
[INTERNAL_LOG][2018-06-12 09:07:34,172][INFO][analyze_start()] End time:[Tue Jun 12 09:07:34 2018]
