[INTERNAL_LOG][2018-06-12 08:21:37,464][INFO][analyze_start()] Init Time [Tue Jun 12 08:21:37 2018]
[INTERNAL_LOG][2018-06-12 08:21:37,540][INFO][run()] Start Analysis
[INTERNAL_LOG][2018-06-12 08:21:37,541][INFO][is_hybird()] [Permission Enble Start]
[INTERNAL_LOG][2018-06-12 08:21:37,541][INFO][is_hybird()] android.permission.INTERNET
[INTERNAL_LOG][2018-06-12 08:21:37,541][INFO][is_hybird()] android.permission.ACCESS_NETWORK_STATE
[INTERNAL_LOG][2018-06-12 08:21:37,541][INFO][is_hybird()] android.permission.WRITE_EXTERNAL_STORAGE
[INTERNAL_LOG][2018-06-12 08:21:37,541][INFO][is_hybird()] android.permission.ACCESS_COARSE_LOCATION
[INTERNAL_LOG][2018-06-12 08:21:37,541][INFO][is_hybird()] android.permission.ACCESS_FINE_LOCATION
[INTERNAL_LOG][2018-06-12 08:21:37,541][INFO][is_hybird()] android.permission.ACCESS_COARSE_UPDATES
[INTERNAL_LOG][2018-06-12 08:21:37,541][INFO][is_hybird()] android.permission.ACCESS_WIFI_STATE
[INTERNAL_LOG][2018-06-12 08:21:37,541][INFO][is_hybird()] android.permission.VIBRATE
[INTERNAL_LOG][2018-06-12 08:21:37,541][INFO][is_hybird()] com.google.android.finsky.permission.BIND_GET_INSTALL_REFERRER_SERVICE
[INTERNAL_LOG][2018-06-12 08:21:37,541][INFO][is_hybird()] com.android.vending.BILLING
[INTERNAL_LOG][2018-06-12 08:21:37,541][INFO][is_hybird()] android.permission.READ_EXTERNAL_STORAGE
[INTERNAL_LOG][2018-06-12 08:21:37,541][INFO][is_hybird()] android.permission.READ_PHONE_STATE
[INTERNAL_LOG][2018-06-12 08:21:37,541][INFO][is_hybird()] [Permission End]

[INTERNAL_LOG][2018-06-12 08:21:37,541][INFO][analyze_start()] TYPE APK: [ANDROID NATIVE]

[INTERNAL_LOG][2018-06-12 08:21:37,542][INFO][find_string()] [START FILE ANALYZE]
[INTERNAL_LOG][2018-06-12 08:21:37,542][INFO][find_string()] File: js/closebutton.html
[INTERNAL_LOG][2018-06-12 08:21:37,542][INFO][find_string()] No iframe in js/closebutton.html
[INTERNAL_LOG][2018-06-12 08:21:37,542][INFO][find_string()] [END ANALYZE FILE]

[INTERNAL_LOG][2018-06-12 08:21:37,542][INFO][find_string()] [START FILE ANALYZE]
[INTERNAL_LOG][2018-06-12 08:21:37,542][INFO][find_string()] File: assets/mmadsdk/actionsQueue.js
[INTERNAL_LOG][2018-06-12 08:21:37,544][INFO][find_string()] No iframe in assets/mmadsdk/actionsQueue.js
[INTERNAL_LOG][2018-06-12 08:21:37,544][INFO][find_string()] File: assets/mmadsdk/mm.js
[INTERNAL_LOG][2018-06-12 08:21:37,546][INFO][find_string()] No iframe in assets/mmadsdk/mm.js
[INTERNAL_LOG][2018-06-12 08:21:37,546][INFO][find_string()] File: assets/mmadsdk/mraid.js
[INTERNAL_LOG][2018-06-12 08:21:37,548][INFO][find_string()] No iframe in assets/mmadsdk/mraid.js
[INTERNAL_LOG][2018-06-12 08:21:37,548][INFO][find_string()] File: assets/mmadsdk/vpaid.js
[INTERNAL_LOG][2018-06-12 08:21:37,551][INFO][find_string()] No iframe in assets/mmadsdk/vpaid.js
[INTERNAL_LOG][2018-06-12 08:21:37,551][INFO][find_string()] File: js/mraid.js
[INTERNAL_LOG][2018-06-12 08:21:37,577][INFO][find_string()] No iframe in js/mraid.js
[INTERNAL_LOG][2018-06-12 08:21:37,577][INFO][find_string()] File: res/raw/fm.js
[INTERNAL_LOG][2018-06-12 08:21:37,580][INFO][find_string()] No iframe in res/raw/fm.js
[INTERNAL_LOG][2018-06-12 08:21:37,580][INFO][find_string()] File: res/raw/mraid.js
[INTERNAL_LOG][2018-06-12 08:21:37,581][INFO][find_string()] No iframe in res/raw/mraid.js
[INTERNAL_LOG][2018-06-12 08:21:37,581][INFO][find_string()] [END ANALYZE FILE]

[INTERNAL_LOG][2018-06-12 08:22:33,501][ERROR][find_url_in_apk()] Exception during find url in apk 'NoneType' object has no attribute 'get_end'
[INTERNAL_LOG][2018-06-12 08:22:33,592][INFO][find_url_in_apk()] [START ALL URL INSIDE APK]
[INTERNAL_LOG][2018-06-12 08:22:33,592][INFO][find_url_in_apk()] http://schemas.android.com/apk/res/android
https://adc3-launch-server-staging.herokuapp.com/v4/launch
https://adc3-launch.adcolony.com/v4/launch
https://wd.adcolony.com/logs
http://schemas.applovin.com/android/1.0
http://schemas.applovin.com/android/1.0
https://d.applovin.com/
https://a.applovin.com/
https://rt.applovin.com/med
https://rt.applovin.com/pix
https://d.applvn.com/
https://a.applvn.com/
https://rt.applvn.com/pix
https://vid.applovin.com/,https://pdn.applovin.com/,https://img.applovin.com/,https://d.applovin.com/,https://assets.applovin.com/,https://cdnjs.cloudflare.com/,http://vid.applovin.com/,http://pdn.applovin.com/,http://img.applovin.com/,http://d.applovin.com/,http://assets.applovin.com/,http://cdnjs.cloudflare.com/
http://market.android.com/
http://play.google.com/store/apps/
https://www.facebook.com/
https://www.%s.facebook.com
https://graph.facebook.com/network_ads_common
https://graph.%s.facebook.com/network_ads_common
https://www.facebook.com/adnw_logging/
https://www.%s.facebook.com/adnw_logging/
http://www.facebook.com
https://graph.%s
https://graph-video.%s
https://facebook.com
http://play.google.com/store/apps/details?id=com.facebook.orca
https://adzone.fractionalmedia.com
https://adzone.fractionalmedia.com/ad_server
https://pagead2.googlesyndication.com/pagead/gen_204?id=gmob-apps
https://plus.google.com/
https://pagead2.googlesyndication.com/pagead/gen_204
http://www.google.com
http://www.google.com
http://www.google.com
http://www.google.com
https://support.google.com/dfp_premium/answer/7160685#push
http://www.example.com
http://www.example.com
https://googleads.g.doubleclick.net/mads/static/mad/sdk/native/sdk-core-v40.html
https://googleads.g.doubleclick.net/mads/static/mad/sdk/native/production/sdk-core-v40-impl.js
https://googleads.g.doubleclick.net/mads/static/mad/sdk/native/mraid/v2/mraid_app_banner.js
https://googleads.g.doubleclick.net/mads/static/mad/sdk/native/mraid/v2/mraid_app_expanded_banner.js
https://googleads.g.doubleclick.net/mads/static/mad/sdk/native/mraid/v2/mraid_app_interstitial.js
https://csi.gstatic.com/csi
https://googleads.g.doubleclick.net/mads/static/mad/sdk/native/native_ads.html
https://googleads.g.doubleclick.net/mads/static/mad/sdk/native/production/native_ads.js
https://imasdk.googleapis.com/admob/sdkloader/native_video.html
https://www.google.com/dfp/linkDevice
https://www.google.com/dfp/inAppPreview
https://www.google.com/dfp/debugSignals
https://www.google.com/dfp/sendDebugData
http://maps.google.com/maps/api/geocode/json?
http://schemas.android.com/apk/lib/com.inmobi.ads
http://schemas.android.com/apk/lib/com.inmobi.ads
https://i.l.inmobicdn.net/sdk/sdk/500/android/mraid.js
http://www.inmobi.com/products/sdk/#downloads
http://twitter.com/home?status=
https://m.google.com/app/plus/x/?v=compose&content=
https://www.facebook.com/dialog/feed?app_id=181821551957328&link=
http://dock.inmobi.com/carb/v1/i
http://dock.inmobi.com/carb/v1/o
https://sdkm.w.inmobi.com/user/e.asm
https://mobile-static.adsafeprotected.com/avid-v2.js
https://mobile-static.adsafeprotected.com/avid-v2.js
https://mobilelogs.supersonic.com
https://mobilelogs.supersonic.com
https://track.atom-data.io
https://track.atom-data.io
https://track.atom-data.io
https://www.supersonicads.com/mobile/sdk5/log?method=injectJavaScript
https://www.supersonicads.com/mobile/sdk5/log?method=
https://www.supersonicads.com/mobile/sdk5/log?method=
https://www.supersonicads.com/mobile/sdk5/log?method=
https://www.supersonicads.com/mobile/sdk5/log?method=
https://www.supersonicads.com/mobile/sdk5/log?method=
https://www.supersonicads.com/mobile/sdk5/log?method=
https://www.supersonicads.com/mobile/sdk5/log?method=
https://www.supersonicads.com/mobile/sdk5/log?method=
https://live.chartboost.com
http://i.w.inmobi.com/showad.asm
https://sdktm.w.inmobi.com/sdkpubreq
https://sdkm.w.inmobi.com/metrics/e.asm?v=1&
https://outcome.supersonicads.com/mediation/
https://outcome.supersonicads.com/mediation/
https://www.supersonicads.com/mobile/sdk5/log?method=noProductType
https://www.supersonicads.com/mobile/sdk5/log?method=encodeAppUserId
https://www.supersonicads.com/mobile/sdk5/log?method=encodeAppKey
https://www.supersonicads.com/mobile/sdk5/log?method=extraParametersToJson
https://www.supersonicads.com/mobile/sdk5/log?method=webviewLoadBlank
https://www.supersonicads.com/mobile/sdk5/log?method=webviewLoadWithPath
https://www.supersonicads.com/mobile/sdk5/log?method=htmlControllerDoesNotExistOnFileSystem
https://www.supersonicads.com/mobile/sdk5/log?method=webviewPause
https://www.supersonicads.com/mobile/sdk5/log?method=webviewResume
https://www.%s.facebook.com/audience_network/server_side_reward
https://www.facebook.com/audience_network/server_side_reward
https://www.googleapis.com/auth/games_lite
https://www.googleapis.com/auth/games
https://ads.nexage.com
http://xmlpull.org/v1/doc/features.html#process-namespaces
https://px.moatads.com/pixel.gif?e=0&i=MOATSDK1&ac=1
https://px.moatads.com/pixel.gif?e=0&i=MOATSDK1&ac=1
https://z.moatads.com/
https://z.moatads.com/
https://z.moatads.com/
https://z.moatads.com/
https://z.moatads.com/
https://play.google.com/store/apps/details?id=
https://play.google.com/
https://play.google.com/
https://play.google.com/
https://twitter.com/%s/status/%s
https://rpc.tapjoy.com/
https://connect.tapjoy.com/
https://connect.tapjoy.com/
https://ws.tapjoyads.com/
https://ws.tapjoyads.com/
https://ws.tapjoyads.com/
https://placements.tapjoy.com/
https://track.tenjin.io/v0/event
https://track.tenjin.io/v0/event
https://track.tenjin.io/v0/event
https://track.tenjin.io/v0/event
https://track.tenjin.io/v0/event
https://track.tenjin.io/v0/purchase
https://track.tenjin.io/v0/purchase
https://track.tenjin.io/v0/user
https://config.unityads.unity3d.com/webview/
http://lol.vungle.com/
https://api.vungle.com/
https://settings.crashlytics.com/spi/v2/platforms/android/apps/%s/settings
http://shadow01.yumenetworks.com/
http://checkip.amazonaws.com/
http://icanhazip.com/
http://curlmyip.com/
http://www.trackip.net/ip
http://localhost/
http://localhost/
http://localhost/
https://ads.api.vungle.com/config
https://e.crashlytics.com/spi/v2/events
http://postitial.iqzone.com/a/
https://analytics.mopub.com/i/jot/exchange_client_event
https://www.vungle.com/privacy/
https://www.vungle.com/privacy/

[INTERNAL_LOG][2018-06-12 08:22:33,592][INFO][find_url_in_apk()] [END ALL URL INSIDE APK]
[INTERNAL_LOG][2018-06-12 08:22:33,597][INFO][check_method_conf()] [JavaScript enabled: True]

[INTERNAL_LOG][2018-06-12 08:22:33,598][INFO][check_method_conf()] [Add interface WebView: True]

[INTERNAL_LOG][2018-06-12 08:22:33,598][INFO][analyze_start()] This app might be not vulnerable on  attack frame confusion.
[INTERNAL_LOG][2018-06-12 08:22:33,598][INFO][analyze_start()] End time:[Tue Jun 12 08:22:33 2018]
