[INTERNAL_LOG][2018-06-12 07:46:53,071][INFO][analyze_start()] Init Time [Tue Jun 12 07:46:53 2018]
[INTERNAL_LOG][2018-06-12 07:46:53,086][INFO][is_hybird()] [Permission Enble Start]
[INTERNAL_LOG][2018-06-12 07:46:53,086][INFO][run()] Start Analysis
[INTERNAL_LOG][2018-06-12 07:46:53,086][INFO][is_hybird()] android.permission.WRITE_EXTERNAL_STORAGE
[INTERNAL_LOG][2018-06-12 07:46:53,086][INFO][is_hybird()] android.permission.RECEIVE_BOOT_COMPLETED
[INTERNAL_LOG][2018-06-12 07:46:53,086][INFO][is_hybird()] android.permission.VIBRATE
[INTERNAL_LOG][2018-06-12 07:46:53,087][INFO][is_hybird()] android.permission.WAKE_LOCK
[INTERNAL_LOG][2018-06-12 07:46:53,087][INFO][is_hybird()] android.permission.INTERNET
[INTERNAL_LOG][2018-06-12 07:46:53,087][INFO][is_hybird()] [Permission End]

[INTERNAL_LOG][2018-06-12 07:46:53,089][INFO][analyze_start()] TYPE APK: [ANDROID NATIVE]

[INTERNAL_LOG][2018-06-12 07:46:53,096][INFO][find_string()] [START FILE ANALYZE]
[INTERNAL_LOG][2018-06-12 07:46:53,096][INFO][find_string()] [END ANALYZE FILE]

[INTERNAL_LOG][2018-06-12 07:46:53,096][INFO][find_string()] [START FILE ANALYZE]
[INTERNAL_LOG][2018-06-12 07:46:53,096][INFO][find_string()] [END ANALYZE FILE]

[INTERNAL_LOG][2018-06-12 07:46:56,734][INFO][find_url_in_apk()] [START ALL URL INSIDE APK]
[INTERNAL_LOG][2018-06-12 07:46:56,735][INFO][find_url_in_apk()] https://www.facebook.com/v2.8/dialog/
https://graph.facebook.com/
https://graph.facebook.com/
https://api.facebook.com/restserver.php
http://data.flurry.com/aap.do
https://data.flurry.com/aap.do
http://event-collector-colornote.appspot.com
http://www.colornote.com/help/faq.html
http://www.colornote.com/help/privacy.html
http://www.colornote.com/help/translation.html
https://play.google.com/store/apps/details?id=
https://api.colornote.com/api/v1/client-config
http://www.amazon.com/gp/mas/dl/android?p=com.socialnmobile.dictapps.notepad.color.note
http://www.colornote.com/help/tos.html
http://www.example.com
https://accounts.google.com/o/oauth2/token
https://accounts.google.com/o/oauth2/auth?
http://www.google.com/cse?cx=partner-pub-2353536094017743:1302913524&ie=UTF-8&sa=Search&q=
http://www.amazon.com/gp/aw/s?tag=colornotenotepa-20&linkCode=da4&i=aps&k=%s&sort=&p_lbr_brands_browse-bin=
http://www.facebook.com/ColorNote
http://event-collector-etc.appspot.com

[INTERNAL_LOG][2018-06-12 07:46:56,735][INFO][find_url_in_apk()] [END ALL URL INSIDE APK]
[INTERNAL_LOG][2018-06-12 07:46:56,738][INFO][check_method_conf()] [JavaScript enabled: True]

[INTERNAL_LOG][2018-06-12 07:46:56,738][INFO][check_method_conf()] [Add interface WebView: False]

[INTERNAL_LOG][2018-06-12 07:46:56,738][INFO][analyze_start()] This app might be not vulnerable on  attack frame confusion.
[INTERNAL_LOG][2018-06-12 07:46:56,738][INFO][analyze_start()] End time:[Tue Jun 12 07:46:56 2018]
