[INTERNAL_LOG][2018-06-12 05:11:05,292][INFO][analyze_start()] Init Time [Tue Jun 12 05:11:05 2018]
[INTERNAL_LOG][2018-06-12 05:11:05,389][INFO][run()] Start Analysis
[INTERNAL_LOG][2018-06-12 05:11:05,390][INFO][is_hybird()] [Permission Enble Start]
[INTERNAL_LOG][2018-06-12 05:11:05,390][INFO][is_hybird()] air.com.sgn.cookiejam.gp.permission.C2D_MESSAGE
[INTERNAL_LOG][2018-06-12 05:11:05,390][INFO][is_hybird()] com.google.android.c2dm.permission.RECEIVE
[INTERNAL_LOG][2018-06-12 05:11:05,390][INFO][is_hybird()] android.permission.WAKE_LOCK
[INTERNAL_LOG][2018-06-12 05:11:05,390][INFO][is_hybird()] android.permission.DISABLE_KEYGUARD
[INTERNAL_LOG][2018-06-12 05:11:05,390][INFO][is_hybird()] android.permission.INTERNET
[INTERNAL_LOG][2018-06-12 05:11:05,390][INFO][is_hybird()] android.permission.ACCESS_NETWORK_STATE
[INTERNAL_LOG][2018-06-12 05:11:05,390][INFO][is_hybird()] android.permission.ACCESS_WIFI_STATE
[INTERNAL_LOG][2018-06-12 05:11:05,390][INFO][is_hybird()] android.permission.READ_PHONE_STATE
[INTERNAL_LOG][2018-06-12 05:11:05,390][INFO][is_hybird()] android.permission.WRITE_EXTERNAL_STORAGE
[INTERNAL_LOG][2018-06-12 05:11:05,390][INFO][is_hybird()] com.android.vending.BILLING
[INTERNAL_LOG][2018-06-12 05:11:05,391][INFO][is_hybird()] [Permission End]

[INTERNAL_LOG][2018-06-12 05:11:05,391][INFO][analyze_start()] TYPE APK: [ANDROID NATIVE]

[INTERNAL_LOG][2018-06-12 05:11:05,391][INFO][find_string()] [START FILE ANALYZE]
[INTERNAL_LOG][2018-06-12 05:11:05,391][INFO][find_string()] File: res/raw/closebutton.html
[INTERNAL_LOG][2018-06-12 05:11:05,391][INFO][find_string()] No iframe in res/raw/closebutton.html
[INTERNAL_LOG][2018-06-12 05:11:05,391][INFO][find_string()] File: res/raw/startga.html
[INTERNAL_LOG][2018-06-12 05:11:05,392][INFO][find_string()] No iframe in res/raw/startga.html
[INTERNAL_LOG][2018-06-12 05:11:05,392][INFO][find_string()] [END ANALYZE FILE]

[INTERNAL_LOG][2018-06-12 05:11:05,392][INFO][find_string()] [START FILE ANALYZE]
[INTERNAL_LOG][2018-06-12 05:11:05,393][INFO][find_string()] File: res/raw/mraid.js
[INTERNAL_LOG][2018-06-12 05:11:05,395][INFO][find_string()] No iframe in res/raw/mraid.js
[INTERNAL_LOG][2018-06-12 05:11:05,395][INFO][find_string()] [END ANALYZE FILE]

[INTERNAL_LOG][2018-06-12 05:11:34,529][INFO][find_url_in_apk()] [START ALL URL INSIDE APK]
[INTERNAL_LOG][2018-06-12 05:11:34,530][INFO][find_url_in_apk()] https://airdownload2.adobe.com/air?
https://airdownload2.adobe.com/air?
https://adc3-launch-server-staging.herokuapp.com/v4/launch
https://adc3-launch.adcolony.com/v4/launch
https://adc3-launch.adcolony.com/v4/launch
https://wd.adcolony.com/logs
https://app.adjust.com
https://app.adjust.com
https://www.adobe.com/airgames/5/
https://www.adobe.com/airgames/4/
https://www.adobe.com/airgames/4/
https://www.adobe.com/airgames/4/
http://s3-us-west-1.amazonaws.com/gamepreview/prod/airandroid/air.properties
http://gamespace.adobe.com
https://dh8vjmvwgc27o.cloudfront.net
http://dh8vjmvwgc27o.cloudfront.net/AIRGamepad/connect_ping.txt
http://dh8vjmvwgc27o.cloudfront.net/AIRGamepad/connect_ping.txt?publisher=
http://www.amazon.com/gp/mas/get-appstore/android/ref=mas_mx_mba_iap_dl
http://schemas.applovin.com/android/1.0
http://schemas.applovin.com/android/1.0
https://d.applovin.com/
https://a.applovin.com/
https://rt.applovin.com/med
https://rt.applovin.com/pix
https://d.applvn.com/
https://a.applvn.com/
https://rt.applvn.com/pix
https://vid.applovin.com/,https://pdn.applovin.com/,https://img.applovin.com/,https://d.applovin.com/,https://assets.applovin.com/,https://cdnjs.cloudflare.com/,http://vid.applovin.com/,http://pdn.applovin.com/,http://img.applovin.com/,http://d.applovin.com/,http://assets.applovin.com/,http://cdnjs.cloudflare.com/
https://graph.%s
https://graph-video.%s
https://facebook.com
http://play.google.com/store/apps/details?id=com.facebook.orca
http://hostname/
http://hostname/?
https://pubads.g.doubleclick.net/activity;dc_iu=
https://pubads.g.doubleclick.net/activity;xsp=
https://www.googleadservices.com/pagead/conversion/
https://www.googleadservices.com/pagead/conversion/
http://plus.google.com/
http://plus.google.com/
https://www.googleapis.com/auth/appstate
https://www.googleapis.com/auth/appstate
https://www.googleapis.com/auth/appstate
https://www.googleapis.com/auth/drive.file
https://www.googleapis.com/auth/games
https://www.googleapis.com/auth/games
https://www.googleapis.com/auth/games
https://www.googleapis.com/auth/games.firstparty
https://www.googleapis.com/auth/games.firstparty
http://googleads.g.doubleclick.net
http://www.google.com
http://media.admob.com/mraid/v1/mraid_app_interstitial.js
http://media.admob.com/mraid/v1/mraid_app_expanded_banner.js
http://media.admob.com/mraid/v1/mraid_app_banner.js
https://www.googleapis.com/auth/plus.login
https://www.googleapis.com/auth/plus.login
https://www.googleapis.com/auth/plus.login
https://www.googleapis.com/auth/plus.me
http://schemas.android.com/apk/lib/com.google.android.gms.plus
http://schemas.android.com/apk/lib/com.google.android.gms.plus
https://track.atom-data.io
https://track.atom-data.io
https://track.atom-data.io
https://outcome.supersonicads.com/mediation/
https://outcome.supersonicads.com/mediation/
https://mobilelogs.supersonic.com
https://mobilelogs.supersonic.com
https://init.supersonicads.com/sdk/v
https://www.supersonicads.com/mobile/sdk5/log?method=
https://www.supersonicads.com/mobile/sdk5/log?method=
https://www.supersonicads.com/mobile/sdk5/log?method=
https://www.supersonicads.com/mobile/sdk5/log?method=
https://www.supersonicads.com/mobile/sdk5/log?method=
https://www.supersonicads.com/mobile/sdk5/log?method=
https://www.supersonicads.com/mobile/sdk5/log?method=
https://www.supersonicads.com/mobile/sdk5/log?method=
https://www.supersonicads.com/mobile/sdk5/log?method=injectJavaScript
https://www.supersonicads.com/mobile/sdk5/log?method=extraParametersToJson
https://www.supersonicads.com/mobile/sdk5/log?method=noProductType
https://www.supersonicads.com/mobile/sdk5/log?method=encodeAppUserId
https://www.supersonicads.com/mobile/sdk5/log?method=encodeAppKey
https://www.supersonicads.com/mobile/sdk5/log?method=webviewLoadBlank
https://www.supersonicads.com/mobile/sdk5/log?method=webviewLoadWithPath
https://www.supersonicads.com/mobile/sdk5/log?method=htmlControllerDoesNotExistOnFileSystem
https://www.supersonicads.com/mobile/sdk5/log?method=webviewPause
https://www.supersonicads.com/mobile/sdk5/log?method=webviewResume
http://www.amazon.com/gp/mas/dl/android?p=
https://px.moatads.com/pixel.gif?e=0&i=MOATSDK1&ac=1
https://z.moatads.com/
https://z.moatads.com/
http://mtx.sgnapps.com/invenio_tracking/record_transaction.php
http://mt.iphone.sgn.com/android_microtransactions/record_transaction.php
http://invenio.sgn.com/save_pushes.php
http://edms.sgn.com/events/local/send
http://play.google.com/store/apps/details?id=
https://ws.tapjoyads.com/
https://ws.tapjoyads.com/
https://ws.tapjoyads.com/
https://rpc.tapjoy.com/
https://rpc.tapjoy.com/
https://connect.tapjoy.com/
https://connect.tapjoy.com/
https://placements.tapjoy.com/
http://example.com/
https://e.crashlytics.com/spi/v2/events
https://settings.crashlytics.com/spi/v2/platforms/android/apps/%s/settings

[INTERNAL_LOG][2018-06-12 05:11:34,530][INFO][find_url_in_apk()] [END ALL URL INSIDE APK]
[INTERNAL_LOG][2018-06-12 05:11:34,535][INFO][check_method_conf()] [JavaScript enabled: True]

[INTERNAL_LOG][2018-06-12 05:11:34,535][INFO][check_method_conf()] [Add interface WebView: True]

[INTERNAL_LOG][2018-06-12 05:11:34,535][INFO][analyze_start()] This app might be not vulnerable on  attack frame confusion.
[INTERNAL_LOG][2018-06-12 05:11:34,535][INFO][analyze_start()] End time:[Tue Jun 12 05:11:34 2018]
