[INTERNAL_LOG][2018-06-12 06:25:39,117][INFO][analyze_start()] Init Time [Tue Jun 12 06:25:39 2018]
[INTERNAL_LOG][2018-06-12 06:25:39,144][INFO][run()] Start Analysis
[INTERNAL_LOG][2018-06-12 06:25:39,145][INFO][is_hybird()] [Permission Enble Start]
[INTERNAL_LOG][2018-06-12 06:25:39,145][INFO][is_hybird()] android.permission.GET_ACCOUNTS
[INTERNAL_LOG][2018-06-12 06:25:39,145][INFO][is_hybird()] android.permission.INTERNET
[INTERNAL_LOG][2018-06-12 06:25:39,145][INFO][is_hybird()] android.permission.ACCESS_NETWORK_STATE
[INTERNAL_LOG][2018-06-12 06:25:39,145][INFO][is_hybird()] android.permission.READ_PHONE_STATE
[INTERNAL_LOG][2018-06-12 06:25:39,145][INFO][is_hybird()] android.permission.WRITE_EXTERNAL_STORAGE
[INTERNAL_LOG][2018-06-12 06:25:39,145][INFO][is_hybird()] com.google.android.gms.permission.ACTIVITY_RECOGNITION
[INTERNAL_LOG][2018-06-12 06:25:39,145][INFO][is_hybird()] android.permission.WAKE_LOCK
[INTERNAL_LOG][2018-06-12 06:25:39,145][INFO][is_hybird()] com.cricbuzz.android.permission.C2D_MESSAGE
[INTERNAL_LOG][2018-06-12 06:25:39,145][INFO][is_hybird()] com.google.android.c2dm.permission.RECEIVE
[INTERNAL_LOG][2018-06-12 06:25:39,145][INFO][is_hybird()] android.permission.ACCESS_WIFI_STATE
[INTERNAL_LOG][2018-06-12 06:25:39,145][INFO][is_hybird()] android.permission.READ_EXTERNAL_STORAGE
[INTERNAL_LOG][2018-06-12 06:25:39,145][INFO][is_hybird()] android.permission.ACCESS_FINE_LOCATION
[INTERNAL_LOG][2018-06-12 06:25:39,145][INFO][is_hybird()] android.permission.ACCESS_COARSE_LOCATION
[INTERNAL_LOG][2018-06-12 06:25:39,145][INFO][is_hybird()] android.permission.READ_EXTERNAL_STORAGE
[INTERNAL_LOG][2018-06-12 06:25:39,145][INFO][is_hybird()] com.google.android.finsky.permission.BIND_GET_INSTALL_REFERRER_SERVICE
[INTERNAL_LOG][2018-06-12 06:25:39,146][INFO][is_hybird()] [Permission End]

[INTERNAL_LOG][2018-06-12 06:25:39,146][INFO][analyze_start()] TYPE APK: [ANDROID NATIVE]

[INTERNAL_LOG][2018-06-12 06:25:39,153][INFO][find_string()] [START FILE ANALYZE]
[INTERNAL_LOG][2018-06-12 06:25:39,161][INFO][find_string()] File: assets/html/ssl_error.html
[INTERNAL_LOG][2018-06-12 06:25:39,164][INFO][find_string()] No iframe in assets/html/ssl_error.html
[INTERNAL_LOG][2018-06-12 06:25:39,164][INFO][find_string()] [END ANALYZE FILE]

[INTERNAL_LOG][2018-06-12 06:25:39,164][INFO][find_string()] [START FILE ANALYZE]
[INTERNAL_LOG][2018-06-12 06:25:39,164][INFO][find_string()] File: assets/MASTMRAIDController.js
[INTERNAL_LOG][2018-06-12 06:25:39,165][INFO][find_string()] No iframe in assets/MASTMRAIDController.js
[INTERNAL_LOG][2018-06-12 06:25:39,166][INFO][find_string()] [END ANALYZE FILE]

[INTERNAL_LOG][2018-06-12 06:26:18,109][INFO][find_url_in_apk()] [START ALL URL INSIDE APK]
[INTERNAL_LOG][2018-06-12 06:26:18,109][INFO][find_url_in_apk()] http://schemas.android.com/apk/res/android
https://play.google.com/store/apps/details?id=
https://mobile-static.adsafeprotected.com/avid-v2.js
http://segment-data-us-east.zqtk.net/%s?url=%s&c2=%s&c12=%s&ns_ap_bi=%s&ns_ap_sv=%s&ns_ap_an=%s&ns_ap_ver=%s&ns_ap_pn=android
http://b.voicefive.com/rs/sdk/gg.js
https://sb.voicefive.com/rs/sdk/gg.js
http://b.scorecardresearch.com/rs/mobile/ntv/vce_st.js
https://sb.scorecardresearch.com/rs/mobile/ntv/vce_st.js
http://localhost/
http://localhost/
http://localhost/
http://localhost/
https://sb.voicefive.com/rs/sdk/b.html
https://sb.voicefive.com/rs/sdk/b.html
https://sb.voicefive.com/rs/sdk/b.html
https://sb.voicefive.com/rs/sdk/b.html
https://sb.voicefive.com/rs/sdk/b.html
https://play.google.com/store/apps/details?id=com.cricbuzz.android
http://google.com
https://www.cricbuzz.com
https://twitter.com/
https://twitter.com/
https://twitter.com/
https://twitter.com/hashtag/
https://twitter.com/hashtag/
https://twitter.com/intent/tweet?in_reply_to=
https://twitter.com/intent/tweet?in_reply_to=
https://twitter.com/intent/retweet?tweet_id=
https://twitter.com/intent/retweet?tweet_id=
https://twitter.com/intent/like?tweet_id=
https://twitter.com/intent/like?tweet_id=
http://www.cricbuzz.com/info/privacy
http://www.cricbuzz.com/info/termsofuse
http://m.facebook.com/ads/ad_choices
http://m.facebook.com/ads/ad_choices
https://www.facebook.com/audience_network/server_side_reward
https://www.%s.facebook.com/audience_network/server_side_reward
https://graph.facebook.com/network_ads_common
https://graph.%s.facebook.com/network_ads_common
https://www.facebook.com/adnw_logging/
https://www.%s.facebook.com/adnw_logging/
https://www.facebook.com/
https://www.%s.facebook.com
http://www.facebook.com
http://www.w3.org/ns/ttml#parameter
https://pagead2.googlesyndication.com/pagead/gen_204?id=gmob-apps
http://hostname/?
http://hostname/?
https://www.googleapis.com/auth/games
https://plus.google.com/
https://support.google.com/dfp_premium/answer/7160685#push
https://pagead2.googlesyndication.com/pagead/gen_204
http://www.google.com
http://www.google-analytics.com
https://ssl.google-analytics.com
https://app-measurement.com/a
https://www.google.com
http://www.example.com
http://www.example.com
https://googleads.g.doubleclick.net/mads/static/mad/sdk/native/sdk-core-v40.html
https://googleads.g.doubleclick.net/mads/static/mad/sdk/native/mraid/v2/mraid_app_banner.js
https://googleads.g.doubleclick.net/mads/static/mad/sdk/native/mraid/v2/mraid_app_expanded_banner.js
https://googleads.g.doubleclick.net/mads/static/mad/sdk/native/mraid/v2/mraid_app_interstitial.js
https://csi.gstatic.com/csi
https://googleads.g.doubleclick.net/mads/static/mad/sdk/native/native_ads.html
https://imasdk.googleapis.com/admob/sdkloader/native_video.html
https://www.google.com/dfp/linkDevice
https://www.google.com/dfp/inAppPreview
https://www.google.com/dfp/debugSignals
https://www.google.com/dfp/sendDebugData
https://www.googletagmanager.com
https://imasdk.googleapis.com/native/sdkloader/native_sdk_v3.html
https://imasdk.googleapis.com/native/sdkloader/native_sdk_v3_debug.html
http://www.dom.com/path?
http://schemas.android.com/apk/lib/com.inmobi.ads
http://schemas.android.com/apk/lib/com.inmobi.ads
https://i.l.inmobicdn.net/sdk/sdk/500/android/mraid.js
http://i.w.inmobi.com/showad.asm
https://sdktm.w.inmobi.com/sdkpubreq
http://www.inmobi.com/products/sdk/#downloads
http://config.inmobi.com/config-server/v1/config/secure.cfg
https://sdkm.w.inmobi.com/metrics/e.asm?v=1&
https://www.facebook.com/dialog/feed?app_id=181821551957328&link=
https://m.google.com/app/plus/x/?v=compose&content=
http://twitter.com/home?status=
http://dock.inmobi.com/carb/v1/i
http://dock.inmobi.com/carb/v1/o
https://sdkm.w.inmobi.com/user/e.asm
https://z.moatads.com/
http://showads.pubmatic.com/AdServer/AdServerServlet
http://showads.pubmatic.com/AdServer/AdServerServlet
http://xmlpull.org/v1/doc/features.html#process-namespaces
http://xmlpull.org/v1/doc/features.html#process-namespaces
https://ade.clmbtech.com
https://ade.clmbtech.com
https://ade.clmbtech.com
https://ade.clmbtech.com
https://ade.clmbtech.com/cde/networkDims.htm
https://ade.clmbtech.com/cde/sdk/config/rootConfig.htm
https://ase.clmbtech.com
https://e.crashlytics.com/spi/v2/events
https://settings.crashlytics.com/spi/v2/platforms/android/apps/%s/settings

[INTERNAL_LOG][2018-06-12 06:26:18,109][INFO][find_url_in_apk()] [END ALL URL INSIDE APK]
[INTERNAL_LOG][2018-06-12 06:26:18,122][INFO][check_method_conf()] [JavaScript enabled: True]

[INTERNAL_LOG][2018-06-12 06:26:18,122][INFO][check_method_conf()] [Add interface WebView: True]

[INTERNAL_LOG][2018-06-12 06:26:18,122][INFO][analyze_start()] This app might be not vulnerable on  attack frame confusion.
[INTERNAL_LOG][2018-06-12 06:26:18,122][INFO][analyze_start()] End time:[Tue Jun 12 06:26:18 2018]
