[INTERNAL_LOG][2018-06-12 02:55:00,791][INFO][analyze_start()] Init Time [Tue Jun 12 02:55:00 2018]
[INTERNAL_LOG][2018-06-12 02:55:00,874][INFO][is_hybird()] [Permission Enble Start]
[INTERNAL_LOG][2018-06-12 02:55:00,874][INFO][run()] Start Analysis
[INTERNAL_LOG][2018-06-12 02:55:00,874][INFO][is_hybird()] android.permission.ACCESS_NETWORK_STATE
[INTERNAL_LOG][2018-06-12 02:55:00,874][INFO][is_hybird()] android.permission.ACCESS_WIFI_STATE
[INTERNAL_LOG][2018-06-12 02:55:00,874][INFO][is_hybird()] android.permission.INTERNET
[INTERNAL_LOG][2018-06-12 02:55:00,875][INFO][is_hybird()] android.permission.READ_PHONE_STATE
[INTERNAL_LOG][2018-06-12 02:55:00,875][INFO][is_hybird()] android.permission.VIBRATE
[INTERNAL_LOG][2018-06-12 02:55:00,875][INFO][is_hybird()] android.permission.WRITE_EXTERNAL_STORAGE
[INTERNAL_LOG][2018-06-12 02:55:00,875][INFO][is_hybird()] com.android.vending.BILLING
[INTERNAL_LOG][2018-06-12 02:55:00,875][INFO][is_hybird()] android.permission.REQUEST_INSTALL_PACKAGES
[INTERNAL_LOG][2018-06-12 02:55:00,875][INFO][is_hybird()] android.permission.WAKE_LOCK
[INTERNAL_LOG][2018-06-12 02:55:00,875][INFO][is_hybird()] android.permission.RECEIVE_BOOT_COMPLETED
[INTERNAL_LOG][2018-06-12 02:55:00,875][INFO][is_hybird()] com.google.android.c2dm.permission.RECEIVE
[INTERNAL_LOG][2018-06-12 02:55:00,875][INFO][is_hybird()] com.criticalforceentertainment.criticalops.permission.C2D_MESSAGE
[INTERNAL_LOG][2018-06-12 02:55:00,875][INFO][is_hybird()] com.android.vending.CHECK_LICENSE
[INTERNAL_LOG][2018-06-12 02:55:00,875][INFO][is_hybird()] [Permission End]

[INTERNAL_LOG][2018-06-12 02:55:00,875][INFO][analyze_start()] TYPE APK: [ANDROID NATIVE]

[INTERNAL_LOG][2018-06-12 02:55:00,875][INFO][find_string()] [START FILE ANALYZE]
[INTERNAL_LOG][2018-06-12 02:55:00,875][INFO][find_string()] File: assets/js/closebutton.html
[INTERNAL_LOG][2018-06-12 02:55:00,876][INFO][find_string()] No iframe in assets/js/closebutton.html
[INTERNAL_LOG][2018-06-12 02:55:00,877][INFO][find_string()] [END ANALYZE FILE]

[INTERNAL_LOG][2018-06-12 02:55:00,877][INFO][find_string()] [START FILE ANALYZE]
[INTERNAL_LOG][2018-06-12 02:55:00,877][INFO][find_string()] File: assets/js/mraid.js
[INTERNAL_LOG][2018-06-12 02:55:00,879][INFO][find_string()] No iframe in assets/js/mraid.js
[INTERNAL_LOG][2018-06-12 02:55:00,879][INFO][find_string()] [END ANALYZE FILE]

[INTERNAL_LOG][2018-06-12 02:55:32,998][INFO][find_url_in_apk()] [START ALL URL INSIDE APK]
[INTERNAL_LOG][2018-06-12 02:55:32,998][INFO][find_url_in_apk()] http://schemas.android.com/apk/res/android
https://t.appsflyer.com/api/v
https://events.appsflyer.com/api/v
https://register.appsflyer.com/api/v
https://stats.appsflyer.com/stats
http://market.android.com/
http://xmlpull.org/v1/doc/features.html#indent-output
http://xmlpull.org/v1/doc/features.html#indent-output
http://xmlpull.org/v1/doc/features.html#indent-output
https://graph.%s
https://graph-video.%s
https://facebook.com
http://play.google.com/store/apps/details?id=com.facebook.orca
https://service.fyber.com/actions/v2
https://service.fyber.com/installs/v2
https://api.fyber.com/vcs/v1/new_credit.json
https://video.fyber.com
https://rewarded-video.fyber.com/tracker
https://offer.fyber.com/mobile
https://interstitial.fyber.com/interstitial
https://interstitial.fyber.com/tracker
https://sdk-config.fyber.com
https://engine.fyber.com/video-cache
https://banner.fyber.com/banner
https://banner.fyber.com/tracker
https://testsuite.fyber.com/tracker
https://api-rewarded-video.fyber.com/video
https://pagead2.googlesyndication.com/pagead/gen_204?id=gmob-apps
https://accounts.google.com
https://www.facebook.com
https://accounts.google.com/o/oauth2/revoke?token=
https://plus.google.com/
https://www.googleapis.com/auth/drive.file
https://www.googleapis.com/auth/drive.appdata
https://www.googleapis.com/auth/drive
https://www.googleapis.com/auth/drive.apps
https://www.googleapis.com/auth/games
https://www.googleapis.com/auth/games
https://www.googleapis.com/auth/games
https://www.googleapis.com/auth/games_lite
https://www.googleapis.com/auth/games_lite
https://www.googleapis.com/auth/games_lite
https://www.googleapis.com/auth/games.firstparty
https://www.googleapis.com/auth/games.firstparty
https://app-measurement.com/a
https://mobilelogs.supersonic.com
https://mobilelogs.supersonic.com
https://init.supersonicads.com/sdk/v
https://track.atom-data.io
https://track.atom-data.io
https://track.atom-data.io
https://www.supersonicads.com/mobile/sdk5/log?method=injectJavaScript
https://www.supersonicads.com/mobile/sdk5/log?method=
https://www.supersonicads.com/mobile/sdk5/log?method=
https://www.supersonicads.com/mobile/sdk5/log?method=
https://www.supersonicads.com/mobile/sdk5/log?method=
https://www.supersonicads.com/mobile/sdk5/log?method=
https://www.supersonicads.com/mobile/sdk5/log?method=
https://www.supersonicads.com/mobile/sdk5/log?method=
https://www.supersonicads.com/mobile/sdk5/log?method=
https://px.moatads.com/pixel.gif?e=0&i=MOATSDK1&ac=1
https://z.moatads.com/
https://z.moatads.com/
https://vungle.com/privacy/
https://settings.crashlytics.com/spi/v2/platforms/android/apps/%s/settings
https://sdk.hockeyapp.net/
https://sdk.hockeyapp.net/
https://sdk.hockeyapp.net/
https://sdk.hockeyapp.net/
https://sdk.hockeyapp.net/
https://sdk.hockeyapp.net/
https://sdk.hockeyapp.net/
https://sdk.hockeyapp.net/
https://sdk.hockeyapp.net/
https://gate.hockeyapp.net/v2/track
http://localhost/
http://localhost/
http://localhost/
https://sdk-services.appsflyer.com/validate-android-signature
https://api.appsflyer.com/install_data/v3/
https://live.chartboost.com
https://outcome.supersonicads.com/mediation/
https://outcome.supersonicads.com/mediation/
https://www.supersonicads.com/mobile/sdk5/log?method=extraParametersToJson
https://www.supersonicads.com/mobile/sdk5/log?method=noProductType
https://www.supersonicads.com/mobile/sdk5/log?method=encodeAppUserId
https://www.supersonicads.com/mobile/sdk5/log?method=encodeAppKey
https://www.supersonicads.com/mobile/sdk5/log?method=webviewLoadBlank
https://www.supersonicads.com/mobile/sdk5/log?method=webviewLoadWithPath
https://www.supersonicads.com/mobile/sdk5/log?method=htmlControllerDoesNotExistOnFileSystem
https://www.supersonicads.com/mobile/sdk5/log?method=webviewPause
https://www.supersonicads.com/mobile/sdk5/log?method=webviewResume
https://api.vungle.com/
https://e.crashlytics.com/spi/v2/events
https://www.google.com

[INTERNAL_LOG][2018-06-12 02:55:32,999][INFO][find_url_in_apk()] [END ALL URL INSIDE APK]
[INTERNAL_LOG][2018-06-12 02:55:33,006][INFO][check_method_conf()] [JavaScript enabled: True]

[INTERNAL_LOG][2018-06-12 02:55:33,006][INFO][check_method_conf()] [Add interface WebView: True]

[INTERNAL_LOG][2018-06-12 02:55:33,006][INFO][analyze_start()] This app might be not vulnerable on  attack frame confusion.
[INTERNAL_LOG][2018-06-12 02:55:33,006][INFO][analyze_start()] End time:[Tue Jun 12 02:55:33 2018]
