[INTERNAL_LOG][2018-06-12 03:11:08,375][INFO][analyze_start()] Init Time [Tue Jun 12 03:11:08 2018]
[INTERNAL_LOG][2018-06-12 03:11:08,404][INFO][run()] Start Analysis
[INTERNAL_LOG][2018-06-12 03:11:08,405][INFO][is_hybird()] [Permission Enble Start]
[INTERNAL_LOG][2018-06-12 03:11:08,405][INFO][is_hybird()] android.permission.ACCESS_WIFI_STATE
[INTERNAL_LOG][2018-06-12 03:11:08,405][INFO][is_hybird()] android.permission.ACCESS_NETWORK_STATE
[INTERNAL_LOG][2018-06-12 03:11:08,405][INFO][is_hybird()] android.permission.CHANGE_NETWORK_STATE
[INTERNAL_LOG][2018-06-12 03:11:08,405][INFO][is_hybird()] android.permission.WRITE_EXTERNAL_STORAGE
[INTERNAL_LOG][2018-06-12 03:11:08,405][INFO][is_hybird()] com.android.vending.BILLING
[INTERNAL_LOG][2018-06-12 03:11:08,405][INFO][is_hybird()] android.permission.INTERNET
[INTERNAL_LOG][2018-06-12 03:11:08,405][INFO][is_hybird()] android.permission.ACCOUNT_MANAGER
[INTERNAL_LOG][2018-06-12 03:11:08,405][INFO][is_hybird()] android.permission.USE_CREDENTIALS
[INTERNAL_LOG][2018-06-12 03:11:08,405][INFO][is_hybird()] android.permission.CHANGE_WIFI_STATE
[INTERNAL_LOG][2018-06-12 03:11:08,405][INFO][is_hybird()] android.permission.WRITE_SETTINGS
[INTERNAL_LOG][2018-06-12 03:11:08,405][INFO][is_hybird()] android.permission.GET_ACCOUNTS
[INTERNAL_LOG][2018-06-12 03:11:08,405][INFO][is_hybird()] com.android.vending.CHECK_LICENSE
[INTERNAL_LOG][2018-06-12 03:11:08,405][INFO][is_hybird()] android.permission.WAKE_LOCK
[INTERNAL_LOG][2018-06-12 03:11:08,405][INFO][is_hybird()] com.naturalmotion.csrclassics.permission.C2D_MESSAGE
[INTERNAL_LOG][2018-06-12 03:11:08,406][INFO][is_hybird()] com.google.android.c2dm.permission.RECEIVE
[INTERNAL_LOG][2018-06-12 03:11:08,406][INFO][is_hybird()] [Permission End]

[INTERNAL_LOG][2018-06-12 03:11:08,406][INFO][analyze_start()] TYPE APK: [ANDROID NATIVE]

[INTERNAL_LOG][2018-06-12 03:11:08,406][INFO][find_string()] [START FILE ANALYZE]
[INTERNAL_LOG][2018-06-12 03:11:08,406][INFO][find_string()] File: assets/js/closebutton.html
[INTERNAL_LOG][2018-06-12 03:11:08,406][INFO][find_string()] No iframe in assets/js/closebutton.html
[INTERNAL_LOG][2018-06-12 03:11:08,406][INFO][find_string()] [END ANALYZE FILE]

[INTERNAL_LOG][2018-06-12 03:11:08,407][INFO][find_string()] [START FILE ANALYZE]
[INTERNAL_LOG][2018-06-12 03:11:08,407][INFO][find_string()] File: assets/js/mraid.js
[INTERNAL_LOG][2018-06-12 03:11:08,409][INFO][find_string()] No iframe in assets/js/mraid.js
[INTERNAL_LOG][2018-06-12 03:11:08,409][INFO][find_string()] [END ANALYZE FILE]

[INTERNAL_LOG][2018-06-12 03:11:29,853][INFO][find_url_in_apk()] [START ALL URL INSIDE APK]
[INTERNAL_LOG][2018-06-12 03:11:29,853][INFO][find_url_in_apk()] http://hostname/?
http://www.google-analytics.com
https://ssl.google-analytics.com
https://accounts.google.com
https://accounts.google.com
https://www.facebook.com
https://www.facebook.com
https://www.googleapis.com/auth/plus.me
https://www.googleapis.com/auth/plus.me
https://www.googleapis.com/auth/games
https://www.googleapis.com/auth/games
https://www.googleapis.com/auth/games
http://plus.google.com/
https://www.googleapis.com/auth/games.firstparty
https://www.googleapis.com/auth/games.firstparty
https://googleads.g.doubleclick.net/mads/static/mad/sdk/native/sdk-core-v40.html
https://googleads.g.doubleclick.net/mads/static/mad/sdk/native/mraid/v2/mraid_app_banner.js
https://googleads.g.doubleclick.net/mads/static/mad/sdk/native/mraid/v2/mraid_app_expanded_banner.js
https://googleads.g.doubleclick.net/mads/static/mad/sdk/native/mraid/v2/mraid_app_interstitial.js
https://csi.gstatic.com/csi
http://www.google.com
https://app-measurement.com/a
https://www.googleapis.com/auth/plus.login
http://schemas.android.com/apk/lib/com.google.android.gms.plus
http://schemas.android.com/apk/lib/com.google.android.gms.plus
https://androidads23.adcolony.com/configure
http://play.google.com/store/apps/details?id=
https://ws.tapjoyads.com/
https://ws.tapjoyads.com/
https://ws.tapjoyads.com/
https://rpc.tapjoy.com/
https://rpc.tapjoy.com/
https://connect.tapjoy.com/
https://connect.tapjoy.com/
https://placements.tapjoy.com/

[INTERNAL_LOG][2018-06-12 03:11:29,853][INFO][find_url_in_apk()] [END ALL URL INSIDE APK]
[INTERNAL_LOG][2018-06-12 03:11:29,859][INFO][check_method_conf()] [JavaScript enabled: True]

[INTERNAL_LOG][2018-06-12 03:11:29,859][INFO][check_method_conf()] [Add interface WebView: True]

[INTERNAL_LOG][2018-06-12 03:11:29,859][INFO][analyze_start()] This app might be not vulnerable on  attack frame confusion.
[INTERNAL_LOG][2018-06-12 03:11:29,859][INFO][analyze_start()] End time:[Tue Jun 12 03:11:29 2018]
