[INTERNAL_LOG][2018-06-12 05:59:57,939][INFO][analyze_start()] Init Time [Tue Jun 12 05:59:57 2018]
[INTERNAL_LOG][2018-06-12 05:59:58,087][INFO][run()] Start Analysis
[INTERNAL_LOG][2018-06-12 05:59:58,088][INFO][is_hybird()] [Permission Enble Start]
[INTERNAL_LOG][2018-06-12 05:59:58,088][INFO][is_hybird()] android.permission.ACCESS_WIFI_STATE
[INTERNAL_LOG][2018-06-12 05:59:58,088][INFO][is_hybird()] android.permission.ACCESS_NETWORK_STATE
[INTERNAL_LOG][2018-06-12 05:59:58,088][INFO][is_hybird()] android.permission.CHANGE_NETWORK_STATE
[INTERNAL_LOG][2018-06-12 05:59:58,088][INFO][is_hybird()] android.permission.WRITE_EXTERNAL_STORAGE
[INTERNAL_LOG][2018-06-12 05:59:58,088][INFO][is_hybird()] com.android.vending.BILLING
[INTERNAL_LOG][2018-06-12 05:59:58,088][INFO][is_hybird()] android.permission.INTERNET
[INTERNAL_LOG][2018-06-12 05:59:58,088][INFO][is_hybird()] android.permission.USE_CREDENTIALS
[INTERNAL_LOG][2018-06-12 05:59:58,088][INFO][is_hybird()] android.permission.CHANGE_WIFI_STATE
[INTERNAL_LOG][2018-06-12 05:59:58,088][INFO][is_hybird()] android.permission.WRITE_SETTINGS
[INTERNAL_LOG][2018-06-12 05:59:58,088][INFO][is_hybird()] android.permission.GET_ACCOUNTS
[INTERNAL_LOG][2018-06-12 05:59:58,088][INFO][is_hybird()] com.android.vending.CHECK_LICENSE
[INTERNAL_LOG][2018-06-12 05:59:58,088][INFO][is_hybird()] android.permission.WAKE_LOCK
[INTERNAL_LOG][2018-06-12 05:59:58,088][INFO][is_hybird()] com.naturalmotion.csrracing.permission.C2D_MESSAGE
[INTERNAL_LOG][2018-06-12 05:59:58,089][INFO][is_hybird()] com.google.android.c2dm.permission.RECEIVE
[INTERNAL_LOG][2018-06-12 05:59:58,089][INFO][is_hybird()] [Permission End]

[INTERNAL_LOG][2018-06-12 05:59:58,089][INFO][analyze_start()] TYPE APK: [ANDROID NATIVE]

[INTERNAL_LOG][2018-06-12 05:59:58,089][INFO][find_string()] [START FILE ANALYZE]
[INTERNAL_LOG][2018-06-12 05:59:58,089][INFO][find_string()] File: assets/js/closebutton.html
[INTERNAL_LOG][2018-06-12 05:59:58,089][INFO][find_string()] No iframe in assets/js/closebutton.html
[INTERNAL_LOG][2018-06-12 05:59:58,089][INFO][find_string()] File: js/closebutton.html
[INTERNAL_LOG][2018-06-12 05:59:58,090][INFO][find_string()] No iframe in js/closebutton.html
[INTERNAL_LOG][2018-06-12 05:59:58,090][INFO][find_string()] [END ANALYZE FILE]

[INTERNAL_LOG][2018-06-12 05:59:58,090][INFO][find_string()] [START FILE ANALYZE]
[INTERNAL_LOG][2018-06-12 05:59:58,090][INFO][find_string()] File: assets/js/mraid.js
[INTERNAL_LOG][2018-06-12 05:59:58,092][INFO][find_string()] No iframe in assets/js/mraid.js
[INTERNAL_LOG][2018-06-12 05:59:58,092][INFO][find_string()] File: assets/mmadsdk/actionsQueue.js
[INTERNAL_LOG][2018-06-12 05:59:58,093][INFO][find_string()] No iframe in assets/mmadsdk/actionsQueue.js
[INTERNAL_LOG][2018-06-12 05:59:58,093][INFO][find_string()] File: assets/mmadsdk/mm.js
[INTERNAL_LOG][2018-06-12 05:59:58,094][INFO][find_string()] No iframe in assets/mmadsdk/mm.js
[INTERNAL_LOG][2018-06-12 05:59:58,095][INFO][find_string()] File: assets/mmadsdk/mraid.js
[INTERNAL_LOG][2018-06-12 05:59:58,096][INFO][find_string()] No iframe in assets/mmadsdk/mraid.js
[INTERNAL_LOG][2018-06-12 05:59:58,096][INFO][find_string()] File: js/mraid.js
[INTERNAL_LOG][2018-06-12 05:59:58,098][INFO][find_string()] No iframe in js/mraid.js
[INTERNAL_LOG][2018-06-12 05:59:58,098][INFO][find_string()] [END ANALYZE FILE]

[INTERNAL_LOG][2018-06-12 06:00:12,401][INFO][find_url_in_apk()] [START ALL URL INSIDE APK]
[INTERNAL_LOG][2018-06-12 06:00:12,401][INFO][find_url_in_apk()] http://schemas.android.com/apk/res/android
https://www.googleapis.com/auth/plus.me
https://www.googleapis.com/auth/plus.me
https://www.googleapis.com/auth/games
https://www.googleapis.com/auth/games
https://www.googleapis.com/auth/games
http://plus.google.com/
https://www.googleapis.com/auth/drive.file
https://www.googleapis.com/auth/drive.appdata
https://www.googleapis.com/auth/drive
https://www.googleapis.com/auth/drive.apps
https://www.googleapis.com/auth/games.firstparty
https://www.googleapis.com/auth/games.firstparty
http://www.example.com
http://www.example.com
https://googleads.g.doubleclick.net/mads/static/mad/sdk/native/sdk-core-v40.html
https://googleads.g.doubleclick.net/mads/static/mad/sdk/native/mraid/v2/mraid_app_banner.js
https://googleads.g.doubleclick.net/mads/static/mad/sdk/native/mraid/v2/mraid_app_expanded_banner.js
https://googleads.g.doubleclick.net/mads/static/mad/sdk/native/mraid/v2/mraid_app_interstitial.js
https://csi.gstatic.com/csi
https://sb-ssl.google.com/safebrowsing/clientreport/malware
https://pagead2.googlesyndication.com/pagead/gen_204
http://www.google.com
http://schemas.android.com/apk/lib/com.google.android.gms.plus
https://www.googleapis.com/auth/plus.login
http://play.google.com/store/apps/details?id=
https://ws.tapjoyads.com/
https://ws.tapjoyads.com/
https://placements.tapjoy.com/

[INTERNAL_LOG][2018-06-12 06:00:12,401][INFO][find_url_in_apk()] [END ALL URL INSIDE APK]
[INTERNAL_LOG][2018-06-12 06:00:12,404][INFO][check_method_conf()] [JavaScript enabled: True]

[INTERNAL_LOG][2018-06-12 06:00:12,404][INFO][check_method_conf()] [Add interface WebView: True]

[INTERNAL_LOG][2018-06-12 06:00:12,404][INFO][analyze_start()] This app might be not vulnerable on  attack frame confusion.
[INTERNAL_LOG][2018-06-12 06:00:12,404][INFO][analyze_start()] End time:[Tue Jun 12 06:00:12 2018]
