[INTERNAL_LOG][2018-06-12 07:49:47,438][INFO][analyze_start()] Init Time [Tue Jun 12 07:49:47 2018]
[INTERNAL_LOG][2018-06-12 07:49:47,582][INFO][run()] Start Analysis
[INTERNAL_LOG][2018-06-12 07:49:47,583][INFO][is_hybird()] [Permission Enble Start]
[INTERNAL_LOG][2018-06-12 07:49:47,583][INFO][is_hybird()] android.permission.INTERNET
[INTERNAL_LOG][2018-06-12 07:49:47,583][INFO][is_hybird()] com.cmplay.dancingline.permission.C2D_MESSAGE
[INTERNAL_LOG][2018-06-12 07:49:47,583][INFO][is_hybird()] com.google.android.c2dm.permission.RECEIVE
[INTERNAL_LOG][2018-06-12 07:49:47,583][INFO][is_hybird()] android.permission.ACCESS_NETWORK_STATE
[INTERNAL_LOG][2018-06-12 07:49:47,583][INFO][is_hybird()] android.permission.ACCESS_WIFI_STATE
[INTERNAL_LOG][2018-06-12 07:49:47,583][INFO][is_hybird()] android.permission.WAKE_LOCK
[INTERNAL_LOG][2018-06-12 07:49:47,583][INFO][is_hybird()] com.android.vending.BILLING
[INTERNAL_LOG][2018-06-12 07:49:47,583][INFO][is_hybird()] android.permission.WRITE_EXTERNAL_STORAGE
[INTERNAL_LOG][2018-06-12 07:49:47,583][INFO][is_hybird()] android.permission.CHANGE_WIFI_STATE
[INTERNAL_LOG][2018-06-12 07:49:47,583][INFO][is_hybird()] android.permission.CHANGE_NETWORK_STATE
[INTERNAL_LOG][2018-06-12 07:49:47,583][INFO][is_hybird()] com.google.android.finsky.permission.BIND_GET_INSTALL_REFERRER_SERVICE
[INTERNAL_LOG][2018-06-12 07:49:47,584][INFO][is_hybird()] [Permission End]

[INTERNAL_LOG][2018-06-12 07:49:47,584][INFO][analyze_start()] TYPE APK: [ANDROID NATIVE]

[INTERNAL_LOG][2018-06-12 07:49:47,584][INFO][find_string()] [START FILE ANALYZE]
[INTERNAL_LOG][2018-06-12 07:49:47,584][INFO][find_string()] File: assets/js/closebutton.html
[INTERNAL_LOG][2018-06-12 07:49:47,584][INFO][find_string()] No iframe in assets/js/closebutton.html
[INTERNAL_LOG][2018-06-12 07:49:47,584][INFO][find_string()] File: js/closebutton.html
[INTERNAL_LOG][2018-06-12 07:49:47,585][INFO][find_string()] No iframe in js/closebutton.html
[INTERNAL_LOG][2018-06-12 07:49:47,585][INFO][find_string()] [END ANALYZE FILE]

[INTERNAL_LOG][2018-06-12 07:49:47,585][INFO][find_string()] [START FILE ANALYZE]
[INTERNAL_LOG][2018-06-12 07:49:47,585][INFO][find_string()] File: assets/js/mraid.js
[INTERNAL_LOG][2018-06-12 07:49:47,587][INFO][find_string()] No iframe in assets/js/mraid.js
[INTERNAL_LOG][2018-06-12 07:49:47,587][INFO][find_string()] File: js/mraid.js
[INTERNAL_LOG][2018-06-12 07:49:47,589][INFO][find_string()] No iframe in js/mraid.js
[INTERNAL_LOG][2018-06-12 07:49:47,589][INFO][find_string()] [END ANALYZE FILE]

[INTERNAL_LOG][2018-06-12 07:50:21,348][INFO][find_url_in_apk()] [START ALL URL INSIDE APK]
[INTERNAL_LOG][2018-06-12 07:50:21,348][INFO][find_url_in_apk()] http://schemas.android.com/apk/res/android
http://schemas.android.com/apk/res/android
http://schemas.android.com/apk/res/android
https://adc3-launch-server-staging.herokuapp.com/v4/launch
https://adc3-launch.adcolony.com/v4/launch
https://adc3-launch.adcolony.com/v4/launch
https://wd.adcolony.com/logs
https://api.%s/install_data/v3/
https://attr.%s/api/v
https://t.%s/api/v
https://events.%s/api/v
https://register.%s/api/v
https://stats.%s/stats
https://onelink.%s/shortlink-sdk/v1
https://onelink.%s/shortlink-sdk/v1
https://validate.%s/api/v
https://sdk-services.%s/validate-android-signature
https://app.%s
https://app.%s
https://impression.%s
https://monitorsdk.%s/remote-debug?app_id=
https://dbs.pushwoosh.com/content/%s
https://dbs.pushwoosh.com/json/1.3/
http://dbs.pushwoosh.com/json/1.3/
https://live.chartboost.com
http://market.android.com/
http://api.cmplay.cmcm.com/routerjson?
http://api.cmplay.cmcm.com/routerjson?
http://api.cmplay.cmcm.com/routerjson?
http://api.cmplay.cmcm.com/routerjson?
https://play.google.com
http://play.google.com
https://tuc.ksmobile.net/report
https://tuc.ijinshan.com/report
http://helpcmplaysdk1.ksmobile.com/c/
http://118.89.55.235/c/
http://www.cmcm.com/protocol/site/privacy.html
http://www.cmcm.com/protocol/site/tos.html
http://www.cmcm.com/protocol/site/ad-choice.html
http://youradchoices.com/appchoices
https://www.facebook.com/audience_network/server_side_reward
https://www.%s.facebook.com/audience_network/server_side_reward
http://play.google.com/store/apps/
https://www.facebook.com/
https://www.%s.facebook.com
https://graph.facebook.com/network_ads_common
https://graph.%s.facebook.com/network_ads_common
https://www.facebook.com/adnw_logging/
https://www.%s.facebook.com/adnw_logging/
http://www.facebook.com
https://graph.%s
https://graph-video.%s
https://facebook.com
http://play.google.com/store/apps/details?id=com.facebook.orca
https://pagead2.googlesyndication.com/pagead/gen_204?id=gmob-apps
http://hostname/?
https://www.googleapis.com/auth/games_lite
https://www.googleapis.com/auth/games_lite
https://www.googleapis.com/auth/games_lite
https://www.googleapis.com/auth/games
https://www.googleapis.com/auth/games
https://www.googleapis.com/auth/games
https://plus.google.com/
http://play.google.com/store/apps/category/GAME
https://play.google.com/store/apps/details?id=%1$s&rdid=%1$s&rdot=%2$d
https://plus.google.com/%s/about
https://play.google.com/store/apps/details
https://www.googleapis.com/auth/drive.file
https://www.googleapis.com/auth/drive.appdata
https://www.googleapis.com/auth/drive
https://www.googleapis.com/auth/drive.apps
https://www.googleapis.com/auth/games.firstparty
https://www.googleapis.com/auth/games.firstparty
https://googleads.g.doubleclick.net/mads/static/mad/sdk/native/sdk-core-v40.html
https://googleads.g.doubleclick.net/mads/static/mad/sdk/native/production/sdk-core-v40-impl.js
https://googleads.g.doubleclick.net/mads/static/mad/sdk/native/mraid/v2/mraid_app_banner.js
https://googleads.g.doubleclick.net/mads/static/mad/sdk/native/mraid/v2/mraid_app_expanded_banner.js
https://googleads.g.doubleclick.net/mads/static/mad/sdk/native/mraid/v2/mraid_app_interstitial.js
https://csi.gstatic.com/csi
https://googleads.g.doubleclick.net/mads/static/mad/sdk/native/native_ads.html
https://googleads.g.doubleclick.net/mads/static/mad/sdk/native/production/native_ads.js
https://imasdk.googleapis.com/admob/sdkloader/native_video.html
https://www.google.com/dfp/linkDevice
https://www.google.com/dfp/inAppPreview
https://www.google.com/dfp/debugSignals
https://www.google.com/dfp/sendDebugData
http://www.google-analytics.com
https://ssl.google-analytics.com
http://magic.cmcm.com/api/
http://magic.cmcm.com/api/magic/notify
https://mobile-static.adsafeprotected.com/avid-v2.js
https://track.atom-data.io
https://track.atom-data.io
https://track.atom-data.io
https://outcome.supersonicads.com/mediation/
https://outcome.supersonicads.com/mediation/
https://mobilelogs.supersonic.com
https://mobilelogs.supersonic.com
https://init.supersonicads.com/sdk/v
https://www.supersonicads.com/mobile/sdk5/log?method=
https://www.supersonicads.com/mobile/sdk5/log?method=
https://www.supersonicads.com/mobile/sdk5/log?method=
https://www.supersonicads.com/mobile/sdk5/log?method=
https://www.supersonicads.com/mobile/sdk5/log?method=
https://www.supersonicads.com/mobile/sdk5/log?method=
https://www.supersonicads.com/mobile/sdk5/log?method=
https://www.supersonicads.com/mobile/sdk5/log?method=
https://www.supersonicads.com/mobile/sdk5/log?method=injectJavaScript
https://www.supersonicads.com/mobile/sdk5/log?method=extraParametersToJson
https://www.supersonicads.com/mobile/sdk5/log?method=noProductType
https://www.supersonicads.com/mobile/sdk5/log?method=encodeAppUserId
https://www.supersonicads.com/mobile/sdk5/log?method=encodeAppKey
https://www.supersonicads.com/mobile/sdk5/log?method=webviewLoadBlank
https://www.supersonicads.com/mobile/sdk5/log?method=webviewLoadWithPath
https://www.supersonicads.com/mobile/sdk5/log?method=htmlControllerDoesNotExistOnFileSystem
https://www.supersonicads.com/mobile/sdk5/log?method=webviewPause
https://www.supersonicads.com/mobile/sdk5/log?method=webviewResume
https://px.moatads.com/pixel.gif?e=0&i=MOATSDK1&ac=1
https://px.moatads.com/pixel.gif?e=0&i=MOATSDK1&ac=1
https://z.moatads.com/
https://z.moatads.com/
https://z.moatads.com/
https://analytics.mopub.com/i/jot/exchange_client_event
https://twitter.com/%s/status/%s
https://api.twitter.com/1.1/account/verify_credentials.json
https://api.twitter.com
https://api.twitter.com
http://play.google.com/store/apps/details?id=
https://ws.tapjoyads.com/
https://ws.tapjoyads.com/
https://ws.tapjoyads.com/
https://rpc.tapjoy.com/
https://rpc.tapjoy.com/
https://connect.tapjoy.com/
https://connect.tapjoy.com/
https://placements.tapjoy.com/
http://open.weixin.qq.com/connect/sdk/qrconnect?appid=%s&noncestr=%s&timestamp=%s&scope=%s&signature=%s
https://long.open.weixin.qq.com/connect/l/qrconnect?f=json&uuid=%s
https://config.unityads.unity3d.com/webview/
http://rp
https://oauth.constantcontact.com/ws/oauth/access_token
https://oauth.constantcontact.com/ws/oauth/confirm_access?oauth_token=%s
https://oauth.constantcontact.com/ws/oauth/request_token
https://api.dropbox.com/0/oauth/access_token
https://www.dropbox.com/0/oauth/authorize?oauth_token=
https://api.dropbox.com/0/oauth/request_token
https://www.evernote.com/oauth
https://www.evernote.com/oauth
https://www.evernote.com/OAuth.action?oauth_token=%s
https://sandbox.evernote.com/oauth
https://sandbox.evernote.com/oauth
https://sandbox.evernote.com/oauth?oauth_token=%s
https://graph.facebook.com/oauth/access_token
https://www.facebook.com/dialog/oauth?client_id=%s&redirect_uri=%s&scope=%s
https://www.facebook.com/dialog/oauth?client_id=%s&redirect_uri=%s
https://foursquare.com/oauth2/access_token?grant_type=authorization_code
https://foursquare.com/oauth2/authenticate?client_id=%s&response_type=code&redirect_uri=%s
http://foursquare.com/oauth/access_token
http://foursquare.com/oauth/authorize?oauth_token=%s
http://foursquare.com/oauth/request_token
https://www.google.com/accounts/OAuthGetAccessToken
https://www.google.com/accounts/OAuthAuthorizeToken?oauth_token=%s
https://www.google.com/accounts/OAuthGetRequestToken
http://api.kaixin001.com/oauth/access_token
http://api.kaixin001.com/oauth/authorize?oauth_token=%s
http://api.kaixin001.com/oauth/request_token
https://api.linkedin.com/uas/oauth/accessToken
https://api.linkedin.com/uas/oauth/authorize?oauth_token=%s
https://api.linkedin.com/uas/oauth/requestToken
https://oauth.live.com/token?grant_type=authorization_code
https://oauth.live.com/authorize?client_id=%s&redirect_uri=%s&response_type=code&scope=%s
https://oauth.live.com/authorize?client_id=%s&redirect_uri=%s&response_type=code
http://openapi.lovefilm.com/oauth/access_token
https://www.lovefilm.com/activate?oauth_token=%s
http://openapi.lovefilm.com/oauth/request_token
http://api.t.163.com/oauth/access_token
http://api.t.163.com/oauth/authenticate?oauth_token=%s
http://api.t.163.com/oauth/authorize?oauth_token=%s
http://api.t.163.com/oauth/request_token
http://www.plurk.com/OAuth/access_token
http://www.plurk.com/OAuth/authorize?oauth_token=%s
http://www.plurk.com/OAuth/request_token
http://www.plurk.com/m/authorize?oauth_token=%s
https://open.t.qq.com/cgi-bin/access_token
https://open.t.qq.com/cgi-bin/authorize?oauth_token=%s
https://open.t.qq.com/cgi-bin/request_token
https://id.sapo.pt/oauth/access_token
https://id.sapo.pt/oauth/authorize?oauth_token=%s
https://id.sapo.pt/oauth/request_token
http://api.t.sina.com.cn/oauth/access_token
http://api.t.sina.com.cn/oauth/authorize?oauth_token=%s
http://api.t.sina.com.cn/oauth/request_token
http://api.t.sohu.com/oauth/access_token
http://api.t.sohu.com/oauth/authorize?oauth_token=%s
http://api.t.sohu.com/oauth/request_token
http://api.twitter.com/oauth/access_token
https://api.twitter.com/oauth/authorize?oauth_token=%s
http://api.twitter.com/oauth/request_token
https://api.twitter.com/oauth/access_token
https://api.twitter.com/oauth/request_token
https://api.twitter.com/oauth/authenticate?oauth_token=%s
http://vimeo.com/oauth/access_token
http://vimeo.com/oauth/authorize?oauth_token=%s
http://vimeo.com/oauth/request_token
https://api.vkontakte.ru/oauth/authorize?client_id=%s&redirect_uri=%s&response_type=code
https://api.vkontakte.ru/oauth/authorize?client_id=%s&redirect_uri=%s&response_type=code
https://api.vkontakte.ru/oauth/access_token
https://api.login.yahoo.com/oauth/v2/get_token
https://api.login.yahoo.com/oauth/v2/request_auth?oauth_token=%s
https://api.login.yahoo.com/oauth/v2/get_request_token
https://www.yammer.com/oauth/access_token
https://www.yammer.com/oauth/request_token

[INTERNAL_LOG][2018-06-12 07:50:21,348][INFO][find_url_in_apk()] [END ALL URL INSIDE APK]
[INTERNAL_LOG][2018-06-12 07:50:21,353][INFO][check_method_conf()] [JavaScript enabled: True]

[INTERNAL_LOG][2018-06-12 07:50:21,353][INFO][check_method_conf()] [Add interface WebView: True]

[INTERNAL_LOG][2018-06-12 07:50:21,353][INFO][analyze_start()] This app might be not vulnerable on  attack frame confusion.
[INTERNAL_LOG][2018-06-12 07:50:21,353][INFO][analyze_start()] End time:[Tue Jun 12 07:50:21 2018]
