[INTERNAL_LOG][2018-06-12 06:59:09,803][INFO][analyze_start()] Init Time [Tue Jun 12 06:59:09 2018]
[INTERNAL_LOG][2018-06-12 06:59:09,890][INFO][run()] Start Analysis
[INTERNAL_LOG][2018-06-12 06:59:09,891][INFO][is_hybird()] [Permission Enble Start]
[INTERNAL_LOG][2018-06-12 06:59:09,891][INFO][is_hybird()] android.permission.INTERNET
[INTERNAL_LOG][2018-06-12 06:59:09,891][INFO][is_hybird()] android.permission.ACCESS_NETWORK_STATE
[INTERNAL_LOG][2018-06-12 06:59:09,891][INFO][is_hybird()] android.permission.ACCESS_WIFI_STATE
[INTERNAL_LOG][2018-06-12 06:59:09,891][INFO][is_hybird()] com.android.vending.BILLING
[INTERNAL_LOG][2018-06-12 06:59:09,891][INFO][is_hybird()] android.permission.VIBRATE
[INTERNAL_LOG][2018-06-12 06:59:09,891][INFO][is_hybird()] [Permission End]

[INTERNAL_LOG][2018-06-12 06:59:09,891][INFO][analyze_start()] TYPE APK: [ANDROID NATIVE]

[INTERNAL_LOG][2018-06-12 06:59:09,891][INFO][find_string()] [START FILE ANALYZE]
[INTERNAL_LOG][2018-06-12 06:59:09,892][INFO][find_string()] [END ANALYZE FILE]

[INTERNAL_LOG][2018-06-12 06:59:09,892][INFO][find_string()] [START FILE ANALYZE]
[INTERNAL_LOG][2018-06-12 06:59:09,892][INFO][find_string()] [END ANALYZE FILE]

[INTERNAL_LOG][2018-06-12 06:59:31,103][INFO][find_url_in_apk()] [START ALL URL INSIDE APK]
[INTERNAL_LOG][2018-06-12 06:59:31,104][INFO][find_url_in_apk()] http://schemas.android.com/apk/res/android
https://adc3-launch.adcolony.com/v4/launch
https://adc3-launch.adcolony.com/v4/launch
https://adc3-launch-server-staging.herokuapp.com/v4/launch
https://wd.adcolony.com/logs
https://app.adjust.com
https://app.adjust.com
https://www.facebook.com/audience_network/server_side_reward
https://www.%s.facebook.com/audience_network/server_side_reward
https://graph.facebook.com/network_ads_common
https://graph.%s.facebook.com/network_ads_common
https://www.facebook.com/adnw_logging/
https://www.%s.facebook.com/adnw_logging/
https://www.facebook.com/
https://www.%s.facebook.com
http://play.google.com/store/apps/
http://www.facebook.com
https://graph.%s
https://graph-video.%s
https://facebook.com
https://service.fyber.com/actions/v2
https://service.fyber.com/installs/v2
https://api.fyber.com/vcs/v1/new_credit.json
https://video.fyber.com
https://rewarded-video.fyber.com/tracker
https://offer.fyber.com/mobile
https://interstitial.fyber.com/interstitial
https://interstitial.fyber.com/tracker
https://sdk-config.fyber.com
https://engine.fyber.com/video-cache
https://banner.fyber.com/banner
https://banner.fyber.com/tracker
https://testsuite.fyber.com/tracker
https://api-rewarded-video.fyber.com/video
https://pagead2.googlesyndication.com/pagead/gen_204?id=gmob-apps
https://plus.google.com/
https://z.moatads.com/
https://analytics.mopub.com/i/jot/exchange_client_event
https://twitter.com/%s/status/%s
https://config.unityads.unity3d.com/webview/
https://www.vungle.com/privacy/
https://www.vungle.com/privacy/
http://lol.vungle.com/
https://api.vungle.com/
https://ads.api.vungle.com/config
https://ea.sbs.wooga.com/

[INTERNAL_LOG][2018-06-12 06:59:31,104][INFO][find_url_in_apk()] [END ALL URL INSIDE APK]
[INTERNAL_LOG][2018-06-12 06:59:31,106][INFO][check_method_conf()] [JavaScript enabled: True]

[INTERNAL_LOG][2018-06-12 06:59:31,106][INFO][check_method_conf()] [Add interface WebView: True]

[INTERNAL_LOG][2018-06-12 06:59:31,106][INFO][analyze_start()] This app might be not vulnerable on  attack frame confusion.
[INTERNAL_LOG][2018-06-12 06:59:31,106][INFO][analyze_start()] End time:[Tue Jun 12 06:59:31 2018]
