[INTERNAL_LOG][2018-06-12 00:21:59,450][INFO][analyze_start()] Init Time [Tue Jun 12 00:21:59 2018]
[INTERNAL_LOG][2018-06-12 00:21:59,564][INFO][run()] Start Analysis
[INTERNAL_LOG][2018-06-12 00:21:59,565][INFO][is_hybird()] [Permission Enble Start]
[INTERNAL_LOG][2018-06-12 00:21:59,565][INFO][is_hybird()] android.permission.INTERNET
[INTERNAL_LOG][2018-06-12 00:21:59,565][INFO][is_hybird()] android.permission.ACCESS_NETWORK_STATE
[INTERNAL_LOG][2018-06-12 00:21:59,565][INFO][is_hybird()] android.permission.ACCESS_COARSE_LOCATION
[INTERNAL_LOG][2018-06-12 00:21:59,565][INFO][is_hybird()] android.permission.WRITE_EXTERNAL_STORAGE
[INTERNAL_LOG][2018-06-12 00:21:59,565][INFO][is_hybird()] android.permission.ACCESS_WIFI_STATE
[INTERNAL_LOG][2018-06-12 00:21:59,565][INFO][is_hybird()] android.permission.VIBRATE
[INTERNAL_LOG][2018-06-12 00:21:59,565][INFO][is_hybird()] com.android.vending.BILLING
[INTERNAL_LOG][2018-06-12 00:21:59,565][INFO][is_hybird()] android.permission.READ_PHONE_STATE
[INTERNAL_LOG][2018-06-12 00:21:59,565][INFO][is_hybird()] android.permission.RECEIVE_BOOT_COMPLETED
[INTERNAL_LOG][2018-06-12 00:21:59,565][INFO][is_hybird()] android.permission.GET_ACCOUNTS
[INTERNAL_LOG][2018-06-12 00:21:59,565][INFO][is_hybird()] com.android.vending.CHECK_LICENSE
[INTERNAL_LOG][2018-06-12 00:21:59,565][INFO][is_hybird()] android.permission.WAKE_LOCK
[INTERNAL_LOG][2018-06-12 00:21:59,566][INFO][is_hybird()] [Permission End]

[INTERNAL_LOG][2018-06-12 00:21:59,566][INFO][analyze_start()] TYPE APK: [ANDROID NATIVE]

[INTERNAL_LOG][2018-06-12 00:21:59,566][INFO][find_string()] [START FILE ANALYZE]
[INTERNAL_LOG][2018-06-12 00:21:59,566][INFO][find_string()] [END ANALYZE FILE]

[INTERNAL_LOG][2018-06-12 00:21:59,566][INFO][find_string()] [START FILE ANALYZE]
[INTERNAL_LOG][2018-06-12 00:21:59,566][INFO][find_string()] [END ANALYZE FILE]

[INTERNAL_LOG][2018-06-12 00:22:41,053][INFO][find_url_in_apk()] [START ALL URL INSIDE APK]
[INTERNAL_LOG][2018-06-12 00:22:41,053][INFO][find_url_in_apk()] https://gluservices.s3.amazonaws.com/DynamicProperties/
https://gluservices.s3.amazonaws.com/ForcedUpgrade/
https://app.adjust.com
http://schemas.applovin.com/android/1.0
http://schemas.applovin.com/android/1.0
http://d.applovin.com/
http://a.applovin.com/
https://vid.applovin.com/,https://pdn.applovin.com/,https://img.applovin.com/,https://d.applovin.com/,https://assets.applovin.com/,https://cdnjs.cloudflare.com/,http://vid.applovin.com/,http://pdn.applovin.com/,http://img.applovin.com/,http://d.applovin.com/,http://assets.applovin.com/,http://cdnjs.cloudflare.com/
http://rt.applovin.com/pix
https://www.facebook.com/audience_network/server_side_reward
https://www.%s.facebook.com/audience_network/server_side_reward
https://graph.facebook.com/network_ads_common/
https://graph.%s.facebook.com/network_ads_common/
https://www.facebook.com/
https://www.%s.facebook.com
https://m.facebook.com/dialog/
https://graph.facebook.com/
https://api.facebook.com/restserver.php
https://graph.facebook.com/%s/picture
https://graph.%s
https://api.%s/method
https://facebook.com
http://prdags-tc-1.glu.com:8080/gift/Gifting_Code/?id=0&campaign=1&code=
http://gluservices.s3.amazonaws.com/PushNotifications2.0/
https://prod.geo.gluops.com/geoservice/v1/location
http://hostname/?
http://hostname/?
http://www.google-analytics.com/collect
http://www.google-analytics.com/collect
https://ssl.google-analytics.com/collect
https://ssl.google-analytics.com
https://www.googleapis.com/auth/appstate
https://www.googleapis.com/auth/appstate
https://www.googleapis.com/auth/games
https://www.googleapis.com/auth/games
https://www.googleapis.com/auth/games.firstparty
https://www.googleapis.com/auth/games.firstparty
https://googleads.g.doubleclick.net/mads/static/sdk/native/sdk-core-v40.html
https://googleads.g.doubleclick.net/mads/static/mad/sdk/native/sdk-core-v40.html
https://googleads.g.doubleclick.net/mads/static/mad/sdk/native/sdk-core-v40.html
https://googleads.g.doubleclick.net/mads/static/mad/sdk/native/sdk-core-v40.html
https://googleads.g.doubleclick.net/mads/static/mad/sdk/native/native_ads.html
http://www.google.com
http://www.google.com
https://googleads.g.doubleclick.net/mads/static/mad/sdk/native/mraid/v2/mraid_app_interstitial.js
https://googleads.g.doubleclick.net/mads/static/mad/sdk/native/mraid/v2/mraid_app_expanded_banner.js
https://googleads.g.doubleclick.net/mads/static/mad/sdk/native/mraid/v2/mraid_app_banner.js
http://plus.google.com/
https://www.googleapis.com/auth/plus.login
https://www.googleapis.com/auth/plus.login
https://www.googleapis.com/auth/plus.me
http://schemas.android.com/apk/lib/com.google.android.gms.plus
http://schemas.android.com/apk/lib/com.google.android.gms.plus
https://www.googletagmanager.com
http://m.glu.com
http://m.glu.com
https://androidads23.adcolony.com/configure
https://analytics.mopub.com/i/jot/exchange_client_event
https://twitter.com/%s/status/%s
https://www.mopub.com/optout
https://www.mopub.com/optout/
https://www.mopub.com/optout/
https://service.sponsorpay.com/actions/v2
https://service.sponsorpay.com/installs/v2
https://api.sponsorpay.com/vcs/v1/new_credit.json
https://video.fyber.com
https://iframe.sponsorpay.com/mobile
https://engine.sponsorpay.com/interstitial
https://engine.sponsorpay.com/tracker
https://engine.sponsorpay.com/sdk-config
https://engine.fyber.com/video-cache
https://apm.
https://api.
https://txn.ingest.
https://appload.ingest.
http://www.amazon.com/gp/mas/dl/android?p=
http://schemas.android.com/apk/res/android
https://www.google.com
https://impact.staging.applifier.com/mobile/campaigns
https://impact.applifier.com/mobile/campaigns
https://www.vungle.com/privacy/
https://www.vungle.com/privacy/
https://api.vungle.com/api/v4/
https://ingest.vungle.com/
http://lol.vungle.com/

[INTERNAL_LOG][2018-06-12 00:22:41,053][INFO][find_url_in_apk()] [END ALL URL INSIDE APK]
[INTERNAL_LOG][2018-06-12 00:22:41,060][INFO][check_method_conf()] [JavaScript enabled: True]

[INTERNAL_LOG][2018-06-12 00:22:41,061][INFO][check_method_conf()] [Add interface WebView: True]

[INTERNAL_LOG][2018-06-12 00:22:41,061][INFO][analyze_start()] This app might be not vulnerable on  attack frame confusion.
[INTERNAL_LOG][2018-06-12 00:22:41,061][INFO][analyze_start()] End time:[Tue Jun 12 00:22:41 2018]
