[INTERNAL_LOG][2018-06-12 06:22:37,817][INFO][analyze_start()] Init Time [Tue Jun 12 06:22:37 2018]
[INTERNAL_LOG][2018-06-12 06:22:37,923][INFO][run()] Start Analysis
[INTERNAL_LOG][2018-06-12 06:22:37,924][INFO][is_hybird()] [Permission Enble Start]
[INTERNAL_LOG][2018-06-12 06:22:37,925][INFO][is_hybird()] android.permission.INTERNET
[INTERNAL_LOG][2018-06-12 06:22:37,925][INFO][is_hybird()] android.permission.ACCESS_NETWORK_STATE
[INTERNAL_LOG][2018-06-12 06:22:37,925][INFO][is_hybird()] android.permission.WRITE_EXTERNAL_STORAGE
[INTERNAL_LOG][2018-06-12 06:22:37,925][INFO][is_hybird()] android.permission.ACCESS_COARSE_LOCATION
[INTERNAL_LOG][2018-06-12 06:22:37,925][INFO][is_hybird()] android.permission.ACCESS_FINE_LOCATION
[INTERNAL_LOG][2018-06-12 06:22:37,925][INFO][is_hybird()] com.android.vending.BILLING
[INTERNAL_LOG][2018-06-12 06:22:37,925][INFO][is_hybird()] android.permission.VIBRATE
[INTERNAL_LOG][2018-06-12 06:22:37,925][INFO][is_hybird()] android.permission.WAKE_LOCK
[INTERNAL_LOG][2018-06-12 06:22:37,925][INFO][is_hybird()] com.google.android.finsky.permission.BIND_GET_INSTALL_REFERRER_SERVICE
[INTERNAL_LOG][2018-06-12 06:22:37,925][INFO][is_hybird()] com.google.android.c2dm.permission.RECEIVE
[INTERNAL_LOG][2018-06-12 06:22:37,925][INFO][is_hybird()] com.lima.doodlejump.permission.C2D_MESSAGE
[INTERNAL_LOG][2018-06-12 06:22:37,925][INFO][is_hybird()] android.permission.REQUEST_INSTALL_PACKAGES
[INTERNAL_LOG][2018-06-12 06:22:37,925][INFO][is_hybird()] [Permission End]

[INTERNAL_LOG][2018-06-12 06:22:37,925][INFO][analyze_start()] TYPE APK: [ANDROID NATIVE]

[INTERNAL_LOG][2018-06-12 06:22:37,925][INFO][find_string()] [START FILE ANALYZE]
[INTERNAL_LOG][2018-06-12 06:22:37,925][INFO][find_string()] File: assets/consent/mopub_consent.html
[INTERNAL_LOG][2018-06-12 06:22:37,927][INFO][find_string()] No iframe in assets/consent/mopub_consent.html
[INTERNAL_LOG][2018-06-12 06:22:37,927][INFO][find_string()] [END ANALYZE FILE]

[INTERNAL_LOG][2018-06-12 06:22:37,927][INFO][find_string()] [START FILE ANALYZE]
[INTERNAL_LOG][2018-06-12 06:22:37,927][INFO][find_string()] [END ANALYZE FILE]

[INTERNAL_LOG][2018-06-12 06:23:10,914][INFO][find_url_in_apk()] [START ALL URL INSIDE APK]
[INTERNAL_LOG][2018-06-12 06:23:10,914][INFO][find_url_in_apk()] http://schemas.android.com/apk/res/android
https://adc3-launch-server-staging.herokuapp.com/v4/launch
https://adc3-launch.adcolony.com/v4/launch
https://adc3-launch.adcolony.com/v4/launch
https://wd.adcolony.com/logs
https://ads.aerserv.com/as/sdk/v3/
https://ads.aerserv.com/as/sdk/v3/
https://ads.aerserv.com/as/sdk/v3/
https://ads.aerserv.com/as/sdk/v3/
https://staging.ads.aerserv.com/as/sdk/v3/
https://staging.ads.aerserv.com/as/sdk/v3/
https://dmp.aerserv.com/update
https://debug.aerserv.com/sybok/analytics
https://ads.aerserv.com/as/sdk/configure/
https://debug.aerserv.com/sybok/
https://debug.aerserv.com/sybok/sdk/timeout
https://d3tplke66d0j4g.cloudfront.net/sdk-vpaid/0.3/VPAID.html
https://d3tplke66d0j4g.cloudfront.net/sdk-vpaid/0.3/VPAID.js
https://d3tplke66d0j4g.cloudfront.net/sdk-vpaid/0.3/VPAIDBridge.js
https://d3tplke66d0j4g.cloudfront.net/img/poster.gif
http://schemas.applovin.com/android/1.0
http://schemas.applovin.com/android/1.0
https://d.applovin.com/
https://a.applovin.com/
https://rt.applovin.com/med
https://rt.applovin.com/pix
https://d.applvn.com/
https://a.applvn.com/
https://rt.applvn.com/pix
https://vid.applovin.com/,https://pdn.applovin.com/,https://img.applovin.com/,https://d.applovin.com/,https://assets.applovin.com/,https://cdnjs.cloudflare.com/,http://vid.applovin.com/,http://pdn.applovin.com/,http://img.applovin.com/,http://d.applovin.com/,http://assets.applovin.com/,http://cdnjs.cloudflare.com/
https://proton.flurry.com/sdk/v1/config
https://data.flurry.com/pcr.do
https://data.flurry.com/aap.do
http://data.flurry.com/aap.do
http://www.example.com
http://www.example.com
http://www.example.com
https://api.login.yahoo.com/oauth2/device_session
https://cfg.flurry.com/sdk/v1/config
https://pagead2.googlesyndication.com/pagead/gen_204?id=gmob-apps
https://www.googleapis.com/auth/games_lite
https://www.googleapis.com/auth/games_lite
https://www.googleapis.com/auth/games_lite
https://www.googleapis.com/auth/games
https://www.googleapis.com/auth/games
https://www.googleapis.com/auth/games
https://plus.google.com/
http://play.google.com/store/apps/category/GAME
https://play.google.com/store/apps/details?id=%1$s&rdid=%1$s&rdot=%2$d
https://plus.google.com/%s/about
https://play.google.com/store/apps/details
https://www.googleapis.com/auth/drive.file
https://www.googleapis.com/auth/drive.appdata
https://www.googleapis.com/auth/drive
https://www.googleapis.com/auth/drive.apps
https://www.googleapis.com/auth/games.firstparty
https://www.googleapis.com/auth/games.firstparty
https://pagead2.googlesyndication.com/pagead/gen_204
http://www.google.com
https://support.google.com/dfp_premium/answer/7160685#push
https://googleads.g.doubleclick.net/mads/static/mad/sdk/native/sdk-core-v40.html
https://googleads.g.doubleclick.net/mads/static/mad/sdk/native/production/sdk-core-v40-impl.js
https://googleads.g.doubleclick.net/mads/static/mad/sdk/native/mraid/v2/mraid_app_banner.js
https://googleads.g.doubleclick.net/mads/static/mad/sdk/native/mraid/v2/mraid_app_expanded_banner.js
https://googleads.g.doubleclick.net/mads/static/mad/sdk/native/mraid/v2/mraid_app_interstitial.js
https://csi.gstatic.com/csi
https://googleads.g.doubleclick.net/mads/static/mad/sdk/native/native_ads.html
https://googleads.g.doubleclick.net/mads/static/mad/sdk/native/production/native_ads.js
https://imasdk.googleapis.com/admob/sdkloader/native_video.html
https://www.google.com/dfp/linkDevice
https://www.google.com/dfp/inAppPreview
https://www.google.com/dfp/debugSignals
https://www.google.com/dfp/sendDebugData
https://app-measurement.com/a
https://www.google.com
http://news.limasky.com/dju-config/default.aspx
http://news.limasky.com/webservices/doodlejumpandroid/news/index.aspx
http://xmlpull.org/v1/doc/features.html#process-namespaces
http://xmlpull.org/v1/doc/features.html#process-namespaces
http://scores-android-free.limasky.com/webservices/phone/leaderboard.cfm?l=
http://scores-android-free.limasky.com/webservices/phone/insertscore.cfm?n=%s&s=%d&u=%s&h=%s&tm=%d&f=%d&t=%d&v=%d
https://z.moatads.com/
https://twitter.com/%s/status/%s
https://www.mopub.com/optout
https://www.mopub.com/optout/
https://www.mopub.com/optout/
http://ads.mopub.com
https://ads.mopub.com
https://ad.mail.ru/
https://ad.mail.ru/
https://ad.mail.ru/sdk/log/
http://play.google.com
https://play.google.com
http://market.android.com
https://market.android.com
https://ad.mail.ru/mobile/
https://target.my.com/
https://config.unityads.unity3d.com/webview/
http://www.w3.org/ns/ttml#parameter
https://mobile-static.adsafeprotected.com/avid-v2.js
https://ads.mopub.com/
https://sdk.hockeyapp.net/
https://sdk.hockeyapp.net/
https://rink.hockeyapp.net/api/2/apps/
https://ads.superawesome.tv
https://ads.superawesome.tv/v2
https://ads.staging.superawesome.tv/v2
https://kwsapi.superawesome.tv/
https://ads.superawesome.tv/v2/safead
https://ads.superawesome.tv/v2/safead

[INTERNAL_LOG][2018-06-12 06:23:10,914][INFO][find_url_in_apk()] [END ALL URL INSIDE APK]
[INTERNAL_LOG][2018-06-12 06:23:10,926][INFO][check_method_conf()] [JavaScript enabled: True]

[INTERNAL_LOG][2018-06-12 06:23:10,926][INFO][check_method_conf()] [Add interface WebView: True]

[INTERNAL_LOG][2018-06-12 06:23:10,926][INFO][analyze_start()] This app might be not vulnerable on  attack frame confusion.
[INTERNAL_LOG][2018-06-12 06:23:10,926][INFO][analyze_start()] End time:[Tue Jun 12 06:23:10 2018]
