[INTERNAL_LOG][2018-06-12 08:39:55,239][INFO][analyze_start()] Init Time [Tue Jun 12 08:39:55 2018]
[INTERNAL_LOG][2018-06-12 08:39:55,291][INFO][run()] Start Analysis
[INTERNAL_LOG][2018-06-12 08:39:55,292][INFO][is_hybird()] [Permission Enble Start]
[INTERNAL_LOG][2018-06-12 08:39:55,292][INFO][is_hybird()] android.permission.INTERNET
[INTERNAL_LOG][2018-06-12 08:39:55,292][INFO][is_hybird()] android.permission.WRITE_EXTERNAL_STORAGE
[INTERNAL_LOG][2018-06-12 08:39:55,292][INFO][is_hybird()] android.permission.READ_EXTERNAL_STORAGE
[INTERNAL_LOG][2018-06-12 08:39:55,292][INFO][is_hybird()] android.permission.READ_PHONE_STATE
[INTERNAL_LOG][2018-06-12 08:39:55,292][INFO][is_hybird()] android.permission.VIBRATE
[INTERNAL_LOG][2018-06-12 08:39:55,292][INFO][is_hybird()] android.permission.ACCESS_NETWORK_STATE
[INTERNAL_LOG][2018-06-12 08:39:55,292][INFO][is_hybird()] android.permission.WRITE_SETTINGS
[INTERNAL_LOG][2018-06-12 08:39:55,292][INFO][is_hybird()] android.permission.CHANGE_CONFIGURATION
[INTERNAL_LOG][2018-06-12 08:39:55,292][INFO][is_hybird()] android.permission.MODIFY_AUDIO_SETTINGS
[INTERNAL_LOG][2018-06-12 08:39:55,293][INFO][is_hybird()] android.permission.ACCESS_WIFI_STATE
[INTERNAL_LOG][2018-06-12 08:39:55,293][INFO][is_hybird()] android.permission.CHANGE_WIFI_STATE
[INTERNAL_LOG][2018-06-12 08:39:55,293][INFO][is_hybird()] android.permission.GET_ACCOUNTS
[INTERNAL_LOG][2018-06-12 08:39:55,293][INFO][is_hybird()] android.permission.WAKE_LOCK
[INTERNAL_LOG][2018-06-12 08:39:55,293][INFO][is_hybird()] com.android.vending.BILLING
[INTERNAL_LOG][2018-06-12 08:39:55,293][INFO][is_hybird()] android.permission.ACCESS_COARSE_LOCATION
[INTERNAL_LOG][2018-06-12 08:39:55,293][INFO][is_hybird()] android.permission.ACCESS_FINE_LOCATION
[INTERNAL_LOG][2018-06-12 08:39:55,293][INFO][is_hybird()] android.permission.GET_TASKS
[INTERNAL_LOG][2018-06-12 08:39:55,293][INFO][is_hybird()] com.android.alarm.permission.SET_ALARM
[INTERNAL_LOG][2018-06-12 08:39:55,293][INFO][is_hybird()] android.permission.BLUETOOTH
[INTERNAL_LOG][2018-06-12 08:39:55,293][INFO][is_hybird()] android.permission.BLUETOOTH_ADMIN
[INTERNAL_LOG][2018-06-12 08:39:55,293][INFO][is_hybird()] com.android.browser.permission.READ_HISTORY_BOOKMARKS
[INTERNAL_LOG][2018-06-12 08:39:55,293][INFO][is_hybird()] android.permission.RECEIVE_BOOT_COMPLETED
[INTERNAL_LOG][2018-06-12 08:39:55,293][INFO][is_hybird()] com.mopub.common.privacy.ConsentDialogActivity
[INTERNAL_LOG][2018-06-12 08:39:55,293][INFO][is_hybird()] com.google.android.c2dm.permission.RECEIVE
[INTERNAL_LOG][2018-06-12 08:39:55,293][INFO][is_hybird()] com.app.downloadmanager.permission.C2D_MESSAGE
[INTERNAL_LOG][2018-06-12 08:39:55,293][INFO][is_hybird()] [Permission End]

[INTERNAL_LOG][2018-06-12 08:39:55,293][INFO][analyze_start()] TYPE APK: [ANDROID NATIVE]

[INTERNAL_LOG][2018-06-12 08:39:55,293][INFO][find_string()] [START FILE ANALYZE]
[INTERNAL_LOG][2018-06-12 08:39:55,293][INFO][find_string()] File: assets/consentform.html
[INTERNAL_LOG][2018-06-12 08:39:55,319][INFO][find_string()] No iframe in assets/consentform.html
[INTERNAL_LOG][2018-06-12 08:39:55,319][INFO][find_string()] [END ANALYZE FILE]

[INTERNAL_LOG][2018-06-12 08:39:55,319][INFO][find_string()] [START FILE ANALYZE]
[INTERNAL_LOG][2018-06-12 08:39:55,319][INFO][find_string()] File: assets/js/JellybeanHelper.js
[INTERNAL_LOG][2018-06-12 08:39:55,320][INFO][find_string()] No iframe in assets/js/JellybeanHelper.js
[INTERNAL_LOG][2018-06-12 08:39:55,320][INFO][find_string()] File: assets/js/MediaPlayerHelper.js
[INTERNAL_LOG][2018-06-12 08:39:55,320][INFO][find_string()] No iframe in assets/js/MediaPlayerHelper.js
[INTERNAL_LOG][2018-06-12 08:39:55,321][INFO][find_string()] File: assets/js/TubesPlayerHelper.js
[INTERNAL_LOG][2018-06-12 08:39:55,321][INFO][find_string()] No iframe in assets/js/TubesPlayerHelper.js
[INTERNAL_LOG][2018-06-12 08:39:55,321][INFO][find_string()] File: assets/mmadsdk/actionsQueue.js
[INTERNAL_LOG][2018-06-12 08:39:55,322][INFO][find_string()] No iframe in assets/mmadsdk/actionsQueue.js
[INTERNAL_LOG][2018-06-12 08:39:55,322][INFO][find_string()] File: assets/mmadsdk/mm.js
[INTERNAL_LOG][2018-06-12 08:39:55,324][INFO][find_string()] No iframe in assets/mmadsdk/mm.js
[INTERNAL_LOG][2018-06-12 08:39:55,324][INFO][find_string()] File: assets/mmadsdk/mraid.js
[INTERNAL_LOG][2018-06-12 08:39:55,325][INFO][find_string()] No iframe in assets/mmadsdk/mraid.js
[INTERNAL_LOG][2018-06-12 08:39:55,325][INFO][find_string()] File: assets/mmadsdk/vpaid.js
[INTERNAL_LOG][2018-06-12 08:39:55,328][INFO][find_string()] No iframe in assets/mmadsdk/vpaid.js
[INTERNAL_LOG][2018-06-12 08:39:55,328][INFO][find_string()] File: org/apache/commons/validator/javascript/validateByte-compress.js
[INTERNAL_LOG][2018-06-12 08:39:55,329][INFO][find_string()] No iframe in org/apache/commons/validator/javascript/validateByte-compress.js
[INTERNAL_LOG][2018-06-12 08:39:55,329][INFO][find_string()] File: org/apache/commons/validator/javascript/validateByte.js
[INTERNAL_LOG][2018-06-12 08:39:55,330][INFO][find_string()] No iframe in org/apache/commons/validator/javascript/validateByte.js
[INTERNAL_LOG][2018-06-12 08:39:55,330][INFO][find_string()] File: org/apache/commons/validator/javascript/validateCreditCard-compress.js
[INTERNAL_LOG][2018-06-12 08:39:55,330][INFO][find_string()] No iframe in org/apache/commons/validator/javascript/validateCreditCard-compress.js
[INTERNAL_LOG][2018-06-12 08:39:55,330][INFO][find_string()] File: org/apache/commons/validator/javascript/validateCreditCard.js
[INTERNAL_LOG][2018-06-12 08:39:55,331][INFO][find_string()] No iframe in org/apache/commons/validator/javascript/validateCreditCard.js
[INTERNAL_LOG][2018-06-12 08:39:55,331][INFO][find_string()] File: org/apache/commons/validator/javascript/validateDate-compress.js
[INTERNAL_LOG][2018-06-12 08:39:55,331][INFO][find_string()] No iframe in org/apache/commons/validator/javascript/validateDate-compress.js
[INTERNAL_LOG][2018-06-12 08:39:55,332][INFO][find_string()] File: org/apache/commons/validator/javascript/validateDate.js
[INTERNAL_LOG][2018-06-12 08:39:55,332][INFO][find_string()] No iframe in org/apache/commons/validator/javascript/validateDate.js
[INTERNAL_LOG][2018-06-12 08:39:55,332][INFO][find_string()] File: org/apache/commons/validator/javascript/validateEmail-compress.js
[INTERNAL_LOG][2018-06-12 08:39:55,333][INFO][find_string()] No iframe in org/apache/commons/validator/javascript/validateEmail-compress.js
[INTERNAL_LOG][2018-06-12 08:39:55,333][INFO][find_string()] File: org/apache/commons/validator/javascript/validateEmail.js
[INTERNAL_LOG][2018-06-12 08:39:55,333][INFO][find_string()] No iframe in org/apache/commons/validator/javascript/validateEmail.js
[INTERNAL_LOG][2018-06-12 08:39:55,333][INFO][find_string()] File: org/apache/commons/validator/javascript/validateFloat-compress.js
[INTERNAL_LOG][2018-06-12 08:39:55,333][INFO][find_string()] No iframe in org/apache/commons/validator/javascript/validateFloat-compress.js
[INTERNAL_LOG][2018-06-12 08:39:55,334][INFO][find_string()] File: org/apache/commons/validator/javascript/validateFloat.js
[INTERNAL_LOG][2018-06-12 08:39:55,334][INFO][find_string()] No iframe in org/apache/commons/validator/javascript/validateFloat.js
[INTERNAL_LOG][2018-06-12 08:39:55,334][INFO][find_string()] File: org/apache/commons/validator/javascript/validateFloatRange-compress.js
[INTERNAL_LOG][2018-06-12 08:39:55,335][INFO][find_string()] No iframe in org/apache/commons/validator/javascript/validateFloatRange-compress.js
[INTERNAL_LOG][2018-06-12 08:39:55,335][INFO][find_string()] File: org/apache/commons/validator/javascript/validateFloatRange.js
[INTERNAL_LOG][2018-06-12 08:39:55,335][INFO][find_string()] No iframe in org/apache/commons/validator/javascript/validateFloatRange.js
[INTERNAL_LOG][2018-06-12 08:39:55,335][INFO][find_string()] File: org/apache/commons/validator/javascript/validateIntRange-compress.js
[INTERNAL_LOG][2018-06-12 08:39:55,335][INFO][find_string()] No iframe in org/apache/commons/validator/javascript/validateIntRange-compress.js
[INTERNAL_LOG][2018-06-12 08:39:55,335][INFO][find_string()] File: org/apache/commons/validator/javascript/validateIntRange.js
[INTERNAL_LOG][2018-06-12 08:39:55,336][INFO][find_string()] No iframe in org/apache/commons/validator/javascript/validateIntRange.js
[INTERNAL_LOG][2018-06-12 08:39:55,336][INFO][find_string()] File: org/apache/commons/validator/javascript/validateInteger-compress.js
[INTERNAL_LOG][2018-06-12 08:39:55,337][INFO][find_string()] No iframe in org/apache/commons/validator/javascript/validateInteger-compress.js
[INTERNAL_LOG][2018-06-12 08:39:55,337][INFO][find_string()] File: org/apache/commons/validator/javascript/validateInteger.js
[INTERNAL_LOG][2018-06-12 08:39:55,337][INFO][find_string()] No iframe in org/apache/commons/validator/javascript/validateInteger.js
[INTERNAL_LOG][2018-06-12 08:39:55,337][INFO][find_string()] File: org/apache/commons/validator/javascript/validateMask-compress.js
[INTERNAL_LOG][2018-06-12 08:39:55,338][INFO][find_string()] No iframe in org/apache/commons/validator/javascript/validateMask-compress.js
[INTERNAL_LOG][2018-06-12 08:39:55,338][INFO][find_string()] File: org/apache/commons/validator/javascript/validateMask.js
[INTERNAL_LOG][2018-06-12 08:39:55,338][INFO][find_string()] No iframe in org/apache/commons/validator/javascript/validateMask.js
[INTERNAL_LOG][2018-06-12 08:39:55,338][INFO][find_string()] File: org/apache/commons/validator/javascript/validateMaxLength-compress.js
[INTERNAL_LOG][2018-06-12 08:39:55,338][INFO][find_string()] No iframe in org/apache/commons/validator/javascript/validateMaxLength-compress.js
[INTERNAL_LOG][2018-06-12 08:39:55,338][INFO][find_string()] File: org/apache/commons/validator/javascript/validateMaxLength.js
[INTERNAL_LOG][2018-06-12 08:39:55,339][INFO][find_string()] No iframe in org/apache/commons/validator/javascript/validateMaxLength.js
[INTERNAL_LOG][2018-06-12 08:39:55,339][INFO][find_string()] File: org/apache/commons/validator/javascript/validateMinLength-compress.js
[INTERNAL_LOG][2018-06-12 08:39:55,339][INFO][find_string()] No iframe in org/apache/commons/validator/javascript/validateMinLength-compress.js
[INTERNAL_LOG][2018-06-12 08:39:55,339][INFO][find_string()] File: org/apache/commons/validator/javascript/validateMinLength.js
[INTERNAL_LOG][2018-06-12 08:39:55,340][INFO][find_string()] No iframe in org/apache/commons/validator/javascript/validateMinLength.js
[INTERNAL_LOG][2018-06-12 08:39:55,340][INFO][find_string()] File: org/apache/commons/validator/javascript/validateRequired-compress.js
[INTERNAL_LOG][2018-06-12 08:39:55,340][INFO][find_string()] No iframe in org/apache/commons/validator/javascript/validateRequired-compress.js
[INTERNAL_LOG][2018-06-12 08:39:55,340][INFO][find_string()] File: org/apache/commons/validator/javascript/validateRequired.js
[INTERNAL_LOG][2018-06-12 08:39:55,341][INFO][find_string()] No iframe in org/apache/commons/validator/javascript/validateRequired.js
[INTERNAL_LOG][2018-06-12 08:39:55,341][INFO][find_string()] File: org/apache/commons/validator/javascript/validateShort-compress.js
[INTERNAL_LOG][2018-06-12 08:39:55,341][INFO][find_string()] No iframe in org/apache/commons/validator/javascript/validateShort-compress.js
[INTERNAL_LOG][2018-06-12 08:39:55,341][INFO][find_string()] File: org/apache/commons/validator/javascript/validateShort.js
[INTERNAL_LOG][2018-06-12 08:39:55,342][INFO][find_string()] No iframe in org/apache/commons/validator/javascript/validateShort.js
[INTERNAL_LOG][2018-06-12 08:39:55,342][INFO][find_string()] File: org/apache/commons/validator/javascript/validateUtilities-compress.js
[INTERNAL_LOG][2018-06-12 08:39:55,342][INFO][find_string()] No iframe in org/apache/commons/validator/javascript/validateUtilities-compress.js
[INTERNAL_LOG][2018-06-12 08:39:55,343][INFO][find_string()] File: org/apache/commons/validator/javascript/validateUtilities.js
[INTERNAL_LOG][2018-06-12 08:39:55,343][INFO][find_string()] No iframe in org/apache/commons/validator/javascript/validateUtilities.js
[INTERNAL_LOG][2018-06-12 08:39:55,343][INFO][find_string()] [END ANALYZE FILE]

[INTERNAL_LOG][2018-06-12 08:40:55,314][INFO][find_url_in_apk()] [START ALL URL INSIDE APK]
[INTERNAL_LOG][2018-06-12 08:40:55,314][INFO][find_url_in_apk()] http://schemas.android.com/apk/res/android
http://amazon-adsystem.amazon.com/
http://schemas.android.com/apk/lib/com.amazon.device.ads
http://schemas.android.com/apk/res/
http://amazon-adsystem.com
http://schemas.applovin.com/android/1.0
http://schemas.applovin.com/android/1.0
https://d.applovin.com/
https://a.applovin.com/
https://rt.applovin.com/med
https://rt.applovin.com/pix
https://d.applvn.com/
https://a.applvn.com/
https://rt.applvn.com/pix
https://vid.applovin.com/,https://pdn.applovin.com/,https://img.applovin.com/,https://d.applovin.com/,https://assets.applovin.com/,https://cdnjs.cloudflare.com/,http://vid.applovin.com/,http://pdn.applovin.com/,http://img.applovin.com/,http://d.applovin.com/,http://assets.applovin.com/,http://cdnjs.cloudflare.com/
https://ads.avocarrot.com/requests
https://s3.amazonaws.com/avocarrot-assets/media/images/ads/ratings/##.png
https://sdklogs.avocarrot.com
http://m.youtube.com/
http://www.youtube.com/
http://youtube.com/
https://play.google.com/
http://www.google.com/search?q=%s
http://m.mirmay.com/api/
https://m.mirmay.com/appscripts/TubesPlayerHelper.js
https://m.mirmay.com/appscripts/MediaPlayerHelper.js
http://m.mirmay.com/dpb?installed=
http://m.mirmay.com/dpb?installed=
http://m.mirmay.com/dpb?installed=
http://m.mirmay.com/dpb
http://m.mirmay.com/dpb
http://m.mirmay.com/dpb
http://www.mirmay.com/privacy.html
https://www.facebook.com/audience_network/server_side_reward
https://www.%s.facebook.com/audience_network/server_side_reward
https://graph.facebook.com/network_ads_common
https://graph.%s.facebook.com/network_ads_common
https://www.facebook.com/adnw_logging/
https://www.%s.facebook.com/adnw_logging/
https://www.facebook.com/
https://www.%s.facebook.com
http://play.google.com/store/apps/
http://www.facebook.com
https://adlog.flurry.com
http://adlog.flurry.com
https://www.tumblr.com/oauth/access_token
https://www.tumblr.com/oauth/authorize?oauth_token=%s
https://api.tumblr.com/v2/blog/
https://api.tumblr.com/v2/blog/
https://www.tumblr.com/oauth/request_token
https://api.tumblr.com/v2/user/info
http://www.tumblr.com/connect/login_success.html
https://play.google.com/store/apps/details?id=
https://play.google.com/store/apps/details?id=
http://xmlpull.org/v1/doc/features.html#process-namespaces
http://xmlpull.org/v1/doc/features.html#process-namespaces
http://xmlpull.org/v1/doc/features.html#process-namespaces
https://proton.flurry.com/sdk/v1/config
https://data.flurry.com/pcr.do
https://ads.flurry.com/v16/getAds.do
http://ads.flurry.com/v16/getAds.do
https://data.flurry.com/aap.do
http://data.flurry.com/aap.do
https://cdn.flurry.com/vast/videocontrols/v2/android.zip
http://schemas.microsoft.com/DRM/2007/03/protocols/AcquireLicense
http://hostname/?
http://hostname/?
https://pagead2.googlesyndication.com/pagead/gen_204
https://googleads.g.doubleclick.net/mads/static/mad/sdk/native/sdk-core-v40.html
https://googleads.g.doubleclick.net/mads/static/mad/sdk/native/production/sdk-core-v40-impl.js
https://googleads.g.doubleclick.net/mads/static/mad/sdk/native/mraid/v2/mraid_app_banner.js
https://googleads.g.doubleclick.net/mads/static/mad/sdk/native/mraid/v2/mraid_app_expanded_banner.js
https://googleads.g.doubleclick.net/mads/static/mad/sdk/native/mraid/v2/mraid_app_interstitial.js
https://csi.gstatic.com/csi
https://googleads.g.doubleclick.net/mads/static/mad/sdk/native/native_ads.html
https://googleads.g.doubleclick.net/mads/static/mad/sdk/native/production/native_ads.js
https://imasdk.googleapis.com/admob/sdkloader/native_video.html
https://www.google.com/dfp/linkDevice
https://www.google.com/dfp/inAppPreview
https://www.google.com/dfp/debugSignals
https://www.google.com/dfp/sendDebugData
http://www.example.com
http://www.example.com
https://twitter.com/%s/status/%s
https://www.mopub.com/optout/
https://www.mopub.com/optout/
http://data.altbeacon.org/android-distance.json
http://api.pubnative.net/api/v3/native
http://adservice.google.com/getconfig/pubvendors
http://www.w3.org/ns/ttml#parameter
https://pagead2.googlesyndication.com/pagead/gen_204?id=gmob-apps
https://www.googleapis.com/auth/games_lite
https://www.googleapis.com/auth/games
https://plus.google.com/
http://www.google.com
https://support.google.com/dfp_premium/answer/7160685#push
http://www.google-analytics.com
https://ssl.google-analytics.com
https://app-measurement.com/a
https://www.google.com
https://www.googletagmanager.com
https://mobile-static.adsafeprotected.com/avid-v2.js
http://m.mirmay.com/adserver/www/delivery/afr.php?zoneid=
http://m.mirmay.com/adserver/www/delivery/afr.php?zoneid=
https://service.cmp.oath.com/cmp/v0/location/eu
https://ads.nexage.com
https://px.moatads.com/pixel.gif?e=0&i=MOATSDK1&ac=1
https://z.moatads.com/
https://ads.mopub.com/
https://www.mopub.com/optout
http://ads.mopub.com
https://ads.mopub.com
http://github.com/mpatric/mp3agic
http://foobar
https://api.oneaudience.com/
https://api.oneaudience.com/api
http://robocop.oneaudience.com/reporterror
http://robocop.oneaudience.com/reporterror
http://robocop.oneaudience.com/reporterror
https://graph.facebook.com/v2.5/me
https://android.revmob.com
https://s3.amazonaws.com/www.revmob.com/Revmob_i_agree_terms.txt
https://app.getsentry.com:443
https://app.getsentry.com:443
https://app.getsentry.com:443/api/43633/store/
http://soma.smaato.net/oapi/reqAd.jsp?
http://avr2.smaato.net/report2?
http://i.xx.openx.com/ef3/ef31c13c898edcdfc73feb3c0193b64bcfa70082/754/7544eb4e2c8cb99b125559b8846ce948_2.jpeg
http://www.smaato.com
http://www.smaato.com
http://smaato-android-sdk.s3.amazonaws.com/x.png
http://static.revealmobile.com/android-distance.json
https://sdk.revealmobile.com
https://sdk.revealmobile.com
http://sandboxsdk.revealmobile.com
http://www.
http://www.
https://www.
https://www.
https://vvlnk0ybe8.execute-api.us-west-2.amazonaws.com/prd
https://vvlnk0ybe8.execute-api.us-west-2.amazonaws.com/prd
https://z1aldns1sj.execute-api.us-west-2.amazonaws.com/prd
https://z1aldns1sj.execute-api.us-west-2.amazonaws.com/prd
https://n3491cvue2.execute-api.us-west-2.amazonaws.com/prd
https://n3491cvue2.execute-api.us-west-2.amazonaws.com/prd
https://i5j7duvae6.execute-api.us-west-2.amazonaws.com/prd
https://i5j7duvae6.execute-api.us-west-2.amazonaws.com/prd
https://j37wx24r6g.execute-api.us-west-2.amazonaws.com/prd
https://j37wx24r6g.execute-api.us-west-2.amazonaws.com/prd
https://pie.wirelessregistry.com/observation/
https://pie.wirelessregistry.com/observation/
http://api.wunderground.com
https://api.branch.io/
https://bnc.lt/a/
https://e.crashlytics.com/spi/v2/events
https://settings.crashlytics.com/spi/v2/platforms/android/apps/%s/settings

[INTERNAL_LOG][2018-06-12 08:40:55,314][INFO][find_url_in_apk()] [END ALL URL INSIDE APK]
[INTERNAL_LOG][2018-06-12 08:40:55,321][INFO][check_method_conf()] [JavaScript enabled: True]

[INTERNAL_LOG][2018-06-12 08:40:55,321][INFO][check_method_conf()] [Add interface WebView: True]

[INTERNAL_LOG][2018-06-12 08:40:55,321][INFO][analyze_start()] This app might be not vulnerable on  attack frame confusion.
[INTERNAL_LOG][2018-06-12 08:40:55,321][INFO][analyze_start()] End time:[Tue Jun 12 08:40:55 2018]
