[INTERNAL_LOG][2018-06-12 00:19:17,329][INFO][analyze_start()] Init Time [Tue Jun 12 00:19:17 2018]
[INTERNAL_LOG][2018-06-12 00:19:17,415][INFO][run()] Start Analysis
[INTERNAL_LOG][2018-06-12 00:19:17,416][INFO][is_hybird()] [Permission Enble Start]
[INTERNAL_LOG][2018-06-12 00:19:17,416][INFO][is_hybird()] android.permission.INTERNET
[INTERNAL_LOG][2018-06-12 00:19:17,416][INFO][is_hybird()] android.permission.VIBRATE
[INTERNAL_LOG][2018-06-12 00:19:17,416][INFO][is_hybird()] android.permission.WRITE_EXTERNAL_STORAGE
[INTERNAL_LOG][2018-06-12 00:19:17,416][INFO][is_hybird()] android.permission.ACCESS_WIFI_STATE
[INTERNAL_LOG][2018-06-12 00:19:17,416][INFO][is_hybird()] android.permission.ACCESS_FINE_LOCATION
[INTERNAL_LOG][2018-06-12 00:19:17,416][INFO][is_hybird()] android.permission.ACCESS_NETWORK_STATE
[INTERNAL_LOG][2018-06-12 00:19:17,416][INFO][is_hybird()] com.android.vending.BILLING
[INTERNAL_LOG][2018-06-12 00:19:17,416][INFO][is_hybird()] android.permission.WAKE_LOCK
[INTERNAL_LOG][2018-06-12 00:19:17,416][INFO][is_hybird()] com.google.android.c2dm.permission.RECEIVE
[INTERNAL_LOG][2018-06-12 00:19:17,416][INFO][is_hybird()] android.permission.BLUETOOTH
[INTERNAL_LOG][2018-06-12 00:19:17,416][INFO][is_hybird()] android.permission.BLUETOOTH_ADMIN
[INTERNAL_LOG][2018-06-12 00:19:17,416][INFO][is_hybird()] android.permission.RECEIVE_BOOT_COMPLETED
[INTERNAL_LOG][2018-06-12 00:19:17,416][INFO][is_hybird()] android.permission.ACCESS_COARSE_LOCATION
[INTERNAL_LOG][2018-06-12 00:19:17,416][INFO][is_hybird()] [Permission End]

[INTERNAL_LOG][2018-06-12 00:19:17,416][INFO][analyze_start()] TYPE APK: [ANDROID NATIVE]

[INTERNAL_LOG][2018-06-12 00:19:17,416][INFO][find_string()] [START FILE ANALYZE]
[INTERNAL_LOG][2018-06-12 00:19:17,416][INFO][find_string()] File: allclasses-frame.html
[INTERNAL_LOG][2018-06-12 00:19:17,422][INFO][find_string()] No iframe in allclasses-frame.html
[INTERNAL_LOG][2018-06-12 00:19:17,422][INFO][find_string()] File: allclasses-noframe.html
[INTERNAL_LOG][2018-06-12 00:19:17,476][INFO][find_string()] No iframe in allclasses-noframe.html
[INTERNAL_LOG][2018-06-12 00:19:17,476][INFO][find_string()] File: com/android/vending/billing/IInAppBillingService.Stub.html
[INTERNAL_LOG][2018-06-12 00:19:17,489][INFO][find_string()] No iframe in com/android/vending/billing/IInAppBillingService.Stub.html
[INTERNAL_LOG][2018-06-12 00:19:17,489][INFO][find_string()] File: com/android/vending/billing/IInAppBillingService.html
[INTERNAL_LOG][2018-06-12 00:19:17,505][INFO][find_string()] No iframe in com/android/vending/billing/IInAppBillingService.html
[INTERNAL_LOG][2018-06-12 00:19:17,505][INFO][find_string()] File: com/android/vending/billing/class-use/IInAppBillingService.Stub.html
[INTERNAL_LOG][2018-06-12 00:19:17,509][INFO][find_string()] No iframe in com/android/vending/billing/class-use/IInAppBillingService.Stub.html
[INTERNAL_LOG][2018-06-12 00:19:17,509][INFO][find_string()] File: com/android/vending/billing/class-use/IInAppBillingService.html
[INTERNAL_LOG][2018-06-12 00:19:17,515][INFO][find_string()] No iframe in com/android/vending/billing/class-use/IInAppBillingService.html
[INTERNAL_LOG][2018-06-12 00:19:17,515][INFO][find_string()] File: com/android/vending/billing/package-frame.html
[INTERNAL_LOG][2018-06-12 00:19:17,516][INFO][find_string()] No iframe in com/android/vending/billing/package-frame.html
[INTERNAL_LOG][2018-06-12 00:19:17,516][INFO][find_string()] File: com/android/vending/billing/package-summary.html
[INTERNAL_LOG][2018-06-12 00:19:17,521][INFO][find_string()] No iframe in com/android/vending/billing/package-summary.html
[INTERNAL_LOG][2018-06-12 00:19:17,521][INFO][find_string()] File: com/android/vending/billing/package-tree.html
[INTERNAL_LOG][2018-06-12 00:19:17,525][INFO][find_string()] No iframe in com/android/vending/billing/package-tree.html
[INTERNAL_LOG][2018-06-12 00:19:17,525][INFO][find_string()] File: com/android/vending/billing/package-use.html
[INTERNAL_LOG][2018-06-12 00:19:17,844][INFO][find_string()] No iframe in com/android/vending/billing/package-use.html
[INTERNAL_LOG][2018-06-12 00:19:17,865][INFO][find_string()] File: com/cm/notification/AbstractNotificationReceiver.html
[INTERNAL_LOG][2018-06-12 00:19:25,671][INFO][find_string()] No iframe in com/cm/notification/AbstractNotificationReceiver.html
[INTERNAL_LOG][2018-06-12 00:19:25,692][INFO][find_string()] File: com/cm/notification/ClubWarIsAlmostOverNotificationReceiver.html
[INTERNAL_LOG][2018-06-12 00:19:27,862][INFO][find_string()] No iframe in com/cm/notification/ClubWarIsAlmostOverNotificationReceiver.html
[INTERNAL_LOG][2018-06-12 00:19:27,883][INFO][find_string()] File: com/cm/notification/ClubWarIsOverNotificationReceiver.html
[INTERNAL_LOG][2018-06-12 00:19:30,094][INFO][find_string()] No iframe in com/cm/notification/ClubWarIsOverNotificationReceiver.html
[INTERNAL_LOG][2018-06-12 00:19:30,115][INFO][find_string()] File: com/cm/notification/ClubWarStartedNotificationReceiver.html
[INTERNAL_LOG][2018-06-12 00:19:32,254][INFO][find_string()] No iframe in com/cm/notification/ClubWarStartedNotificationReceiver.html
[INTERNAL_LOG][2018-06-12 00:19:32,275][INFO][find_string()] File: com/cm/notification/ComeBack12DNotificationReceiver.html
[INTERNAL_LOG][2018-06-12 00:19:35,380][INFO][find_string()] No iframe in com/cm/notification/ComeBack12DNotificationReceiver.html
[INTERNAL_LOG][2018-06-12 00:19:35,400][INFO][find_string()] File: com/cm/notification/ComeBack17DNotificationReceiver.html
[INTERNAL_LOG][2018-06-12 00:19:38,729][INFO][find_string()] No iframe in com/cm/notification/ComeBack17DNotificationReceiver.html
[INTERNAL_LOG][2018-06-12 00:19:38,750][INFO][find_string()] File: com/cm/notification/ComeBack1DNotificationReceiver.html
[INTERNAL_LOG][2018-06-12 00:19:41,879][INFO][find_string()] No iframe in com/cm/notification/ComeBack1DNotificationReceiver.html
[INTERNAL_LOG][2018-06-12 00:19:41,899][INFO][find_string()] File: com/cm/notification/ComeBack21DNotificationReceiver.html
[INTERNAL_LOG][2018-06-12 00:19:42,491][INFO][find_string()] No iframe in com/cm/notification/ComeBack21DNotificationReceiver.html
[INTERNAL_LOG][2018-06-12 00:19:42,492][INFO][find_string()] File: com/cm/notification/ComeBack26DNotificationReceiver.html
[INTERNAL_LOG][2018-06-12 00:19:42,498][INFO][find_string()] No iframe in com/cm/notification/ComeBack26DNotificationReceiver.html
[INTERNAL_LOG][2018-06-12 00:19:42,498][INFO][find_string()] File: com/cm/notification/ComeBack29DNotificationReceiver.html
[INTERNAL_LOG][2018-06-12 00:19:42,504][INFO][find_string()] No iframe in com/cm/notification/ComeBack29DNotificationReceiver.html
[INTERNAL_LOG][2018-06-12 00:19:42,504][INFO][find_string()] File: com/cm/notification/ComeBack34DNotificationReceiver.html
[INTERNAL_LOG][2018-06-12 00:19:42,511][INFO][find_string()] No iframe in com/cm/notification/ComeBack34DNotificationReceiver.html
[INTERNAL_LOG][2018-06-12 00:19:42,511][INFO][find_string()] File: com/cm/notification/ComeBack3DNotificationReceiver.html
[INTERNAL_LOG][2018-06-12 00:19:42,517][INFO][find_string()] No iframe in com/cm/notification/ComeBack3DNotificationReceiver.html
[INTERNAL_LOG][2018-06-12 00:19:42,517][INFO][find_string()] File: com/cm/notification/ComeBack5DNotificationReceiver.html
[INTERNAL_LOG][2018-06-12 00:19:42,528][INFO][find_string()] No iframe in com/cm/notification/ComeBack5DNotificationReceiver.html
[INTERNAL_LOG][2018-06-12 00:19:42,528][INFO][find_string()] File: com/cm/notification/ComeBack7DNotificationReceiver.html
[INTERNAL_LOG][2018-06-12 00:19:42,535][INFO][find_string()] No iframe in com/cm/notification/ComeBack7DNotificationReceiver.html
[INTERNAL_LOG][2018-06-12 00:19:42,535][INFO][find_string()] File: com/cm/notification/DriversBattleNotificationReceiver.html
[INTERNAL_LOG][2018-06-12 00:19:45,565][INFO][find_string()] No iframe in com/cm/notification/DriversBattleNotificationReceiver.html
[INTERNAL_LOG][2018-06-12 00:19:45,585][INFO][find_string()] File: com/cm/notification/FirstPurchaseOfferNotificationReceiver.html
[INTERNAL_LOG][2018-06-12 00:19:46,766][INFO][find_string()] No iframe in com/cm/notification/FirstPurchaseOfferNotificationReceiver.html
[INTERNAL_LOG][2018-06-12 00:19:46,786][INFO][find_string()] File: com/cm/notification/FullFuelNotificationReceiver.html
[INTERNAL_LOG][2018-06-12 00:19:49,042][INFO][find_string()] No iframe in com/cm/notification/FullFuelNotificationReceiver.html
[INTERNAL_LOG][2018-06-12 00:19:49,062][INFO][find_string()] File: com/cm/notification/NotificationHelper.html
[INTERNAL_LOG][2018-06-12 00:19:52,535][INFO][find_string()] No iframe in com/cm/notification/NotificationHelper.html
[INTERNAL_LOG][2018-06-12 00:19:52,555][INFO][find_string()] File: com/cm/notification/ParseBroadcastReceiver.html
[INTERNAL_LOG][2018-06-12 00:19:54,787][INFO][find_string()] No iframe in com/cm/notification/ParseBroadcastReceiver.html
[INTERNAL_LOG][2018-06-12 00:19:54,808][INFO][find_string()] File: com/cm/notification/ParsePushBroadcastReceiver.html
[INTERNAL_LOG][2018-06-12 00:19:58,229][INFO][find_string()] No iframe in com/cm/notification/ParsePushBroadcastReceiver.html
[INTERNAL_LOG][2018-06-12 00:19:58,249][INFO][find_string()] File: com/cm/notification/class-use/AbstractNotificationReceiver.html
[INTERNAL_LOG][2018-06-12 00:20:00,623][INFO][find_string()] No iframe in com/cm/notification/class-use/AbstractNotificationReceiver.html
[INTERNAL_LOG][2018-06-12 00:20:00,644][INFO][find_string()] File: com/cm/notification/class-use/ClubWarIsAlmostOverNotificationReceiver.html
[INTERNAL_LOG][2018-06-12 00:20:02,327][INFO][find_string()] No iframe in com/cm/notification/class-use/ClubWarIsAlmostOverNotificationReceiver.html
[INTERNAL_LOG][2018-06-12 00:20:02,348][INFO][find_string()] File: com/cm/notification/class-use/ClubWarIsOverNotificationReceiver.html
[INTERNAL_LOG][2018-06-12 00:20:03,286][INFO][find_string()] No iframe in com/cm/notification/class-use/ClubWarIsOverNotificationReceiver.html
[INTERNAL_LOG][2018-06-12 00:20:03,306][INFO][find_string()] File: com/cm/notification/class-use/ClubWarStartedNotificationReceiver.html
[INTERNAL_LOG][2018-06-12 00:20:04,250][INFO][find_string()] No iframe in com/cm/notification/class-use/ClubWarStartedNotificationReceiver.html
[INTERNAL_LOG][2018-06-12 00:20:04,271][INFO][find_string()] File: com/cm/notification/class-use/ComeBack12DNotificationReceiver.html
[INTERNAL_LOG][2018-06-12 00:20:05,178][INFO][find_string()] No iframe in com/cm/notification/class-use/ComeBack12DNotificationReceiver.html
[INTERNAL_LOG][2018-06-12 00:20:05,199][INFO][find_string()] File: com/cm/notification/class-use/ComeBack17DNotificationReceiver.html
[INTERNAL_LOG][2018-06-12 00:20:06,178][INFO][find_string()] No iframe in com/cm/notification/class-use/ComeBack17DNotificationReceiver.html
[INTERNAL_LOG][2018-06-12 00:20:06,199][INFO][find_string()] File: com/cm/notification/class-use/ComeBack1DNotificationReceiver.html
[INTERNAL_LOG][2018-06-12 00:20:06,324][INFO][find_string()] No iframe in com/cm/notification/class-use/ComeBack1DNotificationReceiver.html
[INTERNAL_LOG][2018-06-12 00:20:06,324][INFO][find_string()] File: com/cm/notification/class-use/ComeBack21DNotificationReceiver.html
[INTERNAL_LOG][2018-06-12 00:20:06,326][INFO][find_string()] No iframe in com/cm/notification/class-use/ComeBack21DNotificationReceiver.html
[INTERNAL_LOG][2018-06-12 00:20:06,326][INFO][find_string()] File: com/cm/notification/class-use/ComeBack26DNotificationReceiver.html
[INTERNAL_LOG][2018-06-12 00:20:06,329][INFO][find_string()] No iframe in com/cm/notification/class-use/ComeBack26DNotificationReceiver.html
[INTERNAL_LOG][2018-06-12 00:20:06,329][INFO][find_string()] File: com/cm/notification/class-use/ComeBack29DNotificationReceiver.html
[INTERNAL_LOG][2018-06-12 00:20:06,331][INFO][find_string()] No iframe in com/cm/notification/class-use/ComeBack29DNotificationReceiver.html
[INTERNAL_LOG][2018-06-12 00:20:06,331][INFO][find_string()] File: com/cm/notification/class-use/ComeBack34DNotificationReceiver.html
[INTERNAL_LOG][2018-06-12 00:20:06,334][INFO][find_string()] No iframe in com/cm/notification/class-use/ComeBack34DNotificationReceiver.html
[INTERNAL_LOG][2018-06-12 00:20:06,334][INFO][find_string()] File: com/cm/notification/class-use/ComeBack3DNotificationReceiver.html
[INTERNAL_LOG][2018-06-12 00:20:06,337][INFO][find_string()] No iframe in com/cm/notification/class-use/ComeBack3DNotificationReceiver.html
[INTERNAL_LOG][2018-06-12 00:20:06,358][INFO][find_string()] File: com/cm/notification/class-use/ComeBack5DNotificationReceiver.html
[INTERNAL_LOG][2018-06-12 00:20:07,300][INFO][find_string()] No iframe in com/cm/notification/class-use/ComeBack5DNotificationReceiver.html
[INTERNAL_LOG][2018-06-12 00:20:07,321][INFO][find_string()] File: com/cm/notification/class-use/ComeBack7DNotificationReceiver.html
[INTERNAL_LOG][2018-06-12 00:20:08,824][INFO][find_string()] No iframe in com/cm/notification/class-use/ComeBack7DNotificationReceiver.html
[INTERNAL_LOG][2018-06-12 00:20:08,845][INFO][find_string()] File: com/cm/notification/class-use/DriversBattleNotificationReceiver.html
[INTERNAL_LOG][2018-06-12 00:20:09,743][INFO][find_string()] No iframe in com/cm/notification/class-use/DriversBattleNotificationReceiver.html
[INTERNAL_LOG][2018-06-12 00:20:09,763][INFO][find_string()] File: com/cm/notification/class-use/FirstPurchaseOfferNotificationReceiver.html
[INTERNAL_LOG][2018-06-12 00:20:10,625][INFO][find_string()] No iframe in com/cm/notification/class-use/FirstPurchaseOfferNotificationReceiver.html
[INTERNAL_LOG][2018-06-12 00:20:10,646][INFO][find_string()] File: com/cm/notification/class-use/FullFuelNotificationReceiver.html
[INTERNAL_LOG][2018-06-12 00:20:12,440][INFO][find_string()] No iframe in com/cm/notification/class-use/FullFuelNotificationReceiver.html
[INTERNAL_LOG][2018-06-12 00:20:12,460][INFO][find_string()] File: com/cm/notification/class-use/NotificationHelper.html
[INTERNAL_LOG][2018-06-12 00:20:13,440][INFO][find_string()] No iframe in com/cm/notification/class-use/NotificationHelper.html
[INTERNAL_LOG][2018-06-12 00:20:13,461][INFO][find_string()] File: com/cm/notification/class-use/ParseBroadcastReceiver.html
[INTERNAL_LOG][2018-06-12 00:20:14,386][INFO][find_string()] No iframe in com/cm/notification/class-use/ParseBroadcastReceiver.html
[INTERNAL_LOG][2018-06-12 00:20:14,407][INFO][find_string()] File: com/cm/notification/class-use/ParsePushBroadcastReceiver.html
[INTERNAL_LOG][2018-06-12 00:20:15,500][INFO][find_string()] No iframe in com/cm/notification/class-use/ParsePushBroadcastReceiver.html
[INTERNAL_LOG][2018-06-12 00:20:15,520][INFO][find_string()] File: com/cm/notification/package-frame.html
[INTERNAL_LOG][2018-06-12 00:20:16,227][INFO][find_string()] No iframe in com/cm/notification/package-frame.html
[INTERNAL_LOG][2018-06-12 00:20:16,248][INFO][find_string()] File: com/cm/notification/package-summary.html
[INTERNAL_LOG][2018-06-12 00:20:18,515][INFO][find_string()] No iframe in com/cm/notification/package-summary.html
[INTERNAL_LOG][2018-06-12 00:20:18,536][INFO][find_string()] File: com/cm/notification/package-tree.html
[INTERNAL_LOG][2018-06-12 00:20:21,696][INFO][find_string()] No iframe in com/cm/notification/package-tree.html
[INTERNAL_LOG][2018-06-12 00:20:21,716][INFO][find_string()] File: com/cm/notification/package-use.html
[INTERNAL_LOG][2018-06-12 00:20:23,397][INFO][find_string()] No iframe in com/cm/notification/package-use.html
[INTERNAL_LOG][2018-06-12 00:20:23,418][INFO][find_string()] File: com/creativemobile/dr/ApplicationEx.html
[INTERNAL_LOG][2018-06-12 00:20:26,890][INFO][find_string()] No iframe in com/creativemobile/dr/ApplicationEx.html
[INTERNAL_LOG][2018-06-12 00:20:26,890][INFO][find_string()] File: com/creativemobile/dr/BuildConfig.html
[INTERNAL_LOG][2018-06-12 00:20:26,902][INFO][find_string()] No iframe in com/creativemobile/dr/BuildConfig.html
[INTERNAL_LOG][2018-06-12 00:20:26,902][INFO][find_string()] File: com/creativemobile/dr/DragRacingActivity.html
[INTERNAL_LOG][2018-06-12 00:20:26,918][INFO][find_string()] No iframe in com/creativemobile/dr/DragRacingActivity.html
[INTERNAL_LOG][2018-06-12 00:20:26,919][INFO][find_string()] File: com/creativemobile/dr/R.anim.html
[INTERNAL_LOG][2018-06-12 00:20:26,924][INFO][find_string()] No iframe in com/creativemobile/dr/R.anim.html
[INTERNAL_LOG][2018-06-12 00:20:26,924][INFO][find_string()] File: com/creativemobile/dr/R.attr.html
[INTERNAL_LOG][2018-06-12 00:20:26,932][INFO][find_string()] No iframe in com/creativemobile/dr/R.attr.html
[INTERNAL_LOG][2018-06-12 00:20:26,932][INFO][find_string()] File: com/creativemobile/dr/R.color.html
[INTERNAL_LOG][2018-06-12 00:20:26,942][INFO][find_string()] No iframe in com/creativemobile/dr/R.color.html
[INTERNAL_LOG][2018-06-12 00:20:26,942][INFO][find_string()] File: com/creativemobile/dr/R.drawable.html
[INTERNAL_LOG][2018-06-12 00:20:26,955][INFO][find_string()] No iframe in com/creativemobile/dr/R.drawable.html
[INTERNAL_LOG][2018-06-12 00:20:26,955][INFO][find_string()] File: com/creativemobile/dr/R.html
[INTERNAL_LOG][2018-06-12 00:20:26,962][INFO][find_string()] No iframe in com/creativemobile/dr/R.html
[INTERNAL_LOG][2018-06-12 00:20:26,962][INFO][find_string()] File: com/creativemobile/dr/R.id.html
[INTERNAL_LOG][2018-06-12 00:20:26,970][INFO][find_string()] No iframe in com/creativemobile/dr/R.id.html
[INTERNAL_LOG][2018-06-12 00:20:26,970][INFO][find_string()] File: com/creativemobile/dr/R.integer.html
[INTERNAL_LOG][2018-06-12 00:20:26,975][INFO][find_string()] No iframe in com/creativemobile/dr/R.integer.html
[INTERNAL_LOG][2018-06-12 00:20:26,975][INFO][find_string()] File: com/creativemobile/dr/R.layout.html
[INTERNAL_LOG][2018-06-12 00:20:26,982][INFO][find_string()] No iframe in com/creativemobile/dr/R.layout.html
[INTERNAL_LOG][2018-06-12 00:20:26,982][INFO][find_string()] File: com/creativemobile/dr/R.raw.html
[INTERNAL_LOG][2018-06-12 00:20:26,989][INFO][find_string()] No iframe in com/creativemobile/dr/R.raw.html
[INTERNAL_LOG][2018-06-12 00:20:26,989][INFO][find_string()] File: com/creativemobile/dr/R.string.html
[INTERNAL_LOG][2018-06-12 00:20:27,005][INFO][find_string()] No iframe in com/creativemobile/dr/R.string.html
[INTERNAL_LOG][2018-06-12 00:20:27,005][INFO][find_string()] File: com/creativemobile/dr/R.style.html
[INTERNAL_LOG][2018-06-12 00:20:27,011][INFO][find_string()] No iframe in com/creativemobile/dr/R.style.html
[INTERNAL_LOG][2018-06-12 00:20:27,011][INFO][find_string()] File: com/creativemobile/dr/R.styleable.html
[INTERNAL_LOG][2018-06-12 00:20:27,023][INFO][find_string()] No iframe in com/creativemobile/dr/R.styleable.html
[INTERNAL_LOG][2018-06-12 00:20:27,023][INFO][find_string()] File: com/creativemobile/dr/class-use/ApplicationEx.html
[INTERNAL_LOG][2018-06-12 00:20:27,025][INFO][find_string()] No iframe in com/creativemobile/dr/class-use/ApplicationEx.html
[INTERNAL_LOG][2018-06-12 00:20:27,025][INFO][find_string()] File: com/creativemobile/dr/class-use/BuildConfig.html
[INTERNAL_LOG][2018-06-12 00:20:27,027][INFO][find_string()] No iframe in com/creativemobile/dr/class-use/BuildConfig.html
[INTERNAL_LOG][2018-06-12 00:20:27,027][INFO][find_string()] File: com/creativemobile/dr/class-use/DragRacingActivity.html
[INTERNAL_LOG][2018-06-12 00:20:27,029][INFO][find_string()] No iframe in com/creativemobile/dr/class-use/DragRacingActivity.html
[INTERNAL_LOG][2018-06-12 00:20:27,029][INFO][find_string()] File: com/creativemobile/dr/class-use/R.anim.html
[INTERNAL_LOG][2018-06-12 00:20:27,032][INFO][find_string()] No iframe in com/creativemobile/dr/class-use/R.anim.html
[INTERNAL_LOG][2018-06-12 00:20:27,032][INFO][find_string()] File: com/creativemobile/dr/class-use/R.attr.html
[INTERNAL_LOG][2018-06-12 00:20:27,034][INFO][find_string()] No iframe in com/creativemobile/dr/class-use/R.attr.html
[INTERNAL_LOG][2018-06-12 00:20:27,034][INFO][find_string()] File: com/creativemobile/dr/class-use/R.color.html
[INTERNAL_LOG][2018-06-12 00:20:27,036][INFO][find_string()] No iframe in com/creativemobile/dr/class-use/R.color.html
[INTERNAL_LOG][2018-06-12 00:20:27,036][INFO][find_string()] File: com/creativemobile/dr/class-use/R.drawable.html
[INTERNAL_LOG][2018-06-12 00:20:27,038][INFO][find_string()] No iframe in com/creativemobile/dr/class-use/R.drawable.html
[INTERNAL_LOG][2018-06-12 00:20:27,038][INFO][find_string()] File: com/creativemobile/dr/class-use/R.html
[INTERNAL_LOG][2018-06-12 00:20:27,041][INFO][find_string()] No iframe in com/creativemobile/dr/class-use/R.html
[INTERNAL_LOG][2018-06-12 00:20:27,041][INFO][find_string()] File: com/creativemobile/dr/class-use/R.id.html
[INTERNAL_LOG][2018-06-12 00:20:27,043][INFO][find_string()] No iframe in com/creativemobile/dr/class-use/R.id.html
[INTERNAL_LOG][2018-06-12 00:20:27,043][INFO][find_string()] File: com/creativemobile/dr/class-use/R.integer.html
[INTERNAL_LOG][2018-06-12 00:20:27,047][INFO][find_string()] No iframe in com/creativemobile/dr/class-use/R.integer.html
[INTERNAL_LOG][2018-06-12 00:20:27,047][INFO][find_string()] File: com/creativemobile/dr/class-use/R.layout.html
[INTERNAL_LOG][2018-06-12 00:20:27,049][INFO][find_string()] No iframe in com/creativemobile/dr/class-use/R.layout.html
[INTERNAL_LOG][2018-06-12 00:20:27,049][INFO][find_string()] File: com/creativemobile/dr/class-use/R.raw.html
[INTERNAL_LOG][2018-06-12 00:20:27,052][INFO][find_string()] No iframe in com/creativemobile/dr/class-use/R.raw.html
[INTERNAL_LOG][2018-06-12 00:20:27,052][INFO][find_string()] File: com/creativemobile/dr/class-use/R.string.html
[INTERNAL_LOG][2018-06-12 00:20:27,054][INFO][find_string()] No iframe in com/creativemobile/dr/class-use/R.string.html
[INTERNAL_LOG][2018-06-12 00:20:27,055][INFO][find_string()] File: com/creativemobile/dr/class-use/R.style.html
[INTERNAL_LOG][2018-06-12 00:20:27,057][INFO][find_string()] No iframe in com/creativemobile/dr/class-use/R.style.html
[INTERNAL_LOG][2018-06-12 00:20:27,057][INFO][find_string()] File: com/creativemobile/dr/class-use/R.styleable.html
[INTERNAL_LOG][2018-06-12 00:20:27,059][INFO][find_string()] No iframe in com/creativemobile/dr/class-use/R.styleable.html
[INTERNAL_LOG][2018-06-12 00:20:27,059][INFO][find_string()] File: com/creativemobile/dr/package-frame.html
[INTERNAL_LOG][2018-06-12 00:20:27,060][INFO][find_string()] No iframe in com/creativemobile/dr/package-frame.html
[INTERNAL_LOG][2018-06-12 00:20:27,060][INFO][find_string()] File: com/creativemobile/dr/package-summary.html
[INTERNAL_LOG][2018-06-12 00:20:27,064][INFO][find_string()] No iframe in com/creativemobile/dr/package-summary.html
[INTERNAL_LOG][2018-06-12 00:20:27,064][INFO][find_string()] File: com/creativemobile/dr/package-tree.html
[INTERNAL_LOG][2018-06-12 00:20:27,068][INFO][find_string()] No iframe in com/creativemobile/dr/package-tree.html
[INTERNAL_LOG][2018-06-12 00:20:27,068][INFO][find_string()] File: com/creativemobile/dr/package-use.html
[INTERNAL_LOG][2018-06-12 00:20:27,070][INFO][find_string()] No iframe in com/creativemobile/dr/package-use.html
[INTERNAL_LOG][2018-06-12 00:20:27,070][INFO][find_string()] File: com/creativemobile/dragracing/ads/MoneyTappBannerProvider.html
[INTERNAL_LOG][2018-06-12 00:20:27,078][INFO][find_string()] No iframe in com/creativemobile/dragracing/ads/MoneyTappBannerProvider.html
[INTERNAL_LOG][2018-06-12 00:20:27,078][INFO][find_string()] File: com/creativemobile/dragracing/ads/MoneyTappInterstitialProvider.html
[INTERNAL_LOG][2018-06-12 00:20:27,084][INFO][find_string()] No iframe in com/creativemobile/dragracing/ads/MoneyTappInterstitialProvider.html
[INTERNAL_LOG][2018-06-12 00:20:27,084][INFO][find_string()] File: com/creativemobile/dragracing/ads/MoneyTappVideoBannerProvider.html
[INTERNAL_LOG][2018-06-12 00:20:27,091][INFO][find_string()] No iframe in com/creativemobile/dragracing/ads/MoneyTappVideoBannerProvider.html
[INTERNAL_LOG][2018-06-12 00:20:27,091][INFO][find_string()] File: com/creativemobile/dragracing/ads/TapjoyConnector.html
[INTERNAL_LOG][2018-06-12 00:20:27,098][INFO][find_string()] No iframe in com/creativemobile/dragracing/ads/TapjoyConnector.html
[INTERNAL_LOG][2018-06-12 00:20:27,098][INFO][find_string()] File: com/creativemobile/dragracing/ads/TapjoyFullScreenVideoProvider.html
[INTERNAL_LOG][2018-06-12 00:20:27,104][INFO][find_string()] No iframe in com/creativemobile/dragracing/ads/TapjoyFullScreenVideoProvider.html
[INTERNAL_LOG][2018-06-12 00:20:27,104][INFO][find_string()] File: com/creativemobile/dragracing/ads/UnityVideoBannerProvider.html
[INTERNAL_LOG][2018-06-12 00:20:27,111][INFO][find_string()] No iframe in com/creativemobile/dragracing/ads/UnityVideoBannerProvider.html
[INTERNAL_LOG][2018-06-12 00:20:27,111][INFO][find_string()] File: com/creativemobile/dragracing/ads/VungleVideoProvider.html
[INTERNAL_LOG][2018-06-12 00:20:27,117][INFO][find_string()] No iframe in com/creativemobile/dragracing/ads/VungleVideoProvider.html
[INTERNAL_LOG][2018-06-12 00:20:27,117][INFO][find_string()] File: com/creativemobile/dragracing/ads/class-use/MoneyTappBannerProvider.html
[INTERNAL_LOG][2018-06-12 00:20:27,120][INFO][find_string()] No iframe in com/creativemobile/dragracing/ads/class-use/MoneyTappBannerProvider.html
[INTERNAL_LOG][2018-06-12 00:20:27,120][INFO][find_string()] File: com/creativemobile/dragracing/ads/class-use/MoneyTappInterstitialProvider.html
[INTERNAL_LOG][2018-06-12 00:20:27,122][INFO][find_string()] No iframe in com/creativemobile/dragracing/ads/class-use/MoneyTappInterstitialProvider.html
[INTERNAL_LOG][2018-06-12 00:20:27,122][INFO][find_string()] File: com/creativemobile/dragracing/ads/class-use/MoneyTappVideoBannerProvider.html
[INTERNAL_LOG][2018-06-12 00:20:27,125][INFO][find_string()] No iframe in com/creativemobile/dragracing/ads/class-use/MoneyTappVideoBannerProvider.html
[INTERNAL_LOG][2018-06-12 00:20:27,125][INFO][find_string()] File: com/creativemobile/dragracing/ads/class-use/TapjoyConnector.html
[INTERNAL_LOG][2018-06-12 00:20:27,127][INFO][find_string()] No iframe in com/creativemobile/dragracing/ads/class-use/TapjoyConnector.html
[INTERNAL_LOG][2018-06-12 00:20:27,127][INFO][find_string()] File: com/creativemobile/dragracing/ads/class-use/TapjoyFullScreenVideoProvider.html
[INTERNAL_LOG][2018-06-12 00:20:27,129][INFO][find_string()] No iframe in com/creativemobile/dragracing/ads/class-use/TapjoyFullScreenVideoProvider.html
[INTERNAL_LOG][2018-06-12 00:20:27,129][INFO][find_string()] File: com/creativemobile/dragracing/ads/class-use/UnityVideoBannerProvider.html
[INTERNAL_LOG][2018-06-12 00:20:27,132][INFO][find_string()] No iframe in com/creativemobile/dragracing/ads/class-use/UnityVideoBannerProvider.html
[INTERNAL_LOG][2018-06-12 00:20:27,132][INFO][find_string()] File: com/creativemobile/dragracing/ads/class-use/VungleVideoProvider.html
[INTERNAL_LOG][2018-06-12 00:20:27,135][INFO][find_string()] No iframe in com/creativemobile/dragracing/ads/class-use/VungleVideoProvider.html
[INTERNAL_LOG][2018-06-12 00:20:27,135][INFO][find_string()] File: com/creativemobile/dragracing/ads/package-frame.html
[INTERNAL_LOG][2018-06-12 00:20:27,136][INFO][find_string()] No iframe in com/creativemobile/dragracing/ads/package-frame.html
[INTERNAL_LOG][2018-06-12 00:20:27,136][INFO][find_string()] File: com/creativemobile/dragracing/ads/package-summary.html
[INTERNAL_LOG][2018-06-12 00:20:27,139][INFO][find_string()] No iframe in com/creativemobile/dragracing/ads/package-summary.html
[INTERNAL_LOG][2018-06-12 00:20:27,139][INFO][find_string()] File: com/creativemobile/dragracing/ads/package-tree.html
[INTERNAL_LOG][2018-06-12 00:20:27,142][INFO][find_string()] No iframe in com/creativemobile/dragracing/ads/package-tree.html
[INTERNAL_LOG][2018-06-12 00:20:27,142][INFO][find_string()] File: com/creativemobile/dragracing/ads/package-use.html
[INTERNAL_LOG][2018-06-12 00:20:27,144][INFO][find_string()] No iframe in com/creativemobile/dragracing/ads/package-use.html
[INTERNAL_LOG][2018-06-12 00:20:27,145][INFO][find_string()] File: com/creativemobile/dragracing/analytics/ParseSdkApi.html
[INTERNAL_LOG][2018-06-12 00:20:27,151][INFO][find_string()] No iframe in com/creativemobile/dragracing/analytics/ParseSdkApi.html
[INTERNAL_LOG][2018-06-12 00:20:27,151][INFO][find_string()] File: com/creativemobile/dragracing/analytics/class-use/ParseSdkApi.html
[INTERNAL_LOG][2018-06-12 00:20:27,154][INFO][find_string()] No iframe in com/creativemobile/dragracing/analytics/class-use/ParseSdkApi.html
[INTERNAL_LOG][2018-06-12 00:20:27,154][INFO][find_string()] File: com/creativemobile/dragracing/analytics/package-frame.html
[INTERNAL_LOG][2018-06-12 00:20:27,155][INFO][find_string()] No iframe in com/creativemobile/dragracing/analytics/package-frame.html
[INTERNAL_LOG][2018-06-12 00:20:27,155][INFO][find_string()] File: com/creativemobile/dragracing/analytics/package-summary.html
[INTERNAL_LOG][2018-06-12 00:20:27,157][INFO][find_string()] No iframe in com/creativemobile/dragracing/analytics/package-summary.html
[INTERNAL_LOG][2018-06-12 00:20:27,157][INFO][find_string()] File: com/creativemobile/dragracing/analytics/package-tree.html
[INTERNAL_LOG][2018-06-12 00:20:27,161][INFO][find_string()] No iframe in com/creativemobile/dragracing/analytics/package-tree.html
[INTERNAL_LOG][2018-06-12 00:20:27,161][INFO][find_string()] File: com/creativemobile/dragracing/analytics/package-use.html
[INTERNAL_LOG][2018-06-12 00:20:27,163][INFO][find_string()] No iframe in com/creativemobile/dragracing/analytics/package-use.html
[INTERNAL_LOG][2018-06-12 00:20:27,163][INFO][find_string()] File: com/creativemobile/dragracing/api/AndroidMigrationApi.html
[INTERNAL_LOG][2018-06-12 00:20:27,171][INFO][find_string()] No iframe in com/creativemobile/dragracing/api/AndroidMigrationApi.html
[INTERNAL_LOG][2018-06-12 00:20:27,171][INFO][find_string()] File: com/creativemobile/dragracing/api/AndroidMoreGamesApi.html
[INTERNAL_LOG][2018-06-12 00:20:27,177][INFO][find_string()] No iframe in com/creativemobile/dragracing/api/AndroidMoreGamesApi.html
[INTERNAL_LOG][2018-06-12 00:20:27,177][INFO][find_string()] File: com/creativemobile/dragracing/api/AndroidPlatform.html
[INTERNAL_LOG][2018-06-12 00:20:27,183][INFO][find_string()] No iframe in com/creativemobile/dragracing/api/AndroidPlatform.html
[INTERNAL_LOG][2018-06-12 00:20:27,183][INFO][find_string()] File: com/creativemobile/dragracing/api/AndroidReminderNotificationApi.html
[INTERNAL_LOG][2018-06-12 00:20:27,192][INFO][find_string()] No iframe in com/creativemobile/dragracing/api/AndroidReminderNotificationApi.html
[INTERNAL_LOG][2018-06-12 00:20:27,192][INFO][find_string()] File: com/creativemobile/dragracing/api/class-use/AndroidMigrationApi.html
[INTERNAL_LOG][2018-06-12 00:20:27,194][INFO][find_string()] No iframe in com/creativemobile/dragracing/api/class-use/AndroidMigrationApi.html
[INTERNAL_LOG][2018-06-12 00:20:27,194][INFO][find_string()] File: com/creativemobile/dragracing/api/class-use/AndroidMoreGamesApi.html
[INTERNAL_LOG][2018-06-12 00:20:27,197][INFO][find_string()] No iframe in com/creativemobile/dragracing/api/class-use/AndroidMoreGamesApi.html
[INTERNAL_LOG][2018-06-12 00:20:27,197][INFO][find_string()] File: com/creativemobile/dragracing/api/class-use/AndroidPlatform.html
[INTERNAL_LOG][2018-06-12 00:20:27,199][INFO][find_string()] No iframe in com/creativemobile/dragracing/api/class-use/AndroidPlatform.html
[INTERNAL_LOG][2018-06-12 00:20:27,199][INFO][find_string()] File: com/creativemobile/dragracing/api/class-use/AndroidReminderNotificationApi.html
[INTERNAL_LOG][2018-06-12 00:20:27,201][INFO][find_string()] No iframe in com/creativemobile/dragracing/api/class-use/AndroidReminderNotificationApi.html
[INTERNAL_LOG][2018-06-12 00:20:27,201][INFO][find_string()] File: com/creativemobile/dragracing/api/package-frame.html
[INTERNAL_LOG][2018-06-12 00:20:27,202][INFO][find_string()] No iframe in com/creativemobile/dragracing/api/package-frame.html
[INTERNAL_LOG][2018-06-12 00:20:27,202][INFO][find_string()] File: com/creativemobile/dragracing/api/package-summary.html
[INTERNAL_LOG][2018-06-12 00:20:27,205][INFO][find_string()] No iframe in com/creativemobile/dragracing/api/package-summary.html
[INTERNAL_LOG][2018-06-12 00:20:27,205][INFO][find_string()] File: com/creativemobile/dragracing/api/package-tree.html
[INTERNAL_LOG][2018-06-12 00:20:27,208][INFO][find_string()] No iframe in com/creativemobile/dragracing/api/package-tree.html
[INTERNAL_LOG][2018-06-12 00:20:27,208][INFO][find_string()] File: com/creativemobile/dragracing/api/package-use.html
[INTERNAL_LOG][2018-06-12 00:20:27,211][INFO][find_string()] No iframe in com/creativemobile/dragracing/api/package-use.html
[INTERNAL_LOG][2018-06-12 00:20:27,211][INFO][find_string()] File: com/creativemobile/dragracing/eventlog/AndroidAnalyticsApi.html
[INTERNAL_LOG][2018-06-12 00:20:27,221][INFO][find_string()] No iframe in com/creativemobile/dragracing/eventlog/AndroidAnalyticsApi.html
[INTERNAL_LOG][2018-06-12 00:20:27,221][INFO][find_string()] File: com/creativemobile/dragracing/eventlog/class-use/AndroidAnalyticsApi.html
[INTERNAL_LOG][2018-06-12 00:20:27,224][INFO][find_string()] No iframe in com/creativemobile/dragracing/eventlog/class-use/AndroidAnalyticsApi.html
[INTERNAL_LOG][2018-06-12 00:20:27,224][INFO][find_string()] File: com/creativemobile/dragracing/eventlog/package-frame.html
[INTERNAL_LOG][2018-06-12 00:20:27,224][INFO][find_string()] No iframe in com/creativemobile/dragracing/eventlog/package-frame.html
[INTERNAL_LOG][2018-06-12 00:20:27,224][INFO][find_string()] File: com/creativemobile/dragracing/eventlog/package-summary.html
[INTERNAL_LOG][2018-06-12 00:20:27,227][INFO][find_string()] No iframe in com/creativemobile/dragracing/eventlog/package-summary.html
[INTERNAL_LOG][2018-06-12 00:20:27,227][INFO][find_string()] File: com/creativemobile/dragracing/eventlog/package-tree.html
[INTERNAL_LOG][2018-06-12 00:20:27,229][INFO][find_string()] No iframe in com/creativemobile/dragracing/eventlog/package-tree.html
[INTERNAL_LOG][2018-06-12 00:20:27,230][INFO][find_string()] File: com/creativemobile/dragracing/eventlog/package-use.html
[INTERNAL_LOG][2018-06-12 00:20:27,232][INFO][find_string()] No iframe in com/creativemobile/dragracing/eventlog/package-use.html
[INTERNAL_LOG][2018-06-12 00:20:27,232][INFO][find_string()] File: com/creativemobile/dragracing/payment/GooglePaymentProvider.StorablePurchasesMapping.html
[INTERNAL_LOG][2018-06-12 00:20:27,239][INFO][find_string()] No iframe in com/creativemobile/dragracing/payment/GooglePaymentProvider.StorablePurchasesMapping.html
[INTERNAL_LOG][2018-06-12 00:20:27,239][INFO][find_string()] File: com/creativemobile/dragracing/payment/GooglePaymentProvider.html
[INTERNAL_LOG][2018-06-12 00:20:27,247][INFO][find_string()] No iframe in com/creativemobile/dragracing/payment/GooglePaymentProvider.html
[INTERNAL_LOG][2018-06-12 00:20:27,247][INFO][find_string()] File: com/creativemobile/dragracing/payment/PaymentChecker.html
[INTERNAL_LOG][2018-06-12 00:20:27,254][INFO][find_string()] No iframe in com/creativemobile/dragracing/payment/PaymentChecker.html
[INTERNAL_LOG][2018-06-12 00:20:27,254][INFO][find_string()] File: com/creativemobile/dragracing/payment/class-use/GooglePaymentProvider.StorablePurchasesMapping.html
[INTERNAL_LOG][2018-06-12 00:20:27,256][INFO][find_string()] No iframe in com/creativemobile/dragracing/payment/class-use/GooglePaymentProvider.StorablePurchasesMapping.html
[INTERNAL_LOG][2018-06-12 00:20:27,256][INFO][find_string()] File: com/creativemobile/dragracing/payment/class-use/GooglePaymentProvider.html
[INTERNAL_LOG][2018-06-12 00:20:27,259][INFO][find_string()] No iframe in com/creativemobile/dragracing/payment/class-use/GooglePaymentProvider.html
[INTERNAL_LOG][2018-06-12 00:20:27,259][INFO][find_string()] File: com/creativemobile/dragracing/payment/class-use/PaymentChecker.html
[INTERNAL_LOG][2018-06-12 00:20:27,261][INFO][find_string()] No iframe in com/creativemobile/dragracing/payment/class-use/PaymentChecker.html
[INTERNAL_LOG][2018-06-12 00:20:27,261][INFO][find_string()] File: com/creativemobile/dragracing/payment/google/util/Base64.html
[INTERNAL_LOG][2018-06-12 00:20:27,274][INFO][find_string()] No iframe in com/creativemobile/dragracing/payment/google/util/Base64.html
[INTERNAL_LOG][2018-06-12 00:20:27,274][INFO][find_string()] File: com/creativemobile/dragracing/payment/google/util/Base64DecoderException.html
[INTERNAL_LOG][2018-06-12 00:20:27,280][INFO][find_string()] No iframe in com/creativemobile/dragracing/payment/google/util/Base64DecoderException.html
[INTERNAL_LOG][2018-06-12 00:20:27,280][INFO][find_string()] File: com/creativemobile/dragracing/payment/google/util/IabException.html
[INTERNAL_LOG][2018-06-12 00:20:27,288][INFO][find_string()] No iframe in com/creativemobile/dragracing/payment/google/util/IabException.html
[INTERNAL_LOG][2018-06-12 00:20:27,288][INFO][find_string()] File: com/creativemobile/dragracing/payment/google/util/IabHelper.OnConsumeFinishedListener.html
[INTERNAL_LOG][2018-06-12 00:20:27,292][INFO][find_string()] No iframe in com/creativemobile/dragracing/payment/google/util/IabHelper.OnConsumeFinishedListener.html
[INTERNAL_LOG][2018-06-12 00:20:27,292][INFO][find_string()] File: com/creativemobile/dragracing/payment/google/util/IabHelper.OnConsumeMultiFinishedListener.html
[INTERNAL_LOG][2018-06-12 00:20:27,297][INFO][find_string()] No iframe in com/creativemobile/dragracing/payment/google/util/IabHelper.OnConsumeMultiFinishedListener.html
[INTERNAL_LOG][2018-06-12 00:20:27,297][INFO][find_string()] File: com/creativemobile/dragracing/payment/google/util/IabHelper.OnIabPurchaseFinishedListener.html
[INTERNAL_LOG][2018-06-12 00:20:27,302][INFO][find_string()] No iframe in com/creativemobile/dragracing/payment/google/util/IabHelper.OnIabPurchaseFinishedListener.html
[INTERNAL_LOG][2018-06-12 00:20:27,303][INFO][find_string()] File: com/creativemobile/dragracing/payment/google/util/IabHelper.OnIabSetupFinishedListener.html
[INTERNAL_LOG][2018-06-12 00:20:27,307][INFO][find_string()] No iframe in com/creativemobile/dragracing/payment/google/util/IabHelper.OnIabSetupFinishedListener.html
[INTERNAL_LOG][2018-06-12 00:20:27,307][INFO][find_string()] File: com/creativemobile/dragracing/payment/google/util/IabHelper.QueryInventoryFinishedListener.html
[INTERNAL_LOG][2018-06-12 00:20:27,311][INFO][find_string()] No iframe in com/creativemobile/dragracing/payment/google/util/IabHelper.QueryInventoryFinishedListener.html
[INTERNAL_LOG][2018-06-12 00:20:27,311][INFO][find_string()] File: com/creativemobile/dragracing/payment/google/util/IabHelper.html
[INTERNAL_LOG][2018-06-12 00:20:27,340][INFO][find_string()] No iframe in com/creativemobile/dragracing/payment/google/util/IabHelper.html
[INTERNAL_LOG][2018-06-12 00:20:27,341][INFO][find_string()] File: com/creativemobile/dragracing/payment/google/util/IabResult.html
[INTERNAL_LOG][2018-06-12 00:20:27,347][INFO][find_string()] No iframe in com/creativemobile/dragracing/payment/google/util/IabResult.html
[INTERNAL_LOG][2018-06-12 00:20:27,347][INFO][find_string()] File: com/creativemobile/dragracing/payment/google/util/Inventory.html
[INTERNAL_LOG][2018-06-12 00:20:27,356][INFO][find_string()] No iframe in com/creativemobile/dragracing/payment/google/util/Inventory.html
[INTERNAL_LOG][2018-06-12 00:20:27,356][INFO][find_string()] File: com/creativemobile/dragracing/payment/google/util/PayloadGenerator.PayloadData.html
[INTERNAL_LOG][2018-06-12 00:20:27,364][INFO][find_string()] No iframe in com/creativemobile/dragracing/payment/google/util/PayloadGenerator.PayloadData.html
[INTERNAL_LOG][2018-06-12 00:20:27,364][INFO][find_string()] File: com/creativemobile/dragracing/payment/google/util/PayloadGenerator.html
[INTERNAL_LOG][2018-06-12 00:20:27,373][INFO][find_string()] No iframe in com/creativemobile/dragracing/payment/google/util/PayloadGenerator.html
[INTERNAL_LOG][2018-06-12 00:20:27,373][INFO][find_string()] File: com/creativemobile/dragracing/payment/google/util/Purchase.PurchaseMapping.html
[INTERNAL_LOG][2018-06-12 00:20:27,380][INFO][find_string()] No iframe in com/creativemobile/dragracing/payment/google/util/Purchase.PurchaseMapping.html
[INTERNAL_LOG][2018-06-12 00:20:27,380][INFO][find_string()] File: com/creativemobile/dragracing/payment/google/util/Purchase.html
[INTERNAL_LOG][2018-06-12 00:20:27,389][INFO][find_string()] No iframe in com/creativemobile/dragracing/payment/google/util/Purchase.html
[INTERNAL_LOG][2018-06-12 00:20:27,390][INFO][find_string()] File: com/creativemobile/dragracing/payment/google/util/Security.html
[INTERNAL_LOG][2018-06-12 00:20:27,396][INFO][find_string()] No iframe in com/creativemobile/dragracing/payment/google/util/Security.html
[INTERNAL_LOG][2018-06-12 00:20:27,396][INFO][find_string()] File: com/creativemobile/dragracing/payment/google/util/SkuDetails.html
[INTERNAL_LOG][2018-06-12 00:20:27,404][INFO][find_string()] No iframe in com/creativemobile/dragracing/payment/google/util/SkuDetails.html
[INTERNAL_LOG][2018-06-12 00:20:27,405][INFO][find_string()] File: com/creativemobile/dragracing/payment/google/util/class-use/Base64.html
[INTERNAL_LOG][2018-06-12 00:20:27,407][INFO][find_string()] No iframe in com/creativemobile/dragracing/payment/google/util/class-use/Base64.html
[INTERNAL_LOG][2018-06-12 00:20:27,407][INFO][find_string()] File: com/creativemobile/dragracing/payment/google/util/class-use/Base64DecoderException.html
[INTERNAL_LOG][2018-06-12 00:20:27,412][INFO][find_string()] No iframe in com/creativemobile/dragracing/payment/google/util/class-use/Base64DecoderException.html
[INTERNAL_LOG][2018-06-12 00:20:27,412][INFO][find_string()] File: com/creativemobile/dragracing/payment/google/util/class-use/IabException.html
[INTERNAL_LOG][2018-06-12 00:20:27,415][INFO][find_string()] No iframe in com/creativemobile/dragracing/payment/google/util/class-use/IabException.html
[INTERNAL_LOG][2018-06-12 00:20:27,416][INFO][find_string()] File: com/creativemobile/dragracing/payment/google/util/class-use/IabHelper.OnConsumeFinishedListener.html
[INTERNAL_LOG][2018-06-12 00:20:27,419][INFO][find_string()] No iframe in com/creativemobile/dragracing/payment/google/util/class-use/IabHelper.OnConsumeFinishedListener.html
[INTERNAL_LOG][2018-06-12 00:20:27,419][INFO][find_string()] File: com/creativemobile/dragracing/payment/google/util/class-use/IabHelper.OnConsumeMultiFinishedListener.html
[INTERNAL_LOG][2018-06-12 00:20:27,422][INFO][find_string()] No iframe in com/creativemobile/dragracing/payment/google/util/class-use/IabHelper.OnConsumeMultiFinishedListener.html
[INTERNAL_LOG][2018-06-12 00:20:27,422][INFO][find_string()] File: com/creativemobile/dragracing/payment/google/util/class-use/IabHelper.OnIabPurchaseFinishedListener.html
[INTERNAL_LOG][2018-06-12 00:20:27,426][INFO][find_string()] No iframe in com/creativemobile/dragracing/payment/google/util/class-use/IabHelper.OnIabPurchaseFinishedListener.html
[INTERNAL_LOG][2018-06-12 00:20:27,426][INFO][find_string()] File: com/creativemobile/dragracing/payment/google/util/class-use/IabHelper.OnIabSetupFinishedListener.html
[INTERNAL_LOG][2018-06-12 00:20:27,430][INFO][find_string()] No iframe in com/creativemobile/dragracing/payment/google/util/class-use/IabHelper.OnIabSetupFinishedListener.html
[INTERNAL_LOG][2018-06-12 00:20:27,430][INFO][find_string()] File: com/creativemobile/dragracing/payment/google/util/class-use/IabHelper.QueryInventoryFinishedListener.html
[INTERNAL_LOG][2018-06-12 00:20:27,434][INFO][find_string()] No iframe in com/creativemobile/dragracing/payment/google/util/class-use/IabHelper.QueryInventoryFinishedListener.html
[INTERNAL_LOG][2018-06-12 00:20:27,434][INFO][find_string()] File: com/creativemobile/dragracing/payment/google/util/class-use/IabHelper.html
[INTERNAL_LOG][2018-06-12 00:20:27,436][INFO][find_string()] No iframe in com/creativemobile/dragracing/payment/google/util/class-use/IabHelper.html
[INTERNAL_LOG][2018-06-12 00:20:27,437][INFO][find_string()] File: com/creativemobile/dragracing/payment/google/util/class-use/IabResult.html
[INTERNAL_LOG][2018-06-12 00:20:27,443][INFO][find_string()] No iframe in com/creativemobile/dragracing/payment/google/util/class-use/IabResult.html
[INTERNAL_LOG][2018-06-12 00:20:27,443][INFO][find_string()] File: com/creativemobile/dragracing/payment/google/util/class-use/Inventory.html
[INTERNAL_LOG][2018-06-12 00:20:27,447][INFO][find_string()] No iframe in com/creativemobile/dragracing/payment/google/util/class-use/Inventory.html
[INTERNAL_LOG][2018-06-12 00:20:27,447][INFO][find_string()] File: com/creativemobile/dragracing/payment/google/util/class-use/PayloadGenerator.PayloadData.html
[INTERNAL_LOG][2018-06-12 00:20:27,450][INFO][find_string()] No iframe in com/creativemobile/dragracing/payment/google/util/class-use/PayloadGenerator.PayloadData.html
[INTERNAL_LOG][2018-06-12 00:20:27,450][INFO][find_string()] File: com/creativemobile/dragracing/payment/google/util/class-use/PayloadGenerator.html
[INTERNAL_LOG][2018-06-12 00:20:27,453][INFO][find_string()] No iframe in com/creativemobile/dragracing/payment/google/util/class-use/PayloadGenerator.html
[INTERNAL_LOG][2018-06-12 00:20:27,453][INFO][find_string()] File: com/creativemobile/dragracing/payment/google/util/class-use/Purchase.PurchaseMapping.html
[INTERNAL_LOG][2018-06-12 00:20:27,455][INFO][find_string()] No iframe in com/creativemobile/dragracing/payment/google/util/class-use/Purchase.PurchaseMapping.html
[INTERNAL_LOG][2018-06-12 00:20:27,455][INFO][find_string()] File: com/creativemobile/dragracing/payment/google/util/class-use/Purchase.html
[INTERNAL_LOG][2018-06-12 00:20:27,461][INFO][find_string()] No iframe in com/creativemobile/dragracing/payment/google/util/class-use/Purchase.html
[INTERNAL_LOG][2018-06-12 00:20:27,461][INFO][find_string()] File: com/creativemobile/dragracing/payment/google/util/class-use/Security.html
[INTERNAL_LOG][2018-06-12 00:20:27,464][INFO][find_string()] No iframe in com/creativemobile/dragracing/payment/google/util/class-use/Security.html
[INTERNAL_LOG][2018-06-12 00:20:27,464][INFO][find_string()] File: com/creativemobile/dragracing/payment/google/util/class-use/SkuDetails.html
[INTERNAL_LOG][2018-06-12 00:20:27,467][INFO][find_string()] No iframe in com/creativemobile/dragracing/payment/google/util/class-use/SkuDetails.html
[INTERNAL_LOG][2018-06-12 00:20:27,467][INFO][find_string()] File: com/creativemobile/dragracing/payment/google/util/package-frame.html
[INTERNAL_LOG][2018-06-12 00:20:27,470][INFO][find_string()] No iframe in com/creativemobile/dragracing/payment/google/util/package-frame.html
[INTERNAL_LOG][2018-06-12 00:20:27,470][INFO][find_string()] File: com/creativemobile/dragracing/payment/google/util/package-summary.html
[INTERNAL_LOG][2018-06-12 00:20:27,475][INFO][find_string()] No iframe in com/creativemobile/dragracing/payment/google/util/package-summary.html
[INTERNAL_LOG][2018-06-12 00:20:27,475][INFO][find_string()] File: com/creativemobile/dragracing/payment/google/util/package-tree.html
[INTERNAL_LOG][2018-06-12 00:20:27,479][INFO][find_string()] No iframe in com/creativemobile/dragracing/payment/google/util/package-tree.html
[INTERNAL_LOG][2018-06-12 00:20:27,479][INFO][find_string()] File: com/creativemobile/dragracing/payment/google/util/package-use.html
[INTERNAL_LOG][2018-06-12 00:20:27,483][INFO][find_string()] No iframe in com/creativemobile/dragracing/payment/google/util/package-use.html
[INTERNAL_LOG][2018-06-12 00:20:27,483][INFO][find_string()] File: com/creativemobile/dragracing/payment/package-frame.html
[INTERNAL_LOG][2018-06-12 00:20:27,483][INFO][find_string()] No iframe in com/creativemobile/dragracing/payment/package-frame.html
[INTERNAL_LOG][2018-06-12 00:20:27,483][INFO][find_string()] File: com/creativemobile/dragracing/payment/package-summary.html
[INTERNAL_LOG][2018-06-12 00:20:27,486][INFO][find_string()] No iframe in com/creativemobile/dragracing/payment/package-summary.html
[INTERNAL_LOG][2018-06-12 00:20:27,486][INFO][find_string()] File: com/creativemobile/dragracing/payment/package-tree.html
[INTERNAL_LOG][2018-06-12 00:20:27,489][INFO][find_string()] No iframe in com/creativemobile/dragracing/payment/package-tree.html
[INTERNAL_LOG][2018-06-12 00:20:27,489][INFO][find_string()] File: com/creativemobile/dragracing/payment/package-use.html
[INTERNAL_LOG][2018-06-12 00:20:27,491][INFO][find_string()] No iframe in com/creativemobile/dragracing/payment/package-use.html
[INTERNAL_LOG][2018-06-12 00:20:27,491][INFO][find_string()] File: com/google/android/gms/R.attr.html
[INTERNAL_LOG][2018-06-12 00:20:27,500][INFO][find_string()] No iframe in com/google/android/gms/R.attr.html
[INTERNAL_LOG][2018-06-12 00:20:27,500][INFO][find_string()] File: com/google/android/gms/R.color.html
[INTERNAL_LOG][2018-06-12 00:20:27,509][INFO][find_string()] No iframe in com/google/android/gms/R.color.html
[INTERNAL_LOG][2018-06-12 00:20:27,509][INFO][find_string()] File: com/google/android/gms/R.drawable.html
[INTERNAL_LOG][2018-06-12 00:20:27,524][INFO][find_string()] No iframe in com/google/android/gms/R.drawable.html
[INTERNAL_LOG][2018-06-12 00:20:27,524][INFO][find_string()] File: com/google/android/gms/R.html
[INTERNAL_LOG][2018-06-12 00:20:27,531][INFO][find_string()] No iframe in com/google/android/gms/R.html
[INTERNAL_LOG][2018-06-12 00:20:27,531][INFO][find_string()] File: com/google/android/gms/R.id.html
[INTERNAL_LOG][2018-06-12 00:20:27,537][INFO][find_string()] No iframe in com/google/android/gms/R.id.html
[INTERNAL_LOG][2018-06-12 00:20:27,537][INFO][find_string()] File: com/google/android/gms/R.integer.html
[INTERNAL_LOG][2018-06-12 00:20:27,543][INFO][find_string()] No iframe in com/google/android/gms/R.integer.html
[INTERNAL_LOG][2018-06-12 00:20:27,543][INFO][find_string()] File: com/google/android/gms/R.raw.html
[INTERNAL_LOG][2018-06-12 00:20:27,548][INFO][find_string()] No iframe in com/google/android/gms/R.raw.html
[INTERNAL_LOG][2018-06-12 00:20:27,548][INFO][find_string()] File: com/google/android/gms/R.string.html
[INTERNAL_LOG][2018-06-12 00:20:27,567][INFO][find_string()] No iframe in com/google/android/gms/R.string.html
[INTERNAL_LOG][2018-06-12 00:20:27,567][INFO][find_string()] File: com/google/android/gms/R.style.html
[INTERNAL_LOG][2018-06-12 00:20:27,573][INFO][find_string()] No iframe in com/google/android/gms/R.style.html
[INTERNAL_LOG][2018-06-12 00:20:27,573][INFO][find_string()] File: com/google/android/gms/R.styleable.html
[INTERNAL_LOG][2018-06-12 00:20:27,581][INFO][find_string()] No iframe in com/google/android/gms/R.styleable.html
[INTERNAL_LOG][2018-06-12 00:20:27,581][INFO][find_string()] File: com/google/android/gms/ads/R.attr.html
[INTERNAL_LOG][2018-06-12 00:20:27,588][INFO][find_string()] No iframe in com/google/android/gms/ads/R.attr.html
[INTERNAL_LOG][2018-06-12 00:20:27,588][INFO][find_string()] File: com/google/android/gms/ads/R.color.html
[INTERNAL_LOG][2018-06-12 00:20:27,598][INFO][find_string()] No iframe in com/google/android/gms/ads/R.color.html
[INTERNAL_LOG][2018-06-12 00:20:27,598][INFO][find_string()] File: com/google/android/gms/ads/R.drawable.html
[INTERNAL_LOG][2018-06-12 00:20:27,614][INFO][find_string()] No iframe in com/google/android/gms/ads/R.drawable.html
[INTERNAL_LOG][2018-06-12 00:20:27,614][INFO][find_string()] File: com/google/android/gms/ads/R.html
[INTERNAL_LOG][2018-06-12 00:20:27,620][INFO][find_string()] No iframe in com/google/android/gms/ads/R.html
[INTERNAL_LOG][2018-06-12 00:20:27,620][INFO][find_string()] File: com/google/android/gms/ads/R.id.html
[INTERNAL_LOG][2018-06-12 00:20:27,628][INFO][find_string()] No iframe in com/google/android/gms/ads/R.id.html
[INTERNAL_LOG][2018-06-12 00:20:27,628][INFO][find_string()] File: com/google/android/gms/ads/R.integer.html
[INTERNAL_LOG][2018-06-12 00:20:27,634][INFO][find_string()] No iframe in com/google/android/gms/ads/R.integer.html
[INTERNAL_LOG][2018-06-12 00:20:27,634][INFO][find_string()] File: com/google/android/gms/ads/R.raw.html
[INTERNAL_LOG][2018-06-12 00:20:27,640][INFO][find_string()] No iframe in com/google/android/gms/ads/R.raw.html
[INTERNAL_LOG][2018-06-12 00:20:27,640][INFO][find_string()] File: com/google/android/gms/ads/R.string.html
[INTERNAL_LOG][2018-06-12 00:20:27,659][INFO][find_string()] No iframe in com/google/android/gms/ads/R.string.html
[INTERNAL_LOG][2018-06-12 00:20:27,659][INFO][find_string()] File: com/google/android/gms/ads/R.style.html
[INTERNAL_LOG][2018-06-12 00:20:27,664][INFO][find_string()] No iframe in com/google/android/gms/ads/R.style.html
[INTERNAL_LOG][2018-06-12 00:20:27,664][INFO][find_string()] File: com/google/android/gms/ads/R.styleable.html
[INTERNAL_LOG][2018-06-12 00:20:27,672][INFO][find_string()] No iframe in com/google/android/gms/ads/R.styleable.html
[INTERNAL_LOG][2018-06-12 00:20:27,673][INFO][find_string()] File: com/google/android/gms/ads/class-use/R.attr.html
[INTERNAL_LOG][2018-06-12 00:20:27,675][INFO][find_string()] No iframe in com/google/android/gms/ads/class-use/R.attr.html
[INTERNAL_LOG][2018-06-12 00:20:27,675][INFO][find_string()] File: com/google/android/gms/ads/class-use/R.color.html
[INTERNAL_LOG][2018-06-12 00:20:27,677][INFO][find_string()] No iframe in com/google/android/gms/ads/class-use/R.color.html
[INTERNAL_LOG][2018-06-12 00:20:27,678][INFO][find_string()] File: com/google/android/gms/ads/class-use/R.drawable.html
[INTERNAL_LOG][2018-06-12 00:20:27,680][INFO][find_string()] No iframe in com/google/android/gms/ads/class-use/R.drawable.html
[INTERNAL_LOG][2018-06-12 00:20:27,680][INFO][find_string()] File: com/google/android/gms/ads/class-use/R.html
[INTERNAL_LOG][2018-06-12 00:20:27,682][INFO][find_string()] No iframe in com/google/android/gms/ads/class-use/R.html
[INTERNAL_LOG][2018-06-12 00:20:27,682][INFO][find_string()] File: com/google/android/gms/ads/class-use/R.id.html
[INTERNAL_LOG][2018-06-12 00:20:27,685][INFO][find_string()] No iframe in com/google/android/gms/ads/class-use/R.id.html
[INTERNAL_LOG][2018-06-12 00:20:27,685][INFO][find_string()] File: com/google/android/gms/ads/class-use/R.integer.html
[INTERNAL_LOG][2018-06-12 00:20:27,688][INFO][find_string()] No iframe in com/google/android/gms/ads/class-use/R.integer.html
[INTERNAL_LOG][2018-06-12 00:20:27,688][INFO][find_string()] File: com/google/android/gms/ads/class-use/R.raw.html
[INTERNAL_LOG][2018-06-12 00:20:27,691][INFO][find_string()] No iframe in com/google/android/gms/ads/class-use/R.raw.html
[INTERNAL_LOG][2018-06-12 00:20:27,691][INFO][find_string()] File: com/google/android/gms/ads/class-use/R.string.html
[INTERNAL_LOG][2018-06-12 00:20:27,693][INFO][find_string()] No iframe in com/google/android/gms/ads/class-use/R.string.html
[INTERNAL_LOG][2018-06-12 00:20:27,693][INFO][find_string()] File: com/google/android/gms/ads/class-use/R.style.html
[INTERNAL_LOG][2018-06-12 00:20:27,696][INFO][find_string()] No iframe in com/google/android/gms/ads/class-use/R.style.html
[INTERNAL_LOG][2018-06-12 00:20:27,696][INFO][find_string()] File: com/google/android/gms/ads/class-use/R.styleable.html
[INTERNAL_LOG][2018-06-12 00:20:27,698][INFO][find_string()] No iframe in com/google/android/gms/ads/class-use/R.styleable.html
[INTERNAL_LOG][2018-06-12 00:20:27,698][INFO][find_string()] File: com/google/android/gms/ads/package-frame.html
[INTERNAL_LOG][2018-06-12 00:20:27,699][INFO][find_string()] No iframe in com/google/android/gms/ads/package-frame.html
[INTERNAL_LOG][2018-06-12 00:20:27,699][INFO][find_string()] File: com/google/android/gms/ads/package-summary.html
[INTERNAL_LOG][2018-06-12 00:20:27,704][INFO][find_string()] No iframe in com/google/android/gms/ads/package-summary.html
[INTERNAL_LOG][2018-06-12 00:20:27,704][INFO][find_string()] File: com/google/android/gms/ads/package-tree.html
[INTERNAL_LOG][2018-06-12 00:20:27,707][INFO][find_string()] No iframe in com/google/android/gms/ads/package-tree.html
[INTERNAL_LOG][2018-06-12 00:20:27,707][INFO][find_string()] File: com/google/android/gms/ads/package-use.html
[INTERNAL_LOG][2018-06-12 00:20:27,709][INFO][find_string()] No iframe in com/google/android/gms/ads/package-use.html
[INTERNAL_LOG][2018-06-12 00:20:27,710][INFO][find_string()] File: com/google/android/gms/analytics/R.attr.html
[INTERNAL_LOG][2018-06-12 00:20:27,718][INFO][find_string()] No iframe in com/google/android/gms/analytics/R.attr.html
[INTERNAL_LOG][2018-06-12 00:20:27,718][INFO][find_string()] File: com/google/android/gms/analytics/R.color.html
[INTERNAL_LOG][2018-06-12 00:20:27,728][INFO][find_string()] No iframe in com/google/android/gms/analytics/R.color.html
[INTERNAL_LOG][2018-06-12 00:20:27,728][INFO][find_string()] File: com/google/android/gms/analytics/R.drawable.html
[INTERNAL_LOG][2018-06-12 00:20:27,744][INFO][find_string()] No iframe in com/google/android/gms/analytics/R.drawable.html
[INTERNAL_LOG][2018-06-12 00:20:27,744][INFO][find_string()] File: com/google/android/gms/analytics/R.html
[INTERNAL_LOG][2018-06-12 00:20:27,751][INFO][find_string()] No iframe in com/google/android/gms/analytics/R.html
[INTERNAL_LOG][2018-06-12 00:20:27,751][INFO][find_string()] File: com/google/android/gms/analytics/R.id.html
[INTERNAL_LOG][2018-06-12 00:20:27,757][INFO][find_string()] No iframe in com/google/android/gms/analytics/R.id.html
[INTERNAL_LOG][2018-06-12 00:20:27,758][INFO][find_string()] File: com/google/android/gms/analytics/R.integer.html
[INTERNAL_LOG][2018-06-12 00:20:27,763][INFO][find_string()] No iframe in com/google/android/gms/analytics/R.integer.html
[INTERNAL_LOG][2018-06-12 00:20:27,763][INFO][find_string()] File: com/google/android/gms/analytics/R.raw.html
[INTERNAL_LOG][2018-06-12 00:20:27,770][INFO][find_string()] No iframe in com/google/android/gms/analytics/R.raw.html
[INTERNAL_LOG][2018-06-12 00:20:27,771][INFO][find_string()] File: com/google/android/gms/analytics/R.string.html
[INTERNAL_LOG][2018-06-12 00:20:27,790][INFO][find_string()] No iframe in com/google/android/gms/analytics/R.string.html
[INTERNAL_LOG][2018-06-12 00:20:27,790][INFO][find_string()] File: com/google/android/gms/analytics/R.style.html
[INTERNAL_LOG][2018-06-12 00:20:27,796][INFO][find_string()] No iframe in com/google/android/gms/analytics/R.style.html
[INTERNAL_LOG][2018-06-12 00:20:27,796][INFO][find_string()] File: com/google/android/gms/analytics/R.styleable.html
[INTERNAL_LOG][2018-06-12 00:20:27,804][INFO][find_string()] No iframe in com/google/android/gms/analytics/R.styleable.html
[INTERNAL_LOG][2018-06-12 00:20:27,805][INFO][find_string()] File: com/google/android/gms/analytics/class-use/R.attr.html
[INTERNAL_LOG][2018-06-12 00:20:27,807][INFO][find_string()] No iframe in com/google/android/gms/analytics/class-use/R.attr.html
[INTERNAL_LOG][2018-06-12 00:20:27,807][INFO][find_string()] File: com/google/android/gms/analytics/class-use/R.color.html
[INTERNAL_LOG][2018-06-12 00:20:27,809][INFO][find_string()] No iframe in com/google/android/gms/analytics/class-use/R.color.html
[INTERNAL_LOG][2018-06-12 00:20:27,810][INFO][find_string()] File: com/google/android/gms/analytics/class-use/R.drawable.html
[INTERNAL_LOG][2018-06-12 00:20:27,812][INFO][find_string()] No iframe in com/google/android/gms/analytics/class-use/R.drawable.html
[INTERNAL_LOG][2018-06-12 00:20:27,812][INFO][find_string()] File: com/google/android/gms/analytics/class-use/R.html
[INTERNAL_LOG][2018-06-12 00:20:27,814][INFO][find_string()] No iframe in com/google/android/gms/analytics/class-use/R.html
[INTERNAL_LOG][2018-06-12 00:20:27,815][INFO][find_string()] File: com/google/android/gms/analytics/class-use/R.id.html
[INTERNAL_LOG][2018-06-12 00:20:27,817][INFO][find_string()] No iframe in com/google/android/gms/analytics/class-use/R.id.html
[INTERNAL_LOG][2018-06-12 00:20:27,818][INFO][find_string()] File: com/google/android/gms/analytics/class-use/R.integer.html
[INTERNAL_LOG][2018-06-12 00:20:27,820][INFO][find_string()] No iframe in com/google/android/gms/analytics/class-use/R.integer.html
[INTERNAL_LOG][2018-06-12 00:20:27,821][INFO][find_string()] File: com/google/android/gms/analytics/class-use/R.raw.html
[INTERNAL_LOG][2018-06-12 00:20:27,823][INFO][find_string()] No iframe in com/google/android/gms/analytics/class-use/R.raw.html
[INTERNAL_LOG][2018-06-12 00:20:27,823][INFO][find_string()] File: com/google/android/gms/analytics/class-use/R.string.html
[INTERNAL_LOG][2018-06-12 00:20:27,825][INFO][find_string()] No iframe in com/google/android/gms/analytics/class-use/R.string.html
[INTERNAL_LOG][2018-06-12 00:20:27,825][INFO][find_string()] File: com/google/android/gms/analytics/class-use/R.style.html
[INTERNAL_LOG][2018-06-12 00:20:27,828][INFO][find_string()] No iframe in com/google/android/gms/analytics/class-use/R.style.html
[INTERNAL_LOG][2018-06-12 00:20:27,828][INFO][find_string()] File: com/google/android/gms/analytics/class-use/R.styleable.html
[INTERNAL_LOG][2018-06-12 00:20:27,830][INFO][find_string()] No iframe in com/google/android/gms/analytics/class-use/R.styleable.html
[INTERNAL_LOG][2018-06-12 00:20:27,830][INFO][find_string()] File: com/google/android/gms/analytics/package-frame.html
[INTERNAL_LOG][2018-06-12 00:20:27,831][INFO][find_string()] No iframe in com/google/android/gms/analytics/package-frame.html
[INTERNAL_LOG][2018-06-12 00:20:27,831][INFO][find_string()] File: com/google/android/gms/analytics/package-summary.html
[INTERNAL_LOG][2018-06-12 00:20:27,836][INFO][find_string()] No iframe in com/google/android/gms/analytics/package-summary.html
[INTERNAL_LOG][2018-06-12 00:20:27,836][INFO][find_string()] File: com/google/android/gms/analytics/package-tree.html
[INTERNAL_LOG][2018-06-12 00:20:27,839][INFO][find_string()] No iframe in com/google/android/gms/analytics/package-tree.html
[INTERNAL_LOG][2018-06-12 00:20:27,839][INFO][find_string()] File: com/google/android/gms/analytics/package-use.html
[INTERNAL_LOG][2018-06-12 00:20:27,841][INFO][find_string()] No iframe in com/google/android/gms/analytics/package-use.html
[INTERNAL_LOG][2018-06-12 00:20:27,841][INFO][find_string()] File: com/google/android/gms/class-use/R.attr.html
[INTERNAL_LOG][2018-06-12 00:20:27,843][INFO][find_string()] No iframe in com/google/android/gms/class-use/R.attr.html
[INTERNAL_LOG][2018-06-12 00:20:27,844][INFO][find_string()] File: com/google/android/gms/class-use/R.color.html
[INTERNAL_LOG][2018-06-12 00:20:27,846][INFO][find_string()] No iframe in com/google/android/gms/class-use/R.color.html
[INTERNAL_LOG][2018-06-12 00:20:27,846][INFO][find_string()] File: com/google/android/gms/class-use/R.drawable.html
[INTERNAL_LOG][2018-06-12 00:20:27,849][INFO][find_string()] No iframe in com/google/android/gms/class-use/R.drawable.html
[INTERNAL_LOG][2018-06-12 00:20:27,849][INFO][find_string()] File: com/google/android/gms/class-use/R.html
[INTERNAL_LOG][2018-06-12 00:20:27,852][INFO][find_string()] No iframe in com/google/android/gms/class-use/R.html
[INTERNAL_LOG][2018-06-12 00:20:27,852][INFO][find_string()] File: com/google/android/gms/class-use/R.id.html
[INTERNAL_LOG][2018-06-12 00:20:27,854][INFO][find_string()] No iframe in com/google/android/gms/class-use/R.id.html
[INTERNAL_LOG][2018-06-12 00:20:27,855][INFO][find_string()] File: com/google/android/gms/class-use/R.integer.html
[INTERNAL_LOG][2018-06-12 00:20:27,857][INFO][find_string()] No iframe in com/google/android/gms/class-use/R.integer.html
[INTERNAL_LOG][2018-06-12 00:20:27,857][INFO][find_string()] File: com/google/android/gms/class-use/R.raw.html
[INTERNAL_LOG][2018-06-12 00:20:27,859][INFO][find_string()] No iframe in com/google/android/gms/class-use/R.raw.html
[INTERNAL_LOG][2018-06-12 00:20:27,859][INFO][find_string()] File: com/google/android/gms/class-use/R.string.html
[INTERNAL_LOG][2018-06-12 00:20:27,862][INFO][find_string()] No iframe in com/google/android/gms/class-use/R.string.html
[INTERNAL_LOG][2018-06-12 00:20:27,862][INFO][find_string()] File: com/google/android/gms/class-use/R.style.html
[INTERNAL_LOG][2018-06-12 00:20:27,864][INFO][find_string()] No iframe in com/google/android/gms/class-use/R.style.html
[INTERNAL_LOG][2018-06-12 00:20:27,864][INFO][find_string()] File: com/google/android/gms/class-use/R.styleable.html
[INTERNAL_LOG][2018-06-12 00:20:27,868][INFO][find_string()] No iframe in com/google/android/gms/class-use/R.styleable.html
[INTERNAL_LOG][2018-06-12 00:20:27,868][INFO][find_string()] File: com/google/android/gms/package-frame.html
[INTERNAL_LOG][2018-06-12 00:20:27,869][INFO][find_string()] No iframe in com/google/android/gms/package-frame.html
[INTERNAL_LOG][2018-06-12 00:20:27,869][INFO][find_string()] File: com/google/android/gms/package-summary.html
[INTERNAL_LOG][2018-06-12 00:20:27,872][INFO][find_string()] No iframe in com/google/android/gms/package-summary.html
[INTERNAL_LOG][2018-06-12 00:20:27,873][INFO][find_string()] File: com/google/android/gms/package-tree.html
[INTERNAL_LOG][2018-06-12 00:20:27,876][INFO][find_string()] No iframe in com/google/android/gms/package-tree.html
[INTERNAL_LOG][2018-06-12 00:20:27,876][INFO][find_string()] File: com/google/android/gms/package-use.html
[INTERNAL_LOG][2018-06-12 00:20:27,878][INFO][find_string()] No iframe in com/google/android/gms/package-use.html
[INTERNAL_LOG][2018-06-12 00:20:27,878][INFO][find_string()] File: com/moneytapp/android/sdk/R.anim.html
[INTERNAL_LOG][2018-06-12 00:20:27,885][INFO][find_string()] No iframe in com/moneytapp/android/sdk/R.anim.html
[INTERNAL_LOG][2018-06-12 00:20:27,885][INFO][find_string()] File: com/moneytapp/android/sdk/R.drawable.html
[INTERNAL_LOG][2018-06-12 00:20:27,891][INFO][find_string()] No iframe in com/moneytapp/android/sdk/R.drawable.html
[INTERNAL_LOG][2018-06-12 00:20:27,891][INFO][find_string()] File: com/moneytapp/android/sdk/R.html
[INTERNAL_LOG][2018-06-12 00:20:27,898][INFO][find_string()] No iframe in com/moneytapp/android/sdk/R.html
[INTERNAL_LOG][2018-06-12 00:20:27,898][INFO][find_string()] File: com/moneytapp/android/sdk/R.id.html
[INTERNAL_LOG][2018-06-12 00:20:27,904][INFO][find_string()] No iframe in com/moneytapp/android/sdk/R.id.html
[INTERNAL_LOG][2018-06-12 00:20:27,904][INFO][find_string()] File: com/moneytapp/android/sdk/R.layout.html
[INTERNAL_LOG][2018-06-12 00:20:27,910][INFO][find_string()] No iframe in com/moneytapp/android/sdk/R.layout.html
[INTERNAL_LOG][2018-06-12 00:20:27,910][INFO][find_string()] File: com/moneytapp/android/sdk/R.string.html
[INTERNAL_LOG][2018-06-12 00:20:27,917][INFO][find_string()] No iframe in com/moneytapp/android/sdk/R.string.html
[INTERNAL_LOG][2018-06-12 00:20:27,917][INFO][find_string()] File: com/moneytapp/android/sdk/R.style.html
[INTERNAL_LOG][2018-06-12 00:20:27,923][INFO][find_string()] No iframe in com/moneytapp/android/sdk/R.style.html
[INTERNAL_LOG][2018-06-12 00:20:27,924][INFO][find_string()] File: com/moneytapp/android/sdk/class-use/R.anim.html
[INTERNAL_LOG][2018-06-12 00:20:27,927][INFO][find_string()] No iframe in com/moneytapp/android/sdk/class-use/R.anim.html
[INTERNAL_LOG][2018-06-12 00:20:27,927][INFO][find_string()] File: com/moneytapp/android/sdk/class-use/R.drawable.html
[INTERNAL_LOG][2018-06-12 00:20:27,929][INFO][find_string()] No iframe in com/moneytapp/android/sdk/class-use/R.drawable.html
[INTERNAL_LOG][2018-06-12 00:20:27,929][INFO][find_string()] File: com/moneytapp/android/sdk/class-use/R.html
[INTERNAL_LOG][2018-06-12 00:20:27,932][INFO][find_string()] No iframe in com/moneytapp/android/sdk/class-use/R.html
[INTERNAL_LOG][2018-06-12 00:20:27,932][INFO][find_string()] File: com/moneytapp/android/sdk/class-use/R.id.html
[INTERNAL_LOG][2018-06-12 00:20:27,934][INFO][find_string()] No iframe in com/moneytapp/android/sdk/class-use/R.id.html
[INTERNAL_LOG][2018-06-12 00:20:27,934][INFO][find_string()] File: com/moneytapp/android/sdk/class-use/R.layout.html
[INTERNAL_LOG][2018-06-12 00:20:27,937][INFO][find_string()] No iframe in com/moneytapp/android/sdk/class-use/R.layout.html
[INTERNAL_LOG][2018-06-12 00:20:27,937][INFO][find_string()] File: com/moneytapp/android/sdk/class-use/R.string.html
[INTERNAL_LOG][2018-06-12 00:20:27,939][INFO][find_string()] No iframe in com/moneytapp/android/sdk/class-use/R.string.html
[INTERNAL_LOG][2018-06-12 00:20:27,939][INFO][find_string()] File: com/moneytapp/android/sdk/class-use/R.style.html
[INTERNAL_LOG][2018-06-12 00:20:27,941][INFO][find_string()] No iframe in com/moneytapp/android/sdk/class-use/R.style.html
[INTERNAL_LOG][2018-06-12 00:20:27,942][INFO][find_string()] File: com/moneytapp/android/sdk/package-frame.html
[INTERNAL_LOG][2018-06-12 00:20:27,942][INFO][find_string()] No iframe in com/moneytapp/android/sdk/package-frame.html
[INTERNAL_LOG][2018-06-12 00:20:27,943][INFO][find_string()] File: com/moneytapp/android/sdk/package-summary.html
[INTERNAL_LOG][2018-06-12 00:20:27,946][INFO][find_string()] No iframe in com/moneytapp/android/sdk/package-summary.html
[INTERNAL_LOG][2018-06-12 00:20:27,947][INFO][find_string()] File: com/moneytapp/android/sdk/package-tree.html
[INTERNAL_LOG][2018-06-12 00:20:27,950][INFO][find_string()] No iframe in com/moneytapp/android/sdk/package-tree.html
[INTERNAL_LOG][2018-06-12 00:20:27,950][INFO][find_string()] File: com/moneytapp/android/sdk/package-use.html
[INTERNAL_LOG][2018-06-12 00:20:27,952][INFO][find_string()] No iframe in com/moneytapp/android/sdk/package-use.html
[INTERNAL_LOG][2018-06-12 00:20:27,952][INFO][find_string()] File: constant-values.html
[INTERNAL_LOG][2018-06-12 00:20:28,031][INFO][find_string()] No iframe in constant-values.html
[INTERNAL_LOG][2018-06-12 00:20:28,031][INFO][find_string()] File: deprecated-list.html
[INTERNAL_LOG][2018-06-12 00:20:28,034][INFO][find_string()] No iframe in deprecated-list.html
[INTERNAL_LOG][2018-06-12 00:20:28,034][INFO][find_string()] File: help-doc.html
[INTERNAL_LOG][2018-06-12 00:20:28,038][INFO][find_string()] No iframe in help-doc.html
[INTERNAL_LOG][2018-06-12 00:20:28,038][INFO][find_string()] File: index-all.html
[INTERNAL_LOG][2018-06-12 00:20:28,137][INFO][find_string()] No iframe in index-all.html
[INTERNAL_LOG][2018-06-12 00:20:28,137][INFO][find_string()] File: index.html
[INTERNAL_LOG][2018-06-12 00:20:28,138][INFO][find_string()] No iframe in index.html
[INTERNAL_LOG][2018-06-12 00:20:28,138][INFO][find_string()] File: overview-frame.html
[INTERNAL_LOG][2018-06-12 00:20:28,140][INFO][find_string()] No iframe in overview-frame.html
[INTERNAL_LOG][2018-06-12 00:20:28,140][INFO][find_string()] File: overview-summary.html
[INTERNAL_LOG][2018-06-12 00:20:28,143][INFO][find_string()] No iframe in overview-summary.html
[INTERNAL_LOG][2018-06-12 00:20:28,143][INFO][find_string()] File: overview-tree.html
[INTERNAL_LOG][2018-06-12 00:20:28,156][INFO][find_string()] No iframe in overview-tree.html
[INTERNAL_LOG][2018-06-12 00:20:28,156][INFO][find_string()] File: serialized-form.html
[INTERNAL_LOG][2018-06-12 00:20:28,159][INFO][find_string()] No iframe in serialized-form.html
[INTERNAL_LOG][2018-06-12 00:20:28,159][INFO][find_string()] [END ANALYZE FILE]

[INTERNAL_LOG][2018-06-12 00:20:28,159][INFO][find_string()] [START FILE ANALYZE]
[INTERNAL_LOG][2018-06-12 00:20:28,159][INFO][find_string()] [END ANALYZE FILE]

[INTERNAL_LOG][2018-06-12 00:20:31,214][INFO][find_url_in_apk()] [START URL LOADED INSIDE LOAD FUNCTION]
[INTERNAL_LOG][2018-06-12 00:20:31,214][INFO][find_url_in_apk()] https://cortana-gateway.amazon.com/cortana/gateway/getSignedDownloadUrl

[INTERNAL_LOG][2018-06-12 00:20:31,214][INFO][find_url_in_apk()] [END URL LOADED INSIDE LOAD FUNCTION]
[INTERNAL_LOG][2018-06-12 00:20:32,228][ERROR][download_page_loaded()] Failed response code: 500 for https://cortana-gateway.amazon.com/cortana/gateway/getSignedDownloadUrl  
[INTERNAL_LOG][2018-06-12 00:20:32,229][INFO][find_string()] [START REMOTE FILE ANALYZE]
[INTERNAL_LOG][2018-06-12 00:20:32,234][INFO][find_string()] [END ANALYZE FILE]

[INTERNAL_LOG][2018-06-12 00:20:32,235][INFO][find_url_in_apk()] [START ALL URL INSIDE APK]
[INTERNAL_LOG][2018-06-12 00:20:32,235][INFO][find_url_in_apk()] http://schemas.android.com/apk/res/android
http://www.yvolver.com
http://www.yvolver.com
http://www.yvolver.com
https://adc3-launch.adcolony.com/v4/launch
https://config-prod.yvolver.com/api/public/app/config
https://config-swap.yvolver.com/api/public/app/config
https://config-alpha.yvolver.com/api/public/app/config
https://config-staging.yvolver.com/api/public/app/config
http://config-dev.yvolver.com/api/public/app/config
https://wd.adcolony.com/logs
https://cortana-gateway.amazon.com/cortana/gateway/getSignedDownloadUrl
https://ags-ext.amazon.com/service/gamedata/WhisperData
https://ags-ext.amazon.com/service/gamedata/WhisperData
http://schemas.applovin.com/android/1.0
http://schemas.applovin.com/android/1.0
http://d.applovin.com/
http://a.applovin.com/
https://vid.applovin.com/,https://pdn.applovin.com/,https://img.applovin.com/,https://d.applovin.com/,https://assets.applovin.com/,https://cdnjs.cloudflare.com/,http://vid.applovin.com/,http://pdn.applovin.com/,http://img.applovin.com/,http://d.applovin.com/,http://assets.applovin.com/,http://cdnjs.cloudflare.com/
http://rt.applovin.com/pix
http://localhost:3000/
https://stageapi.areametrics.com/
https://api.areametrics.com/
http://schemas.microsoft.com/DRM/2007/03/protocols/AcquireLicense
https://www.googleapis.com/auth/drive.file
https://www.googleapis.com/auth/drive.appdata
https://www.googleapis.com/auth/drive
https://www.googleapis.com/auth/drive.apps
https://www.googleapis.com/auth/games
https://www.googleapis.com/auth/games
https://www.googleapis.com/auth/games
https://www.googleapis.com/auth/games_lite
https://www.googleapis.com/auth/games_lite
https://www.googleapis.com/auth/games_lite
https://www.googleapis.com/auth/games.firstparty
https://www.googleapis.com/auth/games.firstparty
https://pagead2.googlesyndication.com/pagead/gen_204
https://googleads.g.doubleclick.net/mads/static/mad/sdk/native/sdk-core-v40.html
https://googleads.g.doubleclick.net/mads/static/mad/sdk/native/production/sdk-core-v40-impl.js
https://googleads.g.doubleclick.net/mads/static/mad/sdk/native/mraid/v2/mraid_app_banner.js
https://googleads.g.doubleclick.net/mads/static/mad/sdk/native/mraid/v2/mraid_app_expanded_banner.js
https://googleads.g.doubleclick.net/mads/static/mad/sdk/native/mraid/v2/mraid_app_interstitial.js
https://csi.gstatic.com/csi
https://googleads.g.doubleclick.net/mads/static/mad/sdk/native/native_ads.html
https://googleads.g.doubleclick.net/mads/static/mad/sdk/native/production/native_ads.js
https://imasdk.googleapis.com/admob/sdkloader/native_video.html
https://www.google.com/dfp/linkDevice
https://www.google.com/dfp/inAppPreview
https://www.google.com/dfp/debugSignals
https://www.google.com/dfp/sendDebugData
http://www.example.com
http://www.example.com
https://www.googleapis.com/auth/plus.login
https://www.googleapis.com/auth/plus.me
http://schemas.android.com/apk/lib/com.google.android.gms.plus
http://schemas.android.com/apk/lib/com.google.android.gms.plus
https://twitter.com/%s/status/%s
https://api.vungle.com/api/v4/
https://ingest.vungle.com/
http://lol.vungle.com/
http://data.altbeacon.org/android-distance.json
http://storage.creative-mobile.com/dragracing15/car_settings.bin
http://more-games.creative-mobile.com/version.bin
http://more-games.creative-mobile.com/80.bin
http://more-games.creative-mobile.com/2.bin
http://www.amazon.com/s/ref=bl_sr_mobile-apps?_encoding=UTF8&field-brandtextbin=Creative%20Mobile%20OU&node=2350149011
http://gi.sfr.fr/igp.cgi?IGPED=HO&z=SUdQRlI9NDkzNDMmSUdQVE89SE9NRQ==
https://s3.amazonaws.com/
https://s3.amazonaws.com/cm-gdpr/
http://drc4x4.cmdragracing.com/
http://www.supersonicads.com/delivery/mobilePanel.php?applicationKey=2d249705&deviceOs=android&format=json&applicationUserId=
http://kiatallinn.ee/
http://kiatallinn.ee/
http://www.facebook.com/DragRacingGame
http://www.facebook.com/DragRacingGame
http://www.facebook.com/DragRacingGame
http://www.facebook.com/DragRacingGame
http://creative-mobile.com/about-us/privacy-policy/
http://creative-mobile.com/terms-of-use/
http://creative-mobile.com/privacy-policy/
http://storage.creative-mobile.com/dragracing15/career.version.bin
http://storage.creative-mobile.com/dragracing15/career.bin
https://www.facebook.com/audience_network/server_side_reward
https://www.%s.facebook.com/audience_network/server_side_reward
https://graph.facebook.com/network_ads_common
https://graph.%s.facebook.com/network_ads_common
https://www.facebook.com/adnw_logging/
https://www.%s.facebook.com/adnw_logging/
https://www.facebook.com/
https://www.%s.facebook.com
http://play.google.com/store/apps/
http://www.facebook.com
https://graph.%s
https://graph-video.%s
https://facebook.com
https://facebook.com/device?user_code=%1$s&qr=1
http://play.google.com/store/apps/details?id=com.facebook.orca
https://proton.flurry.com:443/sdk/v1/config
http://data.flurry.com/aap.do
https://data.flurry.com/aap.do
http://www.w3.org/ns/ttml#parameter
https://pagead2.googlesyndication.com/pagead/gen_204?id=gmob-apps
http://hostname/?
https://plus.google.com/
http://play.google.com/store/apps/category/GAME
https://play.google.com/store/apps/details?id=%1$s&rdid=%1$s&rdot=%2$d
https://plus.google.com/%s/about
https://play.google.com/store/apps/details
http://www.google.com
https://support.google.com/dfp_premium/answer/7160685#push
http://www.google-analytics.com
https://ssl.google-analytics.com
https://track.atom-data.io
https://track.atom-data.io
https://track.atom-data.io
https://outcome.supersonicads.com/mediation/
https://outcome.supersonicads.com/mediation/
https://mobilelogs.supersonic.com
https://init.supersonicads.com/sdk/v
https://www.supersonicads.com/timestamp.php
https://www.supersonicads.com/mobile/sdk5/log?method=
https://www.supersonicads.com/mobile/sdk5/log?method=
https://www.supersonicads.com/mobile/sdk5/log?method=
https://www.supersonicads.com/mobile/sdk5/log?method=
https://www.supersonicads.com/mobile/sdk5/log?method=
https://www.supersonicads.com/mobile/sdk5/log?method=
https://www.supersonicads.com/mobile/sdk5/log?method=
https://www.supersonicads.com/mobile/sdk5/log?method=
https://www.supersonicads.com/mobile/sdk5/log?method=injectJavaScript
https://www.supersonicads.com/mobile/sdk5/log?method=extraParametersToJson
https://www.supersonicads.com/mobile/sdk5/log?method=noProductType
https://www.supersonicads.com/mobile/sdk5/log?method=encodeAppUserId
https://www.supersonicads.com/mobile/sdk5/log?method=encodeAppKey
https://www.supersonicads.com/mobile/sdk5/log?method=setWebViewSettings
https://www.supersonicads.com/mobile/sdk5/log?method=webviewLoadBlank
https://www.supersonicads.com/mobile/sdk5/log?method=webviewLoadWithPath
https://www.supersonicads.com/mobile/sdk5/log?method=htmlControllerDoesNotExistOnFileSystem
https://www.supersonicads.com/mobile/sdk5/log?method=webviewPause
https://www.supersonicads.com/mobile/sdk5/log?method=webviewResume
http://api15.cmdragracing.com/?task=
http://mbxrt.mediabrix.com/geoencode
http://mbxrt.mediabrix.com/geoencode?IpAddress=
http://metrics-qa.tbliab.net/v2/metrics/?adsvrLineItemID=
https://cpi.mediabrix.com/cpi/activation
https://cpi.mediabrix.com/cpi/attribution
https://ap.tbliab.net/mprofiles
http://www.mediabrix.com
https://metrics.tbliab.net/v2/metrics/?adsvrLineItemID=%LINE_ITEM_ID%&adsvrAdvertiserID=%ADVERTISER_ID%&adsvrOrderID=%ORDID%&adsvrCreativeID=%CRID%&adsvrPropertyAdUnit=%PROPERTY%&adsvrZoneAdUnit=%ZONE%&mbrixAppKey=%APP_ID%&mbrixDeviceID=%DEVICE_ID%&mbrixVideoDuration=%VIDEO_DURATION%&mbrixHost=%DFP_URL%&mbrixSDKVersion=%SDK_VERSION%&mbrixSDKBuild=%SDK_BUILD_VERSION%&mbrixOS=%OS%&mbrixPlatform=%PLATFORM%&mbrixAction=%EVENT_NAME%&mbrixClientTimeStamp=%TIME_STAMP%&mbrixClientWidth=%SCREEN_WIDTH%&mbrixClientHeight=%SCREEN_HEIGHT%&mbrixAppSession=%SESSION_ID%&mbrixValue=%VALUE%
http://mobileloggerqa.cloudapp.net/logger
https://z.moatads.com/
https://api.moneytapp.com
http://play.google.com/store/apps/details?id=
https://analytics.mopub.com/i/jot/exchange_client_event
https://www.mopub.com/optout
https://www.mopub.com/optout/
https://www.mopub.com/optout/
https://maps.googleapis.com/maps/api/geocode/json?sensor=true&latlng=
http://www.quantcast.com/privacy/
https://api.rollbar.com/api/1/items/
https://api.skydeo.com/post
https://location-api.skydeo.com/v1/position
https://config.unityads.unity3d.com/webview/
https://www.vungle.com/privacy/
https://www.vungle.com/privacy/
http://example.com/
https://purchase-verifier.creative-mobile.com/PurchaseVerifier/?game=
https://settings.crashlytics.com/spi/v2/platforms/android/apps/%s/settings
https://e.crashlytics.com/spi/v2/events
https://api.huq.io/analyse/1.2/
https://api.huq.io/analyse/1.2/
http://ping.huqtools.com
https://report.huqtools.com/sdk_report
http://www.
https://www.
http://localhost/
http://localhost/
http://localhost/

[INTERNAL_LOG][2018-06-12 00:20:32,236][INFO][find_url_in_apk()] [END ALL URL INSIDE APK]
[INTERNAL_LOG][2018-06-12 00:20:32,256][INFO][check_method_conf()] [JavaScript enabled: True]

[INTERNAL_LOG][2018-06-12 00:20:32,256][INFO][check_method_conf()] [Add interface WebView: True]

[INTERNAL_LOG][2018-06-12 00:20:32,256][INFO][analyze_start()] This app might be not vulnerable on  attack frame confusion.
[INTERNAL_LOG][2018-06-12 00:20:32,257][INFO][analyze_start()] End time:[Tue Jun 12 00:20:32 2018]
