[INTERNAL_LOG][2018-06-12 01:02:26,489][INFO][analyze_start()] Init Time [Tue Jun 12 01:02:26 2018]
[INTERNAL_LOG][2018-06-12 01:02:26,576][INFO][run()] Start Analysis
[INTERNAL_LOG][2018-06-12 01:02:26,577][INFO][is_hybird()] [Permission Enble Start]
[INTERNAL_LOG][2018-06-12 01:02:26,578][INFO][is_hybird()] android.permission.INTERNET
[INTERNAL_LOG][2018-06-12 01:02:26,578][INFO][is_hybird()] android.permission.ACCESS_NETWORK_STATE
[INTERNAL_LOG][2018-06-12 01:02:26,578][INFO][is_hybird()] android.permission.CAMERA
[INTERNAL_LOG][2018-06-12 01:02:26,578][INFO][is_hybird()] android.permission.RECORD_AUDIO
[INTERNAL_LOG][2018-06-12 01:02:26,578][INFO][is_hybird()] android.permission.STORAGE
[INTERNAL_LOG][2018-06-12 01:02:26,578][INFO][is_hybird()] android.permission.WRITE_EXTERNAL_STORAGE
[INTERNAL_LOG][2018-06-12 01:02:26,578][INFO][is_hybird()] android.permission.READ_EXTERNAL_STORAGE
[INTERNAL_LOG][2018-06-12 01:02:26,578][INFO][is_hybird()] android.permission.VIBRATE
[INTERNAL_LOG][2018-06-12 01:02:26,578][INFO][is_hybird()] android.permission.READ_PHONE_STATE
[INTERNAL_LOG][2018-06-12 01:02:26,578][INFO][is_hybird()] android.permission.GET_ACCOUNTS
[INTERNAL_LOG][2018-06-12 01:02:26,578][INFO][is_hybird()] android.permission.WAKE_LOCK
[INTERNAL_LOG][2018-06-12 01:02:26,578][INFO][is_hybird()] android.permission.BROADCAST_STICKY
[INTERNAL_LOG][2018-06-12 01:02:26,578][INFO][is_hybird()] android.permission.RECEIVE_SMS
[INTERNAL_LOG][2018-06-12 01:02:26,578][INFO][is_hybird()] android.permission.READ_CONTACTS
[INTERNAL_LOG][2018-06-12 01:02:26,578][INFO][is_hybird()] android.permission.WRITE_CONTACTS
[INTERNAL_LOG][2018-06-12 01:02:26,578][INFO][is_hybird()] android.permission.ACCESS_FINE_LOCATION
[INTERNAL_LOG][2018-06-12 01:02:26,578][INFO][is_hybird()] android.permission.ACCESS_COARSE_LOCATION
[INTERNAL_LOG][2018-06-12 01:02:26,578][INFO][is_hybird()] com.google.android.c2dm.permission.RECEIVE
[INTERNAL_LOG][2018-06-12 01:02:26,578][INFO][is_hybird()] .permission.C2D_MESSAGE
[INTERNAL_LOG][2018-06-12 01:02:26,579][INFO][is_hybird()] android.permission.ACCESS_WIFI_STATE
[INTERNAL_LOG][2018-06-12 01:02:26,579][INFO][is_hybird()] com.mobilemotion.dubsmash.permission.C2D_MESSAGE
[INTERNAL_LOG][2018-06-12 01:02:26,579][INFO][is_hybird()] [Permission End]

[INTERNAL_LOG][2018-06-12 01:02:26,579][INFO][analyze_start()] TYPE APK: [ANDROID NATIVE]

[INTERNAL_LOG][2018-06-12 01:02:26,579][INFO][find_string()] [START FILE ANALYZE]
[INTERNAL_LOG][2018-06-12 01:02:26,579][INFO][find_string()] [END ANALYZE FILE]

[INTERNAL_LOG][2018-06-12 01:02:26,579][INFO][find_string()] [START FILE ANALYZE]
[INTERNAL_LOG][2018-06-12 01:02:26,579][INFO][find_string()] [END ANALYZE FILE]

[INTERNAL_LOG][2018-06-12 01:03:18,725][INFO][find_url_in_apk()] [START ALL URL INSIDE APK]
[INTERNAL_LOG][2018-06-12 01:03:18,725][INFO][find_url_in_apk()] https://graph.%s
https://graph-video.%s
https://facebook.com
https://facebook.com/device?user_code=%1$s&qr=1
http://play.google.com/store/apps/details?id=com.facebook.orca
https://pagead2.googlesyndication.com/pagead/gen_204?id=gmob-apps
https://www.googleapis.com/auth/games
https://plus.google.com/
https://app-measurement.com/a
https://www.google.com
https://www.dubsmash.com/
https://www.dubsmash.com/
https://www.dubsmash.com/
https://www.dubsmash.com/
http://c.dbsm.sh/
https://rhino.dubsmash.com
http://d92ui14ssb90j.cloudfront.net/features/blocker.json
http://d2nr8mwohhwyyc.cloudfront.net/features/blocker.json
http://d2mvjyox560c1b.cloudfront.net/version_android_release.json
http://d2mvjyox560c1b.cloudfront.net/version_android_release.json
http://play.google.com/store/apps/details?id:com.mobilemotion.dubsmash
http://play.google.com/store/apps/details?id:com.mobilemotion.dubsmash
http://play.google.com/store/apps/details?id:com.mobilemotion.dubsmash&hl=
http://www.w3.org/ns/ttml
http://www.w3.org/ns/ttml
http://www.smpte-ra.org/schemas/2052-1/2010/smpte-tt
http://www.smpte-ra.org/schemas/2052-1/2010/smpte-tt
https://api.instabug.com/api/sdk/v2
https://api.instabug.com/api/sdk/v2
https://messages.dubsmash.com/
https://staging.dbsm.sh/s/
https://staging.dbsm.sh/b/
https://dbsm.sh/s/
https://dbsm.sh/b/
https://sqs.eu-west-1.amazonaws.com/417173853888/General_Development
https://sqs.eu-west-1.amazonaws.com/417173853888/Soundboard_Development
https://sqs.eu-west-1.amazonaws.com/417173853888/Favorites_Development
https://sqs.eu-west-1.amazonaws.com/417173853888/Push_Development
https://sqs.eu-west-1.amazonaws.com/417173853888/General_Production
https://sqs.eu-west-1.amazonaws.com/417173853888/Soundboard_Production
https://sqs.eu-west-1.amazonaws.com/417173853888/Favorites_Production
https://sqs.eu-west-1.amazonaws.com/417173853888/Push_Production
https://dubsmash.com/topic/
https://api-staging.dubsmash.com
https://search-staging.dubsmash.com
https://tag-staging.dubsmash.com
https://messages-staging.dubsmash.com
https://graph-staging.dubsmash.com
https://experiments-staging.dubsmash.com
https://api.dubsmash.com
https://search.dubsmash.com
https://tag.dubsmash.com
https://messages.dubsmash.com
https://graph.dubsmash.com
https://experiments.dubsmash.com
https://staging.dbsm.sh/p/%s
https://dubsmash.com/%s
http://play.google.com/store/apps/details?id=
https://e.crashlytics.com/spi/v2/events
https://settings.crashlytics.com/spi/v2/platforms/android/apps/%s/settings
https://api.imoji.io/v2
http://www.amazon.com/gp/mas/dl/android?p=
http://schemas.android.com/apk/res/android
http://schemas.android.com/apk/res/android
http://schemas.android.com/apk/res/android
http://schemas.android.com/apk/res/android
http://localhost/
http://localhost/
http://localhost/

[INTERNAL_LOG][2018-06-12 01:03:18,726][INFO][find_url_in_apk()] [END ALL URL INSIDE APK]
[INTERNAL_LOG][2018-06-12 01:03:18,732][INFO][check_method_conf()] [JavaScript enabled: True]

[INTERNAL_LOG][2018-06-12 01:03:18,732][INFO][check_method_conf()] [Add interface WebView: True]

[INTERNAL_LOG][2018-06-12 01:03:18,732][INFO][analyze_start()] This app might be not vulnerable on  attack frame confusion.
[INTERNAL_LOG][2018-06-12 01:03:18,732][INFO][analyze_start()] End time:[Tue Jun 12 01:03:18 2018]
