[INTERNAL_LOG][2018-06-12 09:26:35,313][INFO][analyze_start()] Init Time [Tue Jun 12 09:26:35 2018]
[INTERNAL_LOG][2018-06-12 09:26:35,395][INFO][run()] Start Analysis
[INTERNAL_LOG][2018-06-12 09:26:35,396][INFO][is_hybird()] [Permission Enble Start]
[INTERNAL_LOG][2018-06-12 09:26:35,396][INFO][is_hybird()] android.permission.KILL_BACKGROUND_PROCESSES
[INTERNAL_LOG][2018-06-12 09:26:35,396][INFO][is_hybird()] android.permission.WRITE_SETTINGS
[INTERNAL_LOG][2018-06-12 09:26:35,397][INFO][is_hybird()] android.permission.CHANGE_WIFI_STATE
[INTERNAL_LOG][2018-06-12 09:26:35,397][INFO][is_hybird()] android.permission.CHANGE_NETWORK_STATE
[INTERNAL_LOG][2018-06-12 09:26:35,397][INFO][is_hybird()] android.permission.INTERNET
[INTERNAL_LOG][2018-06-12 09:26:35,397][INFO][is_hybird()] android.permission.SET_WALLPAPER
[INTERNAL_LOG][2018-06-12 09:26:35,397][INFO][is_hybird()] android.permission.ACCESS_NETWORK_STATE
[INTERNAL_LOG][2018-06-12 09:26:35,397][INFO][is_hybird()] android.permission.ACCESS_WIFI_STATE
[INTERNAL_LOG][2018-06-12 09:26:35,397][INFO][is_hybird()] com.android.launcher.permission.INSTALL_SHORTCUT
[INTERNAL_LOG][2018-06-12 09:26:35,397][INFO][is_hybird()] com.android.launcher.permission.UNINSTALL_SHORTCUT
[INTERNAL_LOG][2018-06-12 09:26:35,397][INFO][is_hybird()] android.permission.BLUETOOTH
[INTERNAL_LOG][2018-06-12 09:26:35,397][INFO][is_hybird()] android.permission.BLUETOOTH_ADMIN
[INTERNAL_LOG][2018-06-12 09:26:35,397][INFO][is_hybird()] android.permission.WRITE_EXTERNAL_STORAGE
[INTERNAL_LOG][2018-06-12 09:26:35,397][INFO][is_hybird()] android.permission.WRITE_MEDIA_STORAGE
[INTERNAL_LOG][2018-06-12 09:26:35,397][INFO][is_hybird()] android.permission.WAKE_LOCK
[INTERNAL_LOG][2018-06-12 09:26:35,397][INFO][is_hybird()] android.permission.READ_PHONE_STATE
[INTERNAL_LOG][2018-06-12 09:26:35,397][INFO][is_hybird()] android.permission.ACCESS_SUPERUSER
[INTERNAL_LOG][2018-06-12 09:26:35,397][INFO][is_hybird()] android.permission.VIBRATE
[INTERNAL_LOG][2018-06-12 09:26:35,397][INFO][is_hybird()] .PERMISSION
[INTERNAL_LOG][2018-06-12 09:26:35,397][INFO][is_hybird()] android.permission.CHANGE_WIFI_MULTICAST_STATE
[INTERNAL_LOG][2018-06-12 09:26:35,397][INFO][is_hybird()] android.permission.SYSTEM_ALERT_WINDOW
[INTERNAL_LOG][2018-06-12 09:26:35,397][INFO][is_hybird()] android.permission.GET_TASKS
[INTERNAL_LOG][2018-06-12 09:26:35,397][INFO][is_hybird()] com.android.vending.BILLING
[INTERNAL_LOG][2018-06-12 09:26:35,397][INFO][is_hybird()] android.permission.READ_EXTERNAL_STORAGE
[INTERNAL_LOG][2018-06-12 09:26:35,397][INFO][is_hybird()] [Permission End]

[INTERNAL_LOG][2018-06-12 09:26:35,397][INFO][analyze_start()] TYPE APK: [ANDROID NATIVE]

[INTERNAL_LOG][2018-06-12 09:26:35,398][INFO][find_string()] [START FILE ANALYZE]
[INTERNAL_LOG][2018-06-12 09:26:35,398][INFO][find_string()] File: assets/default_privacy_content.html
[INTERNAL_LOG][2018-06-12 09:26:35,448][INFO][find_string()] No iframe in assets/default_privacy_content.html
[INTERNAL_LOG][2018-06-12 09:26:35,448][INFO][find_string()] File: assets/es_privacy_content.html
[INTERNAL_LOG][2018-06-12 09:26:35,451][INFO][find_string()] No iframe in assets/es_privacy_content.html
[INTERNAL_LOG][2018-06-12 09:26:35,451][INFO][find_string()] File: assets/template.html
[INTERNAL_LOG][2018-06-12 09:26:35,452][INFO][find_string()] No iframe in assets/template.html
[INTERNAL_LOG][2018-06-12 09:26:35,452][INFO][find_string()] [END ANALYZE FILE]

[INTERNAL_LOG][2018-06-12 09:26:35,452][INFO][find_string()] [START FILE ANALYZE]
[INTERNAL_LOG][2018-06-12 09:26:35,452][INFO][find_string()] [END ANALYZE FILE]

[INTERNAL_LOG][2018-06-12 09:27:47,246][INFO][find_url_in_apk()] [START ALL URL INSIDE APK]
[INTERNAL_LOG][2018-06-12 09:27:47,246][INFO][find_url_in_apk()] http://www.baidu.com?__wp-action=auth-widget
http://www.baidu.com?__wp-action=forget-pwd
http://www.baidu.com?__wp-action=modify-pwd
http://www.baidu.com
http://www.baidu.com
http://www.baidu.com
http://passport.baidu.com
http://wappass.baidu.com
https://openapi.baidu.com
https://openapi.baidu.com
https://openapi.baidu.com
https://openapi.baidu.com
https://openapi.baidu.com
http://wappass.bdimg.com
http://himg.baidu.com
http://passport.rdtest.baidu.com
http://passport.rdtest.baidu.com:8000
http://dbl-dev-rd23.vm.baidu.com:8080
http://passport.qatest.baidu.com
http://wappass.qatest.baidu.com
http://db-infbk-online-17.db01.baidu.com:8080
https://graph.facebook.com/network_ads_common
https://graph.facebook.com/network_ads_common
https://twitter.com/%s/status/%s
https://twitter.com/%s/status/%s
http://rtb.duapps.com:80/
http://info.yahoo.com/privacy/us/yahoo/relevantads.html
http://www.estrongs.com/console/service/sample/index.php
http://conf.international.baidu.com/index.php/Sample/getConf
http://market.android.com/details?id=
http://www.amazon.com/gp/mas/dl/android?p=
http://www.estrongs.com/download.html
http://win-title/
http://win-title/
http://win-title/
http://127.0.0.1
http://flashair/
http://flashair/upload.cgi?DEL=
http://flashair/upload.cgi
http://flashair/upload.cgi
https://trc.taboola.com
https://cdn.taboola.com/mobile-sdk/init/
http://schemas.android.com/apk/res/android
http://schemas.android.com/apk/res/android
https://ads.avocarrot.com/requests
https://s3.amazonaws.com/avocarrot-assets/media/images/ads/ratings/##.png
https://sdklogs.avocarrot.com
https://openrcv.baidu.com/1010/bplus.gif
https://dxp.baidu.com/upgrade?
http://hmma.baidu.com/app.gif
https://hmma.baidu.com/app.gif
https://rts.ssl2.duapps.com/orts/rp?
https://rts.ssl2.duapps.com/orts/rp?
https://rts.ssl2.duapps.com/orts/rp?
https://rts.ssl2.duapps.com/orts/rp?
https://rts.ssl2.duapps.com/orts/rpb?
https://rts.ssl2.duapps.com/orts/rpb?
https://rts.ssl2.duapps.com/orts/rpb?
https://rts.ssl2.duapps.com/orts/rpb?
https://iplua.api.xoxknct.com/orts/ua?
https://iplua.api.xoxknct.com/orts/ua?
https://sandbox.ssl2.duapps.com/orts/rp?
https://sandbox.ssl2.duapps.com/orts/rpb?
https://sandbox.ssl2.duapps.com/orts/ua?
http://himg.bdimg.com/sys/portrait/item/%s.jpg
http://himg.bdimg.com/sys/portrait/item/%s.jpg
https://passport.baidu.com/channel/unicast
http://nsclick.baidu.com/v.gif
http://119.75.220.29
http://220.181.111.48
http://123.125.115.81
http://market.
https://market.
https://play.
http://play.
https://play.google.com/store/apps/details?id=%s&referrer=%s
http://pasta.dianxinos.com/feedback
http://pasta.dianxinos.com/api/tokens
http://pasta.dianxinos.com/api/data
http://sandbox.sjws.baidu.com:8080/statistics_feedback
http://pasta.ds.duapps.com/feedback
http://pasta.sd.duapps.com/feedback
http://sandbox.sjws.baidu.com:8080/api/tokens
http://pasta.ds.duapps.com/api/tokens
http://pasta.sd.duapps.com/api/tokens
http://sandbox.sjws.baidu.com:8080/api/data
http://pasta.ds.duapps.com/api/data
http://pasta.sd.duapps.com/api/data
http://common.duapps.com/appLock/getConf
http://common.duapps.com/appLock/getConf
http://common.duapps.com/appLock/getConf
http://common.duapps.com/swipe/report
http://common.duapps.com/swipe/report
http://cp01-sjws-dx076.cp01.baidu.com:8888/appLock/getConf
http://cp01-sjws-dx076.cp01.baidu.com:8888/appLock/getConf
http://sandbox.duapps.com:8124/appLock/report
http://sandbox.duapps.com:8124/recommend/get
http://nrc.ds.duapps.com/get
http://nrc.sd.duapps.com/get
http://nrc.tapas.net/get
http://rec.in.tira.cn:8000/recommend/get
https://www.dropbox.com/upgrade?oqa=upeaoq
https://mblapi.ssl2.duapps.com/adunion/slot/getDlAd?
https://mblapi.ssl2.duapps.com/adunion/slot/getDlAd?
https://mblapi.ssl2.duapps.com/adunion/rtb/getInmobiAd?
https://mblapi.ssl2.duapps.com/adunion/rtb/getInmobiAd?
https://mblapi.ssl2.duapps.com/adunion/rtb/getWosoAd?
https://mblapi.ssl2.duapps.com/adunion/rtb/getWosoAd?
https://mblapi.ssl2.duapps.com/adunion/slot/getTPC?
https://mblapi.ssl2.duapps.com/adunion/slot/getTPC?
http://sandbox.duapps.com:8124/adunion/slot/coinswall?
http://sandbox.duapps.com:8124/adunion/slot/coinswall?
https://mblapi.ssl2.duapps.com/adunion/rtb/fetchAd?
https://mblapi.ssl2.duapps.com/adunion/rtb/fetchAd?
https://mblapi.ssl2.duapps.com/adunion/slot/coinswall?
http://sandbox.duapps.com:8124/adunion/slot/getDlAd?
http://sandbox.duapps.com:8124/adunion/rtb/getInmobiAd?
http://sandbox.duapps.com:8124/adunion/rtb/getWosoAd?
http://sandbox.duapps.com:8124/adunion/slot/getTPC?
http://sandbox.duapps.com:8124/adunion/rtb/fetchAd?
http://market.android.com
http://market.android.com
https://market.android.com
https://market.android.com
https://play.google.com
https://play.google.com
http://play.google.com
http://play.google.com
https://mblapi.ssl2.duapps.com/adunion/slot/tdmr?
https://www.mopub.com/optout
https://www.mopub.com/optout
https://mblapi.ssl2.duapps.com/adunion/slot/getSrcPrio?
https://mblapi.ssl2.duapps.com/adunion/slot/getSrcPrio?
http://sandbox.duapps.com:8124/adunion/slot/getSrcPrio?
https://play.google.com/store/apps/details?id=
http://sandbox.duapps.com:8124/orts/rp?
http://sandbox.duapps.com:8124/orts/rpb?
http://api.mobula.sdk.duapps.com/adunion/slot/fetchConfig?
http://api.mobula.sdk.duapps.com/adunion/slot/fetchConfig?
http://sandbox.duapps.com:8124/adunion/slot/fetchConfig?
http://api.mobula.sdk.duapps.com/adunion/rtb/getHotWord?type=myself
http://api.mobula.sdk.duapps.com/adunion/rtb/getHotWord?type=myself
http://sandbox.duapps.com:8124/adunion/rtb/getHotWord?type=myself
https://search.yahoo.com
http://api-client.mobitech-search.xyz/?p_key=8881&test=test&q=
https://search.yahoo.com/yhs/mobile/search?hspart=baidu&hsimp=yhsm-boosterappbox&p=
http://search.abclauncher.com/web?lh=1&seg=bidu&q=
http://ssmsp-m.ask.com/query?hi=0&num=6&q=
https://analytics.mopub.com/i/jot/exchange_client_event
https://analytics.mopub.com/i/jot/exchange_client_event
http://www.estrongs.com/console/service/app_folder/share.php?f=%s&a=%s&i=%s
http://www.estrongs.com/console/service/app_folder?v=
http://www.estrongs.com/console/service/msgbox/rate/?card=
http://www.estrongs.com/console/service/msgbox/list/
http://pasta.esfile.duapps.com/feedback
http://pasta.esfile.duapps.com/api/tokens
http://pasta.esfile.duapps.com/api/data
http://127.0.0.1:35864/
http://www.estrongs.com/eshelp/en/ES_File_Explorer_User_Manual3.0.htm
http://www.estrongs.com/eshelp/cn/ES_File_Explorer_User_Manual3.0.htm
http://127.0.0.1:59777/
http://127.0.0.1:59777/
http://127.0.0.1:59777/
http://127.0.0.1:
http://127.0.0.1:
http://update.estrongs.com/up?id=1&l=
http://update.estrongs.com/up?id=1&l=
http://update.estrongs.com/up?id=1&l=
http://www.estrongs.com/privacyStatement/en/index.htm
http://www.estrongs.com/privacyStatement/cn/index.htm
http://www.estrongs.com/console/service/pkg/stat/?req=s&t=3&p=com.dianxinos.optimizer.duplay
http://www.estrongs.com/console/service/pkg/stat/?req=s&t=1&p=com.dianxinos.optimizer.duplay
https://play.google.com/store/apps/details?id=com.dianxinos.optimizer.duplay&referrer=
http://www.baidu.com/jump.html
https://play.google.com/store/apps/details?id=com.estrongs.android.pop
http://url.ds.duapps.com/duplay/share_feature_gp
https://graph.facebook.com/
https://graph.facebook.com/%s/comments?limit=%s&offset=%s&access_token=%s
https://m.facebook.com/dialog/oauth?display=touch&client_id=245740315545780&scope=offline_access%2Cpublish_stream%2Cuser_photos%2Cpublish_checkins%2Cphoto_upload&type=user_agent&redirect_uri=fbconnect%3A%2F%2Fsuccess
https://graph.facebook.com/%s?access_token=%s
http://www.estrongs.com
http://www.estrongs.com
http://www.estrongs.com
http://www.estrongs.com
http://www.estrongs.com
http://www.estrongs.com
http://www.estrongs.com
http://www.estrongs.com
http://www.estrongs.com
http://www.estrongs.com
http://www.estrongs.com
http://farm%1$s.static.flickr.com/%2$s/%3$s_%4$s.jpg
http://www.flickr.com/services/rest
http://www.flickr.com/services/rest
http://www.flickr.com:80/services/rest
http://www.flickr.com:80/services/rest
http://api.flickr.com/services/upload/
http://api.flickr.com:80/services/upload/
http://www.flickr.com/services/oauth/access_token
http://flickr.com/buddyicons/
http://www.flickr.com/services/oauth/request_token
https://api.instagram.com/oauth/access_token
https://api.instagram.com/v1
https://api.instagram.com
http://v.17186.cn/test.jsp
http://goo.gl/gTCquG
http://m.baidu.com/s?from=1648a&word=%1s
http://m.baidu.com/s?from=1648a
http://m.baidu.com/s?from=1648a&vit=union&st=103041&word=%1s
http://m.hao123.com/a/tupian/?tagid=shenghuo_shoujibizhi
http://m.baidu.com/video?from=1648a&word=%1s
http://tv.baidu.com/m?from=es_file_explorer
http://music.baidu.com/#search/%1s/?fr=ch_es&pa=1&da=1&bb=1&lr=1&vd=1&td=1&ta=1&mgd=0&bi=1&sl=1&dsa=1&tn=1&noad=1
http://music.baidu.com/?fr=ch_es&pa=1&da=1&bb=1&lr=1&vd=1&td=1&ta=1&mgd=0&bi=1&sl=1&dsa=1&tn=1&noad=1
http://down.znds.com/plus/search.php?kwtype=0&q=%1s&searchtype=title
http://down.znds.com/
http://m.baidu.com/s?st=11n041&tn=xsd&pn=0&pu=sz@1320_1001&ssid=0&from=1648a&bd_page_type=1&word=%1s
http://m.baidu.com/book/?ref=es_file_explorer&from=1648a
http://m.baidu.com/s?from=1648a&word=天气
http://m.baidu.com/news?from=1648a
http://www.google.com/search?safe=strict&q=%1s
http://www.google.com/
http://www.google.com/search?safe=strict&tbm=isch&q=%1s
http://images.google.com/
http://www.youtube.com/results?search_query=%1s
http://m.youtube.com/
https://play.google.com/store/search?q=%1s
https://play.google.com/music/
https://market.android.com/music/
https://play.google.com/apps/
https://market.android.com/apps/
https://www.google.com/search?&tbm=bks&q=%1s
https://play.google.com/books/
https://market.android.com/books/
https://www.google.com/search?&q=weather
https://news.google.com
http://www.yandex.com/touchsearch?text=%1s
http://www.yandex.com/
http://www.yandex.com/images/search?text=%1s
http://yandex.com/images/
http://m.video.yandex.com/#!/search?text=%1s
http://yandex.com/video/
https://market.android.com/appks/
http://search.naver.com/search.naver?query=%1s
http://wwww.naver.com/
http://image.search.naver.com/search.naver?query=%1s
http://photo.naver.com/
http://video.search.naver.com/search.naver?query=%1s
http://movie.naver.com/
http://m.music.naver.com/search/search.nhn?query=%1s
http://music.naver.com/
http://nstore.naver.com/search/search.nhn?t=all&fs=appstore&q=%1s
http://appstore.naver.com/
http://book.naver.com/search/search.nhn?query=%1s
http://book.naver.com/
https://search.yahoo.com/yhs/mobile/search?hspart=baidu&hsimp=yhsm-boosterappbox&type=homesearch&p=%1s
http://www.yahoo.com/
https://video.search.yahoo.com/search/video?p=%1s
http://movies.yahoo.com/
http://search.yahoo.com/search/?p=%1s&vs=music.yahoo.com
http://music.yahoo.com/
https://images.search.yahoo.com/search/images?p=%1s
http://m.flickr.com/#/explore/interesting/
http://games.yahoo.com/
http://books.yahoo.com/
http://www.amazon.com/s/field-keywords=%1s
http://www.amazon.com/
http://video.amazon.com/
http://music.amazon.com/
http://www.amazon.com/appstore
http://books.amazon.com/
http://www.mysearch.com/web?mgct=hp&o=APN11955&q=%1s
http://www.mysearch.com/web?mgct=hp&o=APN11955
http://www.mysearch.com/web?mgct=hp&o=APN11955&q=news
http://www.mysearch.com/web?mgct=hp&o=APN11955&q=document
http://www.mysearch.com/pictures?mgct=hp&o=APN11895&q=%1s
http://www.mysearch.com/web?mgct=hp&o=APN11955&q=image
http://www.mysearch.com/videos?mgct=hp&o=APN11895&q=%1s
http://www.mysearch.com/web?mgct=hp&o=APN11955&q=video
http://www.mysearch.com/web?mgct=hp&o=APN11955&q=music
http://www.mysearch.com/web?mgct=hp&o=APN11955&q=weather
http://www.mysearch.com/web?mgct=hp&o=APN11955&q=apk
http://m.anzhi.com
http://app.vmall.com
http://m.shafa.com/search?kw=%1s
http://m.shafa.com/
http://m.baidu.com/app?action=search&from=1000364e&pu=osname@esbrowser#word=%1s
http://m.baidu.com/app?from=1000364e&pu=osname@esbrowser
http://www.estrongs.com/console/service/searchaddrs?v=
https://play.google.com/store/apps/details
https://play.google.com/store/apps/details
https://play.google.com/store/apps/details
http://www.estrongs.com/channel?aid=
http://www.estrongs.com/channel?aid=
http://www.estrongs.com/channel?
http://www.estrongs.com/channel?iid=
http://www.estrongs.com/channel?iid=
http://rt.api.glispa.com/native/v1/ad
http://0.esfileexplorer.duapp.com/notify/1t
http://0.esfileexplorer.duapp.com/notify/1t
http://update.estrongs.com/up/?id=100&v=0
http://www.estrongs.com/esshare?s=
http://www.estrongs.com/esshare?s=
http://www.estrongs.com/esshare?s=
https://play.google.com/store/apps/details?id=com.storage.space.es.diskanalyzer&utm_source=estrongs&utm_medium=fileexplorer&utm_campaign=esfileplorer
http://wappass.baidu.com/passport/?getpass
http://www.estrongs.com/console/service/0918/?
http://www.estrongs.com/console/service/0918/?aid=
http://www.estrongs.com/console/service/0918/?iid=
http://img.phone.baidu.com/public/uploads/esfile/themes_thumb2/apk_1482407038.pngapk
http://img.phone.baidu.com/public/uploads/esfile/resources/1503383804.apk
https://localhost
http://localhost
http://127.0.0.1:50767
http://passport.baidu.com/phoenix/account/afterauth
http://m.facebook.com
http://estrongs.android.pop
http://t.cn/
http://t.cn/
http://dwz.cn
http://dwz.cn
http://m.baidu.com/api?
http://flashair/thumbnail.cgi?
http://flashair/command.cgi?op=100&DIR=
https://openapi.baidu.com/yunid/device
https://180.149.132.118/yunid/device
https://passport.baidu.com/v2/sapi/smsgetlogin
https://220.181.111.48/v2/sapi/smsgetlogin
https://123.125.115.81/v2/sapi/smsgetlogin
https://123.125.114.161/v2/sapi/smsgetlogin
https://119.75.220.29/v2/sapi/smsgetlogin
https://pcs.baidu.com/rest/2.0/pcs/thumbnail?
https://pcs.baidu.com/rest/2.0/pcs/file?
https://pcs.baidu.com/rest/2.0/pcs/file?
https://pcs.baidu.com/rest/2.0/pcs/file?
https://pcs.baidu.com/rest/2.0/pcs/file?
https://pcs.baidu.com/rest/2.0/pcs/file?
https://pcs.baidu.com/rest/2.0/pcs/file?
https://pcs.baidu.com/rest/2.0/pcs/file?
https://pcs.baidu.com/rest/2.0/pcs/file?
https://pcs.baidu.com/rest/2.0/pcs/file?
https://pcs.baidu.com/rest/2.0/pcs/file?
https://pcs.baidu.com/rest/2.0/pcs/file?
https://openapi.baidu.com/yunid/user/fulfilbinding
http://passport.baidu.com/phoenix/account/startlogin?
http://dwz.cn/create.php
https://openapi.baidu.com/yunid/user/bindingcaptcha
http://dwz.cn/query.php
https://pcs.baidu.com/rest/2.0/pcs/quota?
https://pcs.baidu.com/rest/2.0/pcs/services/cloud_dl?
https://pcs.baidu.com/rest/2.0/pcs/services/cloud_dl?
https://pcs.baidu.com/rest/2.0/pcs/services/cloud_dl?
https://pcs.baidu.com/rest/2.0/pcs/services/cloud_dl?
https://pcs.baidu.com/rest/2.0/pcs/share?
http://www.estrongs.com/resources/
http://m.facebook.com/ads/ad_choices
http://m.facebook.com/ads/ad_choices
https://www.facebook.com/audience_network/server_side_reward
https://www.%s.facebook.com/audience_network/server_side_reward
https://graph.%s.facebook.com/network_ads_common
https://www.facebook.com/adnw_logging/
https://www.%s.facebook.com/adnw_logging/
https://www.facebook.com/
https://www.%s.facebook.com
http://www.facebook.com
https://pagead2.googlesyndication.com/pagead/gen_204?id=gmob-apps
http://www.google-analytics.com
https://ssl.google-analytics.com
http://plus.google.com/
https://www.googletagmanager.com
http://hostname/?
http://extern.yahoo.com/b
http://extern.yahoo.com/c
http://extern.yahoo.com/p
https://syndication.site.yahoo.net/sapps/api/v1
http://www.w3.org/1999/xhtml
http://www.w3.org/1999/xhtml
http://www.w3.org/1999/xhtml
http://www.w3.org/1999/xhtml
http://www.w3.org/1999/xhtml
http://www.w3.org/1999/xhtml
http://www.w3.org/1999/xhtml
http://www.w3.org/1999/xhtml
http://www.w3.org/1999/xhtml
http://www.w3.org/1999/xhtml
http://www.w3.org/1999/xhtml
http://www.w3.org/1999/xhtml
http://www.w3.org/1999/xhtml
http://www.w3.org/1999/xhtml
http://purl.org/dc/elements/1.1/
http://purl.org/dc/elements/1.1/
http://purl.org/dc/elements/1.1/
http://purl.org/dc/elements/1.1/
http://www.w3.org/2000/xmlns/
http://schemas.xmlsoap.org/soap/envelope/
http://schemas.xmlsoap.org/soap/envelope/
http://schemas.xmlsoap.org/soap/encoding/
http://www.w3.org/2001/xml.xsd
http://www.w3.org/2001/xml.xsd
http://apache.org/xml/features/xinclude/fixup-base-uris
http://apache.org/xml/features/xinclude/fixup-language
http://apache.org/xml/features/validation/dynamic
http://www.w3.org/2001/XMLSchema
http://www.w3.org/2001/XMLSchema
http://www.w3.org/TR/html4/loose.dtd

[INTERNAL_LOG][2018-06-12 09:27:47,246][INFO][find_url_in_apk()] [END ALL URL INSIDE APK]
[INTERNAL_LOG][2018-06-12 09:27:47,257][INFO][check_method_conf()] [JavaScript enabled: True]

[INTERNAL_LOG][2018-06-12 09:27:47,258][INFO][check_method_conf()] [Add interface WebView: True]

[INTERNAL_LOG][2018-06-12 09:27:47,258][INFO][analyze_start()] This app might be not vulnerable on  attack frame confusion.
[INTERNAL_LOG][2018-06-12 09:27:47,258][INFO][analyze_start()] End time:[Tue Jun 12 09:27:47 2018]
