[INTERNAL_LOG][2018-06-12 04:46:51,563][INFO][analyze_start()] Init Time [Tue Jun 12 04:46:51 2018]
[INTERNAL_LOG][2018-06-12 04:46:51,710][INFO][run()] Start Analysis
[INTERNAL_LOG][2018-06-12 04:46:51,710][INFO][is_hybird()] [Permission Enble Start]
[INTERNAL_LOG][2018-06-12 04:46:51,710][INFO][is_hybird()] android.permission.ACCESS_NETWORK_STATE
[INTERNAL_LOG][2018-06-12 04:46:51,710][INFO][is_hybird()] android.permission.BATTERY_STATS
[INTERNAL_LOG][2018-06-12 04:46:51,710][INFO][is_hybird()] android.permission.WAKE_LOCK
[INTERNAL_LOG][2018-06-12 04:46:51,710][INFO][is_hybird()] android.permission.MODIFY_AUDIO_SETTINGS
[INTERNAL_LOG][2018-06-12 04:46:51,710][INFO][is_hybird()] android.permission.SET_ORIENTATION
[INTERNAL_LOG][2018-06-12 04:46:51,710][INFO][is_hybird()] android.permission.DEVICE_POWER
[INTERNAL_LOG][2018-06-12 04:46:51,710][INFO][is_hybird()] android.permission.VIBRATE
[INTERNAL_LOG][2018-06-12 04:46:51,710][INFO][is_hybird()] com.android.vending.BILLING
[INTERNAL_LOG][2018-06-12 04:46:51,710][INFO][is_hybird()] android.permission.INTERNET
[INTERNAL_LOG][2018-06-12 04:46:51,710][INFO][is_hybird()] com.android.vending.BILLING
[INTERNAL_LOG][2018-06-12 04:46:51,711][INFO][is_hybird()] com.sec.android.iap.permission.BILLING
[INTERNAL_LOG][2018-06-12 04:46:51,711][INFO][is_hybird()] android.permission.INTERNET
[INTERNAL_LOG][2018-06-12 04:46:51,711][INFO][is_hybird()] [Permission End]

[INTERNAL_LOG][2018-06-12 04:46:51,711][INFO][analyze_start()] TYPE APK: [ANDROID NATIVE]

[INTERNAL_LOG][2018-06-12 04:46:51,711][INFO][find_string()] [START FILE ANALYZE]
[INTERNAL_LOG][2018-06-12 04:46:51,711][INFO][find_string()] [END ANALYZE FILE]

[INTERNAL_LOG][2018-06-12 04:46:51,711][INFO][find_string()] [START FILE ANALYZE]
[INTERNAL_LOG][2018-06-12 04:46:51,711][INFO][find_string()] [END ANALYZE FILE]

[INTERNAL_LOG][2018-06-12 04:47:23,780][INFO][find_url_in_apk()] [START ALL URL INSIDE APK]
[INTERNAL_LOG][2018-06-12 04:47:23,780][INFO][find_url_in_apk()] http://www.amazon.com/gp/mas/get-appstore/android/ref=mas_mx_mba_iap_dl
https://m.facebook.com/dialog/
https://graph.facebook.com/
https://api.facebook.com/restserver.php
https://graph.facebook.com/%s/picture
https://graph.%s
https://graph-video.%s
https://facebook.com
http://hostname/?
http://hostname/?
http://www.google-analytics.com
https://ssl.google-analytics.com
https://accounts.google.com
https://accounts.google.com
https://www.facebook.com
https://www.facebook.com
https://www.googleapis.com/auth/plus.me
https://www.googleapis.com/auth/plus.me
https://www.googleapis.com/auth/games
https://www.googleapis.com/auth/games
https://www.googleapis.com/auth/games
http://plus.google.com/
https://www.googleapis.com/auth/drive.file
https://www.googleapis.com/auth/drive.appdata
https://www.googleapis.com/auth/drive
https://www.googleapis.com/auth/drive.apps
https://www.googleapis.com/auth/fitness.activity.read
https://www.googleapis.com/auth/fitness.activity.read
https://www.googleapis.com/auth/fitness.activity.write
https://www.googleapis.com/auth/fitness.activity.write
https://www.googleapis.com/auth/fitness.location.read
https://www.googleapis.com/auth/fitness.location.read
https://www.googleapis.com/auth/fitness.location.write
https://www.googleapis.com/auth/fitness.location.write
https://www.googleapis.com/auth/fitness.body.read
https://www.googleapis.com/auth/fitness.body.read
https://www.googleapis.com/auth/fitness.body.write
https://www.googleapis.com/auth/fitness.body.write
https://www.googleapis.com/auth/fitness.nutrition.read
https://www.googleapis.com/auth/fitness.nutrition.read
https://www.googleapis.com/auth/fitness.nutrition.write
https://www.googleapis.com/auth/fitness.nutrition.write
https://www.googleapis.com/auth/games.firstparty
https://www.googleapis.com/auth/games.firstparty
https://googleads.g.doubleclick.net/mads/static/mad/sdk/native/sdk-core-v40.html
https://googleads.g.doubleclick.net/mads/static/mad/sdk/native/mraid/v2/mraid_app_banner.js
https://googleads.g.doubleclick.net/mads/static/mad/sdk/native/mraid/v2/mraid_app_expanded_banner.js
https://googleads.g.doubleclick.net/mads/static/mad/sdk/native/mraid/v2/mraid_app_interstitial.js
https://csi.gstatic.com/csi
http://www.google.com
https://app-measurement.com/a
https://www.googleapis.com/auth/plus.login
http://schemas.android.com/apk/lib/com.google.android.gms.plus
http://schemas.android.com/apk/lib/com.google.android.gms.plus
https://www.googletagmanager.com
https://www.facebook.com/dialog/feed?app_id=181821551957328&link=
https://m.google.com/app/plus/x/?v=compose&content=
http://twitter.com/home?status=
http://a.ai.inmobi.com/v2/ad.html
https://rules-ltvp.inmobi.com/v2/rules.json
https://e-ltvp.inmobi.com/storm/v1/event
https://sdkm.w.inmobi.com/user/e.asm
https://d.appsdt.com/download/tracker/?
https://d.appsdt.com/sdkdwnldbeacon.html
https://d.appsdt.com/download/tracker/iatsdkconfs?
https://sdkm.w.inmobi.com/metrics/e.asm
http://i.w.inmobi.com/showad.asm
http://dock.inmobi.com/carb/v1/i
http://dock.inmobi.com/carb/v1/i
http://dock.inmobi.com/carb/v1/o
http://dock.inmobi.com/carb/v1/o
https://tracking.aatkit.com/cgi-bin/track.cgi
https://tracking.aatkit.com/cgi-bin/track.cgi
https://reporting.aatkit.com/cgi-bin/report.cgi
https://reporting.aatkit.com/cgi-bin/report.cgi
http://bos.ads.nexage.com/adServe
http://bos.ads.nexage.com/adServe
https://house.aatkit.com/cgi-bin/house.cgi?type=%d&slot=%d&app=%s&lang=%s&model=%s&idfa=%s
https://house.aatkit.com/cgi-bin/house.cgi?type=%d&slot=%d&app=%s&lang=%s&model=%s&idfa=%s
https://play.google.com/store/apps/details?id=
https://play.google.com/store/apps/details?id=
https://track.loopme.me/api/errors
https://z.moatads.com/
https://iap.samsungapps.com/iap/appsItemVerifyIAPReceipt.as?protocolVersion=2.0
http://schemas.applovin.com/android/1.0
http://schemas.applovin.com/android/1.0
https://d.applovin.com/
https://a.applovin.com/
https://rt.applovin.com/med
https://rt.applovin.com/pix
https://d.applvn.com/
https://a.applvn.com/
https://rt.applvn.com/pix
https://vid.applovin.com/,https://pdn.applovin.com/,https://img.applovin.com/,https://d.applovin.com/,https://assets.applovin.com/,https://cdnjs.cloudflare.com/,http://vid.applovin.com/,http://pdn.applovin.com/,http://img.applovin.com/,http://d.applovin.com/,http://assets.applovin.com/,http://cdnjs.cloudflare.com/
https://rules.aatkit.com/cgi-bin/kitty.cgi
https://rules.aatkit.com/cgi-bin/kitty.cgi
https://rules2.aatkit.com/cgi-bin/kitty.cgi
https://rules3.aatkit.com/cgi-bin/kitty.cgi
https://loghost.aatkit.com/cgi-bin/logger.cgi?
https://androidads23.adcolony.com/configure
https://config.unityads.unity3d.com/webview/

[INTERNAL_LOG][2018-06-12 04:47:23,780][INFO][find_url_in_apk()] [END ALL URL INSIDE APK]
[INTERNAL_LOG][2018-06-12 04:47:23,786][INFO][check_method_conf()] [JavaScript enabled: True]

[INTERNAL_LOG][2018-06-12 04:47:23,787][INFO][check_method_conf()] [Add interface WebView: True]

[INTERNAL_LOG][2018-06-12 04:47:23,787][INFO][analyze_start()] This app might be not vulnerable on  attack frame confusion.
[INTERNAL_LOG][2018-06-12 04:47:23,787][INFO][analyze_start()] End time:[Tue Jun 12 04:47:23 2018]
