[INTERNAL_LOG][2018-06-12 08:53:23,407][INFO][analyze_start()] Init Time [Tue Jun 12 08:53:23 2018]
[INTERNAL_LOG][2018-06-12 08:53:23,599][INFO][is_hybird()] [Permission Enble Start]
[INTERNAL_LOG][2018-06-12 08:53:23,599][INFO][run()] Start Analysis
[INTERNAL_LOG][2018-06-12 08:53:23,600][INFO][is_hybird()] android.permission.INTERNET
[INTERNAL_LOG][2018-06-12 08:53:23,600][INFO][is_hybird()] android.permission.ACCESS_WIFI_STATE
[INTERNAL_LOG][2018-06-12 08:53:23,600][INFO][is_hybird()] android.permission.CHANGE_WIFI_STATE
[INTERNAL_LOG][2018-06-12 08:53:23,600][INFO][is_hybird()] android.permission.ACCESS_NETWORK_STATE
[INTERNAL_LOG][2018-06-12 08:53:23,600][INFO][is_hybird()] android.permission.WRITE_EXTERNAL_STORAGE
[INTERNAL_LOG][2018-06-12 08:53:23,600][INFO][is_hybird()] com.android.vending.BILLING
[INTERNAL_LOG][2018-06-12 08:53:23,600][INFO][is_hybird()] android.permission.FLAG_GRANT_READ_URI_PERMISSION
[INTERNAL_LOG][2018-06-12 08:53:23,600][INFO][is_hybird()] android.permission.WAKE_LOCK
[INTERNAL_LOG][2018-06-12 08:53:23,600][INFO][is_hybird()] com.google.android.c2dm.permission.RECEIVE
[INTERNAL_LOG][2018-06-12 08:53:23,600][INFO][is_hybird()] android.permission.READ_EXTERNAL_STORAGE
[INTERNAL_LOG][2018-06-12 08:53:23,600][INFO][is_hybird()] com.funplus.familyfarm.permission.C2D_MESSAGE
[INTERNAL_LOG][2018-06-12 08:53:23,600][INFO][is_hybird()] com.google.android.finsky.permission.BIND_GET_INSTALL_REFERRER_SERVICE
[INTERNAL_LOG][2018-06-12 08:53:23,600][INFO][is_hybird()] android.permission.VIBRATE
[INTERNAL_LOG][2018-06-12 08:53:23,600][INFO][is_hybird()] [Permission End]

[INTERNAL_LOG][2018-06-12 08:53:23,600][INFO][analyze_start()] TYPE APK: [ANDROID NATIVE]

[INTERNAL_LOG][2018-06-12 08:53:23,600][INFO][find_string()] [START FILE ANALYZE]
[INTERNAL_LOG][2018-06-12 08:53:23,601][INFO][find_string()] File: com/deviceinsight/android/android.html
[INTERNAL_LOG][2018-06-12 08:53:23,601][INFO][find_string()] No iframe in com/deviceinsight/android/android.html
[INTERNAL_LOG][2018-06-12 08:53:23,601][INFO][find_string()] File: js/closebutton.html
[INTERNAL_LOG][2018-06-12 08:53:23,602][INFO][find_string()] No iframe in js/closebutton.html
[INTERNAL_LOG][2018-06-12 08:53:23,602][INFO][find_string()] [END ANALYZE FILE]

[INTERNAL_LOG][2018-06-12 08:53:23,602][INFO][find_string()] [START FILE ANALYZE]
[INTERNAL_LOG][2018-06-12 08:53:23,602][INFO][find_string()] File: js/mraid.js
[INTERNAL_LOG][2018-06-12 08:53:23,604][INFO][find_string()] No iframe in js/mraid.js
[INTERNAL_LOG][2018-06-12 08:53:23,604][INFO][find_string()] [END ANALYZE FILE]

[INTERNAL_LOG][2018-06-12 08:54:23,223][INFO][find_url_in_apk()] [START ALL URL INSIDE APK]
[INTERNAL_LOG][2018-06-12 08:54:23,223][INFO][find_url_in_apk()] http://schemas.android.com/apk/res/android
https://adc3-launch-server-staging.herokuapp.com/v4/launch
https://adc3-launch.adcolony.com/v4/launch
https://adc3-launch.adcolony.com/v4/launch
https://wd.adcolony.com/logs
https://app.adjust.com
https://app.adjust.com
https://app.adjust.com
https://gdpr.adjust.com
https://gdpr.adjust.com
https://gdpr.adjust.com
https://applab-sdk.amazon.com/1.0
https://applab-sdk.amazon.com/1.0
https://applab-sdk.amazon.com/1.0
http://schemas.applovin.com/android/1.0
http://schemas.applovin.com/android/1.0
https://d.applovin.com/
https://a.applovin.com/
https://rt.applovin.com/med
https://rt.applovin.com/pix
https://d.applvn.com/
https://a.applvn.com/
https://rt.applvn.com/pix
https://vid.applovin.com/,https://pdn.applovin.com/,https://img.applovin.com/,https://d.applovin.com/,https://assets.applovin.com/,https://cdnjs.cloudflare.com/,http://vid.applovin.com/,http://pdn.applovin.com/,http://img.applovin.com/,http://d.applovin.com/,http://assets.applovin.com/,http://cdnjs.cloudflare.com/
https://cp.pushwoosh.com/content/%s
http://cp.pushwoosh.com/json/1.3/
https://cp.pushwoosh.com/json/1.3/
https://live.chartboost.com
http://market.android.com/
https://graph.%s
https://graph-video.%s
https://facebook.com
http://play.google.com/store/apps/details?id=com.facebook.orca
http://play.google.com/store/apps/details?id=com.facebook.orca
http://schemas.google.com/AddActivity
http://schemas.google.com/BuyActivity
http://itunes.apple.com/app/id539920547?mt=8
https://passport.funplusgame.com/client_api.php
https://passport.funplusgame.com/server_api.php
https://config.funplusgame.com/api/config
http://www.amazon.com/gp/mas/dl/android?p=com.facebook.orca
https://service.fyber.com/actions/v2
https://service.fyber.com/installs/v2
https://api.fyber.com/vcs/v1/new_credit.json
https://video.fyber.com
https://rewarded-video.fyber.com/tracker
https://offer.fyber.com/mobile
https://interstitial.fyber.com/interstitial
https://interstitial.fyber.com/tracker
https://sdk-config.fyber.com
https://engine.fyber.com/video-cache
https://banner.fyber.com/banner
https://banner.fyber.com/tracker
https://testsuite.fyber.com/tracker
https://api-rewarded-video.fyber.com/video
https://pagead2.googlesyndication.com/pagead/gen_204?id=gmob-apps
http://hostname/?
http://hostname/?
http://hostname/?
https://accounts.google.com
https://www.facebook.com
https://www.googleapis.com/auth/games_lite
https://www.googleapis.com/auth/games_lite
https://www.googleapis.com/auth/games_lite
https://www.googleapis.com/auth/games
https://www.googleapis.com/auth/games
https://www.googleapis.com/auth/games
https://plus.google.com/
https://www.googleapis.com/auth/drive.file
https://www.googleapis.com/auth/drive.appdata
https://www.googleapis.com/auth/drive
https://www.googleapis.com/auth/drive.apps
https://www.googleapis.com/auth/fitness.activity.read
https://www.googleapis.com/auth/fitness.activity.read
https://www.googleapis.com/auth/fitness.activity.read
https://www.googleapis.com/auth/fitness.activity.read
https://www.googleapis.com/auth/fitness.activity.write
https://www.googleapis.com/auth/fitness.activity.write
https://www.googleapis.com/auth/fitness.activity.write
https://www.googleapis.com/auth/fitness.activity.write
https://www.googleapis.com/auth/fitness.location.read
https://www.googleapis.com/auth/fitness.location.read
https://www.googleapis.com/auth/fitness.location.read
https://www.googleapis.com/auth/fitness.location.write
https://www.googleapis.com/auth/fitness.location.write
https://www.googleapis.com/auth/fitness.location.write
https://www.googleapis.com/auth/fitness.body.read
https://www.googleapis.com/auth/fitness.body.read
https://www.googleapis.com/auth/fitness.body.read
https://www.googleapis.com/auth/fitness.body.write
https://www.googleapis.com/auth/fitness.body.write
https://www.googleapis.com/auth/fitness.body.write
https://www.googleapis.com/auth/fitness.nutrition.read
https://www.googleapis.com/auth/fitness.nutrition.read
https://www.googleapis.com/auth/fitness.nutrition.read
https://www.googleapis.com/auth/fitness.nutrition.write
https://www.googleapis.com/auth/fitness.nutrition.write
https://www.googleapis.com/auth/fitness.nutrition.write
https://www.googleapis.com/auth/games.firstparty
https://www.googleapis.com/auth/games.firstparty
https://pagead2.googlesyndication.com/pagead/gen_204
https://googleads.g.doubleclick.net/mads/static/mad/sdk/native/sdk-core-v40.html
https://googleads.g.doubleclick.net/mads/static/mad/sdk/native/production/sdk-core-v40-impl.js
https://googleads.g.doubleclick.net/mads/static/mad/sdk/native/mraid/v2/mraid_app_banner.js
https://googleads.g.doubleclick.net/mads/static/mad/sdk/native/mraid/v2/mraid_app_expanded_banner.js
https://googleads.g.doubleclick.net/mads/static/mad/sdk/native/mraid/v2/mraid_app_interstitial.js
https://csi.gstatic.com/csi
https://googleads.g.doubleclick.net/mads/static/mad/sdk/native/native_ads.html
https://googleads.g.doubleclick.net/mads/static/mad/sdk/native/production/native_ads.js
https://imasdk.googleapis.com/admob/sdkloader/native_video.html
https://www.google.com/dfp/linkDevice
https://www.google.com/dfp/inAppPreview
https://www.google.com/dfp/debugSignals
https://www.google.com/dfp/sendDebugData
http://www.example.com
http://www.example.com
https://www.googleapis.com/auth/plus.login
https://www.googleapis.com/auth/plus.me
https://api.vungle.com/
https://ads.api.vungle.com/config
https://www.googleapis.com/auth/fitness.blood_pressure.read
https://www.googleapis.com/auth/fitness.blood_pressure.read
https://www.googleapis.com/auth/fitness.blood_pressure.write
https://www.googleapis.com/auth/fitness.blood_pressure.write
https://www.googleapis.com/auth/fitness.blood_glucose.read
https://www.googleapis.com/auth/fitness.blood_glucose.read
https://www.googleapis.com/auth/fitness.blood_glucose.write
https://www.googleapis.com/auth/fitness.blood_glucose.write
https://www.googleapis.com/auth/fitness.oxygen_saturation.read
https://www.googleapis.com/auth/fitness.oxygen_saturation.read
https://www.googleapis.com/auth/fitness.oxygen_saturation.write
https://www.googleapis.com/auth/fitness.oxygen_saturation.write
https://www.googleapis.com/auth/fitness.body_temperature.read
https://www.googleapis.com/auth/fitness.body_temperature.read
https://www.googleapis.com/auth/fitness.body_temperature.write
https://www.googleapis.com/auth/fitness.body_temperature.write
https://www.googleapis.com/auth/fitness.reproductive_health.read
https://www.googleapis.com/auth/fitness.reproductive_health.read
https://www.googleapis.com/auth/fitness.reproductive_health.write
https://www.googleapis.com/auth/fitness.reproductive_health.write
http://www.google.com
https://support.google.com/dfp_premium/answer/7160685#push
http://www.google-analytics.com
https://ssl.google-analytics.com
https://app-measurement.com/a
https://www.google.com
https://www.google-analytics.com
http://localhost
https://mobilecrashreporting.googleapis.com/v1/crashes:batchCreate?key=
http://schemas.android.com/apk/lib/com.google.android.gms.plus
http://schemas.android.com/apk/lib/com.google.android.gms.plus
https://www.googletagmanager.com
https://mobile-static.adsafeprotected.com/avid-v2.js
https://z.moatads.com/
https://z.moatads.com/
http://play.google.com/store/apps/details?id=
https://ws.tapjoyads.com/
https://ws.tapjoyads.com/
https://ws.tapjoyads.com/
https://rpc.tapjoy.com/
https://rpc.tapjoy.com/
https://connect.tapjoy.com/
https://connect.tapjoy.com/
https://placements.tapjoy.com/
https://config.unityads.unity3d.com/webview/
https://www.vungle.com/privacy/
https://www.vungle.com/privacy/
http://lol.vungle.com/
https://api.branch.io/
https://bnc.lt/a/
https://e.crashlytics.com/spi/v2/events
https://settings.crashlytics.com/spi/v2/platforms/android/apps/%s/settings
http://localhost/
http://localhost/
http://localhost/

[INTERNAL_LOG][2018-06-12 08:54:23,223][INFO][find_url_in_apk()] [END ALL URL INSIDE APK]
[INTERNAL_LOG][2018-06-12 08:54:23,228][INFO][check_method_conf()] [JavaScript enabled: True]

[INTERNAL_LOG][2018-06-12 08:54:23,229][INFO][check_method_conf()] [Add interface WebView: True]

[INTERNAL_LOG][2018-06-12 08:54:23,229][INFO][analyze_start()] This app might be not vulnerable on  attack frame confusion.
[INTERNAL_LOG][2018-06-12 08:54:23,229][INFO][analyze_start()] End time:[Tue Jun 12 08:54:23 2018]
