[INTERNAL_LOG][2018-06-12 09:05:16,960][INFO][analyze_start()] Init Time [Tue Jun 12 09:05:16 2018]
[INTERNAL_LOG][2018-06-12 09:05:17,070][INFO][run()] Start Analysis
[INTERNAL_LOG][2018-06-12 09:05:17,071][INFO][is_hybird()] [Permission Enble Start]
[INTERNAL_LOG][2018-06-12 09:05:17,071][INFO][is_hybird()] android.permission.INTERNET
[INTERNAL_LOG][2018-06-12 09:05:17,072][INFO][is_hybird()] android.permission.GET_ACCOUNTS
[INTERNAL_LOG][2018-06-12 09:05:17,072][INFO][is_hybird()] android.permission.WRITE_EXTERNAL_STORAGE
[INTERNAL_LOG][2018-06-12 09:05:17,072][INFO][is_hybird()] android.permission.READ_PHONE_STATE
[INTERNAL_LOG][2018-06-12 09:05:17,072][INFO][is_hybird()] android.permission.WAKE_LOCK
[INTERNAL_LOG][2018-06-12 09:05:17,072][INFO][is_hybird()] android.permission.ACCESS_NETWORK_STATE
[INTERNAL_LOG][2018-06-12 09:05:17,072][INFO][is_hybird()] android.permission.ACCESS_WIFI_STATE
[INTERNAL_LOG][2018-06-12 09:05:17,072][INFO][is_hybird()] com.android.launcher.permission.INSTALL_SHORTCUT
[INTERNAL_LOG][2018-06-12 09:05:17,072][INFO][is_hybird()] com.android.vending.BILLING
[INTERNAL_LOG][2018-06-12 09:05:17,072][INFO][is_hybird()] com.android.vending.CHECK_LICENSE
[INTERNAL_LOG][2018-06-12 09:05:17,072][INFO][is_hybird()] com.google.android.c2dm.permission.RECEIVE
[INTERNAL_LOG][2018-06-12 09:05:17,072][INFO][is_hybird()] com.tinyco.familyguy.permission.C2D_MESSAGE
[INTERNAL_LOG][2018-06-12 09:05:17,072][INFO][is_hybird()] android.permission.RECEIVE_BOOT_COMPLETED
[INTERNAL_LOG][2018-06-12 09:05:17,072][INFO][is_hybird()] android.permission.VIBRATE
[INTERNAL_LOG][2018-06-12 09:05:17,072][INFO][is_hybird()] [Permission End]

[INTERNAL_LOG][2018-06-12 09:05:17,072][INFO][analyze_start()] TYPE APK: [ANDROID NATIVE]

[INTERNAL_LOG][2018-06-12 09:05:17,072][INFO][find_string()] [START FILE ANALYZE]
[INTERNAL_LOG][2018-06-12 09:05:17,072][INFO][find_string()] File: js/closebutton.html
[INTERNAL_LOG][2018-06-12 09:05:17,073][INFO][find_string()] No iframe in js/closebutton.html
[INTERNAL_LOG][2018-06-12 09:05:17,073][INFO][find_string()] [END ANALYZE FILE]

[INTERNAL_LOG][2018-06-12 09:05:17,073][INFO][find_string()] [START FILE ANALYZE]
[INTERNAL_LOG][2018-06-12 09:05:17,073][INFO][find_string()] File: js/mraid.js
[INTERNAL_LOG][2018-06-12 09:05:17,076][INFO][find_string()] No iframe in js/mraid.js
[INTERNAL_LOG][2018-06-12 09:05:17,076][INFO][find_string()] File: ad_resources/raw/amazon_ads_mraid.js
[INTERNAL_LOG][2018-06-12 09:05:17,077][INFO][find_string()] No iframe in ad_resources/raw/amazon_ads_mraid.js
[INTERNAL_LOG][2018-06-12 09:05:17,077][INFO][find_string()] [END ANALYZE FILE]

[INTERNAL_LOG][2018-06-12 09:06:00,125][INFO][find_url_in_apk()] [START URL LOADED INSIDE LOAD FUNCTION]
[INTERNAL_LOG][2018-06-12 09:06:00,126][INFO][find_url_in_apk()] https://cortana-gateway.amazon.com/cortana/gateway/getSignedDownloadUrl

[INTERNAL_LOG][2018-06-12 09:06:00,126][INFO][find_url_in_apk()] [END URL LOADED INSIDE LOAD FUNCTION]
[INTERNAL_LOG][2018-06-12 09:06:00,991][ERROR][download_page_loaded()] Failed response code: 500 for https://cortana-gateway.amazon.com/cortana/gateway/getSignedDownloadUrl  
[INTERNAL_LOG][2018-06-12 09:06:00,992][INFO][find_string()] [START REMOTE FILE ANALYZE]
[INTERNAL_LOG][2018-06-12 09:06:00,992][INFO][find_string()] [END ANALYZE FILE]

[INTERNAL_LOG][2018-06-12 09:06:00,992][INFO][find_url_in_apk()] [START ALL URL INSIDE APK]
[INTERNAL_LOG][2018-06-12 09:06:00,992][INFO][find_url_in_apk()] http://schemas.android.com/apk/res/android
http://schemas.android.com/apk/res/android
http://ad-x.co.uk/API/androidevent.php?oursecret=
http://ad-x.co.uk/atrk/andrdapp?
http://www.yvolver.com
http://www.yvolver.com
http://www.yvolver.com
https://config-prod.yvolver.com/api/public/app/config
https://config-swap.yvolver.com/api/public/app/config
https://config-alpha.yvolver.com/api/public/app/config
https://config-staging.yvolver.com/api/public/app/config
http://config-dev.yvolver.com/api/public/app/config
https://adc3-launch.adcolony.com/v4/launch
https://wd.adcolony.com/logs
https://app.adjust.com
https://app.adjust.com
https://app.adjust.com
https://cortana-gateway.amazon.com/cortana/gateway/getSignedDownloadUrl
https://ags-ext.amazon.com/service/gamedata/WhisperData
https://ags-ext.amazon.com/service/gamedata/WhisperData
http://www.amazon.co.jp/gp/aw/aap/app/
http://www.amazon.com/gp/aw/aap/app/
http://z-ecx.images-amazon.com/images/G/01/mobile/advertising/amazonMobileSDKv2._TTH_.json
http://amazon-adsystem.amazon.com/
http://www.amazon.com/gp/mas/get-appstore/android/ref=mas_mx_mba_iap_dl
http://schemas.applovin.com/android/1.0
http://schemas.applovin.com/android/1.0
https://d.applovin.com/
https://a.applovin.com/
https://rt.applovin.com/med
https://rt.applovin.com/pix
https://d.applvn.com/
https://a.applvn.com/
https://rt.applvn.com/pix
https://vid.applovin.com/,https://pdn.applovin.com/,https://img.applovin.com/,https://d.applovin.com/,https://assets.applovin.com/,https://cdnjs.cloudflare.com/,http://vid.applovin.com/,http://pdn.applovin.com/,http://img.applovin.com/,http://d.applovin.com/,http://assets.applovin.com/,http://cdnjs.cloudflare.com/
https://www.chartboost.com
https://live.chartboost.com
http://market.android.com/
https://graph.%s
https://graph-video.%s
https://facebook.com
http://play.google.com/store/apps/details?id=com.facebook.orca
https://www.googleapis.com/auth/appstate
https://www.googleapis.com/auth/appstate
https://www.googleapis.com/auth/appstate
https://www.googleapis.com/auth/appstate
https://www.googleapis.com/auth/drive.file
https://www.googleapis.com/auth/games
https://www.googleapis.com/auth/games
https://www.googleapis.com/auth/games
https://www.googleapis.com/auth/games
https://www.googleapis.com/auth/games.firstparty
https://www.googleapis.com/auth/games.firstparty
http://googleads.g.doubleclick.net
http://www.google.com
http://media.admob.com/mraid/v1/mraid_app_interstitial.js
http://media.admob.com/mraid/v1/mraid_app_expanded_banner.js
http://media.admob.com/mraid/v1/mraid_app_banner.js
http://plus.google.com/
https://www.googleapis.com/auth/plus.login
https://www.googleapis.com/auth/plus.login
https://www.googleapis.com/auth/plus.login
https://www.googleapis.com/auth/plus.login
https://www.googleapis.com/auth/plus.login
https://www.googleapis.com/auth/plus.login
https://www.googleapis.com/auth/plus.login
https://www.googleapis.com/auth/plus.me
https://www.googleapis.com/auth/plus.me
https://www.googleapis.com/auth/plus.me
https://www.googleapis.com/auth/plus.me
http://schemas.android.com/apk/lib/com.google.android.gms.plus
http://schemas.android.com/apk/lib/com.google.android.gms.plus
https://www.google.com
https://accounts.google.com/o/oauth2/token
https://accounts.google.com/o/oauth2/token
https://accounts.google.com/o/oauth2/token
https://accounts.google.com/o/oauth2/token
https://accounts.google.com/o/oauth2/token
https://accounts.google.com/o/oauth2/auth
https://accounts.google.com/o/oauth2/auth
https://accounts.google.com/o/oauth2/auth
https://accounts.google.com/o/oauth2/auth
https://www.googleapis.com/oauth2/v1/certs
https://www.googleapis.com/batch
http://google.com/
http://google.com/
http://metadata/computeMetadata/v1/instance/service-accounts/default/token
https://www.googleapis.com/
https://www.googleapis.com/auth/userinfo.email
https://www.googleapis.com/auth/userinfo.profile
https://github.com/playgameservices/android-samples/issues. 
http://www.w3.org/2001/XMLSchema
http://ads.heyzap.com/in_game_api/ads
https://med.heyzap.com/start
https://med.heyzap.com/mediate
https://med.heyzap.com/click
https://med.heyzap.com/fetch
https://med.heyzap.com/impression
https://med.heyzap.com/complete
https://med.heyzap.com/info
https://x.heyzap.com/_/0/ad
https://track.atom-data.io
https://track.atom-data.io
https://track.atom-data.io
https://outcome.supersonicads.com/mediation/
https://outcome.supersonicads.com/mediation/
https://mobilelogs.supersonic.com
https://mobilelogs.supersonic.com
https://init.supersonicads.com/sdk/v
https://www.supersonicads.com/mobile/sdk5/log?method=
https://www.supersonicads.com/mobile/sdk5/log?method=
https://www.supersonicads.com/mobile/sdk5/log?method=
https://www.supersonicads.com/mobile/sdk5/log?method=
https://www.supersonicads.com/mobile/sdk5/log?method=
https://www.supersonicads.com/mobile/sdk5/log?method=
https://www.supersonicads.com/mobile/sdk5/log?method=
https://www.supersonicads.com/mobile/sdk5/log?method=
https://www.supersonicads.com/mobile/sdk5/log?method=injectJavaScript
https://www.supersonicads.com/mobile/sdk5/log?method=extraParametersToJson
https://www.supersonicads.com/mobile/sdk5/log?method=noProductType
https://www.supersonicads.com/mobile/sdk5/log?method=encodeAppUserId
https://www.supersonicads.com/mobile/sdk5/log?method=encodeAppKey
https://www.supersonicads.com/mobile/sdk5/log?method=setWebViewSettings
https://www.supersonicads.com/mobile/sdk5/log?method=webviewLoadBlank
https://www.supersonicads.com/mobile/sdk5/log?method=webviewLoadWithPath
https://www.supersonicads.com/mobile/sdk5/log?method=htmlControllerDoesNotExistOnFileSystem
https://www.supersonicads.com/mobile/sdk5/log?method=webviewPause
https://www.supersonicads.com/mobile/sdk5/log?method=webviewResume
https://z.moatads.com/
https://z.moatads.com/
https://api.nanigans.com
http://api.nanigans.com/disallowed.php?
https://api.parse.com
https://rpc.tapjoy.com/
https://rpc.tapjoy.com/
https://connect.tapjoy.com/
https://connect.tapjoy.com/
https://ws.tapjoyads.com/
https://ws.tapjoyads.com/
https://ws.tapjoyads.com/
https://www.googleapis.com/games/v1management/achievements/reset?access_token=
http://localhost
http://localhost
http://localhost
https://eaa8ad5db51442119e1c8dd5bffc3108:e4e66e20dfa6475d97b4a48937610010@app.getsentry.com/31847
https://ced624975e564d91925d4cefa6d21ec9:8541aec2658a4203ab48b22efb59d51c@app.getsentry.com/32065
https://994f7322ab8b4e19bbdbf47761c83b4c:f7fadeb3487f4744abccfc7d577afaef@app.getsentry.com/31792
https://62a0d11bb37f4236aa61abfd58120924:8f7b10bfa27f4e788b9aa640f7154f28@app.getsentry.com/20436
https://ads.api.vungle.com/config
https://api.vungle.com/api/v4/unfilled
https://ingest.vungle.com/api/v1/sdkErrors
https://ingest.vungle.com/
http://192.168.56.1:3000
http://10.0.2.2:3000
http://localhost:3000
http://10.0.2.2:6000
http://invalid.server:3000
https://api.twitter.com/oauth/request_token
https://api.twitter.com/oauth/access_token
https://api.twitter.com/oauth/authorize
https://staging.sws.sponsorpay.com/actions/v2
https://service.sponsorpay.com/actions/v2
https://staging.sws.sponsorpay.com/installs/v2
https://service.sponsorpay.com/installs/v2
https://staging-iframe.sponsorpay.com/mobile
https://staging-iframe.sponsorpay.com/mobile
https://iframe.sponsorpay.com/mobile
https://iframe.sponsorpay.com/mobile
https://staging-iframe.sponsorpay.com/mobile?
https://iframe.sponsorpay.com/mobile?
https://staging-iframe.sponsorpay.com/unlock?
https://iframe.sponsorpay.com/unlock?
https://staging.iframe.sponsorpay.com/vcs/v1/
https://api.sponsorpay.com/vcs/v1/
https://api.sponsorpay.com/vcs/v1/
https://staging-iframe.sponsorpay.com/vcs/v1/
http://play.google.com/store/apps/details?id=
https://placements.tapjoy.com/
http://api.nanigans.com/mobile.php?
http://app.getsentry.com
https://app.getsentry.com
https://www.vungle.com/privacy/
https://www.vungle.com/privacy/
http://lol.vungle.com/
https://t.singular.net/v2/events
https://t.singular.net/v2/logs

[INTERNAL_LOG][2018-06-12 09:06:00,992][INFO][find_url_in_apk()] [END ALL URL INSIDE APK]
[INTERNAL_LOG][2018-06-12 09:06:01,020][INFO][check_method_conf()] [JavaScript enabled: True]

[INTERNAL_LOG][2018-06-12 09:06:01,020][INFO][check_method_conf()] [Add interface WebView: True]

[INTERNAL_LOG][2018-06-12 09:06:01,020][INFO][analyze_start()] This app might be not vulnerable on  attack frame confusion.
[INTERNAL_LOG][2018-06-12 09:06:01,020][INFO][analyze_start()] End time:[Tue Jun 12 09:06:01 2018]
