[INTERNAL_LOG][2018-06-12 07:41:57,997][INFO][analyze_start()] Init Time [Tue Jun 12 07:41:57 2018]
[INTERNAL_LOG][2018-06-12 07:41:58,059][INFO][run()] Start Analysis
[INTERNAL_LOG][2018-06-12 07:41:58,060][INFO][is_hybird()] [Permission Enble Start]
[INTERNAL_LOG][2018-06-12 07:41:58,060][INFO][is_hybird()] [Permission End]

[INTERNAL_LOG][2018-06-12 07:41:58,060][INFO][analyze_start()] TYPE APK: [ANDROID NATIVE]

[INTERNAL_LOG][2018-06-12 07:41:58,060][INFO][find_string()] [START FILE ANALYZE]
[INTERNAL_LOG][2018-06-12 07:41:58,060][INFO][find_string()] [END ANALYZE FILE]

[INTERNAL_LOG][2018-06-12 07:41:58,060][INFO][find_string()] [START FILE ANALYZE]
[INTERNAL_LOG][2018-06-12 07:41:58,060][INFO][find_string()] [END ANALYZE FILE]

[INTERNAL_LOG][2018-06-12 07:42:13,743][INFO][find_url_in_apk()] [START ALL URL INSIDE APK]
[INTERNAL_LOG][2018-06-12 07:42:13,743][INFO][find_url_in_apk()] http://bugs.clickteam.com/report.php
https://www.googleapis.com/auth/appstate
https://www.googleapis.com/auth/appstate
http://plus.google.com/
https://www.googleapis.com/auth/drive.file
https://www.googleapis.com/auth/drive.appdata
https://www.googleapis.com/auth/drive
https://www.googleapis.com/auth/drive.apps
https://www.googleapis.com/auth/fitness.activity.read
https://www.googleapis.com/auth/fitness.activity.read
https://www.googleapis.com/auth/fitness.activity.read
https://www.googleapis.com/auth/fitness.activity.write
https://www.googleapis.com/auth/fitness.activity.write
https://www.googleapis.com/auth/fitness.activity.write
https://www.googleapis.com/auth/fitness.location.read
https://www.googleapis.com/auth/fitness.location.read
https://www.googleapis.com/auth/fitness.location.read
https://www.googleapis.com/auth/fitness.location.write
https://www.googleapis.com/auth/fitness.location.write
https://www.googleapis.com/auth/fitness.location.write
https://www.googleapis.com/auth/fitness.body.read
https://www.googleapis.com/auth/fitness.body.read
https://www.googleapis.com/auth/fitness.body.read
https://www.googleapis.com/auth/fitness.body.write
https://www.googleapis.com/auth/fitness.body.write
https://www.googleapis.com/auth/fitness.body.write
https://www.googleapis.com/auth/games
https://www.googleapis.com/auth/games
https://www.googleapis.com/auth/games.firstparty
https://www.googleapis.com/auth/games.firstparty
https://googleads.g.doubleclick.net/mads/static/sdk/native/sdk-core-v40.html
https://googleads.g.doubleclick.net/mads/static/mad/sdk/native/sdk-core-v40.html
https://googleads.g.doubleclick.net/mads/static/mad/sdk/native/sdk-core-v40.html
https://googleads.g.doubleclick.net/mads/static/mad/sdk/native/sdk-core-v40.html
https://googleads.g.doubleclick.net/mads/static/mad/sdk/native/native_ads.html
http://www.google.com
https://www.googleapis.com/auth/plus.login
https://www.googleapis.com/auth/plus.login
https://www.googleapis.com/auth/plus.login
https://www.googleapis.com/auth/plus.me
http://schemas.android.com/apk/lib/com.google.android.gms.plus
http://schemas.android.com/apk/lib/com.google.android.gms.plus
http://hostname/?
https://www.googletagmanager.com
http://www.google-analytics.com/collect
http://www.google-analytics.com/collect
https://ssl.google-analytics.com/collect
https://ssl.google-analytics.com/collect
https://googleads.g.doubleclick.net/mads/static/mad/sdk/native/mraid/v2/mraid_app_interstitial.js
https://googleads.g.doubleclick.net/mads/static/mad/sdk/native/mraid/v2/mraid_app_expanded_banner.js
https://googleads.g.doubleclick.net/mads/static/mad/sdk/native/mraid/v2/mraid_app_banner.js

[INTERNAL_LOG][2018-06-12 07:42:13,743][INFO][find_url_in_apk()] [END ALL URL INSIDE APK]
[INTERNAL_LOG][2018-06-12 07:42:13,749][INFO][check_method_conf()] [JavaScript enabled: True]

[INTERNAL_LOG][2018-06-12 07:42:13,749][INFO][check_method_conf()] [Add interface WebView: False]

[INTERNAL_LOG][2018-06-12 07:42:13,749][INFO][analyze_start()] This app might be not vulnerable on  attack frame confusion.
[INTERNAL_LOG][2018-06-12 07:42:13,749][INFO][analyze_start()] End time:[Tue Jun 12 07:42:13 2018]
