[INTERNAL_LOG][2018-06-12 08:02:20,409][INFO][analyze_start()] Init Time [Tue Jun 12 08:02:20 2018]
[INTERNAL_LOG][2018-06-12 08:02:20,521][INFO][run()] Start Analysis
[INTERNAL_LOG][2018-06-12 08:02:20,522][INFO][is_hybird()] [Permission Enble Start]
[INTERNAL_LOG][2018-06-12 08:02:20,523][INFO][is_hybird()] android.permission.INTERNET
[INTERNAL_LOG][2018-06-12 08:02:20,523][INFO][is_hybird()] android.permission.ACCESS_NETWORK_STATE
[INTERNAL_LOG][2018-06-12 08:02:20,523][INFO][is_hybird()] android.permission.DOWNLOAD_WITHOUT_NOTIFICATION
[INTERNAL_LOG][2018-06-12 08:02:20,523][INFO][is_hybird()] android.permission.GET_ACCOUNTS
[INTERNAL_LOG][2018-06-12 08:02:20,523][INFO][is_hybird()] android.permission.READ_CONTACTS
[INTERNAL_LOG][2018-06-12 08:02:20,523][INFO][is_hybird()] android.permission.READ_PROFILE
[INTERNAL_LOG][2018-06-12 08:02:20,523][INFO][is_hybird()] android.permission.READ_SMS
[INTERNAL_LOG][2018-06-12 08:02:20,523][INFO][is_hybird()] android.permission.READ_USER_DICTIONARY
[INTERNAL_LOG][2018-06-12 08:02:20,523][INFO][is_hybird()] android.permission.RECEIVE_BOOT_COMPLETED
[INTERNAL_LOG][2018-06-12 08:02:20,523][INFO][is_hybird()] android.permission.VIBRATE
[INTERNAL_LOG][2018-06-12 08:02:20,523][INFO][is_hybird()] android.permission.WRITE_EXTERNAL_STORAGE
[INTERNAL_LOG][2018-06-12 08:02:20,523][INFO][is_hybird()] android.permission.WRITE_USER_DICTIONARY
[INTERNAL_LOG][2018-06-12 08:02:20,523][INFO][is_hybird()] android.permission.SYSTEM_ALERT_WINDOW
[INTERNAL_LOG][2018-06-12 08:02:20,523][INFO][is_hybird()] android.permission.READ_PHONE_STATE
[INTERNAL_LOG][2018-06-12 08:02:20,523][INFO][is_hybird()] android.permission.ACCESS_WIFI_STATE
[INTERNAL_LOG][2018-06-12 08:02:20,523][INFO][is_hybird()] android.permission.READ_LOGS
[INTERNAL_LOG][2018-06-12 08:02:20,523][INFO][is_hybird()] android.permission.GET_TASKS
[INTERNAL_LOG][2018-06-12 08:02:20,523][INFO][is_hybird()] android.permission.WRITE_SETTINGS
[INTERNAL_LOG][2018-06-12 08:02:20,523][INFO][is_hybird()] android.permission.ACCESS_FINE_LOCATION
[INTERNAL_LOG][2018-06-12 08:02:20,523][INFO][is_hybird()] android.permission.ACCESS_COARSE_LOCATION
[INTERNAL_LOG][2018-06-12 08:02:20,523][INFO][is_hybird()] android.permission.READ_EXTERNAL_STORAGE
[INTERNAL_LOG][2018-06-12 08:02:20,523][INFO][is_hybird()] android.permission.CAMERA
[INTERNAL_LOG][2018-06-12 08:02:20,523][INFO][is_hybird()] com.android.launcher.permission.INSTALL_SHORTCUT
[INTERNAL_LOG][2018-06-12 08:02:20,523][INFO][is_hybird()] com.android.launcher2.permission.INSTALL_SHORTCUT
[INTERNAL_LOG][2018-06-12 08:02:20,524][INFO][is_hybird()] com.android.launcher3.permission.INSTALL_SHORTCUT
[INTERNAL_LOG][2018-06-12 08:02:20,524][INFO][is_hybird()] com.android.launcher.permission.READ_SETTINGS
[INTERNAL_LOG][2018-06-12 08:02:20,524][INFO][is_hybird()] com.android.launcher.permission.UNINSTALL_SHORTCUT
[INTERNAL_LOG][2018-06-12 08:02:20,524][INFO][is_hybird()] com.android.launcher2.permission.UNINSTALL_SHORTCUT
[INTERNAL_LOG][2018-06-12 08:02:20,524][INFO][is_hybird()] com.android.launcher3.permission.UNINSTALL_SHORTCUT
[INTERNAL_LOG][2018-06-12 08:02:20,524][INFO][is_hybird()] android.permission.CHANGE_WIFI_STATE
[INTERNAL_LOG][2018-06-12 08:02:20,524][INFO][is_hybird()] android.permission.READ_SETTINGS
[INTERNAL_LOG][2018-06-12 08:02:20,524][INFO][is_hybird()] com.android.launcher.permission.WRITE_SETTINGS
[INTERNAL_LOG][2018-06-12 08:02:20,524][INFO][is_hybird()] com.android.launcher2.permission.READ_SETTINGS
[INTERNAL_LOG][2018-06-12 08:02:20,524][INFO][is_hybird()] com.android.launcher2.permission.WRITE_SETTINGS
[INTERNAL_LOG][2018-06-12 08:02:20,524][INFO][is_hybird()] com.android.launcher3.permission.READ_SETTINGS
[INTERNAL_LOG][2018-06-12 08:02:20,524][INFO][is_hybird()] com.android.launcher3.permission.WRITE_SETTINGS
[INTERNAL_LOG][2018-06-12 08:02:20,524][INFO][is_hybird()] com.huawei.android.launcher.permission.READ_SETTINGS
[INTERNAL_LOG][2018-06-12 08:02:20,524][INFO][is_hybird()] com.huawei.android.launcher.permission.WRITE_SETTINGS
[INTERNAL_LOG][2018-06-12 08:02:20,524][INFO][is_hybird()] com.huawei.launcher.permission.READ_SETTINGS
[INTERNAL_LOG][2018-06-12 08:02:20,524][INFO][is_hybird()] com.huawei.launcher.permission.WRITE_SETTINGS
[INTERNAL_LOG][2018-06-12 08:02:20,524][INFO][is_hybird()] com.huawei.launcher2.permission.READ_SETTINGS
[INTERNAL_LOG][2018-06-12 08:02:20,524][INFO][is_hybird()] com.huawei.launcher2.permission.WRITE_SETTINGS
[INTERNAL_LOG][2018-06-12 08:02:20,524][INFO][is_hybird()] com.huawei.launcher3.permission.READ_SETTINGS
[INTERNAL_LOG][2018-06-12 08:02:20,524][INFO][is_hybird()] com.huawei.launcher3.permission.WRITE_SETTINGS
[INTERNAL_LOG][2018-06-12 08:02:20,524][INFO][is_hybird()] com.qihoo360.home.permission.READ_SETTINGS
[INTERNAL_LOG][2018-06-12 08:02:20,524][INFO][is_hybird()] com.qihoo360.home.permission.WRITE_SETTINGS
[INTERNAL_LOG][2018-06-12 08:02:20,524][INFO][is_hybird()] com.google.android.launcher.permission.READ_SETTINGS
[INTERNAL_LOG][2018-06-12 08:02:20,524][INFO][is_hybird()] com.google.android.launcher.permission.WRITE_SETTINGS
[INTERNAL_LOG][2018-06-12 08:02:20,524][INFO][is_hybird()] com.oppo.launcher.permission.READ_SETTINGS
[INTERNAL_LOG][2018-06-12 08:02:20,525][INFO][is_hybird()] com.oppo.launcher.permission.WRITE_SETTINGS
[INTERNAL_LOG][2018-06-12 08:02:20,525][INFO][is_hybird()] com.lenovo.launcher.permission.READ_SETTINGS
[INTERNAL_LOG][2018-06-12 08:02:20,525][INFO][is_hybird()] com.lenovo.launcher.permission.WRITE_SETTINGS
[INTERNAL_LOG][2018-06-12 08:02:20,525][INFO][is_hybird()] com.htc.launcher.permission.READ_SETTINGS
[INTERNAL_LOG][2018-06-12 08:02:20,525][INFO][is_hybird()] com.htc.launcher.permission.WRITE_SETTINGS
[INTERNAL_LOG][2018-06-12 08:02:20,525][INFO][is_hybird()] com.miui.mihome2.permission.READ_SETTINGS
[INTERNAL_LOG][2018-06-12 08:02:20,525][INFO][is_hybird()] com.miui.mihome2.permission.WRITE_SETTINGS
[INTERNAL_LOG][2018-06-12 08:02:20,525][INFO][is_hybird()] com.sonymobile.home.permission.PROVIDER_ACCESS_MODIFY_CONFIGURATION
[INTERNAL_LOG][2018-06-12 08:02:20,525][INFO][is_hybird()] android.permission.SYSTEM_OVERLAY_WINDOW
[INTERNAL_LOG][2018-06-12 08:02:20,525][INFO][is_hybird()] android.permission.DISABLE_KEYGUARD
[INTERNAL_LOG][2018-06-12 08:02:20,525][INFO][is_hybird()] org.adw.launcher.permission.READ_SETTINGS
[INTERNAL_LOG][2018-06-12 08:02:20,525][INFO][is_hybird()] com.lge.launcher.permission.READ_SETTINGS
[INTERNAL_LOG][2018-06-12 08:02:20,525][INFO][is_hybird()] net.qihoo.launcher.permission.READ_SETTINGS
[INTERNAL_LOG][2018-06-12 08:02:20,525][INFO][is_hybird()] org.adwfreak.launcher.permission.READ_SETTINGS
[INTERNAL_LOG][2018-06-12 08:02:20,525][INFO][is_hybird()] org.adw.launcher_donut.permission.READ_SETTINGS
[INTERNAL_LOG][2018-06-12 08:02:20,525][INFO][is_hybird()] com.fede.launcher.permission.READ_SETTINGS
[INTERNAL_LOG][2018-06-12 08:02:20,525][INFO][is_hybird()] com.sec.android.app.twlauncher.settings.READ_SETTINGS
[INTERNAL_LOG][2018-06-12 08:02:20,525][INFO][is_hybird()] com.anddoes.launcher.permission.READ_SETTINGS
[INTERNAL_LOG][2018-06-12 08:02:20,525][INFO][is_hybird()] com.tencent.qqlauncher.permission.READ_SETTINGS
[INTERNAL_LOG][2018-06-12 08:02:20,525][INFO][is_hybird()] com.android.mylauncher.permission.READ_SETTINGS
[INTERNAL_LOG][2018-06-12 08:02:20,525][INFO][is_hybird()] com.ebproductions.android.launcher.permission.READ_SETTINGS
[INTERNAL_LOG][2018-06-12 08:02:20,525][INFO][is_hybird()] com.gionee.amisystem.launcher.permission.READ_SETTINGS
[INTERNAL_LOG][2018-06-12 08:02:20,525][INFO][is_hybird()] com.qihoo360.launcher.permission.READ_SETTINGS
[INTERNAL_LOG][2018-06-12 08:02:20,525][INFO][is_hybird()] com.qihoo360.launcher.permission.WRITE_SETTINGS
[INTERNAL_LOG][2018-06-12 08:02:20,525][INFO][is_hybird()] com.lge.launcher.permission.WRITE_SETTINGS
[INTERNAL_LOG][2018-06-12 08:02:20,525][INFO][is_hybird()] net.qihoo.launcher.permission.WRITE_SETTINGS
[INTERNAL_LOG][2018-06-12 08:02:20,526][INFO][is_hybird()] org.adwfreak.launcher.permission.WRITE_SETTINGS
[INTERNAL_LOG][2018-06-12 08:02:20,526][INFO][is_hybird()] org.adw.launcher_donut.permission.WRITE_SETTINGS
[INTERNAL_LOG][2018-06-12 08:02:20,526][INFO][is_hybird()] com.fede.launcher.permission.WRITE_SETTINGS
[INTERNAL_LOG][2018-06-12 08:02:20,526][INFO][is_hybird()] com.sec.android.app.twlauncher.settings.WRITE_SETTINGS
[INTERNAL_LOG][2018-06-12 08:02:20,526][INFO][is_hybird()] com.anddoes.launcher.permission.WRITE_SETTINGS
[INTERNAL_LOG][2018-06-12 08:02:20,526][INFO][is_hybird()] com.tencent.qqlauncher.permission.WRITE_SETTINGS
[INTERNAL_LOG][2018-06-12 08:02:20,526][INFO][is_hybird()] com.android.mylauncher.permission.WRITE_SETTINGS
[INTERNAL_LOG][2018-06-12 08:02:20,526][INFO][is_hybird()] com.ebproductions.android.launcher.permission.WRITE_SETTINGS
[INTERNAL_LOG][2018-06-12 08:02:20,526][INFO][is_hybird()] telecom.mdesk.permission.READ_SETTINGS
[INTERNAL_LOG][2018-06-12 08:02:20,526][INFO][is_hybird()] telecom.mdesk.permission.WRITE_SETTINGS
[INTERNAL_LOG][2018-06-12 08:02:20,526][INFO][is_hybird()] dianxin.permission.ACCESS_LAUNCHER_DATA
[INTERNAL_LOG][2018-06-12 08:02:20,526][INFO][is_hybird()] com.company.contentprovider.READ_DATABASE
[INTERNAL_LOG][2018-06-12 08:02:20,526][INFO][is_hybird()] com.company.contentprovider.WRITE_DATABASE
[INTERNAL_LOG][2018-06-12 08:02:20,526][INFO][is_hybird()] android.permissoon.READ_PHONE_STATE
[INTERNAL_LOG][2018-06-12 08:02:20,526][INFO][is_hybird()] android.permission.CHANGE_NETWORK_STATE
[INTERNAL_LOG][2018-06-12 08:02:20,526][INFO][is_hybird()] android.permission.WAKE_LOCK
[INTERNAL_LOG][2018-06-12 08:02:20,526][INFO][is_hybird()] com.google.android.c2dm.permission.RECEIVE
[INTERNAL_LOG][2018-06-12 08:02:20,526][INFO][is_hybird()] com.dotc.ime.latin.flash.permission.C2D_MESSAGE
[INTERNAL_LOG][2018-06-12 08:02:20,526][INFO][is_hybird()] [Permission End]

[INTERNAL_LOG][2018-06-12 08:02:20,526][INFO][analyze_start()] TYPE APK: [ANDROID NATIVE]

[INTERNAL_LOG][2018-06-12 08:02:20,526][INFO][find_string()] [START FILE ANALYZE]
[INTERNAL_LOG][2018-06-12 08:02:20,526][INFO][find_string()] [END ANALYZE FILE]

[INTERNAL_LOG][2018-06-12 08:02:20,526][INFO][find_string()] [START FILE ANALYZE]
[INTERNAL_LOG][2018-06-12 08:02:20,527][INFO][find_string()] [END ANALYZE FILE]

[INTERNAL_LOG][2018-06-12 08:03:12,887][INFO][find_url_in_apk()] [START URL LOADED INSIDE LOAD FUNCTION]
[INTERNAL_LOG][2018-06-12 08:03:12,887][INFO][find_url_in_apk()] http://api.dotcime.com/index.html
http://dotnews.today?from=fk
http://www.bing.com/translator/
http://www.bing.com/translator/?to=zh-CHS&text=
http://www.bing.com/translator/?to=zh-CHS&text=
https://www.google.com.sg/search?q=

[INTERNAL_LOG][2018-06-12 08:03:12,888][INFO][find_url_in_apk()] [END URL LOADED INSIDE LOAD FUNCTION]
[INTERNAL_LOG][2018-06-12 08:03:13,875][ERROR][download_page_loaded()] Failed download: http://www.bing.com/translator/ for exception [Errno 21] Is a directory: 'temp_html_code/html_downloaded_Flash Keyboard - Emoji _ Theme by Flashkeyboard Team - com/'
[INTERNAL_LOG][2018-06-12 08:03:14,821][INFO][find_string()] [START REMOTE FILE ANALYZE]
[INTERNAL_LOG][2018-06-12 08:03:14,821][INFO][find_string()] Remote File in: temp_html_code/html_downloaded_Flash Keyboard - Emoji _ Theme by Flashkeyboard Team - com/index.html
[INTERNAL_LOG][2018-06-12 08:03:14,822][INFO][find_string()] URL: http://api.dotcime.com/index.html
[INTERNAL_LOG][2018-06-12 08:03:14,824][INFO][find_string()] No iframe in temp_html_code/html_downloaded_Flash Keyboard - Emoji _ Theme by Flashkeyboard Team - com/index.html
[INTERNAL_LOG][2018-06-12 08:03:14,825][INFO][find_string()] Remote File in: temp_html_code/html_downloaded_Flash Keyboard - Emoji _ Theme by Flashkeyboard Team - com/dotnews.today?from=fk
[INTERNAL_LOG][2018-06-12 08:03:14,825][INFO][find_string()] URL: http://dotnews.today?from=fk
[INTERNAL_LOG][2018-06-12 08:03:14,830][INFO][find_string()] No iframe in temp_html_code/html_downloaded_Flash Keyboard - Emoji _ Theme by Flashkeyboard Team - com/dotnews.today?from=fk
[INTERNAL_LOG][2018-06-12 08:03:14,830][INFO][find_string()] Remote File in: temp_html_code/html_downloaded_Flash Keyboard - Emoji _ Theme by Flashkeyboard Team - com/?to=zh-CHS&text=
[INTERNAL_LOG][2018-06-12 08:03:14,830][INFO][find_string()] URL: http://www.bing.com/translator/?to=zh-CHS&text=
[INTERNAL_LOG][2018-06-12 08:03:14,857][INFO][find_string()] No iframe in temp_html_code/html_downloaded_Flash Keyboard - Emoji _ Theme by Flashkeyboard Team - com/?to=zh-CHS&text=
[INTERNAL_LOG][2018-06-12 08:03:14,857][INFO][find_string()] Remote File in: temp_html_code/html_downloaded_Flash Keyboard - Emoji _ Theme by Flashkeyboard Team - com/search?q=
[INTERNAL_LOG][2018-06-12 08:03:14,857][INFO][find_string()] URL: https://www.google.com.sg/search?q=
[INTERNAL_LOG][2018-06-12 08:03:14,858][ERROR][find_string()] Error unicode error 'utf-8' codec can't decode byte 0xe0 in position 8593: invalid continuation byte
[INTERNAL_LOG][2018-06-12 08:03:14,858][INFO][find_string()] [END ANALYZE FILE]

[INTERNAL_LOG][2018-06-12 08:03:14,858][INFO][find_url_in_apk()] [START ALL URL INSIDE APK]
[INTERNAL_LOG][2018-06-12 08:03:14,858][INFO][find_url_in_apk()] http://xml.org/sax/features/validation
http://xml.org/sax/features/namespaces
http://logback.qos.ch/css/classic.css
http://logback.qos.ch/codes.html#rfa_no_tp
http://logback.qos.ch/codes.html#rfa_no_rp
http://logback.qos.ch/codes.html#rfa_collision
http://logback.qos.ch/codes.html#sbtp_size_format
http://logback.qos.ch/codes.html#renamingError
https://api.%s/install_data/v3/
https://attr.%s/api/v
https://t.%s/api/v
https://events.%s/api/v
https://register.%s/api/v
https://stats.%s/stats
https://onelink.%s/shortlink-sdk/v1
https://onelink.%s/shortlink-sdk/v1
https://validate.%s/api/v
https://sdk-services.%s/validate-android-signature
https://app.%s
https://app.%s
https://impression.%s
https://monitorsdk.%s/remote-debug?app_id=
http://st.dotcime.com
http://st.dotcime.com
http://st.dotcime.com
http://ufeedback.dotcime.com
http://import.agiboo.mobi
http://import.agiboo.mobi
http://api.dotcime.com/index.php
http://apicache.agiboo.mobi/index
http://cf.agiboo.mobi/m/config
http://api.dotcime.com/
http://api.dotcime.com/index.html
http://app.appsflyer.com/com.dotc.ime.latin.flash?pid=flash_keyboard_share
http://app.appsflyer.com/com.dotc.ime.latin.flash?pid=flash_keyboard_share
https://www.facebook.com/Flash-Keyboard-538243926339954
http://api.dotcime.com/Flashprivacy.html
http://api.dotcime.com/Flashprivacy.html
http://api.dotcime.com/join.html
http://api.giphy.com/v1/gifs/search
https://play.google.com/store/apps/details?id=com.dotnews.news
https://play.google.com/store/apps/details?id=com.dotnews.news
https://play.google.com/store/apps/details?id=com.dotnews.news
http://dotnews.today/?c=
http://dotnews.today/?c=
http://dotnews.today?from=fk
http://dotnews.today?from=fk
http://www.bing.com/translator/
http://www.bing.com/translator/?to=zh-CHS&text=
http://www.bing.com/translator/?to=zh-CHS&text=
https://www.google.com.sg/search?q=
https://www.google.com.sg/search?q=
https://play.google.com/store/apps/details?id=com.google.android.googlequicksearchbox
https://play.google.com/store/apps/details?id=com.dotc.ime.latin.flash
http://schemas.android.com/apk/res/android
http://schemas.android.com/apk/res/android
http://schemas.android.com/apk/res/android
http://schemas.android.com/apk/res/android
http://schemas.android.com/apk/res/android
http://m.facebook.com/ads/ad_choices
http://m.facebook.com/ads/ad_choices
https://www.facebook.com/audience_network/server_side_reward
https://www.%s.facebook.com/audience_network/server_side_reward
https://graph.facebook.com/network_ads_common
https://graph.%s.facebook.com/network_ads_common
https://www.facebook.com/adnw_logging/
https://www.%s.facebook.com/adnw_logging/
https://www.facebook.com/
https://www.%s.facebook.com
http://www.facebook.com
https://graph.%s
https://graph-video.%s
https://facebook.com
http://play.google.com/store/apps/details?id=com.facebook.orca
http://media2.giphy.com/media/l0HlEOf5L0m2YEbW8/200w.gif
http://media4.giphy.com/media/I7kkegrRyNrk4/200w.gif
https://media4.giphy.com/media/l46C8VEdBBNWvtrkQ/200w.gif
http://media1.giphy.com/media/NENKWiQoPJqo/200w.gif
http://media1.giphy.com/media/l46ChWqJNhf9XXh3a/200w.gif
http://media3.giphy.com/media/vix9j7k0f9jPO/200w.gif
http://media3.giphy.com/media/3o7qDKb4LTyxcq2D0k/200w.gif
http://media2.giphy.com/media/3o6gEe4ytIEWzIo1bO/200w.gif
http://media1.giphy.com/media/3o7WTDVMidWRDzP9ss/200w.gif
https://media3.giphy.com/media/R2xrJPfDcFrvW/200w.gif
http://media1.giphy.com/media/26FxypSnWsXS69nTW/200w.gif
http://media0.giphy.com/media/G38AtGkMsd5U4/200w.gif
https://media3.giphy.com/media/26AHtOSUIDsTJO7cs/200w.gif
http://media2.giphy.com/media/3o6Zthpz2BDq1QsnyE/200w.gif
http://media2.giphy.com/media/OjIleC53n6Jd6/200w.gif
https://media0.giphy.com/media/onUStyK9v2Bpu/200w.gif
http://media1.giphy.com/media/l41YcK2vUa65GSqjK/200w.gif
http://media3.giphy.com/media/3oEjI7jdtWUrFJBEl2/200w.gif
http://media3.giphy.com/media/l2JIlmnkrqJRKcFdm/200w.gif
http://media0.giphy.com/media/3oz8xUlXan455MtWGQ/200w.gif
http://media4.giphy.com/media/l2SpO07D5QDiqN4ys/200w.gif
http://media1.giphy.com/media/fpXxIjftmkk9y/200w.gif
http://media2.giphy.com/media/l46CoNMbv5mxD09aw/200w.gif
http://media1.giphy.com/media/26ufluOE0YiINp86A/200w.gif
http://media4.giphy.com/media/EWdsP9gHR9OFy/200w.gif
http://media2.giphy.com/media/3o6Mbi5PL1wwnS6OwE/200w.gif
http://media1.giphy.com/media/3o7TKV7VIGUjd86N3i/200w.gif
http://media1.giphy.com/media/1EIDdj8Xl9LWg/200w.gif
https://media1.giphy.com/media/l3E6rc5Qk85f3c8jm/200w.gif
https://media2.giphy.com/media/QG2YclW7AxINq/200w.gif
https://media3.giphy.com/media/8WJw9kAG3wonu/200w.gif
http://media1.giphy.com/media/3o6gDSvtj10H4Aw71C/200w.gif
http://media3.giphy.com/media/wmEFhlivchtxS/200w.gif
http://media2.giphy.com/media/3o72FiEpQVooIcE5wI/200w.gif
http://media3.giphy.com/media/xTiTncUiSDSGeTGkbC/200w.gif
http://media3.giphy.com/media/3o6gEcilxUgCMbzWsU/200w.gif
http://media4.giphy.com/media/FnxHqXpcyYN32/200w.gif
http://media0.giphy.com/media/l0MYBs0oimQnYDXmo/200w.gif
https://media1.giphy.com/media/pnzUNWmqaPE4w/200w.gif
http://media4.giphy.com/media/HV1TuQ31qkFQA/200w.gif
http://media3.giphy.com/media/NdYpkYhjlOtRm/200w.gif
https://media0.giphy.com/media/3oGRFkmoqoui9nzL2g/200w.gif
http://media3.giphy.com/media/3orifbVe3X5BZife00/200w.gif
https://media0.giphy.com/media/l2JJJ8W2XGTMmyJOw/200w.gif
http://media3.giphy.com/media/5fBH6zoAQg9dHK2ttsc/200w.gif
http://reg.topnewsapp.info
http://reg.topnewsapp.info
http://reg.topnewsapp.info
http://capi.topnewsapp.info
http://capi.topnewsapp.info
http://capi.topnewsapp.info
http://www.dotnews.today
http://www.dotnews.today
http://www.dotnews.today
http://search.dotcime.com/v1/skin/hottrends
http://skin.dotcime.com/v1/skin/skin_data
https://www.google.co.in/
https://www.google.com.pk/
https://www.google.com
https://www.google.com
https://www.google.com
https://www.google.com.br/
https://www.google.com.eg/
https://www.google.com.ph/
https://www.google.com.mx/
https://www.google.co.ma/
https://www.google.co.za/
https://www.google.com.ng/
https://www.google.com.bd/
https://www.google.com.ar/
https://www.google.co.th/
https://www.google.com.mm/
https://www.google.com.gh/
http://www.naver.com/
https://www.google.co.tz/
https://in.yahoo.com/
https://www.yahoo.com/
https://br.yahoo.com/
https://maktoob.yahoo.com/
https://espanol.yahoo.com/
https://za.yahoo.com/
https://th.search.yahoo.com/
http://www.daum.net/
http://st.dotcime.com/nw/tk
http://ist.dotcime.com/?
https://play.google.com/store/apps/details?id=
https://play.google.com/store/apps/details?id=
https://play.google.com/store/apps/details?id=
https://play.google.com/store/apps/details?id=
https://play.google.com/store/apps/details?id=
https://play.google.com/store/apps/details?id=
http://xmlpull.org/v1/doc/features.html#indent-output
http://xmlpull.org/v1/doc/features.html#indent-output
http://www.w3.org/ns/ttml#parameter
https://e.crashlytics.com/spi/v2/events
https://settings.crashlytics.com/spi/v2/platforms/android/apps/%s/settings
https://play.google.com/store/apps/details?
http://169.55.74.169
http://169.55.74.169
http://169.55.74.169
http://169.55.74.169
http://169.55.74.169
http://169.55.74.169
http://169.55.74.169
http://169.55.74.169
http://169.55.74.169
http://169.55.74.169
http://169.55.74.169
http://169.55.74.169
http://api.c.avazunativeads.com
http://api.c.avazunativeads.com
http://api.c.avazunativeads.com
http://api.c.avazunativeads.com
http://api.c.avazunativeads.com
http://api.c.avazunativeads.com
http://api.c.avazunativeads.com
http://api.c.avazunativeads.com
http://api.c.avazunativeads.com
http://api.c.avazunativeads.com
http://api.c.avazunativeads.com
http://api.c.avazunativeads.com
http://api.c.avazunativeads.com
http://192.168.5.222:17087
https://api.appobs.com
http://api.dotcime.com, http://apicache.agiboo.mobi
http://ist.dotcime.com
http://mix.picget.info
http://cf.agiboo.mobi
http://cd.dotcime.com
https://pagead2.googlesyndication.com/pagead/gen_204?id=gmob-apps
https://googleads.g.doubleclick.net/mads/static/mad/sdk/native/sdk-core-v40.html
https://googleads.g.doubleclick.net/mads/static/mad/sdk/native/mraid/v2/mraid_app_banner.js
https://googleads.g.doubleclick.net/mads/static/mad/sdk/native/mraid/v2/mraid_app_expanded_banner.js
https://googleads.g.doubleclick.net/mads/static/mad/sdk/native/mraid/v2/mraid_app_interstitial.js
https://csi.gstatic.com/csi
https://www.google.com/dfp/linkDevice
https://www.google.com/dfp/inAppPreview
https://www.google.com/dfp/debugSignals
https://www.google.com/dfp/sendDebugData
http://www.example.com
http://www.example.com
https://pagead2.googlesyndication.com/pagead/gen_204
https://twitter.com/%s/status/%s
http://ip-api.com/json
http://ip-api.com/json
https://accounts.google.com
https://www.facebook.com
http://cdn.doghot.info/browser/2016/floatball.gif
http://cdn.doghot.info/browser/2016/floatball.gif
http://plus.google.com/
https://app-measurement.com/a
http://www.google.com
https://analytics.mopub.com/i/jot/exchange_client_event
https://www.mopub.com/optout
https://www.mopub.com/optout/
https://www.mopub.com/optout/
https://config.unityads.unity3d.com/webview/
http://www.dailymotion.com/swf/
https://m.search.yahoo.com/v1/%s/w/sapp
https://m.search.yahoo.com/v1/%s/i/view
https://m.search.yahoo.com/v1/%s/v/play
https://m.search.yahoo.com/v1/%s/s
https://m.search.yahoo.com/v1/%s/w/sh/
https://m.search.yahoo.com/v1/%s/w/nsc
https://m.search.yahoo.com/v1.1/%s/w/sapp
https://m.search.yahoo.com/v1.1/%s/i/view
https://m.search.yahoo.com/v1.1/%s/v/play
https://m.search.yahoo.com/v1.1/%s/ps
https://m.search.yahoo.com/v1.1/en-US/tn?
https://m.search.yahoo.com/v1.1/en-US/l
https://m.search.yahoo.com/v1.1/tiny
https://search.yahoo.com/mobile/sapp
https://search.yahoo.com/mobile/s?p=
https://images.search.yahoo.com/search/images?p=
http://maps.google.com/?q=
https://videos.search.yahoo.com/search/video?p=
https://m.search.yahoo.com/v1/tpc.gif?

[INTERNAL_LOG][2018-06-12 08:03:14,858][INFO][find_url_in_apk()] [END ALL URL INSIDE APK]
[INTERNAL_LOG][2018-06-12 08:03:14,867][INFO][check_method_conf()] [JavaScript enabled: True]

[INTERNAL_LOG][2018-06-12 08:03:14,867][INFO][check_method_conf()] [Add interface WebView: True]

[INTERNAL_LOG][2018-06-12 08:03:14,868][INFO][analyze_start()] This app might be not vulnerable on  attack frame confusion.
[INTERNAL_LOG][2018-06-12 08:03:14,868][INFO][analyze_start()] End time:[Tue Jun 12 08:03:14 2018]
