[INTERNAL_LOG][2018-06-12 06:36:10,718][INFO][analyze_start()] Init Time [Tue Jun 12 06:36:10 2018]
[INTERNAL_LOG][2018-06-12 06:36:10,794][INFO][run()] Start Analysis
[INTERNAL_LOG][2018-06-12 06:36:10,794][INFO][is_hybird()] [Permission Enble Start]
[INTERNAL_LOG][2018-06-12 06:36:10,794][INFO][is_hybird()] android.permission.ACCESS_WIFI_STATE
[INTERNAL_LOG][2018-06-12 06:36:10,794][INFO][is_hybird()] android.permission.INTERNET
[INTERNAL_LOG][2018-06-12 06:36:10,794][INFO][is_hybird()] android.permission.ACCESS_NETWORK_STATE
[INTERNAL_LOG][2018-06-12 06:36:10,794][INFO][is_hybird()] com.android.vending.BILLING
[INTERNAL_LOG][2018-06-12 06:36:10,794][INFO][is_hybird()] com.google.android.c2dm.permission.RECEIVE
[INTERNAL_LOG][2018-06-12 06:36:10,794][INFO][is_hybird()] android.permission.GET_ACCOUNTS
[INTERNAL_LOG][2018-06-12 06:36:10,794][INFO][is_hybird()] android.permission.USE_CREDENTIALS
[INTERNAL_LOG][2018-06-12 06:36:10,795][INFO][is_hybird()] android.permission.WAKE_LOCK
[INTERNAL_LOG][2018-06-12 06:36:10,795][INFO][is_hybird()] [Permission End]

[INTERNAL_LOG][2018-06-12 06:36:10,795][INFO][analyze_start()] TYPE APK: [ANDROID NATIVE]

[INTERNAL_LOG][2018-06-12 06:36:10,795][INFO][find_string()] [START FILE ANALYZE]
[INTERNAL_LOG][2018-06-12 06:36:10,795][INFO][find_string()] File: assets/js/closebutton.html
[INTERNAL_LOG][2018-06-12 06:36:10,795][INFO][find_string()] No iframe in assets/js/closebutton.html
[INTERNAL_LOG][2018-06-12 06:36:10,795][INFO][find_string()] [END ANALYZE FILE]

[INTERNAL_LOG][2018-06-12 06:36:10,795][INFO][find_string()] [START FILE ANALYZE]
[INTERNAL_LOG][2018-06-12 06:36:10,795][INFO][find_string()] File: assets/js/mraid.js
[INTERNAL_LOG][2018-06-12 06:36:10,797][INFO][find_string()] No iframe in assets/js/mraid.js
[INTERNAL_LOG][2018-06-12 06:36:10,798][INFO][find_string()] [END ANALYZE FILE]

[INTERNAL_LOG][2018-06-12 06:36:37,674][INFO][find_url_in_apk()] [START ALL URL INSIDE APK]
[INTERNAL_LOG][2018-06-12 06:36:37,675][INFO][find_url_in_apk()] http://schemas.applovin.com/android/1.0
http://schemas.applovin.com/android/1.0
http://d.applovin.com/
http://a.applovin.com/
https://vid.applovin.com/,https://pdn.applovin.com/,https://img.applovin.com/,https://d.applovin.com/,https://assets.applovin.com/,https://cdnjs.cloudflare.com/,http://vid.applovin.com/,http://pdn.applovin.com/,http://img.applovin.com/,http://d.applovin.com/,http://assets.applovin.com/,http://cdnjs.cloudflare.com/
http://rt.applovin.com/pix
https://live.chartboost.com
http://market.android.com/
https://m.facebook.com/dialog/
https://graph.facebook.com/
https://api.facebook.com/restserver.php
https://graph.facebook.com/%s/picture
https://graph.%s
https://graph-video.%s
https://facebook.com
https://proton.flurry.com/sdk/v1/config
https://data.flurry.com/pcr.do
http://data.flurry.com/aap.do
https://data.flurry.com/aap.do
http://hostname/?
http://hostname/?
http://www.google-analytics.com/collect
http://www.google-analytics.com/collect
https://ssl.google-analytics.com/collect
https://ssl.google-analytics.com
https://www.googleapis.com/auth/appstate
https://www.googleapis.com/auth/appstate
https://www.googleapis.com/auth/appstate
http://plus.google.com/
https://www.googleapis.com/auth/drive.file
https://www.googleapis.com/auth/drive.appdata
https://www.googleapis.com/auth/drive
https://www.googleapis.com/auth/drive.apps
https://www.googleapis.com/auth/fitness.activity.read
https://www.googleapis.com/auth/fitness.activity.read
https://www.googleapis.com/auth/fitness.activity.write
https://www.googleapis.com/auth/fitness.activity.write
https://www.googleapis.com/auth/fitness.location.read
https://www.googleapis.com/auth/fitness.location.read
https://www.googleapis.com/auth/fitness.location.write
https://www.googleapis.com/auth/fitness.location.write
https://www.googleapis.com/auth/fitness.body.read
https://www.googleapis.com/auth/fitness.body.read
https://www.googleapis.com/auth/fitness.body.write
https://www.googleapis.com/auth/fitness.body.write
https://www.googleapis.com/auth/fitness.nutrition.read
https://www.googleapis.com/auth/fitness.nutrition.read
https://www.googleapis.com/auth/fitness.nutrition.write
https://www.googleapis.com/auth/fitness.nutrition.write
https://www.googleapis.com/auth/games
https://www.googleapis.com/auth/games
https://www.googleapis.com/auth/games
https://www.googleapis.com/auth/games.firstparty
https://www.googleapis.com/auth/games.firstparty
https://googleads.g.doubleclick.net/mads/static/mad/sdk/native/sdk-core-v40.html
https://googleads.g.doubleclick.net/mads/static/mad/sdk/native/mraid/v2/mraid_app_banner.js
https://googleads.g.doubleclick.net/mads/static/mad/sdk/native/mraid/v2/mraid_app_expanded_banner.js
https://googleads.g.doubleclick.net/mads/static/mad/sdk/native/mraid/v2/mraid_app_interstitial.js
https://csi.gstatic.com/csi
https://googleads.g.doubleclick.net/mads/static/mad/sdk/native/native_ads.html
http://www.google.com
https://www.google-analytics.com
https://www.googleapis.com/auth/plus.login
https://www.googleapis.com/auth/plus.login
https://www.googleapis.com/auth/plus.me
http://schemas.android.com/apk/lib/com.google.android.gms.plus
http://schemas.android.com/apk/lib/com.google.android.gms.plus
https://www.googletagmanager.com
http://android.heyzap.com
http://android.heyzap.com/in_game_api/sdk/
http://ads.heyzap.com/in_game_api/ads
http://schemas.android.com/apk/lib/com.inmobi.ads
https://i.l.inmobicdn.net/sdk/sdk/500/android/mraid.js
http://i.w.inmobi.com/showad.asm
http://www.inmobi.com/products/sdk/#downloads
https://sdkm.w.inmobi.com/metrics/e.asm?v=1&
http://config.inmobi.com/config-server/v1/config/secure.cfg
https://www.facebook.com/dialog/feed?app_id=181821551957328&link=
https://m.google.com/app/plus/x/?v=compose&content=
http://twitter.com/home?status=
http://dock.inmobi.com/carb/v1/i
http://dock.inmobi.com/carb/v1/o
https://sdkm.w.inmobi.com/user/e.asm
https://androidads23.adcolony.com/configure
http://android-%s.topaz-analytics.com/api/v2/applications/android-%s/uploads
https://impact.staging.applifier.com/mobile/campaigns
https://impact.applifier.com/mobile/campaigns
https://www.vungle.com/privacy/
http://api.vungle.com/api/v4/
https://ingest.vungle.com/

[INTERNAL_LOG][2018-06-12 06:36:37,675][INFO][find_url_in_apk()] [END ALL URL INSIDE APK]
[INTERNAL_LOG][2018-06-12 06:36:37,678][INFO][check_method_conf()] [JavaScript enabled: True]

[INTERNAL_LOG][2018-06-12 06:36:37,678][INFO][check_method_conf()] [Add interface WebView: True]

[INTERNAL_LOG][2018-06-12 06:36:37,678][INFO][analyze_start()] This app might be not vulnerable on  attack frame confusion.
[INTERNAL_LOG][2018-06-12 06:36:37,678][INFO][analyze_start()] End time:[Tue Jun 12 06:36:37 2018]
