[INTERNAL_LOG][2018-06-12 01:39:20,493][INFO][analyze_start()] Init Time [Tue Jun 12 01:39:20 2018]
[INTERNAL_LOG][2018-06-12 01:39:20,539][INFO][run()] Start Analysis
[INTERNAL_LOG][2018-06-12 01:39:20,540][INFO][is_hybird()] [Permission Enble Start]
[INTERNAL_LOG][2018-06-12 01:39:20,540][INFO][is_hybird()] android.permission.INTERNET
[INTERNAL_LOG][2018-06-12 01:39:20,540][INFO][is_hybird()] android.permission.ACCESS_NETWORK_STATE
[INTERNAL_LOG][2018-06-12 01:39:20,540][INFO][is_hybird()] android.permission.WRITE_EXTERNAL_STORAGE
[INTERNAL_LOG][2018-06-12 01:39:20,540][INFO][is_hybird()] android.permission.READ_EXTERNAL_STORAGE
[INTERNAL_LOG][2018-06-12 01:39:20,541][INFO][is_hybird()] android.permission.ACCESS_WIFI_STATE
[INTERNAL_LOG][2018-06-12 01:39:20,541][INFO][is_hybird()] android.permission.READ_LOGS
[INTERNAL_LOG][2018-06-12 01:39:20,541][INFO][is_hybird()] android.permission.SYSTEM_ALERT_WINDOW
[INTERNAL_LOG][2018-06-12 01:39:20,541][INFO][is_hybird()] android.permission.WRITE_SETTINGS
[INTERNAL_LOG][2018-06-12 01:39:20,541][INFO][is_hybird()] android.permission.VIBRATE
[INTERNAL_LOG][2018-06-12 01:39:20,541][INFO][is_hybird()] android.permission.DISABLE_KEYGUARD
[INTERNAL_LOG][2018-06-12 01:39:20,541][INFO][is_hybird()] android.permission.RECORD_AUDIO
[INTERNAL_LOG][2018-06-12 01:39:20,541][INFO][is_hybird()] android.permission.RECEIVE_BOOT_COMPLETED
[INTERNAL_LOG][2018-06-12 01:39:20,541][INFO][is_hybird()] android.permission.GET_ACCOUNTS
[INTERNAL_LOG][2018-06-12 01:39:20,541][INFO][is_hybird()] android.permission.SYSTEM_ALERT_WINDOW
[INTERNAL_LOG][2018-06-12 01:39:20,541][INFO][is_hybird()] com.android.alarm.permission.SET_ALARM
[INTERNAL_LOG][2018-06-12 01:39:20,541][INFO][is_hybird()] com.android.launcher.permission.INSTALL_SHORTCUT
[INTERNAL_LOG][2018-06-12 01:39:20,541][INFO][is_hybird()] android.permission.MOUNT_UNMOUNT_FILESYSTEMS
[INTERNAL_LOG][2018-06-12 01:39:20,541][INFO][is_hybird()] android.permission.WAKE_LOCK
[INTERNAL_LOG][2018-06-12 01:39:20,541][INFO][is_hybird()] android.permission.INTERACT_ACROSS_USERS
[INTERNAL_LOG][2018-06-12 01:39:20,541][INFO][is_hybird()] android.permission.GET_TASKS
[INTERNAL_LOG][2018-06-12 01:39:20,541][INFO][is_hybird()] android.permission.PACKAGE_USAGE_STATS
[INTERNAL_LOG][2018-06-12 01:39:20,541][INFO][is_hybird()] android.permission.CHANGE_CONFIGURATION
[INTERNAL_LOG][2018-06-12 01:39:20,541][INFO][is_hybird()] com.google.android.c2dm.permission.RECEIVE
[INTERNAL_LOG][2018-06-12 01:39:20,541][INFO][is_hybird()] online.oflline.music.player.local.permission.C2D_MESSAGE
[INTERNAL_LOG][2018-06-12 01:39:20,541][INFO][is_hybird()] com.google.android.finsky.permission.BIND_GET_INSTALL_REFERRER_SERVICE
[INTERNAL_LOG][2018-06-12 01:39:20,541][INFO][is_hybird()] [Permission End]

[INTERNAL_LOG][2018-06-12 01:39:20,542][INFO][analyze_start()] TYPE APK: [ANDROID NATIVE]

[INTERNAL_LOG][2018-06-12 01:39:20,542][INFO][find_string()] [START FILE ANALYZE]
[INTERNAL_LOG][2018-06-12 01:39:20,542][INFO][find_string()] File: res/raw/youtube_player.html
[INTERNAL_LOG][2018-06-12 01:39:20,565][INFO][find_string()] No iframe in res/raw/youtube_player.html
[INTERNAL_LOG][2018-06-12 01:39:20,567][INFO][find_string()] [END ANALYZE FILE]

[INTERNAL_LOG][2018-06-12 01:39:20,568][INFO][find_string()] [START FILE ANALYZE]
[INTERNAL_LOG][2018-06-12 01:39:20,569][INFO][find_string()] File: assets/mraid.js
[INTERNAL_LOG][2018-06-12 01:39:20,570][INFO][find_string()] No iframe in assets/mraid.js
[INTERNAL_LOG][2018-06-12 01:39:20,570][INFO][find_string()] File: org/mozilla/javascript/tools/debugger/test.js
[INTERNAL_LOG][2018-06-12 01:39:20,571][INFO][find_string()] No iframe in org/mozilla/javascript/tools/debugger/test.js
[INTERNAL_LOG][2018-06-12 01:39:20,571][INFO][find_string()] [END ANALYZE FILE]

[INTERNAL_LOG][2018-06-12 01:40:13,088][INFO][find_url_in_apk()] [START ALL URL INSIDE APK]
[INTERNAL_LOG][2018-06-12 01:40:13,088][INFO][find_url_in_apk()] http://schemas.android.com/apk/res/android
https://api.%s/install_data/v3/
https://attr.%s/api/v
https://t.%s/api/v
https://events.%s/api/v
https://register.%s/api/v
https://stats.%s/stats
https://onelink.%s/shortlink-sdk/v1
https://onelink.%s/shortlink-sdk/v1
https://validate.%s/api/v
https://sdk-services.%s/validate-android-signature
https://app.%s
https://app.%s
https://impression.%s
https://monitorsdk.%s/remote-debug?app_id=
http://m.facebook.com/ads/ad_choices
http://m.facebook.com/ads/ad_choices
https://www.facebook.com/audience_network/server_side_reward
https://www.%s.facebook.com/audience_network/server_side_reward
https://graph.facebook.com/network_ads_common
https://graph.%s.facebook.com/network_ads_common
https://www.facebook.com/adnw_logging/
https://www.%s.facebook.com/adnw_logging/
https://www.facebook.com/
https://www.%s.facebook.com
http://www.facebook.com
https://graph.%s
https://graph-video.%s
https://facebook.com
https://facebook.com/device?user_code=%1$s&qr=1
http://www.w3.org/ns/ttml#parameter
https://pagead2.googlesyndication.com/pagead/gen_204?id=gmob-apps
https://accounts.google.com
https://www.facebook.com
https://www.googleapis.com/auth/games_lite
https://www.googleapis.com/auth/games
https://plus.google.com/
https://pagead2.googlesyndication.com/pagead/gen_204
http://www.google.com
https://support.google.com/dfp_premium/answer/7160685#push
https://googleads.g.doubleclick.net/mads/static/mad/sdk/native/sdk-core-v40.html
https://googleads.g.doubleclick.net/mads/static/mad/sdk/native/production/sdk-core-v40-impl.js
https://googleads.g.doubleclick.net/mads/static/mad/sdk/native/mraid/v2/mraid_app_banner.js
https://googleads.g.doubleclick.net/mads/static/mad/sdk/native/mraid/v2/mraid_app_expanded_banner.js
https://googleads.g.doubleclick.net/mads/static/mad/sdk/native/mraid/v2/mraid_app_interstitial.js
https://csi.gstatic.com/csi
https://googleads.g.doubleclick.net/mads/static/mad/sdk/native/native_ads.html
https://googleads.g.doubleclick.net/mads/static/mad/sdk/native/production/native_ads.js
https://imasdk.googleapis.com/admob/sdkloader/native_video.html
https://www.google.com/dfp/linkDevice
https://www.google.com/dfp/inAppPreview
https://www.google.com/dfp/debugSignals
https://www.google.com/dfp/sendDebugData
http://www.example.com
http://www.example.com
https://twitter.com/%s/status/%s
https://play.google.com/store/apps/details?id=online.oflline.music.player.local
https://play.google.com/store/apps/details?id=online.oflline.music.player.local
https://play.google.com/store/apps/details?id=
https://play.google.com/store/apps/details?id=
https://play.google.com/store/apps/details?id=
https://play.google.com/store/apps/details?id=
https://play.google.com/store/apps/details?id=
https://play.google.com/store/apps/details?id=
https://play.google.com/store/apps/details?id=
https://play.google.com/store/apps/details?id=
https://play.google.com/store/apps/details?id=
https://play.google.com/store/apps/details?id=
https://play.google.com/store/apps/details?id=
http://www.w3.org/2000/xmlns/
http://www.w3.org/2000/xmlns/
https://app-measurement.com/a
https://www.google.com
https://www.googleapis.com/batch
https://www.googleapis.com/
https://www.googleapis.com/auth/youtube
https://www.googleapis.com/auth/youtube
https://www.googleapis.com/auth/youtube.force-ssl
https://www.googleapis.com/auth/youtube.readonly
https://www.googleapis.com/auth/youtube.readonly
https://www.googleapis.com/auth/youtube.upload
https://www.googleapis.com/auth/youtubepartner
https://www.googleapis.com/auth/youtubepartner-channel-audit
https://mobile-static.adsafeprotected.com/avid-v2.js
https://px.moatads.com/pixel.gif?e=0&i=MOATSDK1&ac=1
https://z.moatads.com/
https://analytics.mopub.com/i/jot/exchange_client_event
https://www.mopub.com/optout
https://www.mopub.com/optout/
https://www.mopub.com/optout/
http://www.ntmzbwz.com/
http://www.ntmzbwz.com/
http://www.ntmzbwz.com/
http://35.166.166.15:8000/
https://www.youtube.com
http://52.38.247.56:8800/v3/sdk-api
https://sdkvideo.s3.amazonaws.com/21b4e810618f8719c209eef568606f4c.js
https://play.google.com/store/apps/details
http://rqd.uu.qq.com/rqd/sync
http://android.bugly.qq.com/rqd/async
https://preplbslog.umeng.com
https://plbslog.umeng.com/
https://plbslog.umeng.com/
https://ulogs.umeng.com/unify_logs
https://ulogs.umengcloud.com/unify_logs
https://cmnsguider.yunos.com:443/genDeviceToken
https://www.youtube.com/watch?v=
https://www.youtube.com/watch?v=
http://www.ntmzbwz.com/privacy_policy?app=FreeMusicPlus
http://www.ntmzbwz.com/privacy_policy?app=FreeMusicPlus
http://ws.audioscrobbler.com/
http://www.youtube.com/watch?v=
https://www.facebook.com/FreeMusicPlus
https://graph.facebook.com/
http://www.lghlmcl.top/
http://www.ntmzbwz.com/api/freemusic/
http://www.ntmzbwz.com/sm/
http://www.ntmzbwz.com/sm/
http://www.searchthis.com/web?mgct=sb&o=B10006&q={query}
http://api.soundcloud.com
https://api-v2.soundcloud.com
http://127.0.0.1
https://api-v2.soundcloud.com/users/
https://api.soundcloud.com/users/
https://api.soundcloud.com/users/
https://api-v2.soundcloud.com/charts?genre=soundcloud:genres:all-music&client_id=
https://soundcloud.com/charts/top
https://soundcloud.com/charts/top
https://soundcloud.com/charts/new
https://soundcloud.com/charts/new
https://soundcloud.com
https://api.soundcloud.com/resolve?url=
https://w.soundcloud.com/player/?url=
https://w.soundcloud.com/player/?url=
https://api.soundcloud.com/playlists/
https://api.soundcloud.com/playlists/
https://api.soundcloud.com/playlists/
https://api-v2.soundcloud.com/search
https://api.soundcloud.com/i1/tracks/
https://api-v2.soundcloud.com/tracks/
https://api.soundcloud.com/tracks/
https://api-v2.soundcloud.com/search/queries?q=
https://www.youtube.com/channel/
https://www.youtube.com/feeds/videos.xml?channel_id=
https://www.youtube.com/
https://i.ytimg.com/vi/
https://www.youtube.com/playlist?list=
https://www.youtube.com/results?q=
https://www.youtube.com/embed/
https://www.youtube.com/get_video_info?video_id=
https://youtube.com
https://www.youtube.com/shared?ci=
https://suggestqueries.google.com/complete/search?client=youtube&jsonp=JP&ds=yt&hl=
https://www.youtube.com/feed/trending

[INTERNAL_LOG][2018-06-12 01:40:13,088][INFO][find_url_in_apk()] [END ALL URL INSIDE APK]
[INTERNAL_LOG][2018-06-12 01:40:13,096][INFO][check_method_conf()] [JavaScript enabled: True]

[INTERNAL_LOG][2018-06-12 01:40:13,096][INFO][check_method_conf()] [Add interface WebView: True]

[INTERNAL_LOG][2018-06-12 01:40:13,096][INFO][analyze_start()] This app might be not vulnerable on  attack frame confusion.
[INTERNAL_LOG][2018-06-12 01:40:13,096][INFO][analyze_start()] End time:[Tue Jun 12 01:40:13 2018]
