[INTERNAL_LOG][2018-06-12 01:24:37,705][INFO][analyze_start()] Init Time [Tue Jun 12 01:24:37 2018]
[INTERNAL_LOG][2018-06-12 01:24:37,791][INFO][run()] Start Analysis
[INTERNAL_LOG][2018-06-12 01:24:37,792][INFO][is_hybird()] [Permission Enble Start]
[INTERNAL_LOG][2018-06-12 01:24:37,792][INFO][is_hybird()] android.permission.AUTHENTICATE_ACCOUNTS
[INTERNAL_LOG][2018-06-12 01:24:37,793][INFO][is_hybird()] android.permission.ACCESS_NETWORK_STATE
[INTERNAL_LOG][2018-06-12 01:24:37,793][INFO][is_hybird()] android.permission.FOREGROUND_SERVICE
[INTERNAL_LOG][2018-06-12 01:24:37,793][INFO][is_hybird()] android.permission.GET_ACCOUNTS
[INTERNAL_LOG][2018-06-12 01:24:37,793][INFO][is_hybird()] android.permission.MANAGE_ACCOUNTS
[INTERNAL_LOG][2018-06-12 01:24:37,793][INFO][is_hybird()] android.permission.INTERNET
[INTERNAL_LOG][2018-06-12 01:24:37,793][INFO][is_hybird()] android.permission.READ_CONTACTS
[INTERNAL_LOG][2018-06-12 01:24:37,793][INFO][is_hybird()] android.permission.WRITE_CONTACTS
[INTERNAL_LOG][2018-06-12 01:24:37,793][INFO][is_hybird()] com.android.launcher.permission.INSTALL_SHORTCUT
[INTERNAL_LOG][2018-06-12 01:24:37,793][INFO][is_hybird()] android.permission.READ_CALENDAR
[INTERNAL_LOG][2018-06-12 01:24:37,793][INFO][is_hybird()] android.permission.WRITE_CALENDAR
[INTERNAL_LOG][2018-06-12 01:24:37,793][INFO][is_hybird()] android.permission.READ_SYNC_SETTINGS
[INTERNAL_LOG][2018-06-12 01:24:37,793][INFO][is_hybird()] android.permission.READ_SYNC_STATS
[INTERNAL_LOG][2018-06-12 01:24:37,793][INFO][is_hybird()] android.permission.RECEIVE_BOOT_COMPLETED
[INTERNAL_LOG][2018-06-12 01:24:37,793][INFO][is_hybird()] android.permission.SUBSCRIBED_FEEDS_READ
[INTERNAL_LOG][2018-06-12 01:24:37,793][INFO][is_hybird()] android.permission.SUBSCRIBED_FEEDS_WRITE
[INTERNAL_LOG][2018-06-12 01:24:37,793][INFO][is_hybird()] android.permission.USE_CREDENTIALS
[INTERNAL_LOG][2018-06-12 01:24:37,793][INFO][is_hybird()] android.permission.VIBRATE
[INTERNAL_LOG][2018-06-12 01:24:37,793][INFO][is_hybird()] android.permission.WAKE_LOCK
[INTERNAL_LOG][2018-06-12 01:24:37,793][INFO][is_hybird()] android.permission.WRITE_SYNC_SETTINGS
[INTERNAL_LOG][2018-06-12 01:24:37,793][INFO][is_hybird()] android.permission.WRITE_EXTERNAL_STORAGE
[INTERNAL_LOG][2018-06-12 01:24:37,793][INFO][is_hybird()] com.google.android.calendar.permission.READ_OOBE
[INTERNAL_LOG][2018-06-12 01:24:37,793][INFO][is_hybird()] com.google.android.gm.permission.READ_GMAIL
[INTERNAL_LOG][2018-06-12 01:24:37,793][INFO][is_hybird()] com.google.android.gm.permission.WRITE_GMAIL
[INTERNAL_LOG][2018-06-12 01:24:37,793][INFO][is_hybird()] com.google.android.googleapps.permission.GOOGLE_AUTH
[INTERNAL_LOG][2018-06-12 01:24:37,793][INFO][is_hybird()] com.google.android.googleapps.permission.GOOGLE_AUTH.mail
[INTERNAL_LOG][2018-06-12 01:24:37,793][INFO][is_hybird()] com.google.android.providers.gsf.permission.READ_GSERVICES
[INTERNAL_LOG][2018-06-12 01:24:37,794][INFO][is_hybird()] com.google.android.gm.permission.AUTO_SEND
[INTERNAL_LOG][2018-06-12 01:24:37,794][INFO][is_hybird()] com.google.android.voicesearch.AUDIO_FILE_ACCESS
[INTERNAL_LOG][2018-06-12 01:24:37,794][INFO][is_hybird()] android.permission.DOWNLOAD_WITHOUT_NOTIFICATION
[INTERNAL_LOG][2018-06-12 01:24:37,794][INFO][is_hybird()] android.permission.NFC
[INTERNAL_LOG][2018-06-12 01:24:37,794][INFO][is_hybird()] com.google.android.gm.email.permission.READ_ATTACHMENT
[INTERNAL_LOG][2018-06-12 01:24:37,794][INFO][is_hybird()] com.google.android.email.permission.READ_ATTACHMENT
[INTERNAL_LOG][2018-06-12 01:24:37,794][INFO][is_hybird()] com.google.android.gm.email.permission.ACCESS_PROVIDER
[INTERNAL_LOG][2018-06-12 01:24:37,794][INFO][is_hybird()] com.google.android.email.permission.ACCESS_PROVIDER
[INTERNAL_LOG][2018-06-12 01:24:37,794][INFO][is_hybird()] android.permission.READ_PROFILE
[INTERNAL_LOG][2018-06-12 01:24:37,794][INFO][is_hybird()] com.google.android.gm.email.permission.GET_WIDGET_UPDATE
[INTERNAL_LOG][2018-06-12 01:24:37,794][INFO][is_hybird()] com.google.android.gm.permission.BROADCAST_INTERNAL
[INTERNAL_LOG][2018-06-12 01:24:37,794][INFO][is_hybird()] com.google.android.gm.exchange.BIND
[INTERNAL_LOG][2018-06-12 01:24:37,794][INFO][is_hybird()] com.android.email.partnerprovider.PARTNER_PROVIDER
[INTERNAL_LOG][2018-06-12 01:24:37,794][INFO][is_hybird()] android.permission.GET_PACKAGE_SIZE
[INTERNAL_LOG][2018-06-12 01:24:37,794][INFO][is_hybird()] [Permission End]

[INTERNAL_LOG][2018-06-12 01:24:37,794][INFO][analyze_start()] TYPE APK: [ANDROID NATIVE]

[INTERNAL_LOG][2018-06-12 01:24:37,794][INFO][find_string()] [START FILE ANALYZE]
[INTERNAL_LOG][2018-06-12 01:24:37,794][INFO][find_string()] File: res/raw/template_super_collapsed.html
[INTERNAL_LOG][2018-06-12 01:24:37,795][INFO][find_string()] No iframe in res/raw/template_super_collapsed.html
[INTERNAL_LOG][2018-06-12 01:24:37,795][INFO][find_string()] File: res/raw/template_conversation_lower.html
[INTERNAL_LOG][2018-06-12 01:24:37,796][INFO][find_string()] No iframe in res/raw/template_conversation_lower.html
[INTERNAL_LOG][2018-06-12 01:24:37,801][INFO][find_string()] File: res/raw/template_conversation_upper.html
[INTERNAL_LOG][2018-06-12 01:24:37,844][INFO][find_string()] No iframe in res/raw/template_conversation_upper.html
[INTERNAL_LOG][2018-06-12 01:24:37,844][INFO][find_string()] File: res/raw/template_drive_chip.html
[INTERNAL_LOG][2018-06-12 01:24:37,847][INFO][find_string()] No iframe in res/raw/template_drive_chip.html
[INTERNAL_LOG][2018-06-12 01:24:37,847][INFO][find_string()] File: res/raw/template_message.html
[INTERNAL_LOG][2018-06-12 01:24:37,847][INFO][find_string()] No iframe in res/raw/template_message.html
[INTERNAL_LOG][2018-06-12 01:24:37,848][INFO][find_string()] File: res/raw/template_print_conversation_lower.html
[INTERNAL_LOG][2018-06-12 01:24:37,848][INFO][find_string()] No iframe in res/raw/template_print_conversation_lower.html
[INTERNAL_LOG][2018-06-12 01:24:37,848][INFO][find_string()] File: res/raw/template_print_conversation_lower_no_js.html
[INTERNAL_LOG][2018-06-12 01:24:37,849][INFO][find_string()] No iframe in res/raw/template_print_conversation_lower_no_js.html
[INTERNAL_LOG][2018-06-12 01:24:37,849][INFO][find_string()] File: res/raw/template_print_conversation_upper.html
[INTERNAL_LOG][2018-06-12 01:24:37,850][INFO][find_string()] No iframe in res/raw/template_print_conversation_upper.html
[INTERNAL_LOG][2018-06-12 01:24:37,851][INFO][find_string()] File: res/raw/template_print_message.html
[INTERNAL_LOG][2018-06-12 01:24:37,852][INFO][find_string()] No iframe in res/raw/template_print_message.html
[INTERNAL_LOG][2018-06-12 01:24:37,852][INFO][find_string()] File: res/raw/wc_template_editable.html
[INTERNAL_LOG][2018-06-12 01:24:37,853][INFO][find_string()] No iframe in res/raw/wc_template_editable.html
[INTERNAL_LOG][2018-06-12 01:24:37,853][INFO][find_string()] [END ANALYZE FILE]

[INTERNAL_LOG][2018-06-12 01:24:37,853][INFO][find_string()] [START FILE ANALYZE]
[INTERNAL_LOG][2018-06-12 01:24:37,853][INFO][find_string()] File: assets/draft_editor.js
[INTERNAL_LOG][2018-06-12 01:24:37,857][INFO][find_string()] No iframe in assets/draft_editor.js
[INTERNAL_LOG][2018-06-12 01:24:37,857][INFO][find_string()] File: assets/script.js
[INTERNAL_LOG][2018-06-12 01:24:37,859][INFO][find_string()] No iframe in assets/script.js
[INTERNAL_LOG][2018-06-12 01:24:37,859][INFO][find_string()] File: assets/wa_discover.js
[INTERNAL_LOG][2018-06-12 01:24:37,860][INFO][find_string()] No iframe in assets/wa_discover.js
[INTERNAL_LOG][2018-06-12 01:24:37,861][INFO][find_string()] [END ANALYZE FILE]

[INTERNAL_LOG][2018-06-12 01:25:27,961][INFO][find_url_in_apk()] [START ALL URL INSIDE APK]
[INTERNAL_LOG][2018-06-12 01:25:27,961][INFO][find_url_in_apk()] https://www.google.com/policies/privacy/
https://www.google.com/policies/privacy/
https://www.google.com/policies/privacy/
https://myaccount.google.com/gmail-embedded/google-account-email
https://myaccount.google.com/privacy
https://accounts.google.com/ServiceLogin
https://accounts.google.com/CheckCookie
https://drive.google.com/open?id=
https://mail.google.com/drawable/
https://mail.google.com/drawable/
https://www.googleapis.com/auth/gmail.locker.read 
https://play.google.com/store/apps/details?id=com.google.android.calendar&referrer=utm_source%3Dgmail_nav
https://play.google.com/store/apps/details?id=com.google.android.contacts&referrer=utm_source%3Dgoogle%26utm_medium%3Dgmail_android_app%26utm_campaign%3Dnav_drawer_contacts
http://www.google-analytics.com/collect
http://www.google-analytics.com/collect
http://www.google-analytics.com/collect
https://ssl.google-analytics.com/collect
http://mail.google.com/mail/g/?client=
https://www.google.com/settings/ads/preferences
https://mail.google.com
https://mail.google.com
https://mail.google.com/mail/mu/
https://mail.google.com/mail/?extsrc=sync&client=g&plid=%s
https://mail.google.com/
https://clients4.google.com/insights/consumersurveys/async_survey
https://mail.google.com/mail/?ui=2&view=att
https://mail.google.com/ rewrite https://mail.google.com/
https://mail.google.com/ rewrite https://mail.google.com/
https://mail.google.com/a/ rewrite https://mail.google.com/a/
https://mail.google.com/a/ rewrite https://mail.google.com/a/
https://www.googleapis.com/auth/appssearch
https://www.googleapis.com
https://www.googleapis.com
https://www.googleapis.com
https://www.googleapis.com
https://play.google.com/apps/testing/com.google.android.gm
https://play.google.com/apps/testing/com.google.android.gm
https://play.google.com/store/apps/details?id=com.google.android.apps.dogfood
https://play.google.com/store/apps/details?id=com.google.android.apps.dogfood
https://docs.google.com/forms/d/1lTZKmEbn-u6zPUo-OKVvIx0Hyvidmx_8m0Pndy8mehc/viewform
https://mail.google.com/mail/g/
https://inbox.google.com/_/upload
https://inbox.google.com/_/upload
https://plus.google.com/
https://www.googleapis.com/auth/drive.file
https://www.googleapis.com/auth/drive.appdata
https://www.googleapis.com/auth/drive
https://www.googleapis.com/auth/drive.apps
https://www.google.com/policies/terms/
https://www.google.com/policies/terms/
https://www.google.com/policies/terms/
http://autodiscover.
https://autodiscover.
https://ssl.gstatic.com/docs/doclist/images/
https://www.googleapis.com/gmail/v1/users/me/messages/%s/submitAddOnForm?alt=proto&messageIdFormat=%s
https://www.googleapis.com/gmail/v1/users/me/messages/%s/addOnData?alt=proto&version=widgetv1data&messageIdFormat=%s
https://support.google.com/mail
https://support.google.com/mail
http://schemas.microsoft.com/exchange/autodiscover/mobilesync/requestschema/2006
http://schemas.microsoft.com/exchange/autodiscover/mobilesync/responseschema/2006
https://www.googleapis.com/auth/games
http://schemas.android.com/apk/res/android
https://www.google.com/insights/consumersurveys/async_survey
https://www.google.com/insights/consumersurveys/
https://www.google.com/maps/preview/log204
https://clients4.google.com/insights/consumersurveys/
https://csi.gstatic.com/
https://ssl.gstatic.com/
https://www.gstatic.com/
https://www.googleapis.com/
https://www.googleapis.com/
https://www.gstatic.com/images/icons/material/system/2x/arrow_back_ios_white_24dp.png
https://www.gstatic.com/images/icons/material/system/2x/arrow_back_white_24dp.png
https://www.gstatic.com/images/icons/material/system/2x/more_horiz_white_24dp.png
https://www.gstatic.com/images/icons/material/system/2x/more_vert_white_24dp.png
https://www.gstatic.com/images/icons/material/system/2x/close_white_24dp.png
https://www-googleapis-test.sandbox.google.com
https://www-googleapis-test.sandbox.google.com
https://mail-ads.google.com
https://mail-ads.google.com
https://dev-locker-pa-googleapis.corp.google.com
https://locker-pa.googleapis.com
https://locker-pa.clients6.google.com
https://docs.google.com/forms/d/1lTZKmEbn-u6zPUo-OKVvIx0Hyvidmx_8m0Pndy8mehc/viewform?entry.681482249&entry.378751267
https://docs.google.com/forms/d/1z16fGaV_pn5JXvPK5p5e--HZMDBK4UDJJGK7MRXHS68/viewform?
https://docs.google.com/forms/d/e/1FAIpQLSdHKw6Eqmt-DWVlRlKxzMmxqyQpcoyIHBkMUKu-Kw_QJAksYA/viewform?
https://docs.google.com/forms/d/e/1FAIpQLSfjanMkhtRUQkBsjtPU3jObVVp1jUO54JA67z_mBeQLZwqUeA/viewform?
https://docs.google.com/a/google.com/forms/d/e/1FAIpQLScUDcSU65duhjSM3hdQniF-dolZMTnXh7tAJtAw9mYbAMFINQ/viewform?
https://docs.google.com/a/google.com/forms/d/1HYnH7uAyGXRgqtgQfRhybLfrAEdbmdIx41sFWmneYRk/viewform?
https://www.googleapis.com/reminders/v1internal/reminders/checkreindexduedatesneeded
https://mail.google.com/mail
https://taskassist-pa.googleapis.com/v2/taskassist
https://staging-taskassist-pa.sandbox.googleapis.com/v2/taskassist
http://localhost:6999/viewer-nightly/
https://senna-test.corp.google.com/viewer-test/
https://senna-nightly.corp.google.com/viewer-nightly/
https://drive.google.com/viewer-qa/
https://drive.google.com/viewer-scary/
https://drive.google.com/viewer-corp/
https://drive.google.com/viewerng/
https://oauth-apps-viewer.googleusercontent.com/
https://tracedepot-pa.googleapis.com/%s/%s
http://trace-depot/
https://www.gstatic.com/images/icons/material/system/2x/lock_clock_white_24dp.png

[INTERNAL_LOG][2018-06-12 01:25:27,961][INFO][find_url_in_apk()] [END ALL URL INSIDE APK]
[INTERNAL_LOG][2018-06-12 01:25:27,970][INFO][check_method_conf()] [JavaScript enabled: True]

[INTERNAL_LOG][2018-06-12 01:25:27,970][INFO][check_method_conf()] [Add interface WebView: True]

[INTERNAL_LOG][2018-06-12 01:25:27,970][INFO][analyze_start()] This app might be not vulnerable on  attack frame confusion.
[INTERNAL_LOG][2018-06-12 01:25:27,970][INFO][analyze_start()] End time:[Tue Jun 12 01:25:27 2018]
