[INTERNAL_LOG][2018-06-12 07:33:37,836][INFO][analyze_start()] Init Time [Tue Jun 12 07:33:37 2018]
[INTERNAL_LOG][2018-06-12 07:33:37,928][INFO][run()] Start Analysis
[INTERNAL_LOG][2018-06-12 07:33:37,929][INFO][is_hybird()] [Permission Enble Start]
[INTERNAL_LOG][2018-06-12 07:33:37,929][INFO][is_hybird()] android.permission.INTERNET
[INTERNAL_LOG][2018-06-12 07:33:37,930][INFO][is_hybird()] android.permission.GET_ACCOUNTS
[INTERNAL_LOG][2018-06-12 07:33:37,930][INFO][is_hybird()] android.permission.GET_TASKS
[INTERNAL_LOG][2018-06-12 07:33:37,930][INFO][is_hybird()] android.permission.WRITE_EXTERNAL_STORAGE
[INTERNAL_LOG][2018-06-12 07:33:37,930][INFO][is_hybird()] android.permission.READ_CONTACTS
[INTERNAL_LOG][2018-06-12 07:33:37,930][INFO][is_hybird()] android.permission.READ_USER_DICTIONARY
[INTERNAL_LOG][2018-06-12 07:33:37,930][INFO][is_hybird()] android.permission.WRITE_USER_DICTIONARY
[INTERNAL_LOG][2018-06-12 07:33:37,930][INFO][is_hybird()] android.permission.ACCESS_NETWORK_STATE
[INTERNAL_LOG][2018-06-12 07:33:37,930][INFO][is_hybird()] android.permission.DEVICE_POWER
[INTERNAL_LOG][2018-06-12 07:33:37,930][INFO][is_hybird()] android.permission.WAKE_LOCK
[INTERNAL_LOG][2018-06-12 07:33:37,930][INFO][is_hybird()] android.permission.INTERNAL_SYSTEM_WINDOW
[INTERNAL_LOG][2018-06-12 07:33:37,930][INFO][is_hybird()] android.permission.SYSTEM_ALERT_WINDOW
[INTERNAL_LOG][2018-06-12 07:33:37,930][INFO][is_hybird()] android.permission.RECEIVE_BOOT_COMPLETED
[INTERNAL_LOG][2018-06-12 07:33:37,930][INFO][is_hybird()] android.permission.SET_WALLPAPER
[INTERNAL_LOG][2018-06-12 07:33:37,930][INFO][is_hybird()] com.android.vending.BILLING
[INTERNAL_LOG][2018-06-12 07:33:37,930][INFO][is_hybird()] android.permission.RECORD_AUDIO
[INTERNAL_LOG][2018-06-12 07:33:37,930][INFO][is_hybird()] android.permission.VIBRATE
[INTERNAL_LOG][2018-06-12 07:33:37,930][INFO][is_hybird()] android.permission.READ_EXTERNAL_STORAGE
[INTERNAL_LOG][2018-06-12 07:33:37,930][INFO][is_hybird()] [Permission End]

[INTERNAL_LOG][2018-06-12 07:33:37,930][INFO][analyze_start()] TYPE APK: [ANDROID NATIVE]

[INTERNAL_LOG][2018-06-12 07:33:37,931][INFO][find_string()] [START FILE ANALYZE]
[INTERNAL_LOG][2018-06-12 07:33:37,931][INFO][find_string()] [END ANALYZE FILE]

[INTERNAL_LOG][2018-06-12 07:33:37,931][INFO][find_string()] [START FILE ANALYZE]
[INTERNAL_LOG][2018-06-12 07:33:37,931][INFO][find_string()] [END ANALYZE FILE]

[INTERNAL_LOG][2018-06-12 07:34:36,853][INFO][find_url_in_apk()] [START ALL URL INSIDE APK]
[INTERNAL_LOG][2018-06-12 07:34:36,853][INFO][find_url_in_apk()] http://schemas.android.com/apk/res/android
http://schemas.android.com/apk/res/android
http://schemas.android.com/apk/res/android
http://schemas.android.com/apk/res/android
http://schemas.android.com/apk/res/android
http://schemas.android.com/apk/res/android
http://schemas.android.com/apk/res/android
http://schemas.android.com/apk/res/android
https://api.appsflyer.com/install_data/v3/
https://sdk.appsflyer.com/reattr_data/
https://track.appsflyer.com/api/v2.3/uninsall?buildnumber=1.17
https://events.appsflyer.com/api/v2.3/androidevent?buildnumber=1.17&app_id=
https://track.appsflyer.com/api/v2.3/androidevent?buildnumber=1.17&app_id=
http://cmpsh.goforandroid.com/
http://cmpsh.goforandroid.com/
https://protect.ppmobiles.com
http://m.facebook.com/ads/ad_choices
http://m.facebook.com/ads/ad_choices
https://www.facebook.com/audience_network/server_side_reward
https://www.%s.facebook.com/audience_network/server_side_reward
https://graph.facebook.com/network_ads_common
https://graph.%s.facebook.com/network_ads_common
https://www.facebook.com/adnw_logging/
https://www.%s.facebook.com/adnw_logging/
https://www.facebook.com/
https://www.%s.facebook.com
http://www.facebook.com
https://graph.%s
https://graph-video.%s
https://facebook.com
http://play.google.com/store/apps/details?id=com.facebook.orca
http://goupdate.3g.cn/GOClientData/DR?ptl=10&is_zip=1
http://goupdate.3g.cn/GOClientData/DR?ptl=10&is_zip=1
http://keyboard.goupdate.gomo.com/GOClientData/DR?ptl=10&is_zip=1
http://61.145.124.212:8084/GOClientData/DR?ptl=10&is_zip=1
http://61.145.124.212:8084/GOClientData/DC
http://goupdate.3g.cn/GOClientData/DC
https://play.google.com/store/apps/details?id=
https://play.google.com/store/apps/details?id=
https://play.google.com/store/apps/details?id=
https://play.google.com/store/apps/details?id=
https://play.google.com/store/apps/details?id=
https://play.google.com/store/apps/details?id=
https://play.google.com/store/apps/details?id=
https://play.google.com/store/apps/details?id=
https://play.google.com/store/apps/details?id=
https://play.google.com/store/apps/details?id=
https://play.google.com/store/apps/details?id=
https://play.google.com/store/apps/details?id=
https://play.google.com/store/apps/details?id=
https://play.google.com/store/apps/details?id=
https://play.google.com/store/apps/details?id=
https://play.google.com/store/apps/details?id=
https://play.google.com/store/apps/details?id=
https://play.google.com/store/apps/details?id=
https://play.google.com/store/apps/details?id=
http://play.google.com/store/apps/details?id=
http://play.google.com/store/apps/details?id=
http://play.google.com/store/apps/details?id=
http://play.google.com/store/apps/details?id=
http://play.google.com/store/apps/details?id=
https://abtest.goforandroid.com/abtestcenter/ab?gzip=0&sid=%s&cid=%d&cversion=%d&local=%s&utm_source=%s&entrance=%d&cdays=%d&isupgrade=%d&aid=%s&sdk_stat=%d&pkgname=%s&user_from=%s&sv=14
https://abtest.goforandroid.com/abtestcenter/config?gzip=0&sid=%s&cid=%d&cversion=%d&local=%s&utm_source=%s&entrance=%d&cdays=%d&isupgrade=%d&aid=%s&sdk_stat=%d&pkgname=%s&user_from=%s&sv=14
http://www.w3.org/ns/ttml#parameter
https://pagead2.googlesyndication.com/pagead/gen_204?id=gmob-apps
http://hostname/?
http://hostname/?
https://www.googleapis.com/auth/games
https://plus.google.com/
http://www.example.com
http://www.example.com
https://googleads.g.doubleclick.net/mads/static/mad/sdk/native/sdk-core-v40.html
https://googleads.g.doubleclick.net/mads/static/mad/sdk/native/mraid/v2/mraid_app_banner.js
https://googleads.g.doubleclick.net/mads/static/mad/sdk/native/mraid/v2/mraid_app_expanded_banner.js
https://googleads.g.doubleclick.net/mads/static/mad/sdk/native/mraid/v2/mraid_app_interstitial.js
https://csi.gstatic.com/csi
https://googleads.g.doubleclick.net/mads/static/mad/sdk/native/native_ads.html
https://googleads.g.doubleclick.net/mads/static/mad/sdk/native/native_video_ads.html
https://www.google.com/dfp/linkDevice
https://www.google.com/dfp/inAppPreview
https://www.google.com/dfp/debugSignals
https://www.google.com/dfp/sendDebugData
https://pagead2.googlesyndication.com/pagead/gen_204
http://www.google.com
https://support.google.com/dfp_premium/answer/7160685#push
http://www.google-analytics.com
https://ssl.google-analytics.com
https://www.googletagmanager.com
http://adcfg-dev.intowow.com/1/
http://adcfg.intowow.com/1/
http://ce-geoinfo-944027801.cn-north-1.elb.amazonaws.com.cn/api/1/geoinfo
http://geoinfo.intowow.com/api/1/geoinfo
http://s3.cn-north-1.amazonaws.com.cn/ce-dev/cdn/adcfg
http://crystalexpress.optimix.cn/cdn/adcfg
http://ce-global-dev-proxy-154916917.ap-northeast-1.elb.amazonaws.com/cdn/adcfg
http://d2qmdcga8xwxzj.cloudfront.net/cdn/adcfg
http://ddad-dev-metadata.intowow.com/adcfg
http://ddad-prod-metadata.intowow.com/adcfg
http://xmlpull.org/v1/doc/features.html#process-namespaces
https://www.facebook.com/%s
http://s3-ap-northeast-1.amazonaws.com/ce-global-metadata-dev/cdn/sdk
http://d2qmdcga8xwxzj.cloudfront.net/cdn/sdk
http://s3.cn-north-1.amazonaws.com.cn/ce-dev/cdn/sdk
http://crystalexpress.optimix.cn/cdn/sdk
http://3g.cn
http://3g.cn
https://play.google.com
https://play.google.com
http://play.google.com
http://play.google.com
https://play.google.com/store/apps/
http://spreadsheets.google.com/formResponse?formkey=
http://goappdl.goforandroid.com/resource/gokeyboard/ioslang/android_default_
http://goappdl.goforandroid.com/resource/gokeyboard/ioslang/android_default_
http://goappdl.goforandroid.com/resource/gokeyboard/ioslang/android_default_
http://goappdl.goforandroid.com/resource/gokeyboard/ioslang/android_default_
http://www.searchthis.com/web?mgct=sb&o=B10010&q=
http://www.searchthis.com/web?mgct=sb&o=B10010&q=
http://www.searchthis.com/web?mgct=sb&o=B10010&q=
http://www.mysearch.com/web?mgct=sb&o=APN12189&q=
http://www.mysearch.com/web?mgct=sb&o=APN12189&q=
http://www.mysearch.com/web?mgct=sb&o=APN12189&q=
https://www.google.com/search?q=
https://www.google.com/search?q=
https://www.facebook.com/gokeyboard
https://www.facebook.com/gokeyboard
https://www.facebook.com/gokeyboard
https://www.facebook.com/gokeyboard
https://m.facebook.com/ads/ad_choices
https://play.google.com/store/apps/search?q=com.jb.gokeyboard.langpack&c=apps
http://advshield.goforandroid.com/adv_shield/shield/confirmShield
http://advonline.goforandroid.com/adv_online/onlineadv
https://twitter.com/%s/status/%s
http://play.google.com/store/apps/details
http://play.google.com/store/apps/details
http://play.google.com/store/apps/details
http://play.google.com/store/apps/details
http://play.google.com/store/apps/details
http://play.google.com/store/apps/details
http://play.google.com/store/apps/details
https://play.google.com/store/apps/details
https://play.google.com/store/apps/details
https://play.google.com/store/apps/details
https://play.google.com/store/apps/details
https://play.google.com/store/apps/details
https://play.google.com/store/apps/details
https://play.google.com/store/apps/details
https://api.douban.com/v2/movie/top250?start=0&count=3
https://api.douban.com/v2/movie/top250?start=0&count=3
https://api.douban.com/v2/movie/top250?start=0&count=3
https://api.douban.com/v2/movie/top250?start=0&count=3
https://api.douban.com/v2/movie/top250?start=0&count=3
https://api.douban.com/v2/movie/top250?start=0&count=3
http://abtest.goforandroid.com/abtestcenter/ab?sid=292&gzip=0&utm_source=unknown_buychannel&isupgrade=2&aid=4ff9050001bb056f&local=US&cversion=500&user_from=-1&pkgname=com.commerce.chargelockerdemo&cid=6&cdays=1&entrance=999
http://abtest.goforandroid.com/abtestcenter/
http://abtest.goforandroid.com/abtestcenter/
http://abtest.goforandroid.com/abtestcenter/
http://adviw.goforandroid.com/api/v1/func
http://adviw.goforandroid.com/api/v1/func
https://api.douban.com/v2/movie
https://api.douban.com/v2/movie
https://api.douban.com/v2/movie/repeat
https://api.douban.com/v2/movie/repeat
https://api.douban.com/v2/movie/retry
https://api.douban.com/v2/movie/retry
http://newstoredata.goforandroid.com/newstore/common?funid=19&rd=
http://schemas.android.com/apk/res-auto
http://schemas.android.com/apk/res-auto
http://api.giphy.com/v1/gifs/trending?api_key=xTiTnorp5BMAlcGisw&limit=52
http://api.giphy.com/v1/gifs/trending?api_key=xTiTnorp5BMAlcGisw&limit=52
https://play.google.com/store/apps
https://gokeyboardmarket.goforandroid.com
https://gokeyboardmarket.goforandroid.com
https://gokeyboardmarket.goforandroid.com
https://gokeyboardmarket.goforandroid.com
https://gokeyboardmarket.goforandroid.com
http://69.28.57.171:8888
http://69.28.57.172:8888
http://69.28.57.173:8888
http://69.28.57.174:8888
http://microtss.goforandroid.com/microtss/red/business/updateTime
http://gotest.3g.net.cn/microtss/red/business/updateTime
http://gokeyboardmarkettest.3g.net.cn
http://gokeyboardmarkettest.3g.net.cn
http://navigation.api.hk.goforandroid.com
http://sebz.goforandroid.com
http://sebz.goforandroid.com
http://sebz.goforandroid.com
https://play.google.com/store/apps/details?id=com.jb.emoji.gokeyboard&referrer=utm_source%3Dthemeshare%26utm_medium%3DHyperlink%26utm_campaign%3Dtheme
https://itunes.apple.com/app/apple-store/id916226412?pt=114123925&ct=theme_review&mt=8
https://play.google.com/store/apps/details?id=com.jb.emoji.gokeyboard&referrer=utm_source%3Dstickerstoreshare%26utm_medium%3DHyperlink%26utm_campaign%3Dsticker
https://itunes.apple.com/app/apple-store/id916226412?pt=114123925&ct=sticker_preview&mt=8
https://lh3.googleusercontent.com/vMNNLb4nI0hvqEYhDxbAiveoCxzN_vlpca-b_HobozhcwpTh92IEMTCIjMCnQyljitY=w192
https://lh3.googleusercontent.com/XOszqSwXhlvmB4SB5SF30OWpLOUDWQL5QMSbs1G39pYIroQWUcXcH62_Ljcv06z_FW2k=w192
https://lh3.googleusercontent.com/eJFWi5p3_h3r-9Yco5GUtRVTStcPxep2K7o5eW8PZyrspo-VSlLXh_mj9Kn8igv7qpw=w192
https://lh3.googleusercontent.com/HC9q36YwXfRP7cfTjXR3kEkBna8fkEGybh2mPBfV35OpxPTGQmvrqk5P7Tf7rj0V_RM=w192
https://lh3.googleusercontent.com/MIMcLVBsHWcgzEcJGtCF2vpJfh0XDWMhAsLXt_9zTyteyD3O049pxB20KMkKRS7tcu1A=w192
https://lh3.googleusercontent.com/-vyG1uvc-PzhLNrnLghaMu2blDJnAPjSlhh-BDBpCi5U3NIx40dZax32TNmVxm0u0CLr=w192
https://lh3.googleusercontent.com/s1gkijRVquJCItdbeb1jUEmWxQqEXo8G32113zFT-jtW7b92_E_0sp_KNBQMQnZT2Nk=w192
http://goodphone.mobi/keyboard/upgrade.php
http://goodphone.mobi/keyboard/autoupgrade.php
http://imupdate.3g.cn:8888/versions/check?
http://appdistest.3g.cn:9999/golaunchermsg/msgservice.do?
http://launchermsg.3g.cn/golaunchermsg/msgservice.do?
http://i18n.hk.goforandroid.com/api/v1/{product_id}/{channel}/{version_code}/packages?timestamp=
https://play.google.com/store/apps/details?id=com.jb.gokeyboard
http://resource.gomocdn.com/soft/file/term/1272/gokeyword_agreement.html
http://godfs.3g.cn/dynamic/GOKeyboard/隐私政策.htm
http://schemas.android.com/apk/res/com.jb.gokeyboard
http://schemas.android.com/apk/res/com.jb.gokeyboard
https://play.google.com/store/apps/details?id=com.jb.gokeyboard.plugin.govoice
https://play.google.com/store/apps/details?id=com.google.android.googlequicksearchbox
http://gokeyboardvoice.goforandroid.com/gokeyboard_voice/voice?funid=1&rd=
https://play.google.com/store/search?q=com.jb.gokeyboard.plugin.font
http://godfs.3g.cn/soft/golauncherupload/2016091221/147368855513267926804.jpg
http://newstoredata.goforandroid.com/newstore/common?funid=13&rd=
https://navigation.gomo.com/api/v2/website/navigations
http://conf.api.hk.goforandroid.com/api/v2/configurations
https://sebz.goforandroid.com/api/v1/search/engines
http://m.v9.com/web?from=gomolauncher&q=
http://search.coo123.net/?cid=NDP.mobi6&query=
http://search.coo123.net/?cid=NDP.mobi6.a1&disableTitle=true&query=
http://www.searchthis.com/web?mgct=sb&o=B10003&q=
http://www.searchthis.com/web?o=B10010&mgct=sb&q=
http://advtimedown.goforandroid.com/adv_time/time/getSysTime
http://adviap.goforandroid.com/adv_iap/smartload
http://adviap.goforandroid.com/adv_iap/smartload_install
http://advsearch.goforandroid.com/adv_search/search
http://newstoredata.goforandroid.com/newstore/
http://abtest.goforandroid.com/abtestcenter/config
http://abtest.goforandroid.com/abtestcenter/config
http://newstoredata.goforandroid.com/newstore/usertype
http://newstoredis.3g.net.cn/newstore_dis/common?funid=3&rd=
http://newstoredis.goforandroid.com/newstore_dis/common?funid=3&rd=
http://advs2sonline.goforandroid.com/s2sadv
http://gotest.3g.net.cn/newstore/
http://adviap.goforandroid.com/adv_iap/userTag
http://version.api.goforandroid.com
http://sebz-service.goforandroid.com
http://sebz-service.goforandroid.com
http://sebz-service.goforandroid.com
http://conf.api.hk.goforandroid.com
http://conf.api.hk.goforandroid.com
http://advuser.goforandroid.com/api/v1/info
http://csr.goforandroid.com/consume_record/common?funid=2&rd=
http://csr.goforandroid.com/consume_record/common?funid=1&rd=
https://lh5.ggpht.com/HKFhUntndVynDunfNlfTU19WeTq8N9vzOKXCoOYnxmmmvQwiUgQA-K7SPMvtLFMb6VQ=w300
https://lh3.ggpht.com/0wX4W3LB86Zm6219yuNDwZq1iZKx5JKqmFxiPhcHhq3-i_A2XekCe-CGgrooNpHfDqiT=w300
https://lh3.googleusercontent.com/0SW1ZR22u1NEQxoFM52EshBaTg6xwkeWntKlXXGET1T4lpnzmebeIueYMyKxunp10xTW=w300
https://lh3.ggpht.com/z9fCV7KrucWwGZqzDoaWWq5cskhSnCVPAv6i7dFCM3Z1RAWJ3AgYkxk2UF1-DnvNdg8=w300
https://lh6.ggpht.com/D5QHd_XpqxxfCMGWv5IKZ9guO5z03P0m-2ZiG31cUfTxhi7qacJDp922wzjafbR_8B0=w300
http://advonline.goforandroid.com/adv_online/integralwall
http://gocurrency.goforandroid.com/gocurrency/common?funid=2&rd=
http://gotest.3g.net.cn/gocurrency/common?funid=5&rd=
http://gocurrency.goforandroid.com/gocurrency/common?funid=5&rd=
https://integralwall.goforandroid.com/IntegralWall/accountOper
https://integralwall.goforandroid.com/IntegralWall/accountOper
https://integralmarket.goforandroid.com/gointegralMarket/commodity/commodityList
https://integralmarket.goforandroid.com/gointegralMarket/commodity/commodityList
https://integralmarket.goforandroid.com/gointegralMarket/commodity/commodityList
http://pcomwebs01.la.gomo.com:8088/gointegralMarket/commodity/commodityList
http://sdk.a-mo.net/
http://tracking.a-mo.net/d/v1/elog
https://analytics.mopub.com/i/jot/exchange_client_event
https://www.mopub.com/optout
http://goload.wecloud.io/goload
http://218.213.248.178/goload/
http://218.213.248.137/goload

[INTERNAL_LOG][2018-06-12 07:34:36,853][INFO][find_url_in_apk()] [END ALL URL INSIDE APK]
[INTERNAL_LOG][2018-06-12 07:34:36,857][INFO][check_method_conf()] [JavaScript enabled: True]

[INTERNAL_LOG][2018-06-12 07:34:36,857][INFO][check_method_conf()] [Add interface WebView: True]

[INTERNAL_LOG][2018-06-12 07:34:36,857][INFO][analyze_start()] This app might be not vulnerable on  attack frame confusion.
[INTERNAL_LOG][2018-06-12 07:34:36,857][INFO][analyze_start()] End time:[Tue Jun 12 07:34:36 2018]
