[INTERNAL_LOG][2018-06-12 00:22:41,067][INFO][analyze_start()] Init Time [Tue Jun 12 00:22:41 2018]
[INTERNAL_LOG][2018-06-12 00:22:41,137][INFO][run()] Start Analysis
[INTERNAL_LOG][2018-06-12 00:22:41,138][INFO][is_hybird()] [Permission Enble Start]
[INTERNAL_LOG][2018-06-12 00:22:41,138][INFO][is_hybird()] android.permission.BIND_ACCESSIBILITY_SERVICE
[INTERNAL_LOG][2018-06-12 00:22:41,138][INFO][is_hybird()] android.permission.KILL_BACKGROUND_PROCESSES
[INTERNAL_LOG][2018-06-12 00:22:41,138][INFO][is_hybird()] android.permission.GET_TASKS
[INTERNAL_LOG][2018-06-12 00:22:41,138][INFO][is_hybird()] android.permission.GET_PACKAGE_SIZE
[INTERNAL_LOG][2018-06-12 00:22:41,138][INFO][is_hybird()] android.permission.CLEAR_APP_CACHE
[INTERNAL_LOG][2018-06-12 00:22:41,138][INFO][is_hybird()] com.android.browser.permission.READ_HISTORY_BOOKMARKS
[INTERNAL_LOG][2018-06-12 00:22:41,138][INFO][is_hybird()] com.android.browser.permission.WRITE_HISTORY_BOOKMARKS
[INTERNAL_LOG][2018-06-12 00:22:41,138][INFO][is_hybird()] android.permission.WRITE_EXTERNAL_STORAGE
[INTERNAL_LOG][2018-06-12 00:22:41,138][INFO][is_hybird()] android.permission.READ_PHONE_STATE
[INTERNAL_LOG][2018-06-12 00:22:41,138][INFO][is_hybird()] android.permission.ACCESS_WIFI_STATE
[INTERNAL_LOG][2018-06-12 00:22:41,139][INFO][is_hybird()] android.permission.ACCESS_NETWORK_STATE
[INTERNAL_LOG][2018-06-12 00:22:41,139][INFO][is_hybird()] android.permission.SYSTEM_ALERT_WINDOW
[INTERNAL_LOG][2018-06-12 00:22:41,139][INFO][is_hybird()] com.android.launcher.permission.INSTALL_SHORTCUT
[INTERNAL_LOG][2018-06-12 00:22:41,139][INFO][is_hybird()] com.android.launcher.permission.UNINSTALL_SHORTCUT
[INTERNAL_LOG][2018-06-12 00:22:41,139][INFO][is_hybird()] com.android.launcher.permission.READ_SETTINGS
[INTERNAL_LOG][2018-06-12 00:22:41,139][INFO][is_hybird()] com.android.launcher.permission.WRITE_SETTINGS
[INTERNAL_LOG][2018-06-12 00:22:41,139][INFO][is_hybird()] com.android.launcher3.permission.READ_SETTINGS
[INTERNAL_LOG][2018-06-12 00:22:41,139][INFO][is_hybird()] com.android.launcher3.permission.WRITE_SETTINGS
[INTERNAL_LOG][2018-06-12 00:22:41,139][INFO][is_hybird()] android.permission.INTERNET
[INTERNAL_LOG][2018-06-12 00:22:41,139][INFO][is_hybird()] android.permission.MOUNT_UNMOUNT_FILESYSTEMS
[INTERNAL_LOG][2018-06-12 00:22:41,139][INFO][is_hybird()] android.permission.WAKE_LOCK
[INTERNAL_LOG][2018-06-12 00:22:41,139][INFO][is_hybird()] android.permission.BATTERY_STATS
[INTERNAL_LOG][2018-06-12 00:22:41,139][INFO][is_hybird()] android.permission.BROADCAST_STICKY
[INTERNAL_LOG][2018-06-12 00:22:41,139][INFO][is_hybird()] android.permission.VIBRATE
[INTERNAL_LOG][2018-06-12 00:22:41,139][INFO][is_hybird()] android.permission.GET_ACCOUNTS
[INTERNAL_LOG][2018-06-12 00:22:41,139][INFO][is_hybird()] android.permission.CHANGE_WIFI_STATE
[INTERNAL_LOG][2018-06-12 00:22:41,139][INFO][is_hybird()] android.permission.CHANGE_NETWORK_STATE
[INTERNAL_LOG][2018-06-12 00:22:41,139][INFO][is_hybird()] android.permission.WRITE_SETTINGS
[INTERNAL_LOG][2018-06-12 00:22:41,139][INFO][is_hybird()] android.permission.EXPAND_STATUS_BAR
[INTERNAL_LOG][2018-06-12 00:22:41,139][INFO][is_hybird()] android.permission.CAMERA
[INTERNAL_LOG][2018-06-12 00:22:41,139][INFO][is_hybird()] android.permission.RECEIVE_BOOT_COMPLETED
[INTERNAL_LOG][2018-06-12 00:22:41,140][INFO][is_hybird()] android.permission.FLASHLIGHT
[INTERNAL_LOG][2018-06-12 00:22:41,140][INFO][is_hybird()] android.permission.PACKAGE_USAGE_STATS
[INTERNAL_LOG][2018-06-12 00:22:41,140][INFO][is_hybird()] com.gto.zero.zboost.permission.SERVICE
[INTERNAL_LOG][2018-06-12 00:22:41,140][INFO][is_hybird()] com.gto.zero.zboost.permission.C2D_MESSAGE
[INTERNAL_LOG][2018-06-12 00:22:41,140][INFO][is_hybird()] com.google.android.c2dm.permission.RECEIVE
[INTERNAL_LOG][2018-06-12 00:22:41,140][INFO][is_hybird()] android.permission.READ_EXTERNAL_STORAGE
[INTERNAL_LOG][2018-06-12 00:22:41,140][INFO][is_hybird()] [Permission End]

[INTERNAL_LOG][2018-06-12 00:22:41,140][INFO][analyze_start()] TYPE APK: [ANDROID NATIVE]

[INTERNAL_LOG][2018-06-12 00:22:41,140][INFO][find_string()] [START FILE ANALYZE]
[INTERNAL_LOG][2018-06-12 00:22:41,140][INFO][find_string()] File: r/a9/e.html
[INTERNAL_LOG][2018-06-12 00:22:41,177][INFO][find_string()] No iframe in r/a9/e.html
[INTERNAL_LOG][2018-06-12 00:22:41,177][INFO][find_string()] [END ANALYZE FILE]

[INTERNAL_LOG][2018-06-12 00:22:41,177][INFO][find_string()] [START FILE ANALYZE]
[INTERNAL_LOG][2018-06-12 00:22:41,177][INFO][find_string()] [END ANALYZE FILE]

[INTERNAL_LOG][2018-06-12 00:23:28,863][INFO][find_url_in_apk()] [START URL LOADED INSIDE LOAD FUNCTION]
[INTERNAL_LOG][2018-06-12 00:23:28,863][INFO][find_url_in_apk()] http://54.183.194.20/http/monitor
http://54.183.194.216/http/monitor
http://share.goforandroid.com/zspeed/index.html

[INTERNAL_LOG][2018-06-12 00:23:28,863][INFO][find_url_in_apk()] [END URL LOADED INSIDE LOAD FUNCTION]
[INTERNAL_LOG][2018-06-12 00:23:29,382][ERROR][download_page_loaded()] Failed response code: 405 for http://54.183.194.20/http/monitor  
[INTERNAL_LOG][2018-06-12 00:23:29,895][ERROR][download_page_loaded()] Failed response code: 405 for http://54.183.194.216/http/monitor  
[INTERNAL_LOG][2018-06-12 00:23:30,613][INFO][find_string()] [START REMOTE FILE ANALYZE]
[INTERNAL_LOG][2018-06-12 00:23:30,613][INFO][find_string()] Remote File in: temp_html_code/html_downloaded_GO Speed _Clean Boost Free_ by GOMO - com/index.html
[INTERNAL_LOG][2018-06-12 00:23:30,613][INFO][find_string()] URL: http://share.goforandroid.com/zspeed/index.html
[INTERNAL_LOG][2018-06-12 00:23:30,618][INFO][find_string()] No iframe in temp_html_code/html_downloaded_GO Speed _Clean Boost Free_ by GOMO - com/index.html
[INTERNAL_LOG][2018-06-12 00:23:30,618][INFO][find_string()] [END ANALYZE FILE]

[INTERNAL_LOG][2018-06-12 00:23:30,618][INFO][find_url_in_apk()] [START ALL URL INSIDE APK]
[INTERNAL_LOG][2018-06-12 00:23:30,618][INFO][find_url_in_apk()] http://schemas.android.com/apk/res/android
https://onelink.%s/shortlink-sdk/v1
https://monitorsdk.%s/remote-debug?app_id=
https://api.%s/install_data/v3/
https://attr.%s/api/v
https://t.%s/api/v
https://events.%s/api/v
https://register.%s/api/v
https://stats.%s/stats
http://cmpsh.goforandroid.com/
http://cmpsh.goforandroid.com/
https://protect.ppmobiles.com
http://m.facebook.com/ads/ad_choices
http://m.facebook.com/ads/ad_choices
https://www.facebook.com/audience_network/server_side_reward
https://www.%s.facebook.com/audience_network/server_side_reward
https://graph.facebook.com/network_ads_common
https://graph.%s.facebook.com/network_ads_common
https://www.facebook.com/adnw_logging/
https://www.%s.facebook.com/adnw_logging/
https://www.facebook.com/
https://www.facebook.com/
https://www.%s.facebook.com
http://www.facebook.com
http://fb.3g.net.cn/userfeedback/interface/upload.jsp
http://fb.3g.net.cn/userfeedback/interface/clientfeedback.jsp?pid=%s&contact=%s&versionname=%s&versioncode=%s&type=%s&module=%s
http://godfs.3g.cn/dynamic/pros/summary.html
http://gostat.3g.cn/GOClientData/DR?ptl=10&is_zip=1
http://gostat.3g.cn/GOClientData/DR?ptl=10&is_zip=1
http://goupdate.3g.cn/GOClientData/DR?ptl=10&is_zip=1
http://goupdate.3g.cn/GOClientData/DR?ptl=10&is_zip=1
http://61.145.124.212:8083/GOClientData/DR?ptl=10&is_zip=1
http://61.145.124.212:8083/GOClientData/DC
http://goupdate.3g.cn/GOClientData/DC
https://conf.bbcget.com
https://m.facebook.com/ads/ad_choices
http://news-sdk-dev-la.3g.net.cn/
http://sdk.news.goforandroid.com/
https://play.google.com/store/apps/details?id=com.g3.news&referrer=utm_source%3D
https://abtest.goforandroid.com/abtestcenter/ab?gzip=0&sid=%s&cid=%d&cversion=%d&local=%s&utm_source=%s&entrance=%d&cdays=%d&isupgrade=%d&aid=%s&sdk_stat=%d&pkgname=%s&user_from=%s&sv=14
https://abtest.goforandroid.com/abtestcenter/config?gzip=0&sid=%s&cid=%d&cversion=%d&local=%s&utm_source=%s&entrance=%d&cdays=%d&isupgrade=%d&aid=%s&sdk_stat=%d&pkgname=%s&user_from=%s&sv=14
https://firebase-api.goforandroid.com
https://play.google.com/store/apps/details?
https://play.google.com/store/apps/details
https://play.google.com/store/apps/details
https://play.google.com/store/apps/details
https://play.google.com/store/apps/details
https://play.google.com/store/apps/details
https://play.google.com/store/apps/details
https://dns.google.com
https://dns.google.com
http://54.183.194.20/http/monitor
http://54.183.194.216/http/monitor
https://conf.goforandroid.com
https://conf.goforandroid.com
http://version.api.goforandroid.com
http://version.api.goforandroid.com
http://www.w3.org/ns/ttml#parameter
https://pagead2.googlesyndication.com/pagead/gen_204?id=gmob-apps
https://www.googleapis.com/auth/games
https://plus.google.com/
https://app-measurement.com/a
https://www.google.com
https://mobilecrashreporting.googleapis.com/v1/crashes:batchCreate?key=
http://www.example.com
http://www.example.com
https://googleads.g.doubleclick.net/mads/static/mad/sdk/native/sdk-core-v40.html
https://googleads.g.doubleclick.net/mads/static/mad/sdk/native/mraid/v2/mraid_app_banner.js
https://googleads.g.doubleclick.net/mads/static/mad/sdk/native/mraid/v2/mraid_app_expanded_banner.js
https://googleads.g.doubleclick.net/mads/static/mad/sdk/native/mraid/v2/mraid_app_interstitial.js
https://csi.gstatic.com/csi
https://googleads.g.doubleclick.net/mads/static/mad/sdk/native/native_ads.html
https://googleads.g.doubleclick.net/mads/static/mad/sdk/native/native_video_ads.html
https://www.google.com/dfp/linkDevice
https://www.google.com/dfp/inAppPreview
https://www.google.com/dfp/debugSignals
https://www.google.com/dfp/sendDebugData
https://pagead2.googlesyndication.com/pagead/gen_204
http://www.google.com
https://support.google.com/dfp_premium/answer/7160685#push
http://zspeed.goforandroid.com/zspeed_service/api/v6/i1?code=
http://zspeed.goforandroid.com/zspeed_service/api/v6/i2?code=
https://www.facebook.com/GO-Speed-1958925881008073/
https://play.google.com/store/apps/details?id=
https://play.google.com/store/apps/details?id=
https://play.google.com/store/apps/details?id=
https://play.google.com/store/apps/details?id=
https://play.google.com/store/apps/details?id=
https://play.google.com/store/apps/details?id=
http://3g.cn
https://twitter.com/%s/status/%s
http://goappdl.goforandroid.com/soft/promote/com.gto.zero.zboost.html
http://newstoredata.goforandroid.com/newstore/common?funid=19&rd=
http://sebz.goforandroid.com/api/v1/search/engines?product_id=
http://sebz.goforandroid.com/api/v1/search/keywords?product_id=
http://google.com/complete/search?q=
https://www.google.com/search?q=
https://play.google.com/store/apps/details?id=com.jb.gosms&referrer=utm_source%3Dcom.gto.zero.zboost_notifiHyperlink%26utm_campaign%3Dtraffic
https://play.google.com/store/apps/details?id=com.jb.gokeyboardpro&referrer=utm_source%3Dcom.gto.zero.zboost_popupb%26utm_medium%3Dhyperlink%26utm_campaign%3Dzero.zboost
https://play.google.com/store/apps/details?id=com.jb.gokeyboardpro&referrer=utm_source%3Dcom.gto.zero.zboost_popupa%26utm_medium%3Dhyperlink%26utm_campaign%3Dzero.zboost
https://goo.gl/9R6fpr
http://password.goforandroid.com/password_service/api/v1/sendVerifyCodeEmail?prodKey=%s&prodSecret=%s&clientVersion=%s
http://zspeed.goforandroid.com
http://zspeed.goforandroid.com/zspeed_service/api/v6/i4?code=
http://zspeed.goforandroid.com/zspeed_service/api/v6/i3?code=
http://fb.3g.net.cn/userfeedback/interface/clientfeedback.jsp
http://fb.goforandroid.com/userfeedback/interface/clientfeedback.jsp
https://play.google.com/store/apps/details?id=com.jb.video&referrer=utm_source%3Dcom.gto.zero.zboost_speedADmore%26utm_medium%3DHyperlink%26utm_campaign%3DspeedAD
https://play.google.com/store/apps/details?id=com.govpn&referrer=utm_source%3Dcom.gto.zero.zboost_finishoffline%26utm_medium%3DHyperlink%26utm_campaign%3Dfinishoffline
https://play.google.com/store/apps/details?id=com.jb.security&referrer=utm_source%3Dcom.gto.zero.zboost_finish%26utm_medium%3DHyperlink%26utm_campaign%3Dfinish
https://play.google.com/store/apps/details?id=com.gomo.battery&referrer=utm_source%3Dcom.gto.zero.zboost_resultpage%26utm_medium%3DHyperlink%26utm_campaign%3Dresultpage
https://play.google.com/store/apps/details?id=com.jb.safebox&referrer=utm_source%3Dcom.gto.zero.zboost_finish%26utm_medium%3DHyperlink%26utm_campaign%3Dfinish
https://play.google.com/store/apps/details?id=com.jiubang.darlingclock&referrer=utm_source%3Dcom.gto.zero.zboost_Completion Page%26utm_medium%3DHyperlink%26utm_campaign%3DCompletion Page
http://conf.api.hk.goforandroid.com/api/v2/configurations?product_id={product_id}&config_names={config_names}&client={client}
http://conf.api.hk.goforandroid.com/api/v1/configurations?product_id={product_id}&config_name={config_names}&client={client}
http://zspeed.goforandroid.com/zspeed_service/api/v6/i5?code=
http://gameservice.goforandroid.com/gameservice/common?funid=
http://imupdate.3g.cn:8888/versions/check?
http://share.goforandroid.com/zspeed/index.html
http://newstoredata.goforandroid.com/newstore/common?funid=13&rd=
http://godfs.3g.cn/soft/GOSecurity/generate_204.html
http://connect.rom.miui.com/generate_204
http://clients3.google.com/generate_204
http://i18n.hk.goforandroid.com/api/v1/{product_id}/{channel}/{version_code}/packages
https://play.google.com/store/apps/
http://play.google.com/store/apps/details
http://play.google.com/store/apps/details
http://play.google.com/store/apps/details
http://play.google.com/store/apps/details
http://play.google.com/store/apps/details
https://api.douban.com/v2/movie/top250?start=0&count=3
https://api.douban.com/v2/movie/top250?start=0&count=3
https://api.douban.com/v2/movie/top250?start=0&count=3
https://api.douban.com/v2/movie/top250?start=0&count=3
https://api.douban.com/v2/movie/top250?start=0&count=3
https://api.douban.com/v2/movie/top250?start=0&count=3
http://abtest.goforandroid.com/abtestcenter/ab?sid=292&gzip=0&utm_source=unknown_buychannel&isupgrade=2&aid=4ff9050001bb056f&local=US&cversion=500&user_from=-1&pkgname=com.commerce.chargelockerdemo&cid=6&cdays=1&entrance=999
http://abtest.goforandroid.com/abtestcenter/
http://adviw.goforandroid.com/api/v1/func
http://adviw.goforandroid.com/api/v1/func
https://api.douban.com/v2/movie
https://api.douban.com/v2/movie
https://api.douban.com/v2/movie/repeat
https://api.douban.com/v2/movie/repeat
https://api.douban.com/v2/movie/retry
https://api.douban.com/v2/movie/retry
http://advtimedown.goforandroid.com/adv_time/time/getSysTime
http://advshield.goforandroid.com/adv_shield/shield/confirmShield
http://advonline.goforandroid.com/adv_online/onlineadv
http://newstoredata.goforandroid.com/newstore/
http://abtest.goforandroid.com/abtestcenter/config
http://abtest.goforandroid.com/abtestcenter/config
http://gotest.3g.net.cn/newstore/
http://advs2sonline.goforandroid.com/s2sadv
http://adviap.goforandroid.com/adv_iap/userTag
http://newstoredata.goforandroid.com/newstore/usertype
http://newstoredis.3g.net.cn/newstore_dis/common?funid=3&rd=
http://newstoredis.goforandroid.com/newstore_dis/common?funid=3&rd=
http://advsearch.goforandroid.com/adv_search/search
http://conf.api.hk.goforandroid.com
http://sdk.a-mo.net/
http://tracking.a-mo.net/d/v1/elog
https://analytics.mopub.com/i/jot/exchange_client_event
https://www.mopub.com/optout
https://e.crashlytics.com/spi/v2/events
https://settings.crashlytics.com/spi/v2/platforms/android/apps/%s/settings
http://goload.wecloud.io/goload
http://218.213.248.178/goload/
http://218.213.248.137/goload

[INTERNAL_LOG][2018-06-12 00:23:30,618][INFO][find_url_in_apk()] [END ALL URL INSIDE APK]
[INTERNAL_LOG][2018-06-12 00:23:30,628][INFO][check_method_conf()] [JavaScript enabled: True]

[INTERNAL_LOG][2018-06-12 00:23:30,628][INFO][check_method_conf()] [Add interface WebView: True]

[INTERNAL_LOG][2018-06-12 00:23:30,628][INFO][analyze_start()] This app might be not vulnerable on  attack frame confusion.
[INTERNAL_LOG][2018-06-12 00:23:30,628][INFO][analyze_start()] End time:[Tue Jun 12 00:23:30 2018]
