[INTERNAL_LOG][2018-06-12 04:19:01,193][INFO][analyze_start()] Init Time [Tue Jun 12 04:19:01 2018]
[INTERNAL_LOG][2018-06-12 04:19:01,266][INFO][run()] Start Analysis
[INTERNAL_LOG][2018-06-12 04:19:01,267][INFO][is_hybird()] [Permission Enble Start]
[INTERNAL_LOG][2018-06-12 04:19:01,268][INFO][is_hybird()] android.permission.BROADCAST_STICKY
[INTERNAL_LOG][2018-06-12 04:19:01,268][INFO][is_hybird()] android.permission.INTERNET
[INTERNAL_LOG][2018-06-12 04:19:01,268][INFO][is_hybird()] android.permission.WRITE_EXTERNAL_STORAGE
[INTERNAL_LOG][2018-06-12 04:19:01,268][INFO][is_hybird()] android.permission.ACCESS_COARSE_LOCATION
[INTERNAL_LOG][2018-06-12 04:19:01,268][INFO][is_hybird()] android.permission.ACCESS_FINE_LOCATION
[INTERNAL_LOG][2018-06-12 04:19:01,268][INFO][is_hybird()] android.permission.ACCESS_MOCK_LOCATION
[INTERNAL_LOG][2018-06-12 04:19:01,268][INFO][is_hybird()] android.permission.WRITE_SETTINGS
[INTERNAL_LOG][2018-06-12 04:19:01,268][INFO][is_hybird()] android.permission.ACCESS_NETWORK_STATE
[INTERNAL_LOG][2018-06-12 04:19:01,268][INFO][is_hybird()] android.permission.ACCESS_WIFI_STATE
[INTERNAL_LOG][2018-06-12 04:19:01,268][INFO][is_hybird()] android.permission.CHANGE_WIFI_STATE
[INTERNAL_LOG][2018-06-12 04:19:01,268][INFO][is_hybird()] android.permission.RECEIVE_BOOT_COMPLETED
[INTERNAL_LOG][2018-06-12 04:19:01,268][INFO][is_hybird()] com.android.vending.BILLING
[INTERNAL_LOG][2018-06-12 04:19:01,268][INFO][is_hybird()] android.permission.VIBRATE
[INTERNAL_LOG][2018-06-12 04:19:01,268][INFO][is_hybird()] android.permission.GET_ACCOUNTS
[INTERNAL_LOG][2018-06-12 04:19:01,268][INFO][is_hybird()] android.permission.WAKE_LOCK
[INTERNAL_LOG][2018-06-12 04:19:01,268][INFO][is_hybird()] com.google.android.c2dm.permission.RECEIVE
[INTERNAL_LOG][2018-06-12 04:19:01,268][INFO][is_hybird()] android.permission.SET_WALLPAPER
[INTERNAL_LOG][2018-06-12 04:19:01,268][INFO][is_hybird()] android.permission.GET_TASKS
[INTERNAL_LOG][2018-06-12 04:19:01,269][INFO][is_hybird()] com.google.android.providers.gsf.permission.READ_GSERVICES
[INTERNAL_LOG][2018-06-12 04:19:01,269][INFO][is_hybird()] com.gau.go.launcherex.gowidget.weatherwidget.permission.C2D_MESSAGE
[INTERNAL_LOG][2018-06-12 04:19:01,269][INFO][is_hybird()] com.gau.go.launcherex.gowidget.weatherwidget.permission.SERVICE
[INTERNAL_LOG][2018-06-12 04:19:01,269][INFO][is_hybird()] android.permission.SYSTEM_ALERT_WINDOW
[INTERNAL_LOG][2018-06-12 04:19:01,269][INFO][is_hybird()] android.permission.MOUNT_UNMOUNT_FILESYSTEMS
[INTERNAL_LOG][2018-06-12 04:19:01,269][INFO][is_hybird()] android.permission.DISABLE_KEYGUARD
[INTERNAL_LOG][2018-06-12 04:19:01,269][INFO][is_hybird()] android.permission.READ_PHONE_STATE
[INTERNAL_LOG][2018-06-12 04:19:01,269][INFO][is_hybird()] [Permission End]

[INTERNAL_LOG][2018-06-12 04:19:01,269][INFO][analyze_start()] TYPE APK: [ANDROID NATIVE]

[INTERNAL_LOG][2018-06-12 04:19:01,269][INFO][find_string()] [START FILE ANALYZE]
[INTERNAL_LOG][2018-06-12 04:19:01,269][INFO][find_string()] File: assets/share_photo_terms_and_privacy.html
[INTERNAL_LOG][2018-06-12 04:19:01,272][INFO][find_string()] No iframe in assets/share_photo_terms_and_privacy.html
[INTERNAL_LOG][2018-06-12 04:19:01,287][INFO][find_string()] File: assets/share_photo_terms_and_privacy_zh_CN.html
[INTERNAL_LOG][2018-06-12 04:19:01,311][INFO][find_string()] No iframe in assets/share_photo_terms_and_privacy_zh_CN.html
[INTERNAL_LOG][2018-06-12 04:19:01,311][INFO][find_string()] [END ANALYZE FILE]

[INTERNAL_LOG][2018-06-12 04:19:01,311][INFO][find_string()] [START FILE ANALYZE]
[INTERNAL_LOG][2018-06-12 04:19:01,311][INFO][find_string()] [END ANALYZE FILE]

[INTERNAL_LOG][2018-06-12 04:19:45,248][INFO][find_url_in_apk()] [START URL LOADED INSIDE LOAD FUNCTION]
[INTERNAL_LOG][2018-06-12 04:19:45,248][INFO][find_url_in_apk()] http://54.183.194.20/http/monitor
http://54.183.194.216/http/monitor

[INTERNAL_LOG][2018-06-12 04:19:45,248][INFO][find_url_in_apk()] [END URL LOADED INSIDE LOAD FUNCTION]
[INTERNAL_LOG][2018-06-12 04:19:45,786][ERROR][download_page_loaded()] Failed response code: 405 for http://54.183.194.20/http/monitor  
[INTERNAL_LOG][2018-06-12 04:19:46,199][ERROR][download_page_loaded()] Failed response code: 405 for http://54.183.194.216/http/monitor  
[INTERNAL_LOG][2018-06-12 04:19:46,200][INFO][find_string()] [START REMOTE FILE ANALYZE]
[INTERNAL_LOG][2018-06-12 04:19:46,200][INFO][find_string()] [END ANALYZE FILE]

[INTERNAL_LOG][2018-06-12 04:19:46,200][INFO][find_url_in_apk()] [START ALL URL INSIDE APK]
[INTERNAL_LOG][2018-06-12 04:19:46,201][INFO][find_url_in_apk()] http://schemas.android.com/apk/res/android
http://schemas.android.com/apk/res/android
http://schemas.android.com/apk/res/android
http://schemas.android.com/apk/res/android
https://onelink.%s/shortlink-sdk/v1
https://monitorsdk.%s/remote-debug?app_id=
https://api.%s/install_data/v3/
https://attr.%s/api/v
https://t.%s/api/v
https://events.%s/api/v
https://register.%s/api/v
https://stats.%s/stats
http://www.amazon.com/gp/mas/dl/android?p=com.gtp.nextlauncher.trial
http://www.amazon.com/gp/mas/dl/android?p=com.gtp.nextlauncher
http://cmpsh.goforandroid.com/
http://cmpsh.goforandroid.com/
https://protect.ppmobiles.com
http://m.facebook.com/ads/ad_choices
http://m.facebook.com/ads/ad_choices
https://www.facebook.com/audience_network/server_side_reward
https://www.%s.facebook.com/audience_network/server_side_reward
https://graph.facebook.com/network_ads_common
https://graph.%s.facebook.com/network_ads_common
https://www.facebook.com/adnw_logging/
https://www.%s.facebook.com/adnw_logging/
https://www.facebook.com/
https://www.%s.facebook.com
http://www.facebook.com
http://www.example.com
http://www.example.com
http://www.example.com
https://adlog.flurry.com
http://adlog.flurry.com
https://play.google.com/store/apps/details?id=
https://play.google.com/store/apps/details?id=
https://play.google.com/store/apps/details?id=
https://play.google.com/store/apps/details?id=
https://play.google.com/store/apps/details?id=
http://xmlpull.org/v1/doc/features.html#process-namespaces
http://www.yahoo.com
https://proton.flurry.com/sdk/v1/config
https://data.flurry.com/pcr.do
https://data.flurry.com/aap.do
http://data.flurry.com/aap.do
https://ads.flurry.com/v17/getAds.do
http://ads.flurry.com/v17/getAds.do
https://cdn.flurry.com/vast/videocontrols/v2/android.zip
http://gostat.3g.cn/GOClientData/DR?ptl=10&is_zip=1
http://gostat.3g.cn/GOClientData/DR?ptl=10&is_zip=1
http://goupdate.3g.cn/GOClientData/DR?ptl=10&is_zip=1
http://goupdate.3g.cn/GOClientData/DR?ptl=10&is_zip=1
http://61.145.124.212:8083/GOClientData/DR?ptl=10&is_zip=1
http://61.145.124.212:8083/GOClientData/DC
http://goupdate.3g.cn/GOClientData/DC
https://abtest.goforandroid.com/abtestcenter/ab?gzip=0&sid=%s&cid=%d&cversion=%d&local=%s&utm_source=%s&entrance=%d&cdays=%d&isupgrade=%d&aid=%s&sdk_stat=%d&pkgname=%s&user_from=%s&sv=14
https://abtest.goforandroid.com/abtestcenter/config?gzip=0&sid=%s&cid=%d&cversion=%d&local=%s&utm_source=%s&entrance=%d&cdays=%d&isupgrade=%d&aid=%s&sdk_stat=%d&pkgname=%s&user_from=%s&sv=14
http://pbaspsws01.dc.gomo.com:8088
http://firebase.api.goforandroid.com
https://play.google.com/store/apps/details?
https://play.google.com/store/apps/details
https://play.google.com/store/apps/details
https://play.google.com/store/apps/details
https://play.google.com/store/apps/details
https://play.google.com/store/apps/details
https://play.google.com/store/apps/details
https://dns.google.com
https://dns.google.com
http://54.183.194.20/http/monitor
http://54.183.194.216/http/monitor
https://conf.goforandroid.com
https://conf.goforandroid.com
http://www.w3.org/ns/ttml#parameter
https://pagead2.googlesyndication.com/pagead/gen_204?id=gmob-apps
https://www.googleapis.com/auth/games
https://plus.google.com/
https://app-measurement.com/a
https://www.google.com
https://mobilecrashreporting.googleapis.com/v1/crashes:batchCreate?key=
https://googleads.g.doubleclick.net/mads/static/mad/sdk/native/sdk-core-v40.html
https://googleads.g.doubleclick.net/mads/static/mad/sdk/native/mraid/v2/mraid_app_banner.js
https://googleads.g.doubleclick.net/mads/static/mad/sdk/native/mraid/v2/mraid_app_expanded_banner.js
https://googleads.g.doubleclick.net/mads/static/mad/sdk/native/mraid/v2/mraid_app_interstitial.js
https://csi.gstatic.com/csi
https://googleads.g.doubleclick.net/mads/static/mad/sdk/native/native_ads.html
https://googleads.g.doubleclick.net/mads/static/mad/sdk/native/native_video_ads.html
https://www.google.com/dfp/linkDevice
https://www.google.com/dfp/inAppPreview
https://www.google.com/dfp/debugSignals
https://www.google.com/dfp/sendDebugData
https://pagead2.googlesyndication.com/pagead/gen_204
http://www.google.com
https://support.google.com/dfp_premium/answer/7160685#push
http://3g.cn
http://advshield.goforandroid.com/adv_shield/shield/confirmShield
http://advonline.goforandroid.com/adv_online/onlineadv
http://goweatherex.3g.cn/goweatherex/city/search?k={0}&lang={1}&sys=
http://spreadsheets.google.com/formResponse?formkey=
https://twitter.com/%s/status/%s
http://play.google.com/store/apps/details
http://play.google.com/store/apps/details
http://play.google.com/store/apps/details
http://play.google.com/store/apps/details
http://play.google.com/store/apps/details
https://api.douban.com/v2/movie/top250?start=0&count=3
https://api.douban.com/v2/movie/top250?start=0&count=3
https://api.douban.com/v2/movie/top250?start=0&count=3
https://api.douban.com/v2/movie/top250?start=0&count=3
https://api.douban.com/v2/movie/top250?start=0&count=3
https://api.douban.com/v2/movie/top250?start=0&count=3
http://abtest.goforandroid.com/abtestcenter/ab?sid=292&gzip=0&utm_source=unknown_buychannel&isupgrade=2&aid=4ff9050001bb056f&local=US&cversion=500&user_from=-1&pkgname=com.commerce.chargelockerdemo&cid=6&cdays=1&entrance=999
http://abtest.goforandroid.com/abtestcenter/
http://adviw.goforandroid.com/api/v1/func
http://adviw.goforandroid.com/api/v1/func
https://api.douban.com/v2/movie
https://api.douban.com/v2/movie
https://api.douban.com/v2/movie/repeat
https://api.douban.com/v2/movie/repeat
https://api.douban.com/v2/movie/retry
https://api.douban.com/v2/movie/retry
http://advtimedown.goforandroid.com/adv_time/time/getSysTime
http://newstoredata.goforandroid.com/newstore/
http://gotest.3g.net.cn/newstore/
http://abtest.goforandroid.com/abtestcenter/config
http://abtest.goforandroid.com/abtestcenter/config
http://advs2sonline.goforandroid.com/s2sadv
http://adviap.goforandroid.com/adv_iap/userTag
http://newstoredata.goforandroid.com/newstore/usertype
http://newstoredis.3g.net.cn/newstore_dis/common?funid=3&rd=
http://newstoredis.goforandroid.com/newstore_dis/common?funid=3&rd=
http://advsearch.goforandroid.com/adv_search/search
http://conf.api.hk.goforandroid.com
http://version.api.goforandroid.com
http://market.android.com/support/bin/answer.py?answer=1050566&hl=%lang%&dl=%region%
http://market.android.com/support/bin/answer.py?answer=1050566&hl=%lang%&dl=%region%
http://gwm.3g.cn:8099/goweatherexMeteor/radar/image
http://gwm.3g.cn:8099/goweatherexMeteor/satellite/image
http://gwm.3g.cn:8099/goweatherexMeteor/radar/v2/image
http://gwm.3g.cn:8099/goweatherexMeteor/satellite/v2/image
https://goweatherexmg.3g.cn/goweatherexms/feedBack/gps
https://lzt.bbcget.com/launcherzthemestore/rest/store/module/
https://lzt.bbcget.com/launcherzthemestore/rest/store/module/
http://geoip.goforandroid.com/?from=com.gau.go.launcherex
http://api.accuweather.com/locations/v1/cities/geoposition/search.json?q={0}&apikey=1726cc2d792447b6bd7ca2f00b1344f7&language={1}
http://api.accuweather.com/locations/v1/cities/geoposition/search.json?q={0}&apikey=1726cc2d792447b6bd7ca2f00b1344f7&language={1}
http://api.accuweather.com/locations/v1/topcities/50.json?apikey=1726cc2d792447b6bd7ca2f00b1344f7&language={0}
http://api.accuweather.com/locations/v1/cities/autocomplete.json?q={0}&apikey=1726cc2d792447b6bd7ca2f00b1344f7&language={1}
http://api.accuweather.com/locations/v1/{0}.json?apikey=1726cc2d792447b6bd7ca2f00b1344f7&language={1}
http://navigation.gomocdn.com/soft/micro/nav/module/content/icon/20151029/G10qm1WX.png
http://navigation.gomocdn.com/soft/micro/nav/module/content/icon/20150922/VT0WWHgc.png
http://navigation.gomocdn.com/soft/micro/nav/module/content/icon/20150922/lwrj71e6.jpg
https://www.google.com.hk/search?q=
https://www.google.com.hk/search?q=
https://www.amazon.com/s/ref=nb_sb_noss?url=search-alias%3Daps&field-keywords=
https://www.amazon.com/s/ref=nb_sb_noss?url=search-alias%3Daps&field-keywords=
https://www.youtube.com/results?search_query=
http://www.facebook.com/pages/GO-Weather-EX/488274257857852?ref=hl
http://www.facebook.com/pages/GO-Weather-EX/488274257857852?ref=hl
https://navigation.gomo.com/api/v1/website/navigations?product_id=1100&client={0}
https://navigation.gomo.com/api/v1/website/navigations/module?product_id=1100&module_id={0}&client={1}
https://navigation.gomo.com/api/v1/website/navigations/module?product_id=1100&module_id={0}&client={1}
https://navigation.gomo.com/api/v1/website/navigations/module?product_id=1100&module_id={0}&client={1}
https://navigation.gomo.com/api/v1/website/navigations/module?product_id=1100&module_id={0}&client={1}
https://navigation.gomo.com/api/v1/website/navigations/module?product_id=1100&module_id={0}&client={1}
http://resource.gomocdn.com/GOMOGo/GoWeather_privacy.html
https://m.facebook.com/ads/ad_choices
http://service.goforandroid.com/goweather/service_zh.html
http://service.goforandroid.com/goweather/service_en.html
http://api.accuweather.com/alerts/v1/{0}.json?apikey=1726cc2d792447b6bd7ca2f00b1344f7&language={1}&details=true
http://api.accuweather.com/localweather/v1/{0}?apikey=1726cc2d792447b6bd7ca2f00b1344f7&language={1}&details=true&getPhotos=true&metric=true
http://api.accuweather.com/forecasts/v1/hourly/24hour/{0}?apikey=1726cc2d792447b6bd7ca2f00b1344f7&language={1}
http://api.accuweather.com/currentconditions/v1/{0}/historical/24.json?apikey=1726cc2d792447b6bd7ca2f00b1344f7&details=true&language={1}
http://api.accuweather.com/indices/v1/daily/1day/{0}/groups/1?apikey=1726cc2d792447b6bd7ca2f00b1344f7&language={1}
http://goappcenter.3g.cn
http://goappcenter.goforandroid.com
https://play.google.com/store/apps/dev?id=7536219039467846430
http://play.google.com/store/apps/details?id=
https://play.google.com/store/apps/details?id=com.gau.go.launcherex.gowidget.weatherwidget&referrer=utm_source%3Dthemeupdate%26utm_medium%3DHyperlink%26utm_campaign%3Dthemes
http://godfs.3g.cn/dynamic/gokeyboard_v2.05_release.apk
http://godfs.3g.cn/soft/gosms/channel/GOSmsPro_132.apk
http://godfs.3g.cn/soft/3GHeart/golauncher/widget/qudao/goweatherex/goweatherex_204.apk
http://godfs.3g.cn/soft/golocker/GOLocker(China543).apk
http://godfs.3g.cn/gosoft/go_launcher/qudao/go_launcher_ex_555.apk
http://sdk.a-mo.net/
http://tracking.a-mo.net/d/v1/elog
https://analytics.mopub.com/i/jot/exchange_client_event
https://www.mopub.com/optout
https://config.unityads.unity3d.com/webview/

[INTERNAL_LOG][2018-06-12 04:19:46,201][INFO][find_url_in_apk()] [END ALL URL INSIDE APK]
[INTERNAL_LOG][2018-06-12 04:19:46,213][INFO][check_method_conf()] [JavaScript enabled: True]

[INTERNAL_LOG][2018-06-12 04:19:46,213][INFO][check_method_conf()] [Add interface WebView: True]

[INTERNAL_LOG][2018-06-12 04:19:46,213][INFO][analyze_start()] This app might be not vulnerable on  attack frame confusion.
[INTERNAL_LOG][2018-06-12 04:19:46,213][INFO][analyze_start()] End time:[Tue Jun 12 04:19:46 2018]
