[INTERNAL_LOG][2018-06-12 03:03:38,576][INFO][analyze_start()] Init Time [Tue Jun 12 03:03:38 2018]
[INTERNAL_LOG][2018-06-12 03:03:38,608][INFO][run()] Start Analysis
[INTERNAL_LOG][2018-06-12 03:03:38,609][INFO][is_hybird()] [Permission Enble Start]
[INTERNAL_LOG][2018-06-12 03:03:38,609][INFO][is_hybird()] android.permission.USE_FINGERPRINT
[INTERNAL_LOG][2018-06-12 03:03:38,609][INFO][is_hybird()] android.permission.READ_PHONE_STATE
[INTERNAL_LOG][2018-06-12 03:03:38,609][INFO][is_hybird()] android.permission.VIBRATE
[INTERNAL_LOG][2018-06-12 03:03:38,609][INFO][is_hybird()] android.permission.SYSTEM_ALERT_WINDOW
[INTERNAL_LOG][2018-06-12 03:03:38,609][INFO][is_hybird()] android.permission.WAKE_LOCK
[INTERNAL_LOG][2018-06-12 03:03:38,609][INFO][is_hybird()] com.google.android.marvin.feedback.permission.TALKBACK
[INTERNAL_LOG][2018-06-12 03:03:38,609][INFO][is_hybird()] com.google.android.marvin.talkback.permission.LABELING
[INTERNAL_LOG][2018-06-12 03:03:38,609][INFO][is_hybird()] android.permission.MODIFY_AUDIO_SETTINGS
[INTERNAL_LOG][2018-06-12 03:03:38,610][INFO][is_hybird()] android.permission.INTERNET
[INTERNAL_LOG][2018-06-12 03:03:38,610][INFO][is_hybird()] android.permission.ACCESS_NETWORK_STATE
[INTERNAL_LOG][2018-06-12 03:03:38,610][INFO][is_hybird()] android.permission.RECEIVE_BOOT_COMPLETED
[INTERNAL_LOG][2018-06-12 03:03:38,610][INFO][is_hybird()] android.permission.BLUETOOTH
[INTERNAL_LOG][2018-06-12 03:03:38,610][INFO][is_hybird()] [Permission End]

[INTERNAL_LOG][2018-06-12 03:03:38,610][INFO][analyze_start()] TYPE APK: [ANDROID NATIVE]

[INTERNAL_LOG][2018-06-12 03:03:38,610][INFO][find_string()] [START FILE ANALYZE]
[INTERNAL_LOG][2018-06-12 03:03:38,610][INFO][find_string()] [END ANALYZE FILE]

[INTERNAL_LOG][2018-06-12 03:03:38,610][INFO][find_string()] [START FILE ANALYZE]
[INTERNAL_LOG][2018-06-12 03:03:38,610][INFO][find_string()] [END ANALYZE FILE]

[INTERNAL_LOG][2018-06-12 03:03:46,204][INFO][find_url_in_apk()] [START ALL URL INSIDE APK]
[INTERNAL_LOG][2018-06-12 03:03:46,204][INFO][find_url_in_apk()] http://schemas.android.com/apk/res/android
https://support.google.com/accessibility/android/topic/7034917
https://play.google.com/store/apps/details
http://www.google.com/policies/privacy/
http://www.google.com/policies/privacy/
http://www.google.com/mobile/toscountry
https://support.google.com/accessibility/android/answer/6283677
https://support.google.com/accessibility/android/answer/6283677
https://support.google.com/accessibility/android/answer/6283677
https://support.google.com/accessibility/android/answer/6283677
http://hostname/?
http://www.google-analytics.com
https://ssl.google-analytics.com
http://plus.google.com/

[INTERNAL_LOG][2018-06-12 03:03:46,211][INFO][find_url_in_apk()] [END ALL URL INSIDE APK]
[INTERNAL_LOG][2018-06-12 03:03:46,212][INFO][check_method_conf()] [JavaScript enabled: False]

[INTERNAL_LOG][2018-06-12 03:03:46,212][INFO][check_method_conf()] [Add interface WebView: False]

[INTERNAL_LOG][2018-06-12 03:03:46,212][INFO][analyze_start()] This app might be not vulnerable on  attack frame confusion.
[INTERNAL_LOG][2018-06-12 03:03:46,212][INFO][analyze_start()] End time:[Tue Jun 12 03:03:46 2018]
