[INTERNAL_LOG][2018-06-12 08:49:05,819][INFO][analyze_start()] Init Time [Tue Jun 12 08:49:05 2018]
[INTERNAL_LOG][2018-06-12 08:49:06,209][INFO][run()] Start Analysis
[INTERNAL_LOG][2018-06-12 08:49:06,210][INFO][is_hybird()] [Permission Enble Start]
[INTERNAL_LOG][2018-06-12 08:49:06,210][INFO][is_hybird()] android.permission.GET_ACCOUNTS
[INTERNAL_LOG][2018-06-12 08:49:06,210][INFO][is_hybird()] android.permission.INTERNET
[INTERNAL_LOG][2018-06-12 08:49:06,210][INFO][is_hybird()] android.permission.USE_CREDENTIALS
[INTERNAL_LOG][2018-06-12 08:49:06,210][INFO][is_hybird()] android.permission.SYSTEM_ALERT_WINDOW
[INTERNAL_LOG][2018-06-12 08:49:06,210][INFO][is_hybird()] android.permission.RECEIVE_BOOT_COMPLETED
[INTERNAL_LOG][2018-06-12 08:49:06,210][INFO][is_hybird()] com.google.android.providers.gsf.permission.READ_GSERVICES
[INTERNAL_LOG][2018-06-12 08:49:06,210][INFO][is_hybird()] android.permission.OBSERVE_GRANT_REVOKE_PERMISSIONS
[INTERNAL_LOG][2018-06-12 08:49:06,210][INFO][is_hybird()] android.permission.GET_PACKAGE_SIZE
[INTERNAL_LOG][2018-06-12 08:49:06,210][INFO][is_hybird()] android.permission.MANAGE_SOUND_TRIGGER
[INTERNAL_LOG][2018-06-12 08:49:06,211][INFO][is_hybird()] com.google.android.gms.permission.INTERNAL_BROADCAST
[INTERNAL_LOG][2018-06-12 08:49:06,211][INFO][is_hybird()] com.google.android.gms.common.internal.SHARED_PREFERENCES_PERMISSION
[INTERNAL_LOG][2018-06-12 08:49:06,211][INFO][is_hybird()] com.google.android.gms.permission.CHECKIN_NOW
[INTERNAL_LOG][2018-06-12 08:49:06,211][INFO][is_hybird()] android.permission.INTERACT_ACROSS_USERS
[INTERNAL_LOG][2018-06-12 08:49:06,211][INFO][is_hybird()] android.permission.SUBSCRIBED_FEEDS_READ
[INTERNAL_LOG][2018-06-12 08:49:06,211][INFO][is_hybird()] android.permission.SUBSCRIBED_FEEDS_WRITE
[INTERNAL_LOG][2018-06-12 08:49:06,211][INFO][is_hybird()] android.permission.CAPTURE_VIDEO_OUTPUT
[INTERNAL_LOG][2018-06-12 08:49:06,211][INFO][is_hybird()] android.permission.CAPTURE_AUDIO_OUTPUT
[INTERNAL_LOG][2018-06-12 08:49:06,211][INFO][is_hybird()] android.permission.BROADCAST_STICKY
[INTERNAL_LOG][2018-06-12 08:49:06,211][INFO][is_hybird()] android.permission.RECOVERY
[INTERNAL_LOG][2018-06-12 08:49:06,211][INFO][is_hybird()] android.permission.VIBRATE
[INTERNAL_LOG][2018-06-12 08:49:06,211][INFO][is_hybird()] android.permission.READ_DREAM_STATE
[INTERNAL_LOG][2018-06-12 08:49:06,211][INFO][is_hybird()] android.permission.READ_SYNC_SETTINGS
[INTERNAL_LOG][2018-06-12 08:49:06,211][INFO][is_hybird()] android.permission.RECEIVE_DATA_ACTIVITY_CHANGE
[INTERNAL_LOG][2018-06-12 08:49:06,211][INFO][is_hybird()] android.permission.WRITE_SETTINGS
[INTERNAL_LOG][2018-06-12 08:49:06,211][INFO][is_hybird()] android.permission.WRITE_SYNC_SETTINGS
[INTERNAL_LOG][2018-06-12 08:49:06,211][INFO][is_hybird()] com.android.vending.INTENT_VENDING_ONLY
[INTERNAL_LOG][2018-06-12 08:49:06,211][INFO][is_hybird()] android.permission.ACCESS_FINE_LOCATION
[INTERNAL_LOG][2018-06-12 08:49:06,211][INFO][is_hybird()] android.permission.AUTHENTICATE_ACCOUNTS
[INTERNAL_LOG][2018-06-12 08:49:06,211][INFO][is_hybird()] android.permission.MANAGE_ACCOUNTS
[INTERNAL_LOG][2018-06-12 08:49:06,211][INFO][is_hybird()] android.permission.NFC
[INTERNAL_LOG][2018-06-12 08:49:06,212][INFO][is_hybird()] android.permission.READ_EXTERNAL_STORAGE
[INTERNAL_LOG][2018-06-12 08:49:06,212][INFO][is_hybird()] android.permission.READ_PHONE_STATE
[INTERNAL_LOG][2018-06-12 08:49:06,212][INFO][is_hybird()] android.permission.PROVIDE_TRUST_AGENT
[INTERNAL_LOG][2018-06-12 08:49:06,212][INFO][is_hybird()] android.permission.WAKE_LOCK
[INTERNAL_LOG][2018-06-12 08:49:06,212][INFO][is_hybird()] android.permission.DISPATCH_PROVISIONING_MESSAGE
[INTERNAL_LOG][2018-06-12 08:49:06,212][INFO][is_hybird()] android.permission.RECOVER_KEYSTORE
[INTERNAL_LOG][2018-06-12 08:49:06,212][INFO][is_hybird()] android.permission.PRE_FACTORY_RESET
[INTERNAL_LOG][2018-06-12 08:49:06,212][INFO][is_hybird()] com.google.android.gms.auth.permission.GOOGLE_ACCOUNT_CHANGE
[INTERNAL_LOG][2018-06-12 08:49:06,212][INFO][is_hybird()] com.google.android.gms.auth.permission.POST_SIGN_IN_ACCOUNT
[INTERNAL_LOG][2018-06-12 08:49:06,212][INFO][is_hybird()] com.google.android.gms.auth.permission.FACE_UNLOCK
[INTERNAL_LOG][2018-06-12 08:49:06,212][INFO][is_hybird()] com.google.android.gms.permission.GRANT_WALLPAPER_PERMISSIONS
[INTERNAL_LOG][2018-06-12 08:49:06,212][INFO][is_hybird()] com.google.android.gms.trustagent.permission.TRUSTAGENT_STATE
[INTERNAL_LOG][2018-06-12 08:49:06,212][INFO][is_hybird()] com.google.android.apps.enterprise.dmagent.permission.AutoSyncPermission
[INTERNAL_LOG][2018-06-12 08:49:06,212][INFO][is_hybird()] com.google.android.providers.settings.permission.READ_GSETTINGS
[INTERNAL_LOG][2018-06-12 08:49:06,212][INFO][is_hybird()] com.google.android.providers.settings.permission.WRITE_GSETTINGS
[INTERNAL_LOG][2018-06-12 08:49:06,212][INFO][is_hybird()] android.permission.ACCESS_NETWORK_STATE
[INTERNAL_LOG][2018-06-12 08:49:06,212][INFO][is_hybird()] android.permission.RECEIVE_SMS
[INTERNAL_LOG][2018-06-12 08:49:06,212][INFO][is_hybird()] android.permission.READ_PRIVILEGED_PHONE_STATE
[INTERNAL_LOG][2018-06-12 08:49:06,212][INFO][is_hybird()] android.permission.CONNECTIVITY_USE_RESTRICTED_NETWORKS
[INTERNAL_LOG][2018-06-12 08:49:06,212][INFO][is_hybird()] com.google.android.gms.chromesync.permission.CONTENT_PROVIDER_ACCESS
[INTERNAL_LOG][2018-06-12 08:49:06,212][INFO][is_hybird()] com.google.android.gms.chromesync.permission.METADATA_UPDATED
[INTERNAL_LOG][2018-06-12 08:49:06,213][INFO][is_hybird()] com.google.android.gms.trustagent.framework.model.DATA_ACCESS
[INTERNAL_LOG][2018-06-12 08:49:06,213][INFO][is_hybird()] com.google.android.gms.trustagent.framework.model.DATA_CHANGE_NOTIFICATION
[INTERNAL_LOG][2018-06-12 08:49:06,213][INFO][is_hybird()] android.permission.WRITE_EXTERNAL_STORAGE
[INTERNAL_LOG][2018-06-12 08:49:06,213][INFO][is_hybird()] android.permission.READ_CONTACTS
[INTERNAL_LOG][2018-06-12 08:49:06,213][INFO][is_hybird()] android.permission.USE_FINGERPRINT
[INTERNAL_LOG][2018-06-12 08:49:06,213][INFO][is_hybird()] android.permission.SEND_SMS_NO_CONFIRMATION
[INTERNAL_LOG][2018-06-12 08:49:06,213][INFO][is_hybird()] android.permission.CAMERA
[INTERNAL_LOG][2018-06-12 08:49:06,213][INFO][is_hybird()] android.permission.FLASHLIGHT
[INTERNAL_LOG][2018-06-12 08:49:06,213][INFO][is_hybird()] com.google.android.wearable.WRITE_SETTINGS
[INTERNAL_LOG][2018-06-12 08:49:06,213][INFO][is_hybird()] com.felicanetworks.mfc.permission.MFC_ACCESS
[INTERNAL_LOG][2018-06-12 08:49:06,213][INFO][is_hybird()] com.felicanetworks.mfc.mfi.permission.MFI_ACCESS
[INTERNAL_LOG][2018-06-12 08:49:06,213][INFO][is_hybird()] android.permission.PACKAGE_USAGE_STATS
[INTERNAL_LOG][2018-06-12 08:49:06,213][INFO][is_hybird()] android.permission.READ_CALENDAR
[INTERNAL_LOG][2018-06-12 08:49:06,213][INFO][is_hybird()] android.permission.RECEIVE_MMS
[INTERNAL_LOG][2018-06-12 08:49:06,213][INFO][is_hybird()] com.google.android.gms.permission.APPINDEXING
[INTERNAL_LOG][2018-06-12 08:49:06,213][INFO][is_hybird()] android.permission.BIND_NOTIFICATION_LISTENER_SERVICE
[INTERNAL_LOG][2018-06-12 08:49:06,213][INFO][is_hybird()] com.google.android.gms.permission.NOTIFICATION_CONTACTS
[INTERNAL_LOG][2018-06-12 08:49:06,213][INFO][is_hybird()] com.google.android.finsky.permission.INSTANT_APP_STATE
[INTERNAL_LOG][2018-06-12 08:49:06,213][INFO][is_hybird()] android.permission.ACCESS_COARSE_LOCATION
[INTERNAL_LOG][2018-06-12 08:49:06,213][INFO][is_hybird()] android.permission.LOCATION_HARDWARE
[INTERNAL_LOG][2018-06-12 08:49:06,213][INFO][is_hybird()] android.permission.ACCESS_WIFI_STATE
[INTERNAL_LOG][2018-06-12 08:49:06,214][INFO][is_hybird()] android.permission.CHANGE_WIFI_STATE
[INTERNAL_LOG][2018-06-12 08:49:06,214][INFO][is_hybird()] android.permission.GET_APP_OPS_STATS
[INTERNAL_LOG][2018-06-12 08:49:06,214][INFO][is_hybird()] android.permission.UPDATE_APP_OPS_STATS
[INTERNAL_LOG][2018-06-12 08:49:06,214][INFO][is_hybird()] android.permission.ACCESS_NOTIFICATION_POLICY
[INTERNAL_LOG][2018-06-12 08:49:06,214][INFO][is_hybird()] android.permission.PROCESS_OUTGOING_CALLS
[INTERNAL_LOG][2018-06-12 08:49:06,214][INFO][is_hybird()] android.permission.SEND_SMS
[INTERNAL_LOG][2018-06-12 08:49:06,214][INFO][is_hybird()] android.permission.BLUETOOTH
[INTERNAL_LOG][2018-06-12 08:49:06,214][INFO][is_hybird()] android.permission.BLUETOOTH_ADMIN
[INTERNAL_LOG][2018-06-12 08:49:06,214][INFO][is_hybird()] android.permission.CAPTURE_AUDIO_HOTWORD
[INTERNAL_LOG][2018-06-12 08:49:06,214][INFO][is_hybird()] com.google.android.googlequicksearchbox.permission.PAUSE_HOTWORD
[INTERNAL_LOG][2018-06-12 08:49:06,214][INFO][is_hybird()] android.permission.MANAGE_VOICE_KEYPHRASES
[INTERNAL_LOG][2018-06-12 08:49:06,214][INFO][is_hybird()] android.permission.CHANGE_WIFI_MULTICAST_STATE
[INTERNAL_LOG][2018-06-12 08:49:06,214][INFO][is_hybird()] com.google.android.gms.permission.TRANSFER_WIFI_CREDENTIAL
[INTERNAL_LOG][2018-06-12 08:49:06,214][INFO][is_hybird()] com.android.launcher.permission.INSTALL_SHORTCUT
[INTERNAL_LOG][2018-06-12 08:49:06,214][INFO][is_hybird()] com.google.android.gms.auth.cryptauth.permission.KEY_CHANGE
[INTERNAL_LOG][2018-06-12 08:49:06,214][INFO][is_hybird()] android.permission.TETHER_PRIVILEGED
[INTERNAL_LOG][2018-06-12 08:49:06,214][INFO][is_hybird()] com.google.android.gms.auth.authzen.permission.DEVICE_SYNC_FINISHED
[INTERNAL_LOG][2018-06-12 08:49:06,214][INFO][is_hybird()] com.google.android.gms.magictether.permission.CLIENT_TETHERING_PREFERENCE_CHANGED
[INTERNAL_LOG][2018-06-12 08:49:06,214][INFO][is_hybird()] com.google.android.gms.magictether.permission.CONNECTED_HOST_CHANGED
[INTERNAL_LOG][2018-06-12 08:49:06,214][INFO][is_hybird()] com.google.android.gms.magictether.permission.DISABLE_SOFT_AP
[INTERNAL_LOG][2018-06-12 08:49:06,214][INFO][is_hybird()] com.google.android.gms.magictether.permission.SCANNED_DEVICE
[INTERNAL_LOG][2018-06-12 08:49:06,215][INFO][is_hybird()] android.permission.GET_TASKS
[INTERNAL_LOG][2018-06-12 08:49:06,215][INFO][is_hybird()] android.permission.REAL_GET_TASKS
[INTERNAL_LOG][2018-06-12 08:49:06,215][INFO][is_hybird()] android.permission.READ_CALL_LOG
[INTERNAL_LOG][2018-06-12 08:49:06,215][INFO][is_hybird()] android.permission.READ_SMS
[INTERNAL_LOG][2018-06-12 08:49:06,215][INFO][is_hybird()] com.google.android.gms.permission.CONTACTS_SYNC_DELEGATION
[INTERNAL_LOG][2018-06-12 08:49:06,215][INFO][is_hybird()] android.permission.WRITE_CONTACTS
[INTERNAL_LOG][2018-06-12 08:49:06,215][INFO][is_hybird()] android.permission.READ_PROFILE
[INTERNAL_LOG][2018-06-12 08:49:06,215][INFO][is_hybird()] android.permission.WRITE_PROFILE
[INTERNAL_LOG][2018-06-12 08:49:06,215][INFO][is_hybird()] com.google.android.hangouts.START_HANGOUT
[INTERNAL_LOG][2018-06-12 08:49:06,215][INFO][is_hybird()] android.permission.MANAGE_DEVICE_ADMINS
[INTERNAL_LOG][2018-06-12 08:49:06,215][INFO][is_hybird()] android.permission.READ_OEM_UNLOCK_STATE
[INTERNAL_LOG][2018-06-12 08:49:06,215][INFO][is_hybird()] com.google.android.gms.permission.SAFETY_NET
[INTERNAL_LOG][2018-06-12 08:49:06,215][INFO][is_hybird()] android.permission.ACCESS_NETWORK_CONDITIONS
[INTERNAL_LOG][2018-06-12 08:49:06,215][INFO][is_hybird()] android.permission.SCORE_NETWORKS
[INTERNAL_LOG][2018-06-12 08:49:06,215][INFO][is_hybird()] android.permission.OVERRIDE_WIFI_CONFIG
[INTERNAL_LOG][2018-06-12 08:49:06,215][INFO][is_hybird()] android.car.permission.ADJUST_CAR_CABIN
[INTERNAL_LOG][2018-06-12 08:49:06,215][INFO][is_hybird()] android.car.permission.ADJUST_CAR_CLIMATE
[INTERNAL_LOG][2018-06-12 08:49:06,215][INFO][is_hybird()] android.permission.MODIFY_PHONE_STATE
[INTERNAL_LOG][2018-06-12 08:49:06,215][INFO][is_hybird()] android.permission.CONTROL_INCALL_EXPERIENCE
[INTERNAL_LOG][2018-06-12 08:49:06,215][INFO][is_hybird()] android.permission.MANAGE_USB
[INTERNAL_LOG][2018-06-12 08:49:06,215][INFO][is_hybird()] android.permission.CALL_PRIVILEGED
[INTERNAL_LOG][2018-06-12 08:49:06,215][INFO][is_hybird()] android.permission.BLUETOOTH_PRIVILEGED
[INTERNAL_LOG][2018-06-12 08:49:06,216][INFO][is_hybird()] android.permission.DISABLE_KEYGUARD
[INTERNAL_LOG][2018-06-12 08:49:06,216][INFO][is_hybird()] android.permission.CALL_PHONE
[INTERNAL_LOG][2018-06-12 08:49:06,216][INFO][is_hybird()] android.permission.CHANGE_NETWORK_STATE
[INTERNAL_LOG][2018-06-12 08:49:06,216][INFO][is_hybird()] android.permission.USER_ACTIVITY
[INTERNAL_LOG][2018-06-12 08:49:06,216][INFO][is_hybird()] android.permission.MODIFY_AUDIO_ROUTING
[INTERNAL_LOG][2018-06-12 08:49:06,216][INFO][is_hybird()] com.google.android.finsky.permission.GEARHEAD_SERVICE
[INTERNAL_LOG][2018-06-12 08:49:06,216][INFO][is_hybird()] com.google.android.permission.ACCESSIBILITY_SCAN_SERVICE
[INTERNAL_LOG][2018-06-12 08:49:06,216][INFO][is_hybird()] android.permission.START_TASKS_FROM_RECENTS
[INTERNAL_LOG][2018-06-12 08:49:06,216][INFO][is_hybird()] android.permission.MANAGE_ACTIVITY_STACKS
[INTERNAL_LOG][2018-06-12 08:49:06,216][INFO][is_hybird()] android.permission.REORDER_TASKS
[INTERNAL_LOG][2018-06-12 08:49:06,216][INFO][is_hybird()] android.permission.ACTIVITY_EMBEDDING
[INTERNAL_LOG][2018-06-12 08:49:06,216][INFO][is_hybird()] com.google.android.gms.carsetup.DRIVING_MODE_MANAGER
[INTERNAL_LOG][2018-06-12 08:49:06,216][INFO][is_hybird()] android.permission.CAPTURE_SECURE_VIDEO_OUTPUT
[INTERNAL_LOG][2018-06-12 08:49:06,216][INFO][is_hybird()] android.permission.RECORD_AUDIO
[INTERNAL_LOG][2018-06-12 08:49:06,216][INFO][is_hybird()] com.google.android.finsky.permission.ACCESS_INSTANT_APP_NOTIFICATION_ENFORCEMENT
[INTERNAL_LOG][2018-06-12 08:49:06,216][INFO][is_hybird()] android.permission.PROVIDE_RESOLVER_RANKER_SERVICE
[INTERNAL_LOG][2018-06-12 08:49:06,216][INFO][is_hybird()] android.permission.READ_LOGS
[INTERNAL_LOG][2018-06-12 08:49:06,216][INFO][is_hybird()] com.google.android.gms.googlehelp.LAUNCH_SUPPORT_SCREENSHARE
[INTERNAL_LOG][2018-06-12 08:49:06,216][INFO][is_hybird()] android.permission.DOWNLOAD_WITHOUT_NOTIFICATION
[INTERNAL_LOG][2018-06-12 08:49:06,216][INFO][is_hybird()] com.google.android.wearable.READ_SETTINGS
[INTERNAL_LOG][2018-06-12 08:49:06,216][INFO][is_hybird()] com.google.android.gms.cloudsave.BIND_EVENT_BROADCAST
[INTERNAL_LOG][2018-06-12 08:49:06,217][INFO][is_hybird()] android.permission.MODIFY_NETWORK_ACCOUNTING
[INTERNAL_LOG][2018-06-12 08:49:06,217][INFO][is_hybird()] android.permission.INTENT_FILTER_VERIFICATION_AGENT
[INTERNAL_LOG][2018-06-12 08:49:06,217][INFO][is_hybird()] android.permission.LOCAL_MAC_ADDRESS
[INTERNAL_LOG][2018-06-12 08:49:06,217][INFO][is_hybird()] android.permission.CHANGE_DEVICE_IDLE_TEMP_WHITELIST
[INTERNAL_LOG][2018-06-12 08:49:06,217][INFO][is_hybird()] android.permission.READ_WIFI_CREDENTIAL
[INTERNAL_LOG][2018-06-12 08:49:06,217][INFO][is_hybird()] android.permission.SUBSTITUTE_NOTIFICATION_APP_NAME
[INTERNAL_LOG][2018-06-12 08:49:06,217][INFO][is_hybird()] android.permission.MODIFY_AUDIO_SETTINGS
[INTERNAL_LOG][2018-06-12 08:49:06,217][INFO][is_hybird()] com.google.android.gms.permission.ACTIVITY_RECOGNITION
[INTERNAL_LOG][2018-06-12 08:49:06,217][INFO][is_hybird()] android.permission.SET_TIME
[INTERNAL_LOG][2018-06-12 08:49:06,217][INFO][is_hybird()] android.permission.SET_TIME_ZONE
[INTERNAL_LOG][2018-06-12 08:49:06,217][INFO][is_hybird()] android.permission.MANAGE_SUBSCRIPTION_PLANS
[INTERNAL_LOG][2018-06-12 08:49:06,217][INFO][is_hybird()] com.google.android.gms.permission.PHENOTYPE_UPDATE_BROADCAST
[INTERNAL_LOG][2018-06-12 08:49:06,217][INFO][is_hybird()] com.google.android.gms.permission.PHENOTYPE_OVERRIDE_FLAGS
[INTERNAL_LOG][2018-06-12 08:49:06,217][INFO][is_hybird()] com.google.android.gms.growth.permission.GROWTH_NOTIFICATION_BROADCAST
[INTERNAL_LOG][2018-06-12 08:49:06,217][INFO][is_hybird()] com.google.android.gms.auth.authzen.permission.GCM_DEVICE_PROXIMITY
[INTERNAL_LOG][2018-06-12 08:49:06,217][INFO][is_hybird()] com.google.android.gms.auth.authzen.permission.KEY_REGISTRATION_FINISHED
[INTERNAL_LOG][2018-06-12 08:49:06,217][INFO][is_hybird()] android.permission.BACKUP
[INTERNAL_LOG][2018-06-12 08:49:06,217][INFO][is_hybird()] com.android.vending.setup.PLAY_SETUP_SERVICE
[INTERNAL_LOG][2018-06-12 08:49:06,217][INFO][is_hybird()] com.google.android.gms.learning.permission.LAUNCH_IN_APP_PROXY
[INTERNAL_LOG][2018-06-12 08:49:06,217][INFO][is_hybird()] com.google.android.gms.permission.CAR
[INTERNAL_LOG][2018-06-12 08:49:06,217][INFO][is_hybird()] com.google.android.gms.permission.CAR_SPEED
[INTERNAL_LOG][2018-06-12 08:49:06,218][INFO][is_hybird()] android.permission.REGISTER_CALL_PROVIDER
[INTERNAL_LOG][2018-06-12 08:49:06,218][INFO][is_hybird()] android.permission.NOTIFY_PENDING_SYSTEM_UPDATE
[INTERNAL_LOG][2018-06-12 08:49:06,218][INFO][is_hybird()] com.google.android.gms.DRIVE
[INTERNAL_LOG][2018-06-12 08:49:06,218][INFO][is_hybird()] com.google.firebase.auth.api.gms.permission.LAUNCH_FEDERATED_SIGN_IN
[INTERNAL_LOG][2018-06-12 08:49:06,218][INFO][is_hybird()] android.permission.BODY_SENSORS
[INTERNAL_LOG][2018-06-12 08:49:06,218][INFO][is_hybird()] com.google.android.gms.permission.GAMES_DEBUG_SETTINGS
[INTERNAL_LOG][2018-06-12 08:49:06,218][INFO][is_hybird()] com.google.android.gms.game.notifications.permission.WRITE
[INTERNAL_LOG][2018-06-12 08:49:06,218][INFO][is_hybird()] com.google.android.gms.permission.C2D_MESSAGE
[INTERNAL_LOG][2018-06-12 08:49:06,218][INFO][is_hybird()] com.google.android.gms.permission.BIND_NETWORK_TASK_SERVICE
[INTERNAL_LOG][2018-06-12 08:49:06,218][INFO][is_hybird()] com.google.android.gms.permission.BROADCAST_TO_GOOGLEHELP
[INTERNAL_LOG][2018-06-12 08:49:06,218][INFO][is_hybird()] com.google.android.launcher.permission.RECEIVE_LAUNCH_BROADCASTS
[INTERNAL_LOG][2018-06-12 08:49:06,218][INFO][is_hybird()] com.google.android.gms.auth.api.signin.permission.REVOCATION_NOTIFICATION
[INTERNAL_LOG][2018-06-12 08:49:06,218][INFO][is_hybird()] com.google.android.vending.verifier.ACCESS_VERIFIER
[INTERNAL_LOG][2018-06-12 08:49:06,218][INFO][is_hybird()] com.google.android.gm.permission.READ_GMAIL
[INTERNAL_LOG][2018-06-12 08:49:06,218][INFO][is_hybird()] com.android.voicemail.permission.READ_VOICEMAIL
[INTERNAL_LOG][2018-06-12 08:49:06,218][INFO][is_hybird()] com.android.voicemail.permission.ADD_VOICEMAIL
[INTERNAL_LOG][2018-06-12 08:49:06,218][INFO][is_hybird()] com.google.android.gms.permission.SEND_ANDROID_PAY_DATA
[INTERNAL_LOG][2018-06-12 08:49:06,218][INFO][is_hybird()] com.google.android.gms.permission.SHOW_TRANSACTION_RECEIPT
[INTERNAL_LOG][2018-06-12 08:49:06,218][INFO][is_hybird()] com.google.android.gms.permission.REPORT_TAP
[INTERNAL_LOG][2018-06-12 08:49:06,218][INFO][is_hybird()] com.google.android.gms.permission.SHOW_PAYMENT_CARD_DETAILS
[INTERNAL_LOG][2018-06-12 08:49:06,218][INFO][is_hybird()] com.google.android.gms.permission.READ_VALUABLES_IMAGES
[INTERNAL_LOG][2018-06-12 08:49:06,219][INFO][is_hybird()] com.google.android.gms.permission.SHOW_WARM_WELCOME_TAPANDPAY_APP
[INTERNAL_LOG][2018-06-12 08:49:06,219][INFO][is_hybird()] com.google.android.gms.chimera.permission.CONFIG_CHANGE
[INTERNAL_LOG][2018-06-12 08:49:06,237][INFO][is_hybird()] [Permission End]

[INTERNAL_LOG][2018-06-12 08:49:06,248][INFO][analyze_start()] TYPE APK: [ANDROID NATIVE]

[INTERNAL_LOG][2018-06-12 08:49:06,253][INFO][find_string()] [START FILE ANALYZE]
[INTERNAL_LOG][2018-06-12 08:49:06,260][INFO][find_string()] File: res/layout/find_my_device_info.html
[INTERNAL_LOG][2018-06-12 08:49:06,261][INFO][find_string()] No iframe in res/layout/find_my_device_info.html
[INTERNAL_LOG][2018-06-12 08:49:06,261][INFO][find_string()] [END ANALYZE FILE]

[INTERNAL_LOG][2018-06-12 08:49:06,261][INFO][find_string()] [START FILE ANALYZE]
[INTERNAL_LOG][2018-06-12 08:49:06,261][INFO][find_string()] File: res/raw/redirect_intercept.js
[INTERNAL_LOG][2018-06-12 08:49:06,262][INFO][find_string()] No iframe in res/raw/redirect_intercept.js
[INTERNAL_LOG][2018-06-12 08:49:06,262][INFO][find_string()] [END ANALYZE FILE]

[INTERNAL_LOG][2018-06-12 08:51:24,987][INFO][find_url_in_apk()] [START ALL URL INSIDE APK]
[INTERNAL_LOG][2018-06-12 08:51:24,988][INFO][find_url_in_apk()] http://schemas.android.com/apk/res/android
http://schemas.android.com/apk/res/android
http://www.w3.org/XML/1998/namespace
http://www.w3.org/1999/02/22-rdf-syntax-ns#
http://www.w3.org/1999/02/22-rdf-syntax-ns#
http://www.w3.org/1999/02/22-rdf-syntax-ns#
http://www.w3.org/1999/02/22-rdf-syntax-ns#
http://www.w3.org/1999/02/22-rdf-syntax-ns#
http://www.w3.org/1999/02/22-rdf-syntax-ns#
http://purl.org/dc/elements/1.1/
http://purl.org/dc/elements/1.1/
http://purl.org/dc/elements/1.1/
http://iptc.org/std/Iptc4xmpCore/1.0/xmlns/
http://ns.adobe.com/iX/1.0/
http://ns.adobe.com/xap/1.0/
http://ns.adobe.com/xap/1.0/rights/
http://ns.adobe.com/xap/1.0/rights/
http://ns.adobe.com/xap/1.0/mm/
http://ns.adobe.com/xap/1.0/mm/
http://ns.adobe.com/xap/1.0/bj/
http://ns.adobe.com/xmp/note/
http://ns.adobe.com/pdf/1.3/
http://ns.adobe.com/pdfx/1.3/
http://www.npes.org/pdfx/ns/id/
http://www.aiim.org/pdfa/ns/schema#
http://www.aiim.org/pdfa/ns/property#
http://www.aiim.org/pdfa/ns/type#
http://www.aiim.org/pdfa/ns/field#
http://www.aiim.org/pdfa/ns/id/
http://www.aiim.org/pdfa/ns/extension/
http://ns.adobe.com/photoshop/1.0/
http://ns.adobe.com/album/1.0/
http://ns.adobe.com/exif/1.0/
http://ns.adobe.com/exif/1.0/
http://ns.adobe.com/exif/1.0/aux/
http://ns.adobe.com/tiff/1.0/
http://ns.adobe.com/png/1.0/
http://ns.adobe.com/jpeg/1.0/
http://ns.adobe.com/jp2k/1.0/
http://ns.adobe.com/camera-raw-settings/1.0/
http://ns.adobe.com/StockPhoto/1.0/
http://ns.adobe.com/creatorAtom/1.0/
http://ns.adobe.com/asf/1.0/
http://ns.adobe.com/xmp/wav/1.0/
http://ns.adobe.com/xmp/1.0/DynamicMedia/
http://ns.adobe.com/xmp/1.0/DynamicMedia/
http://ns.adobe.com/xmp/transient/1.0/
http://ns.adobe.com/xap/1.0/t/
http://ns.adobe.com/xap/1.0/t/pg/
http://ns.adobe.com/xap/1.0/g/
http://ns.adobe.com/xap/1.0/g/img/
http://ns.adobe.com/xap/1.0/sType/Font#
http://ns.adobe.com/xap/1.0/sType/Dimensions#
http://ns.adobe.com/xap/1.0/sType/ResourceEvent#
http://ns.adobe.com/xap/1.0/sType/ResourceRef#
http://ns.adobe.com/xap/1.0/sType/Version#
http://ns.adobe.com/xap/1.0/sType/Job#
http://ns.adobe.com/xap/1.0/sType/ManifestItem#
http://ns.adobe.com/xmp/Identifier/qual/1.0/
http://purl.org/dc/1.1/
http://javax.xml.XMLConstants/feature/secure-processing
http://www.webrtc.org/experiments/rtp-hdrext/abs-send-time
http://www.webrtc.org/experiments/rtp-hdrext/video-timing
https://www.googleapis.com
https://www.googleapis.com
https://www.googleapis.com
https://www.googleapis.com
https://www.googleapis.com
https://www.googleapis.com
https://www.googleapis.com
https://www.googleapis.com
https://www.googleapis.com
https://www.googleapis.com
https://www.googleapis.com
https://www.googleapis.com
https://www.googleapis.com
https://www.googleapis.com
https://www.googleapis.com
https://www.googleapis.com
https://www.googleapis.com
https://www.googleapis.com
https://www.googleapis.com
https://www.googleapis.com/auth/contextcontroller
https://www.googleapis.com/auth/account_settings_mobile
https://accounts.google.com/AccountChooser
https://accounts.google.com/AccountChooser
https://accounts.google.com/AccountChooser
https://support.google.com/accounts
https://support.google.com/accounts
https://support.google.com/accounts
https://myaccount.google.com
https://support.google.com/accounts/answer/6304920
https://myaccount\.google\.com/.*
https://googleads.g.doubleclick.net/pagead/drt/m
https://pagead2.googlesyndication.com/pagead/gen_204?id=gmob-apps
https://googleads.g.doubleclick.net/mads/static/mad/sdk/native/sdk-core-v40.html
https://googleads.g.doubleclick.net/mads/static/mad/sdk/native/production/sdk-core-v40-impl.js
https://googleads.g.doubleclick.net/mads/static/mad/sdk/native/mraid/v2/mraid_app_banner.js
https://googleads.g.doubleclick.net/mads/static/mad/sdk/native/mraid/v2/mraid_app_expanded_banner.js
https://googleads.g.doubleclick.net/mads/static/mad/sdk/native/mraid/v2/mraid_app_interstitial.js
https://csi.gstatic.com/csi
https://csi.gstatic.com/csi
https://googleads.g.doubleclick.net/mads/static/mad/sdk/native/native_ads.html
https://googleads.g.doubleclick.net/mads/static/mad/sdk/native/production/native_ads.js
https://imasdk.googleapis.com/admob/sdkloader/native_video.html
https://www.google.com/dfp/linkDevice
https://www.google.com/dfp/inAppPreview
https://www.google.com/dfp/debugSignals
https://www.google.com/dfp/sendDebugData
https://pagead2.googlesyndication.com/pagead/gen_204
http://www.google.com
http://www.google.com
http://www.google.com
http://www.example.com
http://www.example.com
https://www.googleapis.com/adsmeasurement/v1/measurement/transmit
https://www.googleapis.com/adsmeasurement/v1/measurement/transmit?key=AIzaSyD86L0CLFNTHI_JULznfZRZuvgfsjWOoUw
https://www.google.com/ads/preferences/html/mobile-about.html
https://support.google.com/googleplay/answer/3405269
http://www.google-analytics.com
https://ssl.google-analytics.com
https://www.googleapis.com/auth/plus.native
https://www.googleapis.com/auth/plus.native
https://www.googleapis.com/auth/plus.native
https://www.googleapis.com/auth/plus.native
https://www.googleapis.com/auth/plus.native
https://www.googleapis.com/auth/plus.native
https://play.google.com/store/apps
https://www.googleapis.com/auth/appstate
https://www.googleapis.com/auth/appstate
https://www.googleapis.com/auth/appstate
https://www.googleapis.com/auth/auditrecording-pa
https://www.google.com/accounts/
https://settings.%s
https://android.clients.google.com/auth/lookup/account_state?rt=b
https://android.clients.google.com/auth/enterprise/fetch_managing_app_for_user?rt=b
https://android.clients.google.com/auth/enterprise/fetch_managing_app_for_user?rt=b
https://android.clients.google.com/auth
https://android.clients.google.com/auth/reauthsettings
https://android.clients.google.com/auth/verifypin
https://android.clients.google.com/setup/checkname
https://android.clients.google.com/setup/createprofile
https://support.google.com/mobile/?p=tap_and_go
https://support.google.com/mobile/?p=tap_and_go
https://m.google.com/devicemanagement/devicestate
https://android.clients.google.com/auth/frp/validation
https://accounts.google.com/embedded/setup/android?
https://accounts.google.com/embedded/setup/v2/androidtv
https://accounts.google.com/embedded/reauth/v2/androidtv
https://accounts.google.com/embedded/setup/v2/android?
https://accounts.google.com/embedded/reauth/v2/android?
https://accounts.google.com/embedded/setup/v2/daydream
https://accounts.google.com/embedded/reauth/v2/daydream
https://accounts.google.com/embedded/setup/ngc224?
https://accounts.%s/embedded/reauth/sw
https://accounts.google.com/embedded/reauth/android
https://accounts.%s/embedded/setup/sw
https://android.clients.google.com/setup
https://www.googleapis.com/oauth2/v2/tokeninfo
https://support.google.com/googleplay/?p=uncertified_registration
https://support.google.com/googleplay/?p=core_app_permissions
https://support.google.com/googleplay/?p=core_app_permissions
https://support.google.com/googleplay/?p=core_app_permissions
https://accounts.google.com
https://accounts.google.com
https://accounts.google.com
https://accounts.google.com
https://accounts.google.com
https://accounts.google.com
https://accounts.google.com
https://accounts.google.com
https://accounts.google.com
https://accounts.google.com
https://accounts.google.com
https://accounts.google.com
https://accounts.google.com
https://www.googleapis.com/auth/login_manager
https://www.googleapis.com/auth/login_manager
https://support.google.com/accounts/?p=smartlock
https://www.googleapis.com/auth/games_lite
https://www.googleapis.com/auth/games_lite
https://www.googleapis.com/auth/games_lite
https://www.googleapis.com/auth/games_lite
https://www.googleapis.com/auth/games
https://www.googleapis.com/auth/games
https://www.googleapis.com/auth/games
https://www.googleapis.com/auth/games
https://www.googleapis.com/auth/games
https://www.googleapis.com/auth/plus.login
https://www.googleapis.com/auth/plus.login
https://www.googleapis.com/auth/plus.login
https://www.googleapis.com/auth/plus.login
https://www.googleapis.com/auth/plus.login
https://www.googleapis.com/
https://www.googleapis.com/
https://www.googleapis.com/
https://www.googleapis.com/auth/cryptauth
https://www.googleapis.com/auth/cryptauth
https://accounts.google.com/o/android/auth?
https://accounts.google.com/o/android/auth?
https://accounts.google.com/o/android/auth?
https://www.google.com/accounts/recovery/?hl=%s
https://firebaseperusertopics-pa.googleapis.com/v1/perusertopics/
https://firebaseperusertopics-pa.googleapis.com/v1/perusertopics/
https://www.googleapis.com/auth/plus.me
https://www.googleapis.com/auth/plus.me
https://www.googleapis.com/auth/plus.me
https://www.googleapis.com/auth/plus.me
https://www.googleapis.com/auth/plus.me
https://www.googleapis.com/auth/plus.me
https://www.googleapis.com/auth/plus.me
https://www.googleapis.com/auth/plus.me
https://www.googleapis.com/auth/plus.me
https://www.googleapis.com/auth/plus.me
https://www.googleapis.com/auth/plus.me
https://www.googleapis.com/auth/plus.me
https://www.googleapis.com/auth/plus.circles.read
https://www.googleapis.com/auth/plus.circles.read
https://www.googleapis.com/auth/plus.circles.read
https://www.googleapis.com/auth/plus.circles.read
https://www.googleapis.com/auth/plus.circles.write
https://www.googleapis.com/auth/plus.circles.write
https://www.googleapis.com/auth/plus.stream.read
https://www.googleapis.com/auth/plus.stream.read
https://www.googleapis.com/auth/plus.stream.write
https://www.googleapis.com/auth/plus.stream.write
https://www.googleapis.com/auth/plus.stream.write
https://www.googleapis.com/auth/plus.stream.write
https://www.googleapis.com/auth/plus.media.upload
https://www.googleapis.com/auth/plus.media.upload
https://www.googleapis.com/auth/userinfo.email
https://www.googleapis.com/auth/userinfo.email
https://www.googleapis.com/auth/userinfo.email
https://www.googleapis.com/auth/youtube
https://www.googleapis.com/auth/payments.make_payments
https://www.googleapis.com/auth/fitness.activity.read
https://www.googleapis.com/auth/fitness.activity.read
https://www.googleapis.com/auth/fitness.activity.read
https://www.googleapis.com/auth/fitness.activity.read
https://www.googleapis.com/auth/fitness.activity.read
https://www.googleapis.com/auth/fitness.activity.read
https://www.googleapis.com/auth/fitness.activity.read
https://www.googleapis.com/auth/fitness.activity.write
https://www.googleapis.com/auth/fitness.activity.write
https://www.googleapis.com/auth/fitness.activity.write
https://www.googleapis.com/auth/fitness.activity.write
https://www.googleapis.com/auth/fitness.activity.write
https://www.googleapis.com/auth/fitness.activity.write
https://www.googleapis.com/auth/fitness.location.read
https://www.googleapis.com/auth/fitness.location.read
https://www.googleapis.com/auth/fitness.location.read
https://www.googleapis.com/auth/fitness.location.read
https://www.googleapis.com/auth/fitness.location.read
https://www.googleapis.com/auth/fitness.location.write
https://www.googleapis.com/auth/fitness.location.write
https://www.googleapis.com/auth/fitness.location.write
https://www.googleapis.com/auth/fitness.location.write
https://www.googleapis.com/auth/fitness.location.write
https://www.googleapis.com/auth/fitness.body.read
https://www.googleapis.com/auth/fitness.body.read
https://www.googleapis.com/auth/fitness.body.read
https://www.googleapis.com/auth/fitness.body.read
https://www.googleapis.com/auth/fitness.body.read
https://www.googleapis.com/auth/fitness.body.write
https://www.googleapis.com/auth/fitness.body.write
https://www.googleapis.com/auth/fitness.body.write
https://www.googleapis.com/auth/fitness.body.write
https://www.googleapis.com/auth/fitness.body.write
https://www.googleapis.com/auth/fitness.nutrition.read
https://www.googleapis.com/auth/fitness.nutrition.read
https://www.googleapis.com/auth/fitness.nutrition.read
https://www.googleapis.com/auth/fitness.nutrition.read
https://www.googleapis.com/auth/fitness.nutrition.read
https://www.googleapis.com/auth/fitness.nutrition.write
https://www.googleapis.com/auth/fitness.nutrition.write
https://www.googleapis.com/auth/fitness.nutrition.write
https://www.googleapis.com/auth/fitness.nutrition.write
https://www.googleapis.com/auth/fitness.nutrition.write
https://aboutme.google.com#Email=
https://android.googleapis.com/backup
https://android.googleapis.com/backup
https://support.google.com/mobile/?p=settings_backup
https://support.google.com/mobile/?p=pixel_backup
https://support.google.com/mobile/?p=pixel_backup
https://support.google.com/mobile/?p=pixel_backup
https://android.clients.google.com/backup/upload
http://www.
https://www.
http://www.android.com/auto
https://play.google.com/store/apps/details?id=com.google.android.projection.gearhead
https://support.google.com/chromecast/?p=castremotecontrol
https://cast.google.com/cast/nearby
https://support.google.com/chromecast/answer/6100251
https://clients3.google.com/cast/discover/remote_control/intent_to_join
https://checkin.gstatic.com/checkin
https://android.clients.google.com/checkin
https://www.google.com/settings/chrome/sync
https://play.googleapis.com/log/batch
https://android.clients.google.com/auth/exchange_bootstrap_credentials
https://android.clients.google.com/auth/tapngo/exchange_session_checkpoints?rt=b
https://android.clients.google.com/auth/get_bootstrap_challenges
https://support.google.com/?p=google_settings
https://passwords.google.com
https://play.googleapis.com/log
https://i.imgur.com/oNmqoJU.jpg
https://images
https://images
https://plus.google.com/
https://play.google.com/store/apps/details?id=%1$s&rdid=%1$s&rdot=%2$d
http://127\.0\.0\.1(:\d+)?
https://cloudconfig.googleapis.com/config
http://xmlpull.org/v1/doc/features.html#process-namespaces
https://www.googleapis.com/auth/drive.file
https://www.googleapis.com/auth/drive.file
https://www.googleapis.com/auth/drive.file
https://www.googleapis.com/auth/drive.appdata
https://www.googleapis.com/auth/drive.appdata
https://www.googleapis.com/auth/drive.appdata
https://www.googleapis.com/auth/drive
https://www.googleapis.com/auth/drive
https://www.googleapis.com/auth/drive
https://www.googleapis.com/auth/drive.apps
https://www.googleapis.com/auth/drive.apps
https://www.googleapis.com/auth/drive.apps
https://drive.google.com/otservice
https://lh3.googleusercontent.com/d/%s
https://firebasedynamiclinks.googleapis.com/v1/shortLinks?key=%s
https://www.googleapis.com/auth/accounts.reauth
https://www.googleapis.com/auth/accounts.reauth
https://www.googleapis.com/auth/kid.family
https://www.google.com/policies/terms/
https://www.google.com/policies/terms/
https://www.google.com/policies/privacy/
https://www.google.com/policies/privacy/
https://www.google.com/policies/privacy/
https://support.google.com/legal/answer/3110420
https://www.google.com/tools/feedback/android/__submit
https://www.google.com/tools/feedback/android/__silent-submit
https://www.google.com/tools/feedback/mobile/__suggestions
https://www.google.com/tools/feedback/mobile/feedback-suggestion
https://digitalassetlinks.googleapis.com/v1/assetlinks:check
https://www.google.com
https://www.google.com
https://www.google.com
https://www.googleapis.com/auth/fitness.blood_pressure.read
https://www.googleapis.com/auth/fitness.blood_pressure.read
https://www.googleapis.com/auth/fitness.blood_pressure.read
https://www.googleapis.com/auth/fitness.blood_pressure.write
https://www.googleapis.com/auth/fitness.blood_pressure.write
https://www.googleapis.com/auth/fitness.blood_pressure.write
https://www.googleapis.com/auth/fitness.blood_glucose.read
https://www.googleapis.com/auth/fitness.blood_glucose.read
https://www.googleapis.com/auth/fitness.blood_glucose.read
https://www.googleapis.com/auth/fitness.blood_glucose.write
https://www.googleapis.com/auth/fitness.blood_glucose.write
https://www.googleapis.com/auth/fitness.blood_glucose.write
https://www.googleapis.com/auth/fitness.oxygen_saturation.read
https://www.googleapis.com/auth/fitness.oxygen_saturation.read
https://www.googleapis.com/auth/fitness.oxygen_saturation.read
https://www.googleapis.com/auth/fitness.oxygen_saturation.write
https://www.googleapis.com/auth/fitness.oxygen_saturation.write
https://www.googleapis.com/auth/fitness.oxygen_saturation.write
https://www.googleapis.com/auth/fitness.body_temperature.read
https://www.googleapis.com/auth/fitness.body_temperature.read
https://www.googleapis.com/auth/fitness.body_temperature.read
https://www.googleapis.com/auth/fitness.body_temperature.write
https://www.googleapis.com/auth/fitness.body_temperature.write
https://www.googleapis.com/auth/fitness.body_temperature.write
https://www.googleapis.com/auth/fitness.reproductive_health.read
https://www.googleapis.com/auth/fitness.reproductive_health.read
https://www.googleapis.com/auth/fitness.reproductive_health.read
https://www.googleapis.com/auth/fitness.reproductive_health.write
https://www.googleapis.com/auth/fitness.reproductive_health.write
https://www.googleapis.com/auth/fitness.reproductive_health.write
https://www.googleapis.com/auth/fitness
https://www.googleapis.com/auth/grants.audit
https://www.googleapis.com/auth/grants.audit
https://support.google.com/mobile/?p=google_settings_fitness
https://support.google.com/mobile/?p=google_settings_fitness
https://fonts.gstatic.com/s/a/
https://fonts.gstatic.com/s/a/%s.ttf
https://www.googleapis.com/auth/games.firstparty
https://www.googleapis.com/auth/games.firstparty
https://www.googleapis.com/androidcheck/v1/attestations/adAttest?key=AIzaSyDaepk5bynjTA7ZhzF_0fzIHIXAkZlz3dA
https://gcm.googleapis.com/local/
https://gcm.googleapis.com/local/status
https://gcm.googleapis.com/local/status
https://android.clients.google.com/c2dm/register3
https://android.clients.google.com/c2dm/register3
https://jmt17.google.com/c2dm/register3
https://support.google.com
https://play.google.com/store/apps/details?id=
https://support.google.com/pixelphone?p=screen_share_device_learn_more
https://play.google.com/store/apps/details?id=com.google.android.apps.helprtc
https://android.googleapis.com/nova/herrevad/
https://www.googleapis.com/auth/herrevad
http://schema.org/
https://www.googleapis.com/auth/contextengine
https://history.google.com/history/api
https://support.google.com/websearch?p=ws_searchdata
https://www.googleapis.com/auth/googlenow.publish
https://redirector.gvt1.com/edgedl/android/appdatasearch/
http://127.0.0.1:1738
https://storage.googleapis.com/aia-test-images/ic_launcher.png
https://hello.samples.androidinstantapps.com/download-split
https://www.googleapis.com/auth/playatoms
https://play.google.com/api/v1/metadata/type/apps/package/%s
https://play.google.com/about/play-terms.html
https://support.google.com/googleplay/?p=instant_apps
https://support.google.com/googleplay/?p=instant_apps
https://www.googleapis.com/auth/social.userlocation
https://myaccount.google.com/name
https://myaccount.google.com/locationsharing
https://support.google.com/accounts/answer/3118687
https://support.google.com/accounts/answer/3118687
https://support.google.com/accounts/answer/3118687
https://clients4.google.com/glm/mmap
https://clients4.google.com/glm/mmap
https://www.google.com/maps
https://www.googleapis.com/auth/android_device_manager
https://android.googleapis.com/nova/sitrep
https://android.googleapis.com/nova/remote_payload
https://android.googleapis.com
https://support.google.com/mobile/?p=device_manager_location
https://app-measurement.com/a
https://support.google.com/mobile/?p=google_settings_nearby
https://support.google.com/mobile/?p=google_settings_nearby
https://mobilenetworkscoring-pa.googleapis.com
https://www.googleapis.com/auth/nova
https://dl.google.com/vision/1/creditcard/params_expdate_c45e5b7.dat
https://dl.google.com/vision/1000/creditcard/params_chname_convnet.dat.gz
https://dl.google.com/vision/1000/creditcard/params_chname_convnet_optimized.dat.gz
https://myaccount\.google\.com/embedded/.*
https://myaccount\.google\.com/embedded/signinoptions/recovery-options-collection
https://accounts\.google\.com/ServiceLogin.*
https://myaccount\.google\.com/embedded/activitycontrols.*
http://ns.google.com/photos/1.0/panorama/
http://ns.google.com/photos/1.0/panorama/
http://ns.google.com/photos/1.0/panorama/
http://ns.google.com/photos/1.0/panorama/
http://ns.google.com/photos/1.0/panorama/
http://ns.adobe.com/xap/1.0/ 
https://plus.google.com/%s
https://plus.google.com/%s
https://lh3.googleusercontent.com/-XdUIqdMkCWA/AAAAAAAAAAI/AAAAAAAAAAA/dS9ff5TYSlA/c/photo.jpg
https://lh3.googleusercontent.com/-XdUIqdMkCWA/AAAAAAAAAAI/AAAAAAAAAAA/dS9ff5TYSlA/c/photo.jpg
http://lh3.googleusercontent.com/-q1Smh9d8d0g/AAAAAAAAAAM/AAAAAAAAAAA/q6bRUp5qvvk/c/photo.jpg
https://www.googleapis.com/auth/plus.peopleapi.readwrite
https://www.googleapis.com/auth/plus.peopleapi.readwrite
https://www.googleapis.com/auth/plus.peopleapi.readwrite
https://www.googleapis.com/auth/plus.peopleapi.readwrite
https://www.googleapis.com/auth/plus.peopleapi.readwrite
https://www.googleapis.com/auth/plus.peopleapi.readwrite
https://www.googleapis.com/auth/plus.peopleapi.readwrite
https://www.googleapis.com/auth/plus.peopleapi.readwrite
https://support.google.com/android?p=contact_ranking_agree
http://plus.google.com/
https://www.googleapis.com/auth/plus.pages.manage
https://www.googleapis.com/auth/plus.pages.manage
https://www.googleapis.com/auth/plus.pages.manage
https://www.googleapis.com/auth/plus.pages.manage
https://www.googleapis.com/auth/plus.profiles.read
https://www.googleapis.com/auth/plus.profiles.write
https://www.googleapis.com/auth/plus.applications.manage
https://www.googleapis.com/auth/plus.applications.manage
https://www.googleapis.com/auth/plus.settings
https://www.googleapis.com/auth/plus.settings
https://www.googleapis.com/auth/plus.settings
https://www.google.com/m8/feeds
https://www.googleapis.com/experimentsandconfigs/v1/getExperimentsAndConfigs
https://www.google.com/settings/storage/
https://support.google.com/mobile/?hl=%locale%
https://support.google.com/mobile/?hl=%locale%
https://support.google.com/plus/?hl=%locale%
http://schemas.android.com/apk/lib/com.google.android.gms.plus
https://support.google.com/plus/?p=plus_sign_in
https://support.google.com/plus/?p=plus_controls_mobile
https://support.google.com/mobile/?p=google_settings_fitness_devices
https://support.google.com/accounts/answer/3290768
https://www.googleapis.com/auth/pos
https://www.googleapis.com/auth/pos
https://www.googleapis.com/auth/pos
https://www.googleapis.com/auth/userinfo.profile
https://www.googleapis.com/auth/userinfo.profile
http://market.android.com/details?id=%1$s&rdid=%1$s&rdot=1
https://www.googleapis.com/auth/myphonenumbers
https://www.googleapis.com/auth/reminders
https://support.google.com/nexus?p=contacts_restore
https://support.google.com/nexus?p=contacts_restore
https://support.google.com/nexus?p=contacts_restore
https://android.googleapis.com/tg/fe/request
https://www.googleapis.com/androidcheck/v1/attestations/attest?alt=PROTO&key=
https://support.google.com/googleplay/answer/2812853
https://www.gstatic.com/android/snet/11142017-10002000.snet
https://www.gstatic.com/android/snet/11142017-10002000.snet
https://safebrowsing.googleapis.com
https://www.google.com/recaptcha/api2/mframe
https://sb-ssl.google.com/safebrowsing/clientreport/system-integrity
https://support.google.com/recaptcha
https://www.google.com/search?q=
https://www.google.com/android/find
https://play.google.com/store/apps/details?id=com.google.android.apps.adm
https://www.gstatic.com/android/snet/snet_goog.flags
https://www.gstatic.com/android/snet/snet.flags
https://www.gstatic.com/android/snet/
https://safebrowsing.google.com/safebrowsing/uploads/android
https://www.google.com/intl/%s/policies/terms/embedded
https://www.google.com/intl/%s/policies/terms/embedded
https://accounts.google.com/TOS?loc=DE&hl=de
https://accounts.google.com/TOS?loc=DE&hl=de
https://www.google.com/intl/%s/policies/privacy/embedded
https://www.google.com/intl/%s/policies/privacy/embedded
https://accounts.google.com/TOS?loc=DE&privacy=true
https://accounts.google.com/TOS?loc=DE&privacy=true
https://www.google.co.kr/intl/ko/policies/privacy/additional/
https://www.google.co.kr/intl/ko/policies/terms/location/
https://support.google.com/families?p=accountpolicies
https://support.google.com/families?p=accountpolicies
https://maps.google.com/maps?daddr=%s
https://s2.googleusercontent.com/s2/favicons?sz=32&domain_url=
https://datamixer-pa.googleapis.com
http://plus.google.com/people/%s/peopleInCommon/%s
http://plus.google.com/%s/about
https://get.google.com/albumarchive/%s
https://plus.google.com/photos/%s/photo/%s
https://plus.google.com/photos/%s/albums/%s/%s
https://aboutme.google.com/
https://support.google.com/accounts?p=block_list
http://www.google.com/profiles/%s
http://www.google.com/profiles/%s
https://android.clients.google.com/gsync/sub
https://android.clients.google.com/gsync/sub
https://android.clients.google.com/gsync/sub/
https://support.google.com/androidpay/?p=lock_required
https://support.google.com/androidpay/?p=lock_required
https://m-androidpay-users-pa.googleapis.com/cm
https://pay-users-pa.googleapis.com
https://staging-pay-users-pa.sandbox.googleapis.com
https://autopush-pay-users-pa.sandbox.googleapis.com
https://dev-pay-users-pa.sandbox.googleapis.com
http://localhost:25006
https://m-staging-androidpay-users-pa.sandbox.googleapis.com/cm
https://staging-androidpay-users-pa.sandbox.googleapis.com/cm
https://test-androidpay-users-pa.sandbox.googleapis.com/cm
https://m-dev-androidpay-users-pa.sandbox.googleapis.com/cm
http://localhost:25005/cm
http://localhost:25005/cm
https://androidpay-users-pa.googleapis.com/cm
https://dev-androidpay-users-pa.sandbox.googleapis.com
https://www.google.com/policies/privacy
https://payments.google.com/termsOfService
https://www.paypal.com/agreements/setup
https://lh6.googleusercontent.com/proxy/80LyraZjDJoe7-4KwuMZgHZtzBFzBHJ04gCL1gOIRj36_eHFIqejlN3tNshqnVk8fiIRxqVNZ_Wvt3af9rYqltXO_zbLvbYzQuCcYX4sPOBEK5AHU4twcvQXMXF3KsSiLakTlbmUd70wwK8JIv8xeuzdL35W3PVgMtbzU3-U74vMsO5dtNQU0lsAbve9MUeFUcTcpSq0rBOcEzwYQYaKIRU8xqibddTVXT3VtAZfBQ
https://www.gstatic.com/commerce/wallet/20110109/jhfae70rio980yhbnsox6vkc9sjkdcuy223hnso08udmnnds8776vp6n5744ghopeewdx/vco/visa_checkout_setup_done_instruction_gpay.webm
https://secure.checkout.visa.com/PL/pages/privacy
http://ap.pitsquare.jp/osaifu/pc/osaifukeitai_app/kiyaku/menu_kiyaku.html
http://www.felicanetworks.co.jp/privacy/
https://play.google.com/store/apps/details?id=%s%s
https://support.google.com/googlepay/?p=nfc_hce
https://support.google.com/androidpay/?p=banklist
https://support.google.com/androidpay/?p=transaction_details
https://support.google.com/androidpay/answer/7385877
https://play.google.com/store/apps/details?id=%s
https://support.google.com/mobile/?p=personal_unlocking
https://support.google.com/mobile/?p=personal_unlocking
https://myaccount.google.com/activitycontrols/
https://myaccount.google.com/activitycontrols
https://www.googleapis.com/auth/user_data_controls
https://support.google.com/websearch/answer/6139018
https://accounts.google.com/AccountChooser?Email=
http://www.ccil.org/~cowan/tagsoup/properties/schema
https://dl.google.com/vision/801/barcode/barcode_arm64_v8a.zip
https://dl.google.com/vision/801/barcode/barcode_armeabi_v7a.zip
https://dl.google.com/vision/801/barcode/barcode_x86.zip
https://dl.google.com/vision/801/barcode/barcode_x86_64.zip
https://dl.google.com/vision/4/face/face_arm64_v8a.zip
https://dl.google.com/vision/4/face/face_armeabi_v7a.zip
https://dl.google.com/vision/4/face/face_x86.zip
https://dl.google.com/vision/4/face/face_x86_64.zip
https://dl.google.com/vision/1001/ica/ica_arm64_v8a.zip
https://dl.google.com/vision/1001/ica/ica_armeabi_v7a.zip
https://dl.google.com/vision/1001/ica/ica_x86.zip
https://dl.google.com/vision/1001/ica/ica_x86_64.zip
https://dl.google.com/vision/1700/ocr/ocr_arm64_v8a.zip
https://dl.google.com/vision/1700/ocr/ocr_armeabi_v7a.zip
https://dl.google.com/vision/1700/ocr/ocr_x86.zip
https://dl.google.com/vision/1700/ocr/ocr_x86_64.zip
https://dl.google.com
https://sandbox.google.com
https://sandbox.google.com
https://sandbox.google.com
https://sandbox.google.com
https://wallet.google.com
https://wallet.google.com
https://wallet.google.com
http://localhost:8889
http://localhost:8889
http://localhost:8889
https://wallet-web.sandbox.google.com/dev
http://localhost:8081
https://payments.google.com
https://accounts.google.com/ResetPin
https://support.google.com/wallet
https://wallet-dev.sandbox.google.com
https://wallet-web.sandbox.google.com
https://clients5.google.com/cm
https://wallet-web.sandbox.google.com/cm
https://wallet-dev.sandbox.google.com/cm
https://androidwearcloudsync-pa.googleapis.com/
https://gcm.googleapis.com/gcm/gcmevents
https://gcm.googleapis.com/gcm/gcm.event_tracker
http://www.google.co.uk
https://instantmessaging-pa.googleapis.com/upload
https://support.google.com/nexus?p=app_preview
https://www.google.com/accounts/tos
https://g\.co/AlloSMS#
https://g\.co/AlloGroup#
https://play.google.com/store/apps/details?id=com.google.android.apps.fireball&referrer=utm_source%3Dapppreviewmessages%26utm_medium%3Dtext%26utm_campaign%3Dproduct
https://play.google.com/store/apps/details?id=com.google.android.apps.tachyon&referrer=utm_source%3Dapppreviewmessages%26utm_medium%3Dtext%26utm_campaign%3Dproduct
https://g.co/callduo
https://support.google.com/business/answer/7177958?hl=en
https://www.google.com/loc/m/api
https://www.google.com/loc/m/api
https://www.googleapis.com/auth/placesserver
https://www.googleapis.com/auth/placesserver
https://goto.google.com/java-platform
https://www.googleapis.com/auth/userlocation.reporting
https://www.google.com/locationhistory
http://www.google.com/intl/%s/+/policy/
http://play.google.com/intl/%y_%z/about/play-terms.html
http://www.google.com/chrome/intl/%y-%z/eula_text.html
http://www.google.com/chrome/intl/%y-%z/privacy.html
http://www.google.com/intl/%y_%z/mobile/android/basic/phone-legal.html
https://payments.google.com/payments/data/address
https://maps.googleapis.com/maps/api/place/details/json
https://maps.googleapis.com/maps/api/place/autocomplete/json
https://lh3.googleusercontent.com/dIbnZiUGsjCyFvM3jBxzTNypwyNrgu3V4Ov29pKjwG-wPLT9EOxMpzs1y6wVp-JDGczRRA3D-w
https://www.googleapis.com/identitytoolkit/v3/relyingparty
https://securetoken.googleapis.com/v1
http://localhost
https://mobilecrashreporting.googleapis.com/v1/crashes:batchCreate?key=
http://www.w3.org/2005/Atom
http://schemas.google.com/g/2005
http://schemas.google.com/gsync/data
http://schemas.google.com/gsync/data

[INTERNAL_LOG][2018-06-12 08:51:24,988][INFO][find_url_in_apk()] [END ALL URL INSIDE APK]
[INTERNAL_LOG][2018-06-12 08:51:24,993][INFO][check_method_conf()] [JavaScript enabled: True]

[INTERNAL_LOG][2018-06-12 08:51:24,994][INFO][check_method_conf()] [Add interface WebView: True]

[INTERNAL_LOG][2018-06-12 08:51:24,994][INFO][analyze_start()] This app might be not vulnerable on  attack frame confusion.
[INTERNAL_LOG][2018-06-12 08:51:24,994][INFO][analyze_start()] End time:[Tue Jun 12 08:51:24 2018]
