[INTERNAL_LOG][2018-06-12 05:50:39,275][INFO][analyze_start()] Init Time [Tue Jun 12 05:50:39 2018]
[INTERNAL_LOG][2018-06-12 05:50:39,332][INFO][run()] Start Analysis
[INTERNAL_LOG][2018-06-12 05:50:39,333][INFO][is_hybird()] [Permission Enble Start]
[INTERNAL_LOG][2018-06-12 05:50:39,333][INFO][is_hybird()] com.google.android.c2dm.permission.RECEIVE
[INTERNAL_LOG][2018-06-12 05:50:39,333][INFO][is_hybird()] com.google.android.apps.magazines.permission.C2D_MESSAGE
[INTERNAL_LOG][2018-06-12 05:50:39,333][INFO][is_hybird()] android.permission.INTERNET
[INTERNAL_LOG][2018-06-12 05:50:39,333][INFO][is_hybird()] android.permission.WRITE_EXTERNAL_STORAGE
[INTERNAL_LOG][2018-06-12 05:50:39,333][INFO][is_hybird()] android.permission.GET_ACCOUNTS
[INTERNAL_LOG][2018-06-12 05:50:39,333][INFO][is_hybird()] android.permission.USE_CREDENTIALS
[INTERNAL_LOG][2018-06-12 05:50:39,333][INFO][is_hybird()] android.permission.MANAGE_ACCOUNTS
[INTERNAL_LOG][2018-06-12 05:50:39,333][INFO][is_hybird()] android.permission.READ_SYNC_SETTINGS
[INTERNAL_LOG][2018-06-12 05:50:39,333][INFO][is_hybird()] android.permission.WRITE_SYNC_SETTINGS
[INTERNAL_LOG][2018-06-12 05:50:39,333][INFO][is_hybird()] android.permission.READ_SYNC_STATS
[INTERNAL_LOG][2018-06-12 05:50:39,333][INFO][is_hybird()] android.permission.RECEIVE_BOOT_COMPLETED
[INTERNAL_LOG][2018-06-12 05:50:39,333][INFO][is_hybird()] com.android.launcher.permission.INSTALL_SHORTCUT
[INTERNAL_LOG][2018-06-12 05:50:39,334][INFO][is_hybird()] com.android.launcher.permission.UNINSTALL_SHORTCUT
[INTERNAL_LOG][2018-06-12 05:50:39,334][INFO][is_hybird()] com.google.android.providers.gsf.permission.READ_GSERVICES
[INTERNAL_LOG][2018-06-12 05:50:39,334][INFO][is_hybird()] android.permission.ACCESS_NETWORK_STATE
[INTERNAL_LOG][2018-06-12 05:50:39,334][INFO][is_hybird()] android.permission.WAKE_LOCK
[INTERNAL_LOG][2018-06-12 05:50:39,334][INFO][is_hybird()] android.permission.FOREGROUND_SERVICE
[INTERNAL_LOG][2018-06-12 05:50:39,334][INFO][is_hybird()] android.permission.GET_PACKAGE_SIZE
[INTERNAL_LOG][2018-06-12 05:50:39,334][INFO][is_hybird()] [Permission End]

[INTERNAL_LOG][2018-06-12 05:50:39,334][INFO][analyze_start()] TYPE APK: [ANDROID NATIVE]

[INTERNAL_LOG][2018-06-12 05:50:39,334][INFO][find_string()] [START FILE ANALYZE]
[INTERNAL_LOG][2018-06-12 05:50:39,334][INFO][find_string()] [END ANALYZE FILE]

[INTERNAL_LOG][2018-06-12 05:50:39,334][INFO][find_string()] [START FILE ANALYZE]
[INTERNAL_LOG][2018-06-12 05:50:39,334][INFO][find_string()] File: assets/inject.js
[INTERNAL_LOG][2018-06-12 05:50:39,335][INFO][find_string()] No iframe in assets/inject.js
[INTERNAL_LOG][2018-06-12 05:50:39,348][INFO][find_string()] File: assets/synced/generatedLayoutEngine.js
[INTERNAL_LOG][2018-06-12 05:50:39,369][INFO][find_string()] No iframe in assets/synced/generatedLayoutEngine.js
[INTERNAL_LOG][2018-06-12 05:50:39,369][INFO][find_string()] File: assets/synced/generatedLayoutEngine_legacy.js
[INTERNAL_LOG][2018-06-12 05:50:39,376][INFO][find_string()] No iframe in assets/synced/generatedLayoutEngine_legacy.js
[INTERNAL_LOG][2018-06-12 05:50:39,376][INFO][find_string()] [END ANALYZE FILE]

[INTERNAL_LOG][2018-06-12 05:51:33,585][INFO][find_url_in_apk()] [START ALL URL INSIDE APK]
[INTERNAL_LOG][2018-06-12 05:51:33,585][INFO][find_url_in_apk()] http://schemas.android.com/apk/res/android
https://pagead2.googlesyndication.com/pagead/gen_204?id=gmob-apps
http://www.google-analytics.com
https://ssl.google-analytics.com
https://plus.google.com/
https://pagead2.googlesyndication.com/pagead/gen_204
http://www.google.com
https://support.google.com/dfp_premium/answer/7160685#push
http://www.example.com
http://www.example.com
http://www.example.com
https://googleads.g.doubleclick.net/mads/static/mad/sdk/native/sdk-core-v40.html
https://googleads.g.doubleclick.net/mads/static/mad/sdk/native/mraid/v2/mraid_app_banner.js
https://googleads.g.doubleclick.net/mads/static/mad/sdk/native/mraid/v2/mraid_app_expanded_banner.js
https://googleads.g.doubleclick.net/mads/static/mad/sdk/native/mraid/v2/mraid_app_interstitial.js
https://csi.gstatic.com/csi
https://googleads.g.doubleclick.net/mads/static/mad/sdk/native/native_ads.html
https://imasdk.googleapis.com/admob/sdkloader/native_video.html
https://www.google.com/dfp/linkDevice
https://www.google.com/dfp/inAppPreview
https://www.google.com/dfp/debugSignals
https://www.google.com/dfp/sendDebugData
https://lh3.googleusercontent.com
https://images
http://play.google.com/store/apps/details
https://www.youtube.com/watch?v=%s&t=%s
https://staging-newsstand.sandbox.google.com/newsstand
https://staging-newsstand-sandbox.googleusercontent.com/newsstand
https://newsstand.google.com/newsstand
https://newsstand.googleusercontent.com/newsstand
https://internal-newsstand.sandbox.google.com/newsstand
https://internal-newsstand-sandbox.googleusercontent.com/newsstand
https://demo-newsstand.sandbox.google.com/newsstand
https://demo-newsstand-sandbox.googleusercontent.com/newsstand
https://pubads.g.doubleclick.net/gampad/ads?sz=640x480&iu=/124319096/external/ad_rule_samples&ciu_szs=300x250&ad_rule=1&impl=s&gdfp_req=1&env=vp&output=vmap&unviewed_position_start=1&cust_params=deployment%3Ddevsite%26sample_ar%3Dpremidpost&cmsid=496&vid=short_onecue&correlator=
https://pubads.g.doubleclick.net/gampad/ads?sz=640x480&iu=/124319096/external/ad_rule_samples&ciu_szs=300x250&ad_rule=1&impl=s&gdfp_req=1&env=vp&output=vmap&unviewed_position_start=1&cust_params=deployment%3Ddevsite%26sample_ar%3Dpremidpost&cmsid=496&vid=short_onecue&correlator=
https://support.google.com/
https://www.youtube.com/watch?v=
https://www.youtube.com/watch?v=
https://www.google.com/newsstand/s/navigation/magazines
https://www.google.com/newsstand/s/navigation/library
https://www.google.com/newsstand/s/navigation/headlines
https://www.google.com/newsstand/s/navigation/highlights
https://www.googleapis.com/auth/games
https://www.google.com/search?q=world+cup+2018#sie=m;/g/11ggb35h86;2;/m/030q7;dt;fp;1
https://i.ytimg.com/vi/%s/maxresdefault.jpg
http://www.w3.org/ns/ttml#parameter
http://www.google.com/newsstand/s/%s
http://play.google.com/movies
http://demo-newsstand.sandbox.google.com/newsstand/s/posts/CAIiEAE0kzMvFKvq2-NYZlG8qqUqFQgEKg0IACoGCAowrqkBMKBFMI_CEg
http://google.com/newsstand/s/navigation/share
http://google.com/newsstand/s/navigation/share
http://demo-newsstand.sandbox.google.com/newsstand/s/CBIwrafPgSY
http://google.com/newsstand/s/navigation/bookmarkContent
http://google.com/producer/s/CBIw4JjFmCw
http://google.com/newsstand/s/navigation/highlights
http://google.com/newsstand/s/navigation/subscribe
http://google.com/producer/s/CBIwo5LVoSs
https://imasdk.googleapis.com/native/sdkloader/native_sdk_v3.html
https://imasdk.googleapis.com/native/sdkloader/native_sdk_v3_debug.html
http://www.dom.com/path?

[INTERNAL_LOG][2018-06-12 05:51:33,585][INFO][find_url_in_apk()] [END ALL URL INSIDE APK]
[INTERNAL_LOG][2018-06-12 05:51:33,590][INFO][check_method_conf()] [JavaScript enabled: True]

[INTERNAL_LOG][2018-06-12 05:51:33,590][INFO][check_method_conf()] [Add interface WebView: True]

[INTERNAL_LOG][2018-06-12 05:51:33,590][INFO][analyze_start()] This app might be not vulnerable on  attack frame confusion.
[INTERNAL_LOG][2018-06-12 05:51:33,590][INFO][analyze_start()] End time:[Tue Jun 12 05:51:33 2018]
