[INTERNAL_LOG][2018-06-12 06:17:00,501][INFO][analyze_start()] Init Time [Tue Jun 12 06:17:00 2018]
[INTERNAL_LOG][2018-06-12 06:17:00,528][INFO][is_hybird()] [Permission Enble Start]
[INTERNAL_LOG][2018-06-12 06:17:00,528][INFO][run()] Start Analysis
[INTERNAL_LOG][2018-06-12 06:17:00,529][INFO][is_hybird()] android.permission.INTERNET
[INTERNAL_LOG][2018-06-12 06:17:00,529][INFO][is_hybird()] android.permission.DOWNLOAD_WITHOUT_NOTIFICATION
[INTERNAL_LOG][2018-06-12 06:17:00,529][INFO][is_hybird()] android.permission.WRITE_EXTERNAL_STORAGE
[INTERNAL_LOG][2018-06-12 06:17:00,529][INFO][is_hybird()] com.google.android.providers.gsf.permission.READ_GSERVICES
[INTERNAL_LOG][2018-06-12 06:17:00,529][INFO][is_hybird()] android.permission.ACCESS_NETWORK_STATE
[INTERNAL_LOG][2018-06-12 06:17:00,529][INFO][is_hybird()] android.permission.GET_PACKAGE_SIZE
[INTERNAL_LOG][2018-06-12 06:17:00,529][INFO][is_hybird()] [Permission End]

[INTERNAL_LOG][2018-06-12 06:17:00,529][INFO][analyze_start()] TYPE APK: [ANDROID NATIVE]

[INTERNAL_LOG][2018-06-12 06:17:00,529][INFO][find_string()] [START FILE ANALYZE]
[INTERNAL_LOG][2018-06-12 06:17:00,529][INFO][find_string()] [END ANALYZE FILE]

[INTERNAL_LOG][2018-06-12 06:17:00,529][INFO][find_string()] [START FILE ANALYZE]
[INTERNAL_LOG][2018-06-12 06:17:00,529][INFO][find_string()] [END ANALYZE FILE]

[INTERNAL_LOG][2018-06-12 06:17:08,277][INFO][find_url_in_apk()] [START ALL URL INSIDE APK]
[INTERNAL_LOG][2018-06-12 06:17:08,277][INFO][find_url_in_apk()] https://plus.google.com/
https://www.google.com/speech-api/v2/synthesize?client=%s&lang=%s&rate=16000&speed=%f&pitch=%f&enc=speex&key=%s&engine=
https://www.google.com/speech-api/v2/synthesize?client=%s&lang=%s&rate=16000&speed=%f&pitch=%f&enc=speex&key=%s
https://www.googleapis.com/auth/games
http://schemas.android.com/apk/res/android
https://pagead2.googlesyndication.com/pagead/gen_204?id=gmob-apps
http://hostname/?
http://www.google-analytics.com
https://ssl.google-analytics.com

[INTERNAL_LOG][2018-06-12 06:17:08,277][INFO][find_url_in_apk()] [END ALL URL INSIDE APK]
[INTERNAL_LOG][2018-06-12 06:17:08,278][INFO][check_method_conf()] [JavaScript enabled: False]

[INTERNAL_LOG][2018-06-12 06:17:08,278][INFO][check_method_conf()] [Add interface WebView: False]

[INTERNAL_LOG][2018-06-12 06:17:08,278][INFO][analyze_start()] This app might be not vulnerable on  attack frame confusion.
[INTERNAL_LOG][2018-06-12 06:17:08,278][INFO][analyze_start()] End time:[Tue Jun 12 06:17:08 2018]
