[INTERNAL_LOG][2018-06-12 05:49:47,335][INFO][analyze_start()] Init Time [Tue Jun 12 05:49:47 2018]
[INTERNAL_LOG][2018-06-12 05:49:47,388][INFO][run()] Start Analysis
[INTERNAL_LOG][2018-06-12 05:49:47,389][INFO][is_hybird()] [Permission Enble Start]
[INTERNAL_LOG][2018-06-12 05:49:47,389][INFO][is_hybird()] android.permission.INTERNET
[INTERNAL_LOG][2018-06-12 05:49:47,389][INFO][is_hybird()] android.permission.WRITE_EXTERNAL_STORAGE
[INTERNAL_LOG][2018-06-12 05:49:47,389][INFO][is_hybird()] android.permission.READ_EXTERNAL_STORAGE
[INTERNAL_LOG][2018-06-12 05:49:47,389][INFO][is_hybird()] android.permission.GET_ACCOUNTS
[INTERNAL_LOG][2018-06-12 05:49:47,390][INFO][is_hybird()] android.permission.ACCESS_NETWORK_STATE
[INTERNAL_LOG][2018-06-12 05:49:47,390][INFO][is_hybird()] android.permission.USE_CREDENTIALS
[INTERNAL_LOG][2018-06-12 05:49:47,390][INFO][is_hybird()] android.permission.MANAGE_ACCOUNTS
[INTERNAL_LOG][2018-06-12 05:49:47,390][INFO][is_hybird()] android.permission.READ_SYNC_SETTINGS
[INTERNAL_LOG][2018-06-12 05:49:47,390][INFO][is_hybird()] android.permission.WRITE_SYNC_SETTINGS
[INTERNAL_LOG][2018-06-12 05:49:47,390][INFO][is_hybird()] android.permission.SUBSCRIBED_FEEDS_READ
[INTERNAL_LOG][2018-06-12 05:49:47,390][INFO][is_hybird()] android.permission.SUBSCRIBED_FEEDS_WRITE
[INTERNAL_LOG][2018-06-12 05:49:47,390][INFO][is_hybird()] android.permission.WAKE_LOCK
[INTERNAL_LOG][2018-06-12 05:49:47,390][INFO][is_hybird()] android.permission.GET_PACKAGE_SIZE
[INTERNAL_LOG][2018-06-12 05:49:47,390][INFO][is_hybird()] com.google.android.providers.gsf.permission.READ_GSERVICES
[INTERNAL_LOG][2018-06-12 05:49:47,390][INFO][is_hybird()] com.google.android.c2dm.permission.RECEIVE
[INTERNAL_LOG][2018-06-12 05:49:47,390][INFO][is_hybird()] com.google.android.apps.books.permission.C2D_MESSAGE
[INTERNAL_LOG][2018-06-12 05:49:47,390][INFO][is_hybird()] android.permission.RECEIVE_BOOT_COMPLETED
[INTERNAL_LOG][2018-06-12 05:49:47,390][INFO][is_hybird()] [Permission End]

[INTERNAL_LOG][2018-06-12 05:49:47,390][INFO][analyze_start()] TYPE APK: [ANDROID NATIVE]

[INTERNAL_LOG][2018-06-12 05:49:47,390][INFO][find_string()] [START FILE ANALYZE]
[INTERNAL_LOG][2018-06-12 05:49:47,390][INFO][find_string()] File: assets/spread_template.html
[INTERNAL_LOG][2018-06-12 05:49:47,392][INFO][find_string()] No iframe in assets/spread_template.html
[INTERNAL_LOG][2018-06-12 05:49:47,392][INFO][find_string()] [END ANALYZE FILE]

[INTERNAL_LOG][2018-06-12 05:49:47,392][INFO][find_string()] [START FILE ANALYZE]
[INTERNAL_LOG][2018-06-12 05:49:47,407][INFO][find_string()] File: assets/compiled.js
[INTERNAL_LOG][2018-06-12 05:49:47,429][INFO][find_string()] No iframe in assets/compiled.js
[INTERNAL_LOG][2018-06-12 05:49:47,430][INFO][find_string()] File: assets/spread.js
[INTERNAL_LOG][2018-06-12 05:49:47,430][INFO][find_string()] No iframe in assets/spread.js
[INTERNAL_LOG][2018-06-12 05:49:47,430][INFO][find_string()] File: assets/spread_compiled.js
[INTERNAL_LOG][2018-06-12 05:49:47,432][INFO][find_string()] No iframe in assets/spread_compiled.js
[INTERNAL_LOG][2018-06-12 05:49:47,432][INFO][find_string()] File: assets/webfontloader.js
[INTERNAL_LOG][2018-06-12 05:49:47,433][INFO][find_string()] No iframe in assets/webfontloader.js
[INTERNAL_LOG][2018-06-12 05:49:47,433][INFO][find_string()] [END ANALYZE FILE]

[INTERNAL_LOG][2018-06-12 05:50:39,256][INFO][find_url_in_apk()] [START ALL URL INSIDE APK]
[INTERNAL_LOG][2018-06-12 05:50:39,256][INFO][find_url_in_apk()] http://schemas.android.com/apk/res/android
http://www.w3.org/TR/SVG11/feature#
http://www.w3.org/1999/xlink
http://www.w3.org/1999/xlink
http://xml.org/sax/properties/lexical-handler
http://www.w3.org/2000/svg
http://www.w3.org/2000/svg
https://play.google.com/store/account
https://play.google.com/store/books/details?id=
https://play.google.com/store/books/
https://play.google.com/store/books/
https://play.google.com/store/books/
https://play.google.com/store/books/
http://schemas.google.com/books/2008#view_all_pages
http://schemas.google.com/books/2008#view_all_pages
http://schemas.google.com/books/2008#view_all_pages
http://schemas.google.com/books/2008#view_all_pages
http://schemas.google.com/books/2008#view_partial
http://schemas.google.com/books/2008#view_partial
http://schemas.google.com/books/2008#view_partial
http://schemas.google.com/books/2008#view_partial
http://schemas.google.com/books/2008#view_partial
http://schemas.google.com/books/2008#view_partial
http://schemas.google.com/books/2008#view_no_pages
http://schemas.google.com/books/2008#view_no_pages
http://schemas.google.com/books/2008#view_no_pages
http://schemas.google.com/books/2008#view_no_pages
http://schemas.google.com/books/2008#view_no_pages
http://schemas.google.com/books/2008#view_unknown
http://schemas.google.com/books/2008#view_unknown
http://schemas.google.com/books/2008#view_unknown
http://schemas.google.com/books/2008#view_unknown
http://schemas.google.com/books/2008#enabled
http://schemas.google.com/books/2008#enabled
http://schemas.google.com/books/2008#enabled
http://books.google.com/
https://books.google.com/
https://books.google.com/
https://books.google.com/
http://www.google.com/
https://encrypted.google.com/
https://encrypted.google.com/
http://xml.org/sax/features/namespaces
http://xml.org/sax/features/namespace-prefixes
https://android.googleapis.com/gcm/groups
http://www.google.com/insights/consumersurveys/async_survey
https://play.google.com/books/intl/privacy.html
http://support.google.com/mobile/?p=books_multipledevices
https://support.google.com/googleplay/?p=books_upload
http://support.google.com/mobile/?p=books_androidapp
http://support.google.com/mobile/?p=books_international
http://support.google.com/mobile/?p=market_privacy
https://play.google.com/intl/
http://support.google.com/mobile/?p=books_offlinelimit
https://play.google.com/books/listen
https://play.google.com/books/listen
https://play.google.com/store/
https://www.googleapis.com/books/v1
https://www.googleapis.com/books/v1
https://play.google.com/books/library/upload_h
https://play.google.com/books/library/upload_h
https://playbooks-pa.googleapis.com/v1
https://playbooks-pa.googleapis.com/v1
https://dogfood-playbooks-pa.sandbox.googleapis.com/v1
https://support.google.com/googleplay/?p=consumer_information
https://play.googleapis.com/play/log
https://play.googleapis.com/play/log
http://www.google.com/search
https://play.google.com/books
https://play.google.com/books
https://www.gstatic.com/booksbe/dict/en_0.db
https://accounts.google.com/OAuthLogin?issueuberauth=1
https://accounts.google.com/MergeSession
http://schemas.google.com/books/2008#disabled
http://side_
https://encrypted.google.com/books/feeds/users/me/collections/7/volumes
https://www.googleapis.com/language/translate/v2
https://www.googleapis.com/language/translate/v2
https://play.google.com/books/reader
https://play.google.com/books/series/
http://play.google.com/books/onboarding
https://pagead2.googlesyndication.com/pagead/gen_204?id=gmob-apps
http://www.google-analytics.com
https://ssl.google-analytics.com
https://plus.google.com/
https://app-measurement.com/a
https://play.googleapis.com/play/log/timestamp
https://android.clients.google.com/fdfe/
http://play.google.com/store/apps/details
https://www.google.com
http://www.w3.org/ns/ttml#parameter
https://www.googleapis.com/auth/games

[INTERNAL_LOG][2018-06-12 05:50:39,256][INFO][find_url_in_apk()] [END ALL URL INSIDE APK]
[INTERNAL_LOG][2018-06-12 05:50:39,269][INFO][check_method_conf()] [JavaScript enabled: True]

[INTERNAL_LOG][2018-06-12 05:50:39,269][INFO][check_method_conf()] [Add interface WebView: True]

[INTERNAL_LOG][2018-06-12 05:50:39,270][INFO][analyze_start()] This app might be not vulnerable on  attack frame confusion.
[INTERNAL_LOG][2018-06-12 05:50:39,270][INFO][analyze_start()] End time:[Tue Jun 12 05:50:39 2018]
