[INTERNAL_LOG][2018-06-12 05:05:49,626][INFO][analyze_start()] Init Time [Tue Jun 12 05:05:49 2018]
[INTERNAL_LOG][2018-06-12 05:05:49,712][INFO][run()] Start Analysis
[INTERNAL_LOG][2018-06-12 05:05:49,713][INFO][is_hybird()] [Permission Enble Start]
[INTERNAL_LOG][2018-06-12 05:05:49,713][INFO][is_hybird()] android.permission.INTERNET
[INTERNAL_LOG][2018-06-12 05:05:49,713][INFO][is_hybird()] android.permission.ACCESS_NETWORK_STATE
[INTERNAL_LOG][2018-06-12 05:05:49,713][INFO][is_hybird()] android.permission.WRITE_EXTERNAL_STORAGE
[INTERNAL_LOG][2018-06-12 05:05:49,713][INFO][is_hybird()] android.permission.WAKE_LOCK
[INTERNAL_LOG][2018-06-12 05:05:49,713][INFO][is_hybird()] android.permission.GET_ACCOUNTS
[INTERNAL_LOG][2018-06-12 05:05:49,713][INFO][is_hybird()] android.permission.USE_CREDENTIALS
[INTERNAL_LOG][2018-06-12 05:05:49,713][INFO][is_hybird()] android.permission.READ_CONTACTS
[INTERNAL_LOG][2018-06-12 05:05:49,713][INFO][is_hybird()] com.google.android.providers.gsf.permission.READ_GSERVICES
[INTERNAL_LOG][2018-06-12 05:05:49,713][INFO][is_hybird()] android.permission.READ_SYNC_SETTINGS
[INTERNAL_LOG][2018-06-12 05:05:49,714][INFO][is_hybird()] android.permission.WRITE_SYNC_SETTINGS
[INTERNAL_LOG][2018-06-12 05:05:49,714][INFO][is_hybird()] android.permission.VIBRATE
[INTERNAL_LOG][2018-06-12 05:05:49,714][INFO][is_hybird()] com.google.android.apps.docs.editors.kix.permission.WRITE_IMAGES
[INTERNAL_LOG][2018-06-12 05:05:49,714][INFO][is_hybird()] com.android.launcher.permission.INSTALL_SHORTCUT
[INTERNAL_LOG][2018-06-12 05:05:49,714][INFO][is_hybird()] android.permission.FOREGROUND_SERVICE
[INTERNAL_LOG][2018-06-12 05:05:49,714][INFO][is_hybird()] android.permission.MANAGE_ACCOUNTS
[INTERNAL_LOG][2018-06-12 05:05:49,714][INFO][is_hybird()] android.permission.READ_SYNC_STATS
[INTERNAL_LOG][2018-06-12 05:05:49,714][INFO][is_hybird()] com.google.android.gm.permission.READ_GMAIL
[INTERNAL_LOG][2018-06-12 05:05:49,714][INFO][is_hybird()] com.google.android.googleapps.permission.GOOGLE_AUTH
[INTERNAL_LOG][2018-06-12 05:05:49,714][INFO][is_hybird()] com.google.android.googleapps.permission.GOOGLE_AUTH.OTHER_SERVICES
[INTERNAL_LOG][2018-06-12 05:05:49,714][INFO][is_hybird()] com.google.android.googleapps.permission.GOOGLE_AUTH.ALL_SERVICES
[INTERNAL_LOG][2018-06-12 05:05:49,714][INFO][is_hybird()] com.google.android.googleapps.permission.GOOGLE_AUTH.writely
[INTERNAL_LOG][2018-06-12 05:05:49,714][INFO][is_hybird()] com.google.android.googleapps.permission.GOOGLE_AUTH.wise
[INTERNAL_LOG][2018-06-12 05:05:49,714][INFO][is_hybird()] com.google.android.apps.docs.editors.kix.permission.READ_MY_DATA
[INTERNAL_LOG][2018-06-12 05:05:49,714][INFO][is_hybird()] com.google.android.apps.docs.editors.kix.permission.SYNC_STATUS
[INTERNAL_LOG][2018-06-12 05:05:49,714][INFO][is_hybird()] [Permission End]

[INTERNAL_LOG][2018-06-12 05:05:49,714][INFO][analyze_start()] TYPE APK: [ANDROID NATIVE]

[INTERNAL_LOG][2018-06-12 05:05:49,714][INFO][find_string()] [START FILE ANALYZE]
[INTERNAL_LOG][2018-06-12 05:05:49,714][INFO][find_string()] File: res/raw/trix_offline.html
[INTERNAL_LOG][2018-06-12 05:05:49,715][INFO][find_string()] No iframe in res/raw/trix_offline.html
[INTERNAL_LOG][2018-06-12 05:05:49,716][INFO][find_string()] [END ANALYZE FILE]

[INTERNAL_LOG][2018-06-12 05:05:49,716][INFO][find_string()] [START FILE ANALYZE]
[INTERNAL_LOG][2018-06-12 05:05:49,716][INFO][find_string()] File: assets/cereal_android_bootstrap.js
[INTERNAL_LOG][2018-06-12 05:05:49,799][INFO][find_string()] No iframe in assets/cereal_android_bootstrap.js
[INTERNAL_LOG][2018-06-12 05:05:49,799][INFO][find_string()] File: assets/grait.js
[INTERNAL_LOG][2018-06-12 05:05:49,799][INFO][find_string()] No iframe in assets/grait.js
[INTERNAL_LOG][2018-06-12 05:05:49,799][INFO][find_string()] File: assets/kix_mobilenative_android_bundled.js
[INTERNAL_LOG][2018-06-12 05:07:07,396][INFO][find_string()] No iframe in assets/kix_mobilenative_android_bundled.js
[INTERNAL_LOG][2018-06-12 05:07:07,396][INFO][find_string()] File: assets/kix_mobilenative_android_integrated_bundled.js
[INTERNAL_LOG][2018-06-12 05:07:07,546][INFO][find_string()] No iframe in assets/kix_mobilenative_android_integrated_bundled.js
[INTERNAL_LOG][2018-06-12 05:07:07,546][INFO][find_string()] File: assets/messages/mobilenative_android_messages_af.js
[INTERNAL_LOG][2018-06-12 05:07:07,550][INFO][find_string()] No iframe in assets/messages/mobilenative_android_messages_af.js
[INTERNAL_LOG][2018-06-12 05:07:07,550][INFO][find_string()] File: assets/messages/mobilenative_android_messages_am.js
[INTERNAL_LOG][2018-06-12 05:07:07,557][INFO][find_string()] No iframe in assets/messages/mobilenative_android_messages_am.js
[INTERNAL_LOG][2018-06-12 05:07:07,557][INFO][find_string()] File: assets/messages/mobilenative_android_messages_ar.js
[INTERNAL_LOG][2018-06-12 05:07:07,568][INFO][find_string()] No iframe in assets/messages/mobilenative_android_messages_ar.js
[INTERNAL_LOG][2018-06-12 05:07:07,568][INFO][find_string()] File: assets/messages/mobilenative_android_messages_az.js
[INTERNAL_LOG][2018-06-12 05:07:07,573][INFO][find_string()] No iframe in assets/messages/mobilenative_android_messages_az.js
[INTERNAL_LOG][2018-06-12 05:07:07,574][INFO][find_string()] File: assets/messages/mobilenative_android_messages_be.js
[INTERNAL_LOG][2018-06-12 05:07:07,584][INFO][find_string()] No iframe in assets/messages/mobilenative_android_messages_be.js
[INTERNAL_LOG][2018-06-12 05:07:07,584][INFO][find_string()] File: assets/messages/mobilenative_android_messages_bg.js
[INTERNAL_LOG][2018-06-12 05:07:07,594][INFO][find_string()] No iframe in assets/messages/mobilenative_android_messages_bg.js
[INTERNAL_LOG][2018-06-12 05:07:07,594][INFO][find_string()] File: assets/messages/mobilenative_android_messages_bn.js
[INTERNAL_LOG][2018-06-12 05:07:07,603][INFO][find_string()] No iframe in assets/messages/mobilenative_android_messages_bn.js
[INTERNAL_LOG][2018-06-12 05:07:07,603][INFO][find_string()] File: assets/messages/mobilenative_android_messages_ca.js
[INTERNAL_LOG][2018-06-12 05:07:07,607][INFO][find_string()] No iframe in assets/messages/mobilenative_android_messages_ca.js
[INTERNAL_LOG][2018-06-12 05:07:07,608][INFO][find_string()] File: assets/messages/mobilenative_android_messages_cs.js
[INTERNAL_LOG][2018-06-12 05:07:07,612][INFO][find_string()] No iframe in assets/messages/mobilenative_android_messages_cs.js
[INTERNAL_LOG][2018-06-12 05:07:07,613][INFO][find_string()] File: assets/messages/mobilenative_android_messages_da.js
[INTERNAL_LOG][2018-06-12 05:07:07,617][INFO][find_string()] No iframe in assets/messages/mobilenative_android_messages_da.js
[INTERNAL_LOG][2018-06-12 05:07:07,617][INFO][find_string()] File: assets/messages/mobilenative_android_messages_de.js
[INTERNAL_LOG][2018-06-12 05:07:07,621][INFO][find_string()] No iframe in assets/messages/mobilenative_android_messages_de.js
[INTERNAL_LOG][2018-06-12 05:07:07,621][INFO][find_string()] File: assets/messages/mobilenative_android_messages_el.js
[INTERNAL_LOG][2018-06-12 05:07:07,631][INFO][find_string()] No iframe in assets/messages/mobilenative_android_messages_el.js
[INTERNAL_LOG][2018-06-12 05:07:07,631][INFO][find_string()] File: assets/messages/mobilenative_android_messages_en-GB.js
[INTERNAL_LOG][2018-06-12 05:07:07,635][INFO][find_string()] No iframe in assets/messages/mobilenative_android_messages_en-GB.js
[INTERNAL_LOG][2018-06-12 05:07:07,635][INFO][find_string()] File: assets/messages/mobilenative_android_messages_en.js
[INTERNAL_LOG][2018-06-12 05:07:07,639][INFO][find_string()] No iframe in assets/messages/mobilenative_android_messages_en.js
[INTERNAL_LOG][2018-06-12 05:07:07,640][INFO][find_string()] File: assets/messages/mobilenative_android_messages_es-419.js
[INTERNAL_LOG][2018-06-12 05:07:07,644][INFO][find_string()] No iframe in assets/messages/mobilenative_android_messages_es-419.js
[INTERNAL_LOG][2018-06-12 05:07:07,644][INFO][find_string()] File: assets/messages/mobilenative_android_messages_es.js
[INTERNAL_LOG][2018-06-12 05:07:07,648][INFO][find_string()] No iframe in assets/messages/mobilenative_android_messages_es.js
[INTERNAL_LOG][2018-06-12 05:07:07,648][INFO][find_string()] File: assets/messages/mobilenative_android_messages_et.js
[INTERNAL_LOG][2018-06-12 05:07:07,652][INFO][find_string()] No iframe in assets/messages/mobilenative_android_messages_et.js
[INTERNAL_LOG][2018-06-12 05:07:07,652][INFO][find_string()] File: assets/messages/mobilenative_android_messages_eu.js
[INTERNAL_LOG][2018-06-12 05:07:07,656][INFO][find_string()] No iframe in assets/messages/mobilenative_android_messages_eu.js
[INTERNAL_LOG][2018-06-12 05:07:07,656][INFO][find_string()] File: assets/messages/mobilenative_android_messages_fa.js
[INTERNAL_LOG][2018-06-12 05:07:07,664][INFO][find_string()] No iframe in assets/messages/mobilenative_android_messages_fa.js
[INTERNAL_LOG][2018-06-12 05:07:07,664][INFO][find_string()] File: assets/messages/mobilenative_android_messages_fi.js
[INTERNAL_LOG][2018-06-12 05:07:07,669][INFO][find_string()] No iframe in assets/messages/mobilenative_android_messages_fi.js
[INTERNAL_LOG][2018-06-12 05:07:07,669][INFO][find_string()] File: assets/messages/mobilenative_android_messages_fil.js
[INTERNAL_LOG][2018-06-12 05:07:07,673][INFO][find_string()] No iframe in assets/messages/mobilenative_android_messages_fil.js
[INTERNAL_LOG][2018-06-12 05:07:07,673][INFO][find_string()] File: assets/messages/mobilenative_android_messages_fr-CA.js
[INTERNAL_LOG][2018-06-12 05:07:07,679][INFO][find_string()] No iframe in assets/messages/mobilenative_android_messages_fr-CA.js
[INTERNAL_LOG][2018-06-12 05:07:07,679][INFO][find_string()] File: assets/messages/mobilenative_android_messages_fr.js
[INTERNAL_LOG][2018-06-12 05:07:07,684][INFO][find_string()] No iframe in assets/messages/mobilenative_android_messages_fr.js
[INTERNAL_LOG][2018-06-12 05:07:07,684][INFO][find_string()] File: assets/messages/mobilenative_android_messages_gl.js
[INTERNAL_LOG][2018-06-12 05:07:07,688][INFO][find_string()] No iframe in assets/messages/mobilenative_android_messages_gl.js
[INTERNAL_LOG][2018-06-12 05:07:07,688][INFO][find_string()] File: assets/messages/mobilenative_android_messages_gu.js
[INTERNAL_LOG][2018-06-12 05:07:07,696][INFO][find_string()] No iframe in assets/messages/mobilenative_android_messages_gu.js
[INTERNAL_LOG][2018-06-12 05:07:07,696][INFO][find_string()] File: assets/messages/mobilenative_android_messages_hi.js
[INTERNAL_LOG][2018-06-12 05:07:07,705][INFO][find_string()] No iframe in assets/messages/mobilenative_android_messages_hi.js
[INTERNAL_LOG][2018-06-12 05:07:07,705][INFO][find_string()] File: assets/messages/mobilenative_android_messages_hr.js
[INTERNAL_LOG][2018-06-12 05:07:07,710][INFO][find_string()] No iframe in assets/messages/mobilenative_android_messages_hr.js
[INTERNAL_LOG][2018-06-12 05:07:07,710][INFO][find_string()] File: assets/messages/mobilenative_android_messages_hu.js
[INTERNAL_LOG][2018-06-12 05:07:07,715][INFO][find_string()] No iframe in assets/messages/mobilenative_android_messages_hu.js
[INTERNAL_LOG][2018-06-12 05:07:07,715][INFO][find_string()] File: assets/messages/mobilenative_android_messages_hy.js
[INTERNAL_LOG][2018-06-12 05:07:07,724][INFO][find_string()] No iframe in assets/messages/mobilenative_android_messages_hy.js
[INTERNAL_LOG][2018-06-12 05:07:07,724][INFO][find_string()] File: assets/messages/mobilenative_android_messages_id.js
[INTERNAL_LOG][2018-06-12 05:07:07,728][INFO][find_string()] No iframe in assets/messages/mobilenative_android_messages_id.js
[INTERNAL_LOG][2018-06-12 05:07:07,728][INFO][find_string()] File: assets/messages/mobilenative_android_messages_is.js
[INTERNAL_LOG][2018-06-12 05:07:07,733][INFO][find_string()] No iframe in assets/messages/mobilenative_android_messages_is.js
[INTERNAL_LOG][2018-06-12 05:07:07,733][INFO][find_string()] File: assets/messages/mobilenative_android_messages_it.js
[INTERNAL_LOG][2018-06-12 05:07:07,737][INFO][find_string()] No iframe in assets/messages/mobilenative_android_messages_it.js
[INTERNAL_LOG][2018-06-12 05:07:07,737][INFO][find_string()] File: assets/messages/mobilenative_android_messages_iw.js
[INTERNAL_LOG][2018-06-12 05:07:07,746][INFO][find_string()] No iframe in assets/messages/mobilenative_android_messages_iw.js
[INTERNAL_LOG][2018-06-12 05:07:07,746][INFO][find_string()] File: assets/messages/mobilenative_android_messages_ja.js
[INTERNAL_LOG][2018-06-12 05:07:07,752][INFO][find_string()] No iframe in assets/messages/mobilenative_android_messages_ja.js
[INTERNAL_LOG][2018-06-12 05:07:07,752][INFO][find_string()] File: assets/messages/mobilenative_android_messages_ka.js
[INTERNAL_LOG][2018-06-12 05:07:07,761][INFO][find_string()] No iframe in assets/messages/mobilenative_android_messages_ka.js
[INTERNAL_LOG][2018-06-12 05:07:07,762][INFO][find_string()] File: assets/messages/mobilenative_android_messages_kk.js
[INTERNAL_LOG][2018-06-12 05:07:07,770][INFO][find_string()] No iframe in assets/messages/mobilenative_android_messages_kk.js
[INTERNAL_LOG][2018-06-12 05:07:07,770][INFO][find_string()] File: assets/messages/mobilenative_android_messages_km.js
[INTERNAL_LOG][2018-06-12 05:07:07,779][INFO][find_string()] No iframe in assets/messages/mobilenative_android_messages_km.js
[INTERNAL_LOG][2018-06-12 05:07:07,779][INFO][find_string()] File: assets/messages/mobilenative_android_messages_kn.js
[INTERNAL_LOG][2018-06-12 05:07:07,789][INFO][find_string()] No iframe in assets/messages/mobilenative_android_messages_kn.js
[INTERNAL_LOG][2018-06-12 05:07:07,789][INFO][find_string()] File: assets/messages/mobilenative_android_messages_ko.js
[INTERNAL_LOG][2018-06-12 05:07:07,794][INFO][find_string()] No iframe in assets/messages/mobilenative_android_messages_ko.js
[INTERNAL_LOG][2018-06-12 05:07:07,794][INFO][find_string()] File: assets/messages/mobilenative_android_messages_lo.js
[INTERNAL_LOG][2018-06-12 05:07:07,802][INFO][find_string()] No iframe in assets/messages/mobilenative_android_messages_lo.js
[INTERNAL_LOG][2018-06-12 05:07:07,802][INFO][find_string()] File: assets/messages/mobilenative_android_messages_lt.js
[INTERNAL_LOG][2018-06-12 05:07:07,808][INFO][find_string()] No iframe in assets/messages/mobilenative_android_messages_lt.js
[INTERNAL_LOG][2018-06-12 05:07:07,808][INFO][find_string()] File: assets/messages/mobilenative_android_messages_lv.js
[INTERNAL_LOG][2018-06-12 05:07:07,813][INFO][find_string()] No iframe in assets/messages/mobilenative_android_messages_lv.js
[INTERNAL_LOG][2018-06-12 05:07:07,813][INFO][find_string()] File: assets/messages/mobilenative_android_messages_ml.js
[INTERNAL_LOG][2018-06-12 05:07:07,823][INFO][find_string()] No iframe in assets/messages/mobilenative_android_messages_ml.js
[INTERNAL_LOG][2018-06-12 05:07:07,823][INFO][find_string()] File: assets/messages/mobilenative_android_messages_mn.js
[INTERNAL_LOG][2018-06-12 05:07:07,831][INFO][find_string()] No iframe in assets/messages/mobilenative_android_messages_mn.js
[INTERNAL_LOG][2018-06-12 05:07:07,831][INFO][find_string()] File: assets/messages/mobilenative_android_messages_mr.js
[INTERNAL_LOG][2018-06-12 05:07:07,840][INFO][find_string()] No iframe in assets/messages/mobilenative_android_messages_mr.js
[INTERNAL_LOG][2018-06-12 05:07:07,840][INFO][find_string()] File: assets/messages/mobilenative_android_messages_ms.js
[INTERNAL_LOG][2018-06-12 05:07:07,844][INFO][find_string()] No iframe in assets/messages/mobilenative_android_messages_ms.js
[INTERNAL_LOG][2018-06-12 05:07:07,844][INFO][find_string()] File: assets/messages/mobilenative_android_messages_ne.js
[INTERNAL_LOG][2018-06-12 05:07:07,852][INFO][find_string()] No iframe in assets/messages/mobilenative_android_messages_ne.js
[INTERNAL_LOG][2018-06-12 05:07:07,853][INFO][find_string()] File: assets/messages/mobilenative_android_messages_nl.js
[INTERNAL_LOG][2018-06-12 05:07:07,856][INFO][find_string()] No iframe in assets/messages/mobilenative_android_messages_nl.js
[INTERNAL_LOG][2018-06-12 05:07:07,856][INFO][find_string()] File: assets/messages/mobilenative_android_messages_no.js
[INTERNAL_LOG][2018-06-12 05:07:07,861][INFO][find_string()] No iframe in assets/messages/mobilenative_android_messages_no.js
[INTERNAL_LOG][2018-06-12 05:07:07,861][INFO][find_string()] File: assets/messages/mobilenative_android_messages_pa.js
[INTERNAL_LOG][2018-06-12 05:07:07,869][INFO][find_string()] No iframe in assets/messages/mobilenative_android_messages_pa.js
[INTERNAL_LOG][2018-06-12 05:07:07,869][INFO][find_string()] File: assets/messages/mobilenative_android_messages_pl.js
[INTERNAL_LOG][2018-06-12 05:07:07,874][INFO][find_string()] No iframe in assets/messages/mobilenative_android_messages_pl.js
[INTERNAL_LOG][2018-06-12 05:07:07,874][INFO][find_string()] File: assets/messages/mobilenative_android_messages_pt-BR.js
[INTERNAL_LOG][2018-06-12 05:07:07,879][INFO][find_string()] No iframe in assets/messages/mobilenative_android_messages_pt-BR.js
[INTERNAL_LOG][2018-06-12 05:07:07,879][INFO][find_string()] File: assets/messages/mobilenative_android_messages_pt-PT.js
[INTERNAL_LOG][2018-06-12 05:07:07,883][INFO][find_string()] No iframe in assets/messages/mobilenative_android_messages_pt-PT.js
[INTERNAL_LOG][2018-06-12 05:07:07,883][INFO][find_string()] File: assets/messages/mobilenative_android_messages_ro.js
[INTERNAL_LOG][2018-06-12 05:07:07,887][INFO][find_string()] No iframe in assets/messages/mobilenative_android_messages_ro.js
[INTERNAL_LOG][2018-06-12 05:07:07,887][INFO][find_string()] File: assets/messages/mobilenative_android_messages_ru.js
[INTERNAL_LOG][2018-06-12 05:07:07,898][INFO][find_string()] No iframe in assets/messages/mobilenative_android_messages_ru.js
[INTERNAL_LOG][2018-06-12 05:07:07,899][INFO][find_string()] File: assets/messages/mobilenative_android_messages_si.js
[INTERNAL_LOG][2018-06-12 05:07:07,907][INFO][find_string()] No iframe in assets/messages/mobilenative_android_messages_si.js
[INTERNAL_LOG][2018-06-12 05:07:07,907][INFO][find_string()] File: assets/messages/mobilenative_android_messages_sk.js
[INTERNAL_LOG][2018-06-12 05:07:07,912][INFO][find_string()] No iframe in assets/messages/mobilenative_android_messages_sk.js
[INTERNAL_LOG][2018-06-12 05:07:07,913][INFO][find_string()] File: assets/messages/mobilenative_android_messages_sl.js
[INTERNAL_LOG][2018-06-12 05:07:07,917][INFO][find_string()] No iframe in assets/messages/mobilenative_android_messages_sl.js
[INTERNAL_LOG][2018-06-12 05:07:07,917][INFO][find_string()] File: assets/messages/mobilenative_android_messages_sr.js
[INTERNAL_LOG][2018-06-12 05:07:07,927][INFO][find_string()] No iframe in assets/messages/mobilenative_android_messages_sr.js
[INTERNAL_LOG][2018-06-12 05:07:07,927][INFO][find_string()] File: assets/messages/mobilenative_android_messages_sv.js
[INTERNAL_LOG][2018-06-12 05:07:07,931][INFO][find_string()] No iframe in assets/messages/mobilenative_android_messages_sv.js
[INTERNAL_LOG][2018-06-12 05:07:07,931][INFO][find_string()] File: assets/messages/mobilenative_android_messages_sw.js
[INTERNAL_LOG][2018-06-12 05:07:07,935][INFO][find_string()] No iframe in assets/messages/mobilenative_android_messages_sw.js
[INTERNAL_LOG][2018-06-12 05:07:07,935][INFO][find_string()] File: assets/messages/mobilenative_android_messages_ta.js
[INTERNAL_LOG][2018-06-12 05:07:07,945][INFO][find_string()] No iframe in assets/messages/mobilenative_android_messages_ta.js
[INTERNAL_LOG][2018-06-12 05:07:07,945][INFO][find_string()] File: assets/messages/mobilenative_android_messages_te.js
[INTERNAL_LOG][2018-06-12 05:07:07,954][INFO][find_string()] No iframe in assets/messages/mobilenative_android_messages_te.js
[INTERNAL_LOG][2018-06-12 05:07:07,954][INFO][find_string()] File: assets/messages/mobilenative_android_messages_th.js
[INTERNAL_LOG][2018-06-12 05:07:07,962][INFO][find_string()] No iframe in assets/messages/mobilenative_android_messages_th.js
[INTERNAL_LOG][2018-06-12 05:07:07,962][INFO][find_string()] File: assets/messages/mobilenative_android_messages_tr.js
[INTERNAL_LOG][2018-06-12 05:07:07,966][INFO][find_string()] No iframe in assets/messages/mobilenative_android_messages_tr.js
[INTERNAL_LOG][2018-06-12 05:07:07,966][INFO][find_string()] File: assets/messages/mobilenative_android_messages_uk.js
[INTERNAL_LOG][2018-06-12 05:07:07,977][INFO][find_string()] No iframe in assets/messages/mobilenative_android_messages_uk.js
[INTERNAL_LOG][2018-06-12 05:07:07,977][INFO][find_string()] File: assets/messages/mobilenative_android_messages_ur.js
[INTERNAL_LOG][2018-06-12 05:07:07,985][INFO][find_string()] No iframe in assets/messages/mobilenative_android_messages_ur.js
[INTERNAL_LOG][2018-06-12 05:07:07,985][INFO][find_string()] File: assets/messages/mobilenative_android_messages_vi.js
[INTERNAL_LOG][2018-06-12 05:07:07,991][INFO][find_string()] No iframe in assets/messages/mobilenative_android_messages_vi.js
[INTERNAL_LOG][2018-06-12 05:07:07,991][INFO][find_string()] File: assets/messages/mobilenative_android_messages_zh-CN.js
[INTERNAL_LOG][2018-06-12 05:07:07,995][INFO][find_string()] No iframe in assets/messages/mobilenative_android_messages_zh-CN.js
[INTERNAL_LOG][2018-06-12 05:07:07,995][INFO][find_string()] File: assets/messages/mobilenative_android_messages_zh-HK.js
[INTERNAL_LOG][2018-06-12 05:07:08,000][INFO][find_string()] No iframe in assets/messages/mobilenative_android_messages_zh-HK.js
[INTERNAL_LOG][2018-06-12 05:07:08,000][INFO][find_string()] File: assets/messages/mobilenative_android_messages_zh-TW.js
[INTERNAL_LOG][2018-06-12 05:07:08,005][INFO][find_string()] No iframe in assets/messages/mobilenative_android_messages_zh-TW.js
[INTERNAL_LOG][2018-06-12 05:07:08,005][INFO][find_string()] File: assets/messages/mobilenative_android_messages_zu.js
[INTERNAL_LOG][2018-06-12 05:07:08,010][INFO][find_string()] No iframe in assets/messages/mobilenative_android_messages_zu.js
[INTERNAL_LOG][2018-06-12 05:07:08,010][INFO][find_string()] File: assets/promo/promo.js
[INTERNAL_LOG][2018-06-12 05:07:08,010][INFO][find_string()] No iframe in assets/promo/promo.js
[INTERNAL_LOG][2018-06-12 05:07:08,010][INFO][find_string()] File: assets/syncapp_mobilenative_android_bundled.js
[INTERNAL_LOG][2018-06-12 05:07:08,025][INFO][find_string()] No iframe in assets/syncapp_mobilenative_android_bundled.js
[INTERNAL_LOG][2018-06-12 05:07:08,025][INFO][find_string()] File: assets/welcome/welcome.js
[INTERNAL_LOG][2018-06-12 05:07:08,025][INFO][find_string()] No iframe in assets/welcome/welcome.js
[INTERNAL_LOG][2018-06-12 05:07:08,025][INFO][find_string()] [END ANALYZE FILE]

[INTERNAL_LOG][2018-06-12 05:07:18,728][INFO][find_url_in_apk()] [START ALL URL INSIDE APK]
[INTERNAL_LOG][2018-06-12 05:07:18,729][INFO][find_url_in_apk()] http://schemas.android.com/apk/res/android
http://schemas.android.com/apk/res/android
http://schemas.android.com/apk/res/android
http://schemas.android.com/apk/res/android
http://schemas.android.com/apk/res/android
http://schemas.android.com/apk/res/android
http://www.w3.org/TR/SVG11/feature#
http://www.w3.org/1999/xlink
http://www.w3.org/1999/xlink
http://xml.org/sax/properties/lexical-handler
http://www.w3.org/2000/svg
http://www.w3.org/2000/svg
https://csi.gstatic.com/csi
https://play.google.com/store/apps/details?id=
https://play.google.com/store/apps/details?id=
https://play.google.com/store/apps/details?id=
https://drive.google.com/open?id=
https://ssl.gstatic.com/docs/android/
https://ssl.gstatic.com/docs/android/editors/docs/
https://www.google.com/settings/storage?hl=%s
https://www.google.com/intl/%s/policies/terms/
https://www.google.com/intl/%s/policies/terms/
https://www.google.com/cloudprint/tools/convertdocument
https://play.google.com/store/apps/details?id=%1$s&rdid=%1$s&rdot=%2$d
http://fake.com/?e=
http://localhost:8080
http://localhost:8080
https://icing.drive.google.com/open?id=
https://drive.google.com/?androidweblogin
https://accounts\.google(\.co(m?))?(\.\w{2})?/.*
https://support.google.com/drive?hl=%s&p=team_drives
https://support.google.com/drive?p=backup_and_sync_signin
https://support.google.com/drive?hl=%s&p=share_photos
http://schemas.openxmlformats.org/officeDocument/2006/relationships/officeDocument
http://schemas.openxmlformats.org/officeDocument/2006/relationships/officeDocument
http://schemas.openxmlformats.org/officeDocument/2006/relationships/officeDocument
https://docs.google.com/document/d/%s/edit
https://support.google.com/docs/answer/179738
https://support.google.com/docs/topic/4525998
https://support.google.com/docs/topic/4525998
https://docs.google.com
https://docs.google.com
https://docs.google.com
https://docs.google.com
https://docs.google.com
https://docs.sandbox.google.com
https://docs.google.com/
https://www.google.com/supported_domains
https://www.google.com/supported_domains
https://www.google.com/search
https://support.google.com/docs/topic/4526285
https://support.google.com/docs/topic/6042798
https://goto.google.com/sd-learn
https://play.google.com/store/apps/collection/
https://docs.google.com/feeds/download/drawings/Export?id=%s&exportFormat=pdf
https://docs.google.com/feeds/download/documents/export/Export?id=%s&exportFormat=pdf&format=pdf
https://docs.google.com/spreadsheets/export?id=%s&exportFormat=pdf
https://docs.google.com/feeds/download/presentations/Export?id=%s&exportFormat=pdf
https://support.google.com/drive/answer/7286514?hl=%s
https://support.google.com/drive/answer/148505
https://www.google.com/intl/%s/policies/privacy/
https://drive.google.com/abuse
https://www.googleapis.com/auth/drive.metadata.readonly
https://www.googleapis.com/auth/drive.readonly
https://www.googleapis.com/auth/activity
https://www.googleapis.com/auth/activity
https://docs.google.com/feeds
https://docs.googleusercontent.com
https://spreadsheets.google.com/feeds
https://www.googleapis.com/auth/cloudprint
https://www.googleapis.com/auth/discussions
https://www.googleapis.com/auth/docs
https://www.googleapis.com/auth/drive.apps
https://www.googleapis.com/auth/memento
https://www.googleapis.com/auth/spreadsheets
https://www.googleapis.com/auth/vouchers
https://www.googleapis.com/auth/plus.me
https://www.googleapis.com/auth/plus.native
https://www.googleapis.com/auth/gmail.readonly
https://www.googleapis.com/auth/drive
https://www.googleapis.com/auth/drive
https://www.googleapis.com/auth/drive.file
http://this.is-a-simple-domain-xyzzy.name
http://support.google.com/drive/?hl=%s&p=drive_mobile_data
https://support.google.com/drive?hl=%s&p=drive_view_comments
https://support.google.com/drive?hl=%s&p=drive_view_comments
https://drive.google.com/folderview?id=%1$s
https://lh3.googleusercontent.com/d/
https://www.googleapis.com/voucherredemption/v1/products
https://pagead2.googlesyndication.com/pagead/gen_204?id=gmob-apps
http://www.google-analytics.com
https://ssl.google-analytics.com
https://www.googleapis.com/auth/games_lite
https://www.googleapis.com/auth/games
https://plus.google.com/
https://www.googleapis.com/auth/admin.directory.user.security.appaccesssettings
https://clients4.google.com/insights/consumersurveys/gk/prompt
https://www.googleapis.com/auth/youtube
https://www.googleapis.com/auth/youtube.readonly
https://drive.google.com/settings/storage-upgrade
https://www.googleapis.com/batch
http://google.com/
https://www.googleapis.com/
https://www.googleapis.com/
https://www.googleapis.com/
https://www.googleapis.com/
http://schemas.microsoft.com/office/word
http://schemas.openxmlformats.org/officeDocument/2006/relationships/image
http://schemas.openxmlformats.org/officeDocument/2006/relationships/image
http://schemas.openxmlformats.org/officeDocument/2006/relationships/image
http://schemas.openxmlformats.org/officeDocument/2006/relationships/image
http://schemas.openxmlformats.org/officeDocument/2006/relationships/image
http://schemas.openxmlformats.org/officeDocument/2006/relationships/image
http://schemas.openxmlformats.org/officeDocument/2006/relationships/image
http://schemas.openxmlformats.org/officeDocument/2006/relationships/image
http://schemas.openxmlformats.org/officeDocument/2006/relationships/image
http://schemas.openxmlformats.org/officeDocument/2006/relationships/image
http://schemas.openxmlformats.org/officeDocument/2006/relationships/image
http://schemas.openxmlformats.org/officeDocument/2006/relationships/image
http://schemas.openxmlformats.org/officeDocument/2006/relationships/image
http://schemas.openxmlformats.org/officeDocument/2006/relationships/oleObject
http://schemas.openxmlformats.org/officeDocument/2006/relationships/oleObject
http://schemas.openxmlformats.org/officeDocument/2006/relationships/oleObject
http://schemas.openxmlformats.org/officeDocument/2006/relationships/oleObject
http://schemas.openxmlformats.org/officeDocument/2006/relationships/oleObject
http://schemas.openxmlformats.org/officeDocument/2006/relationships/oleObject
http://schemas.openxmlformats.org/officeDocument/2006/relationships/oleObject
http://schemas.openxmlformats.org/officeDocument/2006/relationships/oleObject
http://schemas.openxmlformats.org/officeDocument/2006/relationships/oleObject
http://schemas.openxmlformats.org/officeDocument/2006/relationships/package
http://schemas.openxmlformats.org/officeDocument/2006/relationships/package
http://schemas.openxmlformats.org/officeDocument/2006/relationships/package
http://schemas.openxmlformats.org/officeDocument/2006/relationships/package
http://schemas.openxmlformats.org/officeDocument/2006/relationships/package
http://schemas.openxmlformats.org/officeDocument/2006/relationships/package
http://schemas.openxmlformats.org/officeDocument/2006/relationships/chartUserShapes
http://schemas.openxmlformats.org/officeDocument/2006/relationships/chartUserShapes
http://schemas.openxmlformats.org/officeDocument/2006/relationships/chartUserShapes
http://schemas.openxmlformats.org/officeDocument/2006/relationships/themeOverride
http://schemas.openxmlformats.org/officeDocument/2006/relationships/themeOverride
http://schemas.openxmlformats.org/officeDocument/2006/relationships/themeOverride
http://schemas.openxmlformats.org/officeDocument/2006/relationships/themeOverride
http://schemas.openxmlformats.org/officeDocument/2006/relationships/themeOverride
http://schemas.openxmlformats.org/officeDocument/2006/relationships/themeOverride
http://schemas.openxmlformats.org/officeDocument/2006/relationships/themeOverride
http://schemas.openxmlformats.org/officeDocument/2006/relationships/themeOverride
http://schemas.microsoft.com/office/2011/relationships/chartColorStyle
http://schemas.microsoft.com/office/2011/relationships/chartColorStyle
http://schemas.microsoft.com/office/2011/relationships/chartColorStyle
http://schemas.microsoft.com/office/2011/relationships/chartColorStyle
http://schemas.microsoft.com/office/2011/relationships/chartColorStyle
http://schemas.microsoft.com/office/2011/relationships/chartColorStyle
http://schemas.microsoft.com/office/2011/relationships/chartStyle
http://schemas.microsoft.com/office/2011/relationships/chartStyle
http://schemas.microsoft.com/office/2011/relationships/chartStyle
http://schemas.microsoft.com/office/2011/relationships/chartStyle
http://schemas.microsoft.com/office/2011/relationships/chartStyle
http://schemas.microsoft.com/office/2011/relationships/chartStyle
http://schemas.openxmlformats.org/officeDocument/2006/relationships/customXml
http://schemas.openxmlformats.org/officeDocument/2006/relationships/customXml
http://schemas.openxmlformats.org/officeDocument/2006/relationships/customXml
http://schemas.openxmlformats.org/officeDocument/2006/relationships/customXml
http://schemas.openxmlformats.org/officeDocument/2006/relationships/customXml
http://schemas.openxmlformats.org/officeDocument/2006/relationships/webSettings
http://schemas.openxmlformats.org/officeDocument/2006/relationships/webSettings
http://schemas.openxmlformats.org/officeDocument/2006/relationships/webSettings
http://schemas.openxmlformats.org/officeDocument/2006/relationships/webSettings
http://schemas.openxmlformats.org/officeDocument/2006/relationships/webSettings
http://schemas.microsoft.com/office/2007/relationships/stylesWithEffects
http://schemas.openxmlformats.org/officeDocument/2006/relationships/glossaryDocument
http://schemas.openxmlformats.org/officeDocument/2006/relationships/glossaryDocument
http://schemas.openxmlformats.org/officeDocument/2006/relationships/glossaryDocument
http://schemas.openxmlformats.org/officeDocument/2006/relationships/hyperlink
http://schemas.openxmlformats.org/officeDocument/2006/relationships/hyperlink
http://schemas.openxmlformats.org/officeDocument/2006/relationships/hyperlink
http://schemas.openxmlformats.org/officeDocument/2006/relationships/hyperlink
http://schemas.openxmlformats.org/officeDocument/2006/relationships/hyperlink
http://schemas.openxmlformats.org/officeDocument/2006/relationships/hyperlink
http://schemas.openxmlformats.org/officeDocument/2006/relationships/hyperlink
http://schemas.openxmlformats.org/officeDocument/2006/relationships/diagramData
http://schemas.openxmlformats.org/officeDocument/2006/relationships/diagramData
http://schemas.openxmlformats.org/officeDocument/2006/relationships/diagramData
http://schemas.openxmlformats.org/officeDocument/2006/relationships/diagramData
http://schemas.openxmlformats.org/officeDocument/2006/relationships/diagramLayout
http://schemas.openxmlformats.org/officeDocument/2006/relationships/diagramLayout
http://schemas.openxmlformats.org/officeDocument/2006/relationships/diagramLayout
http://schemas.openxmlformats.org/officeDocument/2006/relationships/diagramColors
http://schemas.openxmlformats.org/officeDocument/2006/relationships/diagramColors
http://schemas.openxmlformats.org/officeDocument/2006/relationships/diagramColors
http://schemas.openxmlformats.org/officeDocument/2006/relationships/diagramQuickStyle
http://schemas.openxmlformats.org/officeDocument/2006/relationships/diagramQuickStyle
http://schemas.openxmlformats.org/officeDocument/2006/relationships/diagramQuickStyle
http://schemas.microsoft.com/office/2007/relationships/diagramDrawing
http://schemas.microsoft.com/office/2007/relationships/diagramDrawing
http://schemas.microsoft.com/office/2007/relationships/diagramDrawing
http://schemas.microsoft.com/office/2007/relationships/diagramDrawing
http://schemas.microsoft.com/office/2007/relationships/diagramDrawing
http://schemas.microsoft.com/office/2007/relationships/diagramDrawing
https://script-pa.googleapis.com/v0/addons/review/list:approved
http://www.w3.org/XML/1998/namespace
http://www.w3.org/2000/xmlns/
http://schemas.openxmlformats.org/drawingml/2006/main
http://schemas.openxmlformats.org/officeDocument/2006/bibliography
http://schemas.openxmlformats.org/drawingml/2006/chart
http://schemas.openxmlformats.org/package/2006/metadata/core-properties
http://schemas.openxmlformats.org/drawingml/2006/compatibility
http://schemas.openxmlformats.org/drawingml/2006/chartDrawing
http://purl.org/dc/elements/1.1/
http://purl.org/dc/dcmitype/
http://purl.org/dc/terms/
http://schemas.openxmlformats.org/drawingml/2006/diagram
http://schemas.openxmlformats.org/drawingml/2006/diagram
http://schemas.openxmlformats.org/drawingml/2006/diagram
http://schemas.openxmlformats.org/drawingml/2006/diagram
http://schemas.openxmlformats.org/drawingml/2006/diagram
http://schemas.openxmlformats.org/drawingml/2006/diagram
http://schemas.openxmlformats.org/drawingml/2006/diagram
http://schemas.openxmlformats.org/drawingml/2006/diagram
http://schemas.openxmlformats.org/drawingml/2006/diagram
http://schemas.openxmlformats.org/drawingml/2006/diagram
http://schemas.openxmlformats.org/drawingml/2006/diagram
http://schemas.microsoft.com/office/drawing/2008/diagram
http://schemas.openxmlformats.org/officeDocument/2006/customXml
http://schemas.openxmlformats.org/officeDocument/2006/customXml
http://schemas.openxmlformats.org/officeDocument/2006/customXml
http://schemas.openxmlformats.org/officeDocument/2006/math
http://schemas.openxmlformats.org/presentationml/2006/main
http://schemas.openxmlformats.org/drawingml/2006/picture
http://schemas.openxmlformats.org/officeDocument/2006/relationships
http://schemas.openxmlformats.org/officeDocument/2006/sharedTypes
http://schemas.openxmlformats.org/schemaLibrary/2006/main
http://schemas.openxmlformats.org/markup-compatibility/2006
http://schemas.openxmlformats.org/markup-compatibility/2006
http://schemas.openxmlformats.org/officeDocument/2006/docPropsVTypes
http://schemas.openxmlformats.org/wordprocessingml/2006/main
http://schemas.openxmlformats.org/drawingml/2006/wordprocessingDrawing
http://schemas.openxmlformats.org/drawingml/2006/spreadsheetDrawing
http://www.w3.org/2001/XMLSchema
http://www.w3.org/2001/XMLSchema-instance
http://schemas.microsoft.com/office/word/2006/wordml
http://schemas.openxmlformats.org/package/2006/content-types
http://schemas.openxmlformats.org/package/2006/content-types
http://schemas.openxmlformats.org/officeDocument/2006/extended-properties
http://schemas.openxmlformats.org/officeDocument/2006/extended-properties
http://schemas.openxmlformats.org/package/2006/relationships
http://schemas.openxmlformats.org/package/2006/relationships
http://schemas.openxmlformats.org/spreadsheetml/2006/main
http://schemas.microsoft.com/office/powerpoint/2010/main
http://schemas.microsoft.com/office/drawing/2010/main
http://schemas.microsoft.com/office/drawing/2010/main
http://schemas.microsoft.com/office/drawing/2007/8/2/chart
http://schemas.microsoft.com/office/word/2009/2/wordml
http://schemas.microsoft.com/office/word/2009/2/wordml
http://schemas.microsoft.com/office/word/2009/3/wordml
http://schemas.microsoft.com/office/word/2009/3/wordml
http://schemas.microsoft.com/office/word/2010/wordprocessingCanvas
http://schemas.microsoft.com/office/word/2010/wordprocessingDrawing
http://schemas.microsoft.com/office/word/2010/wordprocessingDrawing
http://schemas.microsoft.com/office/word/2010/wordml
http://schemas.microsoft.com/office/word/2010/wordml
http://schemas.microsoft.com/office/word/2010/wordprocessingGroup
http://schemas.microsoft.com/office/word/2010/wordprocessingGroup
http://schemas.microsoft.com/office/word/2010/wordprocessingInk
http://schemas.microsoft.com/office/word/2010/wordprocessingInk
http://schemas.microsoft.com/office/word/2010/wordprocessingShape
http://schemas.microsoft.com/office/word/2010/wordprocessingShape
http://schemas.microsoft.com/office/spreadsheetml/2009/9/main
http://schemas.microsoft.com/office/spreadsheetml/2009/9/ac
http://schemas.microsoft.com/office/spreadsheetml/2008/2/ac
http://schemas.microsoft.com/office/excel/2006/main
http://schemas.microsoft.com/office/drawing/2010/slicer
http://schemas.microsoft.com/office/2009/07/customui
http://schemas.microsoft.com/internal.obd
http://schemas.microsoft.com/office/powerpoint/2012/main
http://schemas.microsoft.com/office/word/2012/wordml
http://schemas.microsoft.com/office/drawing/2014/chartex
http://schemas.microsoft.com/office/drawing/2015/9/8/chartex
http://schemas.microsoft.com/office/drawing/2012/chartStyle
http://schemas.openxmlformats.org/officeDocument/2006/custom-properties
http://schemas.openxmlformats.org/officeDocument/2006/custom-properties
http://schemas.microsoft.com/office/2006/activeX
http://schemas.microsoft.com/office/mac/excel/2008/main
http://schemas.openxmlformats.org/drawingml/2006/lockedCanvas
http://schemas.microsoft.com/office/2006/metadata/properties/metaAttributes
http://customooxmlschemas.google.com/
http://schemas.openxmlformats.org/presentationml/2006/3/main
http://schemas.openxmlformats.org/drawingml/2006/3/main
http://customschemas.google.com/relationships/workbookmetadata
http://customschemas.google.com/relationships/presentationmetadata
http://schemas.openxmlformats.org/officeDocument/2006/relationships/chart
http://schemas.openxmlformats.org/officeDocument/2006/relationships/chart
http://schemas.openxmlformats.org/officeDocument/2006/relationships/chart
http://schemas.microsoft.com/office/2014/relationships/chartEx
http://schemas.microsoft.com/office/mac/drawingml/2008/main
http://schemas.openxmlformats.org/officeDocument/2006/relationships/audio
http://schemas.openxmlformats.org/officeDocument/2006/relationships/font
http://schemas.openxmlformats.org/officeDocument/2006/relationships/font
http://schemas.openxmlformats.org/officeDocument/2006/relationships/handoutMaster
http://schemas.openxmlformats.org/officeDocument/2006/relationships/notesMaster
http://schemas.openxmlformats.org/officeDocument/2006/relationships/notesMaster
http://schemas.openxmlformats.org/officeDocument/2006/relationships/notesMaster
http://schemas.openxmlformats.org/officeDocument/2006/relationships/theme
http://schemas.openxmlformats.org/officeDocument/2006/relationships/theme
http://schemas.openxmlformats.org/officeDocument/2006/relationships/theme
http://schemas.openxmlformats.org/officeDocument/2006/relationships/theme
http://schemas.openxmlformats.org/officeDocument/2006/relationships/theme
http://schemas.openxmlformats.org/officeDocument/2006/relationships/theme
http://schemas.openxmlformats.org/officeDocument/2006/relationships/theme
http://schemas.openxmlformats.org/officeDocument/2006/relationships/theme
http://schemas.openxmlformats.org/officeDocument/2006/relationships/theme
http://schemas.openxmlformats.org/officeDocument/2006/relationships/theme
http://schemas.openxmlformats.org/officeDocument/2006/relationships/theme
http://schemas.openxmlformats.org/officeDocument/2006/relationships/theme
http://schemas.openxmlformats.org/officeDocument/2006/relationships/theme
http://schemas.openxmlformats.org/officeDocument/2006/relationships/viewProps
http://schemas.openxmlformats.org/officeDocument/2006/relationships/viewProps
http://schemas.openxmlformats.org/officeDocument/2006/relationships/presProps
http://schemas.openxmlformats.org/officeDocument/2006/relationships/presProps
http://schemas.openxmlformats.org/officeDocument/2006/relationships/tableStyles
http://schemas.openxmlformats.org/officeDocument/2006/relationships/tableStyles
http://schemas.openxmlformats.org/officeDocument/2006/relationships/commentAuthors
http://schemas.openxmlformats.org/officeDocument/2006/relationships/commentAuthors
http://schemas.openxmlformats.org/officeDocument/2006/relationships/printerSettings
http://schemas.openxmlformats.org/officeDocument/2006/relationships/printerSettings
http://schemas.openxmlformats.org/officeDocument/2006/relationships/printerSettings
http://schemas.openxmlformats.org/officeDocument/2006/relationships/printerSettings
http://schemas.microsoft.com/office/2006/relationships/vbaProject
http://schemas.microsoft.com/office/2006/relationships/vbaProject
http://schemas.microsoft.com/office/2006/relationships/vbaProject
http://schemas.microsoft.com/office/2006/relationships/vbaProject
http://schemas.openxmlformats.org/officeDocument/2006/relationships/slide
http://schemas.openxmlformats.org/officeDocument/2006/relationships/slide
http://schemas.openxmlformats.org/officeDocument/2006/relationships/slide
http://schemas.openxmlformats.org/officeDocument/2006/relationships/slide
http://schemas.openxmlformats.org/officeDocument/2006/relationships/slideMaster
http://schemas.openxmlformats.org/officeDocument/2006/relationships/slideMaster
http://schemas.openxmlformats.org/officeDocument/2006/relationships/slideMaster
http://schemas.openxmlformats.org/officeDocument/2006/relationships/tags
http://schemas.openxmlformats.org/officeDocument/2006/relationships/slideLayout
http://schemas.openxmlformats.org/officeDocument/2006/relationships/slideLayout
http://schemas.openxmlformats.org/officeDocument/2006/relationships/slideLayout
http://schemas.openxmlformats.org/officeDocument/2006/relationships/notesSlide
http://schemas.openxmlformats.org/officeDocument/2006/relationships/notesSlide
http://schemas.openxmlformats.org/officeDocument/2006/relationships/comments
http://schemas.openxmlformats.org/officeDocument/2006/relationships/comments
http://schemas.openxmlformats.org/officeDocument/2006/relationships/comments
http://schemas.openxmlformats.org/officeDocument/2006/relationships/comments
http://schemas.openxmlformats.org/officeDocument/2006/relationships/comments
http://schemas.openxmlformats.org/officeDocument/2006/relationships/comments
http://schemas.openxmlformats.org/officeDocument/2006/relationships/comments
http://schemas.openxmlformats.org/officeDocument/2006/relationships/comments
http://schemas.openxmlformats.org/officeDocument/2006/relationships/comments
http://schemas.openxmlformats.org/officeDocument/2006/relationships/comments
http://schemas.openxmlformats.org/officeDocument/2006/relationships/comments
http://schemas.openxmlformats.org/officeDocument/2006/relationships/vmlDrawing
http://schemas.openxmlformats.org/officeDocument/2006/relationships/vmlDrawing
http://schemas.openxmlformats.org/officeDocument/2006/relationships/vmlDrawing
http://schemas.openxmlformats.org/officeDocument/2006/relationships/vmlDrawing
http://schemas.openxmlformats.org/officeDocument/2006/relationships/vmlDrawing
http://schemas.openxmlformats.org/officeDocument/2006/relationships/vmlDrawing
http://schemas.openxmlformats.org/officeDocument/2006/relationships/vmlDrawing
http://schemas.openxmlformats.org/officeDocument/2006/relationships/vmlDrawing
http://schemas.openxmlformats.org/officeDocument/2006/relationships/customXmlProps
http://schemas.openxmlformats.org/officeDocument/2006/relationships/customXmlProps
http://schemas.microsoft.com/office/2006/relationships/activeXControlBinary
http://schemas.microsoft.com/office/2006/relationships/activeXControlBinary
http://schemas.openxmlformats.org/officeDocument/2006/relationships/pivotCacheRecords
http://schemas.openxmlformats.org/officeDocument/2006/relationships/pivotCacheDefinition
http://schemas.openxmlformats.org/officeDocument/2006/relationships/pivotCacheDefinition
http://schemas.openxmlformats.org/officeDocument/2006/relationships/pivotCacheDefinition
http://schemas.openxmlformats.org/officeDocument/2006/relationships/externalLinkPath
http://schemas.openxmlformats.org/officeDocument/2006/relationships/externalLinkPath
http://schemas.openxmlformats.org/officeDocument/2006/relationships/revisionLog
http://schemas.microsoft.com/office/2006/relationships/xlExternalLinkPath/xlPathMissing
http://schemas.microsoft.com/office/2006/relationships/xlExternalLinkPath/xlPathMissing
http://schemas.openxmlformats.org/officeDocument/2006/relationships/queryTable
http://schemas.openxmlformats.org/officeDocument/2006/relationships/queryTable
http://schemas.openxmlformats.org/officeDocument/2006/relationships/queryTable
http://schemas.openxmlformats.org/officeDocument/2006/relationships/queryTable
http://schemas.openxmlformats.org/officeDocument/2006/relationships/externalLink
http://schemas.openxmlformats.org/officeDocument/2006/relationships/worksheet
http://schemas.openxmlformats.org/officeDocument/2006/relationships/worksheet
http://schemas.openxmlformats.org/officeDocument/2006/relationships/worksheet
http://schemas.openxmlformats.org/officeDocument/2006/relationships/dialogsheet
http://schemas.openxmlformats.org/officeDocument/2006/relationships/dialogsheet
http://schemas.openxmlformats.org/officeDocument/2006/relationships/chartsheet
http://schemas.openxmlformats.org/officeDocument/2006/relationships/chartsheet
http://schemas.microsoft.com/office/2006/relationships/xlMacrosheet
http://schemas.microsoft.com/office/2006/relationships/xlMacrosheet
http://schemas.openxmlformats.org/officeDocument/2006/relationships/sharedStrings
http://schemas.openxmlformats.org/officeDocument/2006/relationships/sharedStrings
http://schemas.openxmlformats.org/officeDocument/2006/relationships/styles
http://schemas.openxmlformats.org/officeDocument/2006/relationships/styles
http://schemas.openxmlformats.org/officeDocument/2006/relationships/styles
http://schemas.openxmlformats.org/officeDocument/2006/relationships/styles
http://schemas.openxmlformats.org/officeDocument/2006/relationships/styles
http://schemas.openxmlformats.org/officeDocument/2006/relationships/styles
http://schemas.openxmlformats.org/officeDocument/2006/relationships/styles
http://schemas.openxmlformats.org/officeDocument/2006/relationships/calcChain
http://schemas.openxmlformats.org/officeDocument/2006/relationships/calcChain
http://schemas.openxmlformats.org/officeDocument/2006/relationships/volatileDependencies
http://schemas.openxmlformats.org/officeDocument/2006/relationships/volatileDependencies
http://schemas.openxmlformats.org/officeDocument/2006/relationships/connections
http://schemas.openxmlformats.org/officeDocument/2006/relationships/connections
http://schemas.openxmlformats.org/officeDocument/2006/relationships/revisionHeaders
http://schemas.openxmlformats.org/officeDocument/2006/relationships/revisionHeaders
http://schemas.openxmlformats.org/officeDocument/2006/relationships/usernames
http://schemas.openxmlformats.org/officeDocument/2006/relationships/usernames
http://schemas.openxmlformats.org/officeDocument/2006/relationships/xmlMaps
http://schemas.openxmlformats.org/officeDocument/2006/relationships/xmlMaps
http://schemas.openxmlformats.org/officeDocument/2006/relationships/sheetMetadata
http://schemas.openxmlformats.org/officeDocument/2006/relationships/sheetMetadata
http://schemas.openxmlformats.org/officeDocument/2006/relationships/drawing
http://schemas.openxmlformats.org/officeDocument/2006/relationships/control
http://schemas.openxmlformats.org/officeDocument/2006/relationships/control
http://schemas.openxmlformats.org/officeDocument/2006/relationships/table
http://schemas.openxmlformats.org/officeDocument/2006/relationships/table
http://schemas.openxmlformats.org/officeDocument/2006/relationships/tableSingleCells
http://schemas.openxmlformats.org/officeDocument/2006/relationships/tableSingleCells
http://schemas.openxmlformats.org/officeDocument/2006/relationships/pivotTable
http://schemas.openxmlformats.org/officeDocument/2006/relationships/pivotTable
http://schemas.openxmlformats.org/officeDocument/2006/relationships/customProperty
http://schemas.microsoft.com/office/2006/relationships/attachedToolbars
http://schemas.openxmlformats.org/officeDocument/2006/relationships/settings
http://schemas.openxmlformats.org/officeDocument/2006/relationships/settings
http://schemas.openxmlformats.org/officeDocument/2006/relationships/settings
http://schemas.openxmlformats.org/officeDocument/2006/relationships/settings
http://schemas.openxmlformats.org/officeDocument/2006/relationships/settings
http://schemas.openxmlformats.org/officeDocument/2006/relationships/endnotes
http://schemas.openxmlformats.org/officeDocument/2006/relationships/endnotes
http://schemas.openxmlformats.org/officeDocument/2006/relationships/endnotes
http://schemas.openxmlformats.org/officeDocument/2006/relationships/endnotes
http://schemas.openxmlformats.org/officeDocument/2006/relationships/fontTable
http://schemas.openxmlformats.org/officeDocument/2006/relationships/fontTable
http://schemas.openxmlformats.org/officeDocument/2006/relationships/fontTable
http://schemas.openxmlformats.org/officeDocument/2006/relationships/fontTable
http://schemas.openxmlformats.org/officeDocument/2006/relationships/fontTable
http://schemas.openxmlformats.org/officeDocument/2006/relationships/footnotes
http://schemas.openxmlformats.org/officeDocument/2006/relationships/footnotes
http://schemas.openxmlformats.org/officeDocument/2006/relationships/footnotes
http://schemas.openxmlformats.org/officeDocument/2006/relationships/footnotes
http://schemas.openxmlformats.org/officeDocument/2006/relationships/numbering
http://schemas.openxmlformats.org/officeDocument/2006/relationships/numbering
http://schemas.openxmlformats.org/officeDocument/2006/relationships/numbering
http://schemas.openxmlformats.org/officeDocument/2006/relationships/numbering
http://schemas.openxmlformats.org/officeDocument/2006/relationships/numbering
http://schemas.microsoft.com/office/2006/relationships/keyMapCustomizations
http://schemas.microsoft.com/office/2006/relationships/keyMapCustomizations
http://schemas.microsoft.com/office/2006/relationships/keyMapCustomizations
http://schemas.microsoft.com/office/2006/relationships/keyMapCustomizations
http://schemas.microsoft.com/office/2011/relationships/commentsExtended
http://schemas.microsoft.com/office/2011/relationships/commentsExtended
http://schemas.microsoft.com/office/2011/relationships/commentsExtended
http://schemas.openxmlformats.org/officeDocument/2006/relationships/attachedTemplate
http://schemas.openxmlformats.org/officeDocument/2006/relationships/transform
http://schemas.openxmlformats.org/officeDocument/2006/relationships/footer
http://schemas.openxmlformats.org/officeDocument/2006/relationships/header
http://schemas.openxmlformats.org/officeDocument/2006/relationships/mailMergeSource
http://schemas.openxmlformats.org/officeDocument/2006/relationships/mailMergeSource
http://schemas.openxmlformats.org/officeDocument/2006/relationships/mailMergeSource
http://schemas.openxmlformats.org/officeDocument/2006/relationships/recipientData
http://schemas.openxmlformats.org/officeDocument/2006/afChunk
http://schemas.openxmlformats.org/officeDocument/2006/relationships/subDocument
http://schemas.openxmlformats.org/officeDocument/2006/oleObject
http://schemas.openxmlformats.org/officeDocument/2006/oleObject
http://schemas.openxmlformats.org/officeDocument/2006/relationships/movie
http://schemas.openxmlformats.org/officeDocument/2006/relationships/frame
http://schemas.openxmlformats.org/officeDocument/2006/relationships/custom-properties

[INTERNAL_LOG][2018-06-12 05:07:18,729][INFO][find_url_in_apk()] [END ALL URL INSIDE APK]
[INTERNAL_LOG][2018-06-12 05:07:18,736][INFO][check_method_conf()] [JavaScript enabled: True]

[INTERNAL_LOG][2018-06-12 05:07:18,736][INFO][check_method_conf()] [Add interface WebView: True]

[INTERNAL_LOG][2018-06-12 05:07:18,737][INFO][analyze_start()] This app might be not vulnerable on  attack frame confusion.
[INTERNAL_LOG][2018-06-12 05:07:18,737][INFO][analyze_start()] End time:[Tue Jun 12 05:07:18 2018]
