[INTERNAL_LOG][2018-06-12 08:37:38,870][INFO][analyze_start()] Init Time [Tue Jun 12 08:37:38 2018]
[INTERNAL_LOG][2018-06-12 08:37:38,962][INFO][run()] Start Analysis
[INTERNAL_LOG][2018-06-12 08:37:38,963][INFO][is_hybird()] [Permission Enble Start]
[INTERNAL_LOG][2018-06-12 08:37:38,963][INFO][is_hybird()] android.permission.ACCESS_FINE_LOCATION
[INTERNAL_LOG][2018-06-12 08:37:38,963][INFO][is_hybird()] android.permission.ACCESS_NETWORK_STATE
[INTERNAL_LOG][2018-06-12 08:37:38,963][INFO][is_hybird()] android.permission.ACCESS_COARSE_LOCATION
[INTERNAL_LOG][2018-06-12 08:37:38,963][INFO][is_hybird()] android.permission.ACCESS_LOCATION_EXTRA_COMMANDS
[INTERNAL_LOG][2018-06-12 08:37:38,963][INFO][is_hybird()] android.permission.INTERNET
[INTERNAL_LOG][2018-06-12 08:37:38,963][INFO][is_hybird()] android.permission.WRITE_EXTERNAL_STORAGE
[INTERNAL_LOG][2018-06-12 08:37:38,963][INFO][is_hybird()] android.permission.READ_CONTACTS
[INTERNAL_LOG][2018-06-12 08:37:38,963][INFO][is_hybird()] android.permission.VIBRATE
[INTERNAL_LOG][2018-06-12 08:37:38,963][INFO][is_hybird()] android.permission.CAMERA
[INTERNAL_LOG][2018-06-12 08:37:38,964][INFO][is_hybird()] android.permission.READ_LOGS
[INTERNAL_LOG][2018-06-12 08:37:38,964][INFO][is_hybird()] android.permission.ACCESS_WIFI_STATE
[INTERNAL_LOG][2018-06-12 08:37:38,964][INFO][is_hybird()] android.permission.MODIFY_AUDIO_SETTINGS
[INTERNAL_LOG][2018-06-12 08:37:38,964][INFO][is_hybird()] android.permission.WAKE_LOCK
[INTERNAL_LOG][2018-06-12 08:37:38,964][INFO][is_hybird()] android.permission.BLUETOOTH
[INTERNAL_LOG][2018-06-12 08:37:38,964][INFO][is_hybird()] android.permission.BROADCAST_STICKY
[INTERNAL_LOG][2018-06-12 08:37:38,964][INFO][is_hybird()] android.permission.RECORD_AUDIO
[INTERNAL_LOG][2018-06-12 08:37:38,964][INFO][is_hybird()] android.permission.RECEIVE_BOOT_COMPLETED
[INTERNAL_LOG][2018-06-12 08:37:38,964][INFO][is_hybird()] android.permission.GET_ACCOUNTS
[INTERNAL_LOG][2018-06-12 08:37:38,964][INFO][is_hybird()] android.permission.DISABLE_KEYGUARD
[INTERNAL_LOG][2018-06-12 08:37:38,964][INFO][is_hybird()] com.android.launcher.permission.INSTALL_SHORTCUT
[INTERNAL_LOG][2018-06-12 08:37:38,964][INFO][is_hybird()] com.android.vending.CHECK_LICENSE
[INTERNAL_LOG][2018-06-12 08:37:38,964][INFO][is_hybird()] com.android.vending.BILLING
[INTERNAL_LOG][2018-06-12 08:37:38,964][INFO][is_hybird()] com.sygic.aura.permission.C2D_MESSAGE
[INTERNAL_LOG][2018-06-12 08:37:38,964][INFO][is_hybird()] com.google.android.c2dm.permission.RECEIVE
[INTERNAL_LOG][2018-06-12 08:37:38,964][INFO][is_hybird()] com.google.android.providers.gsf.permission.READ_GSERVICES
[INTERNAL_LOG][2018-06-12 08:37:38,964][INFO][is_hybird()] [Permission End]

[INTERNAL_LOG][2018-06-12 08:37:38,964][INFO][analyze_start()] TYPE APK: [ANDROID NATIVE]

[INTERNAL_LOG][2018-06-12 08:37:38,964][INFO][find_string()] [START FILE ANALYZE]
[INTERNAL_LOG][2018-06-12 08:37:38,964][INFO][find_string()] File: assets/404.html
[INTERNAL_LOG][2018-06-12 08:37:38,965][INFO][find_string()] No iframe in assets/404.html
[INTERNAL_LOG][2018-06-12 08:37:38,965][INFO][find_string()] File: assets/streetView.html
[INTERNAL_LOG][2018-06-12 08:37:38,966][INFO][find_string()] No iframe in assets/streetView.html
[INTERNAL_LOG][2018-06-12 08:37:38,966][INFO][find_string()] [END ANALYZE FILE]

[INTERNAL_LOG][2018-06-12 08:37:38,966][INFO][find_string()] [START FILE ANALYZE]
[INTERNAL_LOG][2018-06-12 08:37:38,966][INFO][find_string()] [END ANALYZE FILE]

[INTERNAL_LOG][2018-06-12 08:38:17,502][INFO][find_url_in_apk()] [START URL LOADED INSIDE LOAD FUNCTION]
[INTERNAL_LOG][2018-06-12 08:38:17,502][INFO][find_url_in_apk()] https://www.sygic.com/company/privacy-policy
https://www.sygic.com/company/eula

[INTERNAL_LOG][2018-06-12 08:38:17,502][INFO][find_url_in_apk()] [END URL LOADED INSIDE LOAD FUNCTION]
[INTERNAL_LOG][2018-06-12 08:38:18,181][INFO][find_string()] [START REMOTE FILE ANALYZE]
[INTERNAL_LOG][2018-06-12 08:38:18,182][INFO][find_string()] Remote File in: temp_html_code/html_downloaded_GPS Navigation _ Offline Maps Sygic by Sygic maps navigation - com/privacy-policy
[INTERNAL_LOG][2018-06-12 08:38:18,182][INFO][find_string()] URL: https://www.sygic.com/company/privacy-policy
[INTERNAL_LOG][2018-06-12 08:38:18,224][INFO][find_string()] No iframe in temp_html_code/html_downloaded_GPS Navigation _ Offline Maps Sygic by Sygic maps navigation - com/privacy-policy
[INTERNAL_LOG][2018-06-12 08:38:18,224][INFO][find_string()] Remote File in: temp_html_code/html_downloaded_GPS Navigation _ Offline Maps Sygic by Sygic maps navigation - com/eula
[INTERNAL_LOG][2018-06-12 08:38:18,224][INFO][find_string()] URL: https://www.sygic.com/company/eula
[INTERNAL_LOG][2018-06-12 08:38:18,238][INFO][find_string()] No iframe in temp_html_code/html_downloaded_GPS Navigation _ Offline Maps Sygic by Sygic maps navigation - com/eula
[INTERNAL_LOG][2018-06-12 08:38:18,238][INFO][find_string()] [END ANALYZE FILE]

[INTERNAL_LOG][2018-06-12 08:38:18,238][INFO][find_url_in_apk()] [START ALL URL INSIDE APK]
[INTERNAL_LOG][2018-06-12 08:38:18,238][INFO][find_url_in_apk()] http://schemas.android.com/apk/res/android
https://api.appsflyer.com/install_data/v3/
https://register.appsflyer.com/api/v4/androidevent?buildnumber=3.5&app_id=
https://stats.appsflyer.com/stats
https://t.appsflyer.com/api/v4/androidevent?buildnumber=3.5&app_id=
https://events.appsflyer.com/api/v4/androidevent?buildnumber=3.5&app_id=
https://graph.%s
https://graph-video.%s
https://facebook.com
https://inflight.glympse.com
http://airborne.gogoinflight.com/abp/service/statusTray.do
https://upload.glympse.com/
http://batch: failed with error: 
http://maps.googleapis.com/maps/api/directions/json?sensor=true&origin=
http://route.nlp.nokia.com/routing/6.2/calculateroute.json
http://route.api.here.com/routing/7.2/calculateroute.json
https://d2qgdsybzkcpgh.cloudfront.net/icons/chaton.png
https://d2qgdsybzkcpgh.cloudfront.net/icons/chaton.png
http://itunes.com/apps/chaton
https://d2qgdsybzkcpgh.cloudfront.net/icons/kik.png
https://d2qgdsybzkcpgh.cloudfront.net/icons/kik.png
http://itunes.com/apps/kikmessenger
http://hostname/
http://hostname/?
http://hostname/?
http://hostname/?
https://pubads.g.doubleclick.net/activity;dc_iu=
https://pubads.g.doubleclick.net/activity;xsp=
https://www.googleadservices.com/pagead/conversion/
https://www.googleadservices.com/pagead/conversion/
http://plus.google.com/
https://pagead2.googlesyndication.com/pagead/gen_204?id=gmob-apps
https://www.googleapis.com/auth/games
https://plus.google.com/
https://pagead2.googlesyndication.com/pagead/gen_204
http://www.google.com
https://support.google.com/dfp_premium/answer/7160685#push
http://www.google-analytics.com
https://ssl.google-analytics.com
https://app-measurement.com/a
https://www.google.com
https://mobilecrashreporting.googleapis.com/v1/crashes:batchCreate?key=
http://www.example.com
http://www.example.com
https://googleads.g.doubleclick.net/mads/static/mad/sdk/native/sdk-core-v40.html
https://googleads.g.doubleclick.net/mads/static/mad/sdk/native/mraid/v2/mraid_app_banner.js
https://googleads.g.doubleclick.net/mads/static/mad/sdk/native/mraid/v2/mraid_app_expanded_banner.js
https://googleads.g.doubleclick.net/mads/static/mad/sdk/native/mraid/v2/mraid_app_interstitial.js
https://csi.gstatic.com/csi
https://googleads.g.doubleclick.net/mads/static/mad/sdk/native/native_ads.html
https://imasdk.googleapis.com/admob/sdkloader/native_video.html
https://www.google.com/dfp/linkDevice
https://www.google.com/dfp/inAppPreview
https://www.google.com/dfp/debugSignals
https://www.google.com/dfp/sendDebugData
https://www.googletagmanager.com
http://www.w3.org/ns/ttml
http://www.w3.org/ns/ttml
http://www.smpte-ra.org/schemas/2052-1/2010/smpte-tt
http://www.smpte-ra.org/schemas/2052-1/2010/smpte-tt
http://www.smpte-ra.org/schemas/2052-1/2010/smpte-tt
https://api.infinario.com
https://backend.beonroad.com/api/v1/report?sessionid=%s
https://sygic-api.infinario.com
https://sygic-bumps-detector.servicebus.windows.net/sygic-bumps-detector/messages
https://sygic-bumps-detector.servicebus.windows.net/sygic-bumps-detector/messages
https://accounts.google.com/o/oauth2/approval&response_code=
https://eshop.sygic.com
https://www.paypal.com/
https://paypal.com/
https://braintreegateway.com
https://www.braintreegateway.com
https://sofort.com
https://www.sofort.com
https://www.sygic.com/company/privacy-policy
https://play.google.com/store/apps/details?id=
https://play.google.com/store/apps/details?id=
https://api.uber.com
https://api.uber.com
https://api.uber.com
https://api.uber.com
https://maps.googleapis.com/maps/api/streetview?size=
https://help.sygic.com/en/sygic-gps-navigation-for-android/tips-tricks/how-to-import-external-custom-poi-to-sygic
https://sdc-ehub.servicebus.windows.net/sdata/messages
https://m.uber.com/sign-up?client_id=_7uGrLVHR5epl6qrJ1U_WvJv3frcwj2b
https://m.uber.com/sign-up?client_id=_7uGrLVHR5epl6qrJ1U_WvJv3frcwj2b
https://www.sygic.com/company/eula
https://eshop.sygic.com/en/password/reset
http://www.sygic.com/en/registration
https://api.tomtom.com/routing/1/calculateRoute
https://api.sygictraveldata.com/1.0/
https://isocodes.api.sygic.com/api/v0
https://api.foursquare.com
https://api.foursquare.com
https://api.foursquare.com
https://api.sygictraveldata.com/v2.3
https://maps.googleapis.com/maps/api/streetview?size=600x400&location=
https://api.tomtom.com/
https://e.crashlytics.com/spi/v2/events
https://settings.crashlytics.com/spi/v2/platforms/android/apps/%s/settings

[INTERNAL_LOG][2018-06-12 08:38:18,238][INFO][find_url_in_apk()] [END ALL URL INSIDE APK]
[INTERNAL_LOG][2018-06-12 08:38:18,245][INFO][check_method_conf()] [JavaScript enabled: True]

[INTERNAL_LOG][2018-06-12 08:38:18,245][INFO][check_method_conf()] [Add interface WebView: True]

[INTERNAL_LOG][2018-06-12 08:38:18,245][INFO][analyze_start()] This app might be not vulnerable on  attack frame confusion.
[INTERNAL_LOG][2018-06-12 08:38:18,245][INFO][analyze_start()] End time:[Tue Jun 12 08:38:18 2018]
