[INTERNAL_LOG][2018-06-12 04:14:45,090][INFO][analyze_start()] Init Time [Tue Jun 12 04:14:45 2018]
[INTERNAL_LOG][2018-06-12 04:14:45,184][INFO][run()] Start Analysis
[INTERNAL_LOG][2018-06-12 04:14:45,185][INFO][is_hybird()] [Permission Enble Start]
[INTERNAL_LOG][2018-06-12 04:14:45,185][INFO][is_hybird()] android.permission.INTERNET
[INTERNAL_LOG][2018-06-12 04:14:45,185][INFO][is_hybird()] android.permission.WRITE_EXTERNAL_STORAGE
[INTERNAL_LOG][2018-06-12 04:14:45,185][INFO][is_hybird()] android.permission.ACCESS_NETWORK_STATE
[INTERNAL_LOG][2018-06-12 04:14:45,185][INFO][is_hybird()] android.permission.VIBRATE
[INTERNAL_LOG][2018-06-12 04:14:45,185][INFO][is_hybird()] android.permission.READ_EXTERNAL_STORAGE
[INTERNAL_LOG][2018-06-12 04:14:45,185][INFO][is_hybird()] com.android.vending.BILLING
[INTERNAL_LOG][2018-06-12 04:14:45,185][INFO][is_hybird()] [Permission End]

[INTERNAL_LOG][2018-06-12 04:14:45,185][INFO][analyze_start()] TYPE APK: [ANDROID NATIVE]

[INTERNAL_LOG][2018-06-12 04:14:45,185][INFO][find_string()] [START FILE ANALYZE]
[INTERNAL_LOG][2018-06-12 04:14:45,185][INFO][find_string()] [END ANALYZE FILE]

[INTERNAL_LOG][2018-06-12 04:14:45,185][INFO][find_string()] [START FILE ANALYZE]
[INTERNAL_LOG][2018-06-12 04:14:45,185][INFO][find_string()] [END ANALYZE FILE]

[INTERNAL_LOG][2018-06-12 04:15:11,922][INFO][find_url_in_apk()] [START ALL URL INSIDE APK]
[INTERNAL_LOG][2018-06-12 04:15:11,928][INFO][find_url_in_apk()] https://adc3-launch-server-staging.herokuapp.com/v4/launch
https://adc3-launch.adcolony.com/v4/launch
https://adc3-launch.adcolony.com/v4/launch
https://wd.adcolony.com/logs
http://schemas.applovin.com/android/1.0
http://schemas.applovin.com/android/1.0
https://d.applovin.com/
https://a.applovin.com/
https://rt.applovin.com/med
https://rt.applovin.com/pix
https://d.applvn.com/
https://a.applvn.com/
https://rt.applvn.com/pix
https://vid.applovin.com/,https://pdn.applovin.com/,https://img.applovin.com/,https://d.applovin.com/,https://assets.applovin.com/,https://cdnjs.cloudflare.com/,http://vid.applovin.com/,http://pdn.applovin.com/,http://img.applovin.com/,http://d.applovin.com/,http://assets.applovin.com/,http://cdnjs.cloudflare.com/
https://pagead2.googlesyndication.com/pagead/gen_204?id=gmob-apps
https://www.googleapis.com/auth/games
https://plus.google.com/
http://www.example.com
http://www.example.com
https://pagead2.googlesyndication.com/pagead/gen_204
http://www.google.com
https://support.google.com/dfp_premium/answer/7160685#push
https://googleads.g.doubleclick.net/mads/static/mad/sdk/native/sdk-core-v40.html
https://googleads.g.doubleclick.net/mads/static/mad/sdk/native/mraid/v2/mraid_app_banner.js
https://googleads.g.doubleclick.net/mads/static/mad/sdk/native/mraid/v2/mraid_app_expanded_banner.js
https://googleads.g.doubleclick.net/mads/static/mad/sdk/native/mraid/v2/mraid_app_interstitial.js
https://csi.gstatic.com/csi
https://googleads.g.doubleclick.net/mads/static/mad/sdk/native/native_ads.html
https://googleads.g.doubleclick.net/mads/static/mad/sdk/native/native_video_ads.html
https://www.google.com/dfp/linkDevice
https://www.google.com/dfp/inAppPreview
https://www.google.com/dfp/debugSignals
https://www.google.com/dfp/sendDebugData
http://www.w3.org/2001/XMLSchema
http://ads.heyzap.com/in_game_api/ads
https://med.heyzap.com/start
https://med.heyzap.com/start
https://med.heyzap.com/mediate
https://med.heyzap.com/click
https://med.heyzap.com/fetch
https://med.heyzap.com/impression
https://med.heyzap.com/complete
https://x.heyzap.com/_/0/ad
https://config.unityads.unity3d.com/webview/
http://example.com/

[INTERNAL_LOG][2018-06-12 04:15:11,928][INFO][find_url_in_apk()] [END ALL URL INSIDE APK]
[INTERNAL_LOG][2018-06-12 04:15:11,933][INFO][check_method_conf()] [JavaScript enabled: True]

[INTERNAL_LOG][2018-06-12 04:15:11,933][INFO][check_method_conf()] [Add interface WebView: True]

[INTERNAL_LOG][2018-06-12 04:15:11,933][INFO][analyze_start()] This app might be not vulnerable on  attack frame confusion.
[INTERNAL_LOG][2018-06-12 04:15:11,933][INFO][analyze_start()] End time:[Tue Jun 12 04:15:11 2018]
