[INTERNAL_LOG][2018-06-12 08:56:46,934][INFO][analyze_start()] Init Time [Tue Jun 12 08:56:46 2018]
[INTERNAL_LOG][2018-06-12 08:56:47,046][INFO][run()] Start Analysis
[INTERNAL_LOG][2018-06-12 08:56:47,048][INFO][is_hybird()] [Permission Enble Start]
[INTERNAL_LOG][2018-06-12 08:56:47,048][INFO][is_hybird()] android.permission.AUTHENTICATE_ACCOUNTS
[INTERNAL_LOG][2018-06-12 08:56:47,048][INFO][is_hybird()] android.permission.INTERNET
[INTERNAL_LOG][2018-06-12 08:56:47,048][INFO][is_hybird()] android.permission.ACCESS_NETWORK_STATE
[INTERNAL_LOG][2018-06-12 08:56:47,048][INFO][is_hybird()] android.permission.VIBRATE
[INTERNAL_LOG][2018-06-12 08:56:47,048][INFO][is_hybird()] android.permission.WAKE_LOCK
[INTERNAL_LOG][2018-06-12 08:56:47,049][INFO][is_hybird()] android.permission.GET_ACCOUNTS
[INTERNAL_LOG][2018-06-12 08:56:47,049][INFO][is_hybird()] android.permission.CAMERA
[INTERNAL_LOG][2018-06-12 08:56:47,049][INFO][is_hybird()] com.google.android.providers.gsf.permission.READ_GSERVICES
[INTERNAL_LOG][2018-06-12 08:56:47,049][INFO][is_hybird()] com.google.android.gms.permission.ACTIVITY_RECOGNITION
[INTERNAL_LOG][2018-06-12 08:56:47,049][INFO][is_hybird()] com.samsung.wmanager.ENABLE_NOTIFICATION
[INTERNAL_LOG][2018-06-12 08:56:47,049][INFO][is_hybird()] android.permission.ACCESS_FINE_LOCATION
[INTERNAL_LOG][2018-06-12 08:56:47,049][INFO][is_hybird()] android.permission.RECEIVE_BOOT_COMPLETED
[INTERNAL_LOG][2018-06-12 08:56:47,049][INFO][is_hybird()] com.groupon.permission.C2D_MESSAGE
[INTERNAL_LOG][2018-06-12 08:56:47,049][INFO][is_hybird()] com.google.android.c2dm.permission.RECEIVE
[INTERNAL_LOG][2018-06-12 08:56:47,049][INFO][is_hybird()] com.groupon.SCAN_CARD
[INTERNAL_LOG][2018-06-12 08:56:47,049][INFO][is_hybird()] [Permission End]

[INTERNAL_LOG][2018-06-12 08:56:47,049][INFO][analyze_start()] TYPE APK: [ANDROID NATIVE]

[INTERNAL_LOG][2018-06-12 08:56:47,049][INFO][find_string()] [START FILE ANALYZE]
[INTERNAL_LOG][2018-06-12 08:56:47,049][INFO][find_string()] File: assets/groupon-links.html
[INTERNAL_LOG][2018-06-12 08:56:47,050][INFO][find_string()] No iframe in assets/groupon-links.html
[INTERNAL_LOG][2018-06-12 08:56:47,050][INFO][find_string()] File: assets/licenses.html
[INTERNAL_LOG][2018-06-12 08:56:47,054][INFO][find_string()] No iframe in assets/licenses.html
[INTERNAL_LOG][2018-06-12 08:56:47,075][INFO][find_string()] File: res/raw/bc_chat_history.html
[INTERNAL_LOG][2018-06-12 08:56:47,096][INFO][find_string()] No iframe in res/raw/bc_chat_history.html
[INTERNAL_LOG][2018-06-12 08:56:47,112][INFO][find_string()] [END ANALYZE FILE]

[INTERNAL_LOG][2018-06-12 08:56:47,114][INFO][find_string()] [START FILE ANALYZE]
[INTERNAL_LOG][2018-06-12 08:56:47,114][INFO][find_string()] File: res/raw/bc_chat_history_js.js
[INTERNAL_LOG][2018-06-12 08:56:47,117][INFO][find_string()] No iframe in res/raw/bc_chat_history_js.js
[INTERNAL_LOG][2018-06-12 08:56:47,117][INFO][find_string()] [END ANALYZE FILE]

[INTERNAL_LOG][2018-06-12 08:58:10,137][INFO][find_url_in_apk()] [START URL LOADED INSIDE LOAD FUNCTION]
[INTERNAL_LOG][2018-06-12 08:58:10,137][INFO][find_url_in_apk()] https://forgot.grouponinc.net/
https://groupon.okta.com/help/login
https://www.okta.com/privacy-policy/

[INTERNAL_LOG][2018-06-12 08:58:10,137][INFO][find_url_in_apk()] [END URL LOADED INSIDE LOAD FUNCTION]
[INTERNAL_LOG][2018-06-12 08:58:10,978][ERROR][download_page_loaded()] Failed download: https://forgot.grouponinc.net/ for exception [Errno 21] Is a directory: 'temp_html_code/html_downloaded_Groupon - Shop Deals_ Discounts _ Coupons by Groupon_ Inc/'
[INTERNAL_LOG][2018-06-12 08:58:13,053][ERROR][download_page_loaded()] Failed download: https://www.okta.com/privacy-policy/ for exception [Errno 21] Is a directory: 'temp_html_code/html_downloaded_Groupon - Shop Deals_ Discounts _ Coupons by Groupon_ Inc/'
[INTERNAL_LOG][2018-06-12 08:58:13,054][INFO][find_string()] [START REMOTE FILE ANALYZE]
[INTERNAL_LOG][2018-06-12 08:58:13,054][INFO][find_string()] Remote File in: temp_html_code/html_downloaded_Groupon - Shop Deals_ Discounts _ Coupons by Groupon_ Inc/login
[INTERNAL_LOG][2018-06-12 08:58:13,054][INFO][find_string()] URL: https://groupon.okta.com/help/login
[INTERNAL_LOG][2018-06-12 08:58:13,059][INFO][find_string()] Found this tag <iframe id="download-iframe" style="display: none;"><p>Your browser does not support iFrames</p></iframe>
[INTERNAL_LOG][2018-06-12 08:58:13,059][INFO][find_string()] Found in file temp_html_code/html_downloaded_Groupon - Shop Deals_ Discounts _ Coupons by Groupon_ Inc/login tag iframe , 1 times
[INTERNAL_LOG][2018-06-12 08:58:13,059][INFO][find_string()] No src founded in iframe tag inside file temp_html_code/html_downloaded_Groupon - Shop Deals_ Discounts _ Coupons by Groupon_ Inc/login
[INTERNAL_LOG][2018-06-12 08:58:13,061][INFO][find_string()] No CSP found!
[INTERNAL_LOG][2018-06-12 08:58:13,061][INFO][find_string()] [END ANALYZE FILE]

[INTERNAL_LOG][2018-06-12 08:58:13,061][INFO][find_url_in_apk()] [START ALL URL INSIDE APK]
[INTERNAL_LOG][2018-06-12 08:58:13,061][INFO][find_url_in_apk()] http://schemas.android.com/apk/res/android
https://livechat
https://graph.%s
https://graph-video.%s
https://facebook.com
https://pagead2.googlesyndication.com/pagead/gen_204?id=gmob-apps
https://plus.google.com/
https://pagead2.googlesyndication.com/pagead/gen_204
http://www.google.com
https://support.google.com/dfp_premium/answer/7160685#push
http://www.example.com
http://www.example.com
http://www.example.com
https://googleads.g.doubleclick.net/mads/static/mad/sdk/native/sdk-core-v40.html
https://googleads.g.doubleclick.net/mads/static/mad/sdk/native/production/sdk-core-v40-impl.js
https://googleads.g.doubleclick.net/mads/static/mad/sdk/native/mraid/v2/mraid_app_banner.js
https://googleads.g.doubleclick.net/mads/static/mad/sdk/native/mraid/v2/mraid_app_expanded_banner.js
https://googleads.g.doubleclick.net/mads/static/mad/sdk/native/mraid/v2/mraid_app_interstitial.js
https://csi.gstatic.com/csi
https://googleads.g.doubleclick.net/mads/static/mad/sdk/native/native_ads.html
https://googleads.g.doubleclick.net/mads/static/mad/sdk/native/production/native_ads.js
https://imasdk.googleapis.com/admob/sdkloader/native_video.html
https://www.google.com/dfp/linkDevice
https://www.google.com/dfp/inAppPreview
https://www.google.com/dfp/debugSignals
https://www.google.com/dfp/sendDebugData
http://play.google.com/store/apps/details
https://api.groupon.de
https://pages.github.groupondev.com/mobile/groupon_webview_demo/
https://www.googleapis.com/auth/games_lite
https://www.googleapis.com/auth/games
http://www.groupon.com/dispatch/%s/deal/%s
http://www.groupon.com/dispatch/%s/deal/%s
http://www.groupon.com/dispatch/%s/deal/%s
https://www.groupon.com/gifts/touch-preview?
http://docs.google.com/gview?embedded=true&url=
https://www.groupon.com/faq#faqs:category-115
https://www.groupon.com/faq#faqs:category-115
https://www.groupon.com/faq#faqs:category-115
https://www.groupon.com/faq#faqs:category-115
https://www.groupon.com/coupons/stores/%s?s=1&c=%s
https://maps.google.com/maps?f=d&saddr=%f,%f&daddr=%s
https://logging.groupon.com/v2/mobile/logs?client_id=%s&client_version_id=%s
https://groupon.testfairy.com/services/
https://www.groupon.com/occasion/groupon-plus
https://www.groupon.com/occasion/groupon-plus
http://schema.org/ViewAction
http://schema.org/ViewAction
https://maps.googleapis.com
https://maps.google.com/maps?f=d&daddr=%s
https://maps.google.com/maps?f=d&daddr=%s
https://maps.google.com/maps?f=d&daddr=%s
https://maps.google.com/maps?f=d&daddr=%s
http://www.groupon.com?
http://www.groupon.com/?
https://groupon.okta.com/api/v1/authn
https://groupon.okta.com/api/v1/authn
https://forgot.grouponinc.net/pwm/public/ChangePassword?processAction=doChange
https://www.groupon.com/pages/trade-in
https://www.groupon.fr/pages/usercontent
https://forgot.grouponinc.net/
https://groupon.okta.com/help/login
https://www.okta.com/privacy-policy/
https://www.groupon.com/dispatch/us/channel/goods/
https://mapproxy.groupon.com/maps/api/staticmap?maptype=roadmap&sensor=true&zoom=%s&size=%sx%s&center=%s,%s
https://mapproxy.groupon.com/maps/api/staticmap?maptype=roadmap&sensor=true&zoom=%s&size=%sx%s&center=%s,%s
http://maps.google.com/maps/api/staticmap?maptype=roadmap&sensor=true&zoom=%s&size=%sx%s&markers=color:red%%7C%s,%s
https://settings.crashlytics.com/spi/v2/platforms/android/apps/%s/settings
https://e.crashlytics.com/spi/v2/events
http://dealpanel-snc1.groupondev.com/web_view/
http://dealpanel-dub1.groupondev.com/web_view/

[INTERNAL_LOG][2018-06-12 08:58:13,061][INFO][find_url_in_apk()] [END ALL URL INSIDE APK]
[INTERNAL_LOG][2018-06-12 08:58:13,070][INFO][check_method_conf()] [JavaScript enabled: True]

[INTERNAL_LOG][2018-06-12 08:58:13,071][INFO][check_method_conf()] [Add interface WebView: True]

[INTERNAL_LOG][2018-06-12 08:58:13,071][INFO][analyze_start()] This app might be vulnerable on attack frame confusion, This file are vulnerable ['temp_html_code/html_downloaded_Groupon - Shop Deals_ Discounts _ Coupons by Groupon_ Inc/login']
[INTERNAL_LOG][2018-06-12 08:58:13,071][INFO][analyze_start()] End time:[Tue Jun 12 08:58:13 2018]
