[INTERNAL_LOG][2018-06-12 09:02:08,544][INFO][analyze_start()] Init Time [Tue Jun 12 09:02:08 2018]
[INTERNAL_LOG][2018-06-12 09:02:08,623][INFO][is_hybird()] [Permission Enble Start]
[INTERNAL_LOG][2018-06-12 09:02:08,623][INFO][run()] Start Analysis
[INTERNAL_LOG][2018-06-12 09:02:08,624][INFO][is_hybird()] android.permission.INTERNET
[INTERNAL_LOG][2018-06-12 09:02:08,624][INFO][is_hybird()] android.permission.WAKE_LOCK
[INTERNAL_LOG][2018-06-12 09:02:08,624][INFO][is_hybird()] android.permission.ACCESS_NETWORK_STATE
[INTERNAL_LOG][2018-06-12 09:02:08,624][INFO][is_hybird()] android.permission.RECORD_AUDIO
[INTERNAL_LOG][2018-06-12 09:02:08,624][INFO][is_hybird()] com.android.vending.BILLING
[INTERNAL_LOG][2018-06-12 09:02:08,624][INFO][is_hybird()] android.permission.WRITE_EXTERNAL_STORAGE
[INTERNAL_LOG][2018-06-12 09:02:08,624][INFO][is_hybird()] com.google.android.c2dm.permission.RECEIVE
[INTERNAL_LOG][2018-06-12 09:02:08,624][INFO][is_hybird()] com.samsung.android.providers.context.permission.WRITE_USE_APP_FEATURE_SURVEY
[INTERNAL_LOG][2018-06-12 09:02:08,624][INFO][is_hybird()] com.samsung.android.sdk.professionalaudio.permission.START_MONITOR_SERVICE
[INTERNAL_LOG][2018-06-12 09:02:08,624][INFO][is_hybird()] android.permission.BLUETOOTH
[INTERNAL_LOG][2018-06-12 09:02:08,624][INFO][is_hybird()] [Permission End]

[INTERNAL_LOG][2018-06-12 09:02:08,624][INFO][analyze_start()] TYPE APK: [ANDROID NATIVE]

[INTERNAL_LOG][2018-06-12 09:02:08,624][INFO][find_string()] [START FILE ANALYZE]
[INTERNAL_LOG][2018-06-12 09:02:08,625][INFO][find_string()] [END ANALYZE FILE]

[INTERNAL_LOG][2018-06-12 09:02:08,625][INFO][find_string()] [START FILE ANALYZE]
[INTERNAL_LOG][2018-06-12 09:02:08,625][INFO][find_string()] [END ANALYZE FILE]

[INTERNAL_LOG][2018-06-12 09:02:25,141][INFO][find_url_in_apk()] [START ALL URL INSIDE APK]
[INTERNAL_LOG][2018-06-12 09:02:25,141][INFO][find_url_in_apk()] http://schemas.android.com/apk/res/android
https://graph.%s
https://graph-video.%s
https://facebook.com
http://play.google.com/store/apps/details?id=com.facebook.orca
https://adlog.flurry.com
http://adlog.flurry.com
https://www.tumblr.com/oauth/access_token
https://www.tumblr.com/oauth/authorize?oauth_token=%s
https://api.tumblr.com/v2/blog/
https://api.tumblr.com/v2/blog/
https://www.tumblr.com/oauth/request_token
https://api.tumblr.com/v2/user/info
http://www.tumblr.com/connect/login_success.html
https://play.google.com/store/apps/details?id=
http://xmlpull.org/v1/doc/features.html#process-namespaces
http://xmlpull.org/v1/doc/features.html#process-namespaces
https://proton.flurry.com/sdk/v1/config
https://data.flurry.com/pcr.do
https://data.flurry.com/aap.do
http://data.flurry.com/aap.do
https://ads.flurry.com/v16/getAds.do
http://ads.flurry.com/v16/getAds.do
https://cdn.flurry.com/vast/videocontrols/v2/android.zip
https://pagead2.googlesyndication.com/pagead/gen_204?id=gmob-apps
https://www.googleapis.com/auth/games
https://plus.google.com/
https://control.kochava.com/track/json
https://kvinit-prod.api.kochava.com/track/kvinit
https://token.api.kochava.com/token/add
https://token.api.kochava.com/token/remove
https://control.kochava.com/track/kvquery
http://www.example.com

[INTERNAL_LOG][2018-06-12 09:02:25,141][INFO][find_url_in_apk()] [END ALL URL INSIDE APK]
[INTERNAL_LOG][2018-06-12 09:02:25,165][INFO][check_method_conf()] [JavaScript enabled: True]

[INTERNAL_LOG][2018-06-12 09:02:25,165][INFO][check_method_conf()] [Add interface WebView: True]

[INTERNAL_LOG][2018-06-12 09:02:25,165][INFO][analyze_start()] This app might be not vulnerable on  attack frame confusion.
[INTERNAL_LOG][2018-06-12 09:02:25,165][INFO][analyze_start()] End time:[Tue Jun 12 09:02:25 2018]
