[INTERNAL_LOG][2018-06-12 00:48:17,317][INFO][analyze_start()] Init Time [Tue Jun 12 00:48:17 2018]
[INTERNAL_LOG][2018-06-12 00:48:17,374][INFO][run()] Start Analysis
[INTERNAL_LOG][2018-06-12 00:48:17,375][INFO][is_hybird()] [Permission Enble Start]
[INTERNAL_LOG][2018-06-12 00:48:17,375][INFO][is_hybird()] android.permission.ACCESS_FINE_LOCATION
[INTERNAL_LOG][2018-06-12 00:48:17,375][INFO][is_hybird()] android.permission.RECORD_AUDIO
[INTERNAL_LOG][2018-06-12 00:48:17,375][INFO][is_hybird()] android.permission.ACCESS_WIFI_STATE
[INTERNAL_LOG][2018-06-12 00:48:17,375][INFO][is_hybird()] android.permission.ACCESS_NETWORK_STATE
[INTERNAL_LOG][2018-06-12 00:48:17,375][INFO][is_hybird()] android.permission.INTERNET
[INTERNAL_LOG][2018-06-12 00:48:17,375][INFO][is_hybird()] android.permission.RECEIVE_BOOT_COMPLETED
[INTERNAL_LOG][2018-06-12 00:48:17,375][INFO][is_hybird()] android.permission.VIBRATE
[INTERNAL_LOG][2018-06-12 00:48:17,376][INFO][is_hybird()] com.android.vending.BILLING
[INTERNAL_LOG][2018-06-12 00:48:17,376][INFO][is_hybird()] android.permission.WRITE_EXTERNAL_STORAGE
[INTERNAL_LOG][2018-06-12 00:48:17,376][INFO][is_hybird()] android.permission.READ_EXTERNAL_STORAGE
[INTERNAL_LOG][2018-06-12 00:48:17,376][INFO][is_hybird()] com.google.android.c2dm.permission.RECEIVE
[INTERNAL_LOG][2018-06-12 00:48:17,376][INFO][is_hybird()] android.permission.WAKE_LOCK
[INTERNAL_LOG][2018-06-12 00:48:17,376][INFO][is_hybird()] com.ftw_and_co.happn.permission.C2D_MESSAGE
[INTERNAL_LOG][2018-06-12 00:48:17,376][INFO][is_hybird()] [Permission End]

[INTERNAL_LOG][2018-06-12 00:48:17,376][INFO][analyze_start()] TYPE APK: [ANDROID NATIVE]

[INTERNAL_LOG][2018-06-12 00:48:17,376][INFO][find_string()] [START FILE ANALYZE]
[INTERNAL_LOG][2018-06-12 00:48:17,376][INFO][find_string()] [END ANALYZE FILE]

[INTERNAL_LOG][2018-06-12 00:48:17,376][INFO][find_string()] [START FILE ANALYZE]
[INTERNAL_LOG][2018-06-12 00:48:17,376][INFO][find_string()] File: assets/appboy-html-in-app-message-javascript-component.js
[INTERNAL_LOG][2018-06-12 00:48:17,377][INFO][find_string()] No iframe in assets/appboy-html-in-app-message-javascript-component.js
[INTERNAL_LOG][2018-06-12 00:48:17,377][INFO][find_string()] [END ANALYZE FILE]

[INTERNAL_LOG][2018-06-12 00:49:22,580][INFO][find_url_in_apk()] [START URL LOADED INSIDE LOAD FUNCTION]
[INTERNAL_LOG][2018-06-12 00:49:22,580][INFO][find_url_in_apk()] https://www.instagram.com/accounts/login/
https://www.instagram.com/accounts/logout/

[INTERNAL_LOG][2018-06-12 00:49:22,580][INFO][find_url_in_apk()] [END URL LOADED INSIDE LOAD FUNCTION]
[INTERNAL_LOG][2018-06-12 00:49:22,895][ERROR][download_page_loaded()] Failed download: https://www.instagram.com/accounts/login/ for exception [Errno 21] Is a directory: 'temp_html_code/html_downloaded_happn _ Local dating app by happn - com/'
[INTERNAL_LOG][2018-06-12 00:49:23,405][ERROR][download_page_loaded()] Failed download: https://www.instagram.com/accounts/logout/ for exception [Errno 21] Is a directory: 'temp_html_code/html_downloaded_happn _ Local dating app by happn - com/'
[INTERNAL_LOG][2018-06-12 00:49:23,406][INFO][find_string()] [START REMOTE FILE ANALYZE]
[INTERNAL_LOG][2018-06-12 00:49:23,406][INFO][find_string()] [END ANALYZE FILE]

[INTERNAL_LOG][2018-06-12 00:49:23,406][INFO][find_url_in_apk()] [START ALL URL INSIDE APK]
[INTERNAL_LOG][2018-06-12 00:49:23,406][INFO][find_url_in_apk()] http://schemas.android.com/apk/res/android
https://www.example.com
https://www.example.com
https://notify.bugsnag.com
https://sessions.bugsnag.com
https://graph.facebook.com/network_ads_common
https://graph.%s.facebook.com/network_ads_common
https://www.facebook.com/adnw_logging/
https://www.%s.facebook.com/adnw_logging/
https://www.facebook.com/
https://www.%s.facebook.com
http://www.facebook.com
https://graph.%s
https://graph-video.%s
https://facebook.com
https://facebook.com
http://play.google.com/store/apps/details?id=com.facebook.orca
https://ads.flurry.com/v17/getAds.do
http://ads.flurry.com/v17/getAds.do
https://cdn.flurry.com/vast/videocontrols/v2/android.zip
https://adlog.flurry.com
http://adlog.flurry.com
https://www.tumblr.com/oauth/access_token
https://www.tumblr.com/oauth/authorize?oauth_token=%s
https://api.tumblr.com/v2/blog/
https://api.tumblr.com/v2/blog/
https://www.tumblr.com/oauth/request_token
https://api.tumblr.com/v2/user/info
https://play.google.com/store/apps/details?id=
https://play.google.com/store/apps/details?id=
http://xmlpull.org/v1/doc/features.html#process-namespaces
https://data.flurry.com/pcr.do
https://happnapp.zendesk.com
https://a.happn.com/v1/event
https://a.happn.com/v1/bulk
https://api.instagram.com/v1/
https://api.spotify.com/v1/
https://www.instagram.com/
https://www.instagram.com/
https://www.instagram.com/accounts/login/
https://www.instagram.com/accounts/logout/
http://localhost/
http://localhost/
http://localhost/
https://appboy.data.placeiq.com/dataex/id/
https://app.adjust.com
https://app.adjust.com
https://sondheim.appboy.com/api/v3/
https://dev.appboy.com/api/v3/
http://www.amazon.com/gp/mas/dl/android?asin=
https://bugsnag.com
http://www.example.com
http://www.example.com
http://www.example.com
https://cfg.flurry.com/sdk/v1/config
https://cfg.flurry.com/sdk/v1/config
https://proton.flurry.com/sdk/v1/config
https://data.flurry.com/aap.do
http://data.flurry.com/aap.do
http://m.facebook.com/ads/ad_choices
http://m.facebook.com/ads/ad_choices
https://www.%s.facebook.com/audience_network/server_side_reward
https://www.facebook.com/audience_network/server_side_reward
https://api.happn.fr
https://app.adjust.com/xoa3cx?gps_adid=
https://1675564c27.optimicdn.com/spotify/happn_playlist.json
https://www.facebook.com/224157514327700
https://admvalue.happn.com/users/
https://www.happn.com/
https://www.happn.com/
https://www.happn.com/
https://www.happn.com/
https://www.happn.com/
http://www.twitter.com/share?url=
https://pagead2.googlesyndication.com/pagead/gen_204?id=gmob-apps
https://plus.google.com/
https://pagead2.googlesyndication.com/pagead/gen_204
http://www.google.com
https://support.google.com/dfp_premium/answer/7160685#push
http://www.google-analytics.com
https://ssl.google-analytics.com
https://app-measurement.com/a
https://googleads.g.doubleclick.net/mads/static/mad/sdk/native/sdk-core-v40.html
https://googleads.g.doubleclick.net/mads/static/mad/sdk/native/production/sdk-core-v40-impl.js
https://googleads.g.doubleclick.net/mads/static/mad/sdk/native/mraid/v2/mraid_app_banner.js
https://googleads.g.doubleclick.net/mads/static/mad/sdk/native/mraid/v2/mraid_app_expanded_banner.js
https://googleads.g.doubleclick.net/mads/static/mad/sdk/native/mraid/v2/mraid_app_interstitial.js
https://csi.gstatic.com/csi
https://googleads.g.doubleclick.net/mads/static/mad/sdk/native/native_ads.html
https://googleads.g.doubleclick.net/mads/static/mad/sdk/native/production/native_ads.js
https://imasdk.googleapis.com/admob/sdkloader/native_video.html
https://www.google.com/dfp/linkDevice
https://www.google.com/dfp/inAppPreview
https://www.google.com/dfp/debugSignals
https://www.google.com/dfp/sendDebugData
https://www.googletagmanager.com
http://hostname/?
http://hostname/?
https://twitter.com/%s/status/%s
https://www.mopub.com/optout/
https://www.mopub.com/optout/
https://spotify.com
https://oauth.vk.com/blank.html
https://oauth.vk.com/blank.html
https://oauth.vk.com/authorize?client_id=%s&scope=%s&redirect_uri=%s&display=mobile&v=%s&response_type=token&revoke=%d
https://1675564c27.optimicdn.com/tutorials/android/v6/%s/%d.png
http://schemas.microsoft.com/DRM/2007/03/protocols/AcquireLicense
https://api.instagram.com/v1
https://api.spotify.com/v1
https://www.google.com
https://analytics.mopub.com/i/jot/exchange_client_event
https://www.mopub.com/optout
http://vk.com/images/community_50.gif
http://vk.com/images/community_100.gif
http://vk.com/images/s_noalbum.png
http://vk.com/images/m_noalbum.png
http://vk.com/images/x_noalbum.png
http://vk.com/images/camera_c.gif
http://vk.com/images/camera_c.gif
http://vk.com/images/camera_c.gif
http://vk.com/images/camera_b.gif
http://vk.com/images/camera_b.gif
http://vk.com/images/camera_b.gif
http://vk.com/images/camera_a.gif
http://vk.com/images/camera_a.gif
http://vk.com/images/camera_a.gif
http://www.w3.org/ns/ttml#parameter
https://www.googleapis.com/auth/games_lite
https://www.googleapis.com/auth/games
https://www.happn.com/my-rights#access-my-data
https://www.happn.com/privacy-basics
https://www.happn.com/my-rights#rectify-modify-my-data

[INTERNAL_LOG][2018-06-12 00:49:23,407][INFO][find_url_in_apk()] [END ALL URL INSIDE APK]
[INTERNAL_LOG][2018-06-12 00:49:23,414][INFO][check_method_conf()] [JavaScript enabled: True]

[INTERNAL_LOG][2018-06-12 00:49:23,414][INFO][check_method_conf()] [Add interface WebView: True]

[INTERNAL_LOG][2018-06-12 00:49:23,414][INFO][analyze_start()] This app might be not vulnerable on  attack frame confusion.
[INTERNAL_LOG][2018-06-12 00:49:23,414][INFO][analyze_start()] End time:[Tue Jun 12 00:49:23 2018]
