[INTERNAL_LOG][2018-06-12 01:01:25,406][INFO][analyze_start()] Init Time [Tue Jun 12 01:01:25 2018]
[INTERNAL_LOG][2018-06-12 01:01:25,514][INFO][run()] Start Analysis
[INTERNAL_LOG][2018-06-12 01:01:25,515][INFO][is_hybird()] [Permission Enble Start]
[INTERNAL_LOG][2018-06-12 01:01:25,515][INFO][is_hybird()] com.android.vending.BILLING
[INTERNAL_LOG][2018-06-12 01:01:25,515][INFO][is_hybird()] android.permission.INTERNET
[INTERNAL_LOG][2018-06-12 01:01:25,515][INFO][is_hybird()] android.permission.ACCESS_NETWORK_STATE
[INTERNAL_LOG][2018-06-12 01:01:25,515][INFO][is_hybird()] android.permission.READ_PHONE_STATE
[INTERNAL_LOG][2018-06-12 01:01:25,515][INFO][is_hybird()] com.google.android.gms.permission.ACTIVITY_RECOGNITION
[INTERNAL_LOG][2018-06-12 01:01:25,515][INFO][is_hybird()] android.permission.ACCESS_WIFI_STATE
[INTERNAL_LOG][2018-06-12 01:01:25,515][INFO][is_hybird()] android.permission.WAKE_LOCK
[INTERNAL_LOG][2018-06-12 01:01:25,515][INFO][is_hybird()] com.google.android.finsky.permission.BIND_GET_INSTALL_REFERRER_SERVICE
[INTERNAL_LOG][2018-06-12 01:01:25,516][INFO][is_hybird()] com.google.android.c2dm.permission.RECEIVE
[INTERNAL_LOG][2018-06-12 01:01:25,516][INFO][is_hybird()] com.fingersoft.hillclimb.permission.C2D_MESSAGE
[INTERNAL_LOG][2018-06-12 01:01:25,516][INFO][is_hybird()] [Permission End]

[INTERNAL_LOG][2018-06-12 01:01:25,516][INFO][analyze_start()] TYPE APK: [ANDROID NATIVE]

[INTERNAL_LOG][2018-06-12 01:01:25,516][INFO][find_string()] [START FILE ANALYZE]
[INTERNAL_LOG][2018-06-12 01:01:25,516][INFO][find_string()] File: assets/eula.html
[INTERNAL_LOG][2018-06-12 01:01:25,517][INFO][find_string()] No iframe in assets/eula.html
[INTERNAL_LOG][2018-06-12 01:01:25,517][INFO][find_string()] File: assets/index.html
[INTERNAL_LOG][2018-06-12 01:01:25,519][INFO][find_string()] No iframe in assets/index.html
[INTERNAL_LOG][2018-06-12 01:01:25,519][INFO][find_string()] [END ANALYZE FILE]

[INTERNAL_LOG][2018-06-12 01:01:25,519][INFO][find_string()] [START FILE ANALYZE]
[INTERNAL_LOG][2018-06-12 01:01:25,519][INFO][find_string()] [END ANALYZE FILE]

[INTERNAL_LOG][2018-06-12 01:02:26,343][INFO][find_url_in_apk()] [START URL LOADED INSIDE LOAD FUNCTION]
[INTERNAL_LOG][2018-06-12 01:02:26,343][INFO][find_url_in_apk()] http://bi-staging.cloudapp.net/acs

[INTERNAL_LOG][2018-06-12 01:02:26,343][INFO][find_url_in_apk()] [END URL LOADED INSIDE LOAD FUNCTION]
[INTERNAL_LOG][2018-06-12 01:02:26,472][INFO][find_string()] [START REMOTE FILE ANALYZE]
[INTERNAL_LOG][2018-06-12 01:02:26,472][INFO][find_string()] Remote File in: temp_html_code/html_downloaded_Hill Climb Racing by Fingersoft - com/acs
[INTERNAL_LOG][2018-06-12 01:02:26,472][INFO][find_string()] URL: http://bi-staging.cloudapp.net/acs
[INTERNAL_LOG][2018-06-12 01:02:26,475][INFO][find_string()] No iframe in temp_html_code/html_downloaded_Hill Climb Racing by Fingersoft - com/acs
[INTERNAL_LOG][2018-06-12 01:02:26,475][INFO][find_string()] [END ANALYZE FILE]

[INTERNAL_LOG][2018-06-12 01:02:26,475][INFO][find_url_in_apk()] [START ALL URL INSIDE APK]
[INTERNAL_LOG][2018-06-12 01:02:26,476][INFO][find_url_in_apk()] http://schemas.android.com/apk/res/android
https://adc3-launch-server-staging.herokuapp.com/v4/launch
https://adc3-launch.adcolony.com/v4/launch
https://wd.adcolony.com/logs
http://schemas.applovin.com/android/1.0
http://schemas.applovin.com/android/1.0
https://d.applovin.com/
https://a.applovin.com/
https://rt.applovin.com/med
https://rt.applovin.com/pix
https://d.applvn.com/
https://a.applvn.com/
https://rt.applvn.com/pix
https://vid.applovin.com/,https://pdn.applovin.com/,https://img.applovin.com/,https://d.applovin.com/,https://assets.applovin.com/,https://cdnjs.cloudflare.com/,http://vid.applovin.com/,http://pdn.applovin.com/,http://img.applovin.com/,http://d.applovin.com/,http://assets.applovin.com/,http://cdnjs.cloudflare.com/
https://validate.%s/api/v
https://sdk-services.%s/validate-android-signature
https://app.%s
https://app.%s
https://impression.%s
https://monitorsdk.%s/remote-debug?app_id=
http://market.android.com/
http://play.google.com/store/apps/
https://www.facebook.com/
https://www.%s.facebook.com
https://graph.facebook.com/network_ads_common
https://graph.%s.facebook.com/network_ads_common
https://www.facebook.com/adnw_logging/
https://www.%s.facebook.com/adnw_logging/
http://www.facebook.com
http://54.242.151.181:3000/app_dev.php/
http://54.242.151.181/promotions/
http://54.242.151.181/advertisements/
http://192.168.1.84/adverts/
https://account-staging.fingersoft.net:3006/
http://bi-staging.cloudapp.net/acs
http://ads.fingersoft.net/mobile/apprelease?appid=
https://pagead2.googlesyndication.com/pagead/gen_204
https://pagead2.googlesyndication.com/pagead/gen_204
https://pagead2.googlesyndication.com/pagead/gen_204?id=gmob-apps
https://accounts.google.com
https://www.facebook.com
https://accounts.google.com/o/oauth2/revoke?token=
https://plus.google.com/
http://play.google.com/store/apps/category/GAME
https://play.google.com/store/apps/details?id=%1$s&rdid=%1$s&rdot=%2$d
https://plus.google.com/%s/about
https://play.google.com/store/apps/details
https://www.googleapis.com/auth/drive.file
https://www.googleapis.com/auth/drive.appdata
https://www.googleapis.com/auth/drive
https://www.googleapis.com/auth/drive.apps
https://www.googleapis.com/auth/games
https://www.googleapis.com/auth/games
https://www.googleapis.com/auth/games
https://www.googleapis.com/auth/games_lite
https://www.googleapis.com/auth/games_lite
https://www.googleapis.com/auth/games_lite
https://www.googleapis.com/auth/games.firstparty
https://www.googleapis.com/auth/games.firstparty
https://api.%s/install_data/v3/
https://attr.%s/api/v
https://t.%s/api/v
https://events.%s/api/v
https://register.%s/api/v
https://stats.%s/stats
https://onelink.%s/shortlink-sdk/v1
https://onelink.%s/shortlink-sdk/v1
https://live.chartboost.com
http://ads3.fingersoft.net:3000/
https://touch.facebook.com/Fingersoft
https://touch.facebook.com/Fingersoft
https://play.google.com/store/apps/details?id=
http://staging-fsad.trafficmanager.net:3000
http://ads3.fingersoft.net:3000
http://twitter.com/#!/Fingersoft
http://plus.google.com/108100831193761361624/posts
http://schemas.microsoft.com/DRM/2007/03/protocols/AcquireLicense
http://www.example.com
http://www.example.com
https://www.%s.facebook.com/audience_network/server_side_reward
https://www.facebook.com/audience_network/server_side_reward
http://www.w3.org/ns/ttml#parameter
http://www.google.com
https://support.google.com/dfp_premium/answer/7160685#push
https://googleads.g.doubleclick.net/mads/static/mad/sdk/native/sdk-core-v40.html
https://googleads.g.doubleclick.net/mads/static/mad/sdk/native/production/sdk-core-v40-impl.js
https://googleads.g.doubleclick.net/mads/static/mad/sdk/native/mraid/v2/mraid_app_banner.js
https://googleads.g.doubleclick.net/mads/static/mad/sdk/native/mraid/v2/mraid_app_expanded_banner.js
https://googleads.g.doubleclick.net/mads/static/mad/sdk/native/mraid/v2/mraid_app_interstitial.js
https://csi.gstatic.com/csi
https://googleads.g.doubleclick.net/mads/static/mad/sdk/native/native_ads.html
https://googleads.g.doubleclick.net/mads/static/mad/sdk/native/production/native_ads.js
https://imasdk.googleapis.com/admob/sdkloader/native_video.html
https://www.google.com/dfp/linkDevice
https://www.google.com/dfp/inAppPreview
https://www.google.com/dfp/debugSignals
https://www.google.com/dfp/sendDebugData
https://app-measurement.com/a
https://www.googleapis.com/auth/plus.login
https://www.googleapis.com/auth/plus.me
http://schemas.android.com/apk/lib/com.google.android.gms.plus
http://schemas.android.com/apk/lib/com.google.android.gms.plus
http://schemas.android.com/apk/lib/com.inmobi.ads
http://schemas.android.com/apk/lib/com.inmobi.ads
https://i.l.inmobicdn.net/sdk/sdk/500/android/mraid.js
http://www.inmobi.com/products/sdk/#downloads
http://twitter.com/home?status=
https://m.google.com/app/plus/x/?v=compose&content=
https://www.facebook.com/dialog/feed?app_id=181821551957328&link=
http://dock.inmobi.com/carb/v1/i
http://dock.inmobi.com/carb/v1/o
https://sdkm.w.inmobi.com/user/e.asm
http://cdn2.inner-active.mobi/ia-android-sdk/
http://cdn2.inner-active.mobi/ia-android-sdk/
http://cdn2.inner-active.mobi/ia-android-sdk/
https://s3-eu-west-1.amazonaws.com/inneractive-assets/ia-android-sdk/
http://xmlpull.org/v1/doc/features.html#process-namespaces
http://xmlpull.org/v1/doc/features.html#process-namespaces
http://xmlpull.org/v1/doc/features.html#process-namespaces
https://mobile-static.adsafeprotected.com/avid-v2.js
https://mobile-static.adsafeprotected.com/avid-v2.js
https://mobilelogs.supersonic.com
https://mobilelogs.supersonic.com
https://track.atom-data.io
https://track.atom-data.io
https://track.atom-data.io
https://www.supersonicads.com/mobile/sdk5/log?method=injectJavaScript
https://www.supersonicads.com/mobile/sdk5/log?method=
https://www.supersonicads.com/mobile/sdk5/log?method=
https://www.supersonicads.com/mobile/sdk5/log?method=
https://www.supersonicads.com/mobile/sdk5/log?method=
https://www.supersonicads.com/mobile/sdk5/log?method=
https://www.supersonicads.com/mobile/sdk5/log?method=
https://www.supersonicads.com/mobile/sdk5/log?method=
https://www.supersonicads.com/mobile/sdk5/log?method=
https://px.moatads.com/pixel.gif?e=0&i=MOATSDK1&ac=1
https://px.moatads.com/pixel.gif?e=0&i=MOATSDK1&ac=1
https://z.moatads.com/
https://z.moatads.com/
https://z.moatads.com/
https://z.moatads.com/
https://twitter.com/%s/status/%s
https://www.mopub.com/optout/
https://www.mopub.com/optout/
http://play.google.com
https://play.google.com
http://market.android.com
https://market.android.com
https://target.my.com/
https://config.unityads.unity3d.com/webview/
http://lol.vungle.com/
https://api.vungle.com/
http://localhost/
http://localhost/
http://localhost/
http://i.w.inmobi.com/showad.asm
https://sdktm.w.inmobi.com/sdkpubreq
https://sdkm.w.inmobi.com/metrics/e.asm?v=1&
http://wv.inner-active.mobi/
https://outcome.supersonicads.com/mediation/
https://outcome.supersonicads.com/mediation/
https://www.supersonicads.com/mobile/sdk5/log?method=noProductType
https://www.supersonicads.com/mobile/sdk5/log?method=encodeAppUserId
https://www.supersonicads.com/mobile/sdk5/log?method=encodeAppKey
https://www.supersonicads.com/mobile/sdk5/log?method=extraParametersToJson
https://www.supersonicads.com/mobile/sdk5/log?method=webviewLoadBlank
https://www.supersonicads.com/mobile/sdk5/log?method=webviewLoadWithPath
https://www.supersonicads.com/mobile/sdk5/log?method=htmlControllerDoesNotExistOnFileSystem
https://www.supersonicads.com/mobile/sdk5/log?method=webviewPause
https://www.supersonicads.com/mobile/sdk5/log?method=webviewResume
https://ads.api.vungle.com/config
http://schemas.android.com/apk/res/
https://analytics.mopub.com/i/jot/exchange_client_event
https://www.mopub.com/optout
https://www.vungle.com/privacy/
https://www.vungle.com/privacy/
https://www.google.com

[INTERNAL_LOG][2018-06-12 01:02:26,476][INFO][find_url_in_apk()] [END ALL URL INSIDE APK]
[INTERNAL_LOG][2018-06-12 01:02:26,481][INFO][check_method_conf()] [JavaScript enabled: True]

[INTERNAL_LOG][2018-06-12 01:02:26,481][INFO][check_method_conf()] [Add interface WebView: True]

[INTERNAL_LOG][2018-06-12 01:02:26,481][INFO][analyze_start()] This app might be not vulnerable on  attack frame confusion.
[INTERNAL_LOG][2018-06-12 01:02:26,481][INFO][analyze_start()] End time:[Tue Jun 12 01:02:26 2018]
