[INTERNAL_LOG][2018-06-12 09:24:31,308][INFO][analyze_start()] Init Time [Tue Jun 12 09:24:31 2018]
[INTERNAL_LOG][2018-06-12 09:24:31,484][INFO][run()] Start Analysis
[INTERNAL_LOG][2018-06-12 09:24:31,485][INFO][is_hybird()] [Permission Enble Start]
[INTERNAL_LOG][2018-06-12 09:24:31,485][INFO][is_hybird()] com.android.vending.BILLING
[INTERNAL_LOG][2018-06-12 09:24:31,485][INFO][is_hybird()] android.permission.INTERNET
[INTERNAL_LOG][2018-06-12 09:24:31,486][INFO][is_hybird()] android.permission.WAKE_LOCK
[INTERNAL_LOG][2018-06-12 09:24:31,486][INFO][is_hybird()] android.permission.WRITE_EXTERNAL_STORAGE
[INTERNAL_LOG][2018-06-12 09:24:31,486][INFO][is_hybird()] android.permission.ACCESS_WIFI_STATE
[INTERNAL_LOG][2018-06-12 09:24:31,486][INFO][is_hybird()] android.permission.ACCESS_NETWORK_STATE
[INTERNAL_LOG][2018-06-12 09:24:31,486][INFO][is_hybird()] com.google.android.c2dm.permission.RECEIVE
[INTERNAL_LOG][2018-06-12 09:24:31,486][INFO][is_hybird()] com.google.android.finsky.permission.BIND_GET_INSTALL_REFERRER_SERVICE
[INTERNAL_LOG][2018-06-12 09:24:31,486][INFO][is_hybird()] [Permission End]

[INTERNAL_LOG][2018-06-12 09:24:31,486][INFO][analyze_start()] TYPE APK: [ANDROID NATIVE]

[INTERNAL_LOG][2018-06-12 09:24:31,486][INFO][find_string()] [START FILE ANALYZE]
[INTERNAL_LOG][2018-06-12 09:24:31,486][INFO][find_string()] [END ANALYZE FILE]

[INTERNAL_LOG][2018-06-12 09:24:31,486][INFO][find_string()] [START FILE ANALYZE]
[INTERNAL_LOG][2018-06-12 09:24:31,486][INFO][find_string()] [END ANALYZE FILE]

[INTERNAL_LOG][2018-06-12 09:25:01,268][INFO][find_url_in_apk()] [START ALL URL INSIDE APK]
[INTERNAL_LOG][2018-06-12 09:25:01,268][INFO][find_url_in_apk()] https://adc3-launch-server-staging.herokuapp.com/v4/launch
https://adc3-launch.adcolony.com/v4/launch
https://adc3-launch.adcolony.com/v4/launch
https://wd.adcolony.com/logs
https://api.%s/install_data/v3/
https://attr.%s/api/v
https://t.%s/api/v
https://events.%s/api/v
https://register.%s/api/v
https://stats.%s/stats
https://onelink.%s/shortlink-sdk/v1
https://onelink.%s/shortlink-sdk/v1
https://app.%s
https://app.%s
https://impression.%s
https://validate.%s/api/v
https://sdk-services.%s/validate-android-signature
https://monitorsdk.%s/remote-debug?app_id=
https://graph.%s
https://graph-video.%s
https://facebook.com
http://www.futuregamesnetwork.mobi/
http://hostname/?
http://hostname/?
http://www.google-analytics.com
https://ssl.google-analytics.com
https://www.googleapis.com/auth/plus.me
https://www.googleapis.com/auth/plus.me
https://www.googleapis.com/auth/games
https://www.googleapis.com/auth/games
https://www.googleapis.com/auth/games
http://plus.google.com/
https://www.googleapis.com/auth/games.firstparty
https://www.googleapis.com/auth/games.firstparty
https://googleads.g.doubleclick.net/mads/static/mad/sdk/native/sdk-core-v40.html
https://googleads.g.doubleclick.net/mads/static/mad/sdk/native/mraid/v2/mraid_app_banner.js
https://googleads.g.doubleclick.net/mads/static/mad/sdk/native/mraid/v2/mraid_app_expanded_banner.js
https://googleads.g.doubleclick.net/mads/static/mad/sdk/native/mraid/v2/mraid_app_interstitial.js
https://csi.gstatic.com/csi
http://www.google.com
https://www.googleapis.com/auth/plus.login
https://www.googletagmanager.com
https://track.atom-data.io
https://track.atom-data.io
https://track.atom-data.io
https://outcome.supersonicads.com/mediation/
https://outcome.supersonicads.com/mediation/
https://mobilelogs.supersonic.com
https://mobilelogs.supersonic.com
https://init.supersonicads.com/sdk/v
https://www.supersonicads.com/mobile/sdk5/log?method=
https://www.supersonicads.com/mobile/sdk5/log?method=
https://www.supersonicads.com/mobile/sdk5/log?method=
https://www.supersonicads.com/mobile/sdk5/log?method=
https://www.supersonicads.com/mobile/sdk5/log?method=
https://www.supersonicads.com/mobile/sdk5/log?method=
https://www.supersonicads.com/mobile/sdk5/log?method=
https://www.supersonicads.com/mobile/sdk5/log?method=
https://www.supersonicads.com/mobile/sdk5/log?method=injectJavaScript
https://www.supersonicads.com/mobile/sdk5/log?method=extraParametersToJson
https://www.supersonicads.com/mobile/sdk5/log?method=noProductType
https://www.supersonicads.com/mobile/sdk5/log?method=encodeAppUserId
https://www.supersonicads.com/mobile/sdk5/log?method=encodeAppKey
https://www.supersonicads.com/mobile/sdk5/log?method=webviewLoadBlank
https://www.supersonicads.com/mobile/sdk5/log?method=webviewLoadWithPath
https://www.supersonicads.com/mobile/sdk5/log?method=htmlControllerDoesNotExistOnFileSystem
https://www.supersonicads.com/mobile/sdk5/log?method=webviewPause
https://www.supersonicads.com/mobile/sdk5/log?method=webviewResume
https://px.moatads.com/pixel.gif?e=0&i=MOATSDK1&ac=1
https://z.moatads.com/
https://z.moatads.com/
https://analytics.mopub.com/i/jot/exchange_client_event
https://twitter.com/%s/status/%s
https://config.unityads.unity3d.com/webview/
https://www.vungle.com/privacy/
https://www.vungle.com/privacy/
http://lol.vungle.com/
https://api.vungle.com/
https://ads.api.vungle.com/config
http://gamecfg-mob.ubi.com/profile/?
http://gamecfg-mob.ubi.com/profile/?
http://gamecfg-mob.ubi.com/profile/?
http://gamecfg-mob.ubi.com/profile/?epoch=1

[INTERNAL_LOG][2018-06-12 09:25:01,268][INFO][find_url_in_apk()] [END ALL URL INSIDE APK]
[INTERNAL_LOG][2018-06-12 09:25:01,275][INFO][check_method_conf()] [JavaScript enabled: True]

[INTERNAL_LOG][2018-06-12 09:25:01,276][INFO][check_method_conf()] [Add interface WebView: True]

[INTERNAL_LOG][2018-06-12 09:25:01,276][INFO][analyze_start()] This app might be not vulnerable on  attack frame confusion.
[INTERNAL_LOG][2018-06-12 09:25:01,276][INFO][analyze_start()] End time:[Tue Jun 12 09:25:01 2018]
