[INTERNAL_LOG][2018-06-12 09:11:10,950][INFO][analyze_start()] Init Time [Tue Jun 12 09:11:10 2018]
[INTERNAL_LOG][2018-06-12 09:11:10,977][INFO][run()] Start Analysis
[INTERNAL_LOG][2018-06-12 09:11:10,978][INFO][is_hybird()] Hybrid file found are: ['res/xml/config.xml']
[INTERNAL_LOG][2018-06-12 09:11:10,978][INFO][is_hybird()] [Permission Enble Start]
[INTERNAL_LOG][2018-06-12 09:11:10,978][INFO][is_hybird()] android.permission.INTERNET
[INTERNAL_LOG][2018-06-12 09:11:10,978][INFO][is_hybird()] android.permission.ACCESS_NETWORK_STATE
[INTERNAL_LOG][2018-06-12 09:11:10,978][INFO][is_hybird()] android.permission.READ_SMS
[INTERNAL_LOG][2018-06-12 09:11:10,978][INFO][is_hybird()] android.permission.RECEIVE_SMS
[INTERNAL_LOG][2018-06-12 09:11:10,978][INFO][is_hybird()] android.permission.SEND_SMS
[INTERNAL_LOG][2018-06-12 09:11:10,978][INFO][is_hybird()] android.permission.READ_CALL_LOG
[INTERNAL_LOG][2018-06-12 09:11:10,978][INFO][is_hybird()] android.permission.WRITE_EXTERNAL_STORAGE
[INTERNAL_LOG][2018-06-12 09:11:10,978][INFO][is_hybird()] android.permission.READ_EXTERNAL_STORAGE
[INTERNAL_LOG][2018-06-12 09:11:10,978][INFO][is_hybird()] android.permission.CAMERA
[INTERNAL_LOG][2018-06-12 09:11:10,978][INFO][is_hybird()] android.permission.USE_FINGERPRINT
[INTERNAL_LOG][2018-06-12 09:11:10,978][INFO][is_hybird()] android.permission.ACCESS_WIFI_STATE
[INTERNAL_LOG][2018-06-12 09:11:10,978][INFO][is_hybird()] android.permission.WAKE_LOCK
[INTERNAL_LOG][2018-06-12 09:11:10,979][INFO][is_hybird()] com.google.android.c2dm.permission.RECEIVE
[INTERNAL_LOG][2018-06-12 09:11:10,979][INFO][is_hybird()] com.indiaBulls.permission.C2D_MESSAGE
[INTERNAL_LOG][2018-06-12 09:11:10,979][INFO][is_hybird()] [Permission End]

[INTERNAL_LOG][2018-06-12 09:11:10,979][INFO][is_hybird()] Starting apktool
[INTERNAL_LOG][2018-06-12 09:11:16,375][INFO][check_whitelist()] [INIT ACCESS ORIGIN LIST]
[INTERNAL_LOG][2018-06-12 09:11:16,385][INFO][check_whitelist()] origin: *
[INTERNAL_LOG][2018-06-12 09:11:16,396][INFO][check_whitelist()] [END ACCESS ORIGIN LIST]

[INTERNAL_LOG][2018-06-12 09:11:16,539][INFO][analyze_start()] TYPE APK: [HYBRID]

[INTERNAL_LOG][2018-06-12 09:11:16,570][INFO][find_string()] [START FILE ANALYZE]
[INTERNAL_LOG][2018-06-12 09:11:16,585][INFO][find_string()] File: assets/www/index.html
[INTERNAL_LOG][2018-06-12 09:11:17,887][INFO][find_string()] No iframe in assets/www/index.html
[INTERNAL_LOG][2018-06-12 09:11:17,907][INFO][find_string()] File: assets/www/modules/aadhaarVerification/aadhaarVerification.html
[INTERNAL_LOG][2018-06-12 09:11:18,995][INFO][find_string()] No iframe in assets/www/modules/aadhaarVerification/aadhaarVerification.html
[INTERNAL_LOG][2018-06-12 09:11:19,016][INFO][find_string()] File: assets/www/modules/aadharNotLinked/aadharNotLinked.html
[INTERNAL_LOG][2018-06-12 09:11:20,621][INFO][find_string()] No iframe in assets/www/modules/aadharNotLinked/aadharNotLinked.html
[INTERNAL_LOG][2018-06-12 09:11:20,641][INFO][find_string()] File: assets/www/modules/aboutUs/aboutUs.html
[INTERNAL_LOG][2018-06-12 09:11:20,806][INFO][find_string()] No iframe in assets/www/modules/aboutUs/aboutUs.html
[INTERNAL_LOG][2018-06-12 09:11:20,827][INFO][find_string()] File: assets/www/modules/changeMpin/changeMpin.html
[INTERNAL_LOG][2018-06-12 09:11:21,421][INFO][find_string()] No iframe in assets/www/modules/changeMpin/changeMpin.html
[INTERNAL_LOG][2018-06-12 09:11:21,442][INFO][find_string()] File: assets/www/modules/congoDetails/congoDetails.html
[INTERNAL_LOG][2018-06-12 09:11:22,600][INFO][find_string()] No iframe in assets/www/modules/congoDetails/congoDetails.html
[INTERNAL_LOG][2018-06-12 09:11:22,600][INFO][find_string()] File: assets/www/modules/contactUs/contactUs.html
[INTERNAL_LOG][2018-06-12 09:11:22,601][INFO][find_string()] No iframe in assets/www/modules/contactUs/contactUs.html
[INTERNAL_LOG][2018-06-12 09:11:22,601][INFO][find_string()] File: assets/www/modules/disSuccess/disSuccess.html
[INTERNAL_LOG][2018-06-12 09:11:22,603][INFO][find_string()] No iframe in assets/www/modules/disSuccess/disSuccess.html
[INTERNAL_LOG][2018-06-12 09:11:22,603][INFO][find_string()] File: assets/www/modules/eMandate/eMandate.html
[INTERNAL_LOG][2018-06-12 09:11:22,607][INFO][find_string()] No iframe in assets/www/modules/eMandate/eMandate.html
[INTERNAL_LOG][2018-06-12 09:11:22,607][INFO][find_string()] File: assets/www/modules/eSign/eSign.html
[INTERNAL_LOG][2018-06-12 09:11:22,609][INFO][find_string()] No iframe in assets/www/modules/eSign/eSign.html
[INTERNAL_LOG][2018-06-12 09:11:22,609][INFO][find_string()] File: assets/www/modules/enterAadhaar/enterAadhaar.html
[INTERNAL_LOG][2018-06-12 09:11:22,611][INFO][find_string()] No iframe in assets/www/modules/enterAadhaar/enterAadhaar.html
[INTERNAL_LOG][2018-06-12 09:11:22,611][INFO][find_string()] File: assets/www/modules/enterPan/enterPan.html
[INTERNAL_LOG][2018-06-12 09:11:22,612][INFO][find_string()] No iframe in assets/www/modules/enterPan/enterPan.html
[INTERNAL_LOG][2018-06-12 09:11:22,612][INFO][find_string()] File: assets/www/modules/faq/faq.html
[INTERNAL_LOG][2018-06-12 09:11:22,613][INFO][find_string()] No iframe in assets/www/modules/faq/faq.html
[INTERNAL_LOG][2018-06-12 09:11:22,613][INFO][find_string()] File: assets/www/modules/fewMore/fewMore.html
[INTERNAL_LOG][2018-06-12 09:11:22,616][INFO][find_string()] No iframe in assets/www/modules/fewMore/fewMore.html
[INTERNAL_LOG][2018-06-12 09:11:22,616][INFO][find_string()] File: assets/www/modules/indiabullsMsg/indiabullsMsg.html
[INTERNAL_LOG][2018-06-12 09:11:22,618][INFO][find_string()] No iframe in assets/www/modules/indiabullsMsg/indiabullsMsg.html
[INTERNAL_LOG][2018-06-12 09:11:22,619][INFO][find_string()] File: assets/www/modules/loanRequirement/loanRequirement.html
[INTERNAL_LOG][2018-06-12 09:11:22,622][INFO][find_string()] No iframe in assets/www/modules/loanRequirement/loanRequirement.html
[INTERNAL_LOG][2018-06-12 09:11:22,622][INFO][find_string()] File: assets/www/modules/mandateRegister/mandateRegister.html
[INTERNAL_LOG][2018-06-12 09:11:22,623][INFO][find_string()] No iframe in assets/www/modules/mandateRegister/mandateRegister.html
[INTERNAL_LOG][2018-06-12 09:11:22,623][INFO][find_string()] File: assets/www/modules/mpin/mpin.html
[INTERNAL_LOG][2018-06-12 09:11:22,625][INFO][find_string()] No iframe in assets/www/modules/mpin/mpin.html
[INTERNAL_LOG][2018-06-12 09:11:22,625][INFO][find_string()] File: assets/www/modules/nonStp/nonStp.html
[INTERNAL_LOG][2018-06-12 09:11:22,629][INFO][find_string()] No iframe in assets/www/modules/nonStp/nonStp.html
[INTERNAL_LOG][2018-06-12 09:11:22,629][INFO][find_string()] File: assets/www/modules/payment/payment.html
[INTERNAL_LOG][2018-06-12 09:11:22,631][INFO][find_string()] No iframe in assets/www/modules/payment/payment.html
[INTERNAL_LOG][2018-06-12 09:11:22,631][INFO][find_string()] File: assets/www/modules/payment/paymentSuccess.html
[INTERNAL_LOG][2018-06-12 09:11:22,633][INFO][find_string()] No iframe in assets/www/modules/payment/paymentSuccess.html
[INTERNAL_LOG][2018-06-12 09:11:22,634][INFO][find_string()] File: assets/www/modules/personalInfo/persoanlInfo.html
[INTERNAL_LOG][2018-06-12 09:11:22,638][INFO][find_string()] No iframe in assets/www/modules/personalInfo/persoanlInfo.html
[INTERNAL_LOG][2018-06-12 09:11:22,638][INFO][find_string()] File: assets/www/modules/profile/profile.html
[INTERNAL_LOG][2018-06-12 09:11:22,639][INFO][find_string()] No iframe in assets/www/modules/profile/profile.html
[INTERNAL_LOG][2018-06-12 09:11:22,639][INFO][find_string()] File: assets/www/modules/recentTrans/recentTrans.html
[INTERNAL_LOG][2018-06-12 09:11:22,642][INFO][find_string()] No iframe in assets/www/modules/recentTrans/recentTrans.html
[INTERNAL_LOG][2018-06-12 09:11:22,642][INFO][find_string()] File: assets/www/modules/selfie/selfie.html
[INTERNAL_LOG][2018-06-12 09:11:22,643][INFO][find_string()] No iframe in assets/www/modules/selfie/selfie.html
[INTERNAL_LOG][2018-06-12 09:11:22,643][INFO][find_string()] File: assets/www/modules/serviceRequest/serviceRequest.html
[INTERNAL_LOG][2018-06-12 09:11:22,644][INFO][find_string()] No iframe in assets/www/modules/serviceRequest/serviceRequest.html
[INTERNAL_LOG][2018-06-12 09:11:22,644][INFO][find_string()] File: assets/www/modules/serviceRequest/serviceRequestSuccess.html
[INTERNAL_LOG][2018-06-12 09:11:22,646][INFO][find_string()] No iframe in assets/www/modules/serviceRequest/serviceRequestSuccess.html
[INTERNAL_LOG][2018-06-12 09:11:22,646][INFO][find_string()] File: assets/www/modules/signUpOtp/signUpOtp.html
[INTERNAL_LOG][2018-06-12 09:11:22,647][INFO][find_string()] No iframe in assets/www/modules/signUpOtp/signUpOtp.html
[INTERNAL_LOG][2018-06-12 09:11:22,647][INFO][find_string()] File: assets/www/modules/thankYou/thankYou.html
[INTERNAL_LOG][2018-06-12 09:11:22,649][INFO][find_string()] No iframe in assets/www/modules/thankYou/thankYou.html
[INTERNAL_LOG][2018-06-12 09:11:22,649][INFO][find_string()] File: assets/www/modules/thankYouHold/thankYouHold.html
[INTERNAL_LOG][2018-06-12 09:11:22,650][INFO][find_string()] No iframe in assets/www/modules/thankYouHold/thankYouHold.html
[INTERNAL_LOG][2018-06-12 09:11:22,650][INFO][find_string()] File: assets/www/modules/thankYouPayments/thankYouPayments.html
[INTERNAL_LOG][2018-06-12 09:11:22,651][INFO][find_string()] No iframe in assets/www/modules/thankYouPayments/thankYouPayments.html
[INTERNAL_LOG][2018-06-12 09:11:22,651][INFO][find_string()] File: assets/www/modules/touchId/touchId.html
[INTERNAL_LOG][2018-06-12 09:11:22,652][INFO][find_string()] No iframe in assets/www/modules/touchId/touchId.html
[INTERNAL_LOG][2018-06-12 09:11:22,652][INFO][find_string()] File: assets/www/modules/tour/tour.html
[INTERNAL_LOG][2018-06-12 09:11:22,655][INFO][find_string()] No iframe in assets/www/modules/tour/tour.html
[INTERNAL_LOG][2018-06-12 09:11:22,655][INFO][find_string()] File: assets/www/modules/uploadDoc/uploadDoc.html
[INTERNAL_LOG][2018-06-12 09:11:22,656][INFO][find_string()] No iframe in assets/www/modules/uploadDoc/uploadDoc.html
[INTERNAL_LOG][2018-06-12 09:11:22,656][INFO][find_string()] File: assets/www/modules/verifyLoanDetails/verifyLoanDetails.html
[INTERNAL_LOG][2018-06-12 09:11:22,660][INFO][find_string()] No iframe in assets/www/modules/verifyLoanDetails/verifyLoanDetails.html
[INTERNAL_LOG][2018-06-12 09:11:22,660][INFO][find_string()] File: assets/www/modules/writeToUs/writeToUs.html
[INTERNAL_LOG][2018-06-12 09:11:22,662][INFO][find_string()] No iframe in assets/www/modules/writeToUs/writeToUs.html
[INTERNAL_LOG][2018-06-12 09:11:22,662][INFO][find_string()] [END ANALYZE FILE]

[INTERNAL_LOG][2018-06-12 09:11:22,662][INFO][find_string()] [START FILE ANALYZE]
[INTERNAL_LOG][2018-06-12 09:11:22,662][INFO][find_string()] File: assets/www/common/directives/js/appsFlyer.js
[INTERNAL_LOG][2018-06-12 09:11:22,662][INFO][find_string()] No iframe in assets/www/common/directives/js/appsFlyer.js
[INTERNAL_LOG][2018-06-12 09:11:22,663][INFO][find_string()] File: assets/www/common/directives/js/directives.js
[INTERNAL_LOG][2018-06-12 09:11:22,663][INFO][find_string()] No iframe in assets/www/common/directives/js/directives.js
[INTERNAL_LOG][2018-06-12 09:11:22,663][INFO][find_string()] File: assets/www/common/directives/js/numberValidation.js
[INTERNAL_LOG][2018-06-12 09:11:22,664][INFO][find_string()] No iframe in assets/www/common/directives/js/numberValidation.js
[INTERNAL_LOG][2018-06-12 09:11:22,664][INFO][find_string()] File: assets/www/common/filters/INR.js
[INTERNAL_LOG][2018-06-12 09:11:22,664][INFO][find_string()] No iframe in assets/www/common/filters/INR.js
[INTERNAL_LOG][2018-06-12 09:11:22,665][INFO][find_string()] File: assets/www/common/filters/mask.js
[INTERNAL_LOG][2018-06-12 09:11:22,665][INFO][find_string()] No iframe in assets/www/common/filters/mask.js
[INTERNAL_LOG][2018-06-12 09:11:22,665][INFO][find_string()] File: assets/www/common/services/appsFlyerService.js
[INTERNAL_LOG][2018-06-12 09:11:22,665][INFO][find_string()] No iframe in assets/www/common/services/appsFlyerService.js
[INTERNAL_LOG][2018-06-12 09:11:22,665][INFO][find_string()] File: assets/www/common/services/cameraServices.js
[INTERNAL_LOG][2018-06-12 09:11:22,666][INFO][find_string()] No iframe in assets/www/common/services/cameraServices.js
[INTERNAL_LOG][2018-06-12 09:11:22,666][INFO][find_string()] File: assets/www/common/services/openUrlInAppbroswerService.js
[INTERNAL_LOG][2018-06-12 09:11:22,666][INFO][find_string()] No iframe in assets/www/common/services/openUrlInAppbroswerService.js
[INTERNAL_LOG][2018-06-12 09:11:22,666][INFO][find_string()] File: assets/www/common/services/otpAutoReadService.js
[INTERNAL_LOG][2018-06-12 09:11:22,667][INFO][find_string()] No iframe in assets/www/common/services/otpAutoReadService.js
[INTERNAL_LOG][2018-06-12 09:11:22,667][INFO][find_string()] File: assets/www/common/services/securityServices.js
[INTERNAL_LOG][2018-06-12 09:11:22,667][INFO][find_string()] No iframe in assets/www/common/services/securityServices.js
[INTERNAL_LOG][2018-06-12 09:11:22,667][INFO][find_string()] File: assets/www/common/services/touchIdService.js
[INTERNAL_LOG][2018-06-12 09:11:22,668][INFO][find_string()] No iframe in assets/www/common/services/touchIdService.js
[INTERNAL_LOG][2018-06-12 09:11:22,668][INFO][find_string()] File: assets/www/common/services/validationService.js
[INTERNAL_LOG][2018-06-12 09:11:22,668][INFO][find_string()] No iframe in assets/www/common/services/validationService.js
[INTERNAL_LOG][2018-06-12 09:11:22,668][INFO][find_string()] File: assets/www/common/utils/AdapterUtils.js
[INTERNAL_LOG][2018-06-12 09:11:22,670][INFO][find_string()] No iframe in assets/www/common/utils/AdapterUtils.js
[INTERNAL_LOG][2018-06-12 09:11:22,670][INFO][find_string()] File: assets/www/common/utils/ConnectivityMonitorUtils.js
[INTERNAL_LOG][2018-06-12 09:11:22,672][INFO][find_string()] No iframe in assets/www/common/utils/ConnectivityMonitorUtils.js
[INTERNAL_LOG][2018-06-12 09:11:22,672][INFO][find_string()] File: assets/www/common/utils/constantConfig.js
[INTERNAL_LOG][2018-06-12 09:11:22,673][INFO][find_string()] No iframe in assets/www/common/utils/constantConfig.js
[INTERNAL_LOG][2018-06-12 09:11:22,673][INFO][find_string()] File: assets/www/common/utils/utilityService.js
[INTERNAL_LOG][2018-06-12 09:11:22,674][INFO][find_string()] No iframe in assets/www/common/utils/utilityService.js
[INTERNAL_LOG][2018-06-12 09:11:22,674][INFO][find_string()] File: assets/www/cordova-js-src/android/nativeapiprovider.js
[INTERNAL_LOG][2018-06-12 09:11:22,674][INFO][find_string()] No iframe in assets/www/cordova-js-src/android/nativeapiprovider.js
[INTERNAL_LOG][2018-06-12 09:11:22,674][INFO][find_string()] File: assets/www/cordova-js-src/android/promptbasednativeapi.js
[INTERNAL_LOG][2018-06-12 09:11:22,674][INFO][find_string()] No iframe in assets/www/cordova-js-src/android/promptbasednativeapi.js
[INTERNAL_LOG][2018-06-12 09:11:22,674][INFO][find_string()] File: assets/www/cordova-js-src/exec.js
[INTERNAL_LOG][2018-06-12 09:11:22,675][INFO][find_string()] No iframe in assets/www/cordova-js-src/exec.js
[INTERNAL_LOG][2018-06-12 09:11:22,675][INFO][find_string()] File: assets/www/cordova-js-src/platform.js
[INTERNAL_LOG][2018-06-12 09:11:22,676][INFO][find_string()] No iframe in assets/www/cordova-js-src/platform.js
[INTERNAL_LOG][2018-06-12 09:11:22,676][INFO][find_string()] File: assets/www/cordova-js-src/plugin/android/app.js
[INTERNAL_LOG][2018-06-12 09:11:22,676][INFO][find_string()] No iframe in assets/www/cordova-js-src/plugin/android/app.js
[INTERNAL_LOG][2018-06-12 09:11:22,676][INFO][find_string()] File: assets/www/cordova.js
[INTERNAL_LOG][2018-06-12 09:11:22,679][INFO][find_string()] No iframe in assets/www/cordova.js
[INTERNAL_LOG][2018-06-12 09:11:22,679][INFO][find_string()] File: assets/www/cordova_plugins.js
[INTERNAL_LOG][2018-06-12 09:11:22,680][INFO][find_string()] No iframe in assets/www/cordova_plugins.js
[INTERNAL_LOG][2018-06-12 09:11:22,680][INFO][find_string()] File: assets/www/js/app/app.js
[INTERNAL_LOG][2018-06-12 09:11:22,680][INFO][find_string()] No iframe in assets/www/js/app/app.js
[INTERNAL_LOG][2018-06-12 09:11:22,680][INFO][find_string()] File: assets/www/js/app/appConfig.js
[INTERNAL_LOG][2018-06-12 09:11:22,681][INFO][find_string()] No iframe in assets/www/js/app/appConfig.js
[INTERNAL_LOG][2018-06-12 09:11:22,681][INFO][find_string()] File: assets/www/js/app/index.js
[INTERNAL_LOG][2018-06-12 09:11:22,682][INFO][find_string()] No iframe in assets/www/js/app/index.js
[INTERNAL_LOG][2018-06-12 09:11:22,682][INFO][find_string()] File: assets/www/js/app/script.js
[INTERNAL_LOG][2018-06-12 09:11:22,682][INFO][find_string()] No iframe in assets/www/js/app/script.js
[INTERNAL_LOG][2018-06-12 09:11:22,682][INFO][find_string()] File: assets/www/js/plugins/angular-animate.min.js
[INTERNAL_LOG][2018-06-12 09:11:22,684][INFO][find_string()] No iframe in assets/www/js/plugins/angular-animate.min.js
[INTERNAL_LOG][2018-06-12 09:11:22,684][INFO][find_string()] File: assets/www/js/plugins/angular-sanitize.min.js
[INTERNAL_LOG][2018-06-12 09:11:22,685][INFO][find_string()] No iframe in assets/www/js/plugins/angular-sanitize.min.js
[INTERNAL_LOG][2018-06-12 09:11:22,685][INFO][find_string()] File: assets/www/js/plugins/angular-translate-loader-static-files.min.js
[INTERNAL_LOG][2018-06-12 09:11:22,686][INFO][find_string()] No iframe in assets/www/js/plugins/angular-translate-loader-static-files.min.js
[INTERNAL_LOG][2018-06-12 09:11:22,686][INFO][find_string()] File: assets/www/js/plugins/angular-translate.min.js
[INTERNAL_LOG][2018-06-12 09:11:22,687][INFO][find_string()] No iframe in assets/www/js/plugins/angular-translate.min.js
[INTERNAL_LOG][2018-06-12 09:11:22,687][INFO][find_string()] File: assets/www/js/plugins/angular-ui-router.min.js
[INTERNAL_LOG][2018-06-12 09:11:22,689][INFO][find_string()] No iframe in assets/www/js/plugins/angular-ui-router.min.js
[INTERNAL_LOG][2018-06-12 09:11:22,689][INFO][find_string()] File: assets/www/js/plugins/angular.js
[INTERNAL_LOG][2018-06-12 09:11:22,758][INFO][find_string()] No iframe in assets/www/js/plugins/angular.js
[INTERNAL_LOG][2018-06-12 09:11:22,759][INFO][find_string()] File: assets/www/js/plugins/angular.min.js
[INTERNAL_LOG][2018-06-12 09:11:22,767][INFO][find_string()] No iframe in assets/www/js/plugins/angular.min.js
[INTERNAL_LOG][2018-06-12 09:11:22,767][INFO][find_string()] File: assets/www/js/plugins/jquery-3.2.1.min.js
[INTERNAL_LOG][2018-06-12 09:11:22,772][INFO][find_string()] No iframe in assets/www/js/plugins/jquery-3.2.1.min.js
[INTERNAL_LOG][2018-06-12 09:11:22,772][INFO][find_string()] File: assets/www/js/plugins/materialize.min.js
[INTERNAL_LOG][2018-06-12 09:11:22,782][INFO][find_string()] No iframe in assets/www/js/plugins/materialize.min.js
[INTERNAL_LOG][2018-06-12 09:11:22,783][INFO][find_string()] File: assets/www/js/plugins/mobiscroll-2.4.min.js
[INTERNAL_LOG][2018-06-12 09:11:22,787][INFO][find_string()] No iframe in assets/www/js/plugins/mobiscroll-2.4.min.js
[INTERNAL_LOG][2018-06-12 09:11:22,787][INFO][find_string()] File: assets/www/js/plugins/ng-cordova.min.js
[INTERNAL_LOG][2018-06-12 09:11:22,790][INFO][find_string()] No iframe in assets/www/js/plugins/ng-cordova.min.js
[INTERNAL_LOG][2018-06-12 09:11:22,790][INFO][find_string()] File: assets/www/js/plugins/rzslider.min.js
[INTERNAL_LOG][2018-06-12 09:11:22,792][INFO][find_string()] No iframe in assets/www/js/plugins/rzslider.min.js
[INTERNAL_LOG][2018-06-12 09:11:22,792][INFO][find_string()] File: assets/www/js/plugins/swiper.min.js
[INTERNAL_LOG][2018-06-12 09:11:22,799][INFO][find_string()] No iframe in assets/www/js/plugins/swiper.min.js
[INTERNAL_LOG][2018-06-12 09:11:22,799][INFO][find_string()] File: assets/www/js/service/commonDataService.js
[INTERNAL_LOG][2018-06-12 09:11:22,799][INFO][find_string()] No iframe in assets/www/js/service/commonDataService.js
[INTERNAL_LOG][2018-06-12 09:11:22,799][INFO][find_string()] File: assets/www/js/service/leadCaptureService.js
[INTERNAL_LOG][2018-06-12 09:11:22,800][INFO][find_string()] No iframe in assets/www/js/service/leadCaptureService.js
[INTERNAL_LOG][2018-06-12 09:11:22,800][INFO][find_string()] File: assets/www/js/service/personalLoanService.js
[INTERNAL_LOG][2018-06-12 09:11:22,801][INFO][find_string()] No iframe in assets/www/js/service/personalLoanService.js
[INTERNAL_LOG][2018-06-12 09:11:22,801][INFO][find_string()] File: assets/www/js/service/preLoginService.js
[INTERNAL_LOG][2018-06-12 09:11:22,801][INFO][find_string()] No iframe in assets/www/js/service/preLoginService.js
[INTERNAL_LOG][2018-06-12 09:11:22,801][INFO][find_string()] File: assets/www/js/service/userStageService.js
[INTERNAL_LOG][2018-06-12 09:11:22,802][INFO][find_string()] No iframe in assets/www/js/service/userStageService.js
[INTERNAL_LOG][2018-06-12 09:11:22,802][INFO][find_string()] File: assets/www/modules/aadhaarVerification/aadhaarVerifyController.js
[INTERNAL_LOG][2018-06-12 09:11:22,803][INFO][find_string()] No iframe in assets/www/modules/aadhaarVerification/aadhaarVerifyController.js
[INTERNAL_LOG][2018-06-12 09:11:22,803][INFO][find_string()] File: assets/www/modules/aadharNotLinked/aadharNotLinkedController.js
[INTERNAL_LOG][2018-06-12 09:11:22,806][INFO][find_string()] No iframe in assets/www/modules/aadharNotLinked/aadharNotLinkedController.js
[INTERNAL_LOG][2018-06-12 09:11:22,806][INFO][find_string()] File: assets/www/modules/aboutUs/aboutUsController.js
[INTERNAL_LOG][2018-06-12 09:11:22,806][INFO][find_string()] No iframe in assets/www/modules/aboutUs/aboutUsController.js
[INTERNAL_LOG][2018-06-12 09:11:22,806][INFO][find_string()] File: assets/www/modules/changeMpin/changeMpinController.js
[INTERNAL_LOG][2018-06-12 09:11:22,806][INFO][find_string()] No iframe in assets/www/modules/changeMpin/changeMpinController.js
[INTERNAL_LOG][2018-06-12 09:11:22,806][INFO][find_string()] File: assets/www/modules/congoDetails/congoDetailsController.js
[INTERNAL_LOG][2018-06-12 09:11:22,807][INFO][find_string()] No iframe in assets/www/modules/congoDetails/congoDetailsController.js
[INTERNAL_LOG][2018-06-12 09:11:22,807][INFO][find_string()] File: assets/www/modules/contactUs/contactUsController.js
[INTERNAL_LOG][2018-06-12 09:11:22,808][INFO][find_string()] No iframe in assets/www/modules/contactUs/contactUsController.js
[INTERNAL_LOG][2018-06-12 09:11:22,808][INFO][find_string()] File: assets/www/modules/disSuccess/disSuccessController.js
[INTERNAL_LOG][2018-06-12 09:11:22,808][INFO][find_string()] No iframe in assets/www/modules/disSuccess/disSuccessController.js
[INTERNAL_LOG][2018-06-12 09:11:22,808][INFO][find_string()] File: assets/www/modules/eMandate/eMandateController.js
[INTERNAL_LOG][2018-06-12 09:11:22,811][INFO][find_string()] No iframe in assets/www/modules/eMandate/eMandateController.js
[INTERNAL_LOG][2018-06-12 09:11:22,811][INFO][find_string()] File: assets/www/modules/eSign/eSignController.js
[INTERNAL_LOG][2018-06-12 09:11:22,811][INFO][find_string()] No iframe in assets/www/modules/eSign/eSignController.js
[INTERNAL_LOG][2018-06-12 09:11:22,811][INFO][find_string()] File: assets/www/modules/enterAadhaar/enterAadhaarController.js
[INTERNAL_LOG][2018-06-12 09:11:22,812][INFO][find_string()] No iframe in assets/www/modules/enterAadhaar/enterAadhaarController.js
[INTERNAL_LOG][2018-06-12 09:11:22,812][INFO][find_string()] File: assets/www/modules/enterPan/enterPanController.js
[INTERNAL_LOG][2018-06-12 09:11:22,812][INFO][find_string()] No iframe in assets/www/modules/enterPan/enterPanController.js
[INTERNAL_LOG][2018-06-12 09:11:22,812][INFO][find_string()] File: assets/www/modules/faq/faqController.js
[INTERNAL_LOG][2018-06-12 09:11:22,813][INFO][find_string()] No iframe in assets/www/modules/faq/faqController.js
[INTERNAL_LOG][2018-06-12 09:11:22,813][INFO][find_string()] File: assets/www/modules/fewMore/fewMoreController.js
[INTERNAL_LOG][2018-06-12 09:11:22,813][INFO][find_string()] No iframe in assets/www/modules/fewMore/fewMoreController.js
[INTERNAL_LOG][2018-06-12 09:11:22,813][INFO][find_string()] File: assets/www/modules/indiabullsMsg/indiabullsMsgController.js
[INTERNAL_LOG][2018-06-12 09:11:22,814][INFO][find_string()] No iframe in assets/www/modules/indiabullsMsg/indiabullsMsgController.js
[INTERNAL_LOG][2018-06-12 09:11:22,814][INFO][find_string()] File: assets/www/modules/loanRequirement/loanReqController.js
[INTERNAL_LOG][2018-06-12 09:11:22,815][INFO][find_string()] No iframe in assets/www/modules/loanRequirement/loanReqController.js
[INTERNAL_LOG][2018-06-12 09:11:22,815][INFO][find_string()] File: assets/www/modules/mandateRegister/mandateRegisterController.js
[INTERNAL_LOG][2018-06-12 09:11:22,815][INFO][find_string()] No iframe in assets/www/modules/mandateRegister/mandateRegisterController.js
[INTERNAL_LOG][2018-06-12 09:11:22,816][INFO][find_string()] File: assets/www/modules/mpin/mpinController.js
[INTERNAL_LOG][2018-06-12 09:11:22,816][INFO][find_string()] No iframe in assets/www/modules/mpin/mpinController.js
[INTERNAL_LOG][2018-06-12 09:11:22,816][INFO][find_string()] File: assets/www/modules/nonStp/nonStpController.js
[INTERNAL_LOG][2018-06-12 09:11:22,817][INFO][find_string()] No iframe in assets/www/modules/nonStp/nonStpController.js
[INTERNAL_LOG][2018-06-12 09:11:22,817][INFO][find_string()] File: assets/www/modules/payment/paymentController.js
[INTERNAL_LOG][2018-06-12 09:11:22,817][INFO][find_string()] No iframe in assets/www/modules/payment/paymentController.js
[INTERNAL_LOG][2018-06-12 09:11:22,817][INFO][find_string()] File: assets/www/modules/payment/paymentSuccessController.js
[INTERNAL_LOG][2018-06-12 09:11:22,818][INFO][find_string()] No iframe in assets/www/modules/payment/paymentSuccessController.js
[INTERNAL_LOG][2018-06-12 09:11:22,818][INFO][find_string()] File: assets/www/modules/personalInfo/personalInfoController.js
[INTERNAL_LOG][2018-06-12 09:11:22,821][INFO][find_string()] No iframe in assets/www/modules/personalInfo/personalInfoController.js
[INTERNAL_LOG][2018-06-12 09:11:22,821][INFO][find_string()] File: assets/www/modules/profile/profileController.js
[INTERNAL_LOG][2018-06-12 09:11:22,821][INFO][find_string()] No iframe in assets/www/modules/profile/profileController.js
[INTERNAL_LOG][2018-06-12 09:11:22,821][INFO][find_string()] File: assets/www/modules/recentTrans/recentTransController.js
[INTERNAL_LOG][2018-06-12 09:11:22,822][INFO][find_string()] No iframe in assets/www/modules/recentTrans/recentTransController.js
[INTERNAL_LOG][2018-06-12 09:11:22,822][INFO][find_string()] File: assets/www/modules/selfie/selfieController.js
[INTERNAL_LOG][2018-06-12 09:11:22,822][INFO][find_string()] No iframe in assets/www/modules/selfie/selfieController.js
[INTERNAL_LOG][2018-06-12 09:11:22,822][INFO][find_string()] File: assets/www/modules/serviceRequest/serviceRequestController.js
[INTERNAL_LOG][2018-06-12 09:11:22,823][INFO][find_string()] No iframe in assets/www/modules/serviceRequest/serviceRequestController.js
[INTERNAL_LOG][2018-06-12 09:11:22,823][INFO][find_string()] File: assets/www/modules/serviceRequest/serviceRequestSuccessController.js
[INTERNAL_LOG][2018-06-12 09:11:22,823][INFO][find_string()] No iframe in assets/www/modules/serviceRequest/serviceRequestSuccessController.js
[INTERNAL_LOG][2018-06-12 09:11:22,823][INFO][find_string()] File: assets/www/modules/signUpOtp/signUpOtpController.js
[INTERNAL_LOG][2018-06-12 09:11:22,824][INFO][find_string()] No iframe in assets/www/modules/signUpOtp/signUpOtpController.js
[INTERNAL_LOG][2018-06-12 09:11:22,824][INFO][find_string()] File: assets/www/modules/thankYou/thankYouController.js
[INTERNAL_LOG][2018-06-12 09:11:22,825][INFO][find_string()] No iframe in assets/www/modules/thankYou/thankYouController.js
[INTERNAL_LOG][2018-06-12 09:11:22,825][INFO][find_string()] File: assets/www/modules/thankYouHold/thankYouHoldController.js
[INTERNAL_LOG][2018-06-12 09:11:22,825][INFO][find_string()] No iframe in assets/www/modules/thankYouHold/thankYouHoldController.js
[INTERNAL_LOG][2018-06-12 09:11:22,825][INFO][find_string()] File: assets/www/modules/thankYouPayments/thankYouPaymentsController.js
[INTERNAL_LOG][2018-06-12 09:11:22,825][INFO][find_string()] No iframe in assets/www/modules/thankYouPayments/thankYouPaymentsController.js
[INTERNAL_LOG][2018-06-12 09:11:22,825][INFO][find_string()] File: assets/www/modules/touchId/touchIdController.js
[INTERNAL_LOG][2018-06-12 09:11:22,826][INFO][find_string()] No iframe in assets/www/modules/touchId/touchIdController.js
[INTERNAL_LOG][2018-06-12 09:11:22,826][INFO][find_string()] File: assets/www/modules/tour/tourController.js
[INTERNAL_LOG][2018-06-12 09:11:22,826][INFO][find_string()] No iframe in assets/www/modules/tour/tourController.js
[INTERNAL_LOG][2018-06-12 09:11:22,826][INFO][find_string()] File: assets/www/modules/uploadDoc/uploadDocController.js
[INTERNAL_LOG][2018-06-12 09:11:22,827][INFO][find_string()] No iframe in assets/www/modules/uploadDoc/uploadDocController.js
[INTERNAL_LOG][2018-06-12 09:11:22,827][INFO][find_string()] File: assets/www/modules/verifyLoanDetails/verifyLoanDetailsController.js
[INTERNAL_LOG][2018-06-12 09:11:22,828][INFO][find_string()] No iframe in assets/www/modules/verifyLoanDetails/verifyLoanDetailsController.js
[INTERNAL_LOG][2018-06-12 09:11:22,828][INFO][find_string()] File: assets/www/modules/writeToUs/writeToUsController.js
[INTERNAL_LOG][2018-06-12 09:11:22,829][INFO][find_string()] No iframe in assets/www/modules/writeToUs/writeToUsController.js
[INTERNAL_LOG][2018-06-12 09:11:22,829][INFO][find_string()] File: assets/www/plugins/cordova-plugin-FCMPlugin/www/FCMPlugin.js
[INTERNAL_LOG][2018-06-12 09:11:22,829][INFO][find_string()] No iframe in assets/www/plugins/cordova-plugin-FCMPlugin/www/FCMPlugin.js
[INTERNAL_LOG][2018-06-12 09:11:22,829][INFO][find_string()] File: assets/www/plugins/cordova-plugin-TouchIDPlugIn/www/TouchIDPlugIn.js
[INTERNAL_LOG][2018-06-12 09:11:22,829][INFO][find_string()] No iframe in assets/www/plugins/cordova-plugin-TouchIDPlugIn/www/TouchIDPlugIn.js
[INTERNAL_LOG][2018-06-12 09:11:22,830][INFO][find_string()] File: assets/www/plugins/cordova-plugin-appsflyer-sdk/www/AppsFlyerError.js
[INTERNAL_LOG][2018-06-12 09:11:22,830][INFO][find_string()] No iframe in assets/www/plugins/cordova-plugin-appsflyer-sdk/www/AppsFlyerError.js
[INTERNAL_LOG][2018-06-12 09:11:22,830][INFO][find_string()] File: assets/www/plugins/cordova-plugin-appsflyer-sdk/www/appsflyer.js
[INTERNAL_LOG][2018-06-12 09:11:22,830][INFO][find_string()] No iframe in assets/www/plugins/cordova-plugin-appsflyer-sdk/www/appsflyer.js
[INTERNAL_LOG][2018-06-12 09:11:22,830][INFO][find_string()] File: assets/www/plugins/cordova-plugin-appversion/www/app-version.js
[INTERNAL_LOG][2018-06-12 09:11:22,831][INFO][find_string()] No iframe in assets/www/plugins/cordova-plugin-appversion/www/app-version.js
[INTERNAL_LOG][2018-06-12 09:11:22,831][INFO][find_string()] File: assets/www/plugins/cordova-plugin-base64pdfmanager/www/base64PDFManager.js
[INTERNAL_LOG][2018-06-12 09:11:22,831][INFO][find_string()] No iframe in assets/www/plugins/cordova-plugin-base64pdfmanager/www/base64PDFManager.js
[INTERNAL_LOG][2018-06-12 09:11:22,831][INFO][find_string()] File: assets/www/plugins/cordova-plugin-camera-preview/www/CameraPreview.js
[INTERNAL_LOG][2018-06-12 09:11:22,832][INFO][find_string()] No iframe in assets/www/plugins/cordova-plugin-camera-preview/www/CameraPreview.js
[INTERNAL_LOG][2018-06-12 09:11:22,832][INFO][find_string()] File: assets/www/plugins/cordova-plugin-camera/www/Camera.js
[INTERNAL_LOG][2018-06-12 09:11:22,832][INFO][find_string()] No iframe in assets/www/plugins/cordova-plugin-camera/www/Camera.js
[INTERNAL_LOG][2018-06-12 09:11:22,832][INFO][find_string()] File: assets/www/plugins/cordova-plugin-camera/www/CameraConstants.js
[INTERNAL_LOG][2018-06-12 09:11:22,833][INFO][find_string()] No iframe in assets/www/plugins/cordova-plugin-camera/www/CameraConstants.js
[INTERNAL_LOG][2018-06-12 09:11:22,833][INFO][find_string()] File: assets/www/plugins/cordova-plugin-camera/www/CameraPopoverHandle.js
[INTERNAL_LOG][2018-06-12 09:11:22,833][INFO][find_string()] No iframe in assets/www/plugins/cordova-plugin-camera/www/CameraPopoverHandle.js
[INTERNAL_LOG][2018-06-12 09:11:22,833][INFO][find_string()] File: assets/www/plugins/cordova-plugin-camera/www/CameraPopoverOptions.js
[INTERNAL_LOG][2018-06-12 09:11:22,833][INFO][find_string()] No iframe in assets/www/plugins/cordova-plugin-camera/www/CameraPopoverOptions.js
[INTERNAL_LOG][2018-06-12 09:11:22,834][INFO][find_string()] File: assets/www/plugins/cordova-plugin-cryptoplugin/www/cryptoplugin.js
[INTERNAL_LOG][2018-06-12 09:11:22,838][INFO][find_string()] No iframe in assets/www/plugins/cordova-plugin-cryptoplugin/www/cryptoplugin.js
[INTERNAL_LOG][2018-06-12 09:11:22,838][INFO][find_string()] File: assets/www/plugins/cordova-plugin-device/www/device.js
[INTERNAL_LOG][2018-06-12 09:11:22,838][INFO][find_string()] No iframe in assets/www/plugins/cordova-plugin-device/www/device.js
[INTERNAL_LOG][2018-06-12 09:11:22,838][INFO][find_string()] File: assets/www/plugins/cordova-plugin-dialogs/www/android/notification.js
[INTERNAL_LOG][2018-06-12 09:11:22,839][INFO][find_string()] No iframe in assets/www/plugins/cordova-plugin-dialogs/www/android/notification.js
[INTERNAL_LOG][2018-06-12 09:11:22,839][INFO][find_string()] File: assets/www/plugins/cordova-plugin-dialogs/www/notification.js
[INTERNAL_LOG][2018-06-12 09:11:22,839][INFO][find_string()] No iframe in assets/www/plugins/cordova-plugin-dialogs/www/notification.js
[INTERNAL_LOG][2018-06-12 09:11:22,839][INFO][find_string()] File: assets/www/plugins/cordova-plugin-externalurlmanager/www/externalURLManager.js
[INTERNAL_LOG][2018-06-12 09:11:22,840][INFO][find_string()] No iframe in assets/www/plugins/cordova-plugin-externalurlmanager/www/externalURLManager.js
[INTERNAL_LOG][2018-06-12 09:11:22,840][INFO][find_string()] File: assets/www/plugins/cordova-plugin-globalization/www/GlobalizationError.js
[INTERNAL_LOG][2018-06-12 09:11:22,840][INFO][find_string()] No iframe in assets/www/plugins/cordova-plugin-globalization/www/GlobalizationError.js
[INTERNAL_LOG][2018-06-12 09:11:22,840][INFO][find_string()] File: assets/www/plugins/cordova-plugin-globalization/www/globalization.js
[INTERNAL_LOG][2018-06-12 09:11:22,841][INFO][find_string()] No iframe in assets/www/plugins/cordova-plugin-globalization/www/globalization.js
[INTERNAL_LOG][2018-06-12 09:11:22,841][INFO][find_string()] File: assets/www/plugins/cordova-plugin-iBullsGetFreqentCallsPlugin/www/iBullsGetFreqentCallsPlugin.js
[INTERNAL_LOG][2018-06-12 09:11:22,841][INFO][find_string()] No iframe in assets/www/plugins/cordova-plugin-iBullsGetFreqentCallsPlugin/www/iBullsGetFreqentCallsPlugin.js
[INTERNAL_LOG][2018-06-12 09:11:22,841][INFO][find_string()] File: assets/www/plugins/cordova-plugin-ibullsReadMessages/www/ibullsReadMessages.js
[INTERNAL_LOG][2018-06-12 09:11:22,841][INFO][find_string()] No iframe in assets/www/plugins/cordova-plugin-ibullsReadMessages/www/ibullsReadMessages.js
[INTERNAL_LOG][2018-06-12 09:11:22,841][INFO][find_string()] File: assets/www/plugins/cordova-plugin-mfp/bootstrap.js
[INTERNAL_LOG][2018-06-12 09:11:22,842][INFO][find_string()] No iframe in assets/www/plugins/cordova-plugin-mfp/bootstrap.js
[INTERNAL_LOG][2018-06-12 09:11:22,842][INFO][find_string()] File: assets/www/plugins/cordova-plugin-mfp/worklight/analytics/ibmmfpfanalytics.js
[INTERNAL_LOG][2018-06-12 09:11:22,844][INFO][find_string()] No iframe in assets/www/plugins/cordova-plugin-mfp/worklight/analytics/ibmmfpfanalytics.js
[INTERNAL_LOG][2018-06-12 09:11:22,844][INFO][find_string()] File: assets/www/plugins/cordova-plugin-mfp/worklight/checksum.js
[INTERNAL_LOG][2018-06-12 09:11:22,845][INFO][find_string()] No iframe in assets/www/plugins/cordova-plugin-mfp/worklight/checksum.js
[INTERNAL_LOG][2018-06-12 09:11:22,845][INFO][find_string()] File: assets/www/plugins/cordova-plugin-mfp/worklight/static_app_props.js
[INTERNAL_LOG][2018-06-12 09:11:22,845][INFO][find_string()] No iframe in assets/www/plugins/cordova-plugin-mfp/worklight/static_app_props.js
[INTERNAL_LOG][2018-06-12 09:11:22,845][INFO][find_string()] File: assets/www/plugins/cordova-plugin-mfp/worklight/wljq.js
[INTERNAL_LOG][2018-06-12 09:11:22,857][INFO][find_string()] No iframe in assets/www/plugins/cordova-plugin-mfp/worklight/wljq.js
[INTERNAL_LOG][2018-06-12 09:11:22,857][INFO][find_string()] File: assets/www/plugins/cordova-plugin-mfp/worklight/worklight.js
[INTERNAL_LOG][2018-06-12 09:11:22,869][INFO][find_string()] No iframe in assets/www/plugins/cordova-plugin-mfp/worklight/worklight.js
[INTERNAL_LOG][2018-06-12 09:11:22,870][INFO][find_string()] File: assets/www/plugins/cordova-plugin-moengage/www/MoECordova.js
[INTERNAL_LOG][2018-06-12 09:11:22,871][INFO][find_string()] No iframe in assets/www/plugins/cordova-plugin-moengage/www/MoECordova.js
[INTERNAL_LOG][2018-06-12 09:11:22,871][INFO][find_string()] File: assets/www/plugins/cordova-plugin-network-information/www/Connection.js
[INTERNAL_LOG][2018-06-12 09:11:22,871][INFO][find_string()] No iframe in assets/www/plugins/cordova-plugin-network-information/www/Connection.js
[INTERNAL_LOG][2018-06-12 09:11:22,871][INFO][find_string()] File: assets/www/plugins/cordova-plugin-network-information/www/network.js
[INTERNAL_LOG][2018-06-12 09:11:22,872][INFO][find_string()] No iframe in assets/www/plugins/cordova-plugin-network-information/www/network.js
[INTERNAL_LOG][2018-06-12 09:11:22,872][INFO][find_string()] File: assets/www/plugins/cordova-plugin-otpreader/www/otpReader.js
[INTERNAL_LOG][2018-06-12 09:11:22,872][INFO][find_string()] No iframe in assets/www/plugins/cordova-plugin-otpreader/www/otpReader.js
[INTERNAL_LOG][2018-06-12 09:11:22,872][INFO][find_string()] File: assets/www/plugins/cordova-plugin-root-detection/www/rootdetection.js
[INTERNAL_LOG][2018-06-12 09:11:22,872][INFO][find_string()] No iframe in assets/www/plugins/cordova-plugin-root-detection/www/rootdetection.js
[INTERNAL_LOG][2018-06-12 09:11:22,872][INFO][find_string()] File: assets/www/plugins/cordova-plugin-splashscreen/www/splashscreen.js
[INTERNAL_LOG][2018-06-12 09:11:22,873][INFO][find_string()] No iframe in assets/www/plugins/cordova-plugin-splashscreen/www/splashscreen.js
[INTERNAL_LOG][2018-06-12 09:11:22,873][INFO][find_string()] [END ANALYZE FILE]

[INTERNAL_LOG][2018-06-12 09:11:22,971][INFO][find_url_in_apk()] [START ALL URL INSIDE APK]
[INTERNAL_LOG][2018-06-12 09:11:22,971][INFO][find_url_in_apk()] https://e.crashlytics.com/spi/v2/events
https://settings.crashlytics.com/spi/v2/platforms/android/apps/%s/settings
https://api.appsflyer.com/install_data/v3/
https://t.appsflyer.com/api/v
https://events.appsflyer.com/api/v
https://register.appsflyer.com/api/v
https://validate.appsflyer.com/api/v
https://stats.appsflyer.com/stats
https://monitorsdk.appsflyer.com/remote-debug?app_id=
https://pagead2.googlesyndication.com/pagead/gen_204?id=gmob-apps
https://www.googleapis.com/auth/games
https://plus.google.com/
https://app-measurement.com/a
https://www.google.com
https://chatapi.moengage.com/v2/chat/sync
https://apiv2mumbai.moengage.com
https://apiv2.moengage.com
https://apiv3india.moengage.com
https://apiv3.moengage.com
https://webhook.logentries.com/noformat/logs/
https://market.android.com/
https://ssl.gstatic.com/accessibility/javascript/android/

[INTERNAL_LOG][2018-06-12 09:11:22,971][INFO][find_url_in_apk()] [END ALL URL INSIDE APK]
[INTERNAL_LOG][2018-06-12 09:11:22,977][INFO][check_method_conf()] [JavaScript enabled: True]

[INTERNAL_LOG][2018-06-12 09:11:22,977][INFO][check_method_conf()] [Add interface WebView: True]

[INTERNAL_LOG][2018-06-12 09:11:22,977][INFO][analyze_start()] This app might be not vulnerable on  attack frame confusion.
[INTERNAL_LOG][2018-06-12 09:11:22,977][INFO][analyze_start()] End time:[Tue Jun 12 09:11:22 2018]
