[INTERNAL_LOG][2018-06-12 00:45:25,343][INFO][analyze_start()] Init Time [Tue Jun 12 00:45:25 2018]
[INTERNAL_LOG][2018-06-12 00:45:25,498][INFO][run()] Start Analysis
[INTERNAL_LOG][2018-06-12 00:45:25,498][INFO][is_hybird()] [Permission Enble Start]
[INTERNAL_LOG][2018-06-12 00:45:25,498][INFO][is_hybird()] com.android.vending.CHECK_LICENSE
[INTERNAL_LOG][2018-06-12 00:45:25,498][INFO][is_hybird()] android.permission.INTERNET
[INTERNAL_LOG][2018-06-12 00:45:25,499][INFO][is_hybird()] com.android.vending.BILLING
[INTERNAL_LOG][2018-06-12 00:45:25,499][INFO][is_hybird()] android.permission.WAKE_LOCK
[INTERNAL_LOG][2018-06-12 00:45:25,499][INFO][is_hybird()] android.permission.ACCESS_NETWORK_STATE
[INTERNAL_LOG][2018-06-12 00:45:25,499][INFO][is_hybird()] android.permission.ACCESS_WIFI_STATE
[INTERNAL_LOG][2018-06-12 00:45:25,499][INFO][is_hybird()] android.permission.ACCESS_FINE_LOCATION
[INTERNAL_LOG][2018-06-12 00:45:25,499][INFO][is_hybird()] android.permission.WRITE_EXTERNAL_STORAGE
[INTERNAL_LOG][2018-06-12 00:45:25,499][INFO][is_hybird()] com.playflock.indianacat.permission.C2D_MESSAGE
[INTERNAL_LOG][2018-06-12 00:45:25,499][INFO][is_hybird()] com.google.android.c2dm.permission.RECEIVE
[INTERNAL_LOG][2018-06-12 00:45:25,499][INFO][is_hybird()] android.permission.ACCESS_COARSE_LOCATION
[INTERNAL_LOG][2018-06-12 00:45:25,499][INFO][is_hybird()] com.google.android.finsky.permission.BIND_GET_INSTALL_REFERRER_SERVICE
[INTERNAL_LOG][2018-06-12 00:45:25,499][INFO][is_hybird()] android.permission.RECEIVE_BOOT_COMPLETED
[INTERNAL_LOG][2018-06-12 00:45:25,499][INFO][is_hybird()] android.permission.READ_EXTERNAL_STORAGE
[INTERNAL_LOG][2018-06-12 00:45:25,499][INFO][is_hybird()] [Permission End]

[INTERNAL_LOG][2018-06-12 00:45:25,499][INFO][analyze_start()] TYPE APK: [ANDROID NATIVE]

[INTERNAL_LOG][2018-06-12 00:45:25,499][INFO][find_string()] [START FILE ANALYZE]
[INTERNAL_LOG][2018-06-12 00:45:25,499][INFO][find_string()] File: assets/js/closebutton.html
[INTERNAL_LOG][2018-06-12 00:45:25,500][INFO][find_string()] No iframe in assets/js/closebutton.html
[INTERNAL_LOG][2018-06-12 00:45:25,500][INFO][find_string()] File: js/closebutton.html
[INTERNAL_LOG][2018-06-12 00:45:25,500][INFO][find_string()] No iframe in js/closebutton.html
[INTERNAL_LOG][2018-06-12 00:45:25,500][INFO][find_string()] [END ANALYZE FILE]

[INTERNAL_LOG][2018-06-12 00:45:25,500][INFO][find_string()] [START FILE ANALYZE]
[INTERNAL_LOG][2018-06-12 00:45:25,500][INFO][find_string()] File: assets/js/mraid.js
[INTERNAL_LOG][2018-06-12 00:45:25,502][INFO][find_string()] No iframe in assets/js/mraid.js
[INTERNAL_LOG][2018-06-12 00:45:25,502][INFO][find_string()] File: js/mraid.js
[INTERNAL_LOG][2018-06-12 00:45:25,504][INFO][find_string()] No iframe in js/mraid.js
[INTERNAL_LOG][2018-06-12 00:45:25,505][INFO][find_string()] [END ANALYZE FILE]

[INTERNAL_LOG][2018-06-12 00:46:20,108][INFO][find_url_in_apk()] [START ALL URL INSIDE APK]
[INTERNAL_LOG][2018-06-12 00:46:20,108][INFO][find_url_in_apk()] http://schemas.android.com/apk/res/android
https://adc3-launch-server-staging.herokuapp.com/v4/launch
https://adc3-launch.adcolony.com/v4/launch
https://adc3-launch.adcolony.com/v4/launch
https://wd.adcolony.com/logs
http://mads.amazon-adsystem.com/
http://schemas.android.com/apk/lib/com.amazon.device.ads
http://schemas.android.com/apk/res/
https://dwxjayoxbnyrr.cloudfront.net/amazon-ads.viewablejs
http://amazon-adsystem.com
http://schemas.applovin.com/android/1.0
http://schemas.applovin.com/android/1.0
https://d.applovin.com/
https://a.applovin.com/
https://rt.applovin.com/med
https://rt.applovin.com/pix
https://d.applvn.com/
https://a.applvn.com/
https://rt.applvn.com/pix
https://vid.applovin.com/,https://pdn.applovin.com/,https://img.applovin.com/,https://d.applovin.com/,https://assets.applovin.com/,https://cdnjs.cloudflare.com/,http://vid.applovin.com/,http://pdn.applovin.com/,http://img.applovin.com/,http://d.applovin.com/,http://assets.applovin.com/,http://cdnjs.cloudflare.com/
http://appodeal.herokuapp.com/android_waterfall_interstitial
http://appodeal.herokuapp.com/android_waterfall_banner
http://appodeal.herokuapp.com/android_waterfall_mrec
http://appodeal.herokuapp.com/android_waterfall_native
http://appodeal.herokuapp.com/android_waterfall_video
http://appodeal.herokuapp.com/android_waterfall_rewarded_video
https://adwatch.appodeal.com/api/v1/rtb/submit
https://play.google.com/store/apps/details?id=
https://rri.appodeal.com/api/stat
https://api.pubnative.net/api/v3/native
http://localhost
http://localhost
https://adwatch.appodeal.com/api/v1/complains/submit
https://adwatch.appodeal.com/api/v1/complains/submit
https://adwatch.appodeal.com/api/v1/impressions/submit
https://ach.appodeal.com/api/v0/android/crashes
https://api.%s/install_data/v3/
https://attr.%s/api/v
https://t.%s/api/v
https://events.%s/api/v
https://register.%s/api/v
https://stats.%s/stats
https://onelink.%s/shortlink-sdk/v1
https://onelink.%s/shortlink-sdk/v1
https://validate.%s/api/v
https://sdk-services.%s/validate-android-signature
https://app.%s
https://app.%s
https://impression.%s
https://monitorsdk.%s/remote-debug?app_id=
https://live.chartboost.com
http://market.android.com/
http://xmlpull.org/v1/doc/features.html#indent-output
http://xmlpull.org/v1/doc/features.html#indent-output
http://xmlpull.org/v1/doc/features.html#indent-output
https://www.facebook.com/audience_network/server_side_reward
https://www.%s.facebook.com/audience_network/server_side_reward
http://play.google.com/store/apps/
https://www.facebook.com/
https://www.%s.facebook.com
https://graph.facebook.com/network_ads_common
https://graph.%s.facebook.com/network_ads_common
https://www.facebook.com/adnw_logging/
https://www.%s.facebook.com/adnw_logging/
http://www.facebook.com
https://pagead2.googlesyndication.com/pagead/gen_204?id=gmob-apps
https://accounts.google.com
https://www.facebook.com
https://www.googleapis.com/auth/games_lite
https://www.googleapis.com/auth/games_lite
https://www.googleapis.com/auth/games_lite
https://www.googleapis.com/auth/games
https://www.googleapis.com/auth/games
https://www.googleapis.com/auth/games
https://accounts.google.com/o/oauth2/revoke?token=
https://plus.google.com/
https://www.googleapis.com/auth/drive.file
https://www.googleapis.com/auth/drive.appdata
https://www.googleapis.com/auth/drive
https://www.googleapis.com/auth/drive.apps
https://www.googleapis.com/auth/games.firstparty
https://www.googleapis.com/auth/games.firstparty
https://pagead2.googlesyndication.com/pagead/gen_204
http://www.google.com
https://support.google.com/dfp_premium/answer/7160685#push
http://www.example.com
http://www.example.com
https://googleads.g.doubleclick.net/mads/static/mad/sdk/native/sdk-core-v40.html
https://googleads.g.doubleclick.net/mads/static/mad/sdk/native/production/sdk-core-v40-impl.js
https://googleads.g.doubleclick.net/mads/static/mad/sdk/native/mraid/v2/mraid_app_banner.js
https://googleads.g.doubleclick.net/mads/static/mad/sdk/native/mraid/v2/mraid_app_expanded_banner.js
https://googleads.g.doubleclick.net/mads/static/mad/sdk/native/mraid/v2/mraid_app_interstitial.js
https://csi.gstatic.com/csi
https://googleads.g.doubleclick.net/mads/static/mad/sdk/native/native_ads.html
https://googleads.g.doubleclick.net/mads/static/mad/sdk/native/production/native_ads.js
https://imasdk.googleapis.com/admob/sdkloader/native_video.html
https://www.google.com/dfp/linkDevice
https://www.google.com/dfp/inAppPreview
https://www.google.com/dfp/debugSignals
https://www.google.com/dfp/sendDebugData
http://schemas.android.com/apk/lib/com.inmobi.ads
http://schemas.android.com/apk/lib/com.inmobi.ads
https://twitter.com/%s/status/%s
http://api.ok.ru/fb.do
https://d1byvlfiet2h9q.cloudfront.net/InApp/resources/adInformationDialog3.html
https://d1byvlfiet2h9q.cloudfront.net/InApp/resources/adInformationDialog3.html
https://www.com.startapp.com/policy/sdk-policy/
https://www.com.startapp.com/policy/sdk-policy/
https://info.startappservice.com/InApp/resources/info_l.png
https://i.l.inmobicdn.net/sdk/sdk/500/android/mraid.js
https://i.w.inmobi.com/showad.asm
https://sdktm.w.inmobi.com/sdkpubreq/v2
https://crash-metrics.sdk.inmobi.com/trace
https://config.inmobi.cn/config-server/v1/config/secure.cfg
https://config.inmobi.cn/config-server/v1/config/secure.cfg
https://config.inmobi.cn/config-server/v1/config/secure.cfg
https://config.inmobi.com/config-server/v1/config/secure.cfg
https://www.inmobi.com/products/sdk/#downloads
https://telemetry.sdk.inmobi.com/metrics
https://www.facebook.com/dialog/feed?app_id=181821551957328&link=
https://m.google.com/app/plus/x/?v=compose&content=
http://twitter.com/home?status=
https://dock.inmobi.com/carb/v1/i
https://dock.inmobi.com/carb/v1/o
https://sdkm.w.inmobi.com/user/e.asm
https://mobile-static.adsafeprotected.com/avid-v2.js
https://mobile-static.adsafeprotected.com/avid-v2.js
https://track.atom-data.io
https://track.atom-data.io
https://track.atom-data.io
https://outcome.supersonicads.com/mediation/
https://outcome.supersonicads.com/mediation/
https://mobilelogs.supersonic.com
https://mobilelogs.supersonic.com
https://init.supersonicads.com/sdk/v
https://www.supersonicads.com/mobile/sdk5/log?method=
https://www.supersonicads.com/mobile/sdk5/log?method=
https://www.supersonicads.com/mobile/sdk5/log?method=
https://www.supersonicads.com/mobile/sdk5/log?method=
https://www.supersonicads.com/mobile/sdk5/log?method=
https://www.supersonicads.com/mobile/sdk5/log?method=
https://www.supersonicads.com/mobile/sdk5/log?method=
https://www.supersonicads.com/mobile/sdk5/log?method=
https://www.supersonicads.com/mobile/sdk5/log?method=injectJavaScript
https://www.supersonicads.com/mobile/sdk5/log?method=extraParametersToJson
https://www.supersonicads.com/mobile/sdk5/log?method=noProductType
https://www.supersonicads.com/mobile/sdk5/log?method=encodeAppUserId
https://www.supersonicads.com/mobile/sdk5/log?method=encodeAppKey
https://www.supersonicads.com/mobile/sdk5/log?method=webviewLoadBlank
https://www.supersonicads.com/mobile/sdk5/log?method=webviewLoadWithPath
https://www.supersonicads.com/mobile/sdk5/log?method=htmlControllerDoesNotExistOnFileSystem
https://www.supersonicads.com/mobile/sdk5/log?method=webviewPause
https://www.supersonicads.com/mobile/sdk5/log?method=webviewResume
https://px.moatads.com/pixel.gif?e=0&i=MOATSDK1&ac=1
https://px.moatads.com/pixel.gif?e=0&i=MOATSDK1&ac=1
https://z.moatads.com/
https://z.moatads.com/
https://z.moatads.com/
https://z.moatads.com/
https://z.moatads.com/
https://analytics.mopub.com/i/jot/exchange_client_event
https://www.mopub.com/optout
https://ad.mail.ru/mobile/
http://xmlpull.org/v1/doc/features.html#process-namespaces
http://xmlpull.org/v1/doc/features.html#process-namespaces
http://xmlpull.org/v1/doc/features.html#process-namespaces
https://target.my.com/
http://play.google.com
http://play.google.com
https://play.google.com
https://play.google.com
http://market.android.com
https://market.android.com
https://connect.ok.ru/dk?st.cmd=
https://ok.ru/oauth/authorize?client_id=%s&response_type=token&redirect_uri=%s&layout=m
http://play.google.com/store/apps/details?id=
http://play.google.com/store/apps/details?id=
https://ws.tapjoyads.com/
https://ws.tapjoyads.com/
https://ws.tapjoyads.com/
https://rpc.tapjoy.com/
https://rpc.tapjoy.com/
https://connect.tapjoy.com/
https://connect.tapjoy.com/
https://placements.tapjoy.com/
https://config.unityads.unity3d.com/webview/
https://config.unityads.unity3d.com/webview/
http://vk.com/images/community_50.gif
http://vk.com/images/community_100.gif
http://vk.com/images/s_noalbum.png
http://vk.com/images/m_noalbum.png
http://vk.com/images/x_noalbum.png
http://vk.com/images/camera_c.gif
http://vk.com/images/camera_c.gif
http://vk.com/images/camera_c.gif
http://vk.com/images/camera_b.gif
http://vk.com/images/camera_b.gif
http://vk.com/images/camera_b.gif
http://vk.com/images/camera_a.gif
http://vk.com/images/camera_a.gif
http://vk.com/images/camera_a.gif
https://oauth.vk.com/blank.html
https://oauth.vk.com/blank.html
https://oauth.vk.com/authorize?client_id=%s&scope=%s&redirect_uri=%s&display=mobile&v=%s&response_type=token&revoke=%d
https://api.vungle.com/
https://vungle.com/privacy/
https://startup.mobile.yandex.net/
https://certificate.mobile.yandex.net/api/v1/pins
https://certificate.mobile.yandex.net/api/v1/pins
https://certificate.mobile.yandex.net/api/v1/pins
https://certificate.mobile.yandex.net/api/v1/pins
https://certificate.mobile.yandex.net/api/v1/pins
https://tech.yandex.com/metrica-mobile-sdk/doc/mobile-sdk-dg/concepts/android-initialize-docpage/
https://yandex.ru
https://market.android
http://market.android
https://play.google
http://play.google
https://map
http://map
https://maps
http://maps
http://mobile.maps
http://m.maps
http://maps.yandex.ru
http://localhost/
http://localhost/
http://localhost/

[INTERNAL_LOG][2018-06-12 00:46:20,108][INFO][find_url_in_apk()] [END ALL URL INSIDE APK]
[INTERNAL_LOG][2018-06-12 00:46:20,113][INFO][check_method_conf()] [JavaScript enabled: True]

[INTERNAL_LOG][2018-06-12 00:46:20,113][INFO][check_method_conf()] [Add interface WebView: True]

[INTERNAL_LOG][2018-06-12 00:46:20,113][INFO][analyze_start()] This app might be not vulnerable on  attack frame confusion.
[INTERNAL_LOG][2018-06-12 00:46:20,113][INFO][analyze_start()] End time:[Tue Jun 12 00:46:20 2018]
