[INTERNAL_LOG][2018-06-12 07:55:36,971][INFO][analyze_start()] Init Time [Tue Jun 12 07:55:36 2018]
[INTERNAL_LOG][2018-06-12 07:55:37,027][INFO][run()] Start Analysis
[INTERNAL_LOG][2018-06-12 07:55:37,027][INFO][is_hybird()] [Permission Enble Start]
[INTERNAL_LOG][2018-06-12 07:55:37,027][INFO][is_hybird()] android.permission.INTERNET
[INTERNAL_LOG][2018-06-12 07:55:37,027][INFO][is_hybird()] android.permission.WRITE_EXTERNAL_STORAGE
[INTERNAL_LOG][2018-06-12 07:55:37,027][INFO][is_hybird()] android.permission.ACCESS_NETWORK_STATE
[INTERNAL_LOG][2018-06-12 07:55:37,027][INFO][is_hybird()] android.permission.WAKE_LOCK
[INTERNAL_LOG][2018-06-12 07:55:37,027][INFO][is_hybird()] android.permission.READ_EXTERNAL_STORAGE
[INTERNAL_LOG][2018-06-12 07:55:37,027][INFO][is_hybird()] android.permission.ACCESS_FINE_LOCATION
[INTERNAL_LOG][2018-06-12 07:55:37,027][INFO][is_hybird()] android.permission.ACCESS_COARSE_LOCATION
[INTERNAL_LOG][2018-06-12 07:55:37,027][INFO][is_hybird()] android.permission.READ_PHONE_STATE
[INTERNAL_LOG][2018-06-12 07:55:37,028][INFO][is_hybird()] com.android.vending.CHECK_LICENSE
[INTERNAL_LOG][2018-06-12 07:55:37,028][INFO][is_hybird()] android.permission.ACCESS_WIFI_STATE
[INTERNAL_LOG][2018-06-12 07:55:37,028][INFO][is_hybird()] android.permission.INTERACT_ACROSS_USERS
[INTERNAL_LOG][2018-06-12 07:55:37,028][INFO][is_hybird()] com.android.vending.BILLING
[INTERNAL_LOG][2018-06-12 07:55:37,028][INFO][is_hybird()] android.permission.VIBRATE
[INTERNAL_LOG][2018-06-12 07:55:37,028][INFO][is_hybird()] android.permission.GET_ACCOUNTS
[INTERNAL_LOG][2018-06-12 07:55:37,028][INFO][is_hybird()] com.google.android.c2dm.permission.RECEIVE
[INTERNAL_LOG][2018-06-12 07:55:37,028][INFO][is_hybird()] com.wb.goog.injustice.permission.C2D_MESSAGE
[INTERNAL_LOG][2018-06-12 07:55:37,028][INFO][is_hybird()] com.google.android.providers.gsf.permission.READ_GSERVICES
[INTERNAL_LOG][2018-06-12 07:55:37,028][INFO][is_hybird()] [Permission End]

[INTERNAL_LOG][2018-06-12 07:55:37,028][INFO][analyze_start()] TYPE APK: [ANDROID NATIVE]

[INTERNAL_LOG][2018-06-12 07:55:37,028][INFO][find_string()] [START FILE ANALYZE]
[INTERNAL_LOG][2018-06-12 07:55:37,028][INFO][find_string()] File: js/closebutton.html
[INTERNAL_LOG][2018-06-12 07:55:37,029][INFO][find_string()] No iframe in js/closebutton.html
[INTERNAL_LOG][2018-06-12 07:55:37,029][INFO][find_string()] [END ANALYZE FILE]

[INTERNAL_LOG][2018-06-12 07:55:37,029][INFO][find_string()] [START FILE ANALYZE]
[INTERNAL_LOG][2018-06-12 07:55:37,029][INFO][find_string()] File: js/mraid.js
[INTERNAL_LOG][2018-06-12 07:55:37,031][INFO][find_string()] No iframe in js/mraid.js
[INTERNAL_LOG][2018-06-12 07:55:37,031][INFO][find_string()] [END ANALYZE FILE]

[INTERNAL_LOG][2018-06-12 07:56:13,648][INFO][find_url_in_apk()] [START URL LOADED INSIDE LOAD FUNCTION]
[INTERNAL_LOG][2018-06-12 07:56:13,648][INFO][find_url_in_apk()] https://cortana-gateway.amazon.com/cortana/gateway/getSignedDownloadUrl

[INTERNAL_LOG][2018-06-12 07:56:13,648][INFO][find_url_in_apk()] [END URL LOADED INSIDE LOAD FUNCTION]
[INTERNAL_LOG][2018-06-12 07:56:14,497][ERROR][download_page_loaded()] Failed response code: 500 for https://cortana-gateway.amazon.com/cortana/gateway/getSignedDownloadUrl  
[INTERNAL_LOG][2018-06-12 07:56:14,499][INFO][find_string()] [START REMOTE FILE ANALYZE]
[INTERNAL_LOG][2018-06-12 07:56:14,504][INFO][find_string()] [END ANALYZE FILE]

[INTERNAL_LOG][2018-06-12 07:56:14,505][INFO][find_url_in_apk()] [START ALL URL INSIDE APK]
[INTERNAL_LOG][2018-06-12 07:56:14,505][INFO][find_url_in_apk()] https://app.adjust.com
https://app.adjust.com
http://www.amazon.com/gp/mas/get-appstore/android/ref=mas_mx_mba_iap_dl
https://www.googleapis.com/games/v1management/achievements/reset?access_token=
https://www.google.com
http://epicgames.com/technology/epic-citadel
http://www.google.com
http://www.google.com
http://www.google.com
https://go.urbanairship.com//api/push/
https://www.googletagmanager.com
http://mobile-api.geo.kontagent.net/fb-install/%s/activities/?event=MOBILE_APP_INSTALL&attribution=%s
http://api.geo.kontagent.net/api/v0/ping/
https://z.moatads.com/
http://play.google.com/store/apps/details?id=
https://ws.tapjoyads.com/
https://ws.tapjoyads.com/
https://ws.tapjoyads.com/
https://rpc.tapjoy.com/
https://rpc.tapjoy.com/
https://connect.tapjoy.com/
https://connect.tapjoy.com/
https://placements.tapjoy.com/
https://iap-stage.wbgames.com/ReceiptValidation/
https://iap.wbgames.com/ReceiptValidation/
https://cortana-gateway.amazon.com/cortana/gateway/getSignedDownloadUrl
https://ags-ext.amazon.com/service/gamedata/WhisperData
https://ags-ext.amazon.com/service/gamedata/WhisperData
https://applab-sdk.amazon.com/1.0
https://applab-sdk.amazon.com/1.0
https://applab-sdk.amazon.com/1.0
https://m.facebook.com/dialog/
https://graph.facebook.com/
https://api.facebook.com/restserver.php
https://graph.facebook.com/%s/picture
https://graph.%s
https://api.%s/method
https://facebook.com
http://hostname/?
http://hostname/?
http://www.google-analytics.com
https://ssl.google-analytics.com
https://accounts.google.com
https://accounts.google.com
https://www.facebook.com
https://www.facebook.com
https://www.googleapis.com/auth/plus.me
https://www.googleapis.com/auth/plus.me
https://www.googleapis.com/auth/games
https://www.googleapis.com/auth/games
https://www.googleapis.com/auth/games
http://plus.google.com/
https://www.googleapis.com/auth/drive.file
https://www.googleapis.com/auth/drive.appdata
https://www.googleapis.com/auth/drive
https://www.googleapis.com/auth/drive.apps
https://www.googleapis.com/auth/fitness.activity.read
https://www.googleapis.com/auth/fitness.activity.read
https://www.googleapis.com/auth/fitness.activity.write
https://www.googleapis.com/auth/fitness.activity.write
https://www.googleapis.com/auth/fitness.location.read
https://www.googleapis.com/auth/fitness.location.read
https://www.googleapis.com/auth/fitness.location.write
https://www.googleapis.com/auth/fitness.location.write
https://www.googleapis.com/auth/fitness.body.read
https://www.googleapis.com/auth/fitness.body.read
https://www.googleapis.com/auth/fitness.body.write
https://www.googleapis.com/auth/fitness.body.write
https://www.googleapis.com/auth/fitness.nutrition.read
https://www.googleapis.com/auth/fitness.nutrition.read
https://www.googleapis.com/auth/fitness.nutrition.write
https://www.googleapis.com/auth/fitness.nutrition.write
https://www.googleapis.com/auth/games.firstparty
https://www.googleapis.com/auth/games.firstparty
https://googleads.g.doubleclick.net/mads/static/mad/sdk/native/sdk-core-v40.html
https://googleads.g.doubleclick.net/mads/static/mad/sdk/native/mraid/v2/mraid_app_banner.js
https://googleads.g.doubleclick.net/mads/static/mad/sdk/native/mraid/v2/mraid_app_expanded_banner.js
https://googleads.g.doubleclick.net/mads/static/mad/sdk/native/mraid/v2/mraid_app_interstitial.js
https://csi.gstatic.com/csi
https://app-measurement.com/a
https://www.googleapis.com/auth/plus.login
http://schemas.android.com/apk/lib/com.google.android.gms.plus
http://schemas.android.com/apk/lib/com.google.android.gms.plus
https://content-cdn.swrve.com/messaging/message_image/
http://www.google.ie
http://swrve.com
https://dcfighter-android.hydra.agoragames.com/
https://dcfighter-android.hydra.agoragames.com/
https://dcfighter-android.hydra.agoragames.com/
https://dcfighter-android.hydra.agoragames.com/
https://dcfighter-android.hydra.agoragames.com/
http://www.turbine.com/SE/AMS/AuthenticateWbid
https://cls.turbine.com
https://cls.turbine.com
https://cls.turbine.com
https://cls.turbine.com
https://cls.turbine.com
https://cls.turbine.com
https://cls.turbine.com
http://www.w3.org/2001/XMLSchema-instance
http://www.w3.org/2001/XMLSchema-instance
http://www.w3.org/2001/XMLSchema-instance
http://www.w3.org/2001/XMLSchema-instance
http://www.w3.org/2001/XMLSchema-instance
http://www.w3.org/2001/XMLSchema-instance
http://www.w3.org/2001/XMLSchema
http://www.w3.org/2001/XMLSchema
http://www.w3.org/2001/XMLSchema
http://www.w3.org/2001/XMLSchema
http://www.w3.org/2001/XMLSchema
http://www.w3.org/2001/XMLSchema
http://schemas.xmlsoap.org/soap/envelope/
http://schemas.xmlsoap.org/soap/envelope/
http://schemas.xmlsoap.org/soap/envelope/
http://schemas.xmlsoap.org/soap/envelope/
http://schemas.xmlsoap.org/soap/envelope/
http://schemas.xmlsoap.org/soap/envelope/
http://www.turbine.com/SE/AMS
http://www.turbine.com/SE/AMS
http://www.turbine.com/SE/AMS
http://www.turbine.com/SE/AMS
http://www.turbine.com/SE/AMS
http://www.turbine.com/SE/AMS/CreateAccount
http://www.turbine.com/SE/AMS/GetSubscriptionInformation
http://www.turbine.com/SE/AMS/LookupWbid
http://www.turbine.com/SE/AMS/ResetPassword
http://www.turbine.com/SE/SetOptIn
http://www.turbine.com/SE
https://www.wbplay.com/privacy-policy
https://www.wbplay.com/terms-of-use

[INTERNAL_LOG][2018-06-12 07:56:14,505][INFO][find_url_in_apk()] [END ALL URL INSIDE APK]
[INTERNAL_LOG][2018-06-12 07:56:14,522][INFO][check_method_conf()] [JavaScript enabled: True]

[INTERNAL_LOG][2018-06-12 07:56:14,522][INFO][check_method_conf()] [Add interface WebView: True]

[INTERNAL_LOG][2018-06-12 07:56:14,522][INFO][analyze_start()] This app might be not vulnerable on  attack frame confusion.
[INTERNAL_LOG][2018-06-12 07:56:14,522][INFO][analyze_start()] End time:[Tue Jun 12 07:56:14 2018]
