[INTERNAL_LOG][2018-06-12 05:22:52,119][INFO][analyze_start()] Init Time [Tue Jun 12 05:22:52 2018]
[INTERNAL_LOG][2018-06-12 05:22:52,142][INFO][is_hybird()] [Permission Enble Start]
[INTERNAL_LOG][2018-06-12 05:22:52,142][INFO][run()] Start Analysis
[INTERNAL_LOG][2018-06-12 05:22:52,142][INFO][is_hybird()] android.permission.INTERNET
[INTERNAL_LOG][2018-06-12 05:22:52,142][INFO][is_hybird()] android.permission.WRITE_EXTERNAL_STORAGE
[INTERNAL_LOG][2018-06-12 05:22:52,142][INFO][is_hybird()] android.permission.ACCESS_NETWORK_STATE
[INTERNAL_LOG][2018-06-12 05:22:52,142][INFO][is_hybird()] [Permission End]

[INTERNAL_LOG][2018-06-12 05:22:52,142][INFO][analyze_start()] TYPE APK: [ANDROID NATIVE]

[INTERNAL_LOG][2018-06-12 05:22:52,143][INFO][find_string()] [START FILE ANALYZE]
[INTERNAL_LOG][2018-06-12 05:22:52,143][INFO][find_string()] [END ANALYZE FILE]

[INTERNAL_LOG][2018-06-12 05:22:52,143][INFO][find_string()] [START FILE ANALYZE]
[INTERNAL_LOG][2018-06-12 05:22:52,143][INFO][find_string()] [END ANALYZE FILE]

[INTERNAL_LOG][2018-06-12 05:22:58,858][INFO][find_url_in_apk()] [START ALL URL INSIDE APK]
[INTERNAL_LOG][2018-06-12 05:22:58,859][INFO][find_url_in_apk()] https://crashlytics.com/register/%s/android/%s
https://crashlytics.com/register/%s/android/%s
https://settings.crashlytics.com/spi/v2/platforms/android/apps/%s/settings
https://e.crashlytics.com/spi/v2/events
https://www.googleapis.com/auth/appstate
https://www.googleapis.com/auth/appstate
https://www.googleapis.com/auth/games
https://www.googleapis.com/auth/games
http://googleads.g.doubleclick.net
http://www.google.com
http://plus.google.com/
https://www.googleapis.com/auth/plus.login
https://www.googleapis.com/auth/plus.login
http://schemas.android.com/apk/lib/com.google.android.gms.plus
http://schemas.android.com/apk/lib/com.google.android.gms.plus
http://www.insegreto.it/new-api/index.php/
http://media.admob.com/mraid/v1/mraid_app_interstitial.js
http://media.admob.com/mraid/v1/mraid_app_expanded_banner.js
http://media.admob.com/mraid/v1/mraid_app_banner.js
https://www.googleapis.com/auth/games.firstparty

[INTERNAL_LOG][2018-06-12 05:22:58,859][INFO][find_url_in_apk()] [END ALL URL INSIDE APK]
[INTERNAL_LOG][2018-06-12 05:22:58,863][INFO][check_method_conf()] [JavaScript enabled: True]

[INTERNAL_LOG][2018-06-12 05:22:58,863][INFO][check_method_conf()] [Add interface WebView: False]

[INTERNAL_LOG][2018-06-12 05:22:58,863][INFO][analyze_start()] This app might be not vulnerable on  attack frame confusion.
[INTERNAL_LOG][2018-06-12 05:22:58,863][INFO][analyze_start()] End time:[Tue Jun 12 05:22:58 2018]
