[INTERNAL_LOG][2018-06-12 05:53:40,254][INFO][analyze_start()] Init Time [Tue Jun 12 05:53:40 2018]
[INTERNAL_LOG][2018-06-12 05:53:40,277][INFO][run()] Start Analysis
[INTERNAL_LOG][2018-06-12 05:53:40,277][INFO][is_hybird()] [Permission Enble Start]
[INTERNAL_LOG][2018-06-12 05:53:40,277][INFO][is_hybird()] android.permission.READ_PHONE_STATE
[INTERNAL_LOG][2018-06-12 05:53:40,277][INFO][is_hybird()] android.permission.READ_EXTERNAL_STORAGE
[INTERNAL_LOG][2018-06-12 05:53:40,277][INFO][is_hybird()] android.permission.WRITE_EXTERNAL_STORAGE
[INTERNAL_LOG][2018-06-12 05:53:40,277][INFO][is_hybird()] android.permission.READ_PHONE_STATE
[INTERNAL_LOG][2018-06-12 05:53:40,277][INFO][is_hybird()] android.permission.INTERNET
[INTERNAL_LOG][2018-06-12 05:53:40,278][INFO][is_hybird()] android.permission.ACCESS_NETWORK_STATE
[INTERNAL_LOG][2018-06-12 05:53:40,278][INFO][is_hybird()] com.google.android.c2dm.permission.RECEIVE
[INTERNAL_LOG][2018-06-12 05:53:40,278][INFO][is_hybird()] com.jailbreak.craftcopandrobbers.permission.C2D_MESSAGE
[INTERNAL_LOG][2018-06-12 05:53:40,278][INFO][is_hybird()] [Permission End]

[INTERNAL_LOG][2018-06-12 05:53:40,278][INFO][analyze_start()] TYPE APK: [ANDROID NATIVE]

[INTERNAL_LOG][2018-06-12 05:53:40,278][INFO][find_string()] [START FILE ANALYZE]
[INTERNAL_LOG][2018-06-12 05:53:40,278][INFO][find_string()] [END ANALYZE FILE]

[INTERNAL_LOG][2018-06-12 05:53:40,278][INFO][find_string()] [START FILE ANALYZE]
[INTERNAL_LOG][2018-06-12 05:53:40,278][INFO][find_string()] [END ANALYZE FILE]

[INTERNAL_LOG][2018-06-12 05:53:53,768][INFO][find_url_in_apk()] [START ALL URL INSIDE APK]
[INTERNAL_LOG][2018-06-12 05:53:53,768][INFO][find_url_in_apk()] https://pagead2.googlesyndication.com/pagead/gen_204?id=gmob-apps
http://plus.google.com/
https://app-measurement.com/a
http://www.example.com
http://www.example.com
https://googleads.g.doubleclick.net/mads/static/mad/sdk/native/sdk-core-v40.html
https://googleads.g.doubleclick.net/mads/static/mad/sdk/native/mraid/v2/mraid_app_banner.js
https://googleads.g.doubleclick.net/mads/static/mad/sdk/native/mraid/v2/mraid_app_expanded_banner.js
https://googleads.g.doubleclick.net/mads/static/mad/sdk/native/mraid/v2/mraid_app_interstitial.js
https://csi.gstatic.com/csi
https://www.google.com/dfp/linkDevice
https://www.google.com/dfp/inAppPreview
https://www.google.com/dfp/debugSignals
https://www.google.com/dfp/sendDebugData
https://pagead2.googlesyndication.com/pagead/gen_204
http://www.google.com
https://play.google.com/store/apps/details?id=com.jailbreak.craftcopandrobbers
https://play.google.com/store/apps/details?id=
https://www.google.com

[INTERNAL_LOG][2018-06-12 05:53:53,768][INFO][find_url_in_apk()] [END ALL URL INSIDE APK]
[INTERNAL_LOG][2018-06-12 05:53:53,770][INFO][check_method_conf()] [JavaScript enabled: True]

[INTERNAL_LOG][2018-06-12 05:53:53,770][INFO][check_method_conf()] [Add interface WebView: True]

[INTERNAL_LOG][2018-06-12 05:53:53,770][INFO][analyze_start()] This app might be not vulnerable on  attack frame confusion.
[INTERNAL_LOG][2018-06-12 05:53:53,770][INFO][analyze_start()] End time:[Tue Jun 12 05:53:53 2018]
