[INTERNAL_LOG][2018-06-12 03:58:25,873][INFO][analyze_start()] Init Time [Tue Jun 12 03:58:25 2018]
[INTERNAL_LOG][2018-06-12 03:58:25,949][INFO][run()] Start Analysis
[INTERNAL_LOG][2018-06-12 03:58:25,950][INFO][is_hybird()] [Permission Enble Start]
[INTERNAL_LOG][2018-06-12 03:58:25,950][INFO][is_hybird()] android.permission.INTERNET
[INTERNAL_LOG][2018-06-12 03:58:25,950][INFO][is_hybird()] android.permission.ACCESS_WIFI_STATE
[INTERNAL_LOG][2018-06-12 03:58:25,950][INFO][is_hybird()] android.permission.ACCESS_NETWORK_STATE
[INTERNAL_LOG][2018-06-12 03:58:25,950][INFO][is_hybird()] android.permission.RECEIVE_BOOT_COMPLETED
[INTERNAL_LOG][2018-06-12 03:58:25,950][INFO][is_hybird()] android.permission.WRITE_EXTERNAL_STORAGE
[INTERNAL_LOG][2018-06-12 03:58:25,950][INFO][is_hybird()] android.permission.READ_EXTERNAL_STORAGE
[INTERNAL_LOG][2018-06-12 03:58:25,950][INFO][is_hybird()] android.permission.GET_ACCOUNTS
[INTERNAL_LOG][2018-06-12 03:58:25,950][INFO][is_hybird()] android.permission.READ_PHONE_STATE
[INTERNAL_LOG][2018-06-12 03:58:25,950][INFO][is_hybird()] com.android.vending.BILLING
[INTERNAL_LOG][2018-06-12 03:58:25,950][INFO][is_hybird()] android.permission.CAMERA
[INTERNAL_LOG][2018-06-12 03:58:25,951][INFO][is_hybird()] android.permission.RECORD_AUDIO
[INTERNAL_LOG][2018-06-12 03:58:25,951][INFO][is_hybird()] android.permission.ACCESS_COARSE_LOCATION
[INTERNAL_LOG][2018-06-12 03:58:25,951][INFO][is_hybird()] android.permission.MODIFY_AUDIO_SETTINGS
[INTERNAL_LOG][2018-06-12 03:58:25,951][INFO][is_hybird()] android.permission.GET_TASKS
[INTERNAL_LOG][2018-06-12 03:58:25,951][INFO][is_hybird()] android.permission.WAKE_LOCK
[INTERNAL_LOG][2018-06-12 03:58:25,951][INFO][is_hybird()] com.google.android.c2dm.permission.RECEIVE
[INTERNAL_LOG][2018-06-12 03:58:25,951][INFO][is_hybird()] android.permission.VIBRATE
[INTERNAL_LOG][2018-06-12 03:58:25,951][INFO][is_hybird()] android.permission.USE_CREDENTIALS
[INTERNAL_LOG][2018-06-12 03:58:25,951][INFO][is_hybird()] com.famousbluemedia.yokee.permission.C2D_MESSAGE
[INTERNAL_LOG][2018-06-12 03:58:25,951][INFO][is_hybird()] [Permission End]

[INTERNAL_LOG][2018-06-12 03:58:25,951][INFO][analyze_start()] TYPE APK: [ANDROID NATIVE]

[INTERNAL_LOG][2018-06-12 03:58:25,951][INFO][find_string()] [START FILE ANALYZE]
[INTERNAL_LOG][2018-06-12 03:58:25,951][INFO][find_string()] File: js/closebutton.html
[INTERNAL_LOG][2018-06-12 03:58:25,952][INFO][find_string()] No iframe in js/closebutton.html
[INTERNAL_LOG][2018-06-12 03:58:25,952][INFO][find_string()] [END ANALYZE FILE]

[INTERNAL_LOG][2018-06-12 03:58:25,952][INFO][find_string()] [START FILE ANALYZE]
[INTERNAL_LOG][2018-06-12 03:58:25,952][INFO][find_string()] File: js/mraid.js
[INTERNAL_LOG][2018-06-12 03:58:25,955][INFO][find_string()] No iframe in js/mraid.js
[INTERNAL_LOG][2018-06-12 03:58:25,955][INFO][find_string()] [END ANALYZE FILE]

[INTERNAL_LOG][2018-06-12 03:59:36,274][INFO][find_url_in_apk()] [START URL LOADED INSIDE LOAD FUNCTION]
[INTERNAL_LOG][2018-06-12 03:59:36,274][INFO][find_url_in_apk()] http://www.facebook.com/yokeekaraoke

[INTERNAL_LOG][2018-06-12 03:59:36,274][INFO][find_url_in_apk()] [END URL LOADED INSIDE LOAD FUNCTION]
[INTERNAL_LOG][2018-06-12 03:59:36,710][ERROR][download_page_loaded()] Failed response code: 404 for http://www.facebook.com/yokeekaraoke  
[INTERNAL_LOG][2018-06-12 03:59:36,711][INFO][find_string()] [START REMOTE FILE ANALYZE]
[INTERNAL_LOG][2018-06-12 03:59:36,711][INFO][find_string()] [END ANALYZE FILE]

[INTERNAL_LOG][2018-06-12 03:59:36,711][INFO][find_url_in_apk()] [START ALL URL INSIDE APK]
[INTERNAL_LOG][2018-06-12 03:59:36,712][INFO][find_url_in_apk()] https://adc3-launch-server-staging.herokuapp.com/v4/launch
https://adc3-launch.adcolony.com/v4/launch
http://www.w3.org/2001/XMLSchema-instance
http://www.w3.org/2001/XMLSchema-instance
http://www.w3.org/2001/XMLSchema-instance
http://s3.amazonaws.com/doc/2006-03-01/
http://s3.amazonaws.com/doc/2006-03-01/
http://s3.amazonaws.com/doc/2006-03-01/
http://s3.amazonaws.com/doc/2006-03-01/
http://s3.amazonaws.com/doc/2006-03-01/
http://s3.amazonaws.com/doc/2006-03-01/
http://s3.amazonaws.com/doc/2006-03-01/
http://s3.amazonaws.com/doc/2006-03-01/
http://s3.amazonaws.com/doc/2006-03-01/
http://s3.amazonaws.com/doc/2006-03-01/
http://s3.amazonaws.com/doc/2006-03-01/
http://market.android.com/
http://play.google.com/store/apps/
https://www.facebook.com/
https://www.%s.facebook.com
https://graph.facebook.com/network_ads_common
https://graph.%s.facebook.com/network_ads_common
https://www.facebook.com/adnw_logging/
https://www.%s.facebook.com/adnw_logging/
http://www.facebook.com
https://graph.%s
https://graph-video.%s
https://facebook.com
https://facebook.com/device?user_code=%1$s&qr=1
http://play.google.com/store/apps/details?id=com.facebook.orca
http://catalog.yokee.cms.yokee.tv/ytbl_US.json.gz
http://www.yokee.tv/c/support-android.json
http://catalog.yokee.cms.yokee.tv/%s.json 
http://catalog.yokee.cms.yokee.tv/89DA3.json
http://fbmartwork.yokee.tv/
http://yokee.tv/r/
http://yokee.tv/r/
http://assets.yokee.cms.yokee.tv/M4A/%S.m4a
http://assets.yokee.cms.yokee.tv/M4A/%S.m4a
http://assets.yokee.cms.yokee.tv/KML/%S.kml
http://assets.yokee.cms.yokee.tv/KML/%S.kml
http://d2li0s5etnz1nd.cloudfront.net/%s/%s-Q%d.mp4
http://d2c926s3a191hd.cloudfront.net/%s/%s-Q%d.mp4
http://suggestqueries.google.com/complete/search?ds=yt&q=
https://play.google.com/store/apps/details?id=
https://play.google.com/store/apps/details?id=
http://ugc.yokee.tv/
http://www.yokee.tv/sing-with-yokee/
http://api.karaokecloud.com/Account.svc/json/LoginUser
http://api.karaokecloud.com/Account.svc/json/CreateUserAccount
http://api.karaokecloud.com/Library.svc/json/GetTrackFile
https://42qz9q408i.execute-api.us-east-1.amazonaws.com/dev/registerevent
https://www.googleapis.com/youtube/v3/videos?part=statistics&id=_ID_&key=
https://www.googleapis.com/youtube/v3/search?safeSearch=strict&type=video&part=snippet&videoEmbeddable=true&videoSyndicated=true&q=_SQ_&maxResults=_MR_&pageToken=_PT_&key=
https://www.googleapis.com/youtube/v3/search?relatedToVideoId=_ID_&part=snippet&type=video&maxResults=10&key=
https://www.googleapis.com/youtube/v3/videos?part=snippet&id=_ID_&key=
https://www.googleapis.com/youtube/v3/playlistItems?part=snippet&playlistId=%s&maxResults=%d&pageToken=%s&key=
https://service.fyber.com/actions/v2
https://service.fyber.com/installs/v2
https://api.fyber.com/vcs/v1/new_credit.json
https://video.fyber.com
https://rewarded-video.fyber.com/tracker
https://offer.fyber.com/mobile
https://interstitial.fyber.com/interstitial
https://interstitial.fyber.com/tracker
https://sdk-config.fyber.com
https://engine.fyber.com/video-cache
https://banner.fyber.com/banner
https://banner.fyber.com/tracker
https://testsuite.fyber.com/tracker
https://api-rewarded-video.fyber.com/video
http://acs.amazonaws.com/groups/global/AllUsers
http://acs.amazonaws.com/groups/global/AuthenticatedUsers
http://acs.amazonaws.com/groups/s3/LogDelivery
https://live.chartboost.com
https://play.google.com/store/apps/details?
http://www.yokee.tv/privacy/
http://www.yokee.tv/terms/
http://schemas.microsoft.com/DRM/2007/03/protocols/AcquireLicense
https://s3-us-west-1.amazonaws.com
https://www.%s.facebook.com/audience_network/server_side_reward
https://www.facebook.com/audience_network/server_side_reward
http://schemas.android.com/apk/res-auto
http://schemas.android.com/apk/res/android
http://schemas.android.com/apk/res/android
http://schemas.android.com/apk/res/android
http://www.facebook.com/yokeekaraoke
https://pagead2.googlesyndication.com/pagead/gen_204?id=gmob-apps
https://accounts.google.com
https://www.facebook.com
https://plus.google.com/
https://pagead2.googlesyndication.com/pagead/gen_204
http://www.google.com
https://support.google.com/dfp_premium/answer/7160685#push
http://www.google-analytics.com
https://ssl.google-analytics.com
https://app-measurement.com/a
http://www.example.com
http://www.example.com
https://googleads.g.doubleclick.net/mads/static/mad/sdk/native/sdk-core-v40.html
https://googleads.g.doubleclick.net/mads/static/mad/sdk/native/production/sdk-core-v40-impl.js
https://googleads.g.doubleclick.net/mads/static/mad/sdk/native/mraid/v2/mraid_app_banner.js
https://googleads.g.doubleclick.net/mads/static/mad/sdk/native/mraid/v2/mraid_app_expanded_banner.js
https://googleads.g.doubleclick.net/mads/static/mad/sdk/native/mraid/v2/mraid_app_interstitial.js
https://csi.gstatic.com/csi
https://googleads.g.doubleclick.net/mads/static/mad/sdk/native/native_ads.html
https://googleads.g.doubleclick.net/mads/static/mad/sdk/native/production/native_ads.js
https://imasdk.googleapis.com/admob/sdkloader/native_video.html
https://www.google.com/dfp/linkDevice
https://www.google.com/dfp/inAppPreview
https://www.google.com/dfp/debugSignals
https://www.google.com/dfp/sendDebugData
https://www.googleapis.com/auth/plus.login
https://www.googleapis.com/auth/plus.me
http://schemas.android.com/apk/lib/com.google.android.gms.plus
http://schemas.android.com/apk/lib/com.google.android.gms.plus
https://www.googletagmanager.com
http://hostname/?
http://hostname/?
https://www.youtube.com/playlist?list=
https://www.youtube.com/playlist?list=
https://www.youtube.com/channel/
https://www.youtube.com/channel/
https://www.youtube.com/watch?v=
https://www.youtube.com/watch?v=
https://www.youtube.com/user/
https://www.youtube.com/user/
http://play.google.com/store/apps/details
https://mobile-static.adsafeprotected.com/avid-v2.js
https://rpc.tapjoy.com/
https://connect.tapjoy.com/
https://connect.tapjoy.com/
https://ws.tapjoyads.com/
https://ws.tapjoyads.com/
https://ws.tapjoyads.com/
https://placements.tapjoy.com/
https://config.unityads.unity3d.com/webview/
http://lol.vungle.com/
https://api.vungle.com/
https://ads.api.vungle.com/config
https://www.google.com
https://www.vungle.com/privacy/
https://www.vungle.com/privacy/
http://www.w3.org/ns/ttml#parameter
https://www.googleapis.com/auth/games_lite
https://www.googleapis.com/auth/games
https://wd.adcolony.com/logs
http://schemas.applovin.com/android/1.0
http://schemas.applovin.com/android/1.0
https://d.applovin.com/
https://a.applovin.com/
https://rt.applovin.com/med
https://rt.applovin.com/pix
https://d.applvn.com/
https://a.applvn.com/
https://rt.applvn.com/pix
https://vid.applovin.com/,https://pdn.applovin.com/,https://img.applovin.com/,https://d.applovin.com/,https://assets.applovin.com/,https://cdnjs.cloudflare.com/,http://vid.applovin.com/,http://pdn.applovin.com/,http://img.applovin.com/,http://d.applovin.com/,http://assets.applovin.com/,http://cdnjs.cloudflare.com/
http://www.w3.org/ns/ttml
http://www.w3.org/ns/ttml
http://www.smpte-ra.org/schemas/2052-1/2010/smpte-tt
http://www.smpte-ra.org/schemas/2052-1/2010/smpte-tt
https://z.moatads.com/
https://z.moatads.com/
https://settings.crashlytics.com/spi/v2/platforms/android/apps/%s/settings
http://localhost/
http://localhost/
http://localhost/
http://graph.facebook.com/%s/picture?type=large
https://e.crashlytics.com/spi/v2/events

[INTERNAL_LOG][2018-06-12 03:59:36,712][INFO][find_url_in_apk()] [END ALL URL INSIDE APK]
[INTERNAL_LOG][2018-06-12 03:59:36,724][INFO][check_method_conf()] [JavaScript enabled: True]

[INTERNAL_LOG][2018-06-12 03:59:36,724][INFO][check_method_conf()] [Add interface WebView: True]

[INTERNAL_LOG][2018-06-12 03:59:36,724][INFO][analyze_start()] This app might be not vulnerable on  attack frame confusion.
[INTERNAL_LOG][2018-06-12 03:59:36,725][INFO][analyze_start()] End time:[Tue Jun 12 03:59:36 2018]
