[INTERNAL_LOG][2018-06-12 09:09:40,074][INFO][analyze_start()] Init Time [Tue Jun 12 09:09:40 2018]
[INTERNAL_LOG][2018-06-12 09:09:40,134][INFO][run()] Start Analysis
[INTERNAL_LOG][2018-06-12 09:09:40,135][INFO][is_hybird()] [Permission Enble Start]
[INTERNAL_LOG][2018-06-12 09:09:40,135][INFO][is_hybird()] com.kii.safe.permission.C2D_MESSAGE
[INTERNAL_LOG][2018-06-12 09:09:40,135][INFO][is_hybird()] android.permission.USE_FINGERPRINT
[INTERNAL_LOG][2018-06-12 09:09:40,135][INFO][is_hybird()] android.permission.INTERNET
[INTERNAL_LOG][2018-06-12 09:09:40,135][INFO][is_hybird()] android.permission.ACCESS_NETWORK_STATE
[INTERNAL_LOG][2018-06-12 09:09:40,135][INFO][is_hybird()] android.permission.RECEIVE_BOOT_COMPLETED
[INTERNAL_LOG][2018-06-12 09:09:40,135][INFO][is_hybird()] android.permission.VIBRATE
[INTERNAL_LOG][2018-06-12 09:09:40,135][INFO][is_hybird()] android.permission.WAKE_LOCK
[INTERNAL_LOG][2018-06-12 09:09:40,135][INFO][is_hybird()] android.permission.READ_PROFILE
[INTERNAL_LOG][2018-06-12 09:09:40,135][INFO][is_hybird()] com.android.email.permission.ACCESS_PROVIDER
[INTERNAL_LOG][2018-06-12 09:09:40,135][INFO][is_hybird()] com.android.vending.BILLING
[INTERNAL_LOG][2018-06-12 09:09:40,135][INFO][is_hybird()] com.google.android.c2dm.permission.SEND
[INTERNAL_LOG][2018-06-12 09:09:40,135][INFO][is_hybird()] com.google.android.c2dm.permission.RECEIVE
[INTERNAL_LOG][2018-06-12 09:09:40,135][INFO][is_hybird()] android.permission.READ_EXTERNAL_STORAGE
[INTERNAL_LOG][2018-06-12 09:09:40,135][INFO][is_hybird()] android.permission.WRITE_EXTERNAL_STORAGE
[INTERNAL_LOG][2018-06-12 09:09:40,136][INFO][is_hybird()] android.permission.CAMERA
[INTERNAL_LOG][2018-06-12 09:09:40,136][INFO][is_hybird()] android.permission.GET_ACCOUNTS
[INTERNAL_LOG][2018-06-12 09:09:40,136][INFO][is_hybird()] android.permission.READ_CONTACTS
[INTERNAL_LOG][2018-06-12 09:09:40,136][INFO][is_hybird()] com.samsung.android.providers.context.permission.WRITE_USE_APP_FEATURE_SURVEY
[INTERNAL_LOG][2018-06-12 09:09:40,136][INFO][is_hybird()] [Permission End]

[INTERNAL_LOG][2018-06-12 09:09:40,136][INFO][analyze_start()] TYPE APK: [ANDROID NATIVE]

[INTERNAL_LOG][2018-06-12 09:09:40,136][INFO][find_string()] [START FILE ANALYZE]
[INTERNAL_LOG][2018-06-12 09:09:40,136][INFO][find_string()] [END ANALYZE FILE]

[INTERNAL_LOG][2018-06-12 09:09:40,136][INFO][find_string()] [START FILE ANALYZE]
[INTERNAL_LOG][2018-06-12 09:09:40,136][INFO][find_string()] [END ANALYZE FILE]

[INTERNAL_LOG][2018-06-12 09:10:08,192][INFO][find_url_in_apk()] [START ALL URL INSIDE APK]
[INTERNAL_LOG][2018-06-12 09:10:08,193][INFO][find_url_in_apk()] https://plus.google.com/
http://www.example.com
http://www.example.com
https://pagead2.googlesyndication.com/pagead/gen_204
http://www.google.com
https://support.google.com/dfp_premium/answer/7160685#push
https://app-measurement.com/a
https://googleads.g.doubleclick.net/mads/static/mad/sdk/native/sdk-core-v40.html
https://googleads.g.doubleclick.net/mads/static/mad/sdk/native/mraid/v2/mraid_app_banner.js
https://googleads.g.doubleclick.net/mads/static/mad/sdk/native/mraid/v2/mraid_app_expanded_banner.js
https://googleads.g.doubleclick.net/mads/static/mad/sdk/native/mraid/v2/mraid_app_interstitial.js
https://csi.gstatic.com/csi
https://googleads.g.doubleclick.net/mads/static/mad/sdk/native/native_ads.html
https://googleads.g.doubleclick.net/mads/static/mad/sdk/native/native_video_ads.html
https://www.google.com/dfp/linkDevice
https://www.google.com/dfp/inAppPreview
https://www.google.com/dfp/debugSignals
https://www.google.com/dfp/sendDebugData
http://schemas.applovin.com/android/1.0
http://schemas.applovin.com/android/1.0
https://d.applovin.com/
https://a.applovin.com/
https://rt.applovin.com/med
https://rt.applovin.com/pix
https://d.applvn.com/
https://a.applvn.com/
https://rt.applvn.com/pix
https://vid.applovin.com/,https://pdn.applovin.com/,https://img.applovin.com/,https://d.applovin.com/,https://assets.applovin.com/,https://cdnjs.cloudflare.com/,http://vid.applovin.com/,http://pdn.applovin.com/,http://img.applovin.com/,http://d.applovin.com/,http://assets.applovin.com/,http://cdnjs.cloudflare.com/
https://pagead2.googlesyndication.com/pagead/gen_204?id=gmob-apps
https://www.reddit.com/r/keepsafeapp
https://twitter.com/%s/status/%s
https://support.getkeepsafe.com/hc/articles/212930483
https://goo.gl/forms/rmezwWFpVR7iMenG2
https://play.google.com/store/apps/details
https://accounts.getkeepsafe.com
https://accounts.getkeepsafe.com
https://files2.getkeepsafe.com
http://localhost:
https://service.getkeepsafe.com/
https://settings.crashlytics.com/spi/v2/platforms/android/apps/%s/settings
http://schemas.android.com/apk/res/android
https://api.amplitude.com/
https://www.getkeepsafe.com/policies/#terms
https://www.getkeepsafe.com/policies/#privacy
https://e.crashlytics.com/spi/v2/events
https://app.adjust.com
https://app.adjust.com
https://www.google.com
https://analytics.mopub.com/i/jot/exchange_client_event
http://support.getkeepsafe.com/?source=app
https://4uon.ly/s/
https://www.googleapis.com/auth/games
https://getkeepsafe.wufoo.com/forms/zuomq2i0ahqzwt/

[INTERNAL_LOG][2018-06-12 09:10:08,193][INFO][find_url_in_apk()] [END ALL URL INSIDE APK]
[INTERNAL_LOG][2018-06-12 09:10:08,199][INFO][check_method_conf()] [JavaScript enabled: True]

[INTERNAL_LOG][2018-06-12 09:10:08,199][INFO][check_method_conf()] [Add interface WebView: True]

[INTERNAL_LOG][2018-06-12 09:10:08,199][INFO][analyze_start()] This app might be not vulnerable on  attack frame confusion.
[INTERNAL_LOG][2018-06-12 09:10:08,199][INFO][analyze_start()] End time:[Tue Jun 12 09:10:08 2018]
