[INTERNAL_LOG][2018-06-12 02:28:31,479][INFO][analyze_start()] Init Time [Tue Jun 12 02:28:31 2018]
[INTERNAL_LOG][2018-06-12 02:28:31,572][INFO][run()] Start Analysis
[INTERNAL_LOG][2018-06-12 02:28:31,574][INFO][is_hybird()] [Permission Enble Start]
[INTERNAL_LOG][2018-06-12 02:28:31,574][INFO][is_hybird()] android.permission.WRITE_EXTERNAL_STORAGE
[INTERNAL_LOG][2018-06-12 02:28:31,574][INFO][is_hybird()] android.permission.RECORD_AUDIO
[INTERNAL_LOG][2018-06-12 02:28:31,574][INFO][is_hybird()] android.permission.CAMERA
[INTERNAL_LOG][2018-06-12 02:28:31,574][INFO][is_hybird()] android.permission.WAKE_LOCK
[INTERNAL_LOG][2018-06-12 02:28:31,574][INFO][is_hybird()] android.permission.READ_EXTERNAL_STORAGE
[INTERNAL_LOG][2018-06-12 02:28:31,574][INFO][is_hybird()] android.permission.VIBRATE
[INTERNAL_LOG][2018-06-12 02:28:31,574][INFO][is_hybird()] android.permission.INTERNET
[INTERNAL_LOG][2018-06-12 02:28:31,574][INFO][is_hybird()] android.permission.ACCESS_NETWORK_STATE
[INTERNAL_LOG][2018-06-12 02:28:31,574][INFO][is_hybird()] com.android.vending.CHECK_LICENSE
[INTERNAL_LOG][2018-06-12 02:28:31,574][INFO][is_hybird()] com.android.vending.BILLING
[INTERNAL_LOG][2018-06-12 02:28:31,575][INFO][is_hybird()] android.permission.USE_CREDENTIALS
[INTERNAL_LOG][2018-06-12 02:28:31,575][INFO][is_hybird()] android.permission.GET_TASKS
[INTERNAL_LOG][2018-06-12 02:28:31,575][INFO][is_hybird()] com.google.android.c2dm.permission.RECEIVE
[INTERNAL_LOG][2018-06-12 02:28:31,575][INFO][is_hybird()] com.nexstreaming.app.kinemasterfree.permission.C2D_MESSAGE
[INTERNAL_LOG][2018-06-12 02:28:31,575][INFO][is_hybird()] [Permission End]

[INTERNAL_LOG][2018-06-12 02:28:31,575][INFO][analyze_start()] TYPE APK: [ANDROID NATIVE]

[INTERNAL_LOG][2018-06-12 02:28:31,575][INFO][find_string()] [START FILE ANALYZE]
[INTERNAL_LOG][2018-06-12 02:28:31,575][INFO][find_string()] [END ANALYZE FILE]

[INTERNAL_LOG][2018-06-12 02:28:31,575][INFO][find_string()] [START FILE ANALYZE]
[INTERNAL_LOG][2018-06-12 02:28:31,575][INFO][find_string()] [END ANALYZE FILE]

[INTERNAL_LOG][2018-06-12 02:29:28,686][INFO][find_url_in_apk()] [START ALL URL INSIDE APK]
[INTERNAL_LOG][2018-06-12 02:29:28,686][INFO][find_url_in_apk()] http://schemas.android.com/apk/res/android
https://cc-api-ers-qe.adobe.io
https://cc-api-ers-stage.adobe.io
https://cc-api-ers.adobe.io
http://creativecommons.org/ns#
http://ns.adobe.com/xap/1.0/
http://ns.adobe.com/xap/1.0/
http://ns.adobe.com/xap/1.0/
http://ns.adobe.com/xap/1.0/
http://ns.adobe.com/xap/1.0/
http://ns.adobe.com/xap/1.0/
http://purl.org/dc/elements/1.1/
http://purl.org/dc/elements/1.1/
http://purl.org/dc/elements/1.1/
http://purl.org/dc/elements/1.1/
http://purl.org/dc/elements/1.1/
http://purl.org/dc/elements/1.1/
http://ns.adobe.com/xap/1.0/mm/
http://ns.adobe.com/xap/1.0/mm/
http://ns.adobe.com/xap/1.0/mm/
http://ns.adobe.com/xap/1.0/mm/
http://ns.adobe.com/xap/1.0/mm/
http://ns.adobe.com/xap/1.0/mm/
http://ns.adobe.com/xap/1.0/mm/
http://ns.adobe.com/xap/1.0/mm/
http://ns.adobe.com/xap/1.0/mm/
http://ns.adobe.com/xap/1.0/mm/
http://ns.adobe.com/xap/1.0/sType/ResourceEvent#
http://ns.adobe.com/xap/1.0/sType/ResourceEvent#
http://ns.adobe.com/xap/1.0/sType/ResourceEvent#
http://ns.adobe.com/xap/1.0/sType/ResourceEvent#
http://ns.adobe.com/xap/1.0/sType/ResourceEvent#
http://ns.adobe.com/xap/1.0/sType/ResourceEvent#
http://ns.adobe.com/xap/1.0/sType/ResourceEvent#
http://ns.adobe.com/xap/1.0/sType/ResourceRef#
http://ns.adobe.com/xap/1.0/sType/ResourceRef#
https://drakozoxj1229.cloudfront.net/
https://cdn-stage.cp.adobe.io/
https://public-stage.adobecc.com/
https://cdn.cp.adobe.io/
https://public.adobecc.com/
https://cc-api-data-stage.adobe.io/ingest
https://cc-api-data.adobe.io/ingest
https://adobe.com
https://ims-na1.adobelogin.com
https://ims-na1-qa2.adobelogin.com
https://ims-na1-qa1.adobelogin.com
https://ims-na1-stg1.adobelogin.com
https://cc-collab.adobe.io
https://cc-collab-stage.adobe.io
https://cc-collab-dev.adobe.io
https://cc-api-storage.adobe.io
https://cc-api-storage.adobe.io
https://cc-api-storage.adobe.io
https://cc-api-storage.adobe.io
https://cc-api-storage-stage.adobe.io
https://cc-api-storage-stage.adobe.io
https://cc-api-storage-stage.adobe.io
https://cc-api-storage-stage.adobe.io
https://cc-api-storage-labs.adobe.io
https://cc-api-storage-labs.adobe.io
https://accounts.adobe.com
http://ns.adobe.com/ccapi/component
http://ns.adobe.com/ccapi/manifest
http://purl.org/dc/1.1/
http://www.w3.org/1999/02/22-rdf-syntax-ns#
http://www.w3.org/1999/02/22-rdf-syntax-ns#
http://www.w3.org/1999/02/22-rdf-syntax-ns#
http://www.w3.org/1999/02/22-rdf-syntax-ns#
http://www.w3.org/1999/02/22-rdf-syntax-ns#
http://www.w3.org/1999/02/22-rdf-syntax-ns#
http://www.w3.org/1999/02/22-rdf-syntax-ns#
http://www.w3.org/1999/02/22-rdf-syntax-ns#
http://javax.xml.XMLConstants/feature/secure-processing
http://ns.adobe.com/exif/1.0/
http://ns.adobe.com/exif/1.0/
http://ns.adobe.com/xmp/1.0/DynamicMedia/
http://ns.adobe.com/xmp/1.0/DynamicMedia/
http://ns.adobe.com/xap/1.0/rights/
http://ns.adobe.com/xap/1.0/rights/
http://ns.adobe.com/xap/1.0/rights/
https://graph.%s
https://graph-video.%s
https://facebook.com
https://facebook.com/device?user_code=%1$s&qr=1
http://play.google.com/store/apps/details?id=com.facebook.orca
https://data.flurry.com/pcr.do
https://pagead2.googlesyndication.com/pagead/gen_204?id=gmob-apps
https://accounts.google.com/o/oauth2/revoke?token=
https://plus.google.com/
https://www.googleapis.com/auth/drive.file
https://www.googleapis.com/auth/drive.file
https://www.googleapis.com/auth/drive.appdata
https://www.googleapis.com/auth/drive.appdata
https://www.googleapis.com/auth/drive
https://www.googleapis.com/auth/drive
https://www.googleapis.com/auth/drive
https://www.googleapis.com/auth/drive.apps
https://api.weixin.qq.com/sns/oauth2/refresh_token?appid=%s&grant_type=refresh_token&refresh_token=%s
https://api.weixin.qq.com/sns/oauth2/access_token?appid=%s&secret=%s&code=%s&grant_type=authorization_code
https://assets.adobe.com
https://assets-stage.adobecc.com
http://ns.adobe.com/ccapi/path
http://www.w3.org/XML/1998/namespace
http://iptc.org/std/Iptc4xmpCore/1.0/xmlns/
http://iptc.org/std/Iptc4xmpExt/2008-02-29/
http://ns.adobe.com/DICOM/
http://ns.useplus.org/ldf/xmp/1.0/
http://ns.adobe.com/iX/1.0/
http://ns.adobe.com/xap/1.0/bj/
http://ns.adobe.com/xmp/note/
http://ns.adobe.com/pdf/1.3/
http://ns.adobe.com/pdf/1.3/
http://ns.adobe.com/pdfx/1.3/
http://www.npes.org/pdfx/ns/id/
http://www.aiim.org/pdfa/ns/schema#
http://www.aiim.org/pdfa/ns/property#
http://www.aiim.org/pdfa/ns/type#
http://www.aiim.org/pdfa/ns/field#
http://www.aiim.org/pdfa/ns/id/
http://www.aiim.org/pdfa/ns/extension/
http://ns.adobe.com/photoshop/1.0/
http://ns.adobe.com/photoshop/1.0/
http://ns.adobe.com/album/1.0/
http://cipa.jp/exif/1.0/
http://ns.adobe.com/exif/1.0/aux/
http://ns.adobe.com/tiff/1.0/
http://ns.adobe.com/tiff/1.0/
http://ns.adobe.com/png/1.0/
http://ns.adobe.com/png/1.0/
http://ns.adobe.com/jpeg/1.0/
http://ns.adobe.com/jp2k/1.0/
http://ns.adobe.com/camera-raw-settings/1.0/
http://ns.adobe.com/StockPhoto/1.0/
http://ns.adobe.com/creatorAtom/1.0/
http://ns.adobe.com/asf/1.0/
http://ns.adobe.com/xmp/wav/1.0/
http://ns.adobe.com/bwf/bext/1.0/
http://ns.adobe.com/riff/info/
http://ns.adobe.com/xmp/1.0/Script/
http://ns.adobe.com/TransformXMP/
http://ns.adobe.com/swf/1.0/
http://ns.adobe.com/xmp/transient/1.0/
http://ns.adobe.com/xap/1.0/t/
http://ns.adobe.com/xap/1.0/t/pg/
http://ns.adobe.com/xap/1.0/g/
http://ns.adobe.com/xap/1.0/g/img/
http://ns.adobe.com/xap/1.0/sType/Font#
http://ns.adobe.com/xap/1.0/sType/Dimensions#
http://ns.adobe.com/xap/1.0/sType/Version#
http://ns.adobe.com/xap/1.0/sType/Job#
http://ns.adobe.com/xap/1.0/sType/ManifestItem#
http://ns.adobe.com/xmp/Identifier/qual/1.0/
https://data.flurry.com/aap.do
http://data.flurry.com/aap.do
https://proton.flurry.com/sdk/v1/config
https://entitlements-stage.adobe.io
https://entitlements.adobe.io
https://cc-api-image-labs.adobe.io
https://cc-api-image-stage.adobe.io
https://cc-api-image.adobe.io
https://stg-ans.adobe.io/ans/v1/notifications
https://ans.adobe.io/ans/v1/notifications
https://photo-api-next.adobe.io
https://photo-api-stage.adobe.io
https://photo-api.adobe.io
https://www.facebook.com
https://www.facebook.com
https://twitter.com
https://twitter.com
https://accounts.google.com
https://accounts.google.com
https://www.googleapis.com/auth/games_lite
https://www.googleapis.com/auth/games
https://support.google.com/dfp_premium/answer/7160685#push
https://pagead2.googlesyndication.com/pagead/gen_204
http://www.google.com
http://www.google-analytics.com
https://ssl.google-analytics.com
https://app-measurement.com/a
https://mobilecrashreporting.googleapis.com/v1/crashes:batchCreate?key=
http://www.example.com
http://www.example.com
https://googleads.g.doubleclick.net/mads/static/mad/sdk/native/sdk-core-v40.html
https://googleads.g.doubleclick.net/mads/static/mad/sdk/native/production/sdk-core-v40-impl.js
https://googleads.g.doubleclick.net/mads/static/mad/sdk/native/mraid/v2/mraid_app_banner.js
https://googleads.g.doubleclick.net/mads/static/mad/sdk/native/mraid/v2/mraid_app_expanded_banner.js
https://googleads.g.doubleclick.net/mads/static/mad/sdk/native/mraid/v2/mraid_app_interstitial.js
https://csi.gstatic.com/csi
https://googleads.g.doubleclick.net/mads/static/mad/sdk/native/native_ads.html
https://googleads.g.doubleclick.net/mads/static/mad/sdk/native/production/native_ads.js
https://imasdk.googleapis.com/admob/sdkloader/native_video.html
https://www.google.com/dfp/linkDevice
https://www.google.com/dfp/inAppPreview
https://www.google.com/dfp/debugSignals
https://www.google.com/dfp/sendDebugData
https://www.googleapis.com/auth/plus.login
https://www.googleapis.com/auth/plus.me
https://www.googletagmanager.com
http://hostname/?
https://www.google.com
https://www.google.com
http://169.254.169.254
https://www.googleapis.com/batch
http://google.com/
https://www.googleapis.com/auth/drive.apps.readonly
https://www.googleapis.com/auth/drive.metadata
https://www.googleapis.com/auth/drive.metadata.readonly
https://www.googleapis.com/auth/drive.photos.readonly
https://www.googleapis.com/auth/drive.readonly
https://www.googleapis.com/auth/drive.scripts
http://xmlpull.org/v1/doc/features.html#process-namespaces
http://xmlpull.org/v1/doc/features.html#process-namespaces
http://xmlpull.org/v1/doc/features.html#indent-output
http://xmlpull.org/v1/doc/features.html#indent-output
https://play.google.com/store/apps/details?id=
https://play.google.com/store/apps/details?id=
https://play.google.com/store/apps/details?id=
https://play.google.com/store/apps/details?id=
https://support.kinemaster.com/hc/en-us/articles/206376422-Terms-of-Service
https://support.kinemaster.com/hc/en-us/articles/206376422-Terms-of-Service
http://kinemaster.com
https://support.kinemaster.com/hc/ko/articles/115000073001
https://support.kinemaster.com
http://www.kinemaster.com/
https://api-tracelog.nexstreaming.com/registerapp/
https://api-tracelog.nexstreaming.com/updateapp/
https://api-tracelog.nexstreaming.com/usageapp/
https://api-tracelog.nexstreaming.com/notifyapp/
https://api-kinemaster.nexstreaming.com/authpromocode/
https://api-kinemaster.nexstreaming.com/getproductlist/
https://api-kinemaster.nexstreaming.com/updatekmdevicelist/
https://api-kinemaster.nexstreaming.com/registeriap/
https://api-kinemaster.nexstreaming.com/themedownload/
https://api-kinemaster-cn.nexstreaming.com/themedownload/
https://api-kinemaster-cn.nexstreaming.com/v3/%s/getproductlist/
https://api-kinemaster-cn.nexstreaming.com/v3/%s/setlogininfo/
https://api-kinemaster-cn.nexstreaming.com/v3/%s/getcporderid/
https://api-kinemaster-cn.nexstreaming.com/v3/%s/getcporderlist/
https://test-api-tracelog.nexstreaming.com/registerapp/
https://test-api-tracelog.nexstreaming.com/updateapp/
https://test-api-tracelog.nexstreaming.com/usageapp/
https://test-api-tracelog.nexstreaming.com/notifyapp/
https://test-api-kinemaster.nexstreaming.com/authpromocode/
https://test-api-kinemaster.nexstreaming.com/getproductlist/
https://test-api-kinemaster.nexstreaming.com/registeriap/
https://test-api-kinemaster.nexstreaming.com/updatekmdevicelist/
https://test-api-kinemaster.nexstreaming.com/themedownload/
https://test-api-kinemaster-cn.nexstreaming.com/v3/%s/getproductlist/
https://test-api-kinemaster-cn.nexstreaming.com/v3/%s/setlogininfo/
https://test-api-kinemaster-cn.nexstreaming.com/v3/%s/getcporderid/
https://test-api-kinemaster-cn.nexstreaming.com/v3/%s/getcporderlist/
https://test-api-kinemaster-assetstore.nexstreaming.com/v1/asset/getinfo
https://test-api-kinemaster-assetstore.nexstreaming.com/v1/category/getlist
https://twitter.com/KineMasterJapan
https://support.kinemaster.com/hc/articles/209015826-Trim-Split
https://twitter.com/KineMasterApp
https://plus.google.com/communities/106651618454986060628
https://support.kinemaster.com/hc/articles/210620503-Animation
https://support.kinemaster.com/hc/articles/209015946-Volume-Envelope
https://twitter.com/KineMaster
http://weibo.com/5934164350
http://www.kinemaster.com/privacy/kr
http://www.kinemaster.com/privacy/en
https://support.kinemaster.com/hc/articles/115000073001
https://support.kinemaster.com/hc/articles/115000073001
https://play.google.com/apps/testing/com.nexstreaming.app.kinemasterfree
http://www.kinemaster.com/main/licenses
http://www.kinemaster.com/kinemaster/privacy
https://settings.crashlytics.com/spi/v2/platforms/android/apps/%s/settings
https://accounts.google.com/o/oauth2/token
https://accounts.google.com/o/oauth2/token
https://api-kinemaster-assetstore.nexstreaming.com
https://e.crashlytics.com/spi/v2/events
http://localhost
https://www.googleapis.com/

[INTERNAL_LOG][2018-06-12 02:29:28,686][INFO][find_url_in_apk()] [END ALL URL INSIDE APK]
[INTERNAL_LOG][2018-06-12 02:29:28,692][INFO][check_method_conf()] [JavaScript enabled: True]

[INTERNAL_LOG][2018-06-12 02:29:28,692][INFO][check_method_conf()] [Add interface WebView: True]

[INTERNAL_LOG][2018-06-12 02:29:28,692][INFO][analyze_start()] This app might be not vulnerable on  attack frame confusion.
[INTERNAL_LOG][2018-06-12 02:29:28,692][INFO][analyze_start()] End time:[Tue Jun 12 02:29:28 2018]
