[INTERNAL_LOG][2018-06-12 07:42:13,752][INFO][analyze_start()] Init Time [Tue Jun 12 07:42:13 2018]
[INTERNAL_LOG][2018-06-12 07:42:13,863][INFO][run()] Start Analysis
[INTERNAL_LOG][2018-06-12 07:42:13,864][INFO][is_hybird()] [Permission Enble Start]
[INTERNAL_LOG][2018-06-12 07:42:13,864][INFO][is_hybird()] android.permission.WRITE_EXTERNAL_STORAGE
[INTERNAL_LOG][2018-06-12 07:42:13,864][INFO][is_hybird()] android.permission.READ_PHONE_STATE
[INTERNAL_LOG][2018-06-12 07:42:13,864][INFO][is_hybird()] android.permission.READ_EXTERNAL_STORAGE
[INTERNAL_LOG][2018-06-12 07:42:13,864][INFO][is_hybird()] android.permission.ACCESS_COARSE_LOCATION
[INTERNAL_LOG][2018-06-12 07:42:13,864][INFO][is_hybird()] android.permission.ACCESS_FINE_LOCATION
[INTERNAL_LOG][2018-06-12 07:42:13,864][INFO][is_hybird()] android.permission.READ_CALENDAR
[INTERNAL_LOG][2018-06-12 07:42:13,864][INFO][is_hybird()] android.permission.WRITE_CALENDAR
[INTERNAL_LOG][2018-06-12 07:42:13,864][INFO][is_hybird()] android.permission.ACCESS_NETWORK_STATE
[INTERNAL_LOG][2018-06-12 07:42:13,864][INFO][is_hybird()] android.permission.INTERNET
[INTERNAL_LOG][2018-06-12 07:42:13,864][INFO][is_hybird()] android.permission.WAKE_LOCK
[INTERNAL_LOG][2018-06-12 07:42:13,864][INFO][is_hybird()] android.permission.ACCESS_WIFI_STATE
[INTERNAL_LOG][2018-06-12 07:42:13,864][INFO][is_hybird()] android.permission.BLUETOOTH
[INTERNAL_LOG][2018-06-12 07:42:13,865][INFO][is_hybird()] com.lazada.android.permission.C2D_MESSAGE
[INTERNAL_LOG][2018-06-12 07:42:13,865][INFO][is_hybird()] com.google.android.c2dm.permission.RECEIVE
[INTERNAL_LOG][2018-06-12 07:42:13,865][INFO][is_hybird()] com.lazada.android.permission.A4S_SEND
[INTERNAL_LOG][2018-06-12 07:42:13,865][INFO][is_hybird()] com.sec.android.provider.badge.permission.READ
[INTERNAL_LOG][2018-06-12 07:42:13,865][INFO][is_hybird()] com.sec.android.provider.badge.permission.WRITE
[INTERNAL_LOG][2018-06-12 07:42:13,865][INFO][is_hybird()] com.htc.launcher.permission.READ_SETTINGS
[INTERNAL_LOG][2018-06-12 07:42:13,865][INFO][is_hybird()] com.htc.launcher.permission.UPDATE_SHORTCUT
[INTERNAL_LOG][2018-06-12 07:42:13,865][INFO][is_hybird()] com.sonyericsson.home.permission.BROADCAST_BADGE
[INTERNAL_LOG][2018-06-12 07:42:13,865][INFO][is_hybird()] com.sonymobile.home.permission.PROVIDER_INSERT_BADGE
[INTERNAL_LOG][2018-06-12 07:42:13,865][INFO][is_hybird()] com.anddoes.launcher.permission.UPDATE_COUNT
[INTERNAL_LOG][2018-06-12 07:42:13,865][INFO][is_hybird()] com.majeur.launcher.permission.UPDATE_BADGE
[INTERNAL_LOG][2018-06-12 07:42:13,865][INFO][is_hybird()] com.huawei.android.launcher.permission.CHANGE_BADGE
[INTERNAL_LOG][2018-06-12 07:42:13,865][INFO][is_hybird()] com.huawei.android.launcher.permission.READ_SETTINGS
[INTERNAL_LOG][2018-06-12 07:42:13,865][INFO][is_hybird()] com.huawei.android.launcher.permission.WRITE_SETTINGS
[INTERNAL_LOG][2018-06-12 07:42:13,865][INFO][is_hybird()] android.permission.READ_APP_BADGE
[INTERNAL_LOG][2018-06-12 07:42:13,865][INFO][is_hybird()] com.oppo.launcher.permission.READ_SETTINGS
[INTERNAL_LOG][2018-06-12 07:42:13,865][INFO][is_hybird()] com.oppo.launcher.permission.WRITE_SETTINGS
[INTERNAL_LOG][2018-06-12 07:42:13,865][INFO][is_hybird()] com.google.android.finsky.permission.BIND_GET_INSTALL_REFERRER_SERVICE
[INTERNAL_LOG][2018-06-12 07:42:13,865][INFO][is_hybird()] android.permission.GET_TASKS
[INTERNAL_LOG][2018-06-12 07:42:13,865][INFO][is_hybird()] android.permission.RECEIVE_BOOT_COMPLETED
[INTERNAL_LOG][2018-06-12 07:42:13,865][INFO][is_hybird()] android.permission.CAMERA
[INTERNAL_LOG][2018-06-12 07:42:13,865][INFO][is_hybird()] android.permission.WRITE_SETTINGS
[INTERNAL_LOG][2018-06-12 07:42:13,865][INFO][is_hybird()] android.permission.READ_SETTINGS
[INTERNAL_LOG][2018-06-12 07:42:13,865][INFO][is_hybird()] [Permission End]

[INTERNAL_LOG][2018-06-12 07:42:13,865][INFO][analyze_start()] TYPE APK: [ANDROID NATIVE]

[INTERNAL_LOG][2018-06-12 07:42:13,866][INFO][find_string()] [START FILE ANALYZE]
[INTERNAL_LOG][2018-06-12 07:42:13,866][INFO][find_string()] [END ANALYZE FILE]

[INTERNAL_LOG][2018-06-12 07:42:13,866][INFO][find_string()] [START FILE ANALYZE]
[INTERNAL_LOG][2018-06-12 07:42:13,866][INFO][find_string()] File: assets/appboy-html-in-app-message-javascript-component.js
[INTERNAL_LOG][2018-06-12 07:42:13,866][INFO][find_string()] No iframe in assets/appboy-html-in-app-message-javascript-component.js
[INTERNAL_LOG][2018-06-12 07:42:13,866][INFO][find_string()] File: assets/main.js
[INTERNAL_LOG][2018-06-12 07:42:13,947][INFO][find_string()] No iframe in assets/main.js
[INTERNAL_LOG][2018-06-12 07:42:13,947][INFO][find_string()] File: assets/module-service.js
[INTERNAL_LOG][2018-06-12 07:42:13,963][INFO][find_string()] No iframe in assets/module-service.js
[INTERNAL_LOG][2018-06-12 07:42:13,963][INFO][find_string()] File: assets/rax.js
[INTERNAL_LOG][2018-06-12 07:42:27,940][INFO][find_string()] No iframe in assets/rax.js
[INTERNAL_LOG][2018-06-12 07:42:27,945][INFO][find_string()] [END ANALYZE FILE]

[INTERNAL_LOG][2018-06-12 07:43:27,636][INFO][find_url_in_apk()] [START ALL URL INSIDE APK]
[INTERNAL_LOG][2018-06-12 07:43:27,636][INFO][find_url_in_apk()] https://com.lazada.android/orders
https://com.lazada.android/login
https://com.lazada.android/signup
http://xmlpull.org/v1/doc/features.html#indent-output
http://xmlpull.org/v1/doc/features.html#indent-output
http://schemas.android.com/apk/res/android
http://schemas.android.com/apk/res/android
https://h5.
http://h5.
http://api.
https://wvcfg.alicdn.com/
https://wvcfg.alicdn.com/
https://wvcfg.alicdn.com
http://h5.wapa.taobao.com
https://h5.waptest.taobao.com
http://wapp.
http://h5.m.taobao.com/
https://download.alicdn.com/freedom/58245/compress/cf3f782f17e642643a77b21a60fe47a1.zip
https://download.alicdn.com/freedom/58245/compress/6fb1a836586fd637faf9d1b3de7bf8d1.zip
http://h5.alibaba-inc.com
https://ossgw.alicdn.com/awp/h5.m.taobao.com/
http://h5.wapa.taobao.com/
http://h5.waptest.taobao.com/
http://wapp.m.taobao.com/
http://wapp.wapa.taobao.com/
http://wapp.waptest.taobao.com/
https://appboy.data.placeiq.com/dataex/id/
https://pingapi.accengage.com
http://api.ad4s.local:8000/routes?partnerId=|partnerId|&sharedId=|sharedId|&version=|version|
http://preprodapi.a4.tl/routes?partnerId=|partnerId|&sharedId=|sharedId|&version=|version|
https://api|SERVER|.accengage.com/routes?partnerId=|partnerId|&sharedId=|sharedId|&version=|version|
http://apptrk.ad4s.local/api/event/?partnerId=|partnerId|
http://preprodapptrk.a4.tl/api/event/?partnerId=|partnerId|
https://apptrk.a4.tl/api/event/?partnerId=|partnerId|
https://app.adjust.com
https://app.adjust.com
http://h5.m.taobao.com/app/weex/
http://h5.m.taobao.com/app/rax/rax.js
http://adash.m.taobao.com/rest/sur
https://www.googleapis.com/auth/plus.login
https://www.googleapis.com/auth/plus.me
http://native.m.lazada.com/quick_login?quick_login_type=becomeLazadian&email=
http://native.m.lazada.com/quick_login?quick_login_type=becomeLazadian&email=
http://native.m.lazada.com/signin_signup
http://native.m.lazada.com/signin_signup
http://native.m.lazada.com/signin_signup
http://native.m.lazada.com/signin_signup
http://native.m.lazada.com/signin_signup
http://native.m.lazada.com/signin_signup
http://native.m.lazada.com/signin_signup
http://native.m.lazada.com/signin_signup
http://native.m.lazada.com/signin_signup
http://native.m.lazada.com/signin_signup
http://native.m.lazada.com/signin_signup
http://native.m.lazada.com/signin_signup?email=
http://native.m.lazada.com/signin_signup?email=
http://native.m.lazada.com/quick_login?quick_login_type=login
http://native.m.lazada.com/quick_login?quick_login_type=login
http://native.m.lazada.com/quick_login?quick_login_type=sendEmail&email=
http://schema.org/ViewAction
http://schema.org/ViewAction
https://play.google.com
http://native.m.lazada.com/maintab?tab=HOME
http://native.m.lazada.com/maintab?tab=HOME
http://native.m.lazada.com/maintab?tab=HOME
http://native.m.lazada.com/uat_test_panel
https://twitter.com/intent/tweet?text=
https://audid-api.taobao.com/v2.0/a/audid/apps?version=
https://audid-api.taobao.com/v2.0/a/audid/req/
https://pages.tmall.com/wh/fragment/act/weexdep
https://pages.tmall.com/wh/fragment/act/weexdep
https://pre-wormhole.tmall.com/wh/fragment/act/weexdep
http://h5.m.taobao.com/app/prefetchmap/prefetch.js
https://h-adashx.ut.taobao.com/upload
http://acs.m.taobao.com/gw/mtop.common.getTimestamp/*
https://h-adashx4sg.ut.taobao.com/upload
http://tb.cn/n/poplayerdebug?windvane=%s&log_cache_size=%s
https://mobileapi.ebuckler.com/igw.htm
https://iclientgw-sea.alipay.com/imgw.htm
https://iclientgw.alipay.com/igw.htm
https://iclientgwpre.alipay.com/igw.htm
http://iclientgw.test.alipay.net/igw.htm
http://iclientgw.stable.alipay.net/igw.htm
http://iclientgw.d9767.alipay.net/igw.htm
https://mobilegw.alipay.com/mgw.htm
http://mobilegw.stable.alipay.net/mgw.htm
http://mobilegw.test.alipay.net/mgw.htm
http://mobilegw.aaa.alipay.net/mgw.htm
https://sondheim.appboy.com/api/v3/
https://dev.appboy.com/api/v3/
http://www.amazon.com/gp/mas/dl/android?asin=
https://play.google.com/store/apps/details?id=
https://play.google.com/store/apps/details?id=
https://graph.%s
https://graph-video.%s
https://facebook.com
http://play.google.com/store/apps/details?id=com.facebook.orca
https://pagead2.googlesyndication.com/pagead/gen_204?id=gmob-apps
http://hostname/?
http://hostname/?
http://hostname/?
https://accounts.google.com
https://www.facebook.com
https://www.googleapis.com/auth/games_lite
https://www.googleapis.com/auth/games
https://plus.google.com/
http://www.google-analytics.com
https://ssl.google-analytics.com
https://app-measurement.com/a
https://www.google.com
https://www.google-analytics.com
http://schemas.android.com/apk/lib/com.google.android.gms.plus
http://schemas.android.com/apk/lib/com.google.android.gms.plus
https://www.googletagmanager.com
http://native.m.lazada.com/maintab?tab=ACCOUNT
http://native.m.lazada.com/maintab?tab=ACCOUNT
http://native.m.lazada.com/maintab?tab=ACCOUNT
http://native.m.lazada.com/searchbox
http://native.m.lazada.com/searchbox
http://native.m.lazada.com/searchbox
http://native.m.lazada.com/searchbox
http://native.m.lazada.com/maintab?tab=CATEGORY
http://native.m.lazada.com/maintab?tab=CATEGORY
http://native.m.lazada.com/help_center
http://native.m.lazada.com/help_center
http://native.m.lazada.com/scancode
http://native.m.lazada.com/maintab?tab=CART
http://h5.m.taobao.com/chitu/chitupanel/index.html?lang=en
http://admin.search.taobao.com/chitu/ChituApiLog/requestUpload?lang=en
http://native.m.lazada.com/shop_searchresult
http://native.m.lazada.com/shop_searchresult
http://native.m.lazada.com/shop_searchresult
http://native.m.lazada.com/searchresult
http://native.m.lazada.com/searchresult
http://native.m.lazada.com/searchresult
http://www.lazada.sg
http://www.lazada.sg/
https://service-usertrack.alibaba-inc.com/upload_records_from_client
https://service-usertrack.alibaba-inc.com/upload_records_from_client
http://native.m.lazada.com/shop_searchbox
http://native.m.lazada.com/shop_searchbox
https://twitter.com/intent/tweet?text=%s&url=%s
https://lazada.com
http://wx2.sinaimg.cn/mw600/673c4d7fgy1fqhya3yv6xj20go36ehdt.jpg
http://wx3.sinaimg.cn/mw600/006awcP2ly1fq85nv2hnqj30i20onqez.jpg
https://www.lazada.vn/products/set-bo-3-mau-i167030145-s182829496.html?spm=a2o4n.searchlist.list.1.58af27d7FBuj8S&search=1
http://lazada.com
http://native.m.lazada.com/address_shipping_selection?spm=a211g0.shippingpage.edit_shipping_address.shipping
http://native.m.lazada.com/address_billing_selection?spm=a211g0.shippingpage.edit_billing_address.billing
http://native.m.lazada.com/maintab?tab=CART&spm=a211g0.shippingpage.continue_shopping.button
http://native.m.lazada.com/shipping_tool?spm=a211g0.cart.proceed_to_checkout.submit
http://native.m.lazada.com/collect_guest_info?spm=a211g0.cart.proceed_to_checkout.submit
http://native.m.lazada.com/maintab?tab=HOME&spm=a211g0.cart.continue_shopping.button
http://native.m.lazada.com/address_location_tree?spm=a211g0.cart.change.location
http://native.m.lazada.com/signin_signup?spm=a211g0.cart.proceed_to_checkout.submit
http://awp-lazada.oss-ap-southeast-1.aliyuncs.com/h5.m.taobao.com
http://my-live.slatic.net/h5/
http://native.m.lazada.com/quick_login?quick_login_type=sendEmail
https://play.google.com/store/apps/details
http://native.m.lazada.com/complete_your_profile?spm=%s.%s.%s.1
http://native.m.lazada.com/set_up_login_password?spm=%s.%s.%s.1
http://native.m.lazada.com/msg_category
https://www.lazada.co.id/lazada-anniversary/
https://www.lazada.co.id/lazada-anniversary/?hybrid=1
https://www.lazada.com.ph/lazada-anniversary/
https://www.lazada.com.ph/lazada-anniversary/?hybrid=1
https://www.lazada.com.my/birthday-sale/
https://www.lazada.co.id/lazada-anniversary?hybrid=1
https://www.lazada.sg/birthday-sale/
https://www.lazada.sg/birthday-sale?hybrid=1
https://www.lazada.co.th/birthday-sale/
https://www.lazada.co.th/birthday-sale?hybrid=1
http://native.m.lazada.com/msg_setting
https://cart-p.${HOST_HOLDER}/wishlist?wh_weex=true
https://cart-m.${HOST_HOLDER}/wishlist?wh_weex=true
http://100.69.165.28/agoo/report
http://agoodm.m.taobao.com/agoo/report
http://agoodm.wapa.taobao.com/agoo/report
http://100.69.168.33/agoo/report
http://mtop.taobao.com/
http://h5.m.taobao.com/chitu/chitupanel/index.html
http://admin.search.taobao.com/chitu/chituApi/deviceService
http://s.tb.cn
https://s.tb.cn
https://os.alipayobjects.com/rmsportal/kOKzRQMUAScJhkFVDOfC.zip
http://schemas.android.com/apk/res-auto
https://tmge.alicdn.com/tmge/3/pre/tm/Android/
https://tmge.alicdn.com/tmge/3/tm/Android/
https://gjapplog.ucweb.com/collect?uc_param_str=&chk=
https://applog.uc.cn/collect?uc_param_str=&chk=
http://muvp.alibaba-inc.com/online/UploadRecords.do
http://native.m.lazada.com/shopping_cart
http://www.lazada.com.my

[INTERNAL_LOG][2018-06-12 07:43:27,636][INFO][find_url_in_apk()] [END ALL URL INSIDE APK]
[INTERNAL_LOG][2018-06-12 07:43:27,644][INFO][check_method_conf()] [JavaScript enabled: True]

[INTERNAL_LOG][2018-06-12 07:43:27,644][INFO][check_method_conf()] [Add interface WebView: True]

[INTERNAL_LOG][2018-06-12 07:43:27,645][INFO][analyze_start()] This app might be not vulnerable on  attack frame confusion.
[INTERNAL_LOG][2018-06-12 07:43:27,645][INFO][analyze_start()] End time:[Tue Jun 12 07:43:27 2018]
