[INTERNAL_LOG][2018-06-12 07:21:09,974][INFO][analyze_start()] Init Time [Tue Jun 12 07:21:09 2018]
[INTERNAL_LOG][2018-06-12 07:21:10,039][INFO][run()] Start Analysis
[INTERNAL_LOG][2018-06-12 07:21:10,040][INFO][is_hybird()] [Permission Enble Start]
[INTERNAL_LOG][2018-06-12 07:21:10,040][INFO][is_hybird()] com.google.android.c2dm.permission.RECEIVE
[INTERNAL_LOG][2018-06-12 07:21:10,040][INFO][is_hybird()] android.permission.GET_ACCOUNTS
[INTERNAL_LOG][2018-06-12 07:21:10,041][INFO][is_hybird()] jp.naver.lineplay.android.permission.NNI_MESSAGE
[INTERNAL_LOG][2018-06-12 07:21:10,041][INFO][is_hybird()] android.permission.INTERNET
[INTERNAL_LOG][2018-06-12 07:21:10,041][INFO][is_hybird()] android.permission.WRITE_EXTERNAL_STORAGE
[INTERNAL_LOG][2018-06-12 07:21:10,041][INFO][is_hybird()] android.permission.READ_EXTERNAL_STORAGE
[INTERNAL_LOG][2018-06-12 07:21:10,041][INFO][is_hybird()] android.permission.ACCESS_NETWORK_STATE
[INTERNAL_LOG][2018-06-12 07:21:10,041][INFO][is_hybird()] android.permission.ACCESS_WIFI_STATE
[INTERNAL_LOG][2018-06-12 07:21:10,041][INFO][is_hybird()] android.permission.READ_PHONE_STATE
[INTERNAL_LOG][2018-06-12 07:21:10,041][INFO][is_hybird()] android.permission.GET_TASKS
[INTERNAL_LOG][2018-06-12 07:21:10,041][INFO][is_hybird()] android.permission.VIBRATE
[INTERNAL_LOG][2018-06-12 07:21:10,041][INFO][is_hybird()] android.permission.INTERACT_ACROSS_USERS_FULL
[INTERNAL_LOG][2018-06-12 07:21:10,041][INFO][is_hybird()] com.android.vending.BILLING
[INTERNAL_LOG][2018-06-12 07:21:10,041][INFO][is_hybird()] android.permission.WAKE_LOCK
[INTERNAL_LOG][2018-06-12 07:21:10,041][INFO][is_hybird()] android.permission.DISABLE_KEYGUARD
[INTERNAL_LOG][2018-06-12 07:21:10,041][INFO][is_hybird()] android.permission.WRITE_EXTERNAL_STORAGE
[INTERNAL_LOG][2018-06-12 07:21:10,041][INFO][is_hybird()] android.permission.CAMERA
[INTERNAL_LOG][2018-06-12 07:21:10,041][INFO][is_hybird()] android.permission.FLASHLIGHT
[INTERNAL_LOG][2018-06-12 07:21:10,041][INFO][is_hybird()] android.permission.ACCESS_FINE_LOCATION
[INTERNAL_LOG][2018-06-12 07:21:10,041][INFO][is_hybird()] android.intent.action.BADGE_COUNT_UPDATE
[INTERNAL_LOG][2018-06-12 07:21:10,041][INFO][is_hybird()] com.sonyericsson.home.permission.BROADCAST_BADGE
[INTERNAL_LOG][2018-06-12 07:21:10,041][INFO][is_hybird()] android.permission.ACTION_MEDIA_SCANNER_SCAN_FILE
[INTERNAL_LOG][2018-06-12 07:21:10,041][INFO][is_hybird()] android.permission.MODIFY_AUDIO_SETTINGS
[INTERNAL_LOG][2018-06-12 07:21:10,042][INFO][is_hybird()] android.permission.RECORD_AUDIO
[INTERNAL_LOG][2018-06-12 07:21:10,042][INFO][is_hybird()] android.permission.WRITE_SETTINGS
[INTERNAL_LOG][2018-06-12 07:21:10,042][INFO][is_hybird()] android.permission.ACCESS_COARSE_LOCATION
[INTERNAL_LOG][2018-06-12 07:21:10,042][INFO][is_hybird()] [Permission End]

[INTERNAL_LOG][2018-06-12 07:21:10,042][INFO][analyze_start()] TYPE APK: [ANDROID NATIVE]

[INTERNAL_LOG][2018-06-12 07:21:10,042][INFO][find_string()] [START FILE ANALYZE]
[INTERNAL_LOG][2018-06-12 07:21:10,042][INFO][find_string()] File: res/raw-ko/loaderror.html
[INTERNAL_LOG][2018-06-12 07:21:10,043][INFO][find_string()] No iframe in res/raw-ko/loaderror.html
[INTERNAL_LOG][2018-06-12 07:21:10,044][INFO][find_string()] File: res/raw-ko/nodomain.html
[INTERNAL_LOG][2018-06-12 07:21:10,045][INFO][find_string()] No iframe in res/raw-ko/nodomain.html
[INTERNAL_LOG][2018-06-12 07:21:10,046][INFO][find_string()] File: res/raw/loaderror.html
[INTERNAL_LOG][2018-06-12 07:21:10,047][INFO][find_string()] No iframe in res/raw/loaderror.html
[INTERNAL_LOG][2018-06-12 07:21:10,047][INFO][find_string()] File: res/raw/nodomain.html
[INTERNAL_LOG][2018-06-12 07:21:10,079][INFO][find_string()] No iframe in res/raw/nodomain.html
[INTERNAL_LOG][2018-06-12 07:21:10,079][INFO][find_string()] [END ANALYZE FILE]

[INTERNAL_LOG][2018-06-12 07:21:10,079][INFO][find_string()] [START FILE ANALYZE]
[INTERNAL_LOG][2018-06-12 07:21:10,079][INFO][find_string()] [END ANALYZE FILE]

[INTERNAL_LOG][2018-06-12 07:21:40,767][INFO][find_url_in_apk()] [START URL LOADED INSIDE LOAD FUNCTION]
[INTERNAL_LOG][2018-06-12 07:21:40,767][INFO][find_url_in_apk()] http://m.naver.com
http://m.naver.com
http://img.ly/api/2/upload.json
https://api.mobypicture.com/2.0/upload.json
http://p.twipple.jp/api/upload
https://twitpic.com/api/2/upload.json
https://yfrog.com/api/xauth_upload

[INTERNAL_LOG][2018-06-12 07:21:40,767][INFO][find_url_in_apk()] [END URL LOADED INSIDE LOAD FUNCTION]
[INTERNAL_LOG][2018-06-12 07:21:44,518][ERROR][download_page_loaded()] Failed response code: 404 for http://img.ly/api/2/upload.json  
[INTERNAL_LOG][2018-06-12 07:21:45,544][ERROR][download_page_loaded()] Failed response code: 403 for https://api.mobypicture.com/2.0/upload.json  
[INTERNAL_LOG][2018-06-12 07:21:46,661][ERROR][download_page_loaded()] Failed response code: 410 for http://p.twipple.jp/api/upload  
[INTERNAL_LOG][2018-06-12 07:21:57,064][ERROR][download_page_loaded()] Failed connection error download: https://yfrog.com/api/xauth_upload 
[INTERNAL_LOG][2018-06-12 07:21:57,064][INFO][find_string()] [START REMOTE FILE ANALYZE]
[INTERNAL_LOG][2018-06-12 07:21:57,064][INFO][find_string()] Remote File in: temp_html_code/html_downloaded_LINE PLAY - Our Avatar World by LINE Corporation - jp/m.naver.com
[INTERNAL_LOG][2018-06-12 07:21:57,065][INFO][find_string()] URL: http://m.naver.com
[INTERNAL_LOG][2018-06-12 07:21:57,100][INFO][find_string()] No iframe in temp_html_code/html_downloaded_LINE PLAY - Our Avatar World by LINE Corporation - jp/m.naver.com
[INTERNAL_LOG][2018-06-12 07:21:57,101][INFO][find_string()] Remote File in: temp_html_code/html_downloaded_LINE PLAY - Our Avatar World by LINE Corporation - jp/upload.json
[INTERNAL_LOG][2018-06-12 07:21:57,101][INFO][find_string()] URL: https://twitpic.com/api/2/upload.json
[INTERNAL_LOG][2018-06-12 07:21:57,102][INFO][find_string()] No iframe in temp_html_code/html_downloaded_LINE PLAY - Our Avatar World by LINE Corporation - jp/upload.json
[INTERNAL_LOG][2018-06-12 07:21:57,102][INFO][find_string()] [END ANALYZE FILE]

[INTERNAL_LOG][2018-06-12 07:21:57,102][INFO][find_url_in_apk()] [START ALL URL INSIDE APK]
[INTERNAL_LOG][2018-06-12 07:21:57,102][INFO][find_url_in_apk()] http://schemas.android.com/apk/res/android
https://graph.%s
https://graph-video.%s
https://facebook.com
https://facebook.com/device?user_code=%1$s&qr=1
http://play.google.com/store/apps/details?id=com.facebook.orca
https://pagead2.googlesyndication.com/pagead/gen_204?id=gmob-apps
https://www.googleapis.com/auth/games
https://plus.google.com/
http://lg-growthy-sdbx.line-apps.com
http://lg-growthy.line-apps-beta.com
http://lg-growthy.line-apps.com
https://z.moatads.com/
http://login.sina.com.cn/sso/logout.php
https://fortune.line.me/redirect
http://www.ntag.co/vcards/
https://www.facebook.com/
http://m.foursquare.com/venue/
https://twitter.com/#!/
http://www.youtube.com/watch?v=
http://www.
https://www.
https://manager.smartwhere.com/
https://manager_api.smartwhere.com/
https://manager.smartwhere.com
https://playlist.ma.tune.com
https://configuration.ma.tune.com
https://analytics.ma.tune.com/analytics
https://s3.amazonaws.com/uploaded-assets-production
https://connected.ma.tune.com
http://www.amazon.com/gp/mas/dl/android?%s
http://play.google.com/store/apps/details?%s
https://www.vungle.com/privacy/
https://www.vungle.com/privacy/
http://lol.vungle.com/
https://api.vungle.com/
https://ads.api.vungle.com/config
https://auth.login.yahoo.co.jp/yconnect/v1/authorization
https://auth.login.yahoo.co.jp/yconnect/v1/authorization
https://auth.login.yahoo.co.jp/yconnect/v1/authorization
https://auth.login.yahoo.co.jp/yconnect/v1/authorization
https://auth.login.yahoo.co.jp/yconnect/v1/token
https://auth.login.yahoo.co.jp/yconnect/v1/token
https://auth.login.yahoo.co.jp/yconnect/v1/checktoken
https://auth.login.yahoo.co.jp/yconnect/v1/checktoken
https://auth.login.yahoo.co.jp
https://auth.login.yahoo.co.jp
https://userinfo.yahooapis.jp/yconnect/v1/attribute
https://userinfo.yahooapis.jp/yconnect/v1/attribute
https://access.line.me
https://api.line.me
http://appreport.naver.jp/creport.nhn
https://channel-apis.line.naver.jp
https://channel-apis.line.naver.jp
https://channel.line.naver.jp
https://channel.line.naver.jp
https://channel-beta.line.naver.jp
https://channel-apis-beta.line.naver.jp
https://channel-rc.line.naver.jp
https://channel-apis-rc.line.naver.jp
https://tx.lbg.play.naver.jp
http://tx-alpha.lbg.play.naver.jp
http://tx-beta.lbg.play.naver.jp
http://m.facebook.com
http://m.facebook.com
http://m.facebook.com
http://m.facebook.com
http://m.facebook.com
https://m.facebook.com
https://m.facebook.com
https://m.facebook.com
https://m.facebook.com
https://m.facebook.com
https://play.google.com/store/apps/details?id=jp.naver.line.android
https://play.google.com/store/apps/details?id=jp.naver.line.android
https://play.google.com/store/apps/details?id=jp.naver.lineplay.android
http://fapi-beta.play.naver.jp
https://api.twitter.com/logout
http://campaign.naver.com/line_play
http://static-beta.play.naver.co.jp/img/read/
http://static.play.naver.co.jp/img/read/
https://channel-apis.line.naver.jp/v1/events
https://channel-apis.line.naver.jp/v1/events
https://channel-apis.line.naver.jp/v1/events
https://channel-apis.line.naver.jp/v1/events
http://www.naver.com
http://m.naver.com
http://m.naver.com
https://ssl.gstatic.com/accessibility/javascript/android/chromeandroidvox.js
http://localhost/
http://localhost/
http://localhost/
http://twitter4j.org/en/twitter4j-
https://api.twitter.com/oauth/request_token
https://api.twitter.com/oauth/authorize
https://api.twitter.com/oauth/access_token
https://api.twitter.com/oauth/authenticate
https://api.twitter.com/oauth2/token
https://api.twitter.com/oauth2/invalidate_token
https://api.twitter.com/1.1/
https://stream.twitter.com/1.1/
https://userstream.twitter.com/1.1/
https://sitestream.twitter.com/1.1/
https://upload.twitter.com/1.1/
https://api.twitter.com/1.1/account/verify_credentials.json
https://api.twitter.com/1.1/account/verify_credentials.json
https://api.twitter.com/1.1/account/verify_credentials.json
https://api.twitter.com/1.1/account/verify_credentials.json
https://api.twitter.com/1.1/account/verify_credentials.json
http://img.ly/api/2/upload.json
https://api.mobypicture.com/2.0/upload.json
http://p.twipple.jp/api/upload
https://twitpic.com/api/2/upload.json
https://yfrog.com/api/xauth_upload
https://api.twitter.com/1.1/account/verify_credentials.xml

[INTERNAL_LOG][2018-06-12 07:21:57,102][INFO][find_url_in_apk()] [END ALL URL INSIDE APK]
[INTERNAL_LOG][2018-06-12 07:21:57,110][INFO][check_method_conf()] [JavaScript enabled: True]

[INTERNAL_LOG][2018-06-12 07:21:57,111][INFO][check_method_conf()] [Add interface WebView: True]

[INTERNAL_LOG][2018-06-12 07:21:57,111][INFO][analyze_start()] This app might be not vulnerable on  attack frame confusion.
[INTERNAL_LOG][2018-06-12 07:21:57,111][INFO][analyze_start()] End time:[Tue Jun 12 07:21:57 2018]
