[INTERNAL_LOG][2018-06-12 00:33:21,854][INFO][analyze_start()] Init Time [Tue Jun 12 00:33:21 2018]
[INTERNAL_LOG][2018-06-12 00:33:21,944][INFO][run()] Start Analysis
[INTERNAL_LOG][2018-06-12 00:33:21,945][INFO][is_hybird()] [Permission Enble Start]
[INTERNAL_LOG][2018-06-12 00:33:21,945][INFO][is_hybird()] com.dragonplay.liveholdempro.permission.C2D_MESSAGE
[INTERNAL_LOG][2018-06-12 00:33:21,945][INFO][is_hybird()] android.permission.VIBRATE
[INTERNAL_LOG][2018-06-12 00:33:21,945][INFO][is_hybird()] android.permission.INTERNET
[INTERNAL_LOG][2018-06-12 00:33:21,946][INFO][is_hybird()] android.permission.ACCESS_NETWORK_STATE
[INTERNAL_LOG][2018-06-12 00:33:21,946][INFO][is_hybird()] android.permission.READ_PHONE_STATE
[INTERNAL_LOG][2018-06-12 00:33:21,946][INFO][is_hybird()] android.permission.WRITE_EXTERNAL_STORAGE
[INTERNAL_LOG][2018-06-12 00:33:21,946][INFO][is_hybird()] com.android.launcher.permission.INSTALL_SHORTCUT
[INTERNAL_LOG][2018-06-12 00:33:21,946][INFO][is_hybird()] android.permission.WAKE_LOCK
[INTERNAL_LOG][2018-06-12 00:33:21,946][INFO][is_hybird()] com.google.android.c2dm.permission.RECEIVE
[INTERNAL_LOG][2018-06-12 00:33:21,946][INFO][is_hybird()] com.android.vending.BILLING
[INTERNAL_LOG][2018-06-12 00:33:21,946][INFO][is_hybird()] android.permission.GET_ACCOUNTS
[INTERNAL_LOG][2018-06-12 00:33:21,946][INFO][is_hybird()] android.permission.RECEIVE_BOOT_COMPLETED
[INTERNAL_LOG][2018-06-12 00:33:21,946][INFO][is_hybird()] android.permission.READ_EXTERNAL_STORAGE
[INTERNAL_LOG][2018-06-12 00:33:21,946][INFO][is_hybird()] [Permission End]

[INTERNAL_LOG][2018-06-12 00:33:21,946][INFO][analyze_start()] TYPE APK: [ANDROID NATIVE]

[INTERNAL_LOG][2018-06-12 00:33:21,946][INFO][find_string()] [START FILE ANALYZE]
[INTERNAL_LOG][2018-06-12 00:33:21,946][INFO][find_string()] [END ANALYZE FILE]

[INTERNAL_LOG][2018-06-12 00:33:21,946][INFO][find_string()] [START FILE ANALYZE]
[INTERNAL_LOG][2018-06-12 00:33:21,946][INFO][find_string()] [END ANALYZE FILE]

[INTERNAL_LOG][2018-06-12 00:33:45,650][INFO][find_url_in_apk()] [START ALL URL INSIDE APK]
[INTERNAL_LOG][2018-06-12 00:33:45,650][INFO][find_url_in_apk()] http://www.amazon.com/gp/mas/get-appstore/android/ref=mas_mx_mba_iap_dl
https://graph.%s
https://graph-video.%s
https://facebook.com
http://play.google.com/store/apps/details?id=com.facebook.orca
http://hostname/
http://schemas.android.com/apk/lib/com.google.android.gms.plus
http://schemas.android.com/apk/lib/com.google.android.gms.plus
http://graph.facebook.com/{UID}/picture
http://www.dragonplay.com/GooglePlus/GplusPicture.aspx?UserId={UID}&Sz=100
http://apps.facebook.com/liveholdem
http://cdn.dragonplaycdn.com/xxlarge/liveholdempro/libgdx/statusicons/
http://cl.DragonPlay.net/Default.aspx
http://m.facebook.com
https://www.googleapis.com/auth/plus.login https://www.googleapis.com/auth/plus.me
https://encrypted-tbn1.gstatic.com/images?q=tbn:ANd9GcQz3pzDuCiKdYdn6Dd7ZXMamHs9CPl7DOacySGVKe59HQt9XKLi
https://app.adjust.com
http://hostname/?
http://hostname/?
http://hostname/?
https://pubads.g.doubleclick.net/activity;dc_iu=
https://pubads.g.doubleclick.net/activity;xsp=
https://www.googleadservices.com/pagead/conversion/
https://www.googleadservices.com/pagead/conversion/
http://plus.google.com/
http://plus.google.com/
http://www.google-analytics.com/collect
http://www.google-analytics.com/collect
https://ssl.google-analytics.com/collect
https://ssl.google-analytics.com
https://www.googleapis.com/auth/games
https://www.googleapis.com/auth/games
https://www.googleapis.com/auth/games.firstparty
https://www.googleapis.com/auth/games.firstparty
https://www.googleapis.com/auth/plus.login
https://www.googleapis.com/auth/plus.me
https://www.googletagmanager.com
https://e.crashlytics.com/spi/v2/events
https://settings.crashlytics.com/spi/v2/platforms/android/apps/%s/settings

[INTERNAL_LOG][2018-06-12 00:33:45,650][INFO][find_url_in_apk()] [END ALL URL INSIDE APK]
[INTERNAL_LOG][2018-06-12 00:33:45,654][INFO][check_method_conf()] [JavaScript enabled: True]

[INTERNAL_LOG][2018-06-12 00:33:45,654][INFO][check_method_conf()] [Add interface WebView: True]

[INTERNAL_LOG][2018-06-12 00:33:45,654][INFO][analyze_start()] This app might be not vulnerable on  attack frame confusion.
[INTERNAL_LOG][2018-06-12 00:33:45,654][INFO][analyze_start()] End time:[Tue Jun 12 00:33:45 2018]
