[INTERNAL_LOG][2018-06-12 07:35:27,796][INFO][analyze_start()] Init Time [Tue Jun 12 07:35:27 2018]
[INTERNAL_LOG][2018-06-12 07:35:27,873][INFO][run()] Start Analysis
[INTERNAL_LOG][2018-06-12 07:35:27,875][INFO][is_hybird()] [Permission Enble Start]
[INTERNAL_LOG][2018-06-12 07:35:27,875][INFO][is_hybird()] android.permission.VIBRATE
[INTERNAL_LOG][2018-06-12 07:35:27,875][INFO][is_hybird()] android.permission.INTERNET
[INTERNAL_LOG][2018-06-12 07:35:27,875][INFO][is_hybird()] android.permission.ACCESS_NETWORK_STATE
[INTERNAL_LOG][2018-06-12 07:35:27,875][INFO][is_hybird()] android.permission.WRITE_EXTERNAL_STORAGE
[INTERNAL_LOG][2018-06-12 07:35:27,875][INFO][is_hybird()] com.android.vending.BILLING
[INTERNAL_LOG][2018-06-12 07:35:27,875][INFO][is_hybird()] android.permission.WAKE_LOCK
[INTERNAL_LOG][2018-06-12 07:35:27,875][INFO][is_hybird()] com.google.android.finsky.permission.BIND_GET_INSTALL_REFERRER_SERVICE
[INTERNAL_LOG][2018-06-12 07:35:27,875][INFO][is_hybird()] com.google.android.c2dm.permission.RECEIVE
[INTERNAL_LOG][2018-06-12 07:35:27,875][INFO][is_hybird()] logos.quiz.companies.game.permission.C2D_MESSAGE
[INTERNAL_LOG][2018-06-12 07:35:27,875][INFO][is_hybird()] [Permission End]

[INTERNAL_LOG][2018-06-12 07:35:27,875][INFO][analyze_start()] TYPE APK: [ANDROID NATIVE]

[INTERNAL_LOG][2018-06-12 07:35:27,875][INFO][find_string()] [START FILE ANALYZE]
[INTERNAL_LOG][2018-06-12 07:35:27,876][INFO][find_string()] File: js/closebutton.html
[INTERNAL_LOG][2018-06-12 07:35:27,876][INFO][find_string()] No iframe in js/closebutton.html
[INTERNAL_LOG][2018-06-12 07:35:27,876][INFO][find_string()] [END ANALYZE FILE]

[INTERNAL_LOG][2018-06-12 07:35:27,876][INFO][find_string()] [START FILE ANALYZE]
[INTERNAL_LOG][2018-06-12 07:35:27,876][INFO][find_string()] File: js/mraid.js
[INTERNAL_LOG][2018-06-12 07:35:27,879][INFO][find_string()] No iframe in js/mraid.js
[INTERNAL_LOG][2018-06-12 07:35:27,879][INFO][find_string()] [END ANALYZE FILE]

[INTERNAL_LOG][2018-06-12 07:36:10,146][INFO][find_url_in_apk()] [START ALL URL INSIDE APK]
[INTERNAL_LOG][2018-06-12 07:36:10,146][INFO][find_url_in_apk()] http://schemas.android.com/apk/res/android
https://play.google.com/store/apps/details?id=
https://play.google.com/store/apps/details?id=
https://play.google.com/store/apps/details?id=
https://play.google.com/store/apps/details?id=
https://pagead2.googlesyndication.com/pagead/gen_204?id=gmob-apps
https://www.googleapis.com/auth/games_lite
https://www.googleapis.com/auth/games_lite
https://www.googleapis.com/auth/games_lite
https://www.googleapis.com/auth/games
https://www.googleapis.com/auth/games
https://www.googleapis.com/auth/games
https://plus.google.com/
http://play.google.com/store/apps/category/GAME
https://play.google.com/store/apps/details?id=%1$s&rdid=%1$s&rdot=%2$d
https://plus.google.com/%s/about
https://play.google.com/store/apps/details
https://www.googleapis.com/auth/drive.file
https://www.googleapis.com/auth/drive.appdata
https://www.googleapis.com/auth/drive
https://www.googleapis.com/auth/drive.apps
https://www.googleapis.com/auth/games.firstparty
https://www.googleapis.com/auth/games.firstparty
https://pagead2.googlesyndication.com/pagead/gen_204
http://www.google.com
https://support.google.com/dfp_premium/answer/7160685#push
http://www.example.com
http://www.example.com
https://googleads.g.doubleclick.net/mads/static/mad/sdk/native/sdk-core-v40.html
https://googleads.g.doubleclick.net/mads/static/mad/sdk/native/production/sdk-core-v40-impl.js
https://googleads.g.doubleclick.net/mads/static/mad/sdk/native/mraid/v2/mraid_app_banner.js
https://googleads.g.doubleclick.net/mads/static/mad/sdk/native/mraid/v2/mraid_app_expanded_banner.js
https://googleads.g.doubleclick.net/mads/static/mad/sdk/native/mraid/v2/mraid_app_interstitial.js
https://csi.gstatic.com/csi
https://googleads.g.doubleclick.net/mads/static/mad/sdk/native/native_ads.html
https://googleads.g.doubleclick.net/mads/static/mad/sdk/native/production/native_ads.js
https://imasdk.googleapis.com/admob/sdkloader/native_video.html
https://www.google.com/dfp/linkDevice
https://www.google.com/dfp/inAppPreview
https://www.google.com/dfp/debugSignals
https://www.google.com/dfp/sendDebugData
https://app-measurement.com/a
https://www.google.com
https://mobilecrashreporting.googleapis.com/v1/crashes:batchCreate?key=
https://www.googleapis.com/auth/plus.login
https://www.googleapis.com/auth/plus.me
http://schemas.android.com/apk/lib/com.google.android.gms.plus
http://schemas.android.com/apk/lib/com.google.android.gms.plus
https://z.moatads.com/
http://play.google.com/store/apps/details?id=
https://ws.tapjoyads.com/
https://ws.tapjoyads.com/
https://ws.tapjoyads.com/
https://rpc.tapjoy.com/
https://rpc.tapjoy.com/
https://connect.tapjoy.com/
https://connect.tapjoy.com/
https://placements.tapjoy.com/
https://e.crashlytics.com/spi/v2/events
https://settings.crashlytics.com/spi/v2/platforms/android/apps/%s/settings
http://d23k9cw38d653j.cloudfront.net/
http://d23k9cw38d653j.cloudfront.net/
http://d23k9cw38d653j.cloudfront.net/
http://d23k9cw38d653j.cloudfront.net/
http://d23k9cw38d653j.cloudfront.net/
http://d23k9cw38d653j.cloudfront.net/
http://d23k9cw38d653j.cloudfront.net/
https://twitter.com/intent/tweet?hashtags=logoquiz,logosquiz&text=Who+knows+this+logo%3F&url=
https://m.facebook.com/dialog/feed?app_id=
http://logos-quiz.com/index.php?logo=
http://logos-quiz.com/img/
https://www.facebook.com/
https://www.facebook.com/
https://www.facebook.com/
https://play.google.com/store/apps/developer?id=bubble%20quiz%20games
https://play.google.com/store/apps/developer?id=bubble%20quiz%20games
https://play.google.com/store/apps/developer?id=bubble%20quiz%20games
http://logos-quiz.com/privacy_policy.php
http://logos-quiz.com/privacy_policy.php

[INTERNAL_LOG][2018-06-12 07:36:10,146][INFO][find_url_in_apk()] [END ALL URL INSIDE APK]
[INTERNAL_LOG][2018-06-12 07:36:10,156][INFO][check_method_conf()] [JavaScript enabled: True]

[INTERNAL_LOG][2018-06-12 07:36:10,156][INFO][check_method_conf()] [Add interface WebView: True]

[INTERNAL_LOG][2018-06-12 07:36:10,156][INFO][analyze_start()] This app might be not vulnerable on  attack frame confusion.
[INTERNAL_LOG][2018-06-12 07:36:10,157][INFO][analyze_start()] End time:[Tue Jun 12 07:36:10 2018]
