[INTERNAL_LOG][2018-06-12 03:48:57,399][INFO][analyze_start()] Init Time [Tue Jun 12 03:48:57 2018]
[INTERNAL_LOG][2018-06-12 03:48:57,555][INFO][run()] Start Analysis
[INTERNAL_LOG][2018-06-12 03:48:57,556][INFO][is_hybird()] [Permission Enble Start]
[INTERNAL_LOG][2018-06-12 03:48:57,557][INFO][is_hybird()] com.android.vending.BILLING
[INTERNAL_LOG][2018-06-12 03:48:57,557][INFO][is_hybird()] android.permission.INTERNET
[INTERNAL_LOG][2018-06-12 03:48:57,557][INFO][is_hybird()] android.permission.ACCESS_NETWORK_STATE
[INTERNAL_LOG][2018-06-12 03:48:57,557][INFO][is_hybird()] android.permission.ACCESS_FINE_LOCATION
[INTERNAL_LOG][2018-06-12 03:48:57,557][INFO][is_hybird()] android.permission.ACCESS_COARSE_LOCATION
[INTERNAL_LOG][2018-06-12 03:48:57,557][INFO][is_hybird()] android.permission.ACCESS_WIFI_STATE
[INTERNAL_LOG][2018-06-12 03:48:57,557][INFO][is_hybird()] android.permission.WRITE_EXTERNAL_STORAGE
[INTERNAL_LOG][2018-06-12 03:48:57,557][INFO][is_hybird()] android.permission.WAKE_LOCK
[INTERNAL_LOG][2018-06-12 03:48:57,557][INFO][is_hybird()] android.permission.VIBRATE
[INTERNAL_LOG][2018-06-12 03:48:57,557][INFO][is_hybird()] android.permission.MANAGE_ACCOUNTS
[INTERNAL_LOG][2018-06-12 03:48:57,557][INFO][is_hybird()] android.permission.USE_CREDENTIALS
[INTERNAL_LOG][2018-06-12 03:48:57,557][INFO][is_hybird()] android.permission.SYSTEM_ALERT_WINDOW
[INTERNAL_LOG][2018-06-12 03:48:57,557][INFO][is_hybird()] net.lovoo.android.permission.LOVOO
[INTERNAL_LOG][2018-06-12 03:48:57,557][INFO][is_hybird()] net.lovoo.android.permission.C2D_MESSAGE
[INTERNAL_LOG][2018-06-12 03:48:57,557][INFO][is_hybird()] com.voo.permission.READ_USER_DATA
[INTERNAL_LOG][2018-06-12 03:48:57,557][INFO][is_hybird()] com.google.android.finsky.permission.BIND_GET_INSTALL_REFERRER_SERVICE
[INTERNAL_LOG][2018-06-12 03:48:57,557][INFO][is_hybird()] android.permission.MODIFY_AUDIO_SETTINGS
[INTERNAL_LOG][2018-06-12 03:48:57,558][INFO][is_hybird()] android.permission.CAMERA
[INTERNAL_LOG][2018-06-12 03:48:57,558][INFO][is_hybird()] android.permission.RECORD_AUDIO
[INTERNAL_LOG][2018-06-12 03:48:57,558][INFO][is_hybird()] com.google.android.c2dm.permission.RECEIVE
[INTERNAL_LOG][2018-06-12 03:48:57,558][INFO][is_hybird()] com.google.android.providers.gsf.permission.READ_GSERVICES
[INTERNAL_LOG][2018-06-12 03:48:57,558][INFO][is_hybird()] android.permission.READ_EXTERNAL_STORAGE
[INTERNAL_LOG][2018-06-12 03:48:57,558][INFO][is_hybird()] android.permission.CHANGE_WIFI_STATE
[INTERNAL_LOG][2018-06-12 03:48:57,558][INFO][is_hybird()] [Permission End]

[INTERNAL_LOG][2018-06-12 03:48:57,558][INFO][analyze_start()] TYPE APK: [ANDROID NATIVE]

[INTERNAL_LOG][2018-06-12 03:48:57,558][INFO][find_string()] [START FILE ANALYZE]
[INTERNAL_LOG][2018-06-12 03:48:57,558][INFO][find_string()] File: assets/dependency-license.html
[INTERNAL_LOG][2018-06-12 03:48:57,654][INFO][find_string()] No iframe in assets/dependency-license.html
[INTERNAL_LOG][2018-06-12 03:48:57,654][INFO][find_string()] File: res/raw/avo_vast_vpaid_player.html
[INTERNAL_LOG][2018-06-12 03:48:57,655][INFO][find_string()] No iframe in res/raw/avo_vast_vpaid_player.html
[INTERNAL_LOG][2018-06-12 03:48:57,655][INFO][find_string()] [END ANALYZE FILE]

[INTERNAL_LOG][2018-06-12 03:48:57,655][INFO][find_string()] [START FILE ANALYZE]
[INTERNAL_LOG][2018-06-12 03:48:57,655][INFO][find_string()] File: assets/avo_vast_vpaid_bridge.js
[INTERNAL_LOG][2018-06-12 03:48:57,656][INFO][find_string()] No iframe in assets/avo_vast_vpaid_bridge.js
[INTERNAL_LOG][2018-06-12 03:48:57,656][INFO][find_string()] File: assets/avo_vast_vpaid_ui.js
[INTERNAL_LOG][2018-06-12 03:48:57,657][INFO][find_string()] No iframe in assets/avo_vast_vpaid_ui.js
[INTERNAL_LOG][2018-06-12 03:48:57,657][INFO][find_string()] File: assets/mraid.js
[INTERNAL_LOG][2018-06-12 03:48:57,660][INFO][find_string()] No iframe in assets/mraid.js
[INTERNAL_LOG][2018-06-12 03:48:57,660][INFO][find_string()] [END ANALYZE FILE]

[INTERNAL_LOG][2018-06-12 03:50:41,462][INFO][find_url_in_apk()] [START ALL URL INSIDE APK]
[INTERNAL_LOG][2018-06-12 03:50:41,463][INFO][find_url_in_apk()] http://schemas.android.com/apk/res/android
https://wd.adcolony.com/logs
http://xmlpull.org/v1/doc/features.html#process-namespaces
http://xmlpull.org/v1/doc/features.html#process-namespaces
https://graph.facebook.com/network_ads_common
https://graph.%s.facebook.com/network_ads_common
https://www.facebook.com/adnw_logging/
https://www.%s.facebook.com/adnw_logging/
https://www.facebook.com/
https://www.%s.facebook.com
http://play.google.com/store/apps/
http://www.facebook.com
https://graph.%s
https://graph-video.%s
https://facebook.com
https://facebook.com/device?user_code=%1$s&qr=1
http://play.google.com/store/apps/details?id=com.facebook.orca
https://www.lovoo.com/info
https://support.lovoo.com/hc/
http://www.yvolver.com
http://www.yvolver.com
http://www.yvolver.com
https://adc3-launch.adcolony.com/v4/launch
https://app.adjust.com
https://app.adjust.com
http://localhost
https://www.%s.facebook.com/audience_network/server_side_reward
https://www.facebook.com/audience_network/server_side_reward
https://m.facebook.com/terms
https://m.facebook.com/terms
https://m.facebook.com/terms
https://m.facebook.com/about/privacy/
https://m.facebook.com/about/privacy/
https://m.facebook.com/about/privacy/
https://m.facebook.com/policies/cookies/
https://m.facebook.com/policies/cookies/
https://m.facebook.com/policies/cookies/
https://www.accountkit.com/faq
https://www.accountkit.com/faq
https://www.accountkit.com/faq
https://www.lovoo.com
https://www.lovoo.com/profile/
http://schema.org/ViewAction
http://www.android.com/
https://service.fyber.com/actions/v2
https://service.fyber.com/installs/v2
https://api.fyber.com/vcs/v1/new_credit.json
https://video.fyber.com
https://rewarded-video.fyber.com/tracker
https://offer.fyber.com/mobile
https://interstitial.fyber.com/interstitial
https://interstitial.fyber.com/tracker
https://engine.fyber.com/sdk-config
https://engine.fyber.com/video-cache
https://banner.fyber.com/banner
https://banner.fyber.com/tracker
https://testsuite.fyber.com/tracker
https://api-rewarded-video.fyber.com/video
https://pagead2.googlesyndication.com/pagead/gen_204?id=gmob-apps
https://accounts.google.com/o/oauth2/revoke?token=
https://plus.google.com/
https://plus.google.com/
https://pagead2.googlesyndication.com/pagead/gen_204
http://www.google.com
https://support.google.com/dfp_premium/answer/7160685#push
http://www.example.com
http://www.example.com
https://googleads.g.doubleclick.net/mads/static/mad/sdk/native/sdk-core-v40.html
https://googleads.g.doubleclick.net/mads/static/mad/sdk/native/production/sdk-core-v40-impl.js
https://googleads.g.doubleclick.net/mads/static/mad/sdk/native/mraid/v2/mraid_app_banner.js
https://googleads.g.doubleclick.net/mads/static/mad/sdk/native/mraid/v2/mraid_app_expanded_banner.js
https://googleads.g.doubleclick.net/mads/static/mad/sdk/native/mraid/v2/mraid_app_interstitial.js
https://csi.gstatic.com/csi
https://googleads.g.doubleclick.net/mads/static/mad/sdk/native/native_ads.html
https://googleads.g.doubleclick.net/mads/static/mad/sdk/native/production/native_ads.js
https://imasdk.googleapis.com/admob/sdkloader/native_video.html
https://www.google.com/dfp/linkDevice
https://www.google.com/dfp/inAppPreview
https://www.google.com/dfp/debugSignals
https://www.google.com/dfp/sendDebugData
https://app-measurement.com/a
https://mobile-static.adsafeprotected.com/avid-v2.js
https://track.atom-data.io
https://track.atom-data.io
https://track.atom-data.io
https://www.supersonicads.com/mobile/sdk5/log?method=injectJavaScript
https://www.supersonicads.com/mobile/sdk5/log?method=
https://www.supersonicads.com/mobile/sdk5/log?method=
https://www.supersonicads.com/mobile/sdk5/log?method=
https://www.supersonicads.com/mobile/sdk5/log?method=
https://www.supersonicads.com/mobile/sdk5/log?method=
https://www.supersonicads.com/mobile/sdk5/log?method=
https://www.supersonicads.com/mobile/sdk5/log?method=
https://www.supersonicads.com/mobile/sdk5/log?method=
https://maps.googleapis.com/maps/api/staticmap?size=500x500&center=
https://support.lovoo.com/hc/sections/200292271
https://api.lovoo.com
https://api.lovoo.com
https://api.lovoo.com
https://video-api.lovoo.com/1
https://auth.gateway.lovoo.com/
https://economy.gateway.lovoo.com/
https://video-assets.lovoo.com/images/gifts/
https://rewards.lovoo.com/
https://support.lovoo.com/hc/sections/202406925
https://www.google.com/recaptcha/api/
http://play.google.com/store/apps/details?id=
https://outcome.supersonicads.com/mediation/
https://outcome.supersonicads.com/mediation/
https://www.supersonicads.com/mobile/sdk5/log?method=noProductType
https://www.supersonicads.com/mobile/sdk5/log?method=encodeAppUserId
https://www.supersonicads.com/mobile/sdk5/log?method=encodeAppKey
https://www.supersonicads.com/mobile/sdk5/log?method=extraParametersToJson
https://www.supersonicads.com/mobile/sdk5/log?method=webviewLoadBlank
https://www.supersonicads.com/mobile/sdk5/log?method=webviewLoadWithPath
https://www.supersonicads.com/mobile/sdk5/log?method=htmlControllerDoesNotExistOnFileSystem
https://www.supersonicads.com/mobile/sdk5/log?method=webviewPause
https://www.supersonicads.com/mobile/sdk5/log?method=webviewResume
https://www.lovoo.com/rateappsurvey/%lang%?source=ANDA&id=%id%
http://www.w3.org/ns/ttml#parameter
https://www.googleapis.com/auth/games_lite
https://www.googleapis.com/auth/games
https://www.google.com
https://px.moatads.com/pixel.gif?e=0&i=MOATSDK1&ac=1
https://z.moatads.com/
https://twitter.com/%s/status/%s
https://www.mopub.com/optout/
https://www.mopub.com/optout/
http://ads.mopub.com
https://ads.mopub.com
https://config.unityads.unity3d.com/webview/
https://settings.crashlytics.com/spi/v2/platforms/android/apps/%s/settings
https://img.lovoo.com/users/pictures
https://devpics.lovoo.com
https://pics.lovoo.com
https://img.lovoo.com
http://www.google.com/
https://www.supersonicads.com/delivery/mobilePanel.php?
https://static-s.aa-cdn.net/img/ios/755598884/43937d845ccc9b4beb03d71c90fbe524
https://www.facebook.com/profile.php?id=
https://graph.facebook.com/
https://ads.mopub.com/
https://rt.360dialog.io/xray/events/360dialog/sdk/v1
https://rt.360dialog.io/xray/events/360dialog/sdk/v1
https://e.crashlytics.com/spi/v2/events
https://play.google.com/store/apps/details?id=
https://www.mopub.com/optout
https://upload.lovoo.com
http://localhost/
http://localhost/
http://localhost/

[INTERNAL_LOG][2018-06-12 03:50:41,463][INFO][find_url_in_apk()] [END ALL URL INSIDE APK]
[INTERNAL_LOG][2018-06-12 03:50:41,468][INFO][check_method_conf()] [JavaScript enabled: True]

[INTERNAL_LOG][2018-06-12 03:50:41,468][INFO][check_method_conf()] [Add interface WebView: True]

[INTERNAL_LOG][2018-06-12 03:50:41,468][INFO][analyze_start()] This app might be not vulnerable on  attack frame confusion.
[INTERNAL_LOG][2018-06-12 03:50:41,468][INFO][analyze_start()] End time:[Tue Jun 12 03:50:41 2018]
