[INTERNAL_LOG][2018-06-12 08:13:22,670][INFO][analyze_start()] Init Time [Tue Jun 12 08:13:22 2018]
[INTERNAL_LOG][2018-06-12 08:13:22,704][INFO][run()] Start Analysis
[INTERNAL_LOG][2018-06-12 08:13:22,705][INFO][is_hybird()] [Permission Enble Start]
[INTERNAL_LOG][2018-06-12 08:13:22,705][INFO][is_hybird()] android.permission.INTERNET
[INTERNAL_LOG][2018-06-12 08:13:22,705][INFO][is_hybird()] android.permission.WAKE_LOCK
[INTERNAL_LOG][2018-06-12 08:13:22,705][INFO][is_hybird()] android.permission.ACCESS_NETWORK_STATE
[INTERNAL_LOG][2018-06-12 08:13:22,705][INFO][is_hybird()] com.android.vending.BILLING
[INTERNAL_LOG][2018-06-12 08:13:22,706][INFO][is_hybird()] android.permission.WRITE_EXTERNAL_STORAGE
[INTERNAL_LOG][2018-06-12 08:13:22,706][INFO][is_hybird()] [Permission End]

[INTERNAL_LOG][2018-06-12 08:13:22,706][INFO][analyze_start()] TYPE APK: [ANDROID NATIVE]

[INTERNAL_LOG][2018-06-12 08:13:22,706][INFO][find_string()] [START FILE ANALYZE]
[INTERNAL_LOG][2018-06-12 08:13:22,706][INFO][find_string()] [END ANALYZE FILE]

[INTERNAL_LOG][2018-06-12 08:13:22,706][INFO][find_string()] [START FILE ANALYZE]
[INTERNAL_LOG][2018-06-12 08:13:22,706][INFO][find_string()] [END ANALYZE FILE]

[INTERNAL_LOG][2018-06-12 08:13:51,749][INFO][find_url_in_apk()] [START ALL URL INSIDE APK]
[INTERNAL_LOG][2018-06-12 08:13:51,749][INFO][find_url_in_apk()] https://play.google.com/store/apps/details?id=com.fingersoft.hillclimb&hl=en
https://www.facebook.com/audience_network/server_side_reward
https://www.%s.facebook.com/audience_network/server_side_reward
https://graph.facebook.com/network_ads_common
https://graph.%s.facebook.com/network_ads_common
https://www.facebook.com/adnw_logging/
https://www.%s.facebook.com/adnw_logging/
https://www.facebook.com/
https://www.%s.facebook.com
http://play.google.com/store/apps/
http://www.facebook.com
https://graph.%s
https://graph-video.%s
https://facebook.com
http://play.google.com/store/apps/details?id=com.facebook.orca
http://schemas.microsoft.com/DRM/2007/03/protocols/AcquireLicense
http://www.w3.org/ns/ttml#parameter
https://pagead2.googlesyndication.com/pagead/gen_204?id=gmob-apps
http://hostname/?
https://accounts.google.com
https://www.facebook.com
https://www.googleapis.com/auth/games
https://www.googleapis.com/auth/games
https://www.googleapis.com/auth/games
https://plus.google.com/
https://www.googleapis.com/auth/drive.file
https://www.googleapis.com/auth/drive.appdata
https://www.googleapis.com/auth/drive
https://www.googleapis.com/auth/drive.apps
https://www.googleapis.com/auth/games_lite
https://www.googleapis.com/auth/games.firstparty
https://www.googleapis.com/auth/games.firstparty
http://www.google-analytics.com
https://ssl.google-analytics.com
https://z.moatads.com/
https://config.unityads.unity3d.com/webview/
https://www.vungle.com/privacy/
https://www.vungle.com/privacy/
http://lol.vungle.com/
https://api.vungle.com/
https://ads.api.vungle.com/config
http://localhost/
http://localhost/
http://localhost/

[INTERNAL_LOG][2018-06-12 08:13:51,749][INFO][find_url_in_apk()] [END ALL URL INSIDE APK]
[INTERNAL_LOG][2018-06-12 08:13:51,754][INFO][check_method_conf()] [JavaScript enabled: True]

[INTERNAL_LOG][2018-06-12 08:13:51,755][INFO][check_method_conf()] [Add interface WebView: True]

[INTERNAL_LOG][2018-06-12 08:13:51,755][INFO][analyze_start()] This app might be not vulnerable on  attack frame confusion.
[INTERNAL_LOG][2018-06-12 08:13:51,755][INFO][analyze_start()] End time:[Tue Jun 12 08:13:51 2018]
