[INTERNAL_LOG][2018-06-12 08:22:33,610][INFO][analyze_start()] Init Time [Tue Jun 12 08:22:33 2018]
[INTERNAL_LOG][2018-06-12 08:22:33,683][INFO][run()] Start Analysis
[INTERNAL_LOG][2018-06-12 08:22:33,684][INFO][is_hybird()] [Permission Enble Start]
[INTERNAL_LOG][2018-06-12 08:22:33,684][INFO][is_hybird()] android.permission.INTERNET
[INTERNAL_LOG][2018-06-12 08:22:33,684][INFO][is_hybird()] android.permission.ACCESS_COARSE_LOCATION
[INTERNAL_LOG][2018-06-12 08:22:33,684][INFO][is_hybird()] android.permission.ACCESS_FINE_LOCATION
[INTERNAL_LOG][2018-06-12 08:22:33,684][INFO][is_hybird()] android.permission.WRITE_EXTERNAL_STORAGE
[INTERNAL_LOG][2018-06-12 08:22:33,684][INFO][is_hybird()] android.permission.MODIFY_AUDIO_SETTINGS
[INTERNAL_LOG][2018-06-12 08:22:33,684][INFO][is_hybird()] android.permission.ACCESS_NETWORK_STATE
[INTERNAL_LOG][2018-06-12 08:22:33,684][INFO][is_hybird()] com.android.vending.BILLING
[INTERNAL_LOG][2018-06-12 08:22:33,684][INFO][is_hybird()] android.permission.WAKE_LOCK
[INTERNAL_LOG][2018-06-12 08:22:33,684][INFO][is_hybird()] android.permission.GET_ACCOUNTS
[INTERNAL_LOG][2018-06-12 08:22:33,684][INFO][is_hybird()] android.permission.USE_CREDENTIALS
[INTERNAL_LOG][2018-06-12 08:22:33,684][INFO][is_hybird()] com.smule.magicpiano.permission.C2D_MESSAGE
[INTERNAL_LOG][2018-06-12 08:22:33,684][INFO][is_hybird()] com.google.android.c2dm.permission.RECEIVE
[INTERNAL_LOG][2018-06-12 08:22:33,685][INFO][is_hybird()] android.permission.GET_TASKS
[INTERNAL_LOG][2018-06-12 08:22:33,685][INFO][is_hybird()] android.permission.ACCESS_WIFI_STATE
[INTERNAL_LOG][2018-06-12 08:22:33,685][INFO][is_hybird()] [Permission End]

[INTERNAL_LOG][2018-06-12 08:22:33,685][INFO][analyze_start()] TYPE APK: [ANDROID NATIVE]

[INTERNAL_LOG][2018-06-12 08:22:33,685][INFO][find_string()] [START FILE ANALYZE]
[INTERNAL_LOG][2018-06-12 08:22:33,685][INFO][find_string()] [END ANALYZE FILE]

[INTERNAL_LOG][2018-06-12 08:22:33,685][INFO][find_string()] [START FILE ANALYZE]
[INTERNAL_LOG][2018-06-12 08:22:33,685][INFO][find_string()] File: res/raw/mraid.js
[INTERNAL_LOG][2018-06-12 08:22:33,686][INFO][find_string()] No iframe in res/raw/mraid.js
[INTERNAL_LOG][2018-06-12 08:22:33,686][INFO][find_string()] File: assets/www/error.js
[INTERNAL_LOG][2018-06-12 08:22:33,688][INFO][find_string()] No iframe in assets/www/error.js
[INTERNAL_LOG][2018-06-12 08:22:33,688][INFO][find_string()] [END ANALYZE FILE]

[INTERNAL_LOG][2018-06-12 08:23:11,464][INFO][find_url_in_apk()] [START ALL URL INSIDE APK]
[INTERNAL_LOG][2018-06-12 08:23:11,464][INFO][find_url_in_apk()] https://e.crashlytics.com/spi/v2/events
https://settings.crashlytics.com/spi/v2/platforms/android/apps/%s/settings
http://schemas.android.com/apk/res/android
https://app.adjust.com
https://app.adjust.com
http://schemas.applovin.com/android/1.0
http://schemas.applovin.com/android/1.0
http://d.applovin.com/
http://a.applovin.com/
https://vid.applovin.com/,https://pdn.applovin.com/,https://img.applovin.com/,https://d.applovin.com/,https://assets.applovin.com/,https://cdnjs.cloudflare.com/,http://vid.applovin.com/,http://pdn.applovin.com/,http://img.applovin.com/,http://d.applovin.com/,http://assets.applovin.com/,http://cdnjs.cloudflare.com/
http://rt.applovin.com/pix
https://apm.
https://api.
https://txn.ingest.
https://appload.ingest.
http://www.amazon.com/gp/mas/dl/android?p=
https://graph.accountkit.com
https://m.facebook.com/terms
https://m.facebook.com/terms
https://m.facebook.com/about/privacy/
https://m.facebook.com/about/privacy/
https://m.facebook.com/help/cookies/update
https://m.facebook.com/help/cookies/update
https://www.accountkit.com/faq
https://www.accountkit.com/faq
https://ad6.liverail.com/
https://ad6.%s.liverail.com/
https://graph.facebook.com/network_ads_common/
https://graph.%s.facebook.com/network_ads_common/
https://www.facebook.com/
https://www.%s.facebook.com
https://graph.%s
https://graph-video.%s
https://facebook.com
http://play.google.com/store/apps/details?id=com.facebook.orca
https://service.sponsorpay.com/actions/v2
https://service.sponsorpay.com/actions/v2
https://service.sponsorpay.com/installs/v2
https://service.sponsorpay.com/installs/v2
https://api.sponsorpay.com/vcs/v1/new_credit.json
https://api.sponsorpay.com/vcs/v1/new_credit.json
https://video.fyber.com
https://iframe.sponsorpay.com/mobile
https://iframe.sponsorpay.com/mobile
https://engine.sponsorpay.com/interstitial
https://engine.sponsorpay.com/interstitial
https://engine.sponsorpay.com/tracker
https://engine.sponsorpay.com/tracker
https://engine.sponsorpay.com/sdk-config
https://engine.sponsorpay.com/sdk-config
https://engine.fyber.com/video-cache
https://accounts.google.com
https://www.facebook.com
https://www.googleapis.com/auth/plus.me
https://www.googleapis.com/auth/plus.me
https://www.googleapis.com/auth/games
http://plus.google.com/
http://www.example.com
http://www.example.com
http://www.example.com
https://googleads.g.doubleclick.net/mads/static/mad/sdk/native/sdk-core-v40.html
https://googleads.g.doubleclick.net/mads/static/mad/sdk/native/mraid/v2/mraid_app_banner.js
https://googleads.g.doubleclick.net/mads/static/mad/sdk/native/mraid/v2/mraid_app_expanded_banner.js
https://googleads.g.doubleclick.net/mads/static/mad/sdk/native/mraid/v2/mraid_app_interstitial.js
https://csi.gstatic.com/csi
https://sb-ssl.google.com/safebrowsing/clientreport/malware
https://pagead2.googlesyndication.com/pagead/gen_204
https://www.googleapis.com/auth/plus.login
http://www.smule.com
http://schema.org/ViewAction
http://schema.org/ViewAction
http://host/path
http://host/path
http://www.google.com
https://goo.gl/FZRIUV
https://app-measurement.com/a
http://schemas.android.com/apk/lib/com.google.android.gms.plus
http://schemas.android.com/apk/lib/com.google.android.gms.plus
https://androidads23.adcolony.com/configure
https://iframe.sponsorpay.com/mbe
http://localhost/
http://localhost/
http://localhost/
http://twitter4j.org/en/twitter4j-
https://api.twitter.com/oauth/request_token
https://api.twitter.com/oauth/authorize
https://api.twitter.com/oauth/access_token
https://api.twitter.com/oauth/authenticate
https://api.twitter.com/oauth2/token
https://api.twitter.com/oauth2/invalidate_token
https://api.twitter.com/1.1/
https://stream.twitter.com/1.1/
https://userstream.twitter.com/1.1/
https://sitestream.twitter.com/1.1/
https://upload.twitter.com/1.1/

[INTERNAL_LOG][2018-06-12 08:23:11,464][INFO][find_url_in_apk()] [END ALL URL INSIDE APK]
[INTERNAL_LOG][2018-06-12 08:23:11,468][INFO][check_method_conf()] [JavaScript enabled: True]

[INTERNAL_LOG][2018-06-12 08:23:11,468][INFO][check_method_conf()] [Add interface WebView: True]

[INTERNAL_LOG][2018-06-12 08:23:11,468][INFO][analyze_start()] This app might be not vulnerable on  attack frame confusion.
[INTERNAL_LOG][2018-06-12 08:23:11,468][INFO][analyze_start()] End time:[Tue Jun 12 08:23:11 2018]
