[INTERNAL_LOG][2018-06-12 04:06:21,618][INFO][analyze_start()] Init Time [Tue Jun 12 04:06:21 2018]
[INTERNAL_LOG][2018-06-12 04:06:22,220][INFO][run()] Start Analysis
[INTERNAL_LOG][2018-06-12 04:06:22,221][INFO][is_hybird()] [Permission Enble Start]
[INTERNAL_LOG][2018-06-12 04:06:22,222][INFO][is_hybird()] android.permission.INTERNET
[INTERNAL_LOG][2018-06-12 04:06:22,222][INFO][is_hybird()] android.permission.VIBRATE
[INTERNAL_LOG][2018-06-12 04:06:22,223][INFO][is_hybird()] android.permission.WAKE_LOCK
[INTERNAL_LOG][2018-06-12 04:06:22,223][INFO][is_hybird()] android.permission.ACCESS_NETWORK_STATE
[INTERNAL_LOG][2018-06-12 04:06:22,223][INFO][is_hybird()] android.permission.WRITE_EXTERNAL_STORAGE
[INTERNAL_LOG][2018-06-12 04:06:22,223][INFO][is_hybird()] android.permission.READ_CONTACTS
[INTERNAL_LOG][2018-06-12 04:06:22,223][INFO][is_hybird()] com.google.android.gallery3d.permission.GALLERY_PROVIDER
[INTERNAL_LOG][2018-06-12 04:06:22,223][INFO][is_hybird()] com.android.gallery3d.permission.GALLERY_PROVIDER
[INTERNAL_LOG][2018-06-12 04:06:22,223][INFO][is_hybird()] android.permission.USE_FINGERPRINT
[INTERNAL_LOG][2018-06-12 04:06:22,223][INFO][is_hybird()] android.permission.GET_ACCOUNTS
[INTERNAL_LOG][2018-06-12 04:06:22,223][INFO][is_hybird()] android.permission.USE_CREDENTIALS
[INTERNAL_LOG][2018-06-12 04:06:22,223][INFO][is_hybird()] android.permission.MANAGE_ACCOUNTS
[INTERNAL_LOG][2018-06-12 04:06:22,223][INFO][is_hybird()] android.permission.AUTHENTICATE_ACCOUNTS
[INTERNAL_LOG][2018-06-12 04:06:22,223][INFO][is_hybird()] android.permission.WRITE_SETTINGS
[INTERNAL_LOG][2018-06-12 04:06:22,223][INFO][is_hybird()] android.permission.WRITE_CONTACTS
[INTERNAL_LOG][2018-06-12 04:06:22,223][INFO][is_hybird()] android.permission.READ_SYNC_STATS
[INTERNAL_LOG][2018-06-12 04:06:22,223][INFO][is_hybird()] android.permission.READ_SYNC_SETTINGS
[INTERNAL_LOG][2018-06-12 04:06:22,223][INFO][is_hybird()] android.permission.WRITE_SYNC_SETTINGS
[INTERNAL_LOG][2018-06-12 04:06:22,223][INFO][is_hybird()] android.permission.READ_SOCIAL_STREAM
[INTERNAL_LOG][2018-06-12 04:06:22,223][INFO][is_hybird()] android.permission.WRITE_SOCIAL_STREAM
[INTERNAL_LOG][2018-06-12 04:06:22,223][INFO][is_hybird()] ru.mail.mailapp.permission.C2D_MESSAGE
[INTERNAL_LOG][2018-06-12 04:06:22,223][INFO][is_hybird()] com.google.android.c2dm.permission.RECEIVE
[INTERNAL_LOG][2018-06-12 04:06:22,223][INFO][is_hybird()] android.permission.GET_ACCOUNTS
[INTERNAL_LOG][2018-06-12 04:06:22,223][INFO][is_hybird()] android.permission.WAKE_LOCK
[INTERNAL_LOG][2018-06-12 04:06:22,223][INFO][is_hybird()] android.permission.READ_EXTERNAL_STORAGE
[INTERNAL_LOG][2018-06-12 04:06:22,223][INFO][is_hybird()] android.permission.REQUEST_INSTALL_PACKAGES
[INTERNAL_LOG][2018-06-12 04:06:22,223][INFO][is_hybird()] com.google.android.providers.gsf.permission.READ_GSERVICES
[INTERNAL_LOG][2018-06-12 04:06:22,224][INFO][is_hybird()] com.sec.android.provider.badge.permission.READ
[INTERNAL_LOG][2018-06-12 04:06:22,224][INFO][is_hybird()] com.sec.android.provider.badge.permission.WRITE
[INTERNAL_LOG][2018-06-12 04:06:22,224][INFO][is_hybird()] com.htc.launcher.permission.READ_SETTINGS
[INTERNAL_LOG][2018-06-12 04:06:22,224][INFO][is_hybird()] com.htc.launcher.permission.UPDATE_SHORTCUT
[INTERNAL_LOG][2018-06-12 04:06:22,224][INFO][is_hybird()] com.sonyericsson.home.permission.BROADCAST_BADGE
[INTERNAL_LOG][2018-06-12 04:06:22,224][INFO][is_hybird()] com.sonymobile.home.permission.PROVIDER_INSERT_BADGE
[INTERNAL_LOG][2018-06-12 04:06:22,224][INFO][is_hybird()] com.anddoes.launcher.permission.UPDATE_COUNT
[INTERNAL_LOG][2018-06-12 04:06:22,224][INFO][is_hybird()] com.majeur.launcher.permission.UPDATE_BADGE
[INTERNAL_LOG][2018-06-12 04:06:22,224][INFO][is_hybird()] com.google.android.finsky.permission.BIND_GET_INSTALL_REFERRER_SERVICE
[INTERNAL_LOG][2018-06-12 04:06:22,224][INFO][is_hybird()] [Permission End]

[INTERNAL_LOG][2018-06-12 04:06:22,224][INFO][analyze_start()] TYPE APK: [ANDROID NATIVE]

[INTERNAL_LOG][2018-06-12 04:06:22,224][INFO][find_string()] [START FILE ANALYZE]
[INTERNAL_LOG][2018-06-12 04:06:22,224][INFO][find_string()] [END ANALYZE FILE]

[INTERNAL_LOG][2018-06-12 04:06:22,224][INFO][find_string()] [START FILE ANALYZE]
[INTERNAL_LOG][2018-06-12 04:06:22,224][INFO][find_string()] File: assets/renderer_compressed.js
[INTERNAL_LOG][2018-06-12 04:06:22,308][INFO][find_string()] No iframe in assets/renderer_compressed.js
[INTERNAL_LOG][2018-06-12 04:06:22,310][INFO][find_string()] [END ANALYZE FILE]

[INTERNAL_LOG][2018-06-12 04:07:26,605][INFO][find_url_in_apk()] [START ALL URL INSIDE APK]
[INTERNAL_LOG][2018-06-12 04:07:26,605][INFO][find_url_in_apk()] http://schemas.android.com/apk/res/android
https://sdk-services.appsflyer.com/validate-android-signature
https://api.appsflyer.com/install_data/v3/
https://t.appsflyer.com/api/v4/androidevent?buildnumber=3.3&app_id=
https://events.appsflyer.com/api/v4/androidevent?buildnumber=3.3&app_id=
https://stats.appsflyer.com/stats
https://register.appsflyer.com/api/v4/androidevent?buildnumber=3.3&app_id=
https://www.facebook.com/audience_network/server_side_reward
https://www.%s.facebook.com/audience_network/server_side_reward
https://graph.facebook.com/network_ads_common
https://graph.%s.facebook.com/network_ads_common
https://www.facebook.com/adnw_logging/
https://www.%s.facebook.com/adnw_logging/
https://www.facebook.com/
https://www.%s.facebook.com
http://play.google.com/store/apps/
http://www.facebook.com
https://facebook.com
https://graph.%s
https://graph-video.%s
https://facebook.com/device?user_code=%1$s&qr=1
https://pagead2.googlesyndication.com/pagead/gen_204
https://googleads.g.doubleclick.net/mads/static/mad/sdk/native/sdk-core-v40.html
https://googleads.g.doubleclick.net/mads/static/mad/sdk/native/mraid/v2/mraid_app_banner.js
https://googleads.g.doubleclick.net/mads/static/mad/sdk/native/mraid/v2/mraid_app_expanded_banner.js
https://googleads.g.doubleclick.net/mads/static/mad/sdk/native/mraid/v2/mraid_app_interstitial.js
https://csi.gstatic.com/csi
https://googleads.g.doubleclick.net/mads/static/mad/sdk/native/native_ads.html
https://imasdk.googleapis.com/admob/sdkloader/native_video.html
https://www.google.com/dfp/linkDevice
https://www.google.com/dfp/inAppPreview
https://www.google.com/dfp/debugSignals
https://www.google.com/dfp/sendDebugData
http://www.example.com
http://www.example.com
http://www.example.com
https://www.googleapis.com/auth/plus.login
https://www.googleapis.com/auth/plus.login
https://www.googleapis.com/auth/plus.me
https://www.googleapis.com/auth/plus.me
https://www.google.com
https://www.google.com
https://accounts.google.com/o/oauth2/token
https://accounts.google.com/o/oauth2/token
https://accounts.google.com/o/oauth2/token
https://accounts.google.com/o/oauth2/token
https://accounts.google.com/o/oauth2/token
https://accounts.google.com/o/oauth2/token
https://accounts.google.com/o/oauth2/auth
https://accounts.google.com/o/oauth2/auth
https://accounts.google.com/o/oauth2/auth
https://accounts.google.com/o/oauth2/auth
https://accounts.google.com/o/oauth2/auth
https://fluor.my.com/cb/gl/1
https://fluor.mail.ru/cb/gl/2
https://auth.mail.ru/cgi-bin/oauth2_outlook_callback
https://login.live.com/oauth20_authorize.srf
https://login.live.com/oauth20_authorize.srf
https://login.live.com/oauth20_token.srf
https://login.live.com/oauth20_token.srf
https://auth.my.com/cgi-bin/oauth2_outlook_callback
http://play.google.com/store/apps/details?
https://play.google.com/store/apps/details?
https://www.tumblr.com/oauth/access_token
https://www.tumblr.com/oauth/authorize?oauth_token=%s
https://api.tumblr.com/v2/blog/
https://api.tumblr.com/v2/blog/
https://www.tumblr.com/oauth/request_token
https://api.tumblr.com/v2/user/info
http://www.tumblr.com/connect/login_success.html
https://play.google.com/store/apps/details?id=
https://play.google.com/store/apps/details?id=
http://xmlpull.org/v1/doc/features.html#process-namespaces
http://xmlpull.org/v1/doc/features.html#process-namespaces
https://proton.flurry.com/sdk/v1/config
https://data.flurry.com/pcr.do
http://data.flurry.com/aap.do
https://data.flurry.com/aap.do
https://ads.flurry.com/v14/getAds.do
http://ads.flurry.com/v14/getAds.do
https://adlog.flurry.com
http://adlog.flurry.com
https://cdn.flurry.com/vast/videocontrols/v2/android.zip
https://analytics.query.yahoo.com/v1/public/yql?
http://www.w3.org/ns/ttml#parameter
https://pagead2.googlesyndication.com/pagead/gen_204?id=gmob-apps
http://hostname/?
http://hostname/?
https://accounts.google.com
https://www.facebook.com
https://www.googleapis.com/auth/games
https://plus.google.com/
http://www.google.com
https://support.google.com/dfp_premium/answer/7160685#push
http://www.google-analytics.com
https://ssl.google-analytics.com
https://app-measurement.com/a
http://schemas.android.com/apk/lib/com.google.android.gms.plus
http://schemas.android.com/apk/lib/com.google.android.gms.plus
https://www.googletagmanager.com
https://www.googleapis.com/oauth2/v1/certs
https://www.googleapis.com/batch
http://google.com/
http://google.com/
http://metadata/computeMetadata/v1beta1/instance/service-accounts/default/token
https://www.googleapis.com/
https://ad.mail.ru/mobile/
https://target.my.com/
http://play.google.com
https://play.google.com
http://market.android.com
https://market.android.com
https://my.com/?
https://tracker-api.my.com/v2/
https://tracker-api.my.com/v2/
https://sdk.hockeyapp.net/
https://sdk.hockeyapp.net/
https://sdk.hockeyapp.net/
https://gate.hockeyapp.net/v2/track
https://auth.mail.ru/cgi-bin/oauth2_yahoo_callback
https://api.login.yahoo.com/oauth2/request_auth
https://api.login.yahoo.com/oauth2/request_auth
https://api.login.yahoo.com/oauth2/get_token
https://api.login.yahoo.com/oauth2/get_token
https://mail.my.com/cgi-bin/oauth2_yahoo_callback
https://auth.mail.ru/cgi-bin/oauth2_yandex_callback/
https://oauth.yandex.ru/authorize
https://oauth.yandex.ru/authorize
https://oauth.yandex.ru/token
https://oauth.yandex.ru/token
https://mail.my.com/cgi-bin/oauth2_yandex_callback/
https://play.google.com/apps/testing/
https://m.facebook.com/ads/ad_choices
https://play.google.com/store/account/subscriptions
https://play.google.com/store/account
https://clientapi.mail.ru/
https://clientapi.mail.ru/
https://legal.my.com/us/mail/privacy/
https://legal.my.com/us/mail/tou/
https://r\.mail\.ru/.*/gibdd\.mail\.ru

[INTERNAL_LOG][2018-06-12 04:07:26,605][INFO][find_url_in_apk()] [END ALL URL INSIDE APK]
[INTERNAL_LOG][2018-06-12 04:07:26,612][INFO][check_method_conf()] [JavaScript enabled: True]

[INTERNAL_LOG][2018-06-12 04:07:26,612][INFO][check_method_conf()] [Add interface WebView: True]

[INTERNAL_LOG][2018-06-12 04:07:26,612][INFO][analyze_start()] This app might be not vulnerable on  attack frame confusion.
[INTERNAL_LOG][2018-06-12 04:07:26,612][INFO][analyze_start()] End time:[Tue Jun 12 04:07:26 2018]
