[INTERNAL_LOG][2018-06-12 08:13:51,757][INFO][analyze_start()] Init Time [Tue Jun 12 08:13:51 2018]
[INTERNAL_LOG][2018-06-12 08:13:51,792][INFO][run()] Start Analysis
[INTERNAL_LOG][2018-06-12 08:13:51,792][INFO][is_hybird()] [Permission Enble Start]
[INTERNAL_LOG][2018-06-12 08:13:51,793][INFO][is_hybird()] android.permission.ACCESS_FINE_LOCATION
[INTERNAL_LOG][2018-06-12 08:13:51,793][INFO][is_hybird()] android.permission.ACCESS_COARSE_LOCATION
[INTERNAL_LOG][2018-06-12 08:13:51,793][INFO][is_hybird()] android.permission.ACCESS_LOCATION_EXTRA_COMMANDS
[INTERNAL_LOG][2018-06-12 08:13:51,793][INFO][is_hybird()] android.permission.WRITE_EXTERNAL_STORAGE
[INTERNAL_LOG][2018-06-12 08:13:51,793][INFO][is_hybird()] android.permission.READ_EXTERNAL_STORAGE
[INTERNAL_LOG][2018-06-12 08:13:51,793][INFO][is_hybird()] android.permission.INTERNET
[INTERNAL_LOG][2018-06-12 08:13:51,793][INFO][is_hybird()] android.permission.ACCESS_NETWORK_STATE
[INTERNAL_LOG][2018-06-12 08:13:51,793][INFO][is_hybird()] android.permission.WAKE_LOCK
[INTERNAL_LOG][2018-06-12 08:13:51,793][INFO][is_hybird()] android.permission.READ_PHONE_STATE
[INTERNAL_LOG][2018-06-12 08:13:51,793][INFO][is_hybird()] android.permission.MODIFY_AUDIO_SETTINGS
[INTERNAL_LOG][2018-06-12 08:13:51,793][INFO][is_hybird()] android.permission.BLUETOOTH
[INTERNAL_LOG][2018-06-12 08:13:51,793][INFO][is_hybird()] android.permission.BROADCAST_STICKY
[INTERNAL_LOG][2018-06-12 08:13:51,793][INFO][is_hybird()] com.android.vending.BILLING
[INTERNAL_LOG][2018-06-12 08:13:51,793][INFO][is_hybird()] com.google.android.c2dm.permission.RECEIVE
[INTERNAL_LOG][2018-06-12 08:13:51,793][INFO][is_hybird()] com.mapfactor.navigator.permission.C2D_MESSAGE
[INTERNAL_LOG][2018-06-12 08:13:51,793][INFO][is_hybird()] [Permission End]

[INTERNAL_LOG][2018-06-12 08:13:51,793][INFO][analyze_start()] TYPE APK: [ANDROID NATIVE]

[INTERNAL_LOG][2018-06-12 08:13:51,794][INFO][find_string()] [START FILE ANALYZE]
[INTERNAL_LOG][2018-06-12 08:13:51,794][INFO][find_string()] File: res/raw/googleplaces.html
[INTERNAL_LOG][2018-06-12 08:13:51,794][INFO][find_string()] No iframe in res/raw/googleplaces.html
[INTERNAL_LOG][2018-06-12 08:13:51,795][INFO][find_string()] File: res/raw/reset.html
[INTERNAL_LOG][2018-06-12 08:13:51,795][INFO][find_string()] No iframe in res/raw/reset.html
[INTERNAL_LOG][2018-06-12 08:13:51,795][INFO][find_string()] [END ANALYZE FILE]

[INTERNAL_LOG][2018-06-12 08:13:51,795][INFO][find_string()] [START FILE ANALYZE]
[INTERNAL_LOG][2018-06-12 08:13:51,795][INFO][find_string()] [END ANALYZE FILE]

[INTERNAL_LOG][2018-06-12 08:14:12,598][INFO][find_url_in_apk()] [START URL LOADED INSIDE LOAD FUNCTION]
[INTERNAL_LOG][2018-06-12 08:14:12,598][INFO][find_url_in_apk()] http://static.mapfactor.com/android-ads/

[INTERNAL_LOG][2018-06-12 08:14:12,598][INFO][find_url_in_apk()] [END URL LOADED INSIDE LOAD FUNCTION]
[INTERNAL_LOG][2018-06-12 08:14:12,765][ERROR][download_page_loaded()] Failed download: http://static.mapfactor.com/android-ads/ for exception [Errno 21] Is a directory: 'temp_html_code/html_downloaded_MapFactor GPS Navigation Maps by MapFactor - com/'
[INTERNAL_LOG][2018-06-12 08:14:12,766][INFO][find_string()] [START REMOTE FILE ANALYZE]
[INTERNAL_LOG][2018-06-12 08:14:12,766][INFO][find_string()] [END ANALYZE FILE]

[INTERNAL_LOG][2018-06-12 08:14:12,766][INFO][find_url_in_apk()] [START ALL URL INSIDE APK]
[INTERNAL_LOG][2018-06-12 08:14:12,766][INFO][find_url_in_apk()] https://pagead2.googlesyndication.com/pagead/gen_204?id=gmob-apps
https://accounts.google.com
https://www.facebook.com
https://plus.google.com/
https://www.googleapis.com/auth/drive.file
https://www.googleapis.com/auth/drive.appdata
https://www.googleapis.com/auth/drive
https://www.googleapis.com/auth/drive.apps
https://pagead2.googlesyndication.com/pagead/gen_204
http://www.google.com
https://support.google.com/dfp_premium/answer/7160685#push
http://www.google-analytics.com
https://ssl.google-analytics.com
https://app-measurement.com/a
http://www.example.com
http://www.example.com
https://googleads.g.doubleclick.net/mads/static/mad/sdk/native/sdk-core-v40.html
https://googleads.g.doubleclick.net/mads/static/mad/sdk/native/mraid/v2/mraid_app_banner.js
https://googleads.g.doubleclick.net/mads/static/mad/sdk/native/mraid/v2/mraid_app_expanded_banner.js
https://googleads.g.doubleclick.net/mads/static/mad/sdk/native/mraid/v2/mraid_app_interstitial.js
https://csi.gstatic.com/csi
https://googleads.g.doubleclick.net/mads/static/mad/sdk/native/native_ads.html
https://imasdk.googleapis.com/admob/sdkloader/native_video.html
https://www.google.com/dfp/linkDevice
https://www.google.com/dfp/inAppPreview
https://www.google.com/dfp/debugSignals
https://www.google.com/dfp/sendDebugData
https://www.googletagmanager.com
http://hostname/?
http://hostname/?
http://mapfactor.com/android_keys/?action=activate&masterkey=
http://mapfactor.cbvalidate.de/
http://xmlpull.org/v1/doc/features.html#indent-output
http://www.topografix.com/GPX/1/1
http://www.topografix.com/GPX/1/1
http://www.w3.org/2001/XMLSchema-instance
http://www.w3.org/2001/XMLSchema-instance
http://www.topografix.com/GPX/1/1 http://www.topografix.com/GPX/1/1/gpx.xsd
http://www.topografix.com/GPX/1/1 http://www.topografix.com/GPX/1/1/gpx.xsd
http://www.mapfactor.com
http://xmlpull.org/v1/doc/features.html#process-namespaces
http://static.mapfactor.com/android-ads/
http://static.mapfactor.com/android-ads/
http://www.mapfactor.com/android_keys?action=upgrademaplist&deviceid=
http://otis.mapfactor.com
http://android.mapfactor.com/rating/?deviceid=
http://maps.google.com/maps?f=d&daddr=
http://www.openstreetmap.org/#
http://maps.google.com/maps/api/geocode/json?address=
http://mapfactor.com/android_keys?action=getkey&deviceid=
https://ashop.mapfactor.com/shop/
http://android.mapfactor.com/pn_update/getAddr/hybrid_11_0.php
http://directions.ltd.uk/pn_update/getAddr/hybrid_11_0.php
https://www.google.com
https://www.googleapis.com/auth/games

[INTERNAL_LOG][2018-06-12 08:14:12,766][INFO][find_url_in_apk()] [END ALL URL INSIDE APK]
[INTERNAL_LOG][2018-06-12 08:14:12,776][INFO][check_method_conf()] [JavaScript enabled: True]

[INTERNAL_LOG][2018-06-12 08:14:12,776][INFO][check_method_conf()] [Add interface WebView: True]

[INTERNAL_LOG][2018-06-12 08:14:12,777][INFO][analyze_start()] This app might be not vulnerable on  attack frame confusion.
[INTERNAL_LOG][2018-06-12 08:14:12,777][INFO][analyze_start()] End time:[Tue Jun 12 08:14:12 2018]
