[INTERNAL_LOG][2018-06-12 04:49:09,201][INFO][analyze_start()] Init Time [Tue Jun 12 04:49:09 2018]
[INTERNAL_LOG][2018-06-12 04:49:09,382][INFO][run()] Start Analysis
[INTERNAL_LOG][2018-06-12 04:49:09,384][INFO][is_hybird()] [Permission Enble Start]
[INTERNAL_LOG][2018-06-12 04:49:09,384][INFO][is_hybird()] android.permission.INTERNET
[INTERNAL_LOG][2018-06-12 04:49:09,384][INFO][is_hybird()] android.permission.VIBRATE
[INTERNAL_LOG][2018-06-12 04:49:09,384][INFO][is_hybird()] android.permission.ACCESS_NETWORK_STATE
[INTERNAL_LOG][2018-06-12 04:49:09,384][INFO][is_hybird()] com.google.android.c2dm.permission.RECEIVE
[INTERNAL_LOG][2018-06-12 04:49:09,384][INFO][is_hybird()] com.myyearbook.m.permission.C2D_MESSAGE
[INTERNAL_LOG][2018-06-12 04:49:09,384][INFO][is_hybird()] android.permission.ACCESS_WIFI_STATE
[INTERNAL_LOG][2018-06-12 04:49:09,384][INFO][is_hybird()] android.permission.MODIFY_AUDIO_SETTINGS
[INTERNAL_LOG][2018-06-12 04:49:09,384][INFO][is_hybird()] android.permission.GET_ACCOUNTS
[INTERNAL_LOG][2018-06-12 04:49:09,384][INFO][is_hybird()] android.permission.AUTHENTICATE_ACCOUNTS
[INTERNAL_LOG][2018-06-12 04:49:09,384][INFO][is_hybird()] android.permission.MANAGE_ACCOUNTS
[INTERNAL_LOG][2018-06-12 04:49:09,384][INFO][is_hybird()] android.permission.USE_CREDENTIALS
[INTERNAL_LOG][2018-06-12 04:49:09,384][INFO][is_hybird()] android.permission.READ_SYNC_STATS
[INTERNAL_LOG][2018-06-12 04:49:09,384][INFO][is_hybird()] android.permission.READ_SYNC_SETTINGS
[INTERNAL_LOG][2018-06-12 04:49:09,384][INFO][is_hybird()] android.permission.WRITE_SYNC_SETTINGS
[INTERNAL_LOG][2018-06-12 04:49:09,384][INFO][is_hybird()] android.permission.WAKE_LOCK
[INTERNAL_LOG][2018-06-12 04:49:09,384][INFO][is_hybird()] com.android.vending.BILLING
[INTERNAL_LOG][2018-06-12 04:49:09,384][INFO][is_hybird()] android.permission.WRITE_EXTERNAL_STORAGE
[INTERNAL_LOG][2018-06-12 04:49:09,384][INFO][is_hybird()] android.permission.READ_EXTERNAL_STORAGE
[INTERNAL_LOG][2018-06-12 04:49:09,384][INFO][is_hybird()] android.permission.ACCESS_COARSE_LOCATION
[INTERNAL_LOG][2018-06-12 04:49:09,384][INFO][is_hybird()] android.permission.ACCESS_FINE_LOCATION
[INTERNAL_LOG][2018-06-12 04:49:09,384][INFO][is_hybird()] android.permission.RECORD_AUDIO
[INTERNAL_LOG][2018-06-12 04:49:09,384][INFO][is_hybird()] android.permission.CAMERA
[INTERNAL_LOG][2018-06-12 04:49:09,385][INFO][is_hybird()] com.google.android.providers.gsf.permission.READ_GSERVICES
[INTERNAL_LOG][2018-06-12 04:49:09,385][INFO][is_hybird()] com.google.android.finsky.permission.BIND_GET_INSTALL_REFERRER_SERVICE
[INTERNAL_LOG][2018-06-12 04:49:09,385][INFO][is_hybird()] android.permission.CHANGE_WIFI_STATE
[INTERNAL_LOG][2018-06-12 04:49:09,385][INFO][is_hybird()] [Permission End]

[INTERNAL_LOG][2018-06-12 04:49:09,385][INFO][analyze_start()] TYPE APK: [ANDROID NATIVE]

[INTERNAL_LOG][2018-06-12 04:49:09,385][INFO][find_string()] [START FILE ANALYZE]
[INTERNAL_LOG][2018-06-12 04:49:09,385][INFO][find_string()] File: assets/vpaid_html_template.html
[INTERNAL_LOG][2018-06-12 04:49:09,386][INFO][find_string()] No iframe in assets/vpaid_html_template.html
[INTERNAL_LOG][2018-06-12 04:49:09,386][INFO][find_string()] File: assets/vpaid_html_template_ex.html
[INTERNAL_LOG][2018-06-12 04:49:09,387][INFO][find_string()] No iframe in assets/vpaid_html_template_ex.html
[INTERNAL_LOG][2018-06-12 04:49:09,388][INFO][find_string()] File: js/closebutton.html
[INTERNAL_LOG][2018-06-12 04:49:09,388][INFO][find_string()] No iframe in js/closebutton.html
[INTERNAL_LOG][2018-06-12 04:49:09,388][INFO][find_string()] [END ANALYZE FILE]

[INTERNAL_LOG][2018-06-12 04:49:09,388][INFO][find_string()] [START FILE ANALYZE]
[INTERNAL_LOG][2018-06-12 04:49:09,388][INFO][find_string()] File: assets/mmadsdk/actionsQueue.js
[INTERNAL_LOG][2018-06-12 04:49:09,389][INFO][find_string()] No iframe in assets/mmadsdk/actionsQueue.js
[INTERNAL_LOG][2018-06-12 04:49:09,389][INFO][find_string()] File: assets/mmadsdk/mm.js
[INTERNAL_LOG][2018-06-12 04:49:09,390][INFO][find_string()] No iframe in assets/mmadsdk/mm.js
[INTERNAL_LOG][2018-06-12 04:49:09,390][INFO][find_string()] File: assets/mmadsdk/mraid.js
[INTERNAL_LOG][2018-06-12 04:49:09,392][INFO][find_string()] No iframe in assets/mmadsdk/mraid.js
[INTERNAL_LOG][2018-06-12 04:49:09,392][INFO][find_string()] File: assets/mmadsdk/vpaid.js
[INTERNAL_LOG][2018-06-12 04:49:09,396][INFO][find_string()] No iframe in assets/mmadsdk/vpaid.js
[INTERNAL_LOG][2018-06-12 04:49:09,397][INFO][find_string()] File: js/mraid.js
[INTERNAL_LOG][2018-06-12 04:49:09,399][INFO][find_string()] No iframe in js/mraid.js
[INTERNAL_LOG][2018-06-12 04:49:09,399][INFO][find_string()] [END ANALYZE FILE]

[INTERNAL_LOG][2018-06-12 04:50:56,879][INFO][find_url_in_apk()] [START URL LOADED INSIDE LOAD FUNCTION]
[INTERNAL_LOG][2018-06-12 04:50:56,879][INFO][find_url_in_apk()] http://play.google.com/store/apps/
http://sdk.starbolt.io/dist/mobfox.html

[INTERNAL_LOG][2018-06-12 04:50:56,879][INFO][find_url_in_apk()] [END URL LOADED INSIDE LOAD FUNCTION]
[INTERNAL_LOG][2018-06-12 04:50:57,555][ERROR][download_page_loaded()] Failed download: http://play.google.com/store/apps/ for exception [Errno 21] Is a directory: 'temp_html_code/html_downloaded_MeetMe_ Chat _ Meet New People by MeetMe/'
[INTERNAL_LOG][2018-06-12 04:50:57,600][INFO][find_string()] [START REMOTE FILE ANALYZE]
[INTERNAL_LOG][2018-06-12 04:50:57,600][INFO][find_string()] Remote File in: temp_html_code/html_downloaded_MeetMe_ Chat _ Meet New People by MeetMe/mobfox.html
[INTERNAL_LOG][2018-06-12 04:50:57,600][INFO][find_string()] URL: http://sdk.starbolt.io/dist/mobfox.html
[INTERNAL_LOG][2018-06-12 04:50:57,603][INFO][find_string()] No iframe in temp_html_code/html_downloaded_MeetMe_ Chat _ Meet New People by MeetMe/mobfox.html
[INTERNAL_LOG][2018-06-12 04:50:57,603][INFO][find_string()] [END ANALYZE FILE]

[INTERNAL_LOG][2018-06-12 04:50:57,603][INFO][find_url_in_apk()] [START ALL URL INSIDE APK]
[INTERNAL_LOG][2018-06-12 04:50:57,605][INFO][find_url_in_apk()] https://d3tplke66d0j4g.cloudfront.net/sdk-vpaid/0.3/VPAID.html
https://d3tplke66d0j4g.cloudfront.net/sdk-vpaid/0.3/VPAID.js
https://d3tplke66d0j4g.cloudfront.net/sdk-vpaid/0.3/VPAIDBridge.js
https://d3tplke66d0j4g.cloudfront.net/img/poster.gif
https://pagead2.googlesyndication.com/pagead/gen_204
https://googleads.g.doubleclick.net/mads/static/mad/sdk/native/sdk-core-v40.html
https://googleads.g.doubleclick.net/mads/static/mad/sdk/native/production/sdk-core-v40-impl.js
https://googleads.g.doubleclick.net/mads/static/mad/sdk/native/mraid/v2/mraid_app_banner.js
https://googleads.g.doubleclick.net/mads/static/mad/sdk/native/mraid/v2/mraid_app_expanded_banner.js
https://googleads.g.doubleclick.net/mads/static/mad/sdk/native/mraid/v2/mraid_app_interstitial.js
https://csi.gstatic.com/csi
https://googleads.g.doubleclick.net/mads/static/mad/sdk/native/native_ads.html
https://googleads.g.doubleclick.net/mads/static/mad/sdk/native/production/native_ads.js
https://imasdk.googleapis.com/admob/sdkloader/native_video.html
https://www.google.com/dfp/linkDevice
https://www.google.com/dfp/inAppPreview
https://www.google.com/dfp/debugSignals
https://www.google.com/dfp/sendDebugData
http://www.example.com
http://www.example.com
http://www.example.com
https://twitter.com/%s/status/%s
http://m.meetme.com
http://m.meetme.com
https://api.instagram.com/v1/users/self/media/recent/
https://api.meetme.com/mobile/settings/
https://api.meetme.com/mobile/settings/
https://www.trialpay.com/dispatch/63edc6e1a9c803562745e362f5d5ff61?product=TrialPayOfferMobile&sid=%@&udid=%@
https://www.trialpay.com/dispatch/63edc6e1a9c803562745e362f5d5ff61?product=TrialPayOfferMobile&sid=%@&udid=%@
http://content1.mybcdnc.com/
http://content1.mybcdnc.com/
http://stickers.meetmecdna.com
http://stickers.meetmecdna.com
http://assets.meetmecdna.com/images/gifts/
https://play.google.com/store/apps/details?id=com.skout.android
http://api.meetme.com/mobile/trace/default/
https://d1byvlfiet2h9q.cloudfront.net/InApp/resources/adInformationDialog3.html
https://d1byvlfiet2h9q.cloudfront.net/InApp/resources/adInformationDialog3.html
https://www.com.startapp.com/policy/sdk-policy/
https://www.com.startapp.com/policy/sdk-policy/
https://info.startappservice.com/InApp/resources/info_l.png
http://example.com/
https://play.google.com/store/apps/details?id=
https://play.google.com/store/apps/details?id=
https://play.google.com/store/apps/details?id=
https://play.google.com/store/apps/details?id=
http://schemas.android.com/apk/res/android
https://app.adjust.com
https://app.adjust.com
https://app.adjust.com
http://admarvel.s3.amazonaws.com/js/admarvel_mraid_v2_complete.js
http://admarvel.s3.amazonaws.com/js/admarvel_mraid_v2_complete.js
http://admarvel.s3.amazonaws.com/js/admarvel_mraid_v2_complete.js
http://admarvel.s3.amazonaws.com/js/admarvel_mraid_v2_complete.js
http://admarvel.s3.amazonaws.com/js/admarvel_mraid_v2_complete.js
http://admarvel.s3.amazonaws.com/js/admarvel_mraid_v2_complete.js
http://baseurl.admarvel.com/mraid.js
http://baseurl.admarvel.com/mraid.js
http://baseurl.admarvel.com/mraid.js
http://baseurl.admarvel.com/mraid.js
http://baseurl.admarvel.com
http://baseurl.admarvel.com
http://schemas.android.com/apk/res-auto
http://ads.admarvel.com/fam/androidGetAd.php
http://admarvel.s3.amazonaws.com/sdk/assets/embedded_video_ad_xml_default_format.js
http://maps.google
https://maps.google
http://play.google.com
http://play.google.com
https://play.google.com
https://play.google.com
http://admarvel.s3.amazonaws.com/sdk/admarvel_android_sdk_dynamic_viewport.js
http://sdk-rh.admarvel.com/adhistory/upload?
http://admarvel.s3.amazonaws.com/sdk/assets/adm_bmp/
http://admarvel.s3.amazonaws.com/sdk/assets/adm_bmp.zip
https://ads.aerserv.com/as/sdk/v2/
https://ads.aerserv.com/as/sdk/v2/
https://ads.aerserv.com/as/sdk/v2/
https://ads.aerserv.com/as/sdk/v2/
https://staging.ads.aerserv.com/as/sdk/v2/
https://staging.ads.aerserv.com/as/sdk/v2/
https://dmp.aerserv.com/update
https://ads.aerserv.com/as/sdk/configure/
https://debug.aerserv.com/sybok/analytics
https://debug.aerserv.com/sybok/
https://omhooyf5o.qnssl.com
https://omhopkmng.qnssl.com
http://net.cleverjp.com/
http://schemas.android.com/apk/lib/com.amobee.adsdk.AmobeeAdPlaceholder
http://schemas.applovin.com/android/1.0
http://schemas.applovin.com/android/1.0
https://d.applovin.com/
https://a.applovin.com/
https://rt.applovin.com/med
https://rt.applovin.com/pix
https://d.applvn.com/
https://a.applvn.com/
https://rt.applvn.com/pix
https://vid.applovin.com/,https://pdn.applovin.com/,https://img.applovin.com/,https://d.applovin.com/,https://assets.applovin.com/,https://cdnjs.cloudflare.com/,http://vid.applovin.com/,http://pdn.applovin.com/,http://img.applovin.com/,http://d.applovin.com/,http://assets.applovin.com/,http://cdnjs.cloudflare.com/
http://ib.adnxs.com/ut/v1
http://ib.adnxs.com/ut/v2
http://ib.adnxs.com
https://play.google.com/store/apps/details?id=%s
https://www.facebook.com/audience_network/server_side_reward
https://www.%s.facebook.com/audience_network/server_side_reward
https://graph.facebook.com/network_ads_common
https://graph.%s.facebook.com/network_ads_common
https://www.facebook.com/adnw_logging/
https://www.%s.facebook.com/adnw_logging/
http://play.google.com/store/apps/
http://play.google.com/store/apps/
https://www.facebook.com/
https://www.%s.facebook.com
http://www.facebook.com
https://graph.%s
https://graph-video.%s
https://facebook.com
https://ads.flurry.com/v17/getAds.do
http://ads.flurry.com/v17/getAds.do
https://cdn.flurry.com/vast/videocontrols/v2/android.zip
https://adlog.flurry.com
http://adlog.flurry.com
https://www.tumblr.com/oauth/access_token
https://www.tumblr.com/oauth/authorize?oauth_token=%s
https://api.tumblr.com/v2/blog/
https://api.tumblr.com/v2/blog/
https://www.tumblr.com/oauth/request_token
https://api.tumblr.com/v2/user/info
http://www.tumblr.com/connect/login_success.html
http://xmlpull.org/v1/doc/features.html#process-namespaces
http://xmlpull.org/v1/doc/features.html#process-namespaces
http://xmlpull.org/v1/doc/features.html#process-namespaces
http://xmlpull.org/v1/doc/features.html#process-namespaces
https://cfg.flurry.com/sdk/v1/config
https://cfg.flurry.com/sdk/v1/config
https://proton.flurry.com/sdk/v1/config
https://data.flurry.com/pcr.do
https://data.flurry.com/aap.do
http://data.flurry.com/aap.do
https://cdn2.inner-active.mobi/client/ia-js-tags/ia-tag-sdk.min-android-7.1.3.js
http://wv.inner-active.mobi/
http://rrmprod.amobee.com/upsteed/wap/adrequest
http://rrmprod.amobee.com/upsteed/wap/adrequest
http://www.w3.org/ns/ttml#parameter
https://pagead2.googlesyndication.com/pagead/gen_204?id=gmob-apps
https://www.googleapis.com/auth/games_lite
https://www.googleapis.com/auth/games
https://plus.google.com/
http://www.google.com
https://support.google.com/dfp_premium/answer/7160685#push
https://app-measurement.com/a
https://www.google.com
https://mobilecrashreporting.googleapis.com/v1/crashes:batchCreate?key=
http://play.google.com/store/apps/details
http://schemas.android.com/apk/lib/com.inmobi.ads
http://schemas.android.com/apk/lib/com.inmobi.ads
https://i.l.inmobicdn.net/sdk/sdk/500/android/mraid.js
http://i.w.inmobi.com/showad.asm
https://sdktm.w.inmobi.com/sdkpubreq
http://config.inmobi.com/config-server/v1/config/secure.cfg
http://www.inmobi.com/products/sdk/#downloads
https://sdkm.w.inmobi.com/metrics/e.asm?v=1&
https://www.facebook.com/dialog/feed?app_id=181821551957328&link=
https://m.google.com/app/plus/x/?v=compose&content=
http://twitter.com/home?status=
http://dock.inmobi.com/carb/v1/i
http://dock.inmobi.com/carb/v1/o
https://sdkm.w.inmobi.com/user/e.asm
https://mobile-static.adsafeprotected.com/avid-v2.js
https://mobile-static.adsafeprotected.com/avid-v2.js
https://androidads23.adcolony.com/configure
https://apps.kiwiapp.mobi/api/partners/auth
https://img.youtube.com/vi/
https://ads.nexage.com
https://z.moatads.com/
https://z.moatads.com/
https://z.moatads.com/
https://z.moatads.com/
https://z.moatads.com/
https://z.moatads.com/
http://schemas.android.com/apk/lib/com.mobfox.sdk
http://sdk.starbolt.io/dist/mobfox.html
http://sdk.starbolt.io/dist/mobfox.html
http://sdk.starbolt.io/dist/WebViewJavascriptBridge.js
http://sdk.starbolt.io/dist/sdk_videoAndroid.js
http://sdk.starbolt.io/waterfalls.json
https://dmp.starbolt.io/logger.json
http://sdk-logs.matomy.com:12201/gelf
http://sdk-logs.matomy.com:12201/gelf
http://sdk.starbolt.io/dist/images/button_close_55x55.png
http://sdk.starbolt.io/dist/images/button_mute_75x75.png
http://sdk.starbolt.io/dist/images/button_unmute_75x75.png
http://sdk.starbolt.io/dist/images/button_play_100x100.png
http://analytics.rayjump.com
http://net.rayjump.com
http://setting.rayjump.com
https://play.google.com/
https://play.google.com/
https://play.google.com/
https://play.google.com/
https://play.google.com/
http://detect.rayjump.com/mapi/find
http://detect.rayjump.com/mapi/result
http://a.mologiq.net/mologiq/aea
http://a.mologiq.net/mologiq/deai
http://a.mologiq.net/mologiq/dea
http://a.mologiq.net/mologiq/et
http://app.advertising/sdk?v=09m=
http://cdn.88-f.net
http://88.88-f.net/hbx/hberr?v=2.3.3
https://analytics.mopub.com/i/jot/exchange_client_event
https://www.mopub.com/optout
https://www.mopub.com/optout/
https://www.mopub.com/optout/
http://socialsafety.org
http://meetme.desk.com
http://ssl.meetme.com
http://www.meetme.com/member/
http://schema.org/ViewAction
http://www.skout.com/profile/
https://api.instagram.com/oauth/authorize/?client_id=7c6b283c2c104a898bd197f23d281d2b&redirect_uri=
https://maps.googleapis.com/maps/api/geocode/json?sensor=true&latlng=
https://app.getsentry.com:443
https://app.getsentry.com:443
https://app.getsentry.com:443/api/43633/store/
http://soma.smaato.net/oapi/reqAd.jsp?
https://soma.smaato.net/oapi/reqAd.jsp?
http://avr3.smaato.net/report2?
http://impact.smaato.net/pingback.php?
https://androidads23.adcolony.com/
http://a.applovin.com/2.0/ad?
http://d.applovin.com/
http://d.applovin.com/
http://rt.applovin.com/
http://prod-a.applovin.com
https://live.chartboost.com/
https://ads.tapdaq.com/v3/launch
https://ads.tapdaq.com/v3/launch
https://ads.tapdaq.com/v3/ads
https://ads.tapdaq.com/v3/analytics/click
https://ads.tapdaq.com/v3/analytics/reward
https://ads.tapdaq.com/v3/analytics/stats
http://play.google.com/store/apps/details?id=
https://ws.tapjoyads.com/
https://ws.tapjoyads.com/
https://ws.tapjoyads.com/
https://rpc.tapjoy.com/
https://rpc.tapjoy.com/
https://connect.tapjoy.com/
https://connect.tapjoy.com/
https://placements.tapjoy.com/
http://play.google.com/
http://market.android.com
https://market.android.com
http://www.tapsense.com
https://ads03.tapsense.com/ads/tapsensead
https://ads03.tapsense.com/ads/tapsenseconfig
https://notify.tapsense.com/ads/ping?
https://playlist.ma.tune.com
https://configuration.ma.tune.com
https://analytics.ma.tune.com/analytics
https://s3.amazonaws.com/uploaded-assets-production
https://connected.ma.tune.com
https://config.unityads.unity3d.com/webview/
https://www.vungle.com/privacy/
https://www.vungle.com/privacy/
http://lol.vungle.com/
https://api.vungle.com/
https://ads.api.vungle.com/config
https://e.crashlytics.com/spi/v2/events
https://settings.crashlytics.com/spi/v2/platforms/android/apps/%s/settings
http://ads.maxads.io/
http://ads.maxads.io/
http://ads.maxads.io/
http://ads.maxads.io/
https://ads.maxads.io
http://www.w3.org/2001/XMLSchema
http://www.w3.org/2001/XMLSchema
http://www.w3.org/2001/XMLSchema
http://www.w3.org/2001/XMLSchema
http://www.w3.org/2001/XMLSchema
http://www.w3.org/2001/XMLSchema
http://www.w3.org/2001/XMLSchema
http://www.w3.org/2001/XMLSchema
http://www.w3.org/2001/XMLSchema
http://www.w3.org/2001/XMLSchema
http://www.w3.org/2001/XMLSchema
http://www.w3.org/2001/XMLSchema
http://www.w3.org/2001/XMLSchema
http://www.w3.org/2001/XMLSchema
http://www.w3.org/2003/11/xpath-datatypes
http://www.w3.org/dom/DOMTR
http://www.w3.org/dom/DOMTR
http://www.w3.org/dom/DOMTR
http://www.w3.org/dom/DOMTR
http://www.w3.org/dom/DOMTR
http://www.w3.org/dom/DOMTR
http://www.w3.org/dom/DOMTR
http://www.w3.org/dom/DOMTR
http://www.w3.org/dom/DOMTR
http://www.w3.org/dom/DOMTR
http://www.w3.org/dom/DOMTR
http://www.w3.org/dom/DOMTR
http://www.w3.org/dom/DOMTR
http://www.w3.org/dom/DOMTR
http://www.w3.org/dom/DOMTR
http://www.w3.org/dom/DOMTR
http://www.w3.org/dom/DOMTR
http://www.w3.org/dom/DOMTR
http://www.w3.org/dom/DOMTR
http://www.w3.org/dom/DOMTR
http://www.w3.org/dom/DOMTR
http://www.w3.org/dom/DOMTR
http://www.w3.org/dom/DOMTR
http://www.w3.org/dom/DOMTR
http://www.w3.org/dom/DOMTR
http://www.w3.org/dom/DOMTR
http://www.w3.org/dom/DOMTR
http://www.w3.org/dom/DOMTR
http://www.w3.org/dom/DOMTR
http://www.w3.org/dom/DOMTR
http://www.w3.org/dom/DOMTR
http://www.w3.org/dom/DOMTR
http://www.w3.org/dom/DOMTR
http://www.w3.org/dom/DOMTR
http://www.w3.org/dom/DOMTR
http://www.w3.org/dom/DOMTR
http://www.w3.org/dom/DOMTR
http://www.w3.org/dom/DOMTR
http://www.w3.org/dom/DOMTR
http://www.w3.org/dom/DOMTR
http://www.w3.org/dom/DOMTR
http://www.w3.org/dom/DOMTR
http://www.w3.org/dom/DOMTR
http://www.w3.org/dom/DOMTR
http://www.w3.org/dom/DOMTR
http://www.w3.org/dom/DOMTR
http://www.w3.org/dom/DOMTR
http://www.w3.org/dom/DOMTR
http://www.w3.org/dom/DOMTR
http://www.w3.org/dom/DOMTR
http://www.w3.org/dom/DOMTR
http://www.w3.org/dom/DOMTR
http://www.w3.org/dom/DOMTR
http://www.w3.org/dom/DOMTR
http://www.w3.org/dom/DOMTR
http://www.w3.org/dom/DOMTR
http://www.w3.org/TR/REC-xml
http://www.w3.org/TR/REC-xml
http://www.w3.org/TR/REC-xml
http://www.w3.org/TR/REC-xml
http://www.w3.org/TR/REC-xml
http://www.w3.org/TR/REC-xml
http://www.w3.org/TR/REC-xml
http://www.w3.org/TR/REC-xml
http://www.w3.org/2000/xmlns/
http://www.w3.org/2000/xmlns/
http://www.w3.org/XML/1998/namespace
http://www.w3.org/XML/1998/namespace
http://www.w3.org/XML/1998/namespace
http://www.w3.org/XML/1998/namespace
http://xml.org/sax/features/validation
http://xml.org/sax/features/validation
http://xml.org/sax/features/validation
http://xml.org/sax/features/validation
http://xml.org/sax/features/validation
http://xml.org/sax/features/validation
http://xml.org/sax/features/validation
http://xml.org/sax/features/validation
http://xml.org/sax/features/validation
http://xml.org/sax/features/validation
http://xml.org/sax/features/validation
http://xml.org/sax/features/validation
http://xml.org/sax/features/validation
http://xml.org/sax/features/validation
http://xml.org/sax/features/validation
http://xml.org/sax/features/validation
http://xml.org/sax/features/validation
http://xml.org/sax/features/validation
http://xml.org/sax/features/validation
http://xml.org/sax/features/validation
http://xml.org/sax/features/namespaces
http://xml.org/sax/features/namespaces
http://xml.org/sax/features/namespaces
http://xml.org/sax/features/namespaces
http://xml.org/sax/features/namespaces
http://xml.org/sax/features/namespaces
http://xml.org/sax/features/namespaces
http://xml.org/sax/features/namespaces
http://xml.org/sax/features/namespaces
http://xml.org/sax/features/namespaces
http://xml.org/sax/features/namespaces
http://apache.org/xml/features/validation/schema
http://apache.org/xml/features/validation/schema
http://apache.org/xml/features/validation/schema
http://apache.org/xml/features/validation/schema
http://apache.org/xml/features/validation/schema
http://apache.org/xml/features/validation/schema
http://apache.org/xml/features/validation/schema
http://apache.org/xml/features/validation/schema
http://apache.org/xml/features/validation/schema
http://apache.org/xml/features/validation/schema
http://apache.org/xml/features/validation/schema
http://apache.org/xml/features/validation/schema-full-checking
http://apache.org/xml/features/validation/schema-full-checking
http://apache.org/xml/features/validation/schema-full-checking
http://apache.org/xml/features/validation/schema-full-checking
http://apache.org/xml/features/validation/schema-full-checking
http://apache.org/xml/features/validation/schema-full-checking
http://apache.org/xml/features/validation/schema-full-checking
http://apache.org/xml/features/validation/schema-full-checking
http://apache.org/xml/features/validation/dynamic
http://apache.org/xml/features/validation/dynamic
http://apache.org/xml/features/validation/dynamic
http://apache.org/xml/features/validation/dynamic
http://apache.org/xml/features/validation/dynamic
http://apache.org/xml/features/validation/schema/normalized-value
http://apache.org/xml/features/validation/schema/normalized-value
http://apache.org/xml/features/validation/schema/normalized-value
http://apache.org/xml/features/validation/schema/normalized-value
http://apache.org/xml/features/validation/schema/element-default
http://apache.org/xml/features/validation/schema/element-default
http://apache.org/xml/features/validation/schema/element-default
http://apache.org/xml/features/validation/schema/element-default
http://apache.org/xml/features/validation/schema/augment-psvi
http://apache.org/xml/features/validation/schema/augment-psvi
http://apache.org/xml/features/validation/schema/augment-psvi
http://apache.org/xml/features/validation/schema/augment-psvi
http://apache.org/xml/features/validation/schema/augment-psvi
http://apache.org/xml/features/validation/schema/augment-psvi
http://apache.org/xml/features/validation/schema/augment-psvi
http://apache.org/xml/features/validation/schema/augment-psvi
http://apache.org/xml/features/validation/schema/augment-psvi
http://apache.org/xml/features/generate-synthetic-annotations
http://apache.org/xml/features/generate-synthetic-annotations
http://apache.org/xml/features/generate-synthetic-annotations
http://apache.org/xml/features/generate-synthetic-annotations
http://apache.org/xml/features/generate-synthetic-annotations
http://apache.org/xml/features/generate-synthetic-annotations
http://apache.org/xml/features/generate-synthetic-annotations
http://apache.org/xml/features/generate-synthetic-annotations
http://apache.org/xml/features/generate-synthetic-annotations
http://apache.org/xml/features/generate-synthetic-annotations
http://apache.org/xml/features/validate-annotations
http://apache.org/xml/features/validate-annotations
http://apache.org/xml/features/validate-annotations
http://apache.org/xml/features/validate-annotations
http://apache.org/xml/features/validate-annotations
http://apache.org/xml/features/validate-annotations
http://apache.org/xml/features/honour-all-schemaLocations
http://apache.org/xml/features/honour-all-schemaLocations
http://apache.org/xml/features/honour-all-schemaLocations
http://apache.org/xml/features/honour-all-schemaLocations
http://apache.org/xml/features/honour-all-schemaLocations
http://apache.org/xml/features/honour-all-schemaLocations
http://apache.org/xml/features/internal/validation/schema/use-grammar-pool-only
http://apache.org/xml/features/internal/validation/schema/use-grammar-pool-only
http://apache.org/xml/features/internal/validation/schema/use-grammar-pool-only
http://apache.org/xml/features/internal/validation/schema/use-grammar-pool-only
http://apache.org/xml/features/internal/validation/schema/use-grammar-pool-only
http://apache.org/xml/features/internal/validation/schema/use-grammar-pool-only
http://apache.org/xml/features/disallow-doctype-decl
http://apache.org/xml/features/disallow-doctype-decl
http://apache.org/xml/features/disallow-doctype-decl
http://apache.org/xml/features/disallow-doctype-decl
http://apache.org/xml/features/disallow-doctype-decl
http://apache.org/xml/features/disallow-doctype-decl
http://apache.org/xml/features/validation/balance-syntax-trees
http://apache.org/xml/features/validation/balance-syntax-trees
http://apache.org/xml/features/validation/balance-syntax-trees
http://apache.org/xml/features/validation/balance-syntax-trees
http://apache.org/xml/features/validation/balance-syntax-trees
http://apache.org/xml/features/validation/warn-on-duplicate-attdef
http://apache.org/xml/features/validation/warn-on-duplicate-attdef
http://apache.org/xml/features/validation/warn-on-duplicate-attdef
http://apache.org/xml/features/validation/warn-on-duplicate-attdef
http://apache.org/xml/features/validation/warn-on-duplicate-attdef
http://apache.org/xml/features/validation/warn-on-duplicate-attdef
http://apache.org/xml/features/validation/warn-on-duplicate-attdef
http://apache.org/xml/features/internal/parser-settings
http://apache.org/xml/features/internal/parser-settings
http://apache.org/xml/features/internal/parser-settings
http://apache.org/xml/features/internal/parser-settings
http://apache.org/xml/features/internal/parser-settings
http://apache.org/xml/features/internal/parser-settings
http://apache.org/xml/features/internal/parser-settings
http://apache.org/xml/features/internal/parser-settings
http://apache.org/xml/features/internal/parser-settings
http://apache.org/xml/features/internal/parser-settings
http://apache.org/xml/features/internal/parser-settings
http://apache.org/xml/features/internal/parser-settings
http://apache.org/xml/features/internal/parser-settings
http://apache.org/xml/features/internal/parser-settings
http://apache.org/xml/features/internal/parser-settings
http://apache.org/xml/features/internal/parser-settings
http://apache.org/xml/features/namespace-growth
http://apache.org/xml/features/namespace-growth
http://apache.org/xml/features/namespace-growth
http://apache.org/xml/features/namespace-growth
http://apache.org/xml/features/namespace-growth
http://apache.org/xml/features/namespace-growth
http://apache.org/xml/features/namespace-growth
http://apache.org/xml/features/internal/tolerate-duplicates
http://apache.org/xml/features/internal/tolerate-duplicates
http://apache.org/xml/features/internal/tolerate-duplicates
http://apache.org/xml/features/internal/tolerate-duplicates
http://apache.org/xml/features/internal/tolerate-duplicates
http://apache.org/xml/features/internal/tolerate-duplicates
http://xml.org/sax/properties/xml-string
http://xml.org/sax/properties/xml-string
http://xml.org/sax/properties/xml-string
http://apache.org/xml/properties/internal/symbol-table
http://apache.org/xml/properties/internal/symbol-table
http://apache.org/xml/properties/internal/symbol-table
http://apache.org/xml/properties/internal/symbol-table
http://apache.org/xml/properties/internal/symbol-table
http://apache.org/xml/properties/internal/symbol-table
http://apache.org/xml/properties/internal/symbol-table
http://apache.org/xml/properties/internal/symbol-table
http://apache.org/xml/properties/internal/symbol-table
http://apache.org/xml/properties/internal/symbol-table
http://apache.org/xml/properties/internal/symbol-table
http://apache.org/xml/properties/internal/symbol-table
http://apache.org/xml/properties/internal/symbol-table
http://apache.org/xml/properties/internal/symbol-table
http://apache.org/xml/properties/internal/symbol-table
http://apache.org/xml/properties/internal/symbol-table
http://apache.org/xml/properties/internal/symbol-table
http://apache.org/xml/properties/internal/symbol-table
http://apache.org/xml/properties/internal/symbol-table
http://apache.org/xml/properties/internal/symbol-table
http://apache.org/xml/properties/internal/symbol-table
http://apache.org/xml/properties/internal/symbol-table
http://apache.org/xml/properties/internal/symbol-table
http://apache.org/xml/properties/internal/symbol-table
http://apache.org/xml/properties/internal/symbol-table
http://apache.org/xml/properties/internal/symbol-table
http://apache.org/xml/properties/internal/symbol-table
http://apache.org/xml/properties/internal/symbol-table
http://apache.org/xml/properties/internal/symbol-table
http://apache.org/xml/properties/internal/symbol-table
http://apache.org/xml/properties/internal/symbol-table
http://apache.org/xml/properties/internal/error-handler
http://apache.org/xml/properties/internal/error-handler
http://apache.org/xml/properties/internal/error-handler
http://apache.org/xml/properties/internal/error-handler
http://apache.org/xml/properties/internal/error-handler
http://apache.org/xml/properties/internal/error-handler
http://apache.org/xml/properties/internal/error-handler
http://apache.org/xml/properties/internal/error-handler
http://apache.org/xml/properties/internal/error-handler
http://apache.org/xml/properties/internal/error-handler
http://apache.org/xml/properties/internal/error-handler
http://apache.org/xml/properties/internal/error-handler
http://apache.org/xml/properties/internal/error-handler
http://apache.org/xml/properties/internal/error-handler
http://apache.org/xml/properties/internal/error-handler
http://apache.org/xml/properties/internal/error-handler
http://apache.org/xml/properties/internal/error-handler
http://apache.org/xml/properties/internal/error-handler
http://apache.org/xml/properties/internal/error-handler
http://apache.org/xml/properties/internal/error-handler
http://apache.org/xml/properties/internal/error-handler
http://apache.org/xml/properties/internal/error-handler
http://apache.org/xml/properties/internal/error-handler
http://apache.org/xml/properties/internal/error-handler
http://apache.org/xml/properties/internal/error-handler
http://apache.org/xml/properties/internal/error-handler
http://apache.org/xml/properties/internal/error-handler
http://apache.org/xml/properties/internal/error-handler
http://apache.org/xml/properties/internal/error-handler
http://apache.org/xml/properties/internal/entity-resolver
http://apache.org/xml/properties/internal/entity-resolver
http://apache.org/xml/properties/internal/entity-resolver
http://apache.org/xml/properties/internal/entity-resolver
http://apache.org/xml/properties/internal/entity-resolver
http://apache.org/xml/properties/internal/entity-resolver
http://apache.org/xml/properties/internal/entity-resolver
http://apache.org/xml/properties/internal/entity-resolver
http://apache.org/xml/properties/internal/entity-resolver
http://apache.org/xml/properties/internal/entity-resolver
http://apache.org/xml/properties/internal/entity-resolver
http://apache.org/xml/properties/internal/entity-resolver
http://apache.org/xml/properties/internal/entity-resolver
http://apache.org/xml/properties/internal/entity-resolver
http://apache.org/xml/properties/internal/entity-resolver
http://apache.org/xml/properties/internal/entity-resolver
http://apache.org/xml/properties/internal/entity-resolver
http://apache.org/xml/properties/internal/entity-resolver
http://apache.org/xml/properties/internal/entity-resolver
http://apache.org/xml/properties/internal/entity-resolver
http://apache.org/xml/properties/internal/entity-resolver
http://apache.org/xml/properties/internal/entity-resolver
http://apache.org/xml/properties/internal/entity-resolver
http://apache.org/xml/properties/internal/entity-resolver
http://apache.org/xml/properties/internal/entity-resolver
http://apache.org/xml/properties/internal/entity-resolver
http://apache.org/xml/properties/internal/entity-resolver
http://apache.org/xml/properties/internal/entity-resolver
http://apache.org/xml/properties/internal/entity-resolver
http://apache.org/xml/properties/internal/entity-resolver
http://apache.org/xml/properties/internal/entity-resolver
http://apache.org/xml/properties/internal/error-reporter
http://apache.org/xml/properties/internal/error-reporter
http://apache.org/xml/properties/internal/error-reporter
http://apache.org/xml/properties/internal/error-reporter
http://apache.org/xml/properties/internal/error-reporter
http://apache.org/xml/properties/internal/error-reporter
http://apache.org/xml/properties/internal/error-reporter
http://apache.org/xml/properties/internal/error-reporter
http://apache.org/xml/properties/internal/error-reporter
http://apache.org/xml/properties/internal/error-reporter
http://apache.org/xml/properties/internal/error-reporter
http://apache.org/xml/properties/internal/error-reporter
http://apache.org/xml/properties/internal/error-reporter
http://apache.org/xml/properties/internal/error-reporter
http://apache.org/xml/properties/internal/error-reporter
http://apache.org/xml/properties/internal/error-reporter
http://apache.org/xml/properties/internal/error-reporter
http://apache.org/xml/properties/internal/error-reporter
http://apache.org/xml/properties/internal/error-reporter
http://apache.org/xml/properties/internal/error-reporter
http://apache.org/xml/properties/internal/error-reporter
http://apache.org/xml/properties/internal/error-reporter
http://apache.org/xml/properties/internal/error-reporter
http://apache.org/xml/properties/internal/error-reporter
http://apache.org/xml/properties/internal/error-reporter
http://apache.org/xml/properties/internal/error-reporter
http://apache.org/xml/properties/internal/error-reporter
http://apache.org/xml/properties/internal/error-reporter
http://apache.org/xml/properties/internal/error-reporter
http://apache.org/xml/properties/internal/error-reporter
http://apache.org/xml/properties/internal/error-reporter
http://apache.org/xml/properties/internal/error-reporter
http://apache.org/xml/properties/internal/entity-manager
http://apache.org/xml/properties/internal/entity-manager
http://apache.org/xml/properties/internal/entity-manager
http://apache.org/xml/properties/internal/entity-manager
http://apache.org/xml/properties/internal/entity-manager
http://apache.org/xml/properties/internal/entity-manager
http://apache.org/xml/properties/internal/entity-manager
http://apache.org/xml/properties/internal/entity-manager
http://apache.org/xml/properties/internal/entity-manager
http://apache.org/xml/properties/internal/entity-manager
http://apache.org/xml/properties/internal/entity-manager
http://apache.org/xml/properties/internal/entity-manager
http://apache.org/xml/properties/internal/entity-manager
http://apache.org/xml/properties/internal/entity-manager
http://apache.org/xml/properties/internal/validation-manager
http://apache.org/xml/properties/internal/validation-manager
http://apache.org/xml/properties/internal/validation-manager
http://apache.org/xml/properties/internal/validation-manager
http://apache.org/xml/properties/internal/validation-manager
http://apache.org/xml/properties/internal/validation-manager
http://apache.org/xml/properties/internal/validation-manager
http://apache.org/xml/properties/internal/validation-manager
http://apache.org/xml/properties/internal/validation-manager
http://apache.org/xml/properties/internal/validation-manager
http://apache.org/xml/properties/internal/validation-manager
http://apache.org/xml/properties/internal/validation-manager
http://apache.org/xml/properties/internal/validation-manager
http://apache.org/xml/properties/internal/validation-manager
http://apache.org/xml/properties/internal/validation-manager
http://apache.org/xml/properties/internal/validation-manager
http://apache.org/xml/properties/internal/validation-manager
http://apache.org/xml/properties/internal/grammar-pool
http://apache.org/xml/properties/internal/grammar-pool
http://apache.org/xml/properties/internal/grammar-pool
http://apache.org/xml/properties/internal/grammar-pool
http://apache.org/xml/properties/internal/grammar-pool
http://apache.org/xml/properties/internal/grammar-pool
http://apache.org/xml/properties/internal/grammar-pool
http://apache.org/xml/properties/internal/grammar-pool
http://apache.org/xml/properties/internal/grammar-pool
http://apache.org/xml/properties/internal/grammar-pool
http://apache.org/xml/properties/internal/grammar-pool
http://apache.org/xml/properties/internal/grammar-pool
http://apache.org/xml/properties/internal/grammar-pool
http://apache.org/xml/properties/internal/grammar-pool
http://apache.org/xml/properties/internal/grammar-pool
http://apache.org/xml/properties/internal/grammar-pool
http://apache.org/xml/properties/internal/grammar-pool
http://apache.org/xml/properties/internal/grammar-pool
http://apache.org/xml/properties/internal/grammar-pool
http://apache.org/xml/properties/internal/grammar-pool
http://apache.org/xml/properties/internal/grammar-pool
http://apache.org/xml/properties/internal/grammar-pool
http://apache.org/xml/properties/security-manager
http://apache.org/xml/properties/security-manager
http://apache.org/xml/properties/security-manager
http://apache.org/xml/properties/security-manager
http://apache.org/xml/properties/security-manager
http://apache.org/xml/properties/security-manager
http://apache.org/xml/properties/security-manager
http://apache.org/xml/properties/security-manager
http://apache.org/xml/properties/security-manager
http://apache.org/xml/properties/security-manager
http://apache.org/xml/properties/security-manager
http://apache.org/xml/properties/security-manager
http://apache.org/xml/properties/security-manager
http://apache.org/xml/properties/security-manager
http://apache.org/xml/properties/security-manager
http://java.sun.com/xml/jaxp/properties/schemaSource
http://java.sun.com/xml/jaxp/properties/schemaSource
http://java.sun.com/xml/jaxp/properties/schemaSource
http://java.sun.com/xml/jaxp/properties/schemaSource
http://java.sun.com/xml/jaxp/properties/schemaSource
http://java.sun.com/xml/jaxp/properties/schemaSource
http://java.sun.com/xml/jaxp/properties/schemaSource
http://java.sun.com/xml/jaxp/properties/schemaSource
http://java.sun.com/xml/jaxp/properties/schemaLanguage
http://java.sun.com/xml/jaxp/properties/schemaLanguage
http://java.sun.com/xml/jaxp/properties/schemaLanguage
http://java.sun.com/xml/jaxp/properties/schemaLanguage
http://java.sun.com/xml/jaxp/properties/schemaLanguage
http://apache.org/xml/properties/schema/external-schemaLocation
http://apache.org/xml/properties/schema/external-schemaLocation
http://apache.org/xml/properties/schema/external-schemaLocation
http://apache.org/xml/properties/schema/external-schemaLocation
http://apache.org/xml/properties/schema/external-schemaLocation
http://apache.org/xml/properties/schema/external-schemaLocation
http://apache.org/xml/properties/schema/external-schemaLocation
http://apache.org/xml/properties/schema/external-schemaLocation
http://apache.org/xml/properties/schema/external-noNamespaceSchemaLocation
http://apache.org/xml/properties/schema/external-noNamespaceSchemaLocation
http://apache.org/xml/properties/schema/external-noNamespaceSchemaLocation
http://apache.org/xml/properties/schema/external-noNamespaceSchemaLocation
http://apache.org/xml/properties/schema/external-noNamespaceSchemaLocation
http://apache.org/xml/properties/schema/external-noNamespaceSchemaLocation
http://apache.org/xml/properties/schema/external-noNamespaceSchemaLocation
http://apache.org/xml/properties/schema/external-noNamespaceSchemaLocation
http://apache.org/xml/properties/internal/validator/dtd
http://apache.org/xml/properties/internal/validator/dtd
http://apache.org/xml/properties/internal/validator/dtd
http://apache.org/xml/properties/internal/validator/dtd
http://apache.org/xml/properties/internal/validator/dtd
http://apache.org/xml/properties/internal/validator/dtd
http://apache.org/xml/properties/internal/validator/dtd
http://apache.org/xml/properties/internal/validator/dtd
http://apache.org/xml/properties/internal/validator/dtd
http://apache.org/xml/properties/internal/datatype-validator-factory
http://apache.org/xml/properties/internal/datatype-validator-factory
http://apache.org/xml/properties/internal/datatype-validator-factory
http://apache.org/xml/properties/internal/datatype-validator-factory
http://apache.org/xml/properties/internal/datatype-validator-factory
http://apache.org/xml/properties/internal/datatype-validator-factory
http://apache.org/xml/properties/internal/datatype-validator-factory
http://apache.org/xml/properties/internal/datatype-validator-factory
http://apache.org/xml/properties/internal/datatype-validator-factory
http://apache.org/xml/properties/internal/validation/schema/dv-factory
http://apache.org/xml/properties/internal/validation/schema/dv-factory
http://apache.org/xml/properties/internal/validation/schema/dv-factory
http://apache.org/xml/properties/internal/validation/schema/dv-factory
http://apache.org/xml/properties/internal/validation/schema/dv-factory
http://www.w3.org/TR/1998/REC-xml-19980210
http://www.w3.org/TR/1998/REC-xml-19980210
http://www.w3.org/TR/1998/REC-xml-19980210
http://www.w3.org/TR/1998/REC-xml-19980210
http://www.w3.org/TR/1998/REC-xml-19980210
http://www.w3.org/TR/1998/REC-xml-19980210
http://www.w3.org/TR/1998/REC-xml-19980210
http://www.w3.org/TR/1998/REC-xml-19980210
http://www.w3.org/TR/1998/REC-xml-19980210
http://www.w3.org/TR/1998/REC-xml-19980210
http://www.w3.org/TR/1998/REC-xml-19980210
http://www.w3.org/TR/1998/REC-xml-19980210
http://www.w3.org/TR/1998/REC-xml-19980210
http://www.w3.org/TR/1998/REC-xml-19980210
http://www.w3.org/TR/1998/REC-xml-19980210
http://www.w3.org/TR/1998/REC-xml-19980210
http://www.w3.org/TR/1998/REC-xml-19980210
http://www.w3.org/TR/1998/REC-xml-19980210
http://www.w3.org/TR/1998/REC-xml-19980210
http://www.w3.org/TR/1998/REC-xml-19980210
http://www.w3.org/TR/1998/REC-xml-19980210
http://www.w3.org/TR/1998/REC-xml-19980210
http://www.w3.org/TR/1998/REC-xml-19980210
http://www.w3.org/TR/1998/REC-xml-19980210
http://www.w3.org/TR/1998/REC-xml-19980210
http://www.w3.org/TR/1998/REC-xml-19980210
http://www.w3.org/TR/1998/REC-xml-19980210
http://www.w3.org/TR/1998/REC-xml-19980210
http://www.w3.org/TR/1998/REC-xml-19980210
http://www.w3.org/TR/1998/REC-xml-19980210
http://www.w3.org/TR/1998/REC-xml-19980210
http://www.w3.org/TR/1998/REC-xml-19980210
http://www.w3.org/TR/1998/REC-xml-19980210
http://www.w3.org/TR/1998/REC-xml-19980210
http://www.w3.org/TR/1998/REC-xml-19980210
http://www.w3.org/TR/1998/REC-xml-19980210
http://www.w3.org/TR/1998/REC-xml-19980210
http://www.w3.org/TR/1998/REC-xml-19980210
http://www.w3.org/TR/1998/REC-xml-19980210
http://www.w3.org/TR/1998/REC-xml-19980210
http://www.w3.org/TR/1998/REC-xml-19980210
http://www.w3.org/TR/1998/REC-xml-19980210
http://www.w3.org/TR/1998/REC-xml-19980210
http://www.w3.org/TR/1998/REC-xml-19980210
http://www.w3.org/TR/1998/REC-xml-19980210
http://www.w3.org/TR/1998/REC-xml-19980210
http://www.w3.org/TR/1998/REC-xml-19980210
http://www.w3.org/TR/1998/REC-xml-19980210
http://www.w3.org/TR/1998/REC-xml-19980210
http://www.w3.org/TR/1998/REC-xml-19980210
http://www.w3.org/TR/1998/REC-xml-19980210
http://www.w3.org/TR/1998/REC-xml-19980210
http://www.w3.org/TR/1998/REC-xml-19980210
http://www.w3.org/TR/1998/REC-xml-19980210
http://www.w3.org/TR/1998/REC-xml-19980210
http://www.w3.org/TR/1998/REC-xml-19980210
http://www.w3.org/TR/1998/REC-xml-19980210
http://www.w3.org/TR/1998/REC-xml-19980210
http://www.w3.org/TR/1999/REC-xml-names-19990114
http://www.w3.org/TR/1999/REC-xml-names-19990114
http://www.w3.org/TR/1999/REC-xml-names-19990114
http://www.w3.org/TR/1999/REC-xml-names-19990114
http://www.w3.org/TR/1999/REC-xml-names-19990114
http://www.w3.org/TR/1999/REC-xml-names-19990114
http://www.w3.org/TR/1999/REC-xml-names-19990114
http://www.w3.org/TR/1999/REC-xml-names-19990114
http://www.w3.org/TR/1999/REC-xml-names-19990114
http://www.w3.org/TR/1999/REC-xml-names-19990114
http://www.w3.org/TR/1999/REC-xml-names-19990114
http://www.w3.org/TR/1999/REC-xml-names-19990114
http://www.w3.org/TR/1999/REC-xml-names-19990114
http://www.w3.org/TR/1999/REC-xml-names-19990114
http://www.w3.org/TR/xml-schema-1
http://www.w3.org/TR/xml-schema-1
http://www.w3.org/TR/xml-schema-1
http://www.w3.org/TR/xml-schema-1
http://www.w3.org/TR/xml-schema-1
http://www.w3.org/TR/xml-schema-1
http://www.w3.org/TR/xml-schema-1
http://www.w3.org/TR/xml-schema-1
http://www.w3.org/TR/xml-schema-1
http://www.w3.org/TR/xml-schema-1
http://www.w3.org/TR/xml-schema-1
http://www.w3.org/TR/xml-schema-1
http://www.w3.org/TR/xml-schema-1
http://www.w3.org/TR/xml-schema-1
http://www.w3.org/TR/xml-schema-1
http://www.w3.org/TR/xml-schema-1
http://www.w3.org/TR/xml-schema-1
http://www.w3.org/TR/xml-schema-1
http://www.w3.org/TR/xml-schema-1
http://www.w3.org/TR/xml-schema-1
http://xml.org/sax/properties/
http://xml.org/sax/properties/
http://xml.org/sax/properties/
http://xml.org/sax/properties/
http://xml.org/sax/properties/
http://apache.org/xml/serializer
http://apache.org/xml/serializer
http://apache.org/xml/serializer
http://apache.org/xml/serializer
http://apache.org/xml/serializer
http://apache.org/xml/serializer
http://apache.org/xml/serializer
http://apache.org/xml/serializer
http://apache.org/xml/serializer
http://apache.org/xml/serializer
http://apache.org/xml/serializer
http://apache.org/xml/serializer
http://apache.org/xml/serializer
http://apache.org/xml/serializer
http://apache.org/xml/features/scanner/notify-char-refs
http://apache.org/xml/features/scanner/notify-char-refs
http://apache.org/xml/features/scanner/notify-char-refs
http://apache.org/xml/features/scanner/notify-char-refs
http://apache.org/xml/features/scanner/notify-char-refs
http://apache.org/xml/features/scanner/notify-char-refs
http://apache.org/xml/features/scanner/notify-char-refs
http://apache.org/xml/features/scanner/notify-char-refs
http://apache.org/xml/properties/
http://apache.org/xml/properties/
http://apache.org/xml/properties/
http://apache.org/xml/properties/
http://apache.org/xml/properties/
http://apache.org/xml/properties/
http://apache.org/xml/properties/
http://apache.org/xml/features/scanner/notify-builtin-refs
http://apache.org/xml/features/scanner/notify-builtin-refs
http://apache.org/xml/features/scanner/notify-builtin-refs
http://apache.org/xml/features/scanner/notify-builtin-refs
http://apache.org/xml/features/scanner/notify-builtin-refs
http://apache.org/xml/features/
http://apache.org/xml/features/
http://apache.org/xml/features/
http://apache.org/xml/features/
http://apache.org/xml/features/
http://apache.org/xml/features/
http://apache.org/xml/features/
http://apache.org/xml/features/
http://apache.org/xml/features/nonvalidating/load-external-dtd
http://apache.org/xml/features/nonvalidating/load-external-dtd
http://apache.org/xml/features/nonvalidating/load-external-dtd
http://apache.org/xml/features/nonvalidating/load-external-dtd
http://apache.org/xml/properties/internal/dtd-scanner
http://apache.org/xml/properties/internal/dtd-scanner
http://apache.org/xml/properties/internal/dtd-scanner
http://apache.org/xml/properties/internal/dtd-scanner
http://apache.org/xml/properties/internal/dtd-scanner
http://apache.org/xml/properties/internal/dtd-scanner
http://apache.org/xml/properties/internal/dtd-scanner
http://apache.org/xml/properties/internal/dtd-scanner
http://apache.org/xml/properties/internal/namespace-context
http://apache.org/xml/properties/internal/namespace-context
http://apache.org/xml/properties/internal/namespace-context
http://apache.org/xml/properties/internal/namespace-context
http://apache.org/xml/properties/internal/namespace-context
http://apache.org/xml/properties/internal/namespace-context
http://xml.org/sax/features/external-general-entities
http://xml.org/sax/features/external-general-entities
http://xml.org/sax/features/external-general-entities
http://xml.org/sax/features/external-general-entities
http://xml.org/sax/features/external-parameter-entities
http://xml.org/sax/features/external-parameter-entities
http://xml.org/sax/features/external-parameter-entities
http://xml.org/sax/features/external-parameter-entities
http://apache.org/xml/features/allow-java-encodings
http://apache.org/xml/features/allow-java-encodings
http://apache.org/xml/features/allow-java-encodings
http://apache.org/xml/features/allow-java-encodings
http://apache.org/xml/features/allow-java-encodings
http://apache.org/xml/features/allow-java-encodings
http://apache.org/xml/features/allow-java-encodings
http://apache.org/xml/features/warn-on-duplicate-entitydef
http://apache.org/xml/features/warn-on-duplicate-entitydef
http://apache.org/xml/features/standard-uri-conformant
http://apache.org/xml/features/standard-uri-conformant
http://apache.org/xml/features/standard-uri-conformant
http://apache.org/xml/features/standard-uri-conformant
http://apache.org/xml/features/standard-uri-conformant
http://apache.org/xml/features/standard-uri-conformant
http://apache.org/xml/features/standard-uri-conformant
http://apache.org/xml/features/standard-uri-conformant
http://apache.org/xml/properties/input-buffer-size
http://apache.org/xml/features/continue-after-fatal-error
http://apache.org/xml/features/continue-after-fatal-error
http://apache.org/xml/features/continue-after-fatal-error
http://apache.org/xml/features/continue-after-fatal-error
http://apache.org/xml/features/continue-after-fatal-error
http://apache.org/xml/features/continue-after-fatal-error
http://apache.org/xml/features/continue-after-fatal-error
http://apache.org/xml/features/continue-after-fatal-error
http://apache.org/xml/features/continue-after-fatal-error
http://apache.org/xml/features/continue-after-fatal-error
http://apache.org/xml/features/validation/warn-on-undeclared-elemdef
http://apache.org/xml/features/validation/warn-on-undeclared-elemdef
http://apache.org/xml/features/validation/warn-on-undeclared-elemdef
http://apache.org/xml/features/validation/warn-on-undeclared-elemdef
http://apache.org/xml/features/validation/warn-on-undeclared-elemdef
http://apache.org/xml/properties/locale
http://apache.org/xml/properties/locale
http://apache.org/xml/properties/locale
http://apache.org/xml/properties/locale
http://apache.org/xml/properties/locale
http://apache.org/xml/properties/locale
http://apache.org/xml/properties/locale
http://apache.org/xml/properties/locale
http://apache.org/xml/properties/locale
http://apache.org/xml/properties/locale
http://apache.org/xml/properties/locale
http://apache.org/xml/properties/locale
http://apache.org/xml/properties/locale
http://apache.org/xml/properties/locale
http://www.w3.org/2001/XMLSchema-instance
http://apache.org/xml/features/validation/schema/ignore-xsi-type-until-elemdecl
http://apache.org/xml/features/validation/schema/ignore-xsi-type-until-elemdecl
http://apache.org/xml/features/validation/schema/ignore-xsi-type-until-elemdecl
http://apache.org/xml/features/validation/schema/ignore-xsi-type-until-elemdecl
http://apache.org/xml/features/validation/id-idref-checking
http://apache.org/xml/features/validation/id-idref-checking
http://apache.org/xml/features/validation/id-idref-checking
http://apache.org/xml/features/validation/id-idref-checking
http://apache.org/xml/features/validation/identity-constraint-checking
http://apache.org/xml/features/validation/identity-constraint-checking
http://apache.org/xml/features/validation/identity-constraint-checking
http://apache.org/xml/features/validation/identity-constraint-checking
http://apache.org/xml/features/validation/unparsed-entity-checking
http://apache.org/xml/features/validation/unparsed-entity-checking
http://apache.org/xml/features/validation/unparsed-entity-checking
http://apache.org/xml/features/validation/unparsed-entity-checking
http://apache.org/xml/properties/validation/schema/root-type-definition
http://apache.org/xml/properties/validation/schema/root-type-definition
http://apache.org/xml/properties/validation/schema/root-type-definition
http://apache.org/xml/properties/validation/schema/root-type-definition
http://apache.org/xml/properties/validation/schema/root-element-declaration
http://apache.org/xml/properties/validation/schema/root-element-declaration
http://apache.org/xml/properties/validation/schema/root-element-declaration
http://apache.org/xml/properties/validation/schema/root-element-declaration
http://apache.org/xml/properties/internal/document-scanner
http://apache.org/xml/properties/internal/document-scanner
http://apache.org/xml/properties/internal/document-scanner
http://apache.org/xml/properties/internal/document-scanner
http://apache.org/xml/properties/internal/document-scanner
http://apache.org/xml/properties/internal/document-scanner
http://apache.org/xml/properties/internal/namespace-binder
http://java.sun.com/xml/jaxp/properties/
http://java.sun.com/xml/jaxp/properties/
http://xml.org/sax/features/namespace-prefixes
http://xml.org/sax/features/string-interning
http://xml.org/sax/features/string-interning
http://xml.org/sax/features/string-interning
http://apache.org/xml/properties/internal/validator/schema
http://apache.org/xml/properties/internal/validator/schema
http://apache.org/xml/properties/internal/validator/schema
http://apache.org/xml/properties/internal/validator/schema
http://apache.org/xml/properties/internal/validator/schema
http://apache.org/xml/properties/internal/validator/schema
http://apache.org/xml/properties/internal/validator/schema
http://apache.org/xml/properties/internal/validator/schema
http://apache.org/xml/properties/internal/validator/schema
http://xml.org/sax/properties/lexical-handler
http://xml.org/sax/properties/lexical-handler
http://xml.org/sax/properties/lexical-handler
http://javax.xml.XMLConstants/feature/secure-processing
http://javax.xml.XMLConstants/feature/secure-processing
http://javax.xml.XMLConstants/feature/secure-processing
http://javax.xml.XMLConstants/feature/secure-processing
http://xml.org/sax/properties/declaration-handler
http://xml.org/sax/properties/declaration-handler
http://xml.org/sax/properties/dom-node
http://xml.org/sax/features/allow-dtd-events-after-endDTD
http://xml.org/sax/features/
http://xml.org/sax/features/
http://apache.org/xml/properties/internal/dtd-processor
http://apache.org/xml/properties/internal/dtd-processor
http://apache.org/xml/properties/internal/dtd-processor
http://www.w3.org/1999/xhtml
http://www.w3.org/1999/xhtml
http://www.w3.org/TR/xhtml1/DTD/xhtml1-strict.dtd
http://www.w3.org/TR/html4/strict.dtd

[INTERNAL_LOG][2018-06-12 04:50:57,608][INFO][find_url_in_apk()] [END ALL URL INSIDE APK]
[INTERNAL_LOG][2018-06-12 04:50:57,648][INFO][check_method_conf()] [JavaScript enabled: True]

[INTERNAL_LOG][2018-06-12 04:50:57,648][INFO][check_method_conf()] [Add interface WebView: True]

[INTERNAL_LOG][2018-06-12 04:50:57,648][INFO][analyze_start()] This app might be not vulnerable on  attack frame confusion.
[INTERNAL_LOG][2018-06-12 04:50:57,648][INFO][analyze_start()] End time:[Tue Jun 12 04:50:57 2018]
