[INTERNAL_LOG][2018-06-12 07:20:59,817][INFO][analyze_start()] Init Time [Tue Jun 12 07:20:59 2018]
[INTERNAL_LOG][2018-06-12 07:20:59,834][INFO][run()] Start Analysis
[INTERNAL_LOG][2018-06-12 07:20:59,834][INFO][is_hybird()] [Permission Enble Start]
[INTERNAL_LOG][2018-06-12 07:20:59,834][INFO][is_hybird()] android.permission.INTERNET
[INTERNAL_LOG][2018-06-12 07:20:59,834][INFO][is_hybird()] android.permission.ACCESS_WIFI_STATE
[INTERNAL_LOG][2018-06-12 07:20:59,835][INFO][is_hybird()] android.permission.ACCESS_NETWORK_STATE
[INTERNAL_LOG][2018-06-12 07:20:59,835][INFO][is_hybird()] android.permission.READ_PHONE_STATE
[INTERNAL_LOG][2018-06-12 07:20:59,835][INFO][is_hybird()] android.permission.ACCESS_COARSE_LOCATION
[INTERNAL_LOG][2018-06-12 07:20:59,835][INFO][is_hybird()] android.permission.WRITE_EXTERNAL_STORAGE
[INTERNAL_LOG][2018-06-12 07:20:59,835][INFO][is_hybird()] android.permission.VIBRATE
[INTERNAL_LOG][2018-06-12 07:20:59,835][INFO][is_hybird()] android.permission.ACCESS_COARSE_LOCATION
[INTERNAL_LOG][2018-06-12 07:20:59,835][INFO][is_hybird()] android.permission.ACCESS_NETWORK_STATE
[INTERNAL_LOG][2018-06-12 07:20:59,835][INFO][is_hybird()] android.permission.ACCESS_WIFI_STATE
[INTERNAL_LOG][2018-06-12 07:20:59,835][INFO][is_hybird()] android.permission.INTERNET
[INTERNAL_LOG][2018-06-12 07:20:59,835][INFO][is_hybird()] android.permission.READ_PHONE_STATE
[INTERNAL_LOG][2018-06-12 07:20:59,835][INFO][is_hybird()] android.permission.WAKE_LOCK
[INTERNAL_LOG][2018-06-12 07:20:59,835][INFO][is_hybird()] android.permission.WRITE_EXTERNAL_STORAGE
[INTERNAL_LOG][2018-06-12 07:20:59,835][INFO][is_hybird()] android.permission.WAKE_LOCK
[INTERNAL_LOG][2018-06-12 07:20:59,835][INFO][is_hybird()] [Permission End]

[INTERNAL_LOG][2018-06-12 07:20:59,835][INFO][analyze_start()] TYPE APK: [ANDROID NATIVE]

[INTERNAL_LOG][2018-06-12 07:20:59,835][INFO][find_string()] [START FILE ANALYZE]
[INTERNAL_LOG][2018-06-12 07:20:59,835][INFO][find_string()] [END ANALYZE FILE]

[INTERNAL_LOG][2018-06-12 07:20:59,835][INFO][find_string()] [START FILE ANALYZE]
[INTERNAL_LOG][2018-06-12 07:20:59,835][INFO][find_string()] [END ANALYZE FILE]

[INTERNAL_LOG][2018-06-12 07:21:09,968][INFO][find_url_in_apk()] [START ALL URL INSIDE APK]
[INTERNAL_LOG][2018-06-12 07:21:09,968][INFO][find_url_in_apk()] https://graph.facebook.com/network_ads_common/
https://graph.%s.facebook.com/network_ads_common/
https://www.facebook.com/
https://www.%s.facebook.com
https://play.google.com/store/apps/details?id=
https://play.google.com/store/apps/details?id=
https://docs.google.com/spreadsheet/formResponse?formkey=%s&ifq
http://simpledroid.s3.amazonaws.com/com-aspieapps-free-emulator.json

[INTERNAL_LOG][2018-06-12 07:21:09,968][INFO][find_url_in_apk()] [END ALL URL INSIDE APK]
[INTERNAL_LOG][2018-06-12 07:21:09,973][INFO][check_method_conf()] [JavaScript enabled: True]

[INTERNAL_LOG][2018-06-12 07:21:09,973][INFO][check_method_conf()] [Add interface WebView: True]

[INTERNAL_LOG][2018-06-12 07:21:09,973][INFO][analyze_start()] This app might be not vulnerable on  attack frame confusion.
[INTERNAL_LOG][2018-06-12 07:21:09,973][INFO][analyze_start()] End time:[Tue Jun 12 07:21:09 2018]
