[INTERNAL_LOG][2018-06-12 03:11:29,861][INFO][analyze_start()] Init Time [Tue Jun 12 03:11:29 2018]
[INTERNAL_LOG][2018-06-12 03:11:29,902][INFO][run()] Start Analysis
[INTERNAL_LOG][2018-06-12 03:11:29,903][INFO][is_hybird()] [Permission Enble Start]
[INTERNAL_LOG][2018-06-12 03:11:29,903][INFO][is_hybird()] android.permission.READ_CONTACTS
[INTERNAL_LOG][2018-06-12 03:11:29,903][INFO][is_hybird()] android.permission.READ_PROFILE
[INTERNAL_LOG][2018-06-12 03:11:29,903][INFO][is_hybird()] android.permission.SYSTEM_ALERT_WINDOW
[INTERNAL_LOG][2018-06-12 03:11:29,903][INFO][is_hybird()] android.permission.READ_PHONE_STATE
[INTERNAL_LOG][2018-06-12 03:11:29,903][INFO][is_hybird()] android.permission.RECEIVE_BOOT_COMPLETED
[INTERNAL_LOG][2018-06-12 03:11:29,903][INFO][is_hybird()] android.permission.ACCESS_NETWORK_STATE
[INTERNAL_LOG][2018-06-12 03:11:29,903][INFO][is_hybird()] android.permission.WRITE_EXTERNAL_STORAGE
[INTERNAL_LOG][2018-06-12 03:11:29,903][INFO][is_hybird()] android.permission.VIBRATE
[INTERNAL_LOG][2018-06-12 03:11:29,903][INFO][is_hybird()] android.permission.GET_ACCOUNTS
[INTERNAL_LOG][2018-06-12 03:11:29,903][INFO][is_hybird()] android.permission.WAKE_LOCK
[INTERNAL_LOG][2018-06-12 03:11:29,903][INFO][is_hybird()] android.permission.CAMERA
[INTERNAL_LOG][2018-06-12 03:11:29,903][INFO][is_hybird()] android.permission.READ_EXTERNAL_STORAGE
[INTERNAL_LOG][2018-06-12 03:11:29,903][INFO][is_hybird()] android.permission.INTERNET
[INTERNAL_LOG][2018-06-12 03:11:29,903][INFO][is_hybird()] android.permission.REQUEST_INSTALL_PACKAGES
[INTERNAL_LOG][2018-06-12 03:11:29,904][INFO][is_hybird()] android.permission.BATTERY_STATS
[INTERNAL_LOG][2018-06-12 03:11:29,904][INFO][is_hybird()] android.permission.CHANGE_NETWORK_STATE
[INTERNAL_LOG][2018-06-12 03:11:29,904][INFO][is_hybird()] android.permission.ACCESS_WIFI_STATE
[INTERNAL_LOG][2018-06-12 03:11:29,904][INFO][is_hybird()] android.permission.RECORD_AUDIO
[INTERNAL_LOG][2018-06-12 03:11:29,904][INFO][is_hybird()] android.permission.READ_SMS
[INTERNAL_LOG][2018-06-12 03:11:29,904][INFO][is_hybird()] android.permission.AUTHENTICATE_ACCOUNTS
[INTERNAL_LOG][2018-06-12 03:11:29,904][INFO][is_hybird()] android.permission.MANAGE_ACCOUNTS
[INTERNAL_LOG][2018-06-12 03:11:29,909][INFO][is_hybird()] com.google.android.c2dm.permission.RECEIVE
[INTERNAL_LOG][2018-06-12 03:11:29,911][INFO][is_hybird()] com.facebook.mlite.permission.C2D_MESSAGE
[INTERNAL_LOG][2018-06-12 03:11:29,911][INFO][is_hybird()] com.facebook.wakizashi.provider.ACCESS
[INTERNAL_LOG][2018-06-12 03:11:29,911][INFO][is_hybird()] com.facebook.katana.provider.ACCESS
[INTERNAL_LOG][2018-06-12 03:11:29,911][INFO][is_hybird()] com.facebook.lite.provider.ACCESS
[INTERNAL_LOG][2018-06-12 03:11:29,922][INFO][is_hybird()] com.facebook.orca.provider.ACCESS
[INTERNAL_LOG][2018-06-12 03:11:29,922][INFO][is_hybird()] com.facebook.pages.app.provider.ACCESS
[INTERNAL_LOG][2018-06-12 03:11:29,922][INFO][is_hybird()] com.facebook.permission.prod.FB_APP_COMMUNICATION
[INTERNAL_LOG][2018-06-12 03:11:29,922][INFO][is_hybird()] com.facebook.mlite.BROADCAST
[INTERNAL_LOG][2018-06-12 03:11:29,922][INFO][is_hybird()] com.facebook.mlite.provider.ACCESS
[INTERNAL_LOG][2018-06-12 03:11:29,925][INFO][is_hybird()] com.sec.android.provider.badge.permission.READ
[INTERNAL_LOG][2018-06-12 03:11:29,925][INFO][is_hybird()] com.sec.android.provider.badge.permission.WRITE
[INTERNAL_LOG][2018-06-12 03:11:29,925][INFO][is_hybird()] com.htc.launcher.permission.READ_SETTINGS
[INTERNAL_LOG][2018-06-12 03:11:29,925][INFO][is_hybird()] com.htc.launcher.permission.UPDATE_SHORTCUT
[INTERNAL_LOG][2018-06-12 03:11:29,925][INFO][is_hybird()] com.sonyericsson.home.permission.BROADCAST_BADGE
[INTERNAL_LOG][2018-06-12 03:11:29,925][INFO][is_hybird()] com.android.launcher.permission.INSTALL_SHORTCUT
[INTERNAL_LOG][2018-06-12 03:11:29,925][INFO][is_hybird()] com.android.launcher.permission.UNINSTALL_SHORTCUT
[INTERNAL_LOG][2018-06-12 03:11:29,925][INFO][is_hybird()] android.permission.MODIFY_AUDIO_SETTINGS
[INTERNAL_LOG][2018-06-12 03:11:29,925][INFO][is_hybird()] android.permission.BLUETOOTH
[INTERNAL_LOG][2018-06-12 03:11:29,925][INFO][is_hybird()] [Permission End]

[INTERNAL_LOG][2018-06-12 03:11:29,925][INFO][analyze_start()] TYPE APK: [ANDROID NATIVE]

[INTERNAL_LOG][2018-06-12 03:11:29,925][INFO][find_string()] [START FILE ANALYZE]
[INTERNAL_LOG][2018-06-12 03:11:29,926][INFO][find_string()] [END ANALYZE FILE]

[INTERNAL_LOG][2018-06-12 03:11:29,926][INFO][find_string()] [START FILE ANALYZE]
[INTERNAL_LOG][2018-06-12 03:11:29,926][INFO][find_string()] [END ANALYZE FILE]

[INTERNAL_LOG][2018-06-12 03:11:45,708][INFO][find_url_in_apk()] [START URL LOADED INSIDE LOAD FUNCTION]
[INTERNAL_LOG][2018-06-12 03:11:45,708][INFO][find_url_in_apk()] https://m.facebook.com/legal/thirdpartynotices

[INTERNAL_LOG][2018-06-12 03:11:45,708][INFO][find_url_in_apk()] [END URL LOADED INSIDE LOAD FUNCTION]
[INTERNAL_LOG][2018-06-12 03:11:46,225][ERROR][download_page_loaded()] Failed response code: 404 for https://m.facebook.com/legal/thirdpartynotices  
[INTERNAL_LOG][2018-06-12 03:11:46,227][INFO][find_string()] [START REMOTE FILE ANALYZE]
[INTERNAL_LOG][2018-06-12 03:11:46,227][INFO][find_string()] [END ANALYZE FILE]

[INTERNAL_LOG][2018-06-12 03:11:46,227][INFO][find_url_in_apk()] [START ALL URL INSIDE APK]
[INTERNAL_LOG][2018-06-12 03:11:46,227][INFO][find_url_in_apk()] https://graph.facebook.com/logging_client_events
https://m.facebook.com/terms.php
https://m.facebook.com/terms.php
https://m.facebook.com/about/privacy/
https://m.facebook.com/about/privacy/
https://www.facebook.com/help/messenger-app/1573402819647115/
https://www.facebook.com/mobile/orca_android_crash_logs/
https://mbasic.facebook.com
https://m.facebook.com
https://www.facebook.com/help/838237596230667
https://rupload.facebook.com/messenger_audio/
https://rupload.facebook.com/messenger_image/
https://m.facebook.com/legal/thirdpartynotices
https://play.google.com/store/apps/details?id=com.facebook.katana
http://facebook.com/lite
https://play.google.com/store/apps/details?id=com.facebook.lite
https://www.facebook.com/help/messenger-app/messenger-lite-app
https://www.facebook.com/help/messenger-app/321774648351848
https://m.facebook.com/recover/initiate/
https://m.facebook.com/reg/
https://m.beta.facebook.com/mobile_builds#Messenger_Lite
https://www.messenger.com/lite
https://facebook.com/%s
https://graph.facebook.com
https://android.googleapis.com/gcm/send
http://www.android.com/

[INTERNAL_LOG][2018-06-12 03:11:46,227][INFO][find_url_in_apk()] [END ALL URL INSIDE APK]
[INTERNAL_LOG][2018-06-12 03:11:46,232][INFO][check_method_conf()] [JavaScript enabled: True]

[INTERNAL_LOG][2018-06-12 03:11:46,232][INFO][check_method_conf()] [Add interface WebView: True]

[INTERNAL_LOG][2018-06-12 03:11:46,233][INFO][analyze_start()] This app might be not vulnerable on  attack frame confusion.
[INTERNAL_LOG][2018-06-12 03:11:46,233][INFO][analyze_start()] End time:[Tue Jun 12 03:11:46 2018]
