[INTERNAL_LOG][2018-06-12 04:57:24,039][INFO][analyze_start()] Init Time [Tue Jun 12 04:57:24 2018]
[INTERNAL_LOG][2018-06-12 04:57:25,710][INFO][run()] Start Analysis
[INTERNAL_LOG][2018-06-12 04:57:25,711][INFO][is_hybird()] [Permission Enble Start]
[INTERNAL_LOG][2018-06-12 04:57:25,711][INFO][is_hybird()] android.permission.READ_PHONE_STATE
[INTERNAL_LOG][2018-06-12 04:57:25,711][INFO][is_hybird()] android.permission.ACCESS_NETWORK_STATE
[INTERNAL_LOG][2018-06-12 04:57:25,711][INFO][is_hybird()] android.permission.ACCESS_WIFI_STATE
[INTERNAL_LOG][2018-06-12 04:57:25,711][INFO][is_hybird()] android.permission.VIBRATE
[INTERNAL_LOG][2018-06-12 04:57:25,711][INFO][is_hybird()] android.permission.READ_EXTERNAL_STORAGE
[INTERNAL_LOG][2018-06-12 04:57:25,712][INFO][is_hybird()] android.permission.WRITE_EXTERNAL_STORAGE
[INTERNAL_LOG][2018-06-12 04:57:25,712][INFO][is_hybird()] android.permission.GET_PACKAGE_SIZE
[INTERNAL_LOG][2018-06-12 04:57:25,712][INFO][is_hybird()] android.permission.GET_ACCOUNTS
[INTERNAL_LOG][2018-06-12 04:57:25,712][INFO][is_hybird()] com.android.vending.BILLING
[INTERNAL_LOG][2018-06-12 04:57:25,712][INFO][is_hybird()] org.onepf.openiab.permission.BILLING
[INTERNAL_LOG][2018-06-12 04:57:25,712][INFO][is_hybird()] android.permission.WAKE_LOCK
[INTERNAL_LOG][2018-06-12 04:57:25,712][INFO][is_hybird()] com.google.android.c2dm.permission.RECEIVE
[INTERNAL_LOG][2018-06-12 04:57:25,712][INFO][is_hybird()] android.permission.INTERNET
[INTERNAL_LOG][2018-06-12 04:57:25,712][INFO][is_hybird()] android.permission.INTERNET
[INTERNAL_LOG][2018-06-12 04:57:25,712][INFO][is_hybird()] android.permission.ACCESS_NETWORK_STATE
[INTERNAL_LOG][2018-06-12 04:57:25,712][INFO][is_hybird()] android.permission.GET_ACCOUNTS
[INTERNAL_LOG][2018-06-12 04:57:25,712][INFO][is_hybird()] android.permission.USE_CREDENTIALS
[INTERNAL_LOG][2018-06-12 04:57:25,712][INFO][is_hybird()] android.permission.NETWORK
[INTERNAL_LOG][2018-06-12 04:57:25,712][INFO][is_hybird()] android.permission.RECORD_AUDIO
[INTERNAL_LOG][2018-06-12 04:57:25,712][INFO][is_hybird()] android.permission.WAKE_LOCK
[INTERNAL_LOG][2018-06-12 04:57:25,712][INFO][is_hybird()] android.permission.CAMERA
[INTERNAL_LOG][2018-06-12 04:57:25,712][INFO][is_hybird()] android.permission.INTERNET
[INTERNAL_LOG][2018-06-12 04:57:25,712][INFO][is_hybird()] android.permission.ACCESS_WIFI_STATE
[INTERNAL_LOG][2018-06-12 04:57:25,713][INFO][is_hybird()] android.permission.ACCESS_NETWORK_STATE
[INTERNAL_LOG][2018-06-12 04:57:25,713][INFO][is_hybird()] android.permission.CHANGE_WIFI_STATE
[INTERNAL_LOG][2018-06-12 04:57:25,713][INFO][is_hybird()] android.permission.CHANGE_NETWORK_STATE
[INTERNAL_LOG][2018-06-12 04:57:25,713][INFO][is_hybird()] android.permission.WRITE_EXTERNAL_STORAGE
[INTERNAL_LOG][2018-06-12 04:57:25,713][INFO][is_hybird()] android.permission.RECORD_AUDIO
[INTERNAL_LOG][2018-06-12 04:57:25,713][INFO][is_hybird()] android.permission.MODIFY_AUDIO_SETTINGS
[INTERNAL_LOG][2018-06-12 04:57:25,713][INFO][is_hybird()] android.permission.WRITE_SETTINGS
[INTERNAL_LOG][2018-06-12 04:57:25,713][INFO][is_hybird()] android.permission.READ_PHONE_STATE
[INTERNAL_LOG][2018-06-12 04:57:25,713][INFO][is_hybird()] android.permission.BLUETOOTH
[INTERNAL_LOG][2018-06-12 04:57:25,713][INFO][is_hybird()] android.permission.ACCESS_NETWORK_STATE
[INTERNAL_LOG][2018-06-12 04:57:25,713][INFO][is_hybird()] android.permission.INTERNET
[INTERNAL_LOG][2018-06-12 04:57:25,713][INFO][is_hybird()] android.permission.WAKE_LOCK
[INTERNAL_LOG][2018-06-12 04:57:25,713][INFO][is_hybird()] com.google.android.c2dm.permission.RECEIVE
[INTERNAL_LOG][2018-06-12 04:57:25,713][INFO][is_hybird()] com.mobile.legends.permission.C2D_MESSAGE
[INTERNAL_LOG][2018-06-12 04:57:25,713][INFO][is_hybird()] android.permission.INTERNET
[INTERNAL_LOG][2018-06-12 04:57:25,713][INFO][is_hybird()] android.permission.ACCESS_NETWORK_STATE
[INTERNAL_LOG][2018-06-12 04:57:25,713][INFO][is_hybird()] android.permission.ACCESS_WIFI_STATE
[INTERNAL_LOG][2018-06-12 04:57:25,713][INFO][is_hybird()] android.permission.READ_PHONE_STATE
[INTERNAL_LOG][2018-06-12 04:57:25,713][INFO][is_hybird()] android.permission.BATTERY_STATS
[INTERNAL_LOG][2018-06-12 04:57:25,713][INFO][is_hybird()] com.google.android.finsky.permission.BIND_GET_INSTALL_REFERRER_SERVICE
[INTERNAL_LOG][2018-06-12 04:57:25,713][INFO][is_hybird()] android.permission.MOUNT_UNMOUNT_FILESYSTEMS
[INTERNAL_LOG][2018-06-12 04:57:25,713][INFO][is_hybird()] [Permission End]

[INTERNAL_LOG][2018-06-12 04:57:25,714][INFO][analyze_start()] TYPE APK: [ANDROID NATIVE]

[INTERNAL_LOG][2018-06-12 04:57:25,714][INFO][find_string()] [START FILE ANALYZE]
[INTERNAL_LOG][2018-06-12 04:57:25,714][INFO][find_string()] [END ANALYZE FILE]

[INTERNAL_LOG][2018-06-12 04:57:25,714][INFO][find_string()] [START FILE ANALYZE]
[INTERNAL_LOG][2018-06-12 04:57:25,714][INFO][find_string()] [END ANALYZE FILE]

[INTERNAL_LOG][2018-06-12 04:57:54,740][INFO][find_url_in_apk()] [START ALL URL INSIDE APK]
[INTERNAL_LOG][2018-06-12 04:57:54,740][INFO][find_url_in_apk()] http://schemas.android.com/apk/res/android
https://logger.9apps.com/logger/screensdk/access
https://app.adjust.com
https://app.adjust.com
https://app.adjust.com
https://api.appsflyer.com/install_data/v3/
https://t.appsflyer.com/api/v
https://events.appsflyer.com/api/v
https://register.appsflyer.com/api/v
https://validate.appsflyer.com/api/v
https://stats.appsflyer.com/stats
https://sdk-services.appsflyer.com/validate-android-signature
https://monitorsdk.appsflyer.com/remote-debug?app_id=
https://graph.%s
https://graph-video.%s
https://facebook.com
https://facebook.com/device?user_code=%1$s&qr=1
http://hostname/
http://hostname/?
https://pubads.g.doubleclick.net/activity;dc_iu=
https://pubads.g.doubleclick.net/activity;xsp=
https://www.googleadservices.com/pagead/conversion/
https://www.googleadservices.com/pagead/conversion/
http://plus.google.com/
https://pagead2.googlesyndication.com/pagead/gen_204?id=gmob-apps
https://accounts.google.com
https://www.facebook.com
https://www.googleapis.com/auth/games
https://www.googleapis.com/auth/games
https://www.googleapis.com/auth/games
https://www.googleapis.com/auth/games
https://plus.google.com/
https://www.googleapis.com/auth/games_lite
https://www.googleapis.com/auth/games.firstparty
https://www.googleapis.com/auth/games.firstparty
https://app-measurement.com/a
https://www.google.com
https://www.google.com
http://www.example.com
http://www.example.com
https://googleads.g.doubleclick.net/mads/static/mad/sdk/native/sdk-core-v40.html
https://googleads.g.doubleclick.net/mads/static/mad/sdk/native/mraid/v2/mraid_app_banner.js
https://googleads.g.doubleclick.net/mads/static/mad/sdk/native/mraid/v2/mraid_app_expanded_banner.js
https://googleads.g.doubleclick.net/mads/static/mad/sdk/native/mraid/v2/mraid_app_interstitial.js
https://csi.gstatic.com/csi
https://googleads.g.doubleclick.net/mads/static/mad/sdk/native/native_ads.html
https://googleads.g.doubleclick.net/mads/static/mad/sdk/native/native_video_ads.html
https://www.google.com/dfp/linkDevice
https://www.google.com/dfp/inAppPreview
https://www.google.com/dfp/debugSignals
https://www.google.com/dfp/sendDebugData
https://pagead2.googlesyndication.com/pagead/gen_204
http://www.google.com
https://support.google.com/dfp_premium/answer/7160685#push
https://www.googleapis.com/auth/plus.login
https://www.googleapis.com/auth/plus.me
http://schemas.android.com/apk/lib/com.google.android.gms.plus
http://schemas.android.com/apk/lib/com.google.android.gms.plus
http://metadata/computeMetadata/v1/instance/service-accounts/default/token
http://metadata/computeMetadata/v1/instance/service-accounts/default/token
http://metadata/computeMetadata/v1/instance/service-accounts/default/token
https://developers.google.com/accounts/docs/application-default-credentials
https://accounts.google.com/o/oauth2/token
https://accounts.google.com/o/oauth2/token
https://accounts.google.com/o/oauth2/token
https://accounts.google.com/o/oauth2/token
https://accounts.google.com/o/oauth2/token
https://accounts.google.com/o/oauth2/token
https://accounts.google.com/o/oauth2/auth
https://accounts.google.com/o/oauth2/auth
https://accounts.google.com/o/oauth2/auth
https://accounts.google.com/o/oauth2/auth
https://www.googleapis.com/oauth2/v1/certs
http://metadata.google.internal
http://metadata.google.internal
https://www.googleapis.com/batch
http://google.com/
https://www.googleapis.com/
https://www.googleapis.com/auth/youtube
https://www.googleapis.com/auth/youtube
https://www.googleapis.com/auth/youtube.readonly
https://www.googleapis.com/auth/youtube.upload
https://www.googleapis.com/auth/youtubepartner
https://www.googleapis.com/auth/youtubepartner
https://www.googleapis.com/auth/youtubepartner-channel-audit
https://play.google.com/store/apps/details?id=
https://play.google.com/store/apps/details?id=
https://play.google.com/store/apps/details?id=
http://localhost/
http://www.cs30.net/elva/IM/elvaM.aspx?k=
http://cs30.net/elva/IM/elvaM.aspx?k=
https://cs30.net/elva/api/init
http://cs30.net/elva/api/init
https://cs30.net/elva/api/crmtoken
http://cs30.net/elva/api/crmtoken
https://cs30.net/elva/km/faq.aspx?id=
https://cs30.net/elva/mFAQ/Naval.aspx
https://cs30.net/elva/api/elvaapi
https://cs30.net/elva/mFAQ/show.aspx
http://pv.sohu.com/cityjson?ie=utf-8
http://www.youtube.com/watch?v=
https://www.googleapis.com/auth/youtube.force-ssl
http://vk.com/images/community_50.gif
http://vk.com/images/community_100.gif
http://vk.com/images/s_noalbum.png
http://vk.com/images/m_noalbum.png
http://vk.com/images/x_noalbum.png
http://vk.com/images/camera_c.gif
http://vk.com/images/camera_c.gif
http://vk.com/images/camera_c.gif
http://vk.com/images/camera_b.gif
http://vk.com/images/camera_b.gif
http://vk.com/images/camera_b.gif
http://vk.com/images/camera_a.gif
http://vk.com/images/camera_a.gif
http://vk.com/images/camera_a.gif
https://oauth.vk.com/blank.html
https://oauth.vk.com/blank.html
https://oauth.vk.com/authorize?client_id=%s&scope=%s&redirect_uri=%s&display=mobile&v=%s&response_type=token&revoke=%d

[INTERNAL_LOG][2018-06-12 04:57:54,740][INFO][find_url_in_apk()] [END ALL URL INSIDE APK]
[INTERNAL_LOG][2018-06-12 04:57:54,746][INFO][check_method_conf()] [JavaScript enabled: True]

[INTERNAL_LOG][2018-06-12 04:57:54,746][INFO][check_method_conf()] [Add interface WebView: True]

[INTERNAL_LOG][2018-06-12 04:57:54,746][INFO][analyze_start()] This app might be not vulnerable on  attack frame confusion.
[INTERNAL_LOG][2018-06-12 04:57:54,747][INFO][analyze_start()] End time:[Tue Jun 12 04:57:54 2018]
