[INTERNAL_LOG][2018-06-12 08:14:12,779][INFO][analyze_start()] Init Time [Tue Jun 12 08:14:12 2018]
[INTERNAL_LOG][2018-06-12 08:14:12,867][INFO][run()] Start Analysis
[INTERNAL_LOG][2018-06-12 08:14:12,867][INFO][is_hybird()] [Permission Enble Start]
[INTERNAL_LOG][2018-06-12 08:14:12,868][INFO][is_hybird()] android.permission.INTERNET
[INTERNAL_LOG][2018-06-12 08:14:12,868][INFO][is_hybird()] android.permission.ACCESS_NETWORK_STATE
[INTERNAL_LOG][2018-06-12 08:14:12,868][INFO][is_hybird()] android.permission.READ_EXTERNAL_STORAGE
[INTERNAL_LOG][2018-06-12 08:14:12,868][INFO][is_hybird()] android.permission.RECEIVE_BOOT_COMPLETED
[INTERNAL_LOG][2018-06-12 08:14:12,868][INFO][is_hybird()] android.permission.WAKE_LOCK
[INTERNAL_LOG][2018-06-12 08:14:12,868][INFO][is_hybird()] android.permission.DOWNLOAD_WITHOUT_NOTIFICATION
[INTERNAL_LOG][2018-06-12 08:14:12,868][INFO][is_hybird()] android.permission.REQUEST_INSTALL_PACKAGES
[INTERNAL_LOG][2018-06-12 08:14:12,868][INFO][is_hybird()] com.facebook.moments.permission.CROSS_PROCESS_BROADCAST_MANAGER
[INTERNAL_LOG][2018-06-12 08:14:12,868][INFO][is_hybird()] android.permission.ACCESS_WIFI_STATE
[INTERNAL_LOG][2018-06-12 08:14:12,868][INFO][is_hybird()] com.facebook.receiver.permission.ACCESS
[INTERNAL_LOG][2018-06-12 08:14:12,868][INFO][is_hybird()] android.permission.GET_ACCOUNTS
[INTERNAL_LOG][2018-06-12 08:14:12,868][INFO][is_hybird()] com.sec.android.provider.badge.permission.READ
[INTERNAL_LOG][2018-06-12 08:14:12,868][INFO][is_hybird()] com.sec.android.provider.badge.permission.WRITE
[INTERNAL_LOG][2018-06-12 08:14:12,868][INFO][is_hybird()] com.htc.launcher.permission.READ_SETTINGS
[INTERNAL_LOG][2018-06-12 08:14:12,868][INFO][is_hybird()] com.htc.launcher.permission.UPDATE_SHORTCUT
[INTERNAL_LOG][2018-06-12 08:14:12,868][INFO][is_hybird()] com.sonyericsson.home.permission.BROADCAST_BADGE
[INTERNAL_LOG][2018-06-12 08:14:12,868][INFO][is_hybird()] android.permission.WRITE_EXTERNAL_STORAGE
[INTERNAL_LOG][2018-06-12 08:14:12,868][INFO][is_hybird()] android.permission.VIBRATE
[INTERNAL_LOG][2018-06-12 08:14:12,868][INFO][is_hybird()] com.google.android.c2dm.permission.RECEIVE
[INTERNAL_LOG][2018-06-12 08:14:12,868][INFO][is_hybird()] com.facebook.moments.permission.C2D_MESSAGE
[INTERNAL_LOG][2018-06-12 08:14:12,868][INFO][is_hybird()] com.facebook.katana.provider.ACCESS
[INTERNAL_LOG][2018-06-12 08:14:12,868][INFO][is_hybird()] com.facebook.wakizashi.provider.ACCESS
[INTERNAL_LOG][2018-06-12 08:14:12,868][INFO][is_hybird()] com.facebook.permission.prod.FB_APP_COMMUNICATION
[INTERNAL_LOG][2018-06-12 08:14:12,869][INFO][is_hybird()] com.facebook.moments.permission.RECEIVE_ADM_MESSAGE
[INTERNAL_LOG][2018-06-12 08:14:12,869][INFO][is_hybird()] com.amazon.device.messaging.permission.RECEIVE
[INTERNAL_LOG][2018-06-12 08:14:12,869][INFO][is_hybird()] com.facebook.moments.permission.C2D_MESSAGE
[INTERNAL_LOG][2018-06-12 08:14:12,869][INFO][is_hybird()] com.nokia.pushnotifications.permission.RECEIVE
[INTERNAL_LOG][2018-06-12 08:14:12,869][INFO][is_hybird()] [Permission End]

[INTERNAL_LOG][2018-06-12 08:14:12,869][INFO][analyze_start()] TYPE APK: [ANDROID NATIVE]

[INTERNAL_LOG][2018-06-12 08:14:12,869][INFO][find_string()] [START FILE ANALYZE]
[INTERNAL_LOG][2018-06-12 08:14:12,869][INFO][find_string()] File: assets/ccu_learn_more.html
[INTERNAL_LOG][2018-06-12 08:14:12,870][INFO][find_string()] No iframe in assets/ccu_learn_more.html
[INTERNAL_LOG][2018-06-12 08:14:12,870][INFO][find_string()] File: assets/grouping_learn_more.html
[INTERNAL_LOG][2018-06-12 08:14:12,871][INFO][find_string()] No iframe in assets/grouping_learn_more.html
[INTERNAL_LOG][2018-06-12 08:14:12,871][INFO][find_string()] File: assets/licences.html
[INTERNAL_LOG][2018-06-12 08:14:12,871][INFO][find_string()] No iframe in assets/licences.html
[INTERNAL_LOG][2018-06-12 08:14:12,871][INFO][find_string()] File: assets/privacy_policy.html
[INTERNAL_LOG][2018-06-12 08:14:12,904][INFO][find_string()] No iframe in assets/privacy_policy.html
[INTERNAL_LOG][2018-06-12 08:14:12,913][INFO][find_string()] File: assets/terms_of_service.html
[INTERNAL_LOG][2018-06-12 08:14:12,914][INFO][find_string()] No iframe in assets/terms_of_service.html
[INTERNAL_LOG][2018-06-12 08:14:12,914][INFO][find_string()] File: assets/warning_template.html
[INTERNAL_LOG][2018-06-12 08:14:12,916][INFO][find_string()] No iframe in assets/warning_template.html
[INTERNAL_LOG][2018-06-12 08:14:12,917][INFO][find_string()] [END ANALYZE FILE]

[INTERNAL_LOG][2018-06-12 08:14:12,917][INFO][find_string()] [START FILE ANALYZE]
[INTERNAL_LOG][2018-06-12 08:14:12,917][INFO][find_string()] File: assets/StorylineNarrativeEngineAppBundle.js
[INTERNAL_LOG][2018-06-12 08:14:30,987][INFO][find_string()] No iframe in assets/StorylineNarrativeEngineAppBundle.js
[INTERNAL_LOG][2018-06-12 08:14:30,987][INFO][find_string()] File: assets/warning.js
[INTERNAL_LOG][2018-06-12 08:14:30,988][INFO][find_string()] No iframe in assets/warning.js
[INTERNAL_LOG][2018-06-12 08:14:30,988][INFO][find_string()] [END ANALYZE FILE]

[INTERNAL_LOG][2018-06-12 08:16:48,421][ERROR][find_url_in_apk()] Exception during find url in apk 'tmp69'
[INTERNAL_LOG][2018-06-12 08:16:48,607][INFO][find_url_in_apk()] [START URL LOADED INSIDE LOAD FUNCTION]
[INTERNAL_LOG][2018-06-12 08:16:48,608][INFO][find_url_in_apk()] https://m.facebook.com/legal/thirdpartynotices

[INTERNAL_LOG][2018-06-12 08:16:48,608][INFO][find_url_in_apk()] [END URL LOADED INSIDE LOAD FUNCTION]
[INTERNAL_LOG][2018-06-12 08:16:48,849][ERROR][download_page_loaded()] Failed response code: 404 for https://m.facebook.com/legal/thirdpartynotices  
[INTERNAL_LOG][2018-06-12 08:16:48,851][INFO][find_string()] [START REMOTE FILE ANALYZE]
[INTERNAL_LOG][2018-06-12 08:16:48,851][INFO][find_string()] [END ANALYZE FILE]

[INTERNAL_LOG][2018-06-12 08:16:48,851][INFO][find_url_in_apk()] [START ALL URL INSIDE APK]
[INTERNAL_LOG][2018-06-12 08:16:48,851][INFO][find_url_in_apk()] http://www.android.com/
http://java.sun.com/dtd/properties.dtd
https://b-api.facebook.com/method/logging.clientevent
https://m.facebook.com/mobile_builds
https://market.android.com/details?id=com.facebook.moments
https://www.m-freeway.com/mobile/generic_android_crash_logs/
https://www.facebook.com/mobile/generic_android_crash_logs/
https://fburl.com/callsitedefault
http://m.facebook.com
http://m.facebook.com
http://www1.cleanwaterpriority.org/w_mf_in_801?,https://0.freebasics.com/
https://173.252.112.83:443/favicon.ico?_iptest_timeout=15000&_iptest_expected_rc=200
http://facebook.com
http://facebook.com
https://m.mybonfire.com/download_bonfire
https://lithium.facebook.com/lithium/stream
https://m.facebook.com/work/terms/nav
https://m.facebook.com/onthisday/preferences/?source=permalink
https://m.facebook.com/onthisday/notification/settings/?source=permalink
https://m.facebook.com/order_tracking
https://m.facebook.com/jobs?source=%s
https://b-api.facebook.com
https://b-graph.facebook.com
https://b-graph.secure.facebook.com
https://m.facebook.com/help/contact/.*
https://m.facebook.com/groups/create/.*
https://m.facebook.com/.*/about.*
https://m.facebook.com/timeline/app_section/.*
https://android.googleapis.com/gcm/send
https://api.amazon.com/messaging/registrations/
https://nnapi.ovi.com/nnapi/2.0/send
https://www.facebook.com/
https://www.facebook.com/
https://pagead2.googlesyndication.com/pagead/gen_204?id=gmob-apps
https://www.facebook.com/mobileassets/facedetection
https://m.facebook.com/r.php
https://m.facebook.com/recover/initiate
https://graph.facebook.com/%s/picture?type=large
https://our.intern.facebook.com/intern/feedtools/feed_debugger?uid=
http://m.facebook.com/about/privacy
https://api.
https://graph.
https://graph-video.
https://graph.secure.
https://secure.
http://h.
https://m.
https://graph.%s
https://graph-video.%s
https://facebook.com
https://www.facebook.com/help/1710719789144492
https://www.facebook.com/help/messenger-app/1573402819647115/
https://m.facebook.com/terms.php
https://m.facebook.com/about/privacy/
https://www.googleapis.com/auth/games
https://graph.facebook.com/v2.2/geocoder
https://www.facebook.com/maps/provider_by_viewport?
http://schemas.android.com/apk/facebook
http://schemas.android.com/apk/facebook
http://schemas.android.com/apk/facebook
https://www.facebook.com/maps/report/?
https://maps.googleapis.com/maps/api/staticmap?
https://www.facebook.com/images/here_maps/here_maps_logo_64px.png
https://www.facebook.com/images/here_maps/here_maps_logo_32px.png
https://graph.facebook.com/v2.2/maps_configs?fields=base_url,static_base_url,osm_config,url_override_config&pretty=0&access_token=
https://www.facebook.com/maps/tile/?
https://www.facebook.com/maps/static/?
https://maps.instagram.com/maps/tile/?
https://maps.instagram.com/maps/static/?
https://expresswifi.com/maps/tile/?
https://expresswifi.com/maps/static/?
https://graph.instagram.com/maps_configs?fields=base_url,static_base_url,osm_config,url_override_config&pretty=0&access_token=
https://graph.whatsapp.net/v2.2/maps_configs?fields=base_url,static_base_url,osm_config,url_override_config&pretty=0&access_token=
https://mts1.google.com/vt/lyrs=m&src=app&s=G&scale=
https://dev503.prn2.facebook.com:8085/?width=
http://1.base.maps.cit.api.here.com/maptile/2.1/maptile/newest/normal.day/
http://api.tiles.mapbox.com/v4/kunalb.ipim2pep/
https://facebook.com/
https://facebook.com/
https://connect.facebook.net/en_US/fbevents.js
https://www.facebook.com/tr?
https://www.facebook.com/tr/?
https://www.google-analytics.com/analytics.js
https://www.google-analytics.com/r/collect?
https://www.google-analytics.com/r/collect/?
https://our.intern.facebook.com/intern/iab/bh/warning/
https://our.intern.facebook.com/intern/iab/bh/warning/
https://our.intern.facebook.com/intern/iab/sb/warning/
https://developers.google.com/safe-browsing/v4/advisory
https://www.facebook.com/help/713015355575644?ref=fb4a_iab
http://portal.fb.com/mobile/status.php
http://www.facebook.com/
http://www.facebook.com/
http://www.facebook.com/moments_app/suggestions_learn_more
https://m.facebook.com/login/identify?ctx=recover
https://m.facebook.com/help/moments/
https://m.facebook.com/help/moments/
https://m.facebook.com/help/moments/
https://m.facebook.com/legal/terms
https://m.facebook.com/about/privacy
https://m.facebook.com/about/privacy
https://m.yougeapp.com/apps/moments/f/
https://www.facebook.com/help/moments/326823384374300
https://www.facebook.com/legal/terms
https://m.facebook.com/legal/thirdpartynotices
https://lookaside.facebook.com/assets/
https://m.facebook.com/
http://m.facebook.com/
http://facebook.com/
https://our.intern.facebook.com/

[INTERNAL_LOG][2018-06-12 08:16:48,852][INFO][find_url_in_apk()] [END ALL URL INSIDE APK]
[INTERNAL_LOG][2018-06-12 08:16:48,864][INFO][check_method_conf()] [JavaScript enabled: True]

[INTERNAL_LOG][2018-06-12 08:16:48,864][INFO][check_method_conf()] [Add interface WebView: True]

[INTERNAL_LOG][2018-06-12 08:16:48,864][INFO][analyze_start()] This app might be not vulnerable on  attack frame confusion.
[INTERNAL_LOG][2018-06-12 08:16:48,865][INFO][analyze_start()] End time:[Tue Jun 12 08:16:48 2018]
