[INTERNAL_LOG][2018-06-12 09:31:33,292][INFO][analyze_start()] Init Time [Tue Jun 12 09:31:33 2018]
[INTERNAL_LOG][2018-06-12 09:31:33,337][INFO][run()] Start Analysis
[INTERNAL_LOG][2018-06-12 09:31:33,338][INFO][is_hybird()] [Permission Enble Start]
[INTERNAL_LOG][2018-06-12 09:31:33,338][INFO][is_hybird()] android.permission.INTERNET
[INTERNAL_LOG][2018-06-12 09:31:33,338][INFO][is_hybird()] android.permission.ACCESS_NETWORK_STATE
[INTERNAL_LOG][2018-06-12 09:31:33,338][INFO][is_hybird()] android.permission.WRITE_EXTERNAL_STORAGE
[INTERNAL_LOG][2018-06-12 09:31:33,338][INFO][is_hybird()] android.permission.UNINSTALL_PACKAGES
[INTERNAL_LOG][2018-06-12 09:31:33,338][INFO][is_hybird()] android.permission.ACCESS_COARSE_LOCATION
[INTERNAL_LOG][2018-06-12 09:31:33,338][INFO][is_hybird()] android.permission.ACCESS_FINE_LOCATION
[INTERNAL_LOG][2018-06-12 09:31:33,338][INFO][is_hybird()] android.permission.ACCESS_WIFI_STATE
[INTERNAL_LOG][2018-06-12 09:31:33,338][INFO][is_hybird()] android.permission.CHANGE_WIFI_STATE
[INTERNAL_LOG][2018-06-12 09:31:33,338][INFO][is_hybird()] android.permission.VIBRATE
[INTERNAL_LOG][2018-06-12 09:31:33,338][INFO][is_hybird()] com.google.android.gms.permission.ACTIVITY_RECOGNITION
[INTERNAL_LOG][2018-06-12 09:31:33,338][INFO][is_hybird()] com.google.android.providers.gsf.permission.READ_GSERVICES
[INTERNAL_LOG][2018-06-12 09:31:33,338][INFO][is_hybird()] android.permission.GET_TASKS
[INTERNAL_LOG][2018-06-12 09:31:33,338][INFO][is_hybird()] android.permission.READ_EXTERNAL_STORAGE
[INTERNAL_LOG][2018-06-12 09:31:33,338][INFO][is_hybird()] android.permission.WAKE_LOCK
[INTERNAL_LOG][2018-06-12 09:31:33,338][INFO][is_hybird()] com.google.android.c2dm.permission.RECEIVE
[INTERNAL_LOG][2018-06-12 09:31:33,338][INFO][is_hybird()] com.springwalk.mediaconverter.permission.C2D_MESSAGE
[INTERNAL_LOG][2018-06-12 09:31:33,339][INFO][is_hybird()] [Permission End]

[INTERNAL_LOG][2018-06-12 09:31:33,339][INFO][analyze_start()] TYPE APK: [ANDROID NATIVE]

[INTERNAL_LOG][2018-06-12 09:31:33,339][INFO][find_string()] [START FILE ANALYZE]
[INTERNAL_LOG][2018-06-12 09:31:33,339][INFO][find_string()] File: assets/mobfox.html
[INTERNAL_LOG][2018-06-12 09:31:33,339][INFO][find_string()] No iframe in assets/mobfox.html
[INTERNAL_LOG][2018-06-12 09:31:33,340][INFO][find_string()] File: mobfox.html
[INTERNAL_LOG][2018-06-12 09:31:33,340][INFO][find_string()] No iframe in mobfox.html
[INTERNAL_LOG][2018-06-12 09:31:33,340][INFO][find_string()] [END ANALYZE FILE]

[INTERNAL_LOG][2018-06-12 09:31:33,340][INFO][find_string()] [START FILE ANALYZE]
[INTERNAL_LOG][2018-06-12 09:31:33,340][INFO][find_string()] File: WebViewJavascriptBridge.js
[INTERNAL_LOG][2018-06-12 09:31:33,341][INFO][find_string()] No iframe in WebViewJavascriptBridge.js
[INTERNAL_LOG][2018-06-12 09:31:33,341][INFO][find_string()] File: ad.js
[INTERNAL_LOG][2018-06-12 09:31:33,373][INFO][find_string()] No iframe in ad.js
[INTERNAL_LOG][2018-06-12 09:31:33,373][INFO][find_string()] File: assets/WebViewJavascriptBridge.js
[INTERNAL_LOG][2018-06-12 09:31:33,374][INFO][find_string()] No iframe in assets/WebViewJavascriptBridge.js
[INTERNAL_LOG][2018-06-12 09:31:33,374][INFO][find_string()] File: assets/ad.js
[INTERNAL_LOG][2018-06-12 09:31:33,398][INFO][find_string()] No iframe in assets/ad.js
[INTERNAL_LOG][2018-06-12 09:31:33,398][INFO][find_string()] File: assets/mmadsdk/actionsQueue.js
[INTERNAL_LOG][2018-06-12 09:31:33,399][INFO][find_string()] No iframe in assets/mmadsdk/actionsQueue.js
[INTERNAL_LOG][2018-06-12 09:31:33,399][INFO][find_string()] File: assets/mmadsdk/mm.js
[INTERNAL_LOG][2018-06-12 09:31:33,401][INFO][find_string()] No iframe in assets/mmadsdk/mm.js
[INTERNAL_LOG][2018-06-12 09:31:33,401][INFO][find_string()] File: assets/mmadsdk/mraid.js
[INTERNAL_LOG][2018-06-12 09:31:33,424][INFO][find_string()] No iframe in assets/mmadsdk/mraid.js
[INTERNAL_LOG][2018-06-12 09:31:33,429][INFO][find_string()] File: assets/mmadsdk/vpaid.js
[INTERNAL_LOG][2018-06-12 09:31:34,251][INFO][find_string()] No iframe in assets/mmadsdk/vpaid.js
[INTERNAL_LOG][2018-06-12 09:31:34,267][INFO][find_string()] [END ANALYZE FILE]

[INTERNAL_LOG][2018-06-12 09:31:55,576][INFO][find_url_in_apk()] [START ALL URL INSIDE APK]
[INTERNAL_LOG][2018-06-12 09:31:55,576][INFO][find_url_in_apk()] http://schemas.android.com/apk/res/android
http://mobile-android.lfstmedia.com/m2/slot
http://mobile-android.lfstmedia.com/m2/slot
http://hostname/?
http://hostname/?
http://www.google-analytics.com
https://ssl.google-analytics.com
http://plus.google.com/
http://www.example.com
http://www.example.com
https://googleads.g.doubleclick.net/mads/static/mad/sdk/native/sdk-core-v40.html
https://googleads.g.doubleclick.net/mads/static/mad/sdk/native/mraid/v2/mraid_app_banner.js
https://googleads.g.doubleclick.net/mads/static/mad/sdk/native/mraid/v2/mraid_app_expanded_banner.js
https://googleads.g.doubleclick.net/mads/static/mad/sdk/native/mraid/v2/mraid_app_interstitial.js
https://csi.gstatic.com/csi
https://sb-ssl.google.com/safebrowsing/clientreport/malware
https://pagead2.googlesyndication.com/pagead/gen_204
http://www.google.com
https://goo.gl/FZRIUV
https://app-measurement.com/a
https://www.googletagmanager.com
https://mobilecrashreporting.googleapis.com/v1/crashes:batchCreate?key=
http://schemas.android.com/apk/lib/com.inmobi.ads
https://i.l.inmobicdn.net/sdk/sdk/500/android/mraid.js
http://i.w.inmobi.com/showad.asm
https://sdktm.w.inmobi.com/sdkpubreq
http://www.inmobi.com/products/sdk/#downloads
http://config.inmobi.com/config-server/v1/config/secure.cfg
https://sdkm.w.inmobi.com/metrics/e.asm?v=1&
https://www.facebook.com/dialog/feed?app_id=181821551957328&link=
https://m.google.com/app/plus/x/?v=compose&content=
http://twitter.com/home?status=
http://dock.inmobi.com/carb/v1/i
http://dock.inmobi.com/carb/v1/o
https://sdkm.w.inmobi.com/user/e.asm
http://mobile.lfstmedia.com/android/install
http://mobile-android.lfstmedia.com/sdkerror
https://ads.nexage.com
http://xmlpull.org/v1/doc/features.html#process-namespaces
https://z.moatads.com/
https://z.moatads.com/
https://dmp.starbolt.io/logger.json
https://sdk.starbolt.io/waterfalls.json
http://xad.adlibr.com/ad/native/demo
http://xad.adlibr.com/ad/native/demo
http://gwk.adlibr.com/ad/config/init
https://analytics.mopub.com/i/jot/exchange_client_event
https://twitter.com/%s/status/%s
https://www.mopub.com/optout
https://www.mopub.com/optout/
https://www.mopub.com/optout/
https://app.getsentry.com:443
https://app.getsentry.com:443
https://app.getsentry.com:443/api/43633/store/
http://soma.smaato.net/oapi/reqAd.jsp?
http://avr2.smaato.net/report2?
http://i.xx.openx.com/ef3/ef31c13c898edcdfc73feb3c0193b64bcfa70082/754/7544eb4e2c8cb99b125559b8846ce948_2.jpeg
http://www.smaato.com
http://www.smaato.com
http://smaato-android-sdk.s3.amazonaws.com/x.png
http://onesto.re/0000650126
http://m.tubemate.net
http://mp3-video-converter.en.uptodown.com/android

[INTERNAL_LOG][2018-06-12 09:31:55,576][INFO][find_url_in_apk()] [END ALL URL INSIDE APK]
[INTERNAL_LOG][2018-06-12 09:31:55,586][INFO][check_method_conf()] [JavaScript enabled: True]

[INTERNAL_LOG][2018-06-12 09:31:55,586][INFO][check_method_conf()] [Add interface WebView: True]

[INTERNAL_LOG][2018-06-12 09:31:55,586][INFO][analyze_start()] This app might be not vulnerable on  attack frame confusion.
[INTERNAL_LOG][2018-06-12 09:31:55,586][INFO][analyze_start()] End time:[Tue Jun 12 09:31:55 2018]
