[INTERNAL_LOG][2018-06-12 09:03:51,184][INFO][analyze_start()] Init Time [Tue Jun 12 09:03:51 2018]
[INTERNAL_LOG][2018-06-12 09:03:51,376][INFO][run()] Start Analysis
[INTERNAL_LOG][2018-06-12 09:03:51,377][INFO][is_hybird()] [Permission Enble Start]
[INTERNAL_LOG][2018-06-12 09:03:51,377][INFO][is_hybird()] android.permission.GET_TASKS
[INTERNAL_LOG][2018-06-12 09:03:51,377][INFO][is_hybird()] com.android.vending.CHECK_LICENSE
[INTERNAL_LOG][2018-06-12 09:03:51,377][INFO][is_hybird()] android.permission.WAKE_LOCK
[INTERNAL_LOG][2018-06-12 09:03:51,377][INFO][is_hybird()] android.permission.INTERNET
[INTERNAL_LOG][2018-06-12 09:03:51,377][INFO][is_hybird()] android.permission.ACCESS_NETWORK_STATE
[INTERNAL_LOG][2018-06-12 09:03:51,377][INFO][is_hybird()] android.permission.ACCESS_WIFI_STATE
[INTERNAL_LOG][2018-06-12 09:03:51,377][INFO][is_hybird()] com.android.vending.BILLING
[INTERNAL_LOG][2018-06-12 09:03:51,377][INFO][is_hybird()] com.google.android.c2dm.permission.RECEIVE
[INTERNAL_LOG][2018-06-12 09:03:51,378][INFO][is_hybird()] android.permission.VIBRATE
[INTERNAL_LOG][2018-06-12 09:03:51,378][INFO][is_hybird()] com.parse.parseunitypushsample.permission.C2D_MESSAGE
[INTERNAL_LOG][2018-06-12 09:03:51,378][INFO][is_hybird()] android.permission.RECEIVE_BOOT_COMPLETED
[INTERNAL_LOG][2018-06-12 09:03:51,378][INFO][is_hybird()] spilsdk.provider.READ
[INTERNAL_LOG][2018-06-12 09:03:51,378][INFO][is_hybird()] com.google.android.finsky.permission.BIND_GET_INSTALL_REFERRER_SERVICE
[INTERNAL_LOG][2018-06-12 09:03:51,378][INFO][is_hybird()] [Permission End]

[INTERNAL_LOG][2018-06-12 09:03:51,378][INFO][analyze_start()] TYPE APK: [ANDROID NATIVE]

[INTERNAL_LOG][2018-06-12 09:03:51,378][INFO][find_string()] [START FILE ANALYZE]
[INTERNAL_LOG][2018-06-12 09:03:51,378][INFO][find_string()] File: com/androidquery/util/web_image.html
[INTERNAL_LOG][2018-06-12 09:03:51,379][INFO][find_string()] No iframe in com/androidquery/util/web_image.html
[INTERNAL_LOG][2018-06-12 09:03:51,379][INFO][find_string()] [END ANALYZE FILE]

[INTERNAL_LOG][2018-06-12 09:03:51,379][INFO][find_string()] [START FILE ANALYZE]
[INTERNAL_LOG][2018-06-12 09:03:51,379][INFO][find_string()] [END ANALYZE FILE]

[INTERNAL_LOG][2018-06-12 09:04:25,727][INFO][find_url_in_apk()] [START URL LOADED INSIDE LOAD FUNCTION]
[INTERNAL_LOG][2018-06-12 09:04:25,727][INFO][find_url_in_apk()] https://support.spilgames.com/hc/en-us

[INTERNAL_LOG][2018-06-12 09:04:25,727][INFO][find_url_in_apk()] [END URL LOADED INSIDE LOAD FUNCTION]
[INTERNAL_LOG][2018-06-12 09:04:26,688][INFO][find_string()] [START REMOTE FILE ANALYZE]
[INTERNAL_LOG][2018-06-12 09:04:26,688][INFO][find_string()] Remote File in: temp_html_code/html_downloaded_My Dolphin Show by Spil Games - com/en-us
[INTERNAL_LOG][2018-06-12 09:04:26,688][INFO][find_string()] URL: https://support.spilgames.com/hc/en-us
[INTERNAL_LOG][2018-06-12 09:04:26,695][INFO][find_string()] No iframe in temp_html_code/html_downloaded_My Dolphin Show by Spil Games - com/en-us
[INTERNAL_LOG][2018-06-12 09:04:26,695][INFO][find_string()] [END ANALYZE FILE]

[INTERNAL_LOG][2018-06-12 09:04:26,695][INFO][find_url_in_apk()] [START ALL URL INSIDE APK]
[INTERNAL_LOG][2018-06-12 09:04:26,696][INFO][find_url_in_apk()] http://schemas.android.com/apk/res/android
https://mobile-static.adsafeprotected.com/avid-v2.js
https://adc3-launch-server-staging.herokuapp.com/v4/launch
https://adc3-launch.adcolony.com/v4/launch
https://adc3-launch.adcolony.com/v4/launch
https://wd.adcolony.com/logs
https://app.adjust.com
https://app.adjust.com
https://androidquery.appspot.com
https://live.chartboost.com
http://market.android.com/
http://xmlpull.org/v1/doc/features.html#indent-output
http://xmlpull.org/v1/doc/features.html#indent-output
https://www.facebook.com/audience_network/server_side_reward
https://www.%s.facebook.com/audience_network/server_side_reward
https://graph.facebook.com/network_ads_common
https://graph.%s.facebook.com/network_ads_common
https://www.facebook.com/adnw_logging/
https://www.%s.facebook.com/adnw_logging/
https://www.facebook.com/
https://www.%s.facebook.com
http://play.google.com/store/apps/
http://www.facebook.com
https://pagead2.googlesyndication.com/pagead/gen_204?id=gmob-apps
http://hostname/?
http://hostname/?
https://accounts.google.com
https://www.facebook.com
https://www.googleapis.com/auth/games_lite
https://www.googleapis.com/auth/games_lite
https://www.googleapis.com/auth/games_lite
https://www.googleapis.com/auth/games
https://www.googleapis.com/auth/games
https://www.googleapis.com/auth/games
https://accounts.google.com/o/oauth2/revoke?token=
https://plus.google.com/
https://www.googleapis.com/auth/drive.file
https://www.googleapis.com/auth/drive.appdata
https://www.googleapis.com/auth/drive
https://www.googleapis.com/auth/drive.apps
https://www.googleapis.com/auth/games.firstparty
https://www.googleapis.com/auth/games.firstparty
https://pagead2.googlesyndication.com/pagead/gen_204
http://www.google.com
https://support.google.com/dfp_premium/answer/7160685#push
http://www.google-analytics.com
https://ssl.google-analytics.com
http://www.example.com
http://www.example.com
https://googleads.g.doubleclick.net/mads/static/mad/sdk/native/sdk-core-v40.html
https://googleads.g.doubleclick.net/mads/static/mad/sdk/native/production/sdk-core-v40-impl.js
https://googleads.g.doubleclick.net/mads/static/mad/sdk/native/mraid/v2/mraid_app_banner.js
https://googleads.g.doubleclick.net/mads/static/mad/sdk/native/mraid/v2/mraid_app_expanded_banner.js
https://googleads.g.doubleclick.net/mads/static/mad/sdk/native/mraid/v2/mraid_app_interstitial.js
https://csi.gstatic.com/csi
https://googleads.g.doubleclick.net/mads/static/mad/sdk/native/native_ads.html
https://googleads.g.doubleclick.net/mads/static/mad/sdk/native/production/native_ads.js
https://imasdk.googleapis.com/admob/sdkloader/native_video.html
https://www.google.com/dfp/linkDevice
https://www.google.com/dfp/inAppPreview
https://www.google.com/dfp/debugSignals
https://www.google.com/dfp/sendDebugData
https://www.googletagmanager.com
https://z.moatads.com/
https://www.google-analytics.com/collect?
https://www.veedi.com/mobile/v1.3/player/
https://www.veedi.com/mobile/v1.3/player/
https://www.veedi.com/mobile/v
https://goo.gl/zHzmXJ
https://goo.gl/zHzmXJ
https://support.spilgames.com/hc/en-us
https://config.unityads.unity3d.com/webview/
https://www.vungle.com/privacy/
https://www.vungle.com/privacy/
http://lol.vungle.com/
https://api.vungle.com/
https://ads.api.vungle.com/config

[INTERNAL_LOG][2018-06-12 09:04:26,696][INFO][find_url_in_apk()] [END ALL URL INSIDE APK]
[INTERNAL_LOG][2018-06-12 09:04:26,708][INFO][check_method_conf()] [JavaScript enabled: True]

[INTERNAL_LOG][2018-06-12 09:04:26,708][INFO][check_method_conf()] [Add interface WebView: True]

[INTERNAL_LOG][2018-06-12 09:04:26,708][INFO][analyze_start()] This app might be not vulnerable on  attack frame confusion.
[INTERNAL_LOG][2018-06-12 09:04:26,708][INFO][analyze_start()] End time:[Tue Jun 12 09:04:26 2018]
