[INTERNAL_LOG][2018-06-12 05:02:17,500][INFO][analyze_start()] Init Time [Tue Jun 12 05:02:17 2018]
[INTERNAL_LOG][2018-06-12 05:02:17,645][INFO][run()] Start Analysis
[INTERNAL_LOG][2018-06-12 05:02:17,646][INFO][is_hybird()] [Permission Enble Start]
[INTERNAL_LOG][2018-06-12 05:02:17,646][INFO][is_hybird()] android.permission.INTERNET
[INTERNAL_LOG][2018-06-12 05:02:17,646][INFO][is_hybird()] com.android.vending.BILLING
[INTERNAL_LOG][2018-06-12 05:02:17,646][INFO][is_hybird()] android.permission.ACCESS_NETWORK_STATE
[INTERNAL_LOG][2018-06-12 05:02:17,646][INFO][is_hybird()] android.permission.ACCESS_WIFI_STATE
[INTERNAL_LOG][2018-06-12 05:02:17,646][INFO][is_hybird()] android.permission.WRITE_EXTERNAL_STORAGE
[INTERNAL_LOG][2018-06-12 05:02:17,646][INFO][is_hybird()] android.permission.MODIFY_AUDIO_SETTINGS
[INTERNAL_LOG][2018-06-12 05:02:17,647][INFO][is_hybird()] android.permission.WAKE_LOCK
[INTERNAL_LOG][2018-06-12 05:02:17,647][INFO][is_hybird()] com.google.android.c2dm.permission.RECEIVE
[INTERNAL_LOG][2018-06-12 05:02:17,647][INFO][is_hybird()] com.bigbluebubble.singingmonsters.full.permission.C2D_MESSAGE
[INTERNAL_LOG][2018-06-12 05:02:17,647][INFO][is_hybird()] android.permission.RECORD_AUDIO
[INTERNAL_LOG][2018-06-12 05:02:17,647][INFO][is_hybird()] com.google.android.finsky.permission.BIND_GET_INSTALL_REFERRER_SERVICE
[INTERNAL_LOG][2018-06-12 05:02:17,647][INFO][is_hybird()] android.permission.DOWNLOAD_WITHOUT_NOTIFICATION
[INTERNAL_LOG][2018-06-12 05:02:17,647][INFO][is_hybird()] android.permission.ACCESS_CACHE_FILESYSTEM
[INTERNAL_LOG][2018-06-12 05:02:17,647][INFO][is_hybird()] android.permission.RECEIVE_BOOT_COMPLETED
[INTERNAL_LOG][2018-06-12 05:02:17,647][INFO][is_hybird()] [Permission End]

[INTERNAL_LOG][2018-06-12 05:02:17,647][INFO][analyze_start()] TYPE APK: [ANDROID NATIVE]

[INTERNAL_LOG][2018-06-12 05:02:17,647][INFO][find_string()] [START FILE ANALYZE]
[INTERNAL_LOG][2018-06-12 05:02:17,647][INFO][find_string()] File: js/closebutton.html
[INTERNAL_LOG][2018-06-12 05:02:17,648][INFO][find_string()] No iframe in js/closebutton.html
[INTERNAL_LOG][2018-06-12 05:02:17,648][INFO][find_string()] [END ANALYZE FILE]

[INTERNAL_LOG][2018-06-12 05:02:17,648][INFO][find_string()] [START FILE ANALYZE]
[INTERNAL_LOG][2018-06-12 05:02:17,648][INFO][find_string()] File: js/mraid.js
[INTERNAL_LOG][2018-06-12 05:02:17,650][INFO][find_string()] No iframe in js/mraid.js
[INTERNAL_LOG][2018-06-12 05:02:17,650][INFO][find_string()] [END ANALYZE FILE]

[INTERNAL_LOG][2018-06-12 05:02:46,060][INFO][find_url_in_apk()] [START ALL URL INSIDE APK]
[INTERNAL_LOG][2018-06-12 05:02:46,060][INFO][find_url_in_apk()] http://schemas.android.com/apk/res/android
http://play.google.com/store/apps/details
https://adc3-launch-server-staging.herokuapp.com/v4/launch
https://adc3-launch.adcolony.com/v4/launch
https://adc3-launch.adcolony.com/v4/launch
https://wd.adcolony.com/logs
https://pubads.g.doubleclick.net/gampad/ad?iu=/718/pixeltester/
https://ads.bbbgame.net/mediation/
https://zmf98rk8wa.execute-api.us-east-1.amazonaws.com/production/artemis/
https://17higxlwt1.execute-api.us-east-1.amazonaws.com/prod/native/ad
https://s3.amazonaws.com/bbb-ad-mediation/
https://17higxlwt1.execute-api.us-east-1.amazonaws.com/prod/native/report
http://blog.bbbarcade.com
http://xmlpull.org/v1/doc/features.html#indent-output
http://xmlpull.org/v1/doc/features.html#indent-output
https://www.facebook.com/audience_network/server_side_reward
https://www.%s.facebook.com/audience_network/server_side_reward
https://graph.facebook.com/network_ads_common
https://graph.%s.facebook.com/network_ads_common
https://www.facebook.com/adnw_logging/
https://www.%s.facebook.com/adnw_logging/
https://www.facebook.com/
https://www.%s.facebook.com
http://play.google.com/store/apps/
http://www.facebook.com
https://graph.%s
https://graph-video.%s
https://facebook.com
https://facebook.com/device?user_code=%1$s&qr=1
http://play.google.com/store/apps/details?id=com.facebook.orca
http://plus.google.com/
https://www.googleapis.com/auth/drive.file
https://www.googleapis.com/auth/drive.appdata
https://www.googleapis.com/auth/drive
https://www.googleapis.com/auth/drive.apps
https://www.googleapis.com/auth/games
https://www.googleapis.com/auth/games
https://www.googleapis.com/auth/games.firstparty
https://www.googleapis.com/auth/games.firstparty
https://mobile-static.adsafeprotected.com/avid-v2.js
https://track.atom-data.io
https://track.atom-data.io
https://track.atom-data.io
https://outcome.supersonicads.com/mediation/
https://outcome.supersonicads.com/mediation/
https://init.supersonicads.com/sdk/v
https://www.supersonicads.com/mobile/sdk5/log?method=
https://www.supersonicads.com/mobile/sdk5/log?method=
https://www.supersonicads.com/mobile/sdk5/log?method=
https://www.supersonicads.com/mobile/sdk5/log?method=
https://www.supersonicads.com/mobile/sdk5/log?method=
https://www.supersonicads.com/mobile/sdk5/log?method=
https://www.supersonicads.com/mobile/sdk5/log?method=
https://www.supersonicads.com/mobile/sdk5/log?method=
https://www.supersonicads.com/mobile/sdk5/log?method=injectJavaScript
https://www.supersonicads.com/mobile/sdk5/log?method=extraParametersToJson
https://www.supersonicads.com/mobile/sdk5/log?method=noProductType
https://www.supersonicads.com/mobile/sdk5/log?method=encodeAppUserId
https://www.supersonicads.com/mobile/sdk5/log?method=encodeAppKey
https://www.supersonicads.com/mobile/sdk5/log?method=webviewLoadBlank
https://www.supersonicads.com/mobile/sdk5/log?method=webviewLoadWithPath
https://www.supersonicads.com/mobile/sdk5/log?method=htmlControllerDoesNotExistOnFileSystem
https://www.supersonicads.com/mobile/sdk5/log?method=webviewPause
https://www.supersonicads.com/mobile/sdk5/log?method=webviewResume
https://px.moatads.com/pixel.gif?e=0&i=MOATSDK1&ac=1
https://z.moatads.com/
https://z.moatads.com/
https://z.moatads.com/
http://play.google.com/store/apps/details?id=
https://ws.tapjoyads.com/
https://ws.tapjoyads.com/
https://ws.tapjoyads.com/
https://rpc.tapjoy.com/
https://rpc.tapjoy.com/
https://connect.tapjoy.com/
https://connect.tapjoy.com/
https://placements.tapjoy.com/
https://track.tenjin.io/v0/event
https://track.tenjin.io/v0/event
https://track.tenjin.io/v0/event
https://track.tenjin.io/v0/event
https://track.tenjin.io/v0/event
https://track.tenjin.io/v0/event
https://track.tenjin.io/v0/purchase
https://track.tenjin.io/v0/purchase
https://track.tenjin.io/v0/purchase
https://track.tenjin.io/v0/user
https://api.vungle.com/
https://vungle.com/privacy/
http://www.w3.org/XML/1998/namespace
http://www.w3.org/XML/1998/namespace
http://xml.org/sax/features/validation
http://xml.org/sax/features/namespaces
http://xml.org/sax/features/namespace-prefixes
http://xml.org/sax/features/external-general-entities
http://xml.org/sax/handlers/LexicalHandler
http://xml.org/sax/properties/lexical-handler
http://xml.org/sax/properties/declaration-handler
http://twitter4j.org/en/twitter4j-
https://api.twitter.com/oauth/request_token
https://api.twitter.com/oauth/authorize
https://api.twitter.com/oauth/access_token
https://api.twitter.com/oauth/authenticate
https://api.twitter.com/oauth2/token
https://api.twitter.com/oauth2/invalidate_token
https://api.twitter.com/1.1/
https://stream.twitter.com/1.1/
https://userstream.twitter.com/1.1/
https://sitestream.twitter.com/1.1/
https://upload.twitter.com/1.1/

[INTERNAL_LOG][2018-06-12 05:02:46,060][INFO][find_url_in_apk()] [END ALL URL INSIDE APK]
[INTERNAL_LOG][2018-06-12 05:02:46,064][INFO][check_method_conf()] [JavaScript enabled: True]

[INTERNAL_LOG][2018-06-12 05:02:46,064][INFO][check_method_conf()] [Add interface WebView: True]

[INTERNAL_LOG][2018-06-12 05:02:46,064][INFO][analyze_start()] This app might be not vulnerable on  attack frame confusion.
[INTERNAL_LOG][2018-06-12 05:02:46,064][INFO][analyze_start()] End time:[Tue Jun 12 05:02:46 2018]
