[INTERNAL_LOG][2018-06-12 04:20:42,048][INFO][analyze_start()] Init Time [Tue Jun 12 04:20:42 2018]
[INTERNAL_LOG][2018-06-12 04:20:42,059][INFO][run()] Start Analysis
[INTERNAL_LOG][2018-06-12 04:20:42,059][INFO][is_hybird()] Hybrid file found are: ['res/xml/config.xml']
[INTERNAL_LOG][2018-06-12 04:20:42,060][INFO][is_hybird()] [Permission Enble Start]
[INTERNAL_LOG][2018-06-12 04:20:42,060][INFO][is_hybird()] android.permission.INTERNET
[INTERNAL_LOG][2018-06-12 04:20:42,060][INFO][is_hybird()] [Permission End]

[INTERNAL_LOG][2018-06-12 04:20:42,060][INFO][is_hybird()] Starting apktool
[INTERNAL_LOG][2018-06-12 04:20:43,671][INFO][check_whitelist()] [INIT ACCESS ORIGIN LIST]
[INTERNAL_LOG][2018-06-12 04:20:43,671][INFO][check_whitelist()] [END ACCESS ORIGIN LIST]

[INTERNAL_LOG][2018-06-12 04:20:43,739][INFO][analyze_start()] TYPE APK: [HYBRID]

[INTERNAL_LOG][2018-06-12 04:20:43,739][INFO][find_string()] [START FILE ANALYZE]
[INTERNAL_LOG][2018-06-12 04:20:43,739][INFO][find_string()] File: assets/www/index.html
[INTERNAL_LOG][2018-06-12 04:20:43,741][INFO][find_string()] No iframe in assets/www/index.html
[INTERNAL_LOG][2018-06-12 04:20:43,741][INFO][find_string()] [END ANALYZE FILE]

[INTERNAL_LOG][2018-06-12 04:20:43,741][INFO][find_string()] [START FILE ANALYZE]
[INTERNAL_LOG][2018-06-12 04:20:43,741][INFO][find_string()] File: assets/www/bs/js/bootstrap.bundle.js
[INTERNAL_LOG][2018-06-12 04:20:43,750][INFO][find_string()] No iframe in assets/www/bs/js/bootstrap.bundle.js
[INTERNAL_LOG][2018-06-12 04:20:43,750][INFO][find_string()] File: assets/www/bs/js/bootstrap.bundle.min.js
[INTERNAL_LOG][2018-06-12 04:20:43,756][INFO][find_string()] No iframe in assets/www/bs/js/bootstrap.bundle.min.js
[INTERNAL_LOG][2018-06-12 04:20:43,756][INFO][find_string()] File: assets/www/bs/js/bootstrap.js
[INTERNAL_LOG][2018-06-12 04:20:43,761][INFO][find_string()] No iframe in assets/www/bs/js/bootstrap.js
[INTERNAL_LOG][2018-06-12 04:20:43,761][INFO][find_string()] File: assets/www/bs/js/bootstrap.min.js
[INTERNAL_LOG][2018-06-12 04:20:43,764][INFO][find_string()] No iframe in assets/www/bs/js/bootstrap.min.js
[INTERNAL_LOG][2018-06-12 04:20:43,764][INFO][find_string()] File: assets/www/cordova-js-src/android/nativeapiprovider.js
[INTERNAL_LOG][2018-06-12 04:20:43,765][INFO][find_string()] No iframe in assets/www/cordova-js-src/android/nativeapiprovider.js
[INTERNAL_LOG][2018-06-12 04:20:43,765][INFO][find_string()] File: assets/www/cordova-js-src/android/promptbasednativeapi.js
[INTERNAL_LOG][2018-06-12 04:20:43,765][INFO][find_string()] No iframe in assets/www/cordova-js-src/android/promptbasednativeapi.js
[INTERNAL_LOG][2018-06-12 04:20:43,766][INFO][find_string()] File: assets/www/cordova-js-src/exec.js
[INTERNAL_LOG][2018-06-12 04:20:43,767][INFO][find_string()] No iframe in assets/www/cordova-js-src/exec.js
[INTERNAL_LOG][2018-06-12 04:20:43,767][INFO][find_string()] File: assets/www/cordova-js-src/platform.js
[INTERNAL_LOG][2018-06-12 04:20:43,768][INFO][find_string()] No iframe in assets/www/cordova-js-src/platform.js
[INTERNAL_LOG][2018-06-12 04:20:43,768][INFO][find_string()] File: assets/www/cordova-js-src/plugin/android/app.js
[INTERNAL_LOG][2018-06-12 04:20:43,769][INFO][find_string()] No iframe in assets/www/cordova-js-src/plugin/android/app.js
[INTERNAL_LOG][2018-06-12 04:20:43,769][INFO][find_string()] File: assets/www/cordova.js
[INTERNAL_LOG][2018-06-12 04:20:43,772][INFO][find_string()] No iframe in assets/www/cordova.js
[INTERNAL_LOG][2018-06-12 04:20:43,772][INFO][find_string()] File: assets/www/cordova_plugins.js
[INTERNAL_LOG][2018-06-12 04:20:43,773][INFO][find_string()] No iframe in assets/www/cordova_plugins.js
[INTERNAL_LOG][2018-06-12 04:20:43,773][INFO][find_string()] File: assets/www/js/index.js
[INTERNAL_LOG][2018-06-12 04:20:43,773][INFO][find_string()] No iframe in assets/www/js/index.js
[INTERNAL_LOG][2018-06-12 04:20:43,773][INFO][find_string()] File: assets/www/js/jquery-3.3.1.min.js
[INTERNAL_LOG][2018-06-12 04:20:43,778][INFO][find_string()] No iframe in assets/www/js/jquery-3.3.1.min.js
[INTERNAL_LOG][2018-06-12 04:20:43,778][INFO][find_string()] [END ANALYZE FILE]

[INTERNAL_LOG][2018-06-12 04:20:43,786][INFO][find_url_in_apk()] [START ALL URL INSIDE APK]
[INTERNAL_LOG][2018-06-12 04:20:43,787][INFO][find_url_in_apk()] https://ssl.gstatic.com/accessibility/javascript/android/

[INTERNAL_LOG][2018-06-12 04:20:43,787][INFO][find_url_in_apk()] [END ALL URL INSIDE APK]
[INTERNAL_LOG][2018-06-12 04:20:43,803][INFO][check_method_conf()] [JavaScript enabled: True]

[INTERNAL_LOG][2018-06-12 04:20:43,803][INFO][check_method_conf()] [Add interface WebView: True]

[INTERNAL_LOG][2018-06-12 04:20:43,803][INFO][analyze_start()] This app might be not vulnerable on  attack frame confusion.
[INTERNAL_LOG][2018-06-12 04:20:43,803][INFO][analyze_start()] End time:[Tue Jun 12 04:20:43 2018]
