[INTERNAL_LOG][2018-06-12 06:34:02,553][INFO][analyze_start()] Init Time [Tue Jun 12 06:34:02 2018]
[INTERNAL_LOG][2018-06-12 06:34:02,566][INFO][is_hybird()] Hybrid file found are: ['res/xml/config.xml']
[INTERNAL_LOG][2018-06-12 06:34:02,566][INFO][run()] Start Analysis
[INTERNAL_LOG][2018-06-12 06:34:02,566][INFO][is_hybird()] [Permission Enble Start]
[INTERNAL_LOG][2018-06-12 06:34:02,566][INFO][is_hybird()] android.permission.INTERNET
[INTERNAL_LOG][2018-06-12 06:34:02,566][INFO][is_hybird()] android.permission.ACCESS_NETWORK_STATE
[INTERNAL_LOG][2018-06-12 06:34:02,566][INFO][is_hybird()] [Permission End]

[INTERNAL_LOG][2018-06-12 06:34:02,566][INFO][is_hybird()] Starting apktool
[INTERNAL_LOG][2018-06-12 06:34:04,405][INFO][check_whitelist()] [INIT ACCESS ORIGIN LIST]
[INTERNAL_LOG][2018-06-12 06:34:04,405][INFO][check_whitelist()] origin: *
[INTERNAL_LOG][2018-06-12 06:34:04,405][INFO][check_whitelist()] [END ACCESS ORIGIN LIST]

[INTERNAL_LOG][2018-06-12 06:34:04,452][INFO][analyze_start()] TYPE APK: [HYBRID]

[INTERNAL_LOG][2018-06-12 06:34:04,453][INFO][find_string()] [START FILE ANALYZE]
[INTERNAL_LOG][2018-06-12 06:34:04,453][INFO][find_string()] File: assets/www/about.html
[INTERNAL_LOG][2018-06-12 06:34:04,454][INFO][find_string()] No iframe in assets/www/about.html
[INTERNAL_LOG][2018-06-12 06:34:04,454][INFO][find_string()] File: assets/www/form-calon.html
[INTERNAL_LOG][2018-06-12 06:34:04,454][INFO][find_string()] No iframe in assets/www/form-calon.html
[INTERNAL_LOG][2018-06-12 06:34:04,455][INFO][find_string()] File: assets/www/form-keputusan.html
[INTERNAL_LOG][2018-06-12 06:34:04,455][INFO][find_string()] No iframe in assets/www/form-keputusan.html
[INTERNAL_LOG][2018-06-12 06:34:04,455][INFO][find_string()] File: assets/www/form-semakan.html
[INTERNAL_LOG][2018-06-12 06:34:04,456][INFO][find_string()] No iframe in assets/www/form-semakan.html
[INTERNAL_LOG][2018-06-12 06:34:04,456][INFO][find_string()] File: assets/www/index.html
[INTERNAL_LOG][2018-06-12 06:34:04,457][INFO][find_string()] No iframe in assets/www/index.html
[INTERNAL_LOG][2018-06-12 06:34:04,457][INFO][find_string()] File: assets/www/list-prk-calon.html
[INTERNAL_LOG][2018-06-12 06:34:04,457][INFO][find_string()] No iframe in assets/www/list-prk-calon.html
[INTERNAL_LOG][2018-06-12 06:34:04,457][INFO][find_string()] File: assets/www/list-prk-keputusan.html
[INTERNAL_LOG][2018-06-12 06:34:04,458][INFO][find_string()] No iframe in assets/www/list-prk-keputusan.html
[INTERNAL_LOG][2018-06-12 06:34:04,458][INFO][find_string()] File: assets/www/list-prn-calon.html
[INTERNAL_LOG][2018-06-12 06:34:04,458][INFO][find_string()] No iframe in assets/www/list-prn-calon.html
[INTERNAL_LOG][2018-06-12 06:34:04,458][INFO][find_string()] File: assets/www/list-prn-dun-calon.html
[INTERNAL_LOG][2018-06-12 06:34:04,459][INFO][find_string()] No iframe in assets/www/list-prn-dun-calon.html
[INTERNAL_LOG][2018-06-12 06:34:04,459][INFO][find_string()] File: assets/www/list-prn-dun.html
[INTERNAL_LOG][2018-06-12 06:34:04,459][INFO][find_string()] No iframe in assets/www/list-prn-dun.html
[INTERNAL_LOG][2018-06-12 06:34:04,459][INFO][find_string()] File: assets/www/list-prn-keputusan.html
[INTERNAL_LOG][2018-06-12 06:34:04,460][INFO][find_string()] No iframe in assets/www/list-prn-keputusan.html
[INTERNAL_LOG][2018-06-12 06:34:04,460][INFO][find_string()] File: assets/www/main-calon.html
[INTERNAL_LOG][2018-06-12 06:34:04,460][INFO][find_string()] No iframe in assets/www/main-calon.html
[INTERNAL_LOG][2018-06-12 06:34:04,460][INFO][find_string()] File: assets/www/main-keputusan.html
[INTERNAL_LOG][2018-06-12 06:34:04,461][INFO][find_string()] No iframe in assets/www/main-keputusan.html
[INTERNAL_LOG][2018-06-12 06:34:04,461][INFO][find_string()] File: assets/www/status-calon-pemilih.html
[INTERNAL_LOG][2018-06-12 06:34:04,461][INFO][find_string()] No iframe in assets/www/status-calon-pemilih.html
[INTERNAL_LOG][2018-06-12 06:34:04,461][INFO][find_string()] File: assets/www/status-calon-prk.html
[INTERNAL_LOG][2018-06-12 06:34:04,462][INFO][find_string()] No iframe in assets/www/status-calon-prk.html
[INTERNAL_LOG][2018-06-12 06:34:04,462][INFO][find_string()] File: assets/www/status-calon-prn.html
[INTERNAL_LOG][2018-06-12 06:34:04,462][INFO][find_string()] No iframe in assets/www/status-calon-prn.html
[INTERNAL_LOG][2018-06-12 06:34:04,463][INFO][find_string()] File: assets/www/status-calon.html
[INTERNAL_LOG][2018-06-12 06:34:04,463][INFO][find_string()] No iframe in assets/www/status-calon.html
[INTERNAL_LOG][2018-06-12 06:34:04,463][INFO][find_string()] File: assets/www/status-keputusan-prk.html
[INTERNAL_LOG][2018-06-12 06:34:04,464][INFO][find_string()] No iframe in assets/www/status-keputusan-prk.html
[INTERNAL_LOG][2018-06-12 06:34:04,464][INFO][find_string()] File: assets/www/status-keputusan-prn.html
[INTERNAL_LOG][2018-06-12 06:34:04,465][INFO][find_string()] No iframe in assets/www/status-keputusan-prn.html
[INTERNAL_LOG][2018-06-12 06:34:04,465][INFO][find_string()] File: assets/www/status-keputusan.html
[INTERNAL_LOG][2018-06-12 06:34:04,465][INFO][find_string()] No iframe in assets/www/status-keputusan.html
[INTERNAL_LOG][2018-06-12 06:34:04,465][INFO][find_string()] File: assets/www/status-semakan.html
[INTERNAL_LOG][2018-06-12 06:34:04,466][INFO][find_string()] No iframe in assets/www/status-semakan.html
[INTERNAL_LOG][2018-06-12 06:34:04,466][INFO][find_string()] [END ANALYZE FILE]

[INTERNAL_LOG][2018-06-12 06:34:04,467][INFO][find_string()] [START FILE ANALYZE]
[INTERNAL_LOG][2018-06-12 06:34:04,467][INFO][find_string()] File: assets/www/cordova-js-src/android/nativeapiprovider.js
[INTERNAL_LOG][2018-06-12 06:34:04,467][INFO][find_string()] No iframe in assets/www/cordova-js-src/android/nativeapiprovider.js
[INTERNAL_LOG][2018-06-12 06:34:04,467][INFO][find_string()] File: assets/www/cordova-js-src/android/promptbasednativeapi.js
[INTERNAL_LOG][2018-06-12 06:34:04,467][INFO][find_string()] No iframe in assets/www/cordova-js-src/android/promptbasednativeapi.js
[INTERNAL_LOG][2018-06-12 06:34:04,468][INFO][find_string()] File: assets/www/cordova-js-src/exec.js
[INTERNAL_LOG][2018-06-12 06:34:04,468][INFO][find_string()] No iframe in assets/www/cordova-js-src/exec.js
[INTERNAL_LOG][2018-06-12 06:34:04,468][INFO][find_string()] File: assets/www/cordova-js-src/platform.js
[INTERNAL_LOG][2018-06-12 06:34:04,469][INFO][find_string()] No iframe in assets/www/cordova-js-src/platform.js
[INTERNAL_LOG][2018-06-12 06:34:04,469][INFO][find_string()] File: assets/www/cordova-js-src/plugin/android/app.js
[INTERNAL_LOG][2018-06-12 06:34:04,470][INFO][find_string()] No iframe in assets/www/cordova-js-src/plugin/android/app.js
[INTERNAL_LOG][2018-06-12 06:34:04,470][INFO][find_string()] File: assets/www/cordova.js
[INTERNAL_LOG][2018-06-12 06:34:04,473][INFO][find_string()] No iframe in assets/www/cordova.js
[INTERNAL_LOG][2018-06-12 06:34:04,473][INFO][find_string()] File: assets/www/cordova_plugins.js
[INTERNAL_LOG][2018-06-12 06:34:04,473][INFO][find_string()] No iframe in assets/www/cordova_plugins.js
[INTERNAL_LOG][2018-06-12 06:34:04,473][INFO][find_string()] File: assets/www/js/aes-json-format.js
[INTERNAL_LOG][2018-06-12 06:34:04,474][INFO][find_string()] No iframe in assets/www/js/aes-json-format.js
[INTERNAL_LOG][2018-06-12 06:34:04,474][INFO][find_string()] File: assets/www/js/aes.js
[INTERNAL_LOG][2018-06-12 06:34:04,475][INFO][find_string()] No iframe in assets/www/js/aes.js
[INTERNAL_LOG][2018-06-12 06:34:04,475][INFO][find_string()] File: assets/www/js/framework7.js
[INTERNAL_LOG][2018-06-12 06:34:04,504][INFO][find_string()] No iframe in assets/www/js/framework7.js
[INTERNAL_LOG][2018-06-12 06:34:04,504][INFO][find_string()] File: assets/www/js/jquery-1.11.0.min.js
[INTERNAL_LOG][2018-06-12 06:34:04,507][INFO][find_string()] No iframe in assets/www/js/jquery-1.11.0.min.js
[INTERNAL_LOG][2018-06-12 06:34:04,507][INFO][find_string()] File: assets/www/js/jquery.fittext.js
[INTERNAL_LOG][2018-06-12 06:34:04,508][INFO][find_string()] No iframe in assets/www/js/jquery.fittext.js
[INTERNAL_LOG][2018-06-12 06:34:04,508][INFO][find_string()] File: assets/www/js/jquery.lettering.js
[INTERNAL_LOG][2018-06-12 06:34:04,508][INFO][find_string()] No iframe in assets/www/js/jquery.lettering.js
[INTERNAL_LOG][2018-06-12 06:34:04,508][INFO][find_string()] File: assets/www/js/jquery.textillate.js
[INTERNAL_LOG][2018-06-12 06:34:04,509][INFO][find_string()] No iframe in assets/www/js/jquery.textillate.js
[INTERNAL_LOG][2018-06-12 06:34:04,509][INFO][find_string()] File: assets/www/js/kitchen-sink.js
[INTERNAL_LOG][2018-06-12 06:34:04,511][INFO][find_string()] No iframe in assets/www/js/kitchen-sink.js
[INTERNAL_LOG][2018-06-12 06:34:04,511][INFO][find_string()] File: assets/www/plugins/cordova-plugin-device/www/device.js
[INTERNAL_LOG][2018-06-12 06:34:04,512][INFO][find_string()] No iframe in assets/www/plugins/cordova-plugin-device/www/device.js
[INTERNAL_LOG][2018-06-12 06:34:04,512][INFO][find_string()] File: assets/www/plugins/cordova-plugin-network-information/www/Connection.js
[INTERNAL_LOG][2018-06-12 06:34:04,513][INFO][find_string()] No iframe in assets/www/plugins/cordova-plugin-network-information/www/Connection.js
[INTERNAL_LOG][2018-06-12 06:34:04,513][INFO][find_string()] File: assets/www/plugins/cordova-plugin-network-information/www/network.js
[INTERNAL_LOG][2018-06-12 06:34:04,513][INFO][find_string()] No iframe in assets/www/plugins/cordova-plugin-network-information/www/network.js
[INTERNAL_LOG][2018-06-12 06:34:04,513][INFO][find_string()] File: assets/www/plugins/cordova-plugin-splashscreen/www/splashscreen.js
[INTERNAL_LOG][2018-06-12 06:34:04,514][INFO][find_string()] No iframe in assets/www/plugins/cordova-plugin-splashscreen/www/splashscreen.js
[INTERNAL_LOG][2018-06-12 06:34:04,514][INFO][find_string()] File: assets/www/plugins/cordova-plugin-statusbar/www/statusbar.js
[INTERNAL_LOG][2018-06-12 06:34:04,514][INFO][find_string()] No iframe in assets/www/plugins/cordova-plugin-statusbar/www/statusbar.js
[INTERNAL_LOG][2018-06-12 06:34:04,514][INFO][find_string()] [END ANALYZE FILE]

[INTERNAL_LOG][2018-06-12 06:34:04,521][INFO][find_url_in_apk()] [START ALL URL INSIDE APK]
[INTERNAL_LOG][2018-06-12 06:34:04,521][INFO][find_url_in_apk()] https://ssl.gstatic.com/accessibility/javascript/android/

[INTERNAL_LOG][2018-06-12 06:34:04,521][INFO][find_url_in_apk()] [END ALL URL INSIDE APK]
[INTERNAL_LOG][2018-06-12 06:34:04,535][INFO][check_method_conf()] [JavaScript enabled: True]

[INTERNAL_LOG][2018-06-12 06:34:04,535][INFO][check_method_conf()] [Add interface WebView: True]

[INTERNAL_LOG][2018-06-12 06:34:04,535][INFO][analyze_start()] This app might be not vulnerable on  attack frame confusion.
[INTERNAL_LOG][2018-06-12 06:34:04,535][INFO][analyze_start()] End time:[Tue Jun 12 06:34:04 2018]
