[INTERNAL_LOG][2018-06-12 04:23:53,940][INFO][analyze_start()] Init Time [Tue Jun 12 04:23:53 2018]
[INTERNAL_LOG][2018-06-12 04:23:54,003][INFO][run()] Start Analysis
[INTERNAL_LOG][2018-06-12 04:23:54,004][INFO][is_hybird()] [Permission Enble Start]
[INTERNAL_LOG][2018-06-12 04:23:54,004][INFO][is_hybird()] android.permission.BLUETOOTH_ADMIN
[INTERNAL_LOG][2018-06-12 04:23:54,004][INFO][is_hybird()] android.permission.BLUETOOTH
[INTERNAL_LOG][2018-06-12 04:23:54,004][INFO][is_hybird()] android.permission.ACCESS_COARSE_LOCATION
[INTERNAL_LOG][2018-06-12 04:23:54,004][INFO][is_hybird()] com.android.vending.BILLING
[INTERNAL_LOG][2018-06-12 04:23:54,004][INFO][is_hybird()] android.permission.INTERNET
[INTERNAL_LOG][2018-06-12 04:23:54,005][INFO][is_hybird()] android.permission.ACCESS_NETWORK_STATE
[INTERNAL_LOG][2018-06-12 04:23:54,005][INFO][is_hybird()] android.permission.WRITE_EXTERNAL_STORAGE
[INTERNAL_LOG][2018-06-12 04:23:54,005][INFO][is_hybird()] android.permission.READ_EXTERNAL_STORAGE
[INTERNAL_LOG][2018-06-12 04:23:54,005][INFO][is_hybird()] android.permission.WAKE_LOCK
[INTERNAL_LOG][2018-06-12 04:23:54,005][INFO][is_hybird()] com.google.android.finsky.permission.BIND_GET_INSTALL_REFERRER_SERVICE
[INTERNAL_LOG][2018-06-12 04:23:54,005][INFO][is_hybird()] com.google.android.c2dm.permission.RECEIVE
[INTERNAL_LOG][2018-06-12 04:23:54,005][INFO][is_hybird()] software.simplicial.nebulous.permission.C2D_MESSAGE
[INTERNAL_LOG][2018-06-12 04:23:54,005][INFO][is_hybird()] [Permission End]

[INTERNAL_LOG][2018-06-12 04:23:54,005][INFO][analyze_start()] TYPE APK: [ANDROID NATIVE]

[INTERNAL_LOG][2018-06-12 04:23:54,005][INFO][find_string()] [START FILE ANALYZE]
[INTERNAL_LOG][2018-06-12 04:23:54,005][INFO][find_string()] File: assets/vpaid_html_template.html
[INTERNAL_LOG][2018-06-12 04:23:54,007][INFO][find_string()] No iframe in assets/vpaid_html_template.html
[INTERNAL_LOG][2018-06-12 04:23:54,007][INFO][find_string()] File: assets/vpaid_html_template_ex.html
[INTERNAL_LOG][2018-06-12 04:23:54,009][INFO][find_string()] No iframe in assets/vpaid_html_template_ex.html
[INTERNAL_LOG][2018-06-12 04:23:54,009][INFO][find_string()] [END ANALYZE FILE]

[INTERNAL_LOG][2018-06-12 04:23:54,009][INFO][find_string()] [START FILE ANALYZE]
[INTERNAL_LOG][2018-06-12 04:23:54,009][INFO][find_string()] [END ANALYZE FILE]

[INTERNAL_LOG][2018-06-12 04:25:26,417][INFO][find_url_in_apk()] [START ALL URL INSIDE APK]
[INTERNAL_LOG][2018-06-12 04:25:26,418][INFO][find_url_in_apk()] http://schemas.android.com/apk/res/android
https://graph.%s
https://graph-video.%s
https://facebook.com
https://facebook.com/device?user_code=%1$s&qr=1
http://xmlpull.org/v1/doc/features.html#process-namespaces
http://xmlpull.org/v1/doc/features.html#process-namespaces
http://wv.inner-active.mobi/
https://service.fyber.com/actions/v2
https://service.fyber.com/installs/v2
https://api.fyber.com/vcs/v1/new_credit.json
https://video.fyber.com
https://rewarded-video.fyber.com/tracker
https://offer.fyber.com/mobile
https://interstitial.fyber.com/interstitial
https://interstitial.fyber.com/tracker
https://sdk-config.fyber.com
https://engine.fyber.com/video-cache
https://banner.fyber.com/banner
https://banner.fyber.com/tracker
https://testsuite.fyber.com/tracker
https://api-rewarded-video.fyber.com/video
https://pagead2.googlesyndication.com/pagead/gen_204?id=gmob-apps
https://accounts.google.com
https://www.facebook.com
https://accounts.google.com/o/oauth2/revoke?token=
https://plus.google.com/
http://play.google.com/store/apps/category/GAME
https://play.google.com/store/apps/details?id=%1$s&rdid=%1$s&rdot=%2$d
https://plus.google.com/%s/about
https://play.google.com/store/apps/details
https://pagead2.googlesyndication.com/pagead/gen_204
http://www.google.com
https://support.google.com/dfp_premium/answer/7160685#push
http://www.example.com
http://www.example.com
https://googleads.g.doubleclick.net/mads/static/mad/sdk/native/sdk-core-v40.html
https://googleads.g.doubleclick.net/mads/static/mad/sdk/native/production/sdk-core-v40-impl.js
https://googleads.g.doubleclick.net/mads/static/mad/sdk/native/mraid/v2/mraid_app_banner.js
https://googleads.g.doubleclick.net/mads/static/mad/sdk/native/mraid/v2/mraid_app_expanded_banner.js
https://googleads.g.doubleclick.net/mads/static/mad/sdk/native/mraid/v2/mraid_app_interstitial.js
https://csi.gstatic.com/csi
https://googleads.g.doubleclick.net/mads/static/mad/sdk/native/native_ads.html
https://googleads.g.doubleclick.net/mads/static/mad/sdk/native/production/native_ads.js
https://imasdk.googleapis.com/admob/sdkloader/native_video.html
https://www.google.com/dfp/linkDevice
https://www.google.com/dfp/inAppPreview
https://www.google.com/dfp/debugSignals
https://www.google.com/dfp/sendDebugData
https://app-measurement.com/a
https://www.googleapis.com/auth/plus.login
https://www.googleapis.com/auth/plus.me
http://schemas.android.com/apk/lib/com.google.android.gms.plus
http://schemas.android.com/apk/lib/com.google.android.gms.plus
https://mobile-static.adsafeprotected.com/avid-v2.js
https://z.moatads.com/
https://z.moatads.com/
https://px.moatads.com/pixel.gif?e=0&i=MOATSDK1&ac=1
https://twitter.com/%s/status/%s
https://www.mopub.com/optout/
https://www.mopub.com/optout/
http://ads.mopub.com
https://ads.mopub.com
https://config.unityads.unity3d.com/webview/
https://api.vungle.com/api/v4/
https://ingest.vungle.com/
http://lol.vungle.com/
https://www.youtube.com/watch?v=yt84P8ryj4A
https://www.youtube.com/channel/UCvYmAbJxTqr_1V17tko1Njg
https://www.youtube.com/channel/UCPmoRCZqRrqAULNN-EN-vJQ
https://www.youtube.com/channel/UChl7_4umMQ3lmAqiUX1sEZA
https://www.youtube.com/channel/UCu-WOk3w393WuhCqZPeKxmQ
https://www.youtube.com/channel/UC3rFa7Uvmow1c158F81ljog
https://www.youtube.com/channel/UCV5bsJjk6KXSKkM-wd_YHig
https://www.youtube.com/channel/UCGAS3_uC4LQ8rKBnZKNK_UA
https://www.youtube.com/channel/UCaq33Li11D6juPSYXQA2XKQ
https://www.youtube.com/channel/UCDstfwEerEhx-E7b-OnYvFA
https://www.youtube.com/channel/UCk8Iow73IDo71NBjHSPQOXg
https://www.youtube.com/channel/UCtwpCmxcp4TqM_Qmgx8sP5w
https://www.facebook.com/groups/1500105750300941/
https://www.youtube.com/channel/UCH3hV_EWfyeQeQzrLTJ6qgw
https://www.youtube.com/channel/UCuclKLaeKxV4VF9Ct-gRQdw
https://www.youtube.com/channel/UCOEmMnijkds1vsKORI9N28Q
https://www.youtube.com/channel/UC1GV4Z4tCfmli7T-IPCpyqA
https://www.youtube.com/channel/UCGj2-g9i-k3rJX6ZKk1Rzjg
https://www.youtube.com/channel/UCzveSkP7FshNIXYDjA99ayg
https://www.youtube.com/channel/UCIOO3iytViIWrvLRx7xDeSQ
https://www.youtube.com/channel/UCZHrsnl7AHz03rnX6TKukRw
https://www.youtube.com/channel/UCppewGl2qEQ6h_ly39rhqDg
https://www.youtube.com/channel/UCGrB-QOL8gg7ouOJ80hO7Sg
https://www.youtube.com/channel/UC9y62b1R9igge3v-XK9lGLQ
https://www.youtube.com/channel/UCV5xRhScvQVC6PmA8N7TL3w
https://www.youtube.com/channel/UCgDp9LrmaC_Jax-T6rIYD9g
https://www.youtube.com/channel/UClY2VbaAW5l2n3BguoYvdwg
https://www.youtube.com/channel/UCCh53JrZqZfn7Voo4U6trNw
https://www.youtube.com/channel/UCxagjwvR5NhVf9Pu6grwBWg
https://www.youtube.com/channel/UCXFyx8rFQp6L2mua8Vi3CWA
https://www.facebook.com/groups/1668725966740857/
https://www.youtube.com/channel/UCBpcUDyaKVvgFWTHPs_xJAA
https://www.facebook.com/groups/1072907432835573
https://www.youtube.com/channel/UC2GBqS7MY6H1C1ZcEPVBawA
https://www.youtube.com/channel/UC661qaK8mesu9I0x-DWuOpQ
https://www.youtube.com/channel/UCJh2USnJFE_W0vRUBTT3ZZQ
https://www.youtube.com/channel/UC8R95E8dbZJPVhqZ9nNvR7w
https://www.youtube.com/channel/UC7IzwT5RWAkL4KKkI_wZJcA
https://www.youtube.com/channel/UCN146EyEG2bUX-xdgJaW0yA
https://www.youtube.com/channel/UCS-MK0U-icarNyKMozA-Ihg
https://www.youtube.com/channel/UCNSxsI-W8B-2hjjPRAC2cKg
https://www.youtube.com/channel/UChNF7G12tdR8D7SWLRnHiCw
https://www.youtube.com/channel/UCwtr6OIC-ynKx8N1k99fRPw
https://www.youtube.com/channel/UCV92gSpAVoJZRse8OXFi9GA
https://www.youtube.com/channel/UCgKDhIFq10pYpgh51QNKMUQ
https://www.youtube.com/channel/UC0j5oxk1huLwBiFZoabBrdA
https://www.youtube.com/channel/UCMRGkXywXydV_GqF5oUQ5uw
https://www.youtube.com/channel/UCyphR2kfbQKZYZjNATmzSfA
https://www.youtube.com/channel/UCrEB8mOU6-pkUnvPVXFVBGg
https://www.youtube.com/channel/UCWfd8jh4WK87b2udX0oJ5sw
https://www.youtube.com/channel/UCj6ItfbonB8jvzUJ0XRPq3A
http://play.google.com/store/apps/details?id=
https://www.youtube.com/playlist?list=PLrFFdnzv_VUrrapB_66bWyrsB73NjttWt
https://s3.amazonaws.com/simplicialsoftware.skins/
https://s3.amazonaws.com/simplicialsoftware.skins/
https://www.simplicialsoftware.com
https://www.simplicialsoftware.com
http://52.6.241.44
http://52.6.241.44
https://ads.mopub.com/
https://www.simplicialsoftware.com/faqs/pt/index.html
https://www.simplicialsoftware.com/faqs/de/index.html
https://www.simplicialsoftware.com/faqs/es/index.html
https://www.simplicialsoftware.com/faqs/en/index.html
https://www.mopub.com/optout
https://www.vungle.com/privacy/
https://www.vungle.com/privacy/
https://cdn2.inner-active.mobi/client/ia-js-tags/ia-tag-sdk.min-android-7.1.3.js
https://www.googleapis.com/auth/games_lite
https://www.googleapis.com/auth/games
https://www.google.com

[INTERNAL_LOG][2018-06-12 04:25:26,418][INFO][find_url_in_apk()] [END ALL URL INSIDE APK]
[INTERNAL_LOG][2018-06-12 04:25:26,420][INFO][check_method_conf()] [JavaScript enabled: True]

[INTERNAL_LOG][2018-06-12 04:25:26,420][INFO][check_method_conf()] [Add interface WebView: True]

[INTERNAL_LOG][2018-06-12 04:25:26,420][INFO][analyze_start()] This app might be not vulnerable on  attack frame confusion.
[INTERNAL_LOG][2018-06-12 04:25:26,420][INFO][analyze_start()] End time:[Tue Jun 12 04:25:26 2018]
