[INTERNAL_LOG][2018-06-12 06:56:44,905][INFO][analyze_start()] Init Time [Tue Jun 12 06:56:44 2018]
[INTERNAL_LOG][2018-06-12 06:56:44,966][INFO][run()] Start Analysis
[INTERNAL_LOG][2018-06-12 06:56:44,967][INFO][is_hybird()] [Permission Enble Start]
[INTERNAL_LOG][2018-06-12 06:56:44,967][INFO][is_hybird()] android.permission.CAMERA
[INTERNAL_LOG][2018-06-12 06:56:44,967][INFO][is_hybird()] android.permission.ACCESS_NETWORK_STATE
[INTERNAL_LOG][2018-06-12 06:56:44,967][INFO][is_hybird()] android.permission.INTERNET
[INTERNAL_LOG][2018-06-12 06:56:44,967][INFO][is_hybird()] android.permission.READ_PHONE_STATE
[INTERNAL_LOG][2018-06-12 06:56:44,967][INFO][is_hybird()] android.permission.GET_ACCOUNTS
[INTERNAL_LOG][2018-06-12 06:56:44,967][INFO][is_hybird()] android.permission.ACCESS_COARSE_LOCATION
[INTERNAL_LOG][2018-06-12 06:56:44,967][INFO][is_hybird()] android.permission.ACCESS_FINE_LOCATION
[INTERNAL_LOG][2018-06-12 06:56:44,967][INFO][is_hybird()] android.permission.WRITE_EXTERNAL_STORAGE
[INTERNAL_LOG][2018-06-12 06:56:44,967][INFO][is_hybird()] android.permission.READ_CALENDAR
[INTERNAL_LOG][2018-06-12 06:56:44,967][INFO][is_hybird()] android.permission.WRITE_CALENDAR
[INTERNAL_LOG][2018-06-12 06:56:44,967][INFO][is_hybird()] android.permission.INTERNET
[INTERNAL_LOG][2018-06-12 06:56:44,967][INFO][is_hybird()] android.permission.GET_ACCOUNTS
[INTERNAL_LOG][2018-06-12 06:56:44,967][INFO][is_hybird()] android.permission.WAKE_LOCK
[INTERNAL_LOG][2018-06-12 06:56:44,967][INFO][is_hybird()] com.google.android.c2dm.permission.RECEIVE
[INTERNAL_LOG][2018-06-12 06:56:44,967][INFO][is_hybird()] android.permission.WRITE_EXTERNAL_STORAGE
[INTERNAL_LOG][2018-06-12 06:56:44,967][INFO][is_hybird()] android.permission.READ_EXTERNAL_STORAGE
[INTERNAL_LOG][2018-06-12 06:56:44,967][INFO][is_hybird()] android.permission.ACCESS_NETWORK_STATE
[INTERNAL_LOG][2018-06-12 06:56:44,968][INFO][is_hybird()] android.permission.ACCESS_WIFI_STATE
[INTERNAL_LOG][2018-06-12 06:56:44,968][INFO][is_hybird()] android.permission.READ_PHONE_STATE
[INTERNAL_LOG][2018-06-12 06:56:44,968][INFO][is_hybird()] android.permission.DOWNLOAD_WITHOUT_NOTIFICATION
[INTERNAL_LOG][2018-06-12 06:56:44,968][INFO][is_hybird()] android.permission.FLAG_ACTIVITY_NEW_TASK
[INTERNAL_LOG][2018-06-12 06:56:44,968][INFO][is_hybird()] com.android.launcher.permission.INSTALL_SHORTCUT
[INTERNAL_LOG][2018-06-12 06:56:44,968][INFO][is_hybird()] android.permission.CHANGE_CONFIGURATION
[INTERNAL_LOG][2018-06-12 06:56:44,968][INFO][is_hybird()] com.android.launcher.permission.READ_SETTINGS
[INTERNAL_LOG][2018-06-12 06:56:44,968][INFO][is_hybird()] com.google.android.apps.photos.permission.GOOGLE_PHOTOS
[INTERNAL_LOG][2018-06-12 06:56:44,968][INFO][is_hybird()] android.permission.GET_TASKS
[INTERNAL_LOG][2018-06-12 06:56:44,968][INFO][is_hybird()] com.google.android.providers.gsf.permission.READ_GSERVICES
[INTERNAL_LOG][2018-06-12 06:56:44,968][INFO][is_hybird()] com.android.vending.BILLING
[INTERNAL_LOG][2018-06-12 06:56:44,968][INFO][is_hybird()] android.permission.VIBRATE
[INTERNAL_LOG][2018-06-12 06:56:44,968][INFO][is_hybird()] android.permission.RECEIVE_BOOT_COMPLETED
[INTERNAL_LOG][2018-06-12 06:56:44,968][INFO][is_hybird()] com.rcplatform.nocrop.permission.C2D_MESSAGE
[INTERNAL_LOG][2018-06-12 06:56:44,968][INFO][is_hybird()] android.permission.MOUNT_UNMOUNT_FILESYSTEMS
[INTERNAL_LOG][2018-06-12 06:56:44,968][INFO][is_hybird()] [Permission End]

[INTERNAL_LOG][2018-06-12 06:56:44,968][INFO][analyze_start()] TYPE APK: [ANDROID NATIVE]

[INTERNAL_LOG][2018-06-12 06:56:44,968][INFO][find_string()] [START FILE ANALYZE]
[INTERNAL_LOG][2018-06-12 06:56:44,968][INFO][find_string()] [END ANALYZE FILE]

[INTERNAL_LOG][2018-06-12 06:56:44,969][INFO][find_string()] [START FILE ANALYZE]
[INTERNAL_LOG][2018-06-12 06:56:44,969][INFO][find_string()] [END ANALYZE FILE]

[INTERNAL_LOG][2018-06-12 06:57:44,526][INFO][find_url_in_apk()] [START URL LOADED INSIDE LOAD FUNCTION]
[INTERNAL_LOG][2018-06-12 06:57:44,526][INFO][find_url_in_apk()] https://api.instagram.com/oauth/authorize/?client_id=
http://privacy.rcplatformhk.com/policy/nocrop_privacy.html
http://ad.apps.fm/ZmdrtJGJteJgN0ZBnh7a5a5px440Px0vtrw1ww5B54ylDUkdBZ4TT1vYtZTgaUUrEWvuvXdni4TL5PWrcW4I-nZChfn7zhfD3hbWqyt8lP0

[INTERNAL_LOG][2018-06-12 06:57:44,526][INFO][find_url_in_apk()] [END URL LOADED INSIDE LOAD FUNCTION]
[INTERNAL_LOG][2018-06-12 06:57:46,842][ERROR][download_page_loaded()] Failed response code: 502 for http://privacy.rcplatformhk.com/policy/nocrop_privacy.html  
[INTERNAL_LOG][2018-06-12 06:57:47,165][ERROR][download_page_loaded()] Invalid Schema exception for url: http://ad.apps.fm/ZmdrtJGJteJgN0ZBnh7a5a5px440Px0vtrw1ww5B54ylDUkdBZ4TT1vYtZTgaUUrEWvuvXdni4TL5PWrcW4I-nZChfn7zhfD3hbWqyt8lP0, try add http:// 
[INTERNAL_LOG][2018-06-12 06:57:47,200][ERROR][download_page_loaded()] Failed connection errror after add http download: http://http://ad.apps.fm/ZmdrtJGJteJgN0ZBnh7a5a5px440Px0vtrw1ww5B54ylDUkdBZ4TT1vYtZTgaUUrEWvuvXdni4TL5PWrcW4I-nZChfn7zhfD3hbWqyt8lP0 
[INTERNAL_LOG][2018-06-12 06:57:47,201][INFO][find_string()] [START REMOTE FILE ANALYZE]
[INTERNAL_LOG][2018-06-12 06:57:47,201][INFO][find_string()] Remote File in: temp_html_code/html_downloaded_No Crop _ Square for Instagram by RILEY CILLIAN - com/?client_id=
[INTERNAL_LOG][2018-06-12 06:57:47,201][INFO][find_string()] URL: https://api.instagram.com/oauth/authorize/?client_id=
[INTERNAL_LOG][2018-06-12 06:57:47,213][INFO][find_string()] No iframe in temp_html_code/html_downloaded_No Crop _ Square for Instagram by RILEY CILLIAN - com/?client_id=
[INTERNAL_LOG][2018-06-12 06:57:47,213][INFO][find_string()] [END ANALYZE FILE]

[INTERNAL_LOG][2018-06-12 06:57:47,213][INFO][find_url_in_apk()] [START ALL URL INSIDE APK]
[INTERNAL_LOG][2018-06-12 06:57:47,214][INFO][find_url_in_apk()] http://schemas.android.com/apk/res/android
http://schemas.android.com/apk/res/android
http://livewp.rcplatformhk.net/RcStickerWeb/3d/wallpaper.do
http://livewp.rcplatformhk.net/RcStickerWeb/3d/wallpaper.do
http://livewp.rcplatformhk.net/RcStickerWeb/3d/wallpaper.do
http://livewp.rcplatformhk.net/RcStickerWeb/3d/wallpaper.do
http://livewp.rcplatformhk.net/RcStickerWeb/3d/wallpaper.do
http://livewp.rcplatformhk.net/RcStickerWeb/3d/wallpaper.do
http://livewp.rcplatformhk.net/RcStickerWeb/3d/wallpaper.do
http://livewp.rcplatformhk.net/RcStickerWeb/3d/wallpaper.do
https://graph.facebook.com/network_ads_common/
https://graph.%s.facebook.com/network_ads_common/
https://www.facebook.com/
https://www.%s.facebook.com
http://data.flurry.com/aap.do
https://data.flurry.com/aap.do
http://gcm.rcplatformhk.net/gcm/boss/createUserInfo.do
http://gcm.rcplatformhk.net/gcm/boss/receivePushStatus.do
http://gcm.rcplatformhk.net/gcm/boss/clickPushStatus.do
http://hostname/?
http://hostname/?
http://www.google-analytics.com
https://ssl.google-analytics.com
https://www.googleapis.com/auth/plus.me
https://www.googleapis.com/auth/games
http://plus.google.com/
http://www.example.com
http://www.example.com
https://googleads.g.doubleclick.net/mads/static/mad/sdk/native/sdk-core-v40.html
https://googleads.g.doubleclick.net/mads/static/mad/sdk/native/mraid/v2/mraid_app_banner.js
https://googleads.g.doubleclick.net/mads/static/mad/sdk/native/mraid/v2/mraid_app_expanded_banner.js
https://googleads.g.doubleclick.net/mads/static/mad/sdk/native/mraid/v2/mraid_app_interstitial.js
https://csi.gstatic.com/csi
https://sb-ssl.google.com/safebrowsing/clientreport/malware
https://pagead2.googlesyndication.com/pagead/gen_204
http://www.google.com
https://goo.gl/FZRIUV
https://app-measurement.com/a
https://www.googletagmanager.com
http://moreapp.rcplatformhk.net/pbweb/app/sendAdvLog.do
http://moreapp.rcplatformhk.net/pbweb/app/getAppConfig.do
http://play.google.com/store/apps/details?id=
http://play.google.com/store/apps/details?id=
http://play.google.com/store/apps/details?id=
http://play.google.com/store/search?q=pub:
http://play.google.com/store/search?q=pub:
http://instagram.com/_u/
http://www.instagram.com/
https://api.instagram.com/oauth/authorize/?client_id=
http://privacy.rcplatformhk.com/policy/nocrop_privacy.html
http://privacy.rcplatformhk.com/policy/nocrop_privacy.html
https://play.google.com/store/apps/details?id=
https://play.google.com/store/apps/details?id=
http://mimage.rcplatformhk.net/sticker/01Deco/01.png
http://mimage.rcplatformhk.net/sticker/01Deco/02.png
http://mimage.rcplatformhk.net/sticker/01Deco/03.png
http://mimage.rcplatformhk.net/sticker/01Deco/04.png
http://mimage.rcplatformhk.net/sticker/01Deco/05.png
http://mimage.rcplatformhk.net/sticker/01Deco/06.png
http://mimage.rcplatformhk.net/sticker/01Deco/07.png
http://mimage.rcplatformhk.net/sticker/01Deco/08.png
http://mimage.rcplatformhk.net/sticker/01Deco/09.png
http://mimage.rcplatformhk.net/sticker/01Deco/10.png
http://mimage.rcplatformhk.net/sticker/01Deco/11.png
http://mimage.rcplatformhk.net/sticker/01Deco/12.png
http://mimage.rcplatformhk.net/sticker/01Deco/13.png
http://mimage.rcplatformhk.net/sticker/01Deco/14.png
http://mimage.rcplatformhk.net/sticker/01Deco/15.png
http://mimage.rcplatformhk.net/sticker/01Deco/16.png
http://mimage.rcplatformhk.net/sticker/01Deco/17.png
http://mimage.rcplatformhk.net/sticker/01Deco/18.png
http://mimage.rcplatformhk.net/sticker/01Deco/19.png
http://mimage.rcplatformhk.net/sticker/01Deco/20.png
http://mimage.rcplatformhk.net/sticker/01Deco/21.png
http://mimage.rcplatformhk.net/sticker/01Deco/22.png
http://mimage.rcplatformhk.net/sticker/01Deco/23.png
http://mimage.rcplatformhk.net/sticker/01Deco/24.png
http://mimage.rcplatformhk.net/sticker/01Deco/25.png
http://mimage.rcplatformhk.net/sticker/01Deco/26.png
http://mimage.rcplatformhk.net/sticker/01Deco/27.png
http://mimage.rcplatformhk.net/sticker/01Deco/28.png
http://mimage.rcplatformhk.net/sticker/01Deco/29.png
http://mimage.rcplatformhk.net/sticker/01Deco/30.png
http://mimage.rcplatformhk.net/sticker/01Deco/31.png
http://mimage.rcplatformhk.net/sticker/01Deco/32.png
http://mimage.rcplatformhk.net/sticker/02Pop/01.png
http://mimage.rcplatformhk.net/sticker/02Pop/02.png
http://mimage.rcplatformhk.net/sticker/02Pop/03.png
http://mimage.rcplatformhk.net/sticker/02Pop/04.png
http://mimage.rcplatformhk.net/sticker/02Pop/05.png
http://mimage.rcplatformhk.net/sticker/02Pop/06.png
http://mimage.rcplatformhk.net/sticker/02Pop/07.png
http://mimage.rcplatformhk.net/sticker/02Pop/08.png
http://mimage.rcplatformhk.net/sticker/02Pop/09.png
http://mimage.rcplatformhk.net/sticker/02Pop/10.png
http://mimage.rcplatformhk.net/sticker/02Pop/11.png
http://mimage.rcplatformhk.net/sticker/02Pop/12.png
http://mimage.rcplatformhk.net/sticker/02Pop/13.png
http://mimage.rcplatformhk.net/sticker/02Pop/14.png
http://mimage.rcplatformhk.net/sticker/02Pop/15.png
http://mimage.rcplatformhk.net/sticker/02Pop/16.png
http://mimage.rcplatformhk.net/sticker/02Pop/17.png
http://mimage.rcplatformhk.net/sticker/02Pop/18.png
http://mimage.rcplatformhk.net/sticker/02Pop/19.png
http://mimage.rcplatformhk.net/sticker/02Pop/20.png
http://mimage.rcplatformhk.net/sticker/02Pop/21.png
http://mimage.rcplatformhk.net/sticker/02Pop/22.png
http://mimage.rcplatformhk.net/sticker/02Pop/23.png
http://mimage.rcplatformhk.net/sticker/02Pop/24.png
http://mimage.rcplatformhk.net/sticker/02Pop/25.png
http://mimage.rcplatformhk.net/sticker/02Pop/26.png
http://mimage.rcplatformhk.net/sticker/02Pop/27.png
http://mimage.rcplatformhk.net/sticker/02Pop/28.png
http://mimage.rcplatformhk.net/sticker/03White/01.png
http://mimage.rcplatformhk.net/sticker/03White/02.png
http://mimage.rcplatformhk.net/sticker/03White/03.png
http://mimage.rcplatformhk.net/sticker/03White/04.png
http://mimage.rcplatformhk.net/sticker/03White/05.png
http://mimage.rcplatformhk.net/sticker/03White/06.png
http://mimage.rcplatformhk.net/sticker/03White/07.png
http://mimage.rcplatformhk.net/sticker/03White/08.png
http://mimage.rcplatformhk.net/sticker/03White/10.png
http://mimage.rcplatformhk.net/sticker/03White/11.png
http://mimage.rcplatformhk.net/sticker/03White/12.png
http://mimage.rcplatformhk.net/sticker/03White/13.png
http://mimage.rcplatformhk.net/sticker/03White/14.png
http://mimage.rcplatformhk.net/sticker/03White/15.png
http://mimage.rcplatformhk.net/sticker/03White/17.png
http://mimage.rcplatformhk.net/sticker/03White/18.png
http://mimage.rcplatformhk.net/sticker/03White/19.png
http://mimage.rcplatformhk.net/sticker/03White/20.png
http://mimage.rcplatformhk.net/sticker/03White/21.png
http://mimage.rcplatformhk.net/sticker/03White/22.png
http://mimage.rcplatformhk.net/sticker/03White/23.png
http://mimage.rcplatformhk.net/sticker/03White/24.png
http://mimage.rcplatformhk.net/sticker/03White/25.png
http://mimage.rcplatformhk.net/sticker/03White/26.png
http://mimage.rcplatformhk.net/sticker/03White/27.png
http://mimage.rcplatformhk.net/sticker/03White/28.png
http://mimage.rcplatformhk.net/sticker/03White/29.png
http://mimage.rcplatformhk.net/sticker/03White/30.png
http://mimage.rcplatformhk.net/sticker/03White/31.png
http://mimage.rcplatformhk.net/sticker/03White/32.png
http://mimage.rcplatformhk.net/sticker/03White/33.png
http://mimage.rcplatformhk.net/sticker/03White/34.png
http://mimage.rcplatformhk.net/sticker/03White/35.png
http://mimage.rcplatformhk.net/sticker/03White/36.png
http://mimage.rcplatformhk.net/sticker/03White/38.png
http://mimage.rcplatformhk.net/sticker/03White/39.png
http://mimage.rcplatformhk.net/sticker/03White/40.png
http://mimage.rcplatformhk.net/sticker/03White/41.png
http://mimage.rcplatformhk.net/sticker/03White/42.png
http://mimage.rcplatformhk.net/sticker/03White/44.png
http://mimage.rcplatformhk.net/sticker/04Words/01.png
http://mimage.rcplatformhk.net/sticker/04Words/02.png
http://mimage.rcplatformhk.net/sticker/04Words/03.png
http://mimage.rcplatformhk.net/sticker/04Words/04.png
http://mimage.rcplatformhk.net/sticker/04Words/05.png
http://mimage.rcplatformhk.net/sticker/04Words/06.png
http://mimage.rcplatformhk.net/sticker/04Words/07.png
http://mimage.rcplatformhk.net/sticker/04Words/08.png
http://mimage.rcplatformhk.net/sticker/04Words/09.png
http://mimage.rcplatformhk.net/sticker/04Words/10.png
http://mimage.rcplatformhk.net/sticker/04Words/11.png
http://mimage.rcplatformhk.net/sticker/04Words/12.png
http://mimage.rcplatformhk.net/sticker/04Words/13.png
http://mimage.rcplatformhk.net/sticker/04Words/14.PNG
http://mimage.rcplatformhk.net/sticker/04Words/15.PNG
http://mimage.rcplatformhk.net/sticker/04Words/16.PNG
http://mimage.rcplatformhk.net/sticker/04Words/17.PNG
http://mimage.rcplatformhk.net/sticker/04Words/18.PNG
http://mimage.rcplatformhk.net/sticker/04Words/19.PNG
http://mimage.rcplatformhk.net/sticker/04Words/20.PNG
http://mimage.rcplatformhk.net/sticker/04Words/21.PNG
http://mimage.rcplatformhk.net/sticker/04Words/22.PNG
http://mimage.rcplatformhk.net/sticker/04Words/23.PNG
http://mimage.rcplatformhk.net/sticker/04Words/24.PNG
http://mimage.rcplatformhk.net/sticker/04Words/25.PNG
http://mimage.rcplatformhk.net/sticker/04Words/26.PNG
http://mimage.rcplatformhk.net/sticker/04Words/27.PNG
http://mimage.rcplatformhk.net/sticker/04Words/28.PNG
http://mimage.rcplatformhk.net/sticker/04Words/29.PNG
http://mimage.rcplatformhk.net/sticker/04Words/30.PNG
http://mimage.rcplatformhk.net/sticker/04Words/31.PNG
http://mimage.rcplatformhk.net/sticker/04Words/32.PNG
http://mimage.rcplatformhk.net/sticker/sticker/01e8c0f9-9d13-4152-a1e3-87584829ea7c/01.png
http://mimage.rcplatformhk.net/sticker/sticker/01e8c0f9-9d13-4152-a1e3-87584829ea7c/02.png
http://mimage.rcplatformhk.net/sticker/sticker/01e8c0f9-9d13-4152-a1e3-87584829ea7c/03.png
http://mimage.rcplatformhk.net/sticker/sticker/01e8c0f9-9d13-4152-a1e3-87584829ea7c/04.png
http://mimage.rcplatformhk.net/sticker/sticker/01e8c0f9-9d13-4152-a1e3-87584829ea7c/05.png
http://mimage.rcplatformhk.net/sticker/sticker/01e8c0f9-9d13-4152-a1e3-87584829ea7c/06.png
http://mimage.rcplatformhk.net/sticker/sticker/01e8c0f9-9d13-4152-a1e3-87584829ea7c/07.png
http://mimage.rcplatformhk.net/sticker/sticker/01e8c0f9-9d13-4152-a1e3-87584829ea7c/08.png
http://mimage.rcplatformhk.net/sticker/sticker/01e8c0f9-9d13-4152-a1e3-87584829ea7c/09.png
http://mimage.rcplatformhk.net/sticker/sticker/01e8c0f9-9d13-4152-a1e3-87584829ea7c/10.png
http://mimage.rcplatformhk.net/sticker/sticker/01e8c0f9-9d13-4152-a1e3-87584829ea7c/11.png
http://mimage.rcplatformhk.net/sticker/sticker/01e8c0f9-9d13-4152-a1e3-87584829ea7c/12.png
http://mimage.rcplatformhk.net/sticker/sticker/01e8c0f9-9d13-4152-a1e3-87584829ea7c/13.png
http://mimage.rcplatformhk.net/sticker/sticker/01e8c0f9-9d13-4152-a1e3-87584829ea7c/14.png
http://mimage.rcplatformhk.net/sticker/sticker/01e8c0f9-9d13-4152-a1e3-87584829ea7c/15.png
http://mimage.rcplatformhk.net/sticker/sticker/01e8c0f9-9d13-4152-a1e3-87584829ea7c/16.png
http://mimage.rcplatformhk.net/sticker/sticker/01e8c0f9-9d13-4152-a1e3-87584829ea7c/17.png
http://mimage.rcplatformhk.net/sticker/sticker/01e8c0f9-9d13-4152-a1e3-87584829ea7c/18.png
http://mimage.rcplatformhk.net/sticker/sticker/01e8c0f9-9d13-4152-a1e3-87584829ea7c/19.png
http://mimage.rcplatformhk.net/sticker/sticker/01e8c0f9-9d13-4152-a1e3-87584829ea7c/20.png
http://mimage.rcplatformhk.net/sticker/sticker/01e8c0f9-9d13-4152-a1e3-87584829ea7c/21.png
http://mimage.rcplatformhk.net/sticker/sticker/01e8c0f9-9d13-4152-a1e3-87584829ea7c/22.png
http://mimage.rcplatformhk.net/sticker/sticker/01e8c0f9-9d13-4152-a1e3-87584829ea7c/23.png
http://mimage.rcplatformhk.net/sticker/sticker/01e8c0f9-9d13-4152-a1e3-87584829ea7c/24.png
http://mimage.rcplatformhk.net/sticker/sticker/01e8c0f9-9d13-4152-a1e3-87584829ea7c/25.png
http://mimage.rcplatformhk.net/sticker/sticker/01e8c0f9-9d13-4152-a1e3-87584829ea7c/26.png
http://mimage.rcplatformhk.net/sticker/sticker/01e8c0f9-9d13-4152-a1e3-87584829ea7c/27.png
http://mimage.rcplatformhk.net/sticker/sticker/01e8c0f9-9d13-4152-a1e3-87584829ea7c/28.png
http://mimage.rcplatformhk.net/sticker/sticker/01e8c0f9-9d13-4152-a1e3-87584829ea7c/29.png
http://mimage.rcplatformhk.net/sticker/sticker/01e8c0f9-9d13-4152-a1e3-87584829ea7c/30.png
http://mimage.rcplatformhk.net/sticker/sticker/01e8c0f9-9d13-4152-a1e3-87584829ea7c/31.png
http://mimage.rcplatformhk.net/sticker/sticker/01e8c0f9-9d13-4152-a1e3-87584829ea7c/32.png
http://mimage.rcplatformhk.net/sticker/sticker/01e8c0f9-9d13-4152-a1e3-87584829ea7c/33.png
http://mimage.rcplatformhk.net/sticker/sticker/01e8c0f9-9d13-4152-a1e3-87584829ea7c/34.png
http://mimage.rcplatformhk.net/sticker/sticker/01e8c0f9-9d13-4152-a1e3-87584829ea7c/35.png
http://mimage.rcplatformhk.net/sticker/sticker/01e8c0f9-9d13-4152-a1e3-87584829ea7c/36.png
http://mimage.rcplatformhk.net/sticker/sticker/01e8c0f9-9d13-4152-a1e3-87584829ea7c/37.png
http://mimage.rcplatformhk.net/sticker/sticker/01e8c0f9-9d13-4152-a1e3-87584829ea7c/38.png
http://mimage.rcplatformhk.net/sticker/sticker/01e8c0f9-9d13-4152-a1e3-87584829ea7c/39.png
http://mimage.rcplatformhk.net/sticker/sticker/01e8c0f9-9d13-4152-a1e3-87584829ea7c/40.png
http://mimage.rcplatformhk.net/sticker/sticker/01e8c0f9-9d13-4152-a1e3-87584829ea7c/41.png
http://mimage.rcplatformhk.net/sticker/sticker/01e8c0f9-9d13-4152-a1e3-87584829ea7c/42.png
http://mimage.rcplatformhk.net/sticker/sticker/01e8c0f9-9d13-4152-a1e3-87584829ea7c/43.png
http://mimage.rcplatformhk.net/sticker/sticker/01e8c0f9-9d13-4152-a1e3-87584829ea7c/44.png
http://mimage.rcplatformhk.net/sticker/sticker/01e8c0f9-9d13-4152-a1e3-87584829ea7c/45.png
http://mimage.rcplatformhk.net/sticker/sticker/01e8c0f9-9d13-4152-a1e3-87584829ea7c/46.png
http://mimage.rcplatformhk.net/sticker/sticker/01e8c0f9-9d13-4152-a1e3-87584829ea7c/47.png
http://mimage.rcplatformhk.net/sticker/sticker/01e8c0f9-9d13-4152-a1e3-87584829ea7c/48.png
http://mimage.rcplatformhk.net/sticker/sticker/01e8c0f9-9d13-4152-a1e3-87584829ea7c/49.png
http://mimage.rcplatformhk.net/sticker/sticker/01e8c0f9-9d13-4152-a1e3-87584829ea7c/50.png
http://mimage.rcplatformhk.net/sticker/sticker/01e8c0f9-9d13-4152-a1e3-87584829ea7c/51.png
http://mimage.rcplatformhk.net/sticker/sticker/01e8c0f9-9d13-4152-a1e3-87584829ea7c/52.png
http://mimage.rcplatformhk.net/sticker/sticker/01e8c0f9-9d13-4152-a1e3-87584829ea7c/53.png
http://mimage.rcplatformhk.net/sticker/sticker/01e8c0f9-9d13-4152-a1e3-87584829ea7c/54.png
http://mimage.rcplatformhk.net/sticker/sticker/01e8c0f9-9d13-4152-a1e3-87584829ea7c/55.png
http://mimage.rcplatformhk.net/sticker/sticker/01e8c0f9-9d13-4152-a1e3-87584829ea7c/56.png
http://mimage.rcplatformhk.net/sticker/sticker/01e8c0f9-9d13-4152-a1e3-87584829ea7c/57.png
http://mimage.rcplatformhk.net/sticker/sticker/01e8c0f9-9d13-4152-a1e3-87584829ea7c/58.png
http://mimage.rcplatformhk.net/sticker/sticker/01e8c0f9-9d13-4152-a1e3-87584829ea7c/59.png
http://mimage.rcplatformhk.net/sticker/sticker/01e8c0f9-9d13-4152-a1e3-87584829ea7c/60.png
http://mimage.rcplatformhk.net/sticker/sticker/01e8c0f9-9d13-4152-a1e3-87584829ea7c/61.png
http://mimage.rcplatformhk.net/sticker/sticker/01e8c0f9-9d13-4152-a1e3-87584829ea7c/62.png
http://mimage.rcplatformhk.net/sticker/sticker/01e8c0f9-9d13-4152-a1e3-87584829ea7c/63.png
http://mimage.rcplatformhk.net/sticker/sticker/01e8c0f9-9d13-4152-a1e3-87584829ea7c/64.png
http://mimage.rcplatformhk.net/sticker/sticker/01e8c0f9-9d13-4152-a1e3-87584829ea7c/65.png
http://mimage.rcplatformhk.net/sticker/sticker/01e8c0f9-9d13-4152-a1e3-87584829ea7c/66.png
http://mimage.rcplatformhk.net/sticker/sticker/951af504-82ad-4125-bc35-94d02af7173f/01.png
http://mimage.rcplatformhk.net/sticker/sticker/951af504-82ad-4125-bc35-94d02af7173f/02.png
http://mimage.rcplatformhk.net/sticker/sticker/951af504-82ad-4125-bc35-94d02af7173f/03.png
http://mimage.rcplatformhk.net/sticker/sticker/951af504-82ad-4125-bc35-94d02af7173f/04.png
http://mimage.rcplatformhk.net/sticker/sticker/951af504-82ad-4125-bc35-94d02af7173f/05.png
http://mimage.rcplatformhk.net/sticker/sticker/951af504-82ad-4125-bc35-94d02af7173f/06.png
http://mimage.rcplatformhk.net/sticker/sticker/951af504-82ad-4125-bc35-94d02af7173f/07.png
http://mimage.rcplatformhk.net/sticker/sticker/951af504-82ad-4125-bc35-94d02af7173f/08.png
http://mimage.rcplatformhk.net/sticker/sticker/951af504-82ad-4125-bc35-94d02af7173f/09.png
http://mimage.rcplatformhk.net/sticker/sticker/951af504-82ad-4125-bc35-94d02af7173f/10.png
http://mimage.rcplatformhk.net/sticker/sticker/951af504-82ad-4125-bc35-94d02af7173f/11.png
http://mimage.rcplatformhk.net/sticker/sticker/951af504-82ad-4125-bc35-94d02af7173f/12.png
http://mimage.rcplatformhk.net/sticker/sticker/951af504-82ad-4125-bc35-94d02af7173f/13.png
http://mimage.rcplatformhk.net/sticker/sticker/951af504-82ad-4125-bc35-94d02af7173f/14.png
http://mimage.rcplatformhk.net/sticker/sticker/951af504-82ad-4125-bc35-94d02af7173f/15.png
http://mimage.rcplatformhk.net/sticker/sticker/951af504-82ad-4125-bc35-94d02af7173f/16.png
http://mimage.rcplatformhk.net/sticker/sticker/951af504-82ad-4125-bc35-94d02af7173f/17.png
http://mimage.rcplatformhk.net/sticker/sticker/951af504-82ad-4125-bc35-94d02af7173f/18.png
http://mimage.rcplatformhk.net/sticker/sticker/951af504-82ad-4125-bc35-94d02af7173f/19.png
http://mimage.rcplatformhk.net/sticker/sticker/951af504-82ad-4125-bc35-94d02af7173f/20.png
http://mimage.rcplatformhk.net/sticker/sticker/951af504-82ad-4125-bc35-94d02af7173f/21.png
http://mimage.rcplatformhk.net/sticker/sticker/951af504-82ad-4125-bc35-94d02af7173f/22.png
http://mimage.rcplatformhk.net/sticker/sticker/951af504-82ad-4125-bc35-94d02af7173f/23.png
http://mimage.rcplatformhk.net/sticker/sticker/951af504-82ad-4125-bc35-94d02af7173f/24.png
http://mimage.rcplatformhk.net/sticker/sticker/951af504-82ad-4125-bc35-94d02af7173f/25.png
http://mimage.rcplatformhk.net/sticker/sticker/951af504-82ad-4125-bc35-94d02af7173f/26.png
http://mimage.rcplatformhk.net/sticker/sticker/951af504-82ad-4125-bc35-94d02af7173f/27.png
http://mimage.rcplatformhk.net/sticker/sticker/951af504-82ad-4125-bc35-94d02af7173f/28.png
http://mimage.rcplatformhk.net/sticker/sticker/951af504-82ad-4125-bc35-94d02af7173f/29.png
http://mimage.rcplatformhk.net/sticker/sticker/951af504-82ad-4125-bc35-94d02af7173f/30.png
http://mimage.rcplatformhk.net/sticker/sticker/951af504-82ad-4125-bc35-94d02af7173f/31.png
http://mimage.rcplatformhk.net/sticker/sticker/951af504-82ad-4125-bc35-94d02af7173f/32.png
http://mimage.rcplatformhk.net/sticker/sticker/951af504-82ad-4125-bc35-94d02af7173f/33.png
http://mimage.rcplatformhk.net/sticker/sticker/951af504-82ad-4125-bc35-94d02af7173f/34.png
http://mimage.rcplatformhk.net/sticker/sticker/951af504-82ad-4125-bc35-94d02af7173f/35.png
http://mimage.rcplatformhk.net/sticker/sticker/951af504-82ad-4125-bc35-94d02af7173f/36.png
http://mimage.rcplatformhk.net/sticker/sticker/951af504-82ad-4125-bc35-94d02af7173f/37.png
http://mimage.rcplatformhk.net/sticker/sticker/951af504-82ad-4125-bc35-94d02af7173f/38.png
http://mimage.rcplatformhk.net/sticker/sticker/951af504-82ad-4125-bc35-94d02af7173f/39.png
http://mimage.rcplatformhk.net/sticker/sticker/951af504-82ad-4125-bc35-94d02af7173f/40.png
http://mimage.rcplatformhk.net/sticker/sticker/951af504-82ad-4125-bc35-94d02af7173f/41.png
http://mimage.rcplatformhk.net/sticker/sticker/951af504-82ad-4125-bc35-94d02af7173f/42.png
http://mimage.rcplatformhk.net/sticker/sticker/951af504-82ad-4125-bc35-94d02af7173f/43.png
http://mimage.rcplatformhk.net/sticker/sticker/951af504-82ad-4125-bc35-94d02af7173f/44.png
http://mimage.rcplatformhk.net/sticker/sticker/951af504-82ad-4125-bc35-94d02af7173f/45.png
http://mimage.rcplatformhk.net/sticker/sticker/951af504-82ad-4125-bc35-94d02af7173f/46.png
http://mimage.rcplatformhk.net/sticker/sticker/951af504-82ad-4125-bc35-94d02af7173f/47.png
http://mimage.rcplatformhk.net/sticker/sticker/951af504-82ad-4125-bc35-94d02af7173f/48.png
http://mimage.rcplatformhk.net/sticker/sticker/951af504-82ad-4125-bc35-94d02af7173f/49.png
http://mimage.rcplatformhk.net/sticker/sticker/951af504-82ad-4125-bc35-94d02af7173f/50.png
http://mimage.rcplatformhk.net/sticker/sticker/951af504-82ad-4125-bc35-94d02af7173f/51.png
http://mimage.rcplatformhk.net/sticker/sticker/951af504-82ad-4125-bc35-94d02af7173f/52.png
http://mimage.rcplatformhk.net/sticker/sticker/951af504-82ad-4125-bc35-94d02af7173f/53.png
http://mimage.rcplatformhk.net/sticker/sticker/951af504-82ad-4125-bc35-94d02af7173f/54.png
http://mimage.rcplatformhk.net/sticker/sticker/951af504-82ad-4125-bc35-94d02af7173f/55.png
http://mimage.rcplatformhk.net/sticker/sticker/951af504-82ad-4125-bc35-94d02af7173f/56.png
http://mimage.rcplatformhk.net/sticker/sticker/951af504-82ad-4125-bc35-94d02af7173f/57.png
http://mimage.rcplatformhk.net/sticker/sticker/951af504-82ad-4125-bc35-94d02af7173f/58.png
http://mimage.rcplatformhk.net/sticker/sticker/951af504-82ad-4125-bc35-94d02af7173f/59.png
http://mimage.rcplatformhk.net/sticker/sticker/951af504-82ad-4125-bc35-94d02af7173f/60.png
http://mimage.rcplatformhk.net/sticker/sticker/951af504-82ad-4125-bc35-94d02af7173f/61.png
http://mimage.rcplatformhk.net/sticker/sticker/5d681845-af82-4195-b4a9-35dc542f2252/01.png
http://mimage.rcplatformhk.net/sticker/sticker/5d681845-af82-4195-b4a9-35dc542f2252/02.png
http://mimage.rcplatformhk.net/sticker/sticker/5d681845-af82-4195-b4a9-35dc542f2252/03.png
http://mimage.rcplatformhk.net/sticker/sticker/5d681845-af82-4195-b4a9-35dc542f2252/04.png
http://mimage.rcplatformhk.net/sticker/sticker/5d681845-af82-4195-b4a9-35dc542f2252/05.png
http://mimage.rcplatformhk.net/sticker/sticker/5d681845-af82-4195-b4a9-35dc542f2252/06.png
http://mimage.rcplatformhk.net/sticker/sticker/5d681845-af82-4195-b4a9-35dc542f2252/07.png
http://mimage.rcplatformhk.net/sticker/sticker/5d681845-af82-4195-b4a9-35dc542f2252/08.png
http://mimage.rcplatformhk.net/sticker/sticker/5d681845-af82-4195-b4a9-35dc542f2252/09.png
http://mimage.rcplatformhk.net/sticker/sticker/5d681845-af82-4195-b4a9-35dc542f2252/10.png
http://mimage.rcplatformhk.net/sticker/sticker/5d681845-af82-4195-b4a9-35dc542f2252/11.png
http://mimage.rcplatformhk.net/sticker/sticker/5d681845-af82-4195-b4a9-35dc542f2252/12.png
http://mimage.rcplatformhk.net/sticker/sticker/5d681845-af82-4195-b4a9-35dc542f2252/13.png
http://mimage.rcplatformhk.net/sticker/sticker/5d681845-af82-4195-b4a9-35dc542f2252/14.png
http://mimage.rcplatformhk.net/sticker/sticker/5d681845-af82-4195-b4a9-35dc542f2252/15.png
http://mimage.rcplatformhk.net/sticker/sticker/5d681845-af82-4195-b4a9-35dc542f2252/16.png
http://mimage.rcplatformhk.net/sticker/sticker/5d681845-af82-4195-b4a9-35dc542f2252/17.png
http://mimage.rcplatformhk.net/sticker/sticker/5d681845-af82-4195-b4a9-35dc542f2252/18.png
http://mimage.rcplatformhk.net/sticker/sticker/5d681845-af82-4195-b4a9-35dc542f2252/19.png
http://mimage.rcplatformhk.net/sticker/sticker/5d681845-af82-4195-b4a9-35dc542f2252/20.png
http://mimage.rcplatformhk.net/sticker/sticker/5d681845-af82-4195-b4a9-35dc542f2252/21.png
http://mimage.rcplatformhk.net/sticker/sticker/5d681845-af82-4195-b4a9-35dc542f2252/22.png
http://mimage.rcplatformhk.net/sticker/sticker/5d681845-af82-4195-b4a9-35dc542f2252/23.png
http://mimage.rcplatformhk.net/sticker/sticker/5d681845-af82-4195-b4a9-35dc542f2252/24.png
http://mimage.rcplatformhk.net/sticker/sticker/5d681845-af82-4195-b4a9-35dc542f2252/25.png
http://mimage.rcplatformhk.net/sticker/sticker/5d681845-af82-4195-b4a9-35dc542f2252/26.png
http://mimage.rcplatformhk.net/sticker/sticker/5d681845-af82-4195-b4a9-35dc542f2252/27.png
http://mimage.rcplatformhk.net/sticker/sticker/5d681845-af82-4195-b4a9-35dc542f2252/28.png
http://mimage.rcplatformhk.net/sticker/sticker/5d681845-af82-4195-b4a9-35dc542f2252/29.png
http://mimage.rcplatformhk.net/sticker/sticker/5d681845-af82-4195-b4a9-35dc542f2252/30.png
http://mimage.rcplatformhk.net/sticker/sticker/5d681845-af82-4195-b4a9-35dc542f2252/31.png
http://mimage.rcplatformhk.net/sticker/sticker/5d681845-af82-4195-b4a9-35dc542f2252/32.png
http://mimage.rcplatformhk.net/sticker/sticker/5d681845-af82-4195-b4a9-35dc542f2252/33.png
http://mimage.rcplatformhk.net/sticker/sticker/5d681845-af82-4195-b4a9-35dc542f2252/34.png
http://mimage.rcplatformhk.net/sticker/sticker/5d681845-af82-4195-b4a9-35dc542f2252/35.png
http://mimage.rcplatformhk.net/sticker/sticker/5d681845-af82-4195-b4a9-35dc542f2252/36.png
http://mimage.rcplatformhk.net/sticker/sticker/5d681845-af82-4195-b4a9-35dc542f2252/37.png
http://mimage.rcplatformhk.net/sticker/sticker/5d681845-af82-4195-b4a9-35dc542f2252/38.png
http://mimage.rcplatformhk.net/sticker/sticker/5d681845-af82-4195-b4a9-35dc542f2252/39.png
http://mimage.rcplatformhk.net/sticker/sticker/5d681845-af82-4195-b4a9-35dc542f2252/40.png
http://mimage.rcplatformhk.net/sticker/sticker/5d681845-af82-4195-b4a9-35dc542f2252/41.png
http://mimage.rcplatformhk.net/sticker/sticker/5d681845-af82-4195-b4a9-35dc542f2252/42.png
http://mimage.rcplatformhk.net/sticker/sticker/5d681845-af82-4195-b4a9-35dc542f2252/43.png
http://mimage.rcplatformhk.net/sticker/sticker/5d681845-af82-4195-b4a9-35dc542f2252/44.png
http://mimage.rcplatformhk.net/sticker/sticker/5d681845-af82-4195-b4a9-35dc542f2252/45.png
http://mimage.rcplatformhk.net/sticker/sticker/5d681845-af82-4195-b4a9-35dc542f2252/46.png
http://mimage.rcplatformhk.net/sticker/sticker/5d681845-af82-4195-b4a9-35dc542f2252/47.png
http://mimage.rcplatformhk.net/sticker/sticker/5d681845-af82-4195-b4a9-35dc542f2252/48.png
http://mimage.rcplatformhk.net/sticker/sticker/5d681845-af82-4195-b4a9-35dc542f2252/49.png
http://mimage.rcplatformhk.net/sticker/sticker/5d681845-af82-4195-b4a9-35dc542f2252/50.png
http://mimage.rcplatformhk.net/sticker/sticker/5d681845-af82-4195-b4a9-35dc542f2252/51.png
http://mimage.rcplatformhk.net/sticker/sticker/5d681845-af82-4195-b4a9-35dc542f2252/52.png
http://mimage.rcplatformhk.net/sticker/sticker/5d681845-af82-4195-b4a9-35dc542f2252/53.png
http://mimage.rcplatformhk.net/sticker/sticker/5d681845-af82-4195-b4a9-35dc542f2252/54.png
http://mimage.rcplatformhk.net/sticker/sticker/5d681845-af82-4195-b4a9-35dc542f2252/55.png
http://inkpic.rcplatformhk.net/InkpicWeb/stickNew/getStickThumb.do
http://inkpic.rcplatformhk.net/InkpicWeb/stickNew/getStickList.do
https://app.getsentry.com:443/api/43633/store/
https://app.getsentry.com:443
https://app.getsentry.com:443
http://avr2.smaato.net/report2?
http://soma.smaato.net/oapi/reqAd.jsp?
http://adcontrol.rcplatformhk.net/AdlayoutBossWeb/platform/getRcAdvConrolV3.do
http://moreapp.rcplatformhk.net/pbweb/app/installLog.do
http://moreapp.rcplatformhk.net/pbweb/app/getAndroidAppList.do
http://moreapp.rcplatformhk.net/pbweb/moreapps/getMaxAppListIdByAppId.do
http://moreapp.rcplatformhk.net/pbweb/app/getList.do
http://moreapp.rcplatformhk.net/pbweb/moreapps/url.do
http://192.168.0.86:8085/pbtest/getList.do
http://192.168.0.86:8085/pbtest/sendLog.do
http://nocrop.rcplatformhk.net/NoCropWeb/external/getMaxFontId.do
http://nocrop.rcplatformhk.net/NoCropWeb/external/getFonts.do
http://ad.apps.fm/ZmdrtJGJteJgN0ZBnh7a5a5px440Px0vtrw1ww5B54ylDUkdBZ4TT1vYtZTgaUUrEWvuvXdni4TL5PWrcW4I-nZChfn7zhfD3hbWqyt8lP0
http://alog.umeng.com/app_logs
http://alog.umengcloud.com/app_logs
https://cmnsguider.yunos.com:443/genDeviceToken
https://uop.umeng.com
http://log.umsns.com/share/api/

[INTERNAL_LOG][2018-06-12 06:57:47,215][INFO][find_url_in_apk()] [END ALL URL INSIDE APK]
[INTERNAL_LOG][2018-06-12 06:57:47,228][INFO][check_method_conf()] [JavaScript enabled: True]

[INTERNAL_LOG][2018-06-12 06:57:47,228][INFO][check_method_conf()] [Add interface WebView: True]

[INTERNAL_LOG][2018-06-12 06:57:47,228][INFO][analyze_start()] This app might be not vulnerable on  attack frame confusion.
[INTERNAL_LOG][2018-06-12 06:57:47,228][INFO][analyze_start()] End time:[Tue Jun 12 06:57:47 2018]
