[INTERNAL_LOG][2018-06-12 07:51:48,410][INFO][analyze_start()] Init Time [Tue Jun 12 07:51:48 2018]
[INTERNAL_LOG][2018-06-12 07:51:48,484][INFO][run()] Start Analysis
[INTERNAL_LOG][2018-06-12 07:51:48,485][INFO][is_hybird()] [Permission Enble Start]
[INTERNAL_LOG][2018-06-12 07:51:48,485][INFO][is_hybird()] android.permission.CAMERA
[INTERNAL_LOG][2018-06-12 07:51:48,485][INFO][is_hybird()] android.permission.INTERNET
[INTERNAL_LOG][2018-06-12 07:51:48,485][INFO][is_hybird()] android.permission.ACCESS_FINE_LOCATION
[INTERNAL_LOG][2018-06-12 07:51:48,486][INFO][is_hybird()] android.permission.READ_EXTERNAL_STORAGE
[INTERNAL_LOG][2018-06-12 07:51:48,486][INFO][is_hybird()] android.permission.WRITE_EXTERNAL_STORAGE
[INTERNAL_LOG][2018-06-12 07:51:48,486][INFO][is_hybird()] android.permission.READ_PHONE_STATE
[INTERNAL_LOG][2018-06-12 07:51:48,486][INFO][is_hybird()] android.permission.WAKE_LOCK
[INTERNAL_LOG][2018-06-12 07:51:48,486][INFO][is_hybird()] com.android.alarm.permission.SET_ALARM
[INTERNAL_LOG][2018-06-12 07:51:48,486][INFO][is_hybird()] android.permission.RECORD_AUDIO
[INTERNAL_LOG][2018-06-12 07:51:48,486][INFO][is_hybird()] android.permission.ACCESS_NETWORK_STATE
[INTERNAL_LOG][2018-06-12 07:51:48,486][INFO][is_hybird()] com.google.android.c2dm.permission.RECEIVE
[INTERNAL_LOG][2018-06-12 07:51:48,486][INFO][is_hybird()] com.app.vsionteq.omegadigibible.permission.C2D_MESSAGE
[INTERNAL_LOG][2018-06-12 07:51:48,486][INFO][is_hybird()] [Permission End]

[INTERNAL_LOG][2018-06-12 07:51:48,486][INFO][analyze_start()] TYPE APK: [ANDROID NATIVE]

[INTERNAL_LOG][2018-06-12 07:51:48,486][INFO][find_string()] [START FILE ANALYZE]
[INTERNAL_LOG][2018-06-12 07:51:48,486][INFO][find_string()] File: com/itextpdf/text/pdf/fonts/mustRead.html
[INTERNAL_LOG][2018-06-12 07:51:48,487][INFO][find_string()] No iframe in com/itextpdf/text/pdf/fonts/mustRead.html
[INTERNAL_LOG][2018-06-12 07:51:48,488][INFO][find_string()] [END ANALYZE FILE]

[INTERNAL_LOG][2018-06-12 07:51:48,488][INFO][find_string()] [START FILE ANALYZE]
[INTERNAL_LOG][2018-06-12 07:51:48,488][INFO][find_string()] [END ANALYZE FILE]

[INTERNAL_LOG][2018-06-12 07:54:27,365][INFO][find_url_in_apk()] [START ALL URL INSIDE APK]
[INTERNAL_LOG][2018-06-12 07:54:27,365][INFO][find_url_in_apk()] http://schemas.android.com/apk/res/android
http://mcgistream.ddns.net:8080/hls/omega247.m3u8
http://mcgistream.ddns.net:8080/hls/omega247.m3u8
http://livestream01.mcgi.org:1935/public/mcgicp/playlist.m3u8
https://omegadb.s3.amazonaws.com/readingplans/
http://admin.omegadigibible.com/api/getdownloadables
http://admin.omegadigibible.com/api/getreadingplans
http://admin.omegadigibible.com/api/getrecentblogs
http://admin.omegadigibible.com/api/searchblog
http://admin.omegadigibible.com/api/getoneminuteprayer
http://admin.omegadigibible.com/api/getaudiobible
http://admin.omegadigibible.com/api/getaudiobibleurl
http://admin.omegadigibible.com/api/getyearschedules
http://admin.omegadigibible.com/memberdevices/registerdevice
https://maps.googleapis.com/maps/api/staticmap?markers=
http://omegadb.s3.amazonaws.com/verseoftheday/verse_of_the_day.txt
https://www.dropbox.com/OmegaDigiBible/auth
https://stat-si.cloudrail.com/current_version?service=
https://developers.cloudrail.com/api/misc/check-license/
http://s3.amazonaws.com/doc/2006-03-01/
https://api.backblazeb2.com/b2api/v1/b2_authorize_account
https://api.box.com/2.0/users/me
https://api.box.com/2.0/files/
https://upload.box.com/api/2.0/files/content
https://upload.box.com/api/2.0/files/
https://api.box.com/2.0/
https://api.box.com/2.0/folders/
https://api.box.com/2.0/folders
https://api.box.com/oauth2/revoke
https://api.box.com/2.0/search
https://api.box.com/2.0
https://account.box.com/api/oauth2/authorize?response_type=code&client_id=
https://api.box.com/oauth2/token
https://www.cloudrailauth.com/auth
https://www.cloudrailauth.com/auth
https://www.cloudrailauth.com/auth
https://www.cloudrailauth.com/auth
https://www.cloudrailauth.com/auth
https://www.cloudrailauth.com/auth
https://www.cloudrailauth.com/auth
https://www.cloudrailauth.com/auth
https://www.cloudrailauth.com/auth
https://www.cloudrailauth.com/auth
https://www.cloudrailauth.com/auth
https://www.cloudrailauth.com/auth
https://www.cloudrailauth.com/auth
https://www.cloudrailauth.com/auth
https://www.cloudrailauth.com/auth
https://www.cloudrailauth.com/auth
https://www.cloudrailauth.com/auth
https://www.cloudrailauth.com/auth
https://www.cloudrailauth.com/auth
https://www.cloudrailauth.com/auth
https://www.cloudrailauth.com/auth
https://www.cloudrailauth.com/auth
https://www.cloudrailauth.com/auth
https://www.cloudrailauth.com/auth
https://www.cloudrailauth.com/auth
https://www.cloudrailauth.com/auth
https://www.cloudrailauth.com/auth
https://www.cloudrailauth.com/auth
https://www.cloudrailauth.com/auth
https://www.cloudrailauth.com/auth
https://www.cloudrailauth.com/auth
https://www.cloudrailauth.com/auth
https://www.cloudrailauth.com/auth
https://www.cloudrailauth.com/auth
https://www.cloudrailauth.com/auth
https://api.dropboxapi.com/2/users/get_current_account
https://content.dropboxapi.com/2/files/download
https://api.dropboxapi.com/2/files/move
https://api.dropboxapi.com/2/files/delete
https://api.dropboxapi.com/2/files/copy
https://api.dropboxapi.com/2/files/create_folder
https://api.dropboxapi.com/2/files/get_metadata
https://api.dropboxapi.com/2/files/list_folder
https://api.dropboxapi.com/2/files/list_folder/continue
https://api.dropboxapi.com/2/auth/token/revoke
https://api.dropboxapi.com/2/users/get_space_usage
https://api.dropboxapi.com/2/sharing/list_shared_links
https://api.dropboxapi.com/2/sharing/create_shared_link_with_settings
https://content.dropboxapi.com/2/files/get_thumbnail
https://api.dropboxapi.com/2/files/search
https://api.dropboxapi.com/2
https://www.dropbox.com/oauth2/authorize?response_type=code&force_reauthentication=true&redirect_uri=
https://api.dropboxapi.com/oauth2/token
https://content.dropboxapi.com/2/files/upload
https://content.dropboxapi.com/2/files/upload_session/start
https://content.dropboxapi.com/2/files/upload_session/append_v2
https://content.dropboxapi.com/2/files/upload_session/finish
https://graph.facebook.com
https://graph.facebook.com
https://graph.facebook.com/v2.8/me/feed?message=
https://graph.facebook.com/v2.8/me/photos
https://graph-video.facebook.com/v2.8/me/videos
https://graph.facebook.com/v2.8/me/friends
https://graph.facebook.com/v2.8/me/permissions
https://graph.facebook.com/v2.8/me/permissions
https://graph.facebook.com/v2.8/me?fields=locale,gender,name,birthday,email,about
https://graph.facebook.com/v2.8/me/picture?fields=url&type=large&redirect=false
https://www.facebook.com/dialog/oauth?response_type=code&client_id=
https://www.facebook.com/dialog/oauth?response_type=code&client_id=
https://graph.facebook.com/v2.8/oauth/access_token?client_id=
https://graph.facebook.com/v2.8/oauth/access_token?client_id=
https://graph.facebook.com/v2.6/me/messages?access_token=
https://graph.facebook.com/v2.6/me
https://graph.facebook.com/v2.8/
https://graph-video.facebook.com/v2.8/
https://graph.facebook.com/v2.8/me/accounts
https://api.foursquare.com/v2
https://api.foursquare.com/v2/venues/
https://www.googleapis.com/gmail/v1/users/
https://www.googleapis.com/gmail/v1
https://accounts.google.com/o/oauth2/v2/auth?client_id=
https://accounts.google.com/o/oauth2/v2/auth?client_id=
https://accounts.google.com/o/oauth2/v2/auth?client_id=
https://accounts.google.com/o/oauth2/v2/auth?client_id=
https://www.googleapis.com/oauth2/v4/token
https://www.googleapis.com/oauth2/v4/token
https://www.googleapis.com/oauth2/v4/token
https://www.googleapis.com/oauth2/v4/token
https://www.googleapis.com/oauth2/v4/token
https://api.github.com
https://api.github.com/user
https://github.com/login/oauth/authorize?client_id=
https://github.com/login/oauth/access_token
https://www.googleapis.com
https://www.googleapis.com/auth/cloud-platform
https://www.googleapis.com/drive/v3/about?fields=user&key=
https://www.googleapis.com/drive/v3/files/
https://www.googleapis.com/drive/v3/files
https://www.googleapis.com/drive/v3/files?pageSize=
https://www.googleapis.com/upload/drive/v2/files?uploadType=resumable
https://www.googleapis.com/upload/drive/v2/files/
https://accounts.google.com/o/oauth2/revoke?token=
https://accounts.google.com/o/oauth2/revoke?token=
https://accounts.google.com/o/oauth2/revoke?token=
https://www.googleapis.com/drive/v3/about?fields=storageQuota&key=
https://www.googleapis.com/drive/v3
https://www.googleapis.com/drive/v3/files?q=
https://www.googleapis.com/drive/v3/files?fields=files(id%2CmimeType%2Cname%2Csize%2Ctrashed%2CmodifiedTime%2CimageMediaMetadata)%2Ckind%2CnextPageToken&q=
https://www.googleapis.com/batch
https://www.googleapis.com/drive/v3/files/root
https://maps.googleapis.com/maps/api/place
https://maps.googleapis.com/maps/api/place/photo?key=
https://www.googleapis.com/plus/v1
https://www.googleapis.com/plus/v1/people/me
https://api.heroku.com
https://api.heroku.com/account
https://id.heroku.com/oauth/authorize?client_id=
https://id.heroku.com/oauth/token
https://api.instagram.com/v1
https://api.instagram.com/oauth/authorize/?client_id=
https://api.instagram.com/oauth/access_token
https://api.instagram.com/v1/users/self/?access_token=
https://api.line.me/v2/bot/message
https://webhooks.cloudrail.com/home/ubuntu/server/media/cloudrail_preview.png
https://api.line.me/v2/bot/message/push
https://api.line.me/v2/bot/message/
https://api.linkedin.com/v1
https://www.linkedin.com/uas/oauth2/authorization?response_type=code&client_id=
https://www.linkedin.com/uas/oauth2/accessToken
https://api.linkedin.com/v1/people/~:(id,first-name,last-name,email-address,summary,picture-url)?format=json
https://api.mailjet.com/v3
https://api.mailjet.com/v3/send
https://graph.microsoft.com/v1.0
https://graph.microsoft.com/v1.0
https://graph.microsoft.com/v1.0
https://graph.microsoft.com/v1.0/users/me
https://graph.microsoft.com/v1.0/users/me
https://login.microsoftonline.com/common/oauth2/v2.0/authorize?client_id=
https://login.microsoftonline.com/common/oauth2/v2.0/authorize?client_id=
https://login.microsoftonline.com/common/oauth2/v2.0/token
https://login.microsoftonline.com/common/oauth2/v2.0/token
https://apis.live.net/v5.0
https://apis.live.net/v5.0/
https://apis.live.net/v5.0/me?access_token=
https://login.live.com/oauth20_authorize.srf?client_id=
https://login.live.com/oauth20_token.srf
https://rest.nexmo.com
https://login.microsoftonline.com/common/oauth2/authorize?client_id=
https://login.microsoftonline.com/common/oauth2/token
https://api.office.com/discovery/v2.0/me/services
https://api.pcloud.com/
https://my.pcloud.com/
https://api.sandbox.paypal.com/v1
https://api.paypal.com/v1
http://www.cloudrail.com
https://api.producthunt.com/v1
https://identity.api.rackspacecloud.com/v2.0/tokens
https://api.sendgrid.com/v3
https://slack.com/api
https://slack.com/api/users.identity?token=
https://slack.com/oauth/authorize?redirect_uri=
https://slack.com/api/oauth.access?
https://slack.com/api/
https://api.stripe.com/v1
https://api.stripe.com/v1/charges
https://api.stripe.com/v1/plans?limit=100
https://api.stripe.com/v1/customers
https://api.telegram.org/bot
https://api.telegram.org/file/bot
https://api.twilio.com/2010-04-01/Accounts/
https://api.twitch.tv/kraken/search/streams?query=
https://api.twitch.tv/kraken/videos/
https://api.twitch.tv/kraken/channels/
https://api.twitch.tv/kraken/channel
https://api.twitch.tv/kraken/oauth2/revoke?client_id=
https://api.twitch.tv/kraken
https://api.twitch.tv/kraken/videos?channel_id=
https://api.twitch.tv/kraken/oauth2/token
https://api.twitch.tv/kraken/oauth2/authorize?client_id=
https://upload.twitter.com/1.1/media/upload.json
https://api.twitter.com/1.1/friends/ids.json
https://api.twitter.com/1.1/account/verify_credentials.json
https://api.twitter.com/1.1/statuses/update.json
https://api.twitter.com/1.1
https://api.twitter.com/oauth/request_token
https://api.twitter.com/oauth/authenticate?oauth_token=
https://api.twitter.com/oauth/access_token
https://api-asia-01.twizo.com
https://chatapi.viber.com/pa
https://webhooks.cloudrail.com/home/ubuntu/server/media/cloudrail_small_preview_viber.jpg
https://api.vimeo.com/videos/
https://api.vimeo.com/users/
https://api.vimeo.com/me
https://api.vimeo.com/tokens
https://api.vimeo.com
https://api.vimeo.com/me/videos
https://api.vimeo.com/oauth/authorize/client?grant_type=client_credentials
https://api.vimeo.com/oauth/authorize?client_id=
https://api.vimeo.com/oauth/access_token
https://api.vimeo.com/
https://social.yahooapis.com/v1
https://social.yahooapis.com/v1/me/guid
https://social.yahooapis.com/v1/user/
https://api.login.yahoo.com/oauth2/request_auth?client_id=
https://api.login.yahoo.com/oauth2/get_token
https://api.yelp.com/v3
https://api.yelp.com/v3/businesses/search
https://api.yelp.com/oauth2/token
https://www.googleapis.com/youtube/v3
https://www.googleapis.com/upload/youtube/v3/videos?uploadType=resumable&part=snippet
https://www.googleapis.com/youtube/v3/search?part=id&type=video&maxResults=50
https://www.googleapis.com/youtube/v3/videos?part=snippet,contentDetails,statistics,player
https://www.googleapis.com/youtube/v3/channels?part=snippet,contentDetails,statistics,brandingSettings
https://www.googleapis.com/youtube/v3/channels?part=snippet,contentDetails,statistics,brandingSettings&mine=true
https://keys.cloudrail.com/api/entries
http://www.android.com
http://dbt.io
http://dbt.io
https://pagead2.googlesyndication.com/pagead/gen_204?id=gmob-apps
https://www.googleapis.com/auth/games_lite
https://www.googleapis.com/auth/games
https://plus.google.com/
https://app-measurement.com/a
https://www.google.com
http://ns.adobe.com/xap/1.0/
http://ns.adobe.com/xap/1.0/
http://ns.adobe.com/xap/1.0/
http://ns.adobe.com/xap/1.0/
http://ns.adobe.com/xap/1.0/
http://ns.adobe.com/xap/1.0/
http://ns.adobe.com/xap/1.0/
http://ns.adobe.com/xap/1.0/
http://ns.adobe.com/xap/1.0/
http://ns.adobe.com/xap/1.0/
http://ns.adobe.com/xap/1.0/
http://ns.adobe.com/pdf/1.3/
http://ns.adobe.com/pdf/1.3/
http://ns.adobe.com/pdf/1.3/
http://ns.adobe.com/pdf/1.3/
http://ns.adobe.com/pdf/1.3/
http://ns.adobe.com/pdf/1.3/
http://ns.adobe.com/pdf/1.3/
http://ns.adobe.com/pdf/1.3/
http://ns.adobe.com/pdf/1.3/
http://www.color.org
http://www.aiim.org/pdfua/ns/id/
http://www.aiim.org/pdfua/ns/id/
http://www.aiim.org/pdfa/ns/id/
http://www.aiim.org/pdfa/ns/id/
http://www.aiim.org/pdfa/ns/id/
http://www.aiim.org/pdfa/ns/id/
http://www.aiim.org/pdfa/ns/id/
http://www.aiim.org/pdfa/ns/id/
http://www.xfa.org/schema/xfa-data/1.0/
http://www.xfa.org/schema/xfa-data/1.0/
http://www.xfa.org/schema/xfa-data/1.0/
http://www.xfa.org/schema/xfa-data/1.0/
http://www.xfa.org/schema/xfa-data/1.0/
http://www.w3.org/2000/09/xmldsig#sha1
http://www.w3.org/2000/09/xmldsig#sha1
http://www.w3.org/2000/09/xmldsig#sha1
http://www.w3.org/2000/09/xmldsig#enveloped-signature
http://www.w3.org/2002/06/xmldsig-filter2
http://uri.etsi.org/01903/v1.3.2#
http://uri.etsi.org/01903/v1.3.2#
http://www.w3.org/2000/09/xmldsig#
http://www.w3.org/2000/xmlns/
http://www.w3.org/2000/09/xmldsig#rsa-sha1
http://www.w3.org/2000/09/xmldsig#rsa-sha1
http://uri.etsi.org/01903#SignedProperties
http://www.w3.org/TR/2001/REC-xml-c14n-20010315
http://www.w3.org/TR/2001/REC-xml-c14n-20010315
http://www.w3.org/2000/09/xmldsig#dsa-sha1
http://www.w3.org/2000/09/xmldsig#dsa-sha1
http://purl.org/dc/elements/1.1/
http://purl.org/dc/elements/1.1/
http://purl.org/dc/elements/1.1/
http://purl.org/dc/elements/1.1/
http://purl.org/dc/elements/1.1/
http://purl.org/dc/elements/1.1/
http://purl.org/dc/elements/1.1/
http://purl.org/dc/elements/1.1/
http://purl.org/dc/elements/1.1/
http://purl.org/dc/elements/1.1/
http://purl.org/dc/elements/1.1/
http://purl.org/dc/elements/1.1/
http://purl.org/dc/elements/1.1/
http://purl.org/dc/elements/1.1/
http://purl.org/dc/elements/1.1/
http://purl.org/dc/elements/1.1/
http://purl.org/dc/elements/1.1/
http://purl.org/dc/elements/1.1/
http://purl.org/dc/elements/1.1/
http://www.w3.org/1999/02/22-rdf-syntax-ns#
http://www.w3.org/1999/02/22-rdf-syntax-ns#
http://www.w3.org/1999/02/22-rdf-syntax-ns#
http://www.w3.org/1999/02/22-rdf-syntax-ns#
http://www.w3.org/1999/02/22-rdf-syntax-ns#
http://www.w3.org/1999/02/22-rdf-syntax-ns#
http://www.w3.org/1999/02/22-rdf-syntax-ns#
http://www.w3.org/1999/02/22-rdf-syntax-ns#
http://www.w3.org/1999/02/22-rdf-syntax-ns#
http://purl.org/dc/1.1/
http://ns.adobe.com/tiff/1.0/
http://ns.adobe.com/tiff/1.0/
http://ns.adobe.com/tiff/1.0/
http://ns.adobe.com/exif/1.0/
http://ns.adobe.com/exif/1.0/
http://ns.adobe.com/exif/1.0/
http://ns.adobe.com/exif/1.0/aux/
http://ns.adobe.com/exif/1.0/aux/
http://ns.adobe.com/photoshop/1.0/
http://ns.adobe.com/photoshop/1.0/
http://ns.adobe.com/photoshop/1.0/
http://ns.adobe.com/camera-raw-settings/1.0/
http://ns.adobe.com/camera-raw-settings/1.0/
http://ns.adobe.com/StockPhoto/1.0/
http://ns.adobe.com/StockPhoto/1.0/
http://ns.adobe.com/xap/1.0/mm/
http://ns.adobe.com/xap/1.0/mm/
http://ns.adobe.com/xap/1.0/mm/
http://ns.adobe.com/xap/1.0/t/
http://ns.adobe.com/xap/1.0/t/
http://ns.adobe.com/xap/1.0/t/pg/
http://ns.adobe.com/xap/1.0/t/pg/
http://ns.adobe.com/xap/1.0/g/
http://ns.adobe.com/xap/1.0/g/
http://ns.adobe.com/xap/1.0/g/img/
http://ns.adobe.com/xap/1.0/g/img/
http://ns.adobe.com/xap/1.0/sType/Font#
http://ns.adobe.com/xap/1.0/sType/Font#
http://javax.xml.XMLConstants/feature/secure-processing
http://xml.org/sax/features/external-general-entities
http://apache.org/xml/features/disallow-doctype-decl
http://ns.adobe.com/xmp/1.0/DynamicMedia/
http://ns.adobe.com/xmp/1.0/DynamicMedia/
http://ns.adobe.com/xap/1.0/rights/
http://ns.adobe.com/xap/1.0/rights/
http://ns.adobe.com/xap/1.0/rights/
http://ns.adobe.com/png/1.0/
http://ns.adobe.com/png/1.0/
http://www.w3.org/XML/1998/namespace
http://iptc.org/std/Iptc4xmpCore/1.0/xmlns/
http://iptc.org/std/Iptc4xmpExt/2008-02-29/
http://ns.adobe.com/DICOM/
http://ns.useplus.org/ldf/xmp/1.0/
http://ns.adobe.com/iX/1.0/
http://ns.adobe.com/xap/1.0/bj/
http://ns.adobe.com/xmp/note/
http://ns.adobe.com/pdfx/1.3/
http://www.npes.org/pdfx/ns/id/
http://www.aiim.org/pdfa/ns/schema#
http://www.aiim.org/pdfa/ns/property#
http://www.aiim.org/pdfa/ns/type#
http://www.aiim.org/pdfa/ns/field#
http://www.aiim.org/pdfa/ns/extension/
http://ns.adobe.com/album/1.0/
http://cipa.jp/exif/1.0/
http://ns.adobe.com/jpeg/1.0/
http://ns.adobe.com/jp2k/1.0/
http://ns.adobe.com/creatorAtom/1.0/
http://ns.adobe.com/asf/1.0/
http://ns.adobe.com/xmp/wav/1.0/
http://ns.adobe.com/bwf/bext/1.0/
http://ns.adobe.com/riff/info/
http://ns.adobe.com/xmp/1.0/Script/
http://ns.adobe.com/TransformXMP/
http://ns.adobe.com/swf/1.0/
http://ns.adobe.com/xmp/transient/1.0/
http://ns.adobe.com/xap/1.0/sType/Dimensions#
http://ns.adobe.com/xap/1.0/sType/ResourceEvent#
http://ns.adobe.com/xap/1.0/sType/ResourceRef#
http://ns.adobe.com/xap/1.0/sType/Version#
http://ns.adobe.com/xap/1.0/sType/Job#
http://ns.adobe.com/xap/1.0/sType/ManifestItem#
http://ns.adobe.com/xmp/Identifier/qual/1.0/

[INTERNAL_LOG][2018-06-12 07:54:27,365][INFO][find_url_in_apk()] [END ALL URL INSIDE APK]
[INTERNAL_LOG][2018-06-12 07:54:27,371][INFO][check_method_conf()] [JavaScript enabled: True]

[INTERNAL_LOG][2018-06-12 07:54:27,371][INFO][check_method_conf()] [Add interface WebView: False]

[INTERNAL_LOG][2018-06-12 07:54:27,371][INFO][analyze_start()] This app might be not vulnerable on  attack frame confusion.
[INTERNAL_LOG][2018-06-12 07:54:27,371][INFO][analyze_start()] End time:[Tue Jun 12 07:54:27 2018]
