[INTERNAL_LOG][2018-06-12 04:31:57,019][INFO][analyze_start()] Init Time [Tue Jun 12 04:31:57 2018]
[INTERNAL_LOG][2018-06-12 04:31:57,099][INFO][run()] Start Analysis
[INTERNAL_LOG][2018-06-12 04:31:57,100][INFO][is_hybird()] [Permission Enble Start]
[INTERNAL_LOG][2018-06-12 04:31:57,100][INFO][is_hybird()] android.permission.CAMERA
[INTERNAL_LOG][2018-06-12 04:31:57,100][INFO][is_hybird()] android.permission.MODIFY_AUDIO_SETTINGS
[INTERNAL_LOG][2018-06-12 04:31:57,100][INFO][is_hybird()] android.permission.RECORD_AUDIO
[INTERNAL_LOG][2018-06-12 04:31:57,100][INFO][is_hybird()] android.permission.GET_ACCOUNTS
[INTERNAL_LOG][2018-06-12 04:31:57,100][INFO][is_hybird()] android.permission.READ_PROFILE
[INTERNAL_LOG][2018-06-12 04:31:57,100][INFO][is_hybird()] android.permission.READ_CONTACTS
[INTERNAL_LOG][2018-06-12 04:31:57,100][INFO][is_hybird()] android.permission.INTERNET
[INTERNAL_LOG][2018-06-12 04:31:57,100][INFO][is_hybird()] android.permission.ACCESS_NETWORK_STATE
[INTERNAL_LOG][2018-06-12 04:31:57,100][INFO][is_hybird()] android.permission.ACCESS_WIFI_STATE
[INTERNAL_LOG][2018-06-12 04:31:57,100][INFO][is_hybird()] android.permission.READ_EXTERNAL_STORAGE
[INTERNAL_LOG][2018-06-12 04:31:57,101][INFO][is_hybird()] android.permission.WAKE_LOCK
[INTERNAL_LOG][2018-06-12 04:31:57,101][INFO][is_hybird()] android.permission.WRITE_EXTERNAL_STORAGE
[INTERNAL_LOG][2018-06-12 04:31:57,101][INFO][is_hybird()] android.permission.ACCESS_COARSE_LOCATION
[INTERNAL_LOG][2018-06-12 04:31:57,101][INFO][is_hybird()] android.permission.VIBRATE
[INTERNAL_LOG][2018-06-12 04:31:57,101][INFO][is_hybird()] com.google.android.c2dm.permission.RECEIVE
[INTERNAL_LOG][2018-06-12 04:31:57,101][INFO][is_hybird()] com.oovoo.permission.C2D_MESSAGE
[INTERNAL_LOG][2018-06-12 04:31:57,101][INFO][is_hybird()] android.permission.ACCESS_FINE_LOCATION
[INTERNAL_LOG][2018-06-12 04:31:57,101][INFO][is_hybird()] [Permission End]

[INTERNAL_LOG][2018-06-12 04:31:57,101][INFO][analyze_start()] TYPE APK: [ANDROID NATIVE]

[INTERNAL_LOG][2018-06-12 04:31:57,101][INFO][find_string()] [START FILE ANALYZE]
[INTERNAL_LOG][2018-06-12 04:31:57,101][INFO][find_string()] [END ANALYZE FILE]

[INTERNAL_LOG][2018-06-12 04:31:57,101][INFO][find_string()] [START FILE ANALYZE]
[INTERNAL_LOG][2018-06-12 04:31:57,101][INFO][find_string()] File: assets/mmadsdk/actionsQueue.js
[INTERNAL_LOG][2018-06-12 04:31:57,102][INFO][find_string()] No iframe in assets/mmadsdk/actionsQueue.js
[INTERNAL_LOG][2018-06-12 04:31:57,102][INFO][find_string()] File: assets/mmadsdk/mm.js
[INTERNAL_LOG][2018-06-12 04:31:57,104][INFO][find_string()] No iframe in assets/mmadsdk/mm.js
[INTERNAL_LOG][2018-06-12 04:31:57,104][INFO][find_string()] File: assets/mmadsdk/mraid.js
[INTERNAL_LOG][2018-06-12 04:31:57,106][INFO][find_string()] No iframe in assets/mmadsdk/mraid.js
[INTERNAL_LOG][2018-06-12 04:31:57,106][INFO][find_string()] File: assets/mmadsdk/vpaid.js
[INTERNAL_LOG][2018-06-12 04:31:57,140][INFO][find_string()] No iframe in assets/mmadsdk/vpaid.js
[INTERNAL_LOG][2018-06-12 04:31:57,140][INFO][find_string()] [END ANALYZE FILE]

[INTERNAL_LOG][2018-06-12 04:32:40,257][INFO][find_url_in_apk()] [START ALL URL INSIDE APK]
[INTERNAL_LOG][2018-06-12 04:32:40,257][INFO][find_url_in_apk()] http://schemas.android.com/apk/res/android
https://adc3-launch.adcolony.com/v4/launch
https://adc3-launch.adcolony.com/v4/launch
https://wd.adcolony.com/logs
https://adc3-launch-server-staging.herokuapp.com/v4/launch
https://api.appsflyer.com/install_data/v3/
https://t.appsflyer.com/api/v
https://events.appsflyer.com/api/v
https://register.appsflyer.com/api/v
https://validate.appsflyer.com/api/v
https://stats.appsflyer.com/stats
https://monitorsdk.appsflyer.com/remote-debug?app_id=
http://m.facebook.com/ads/ad_choices
http://m.facebook.com/ads/ad_choices
https://www.facebook.com/audience_network/server_side_reward
https://www.%s.facebook.com/audience_network/server_side_reward
https://graph.facebook.com/network_ads_common
https://graph.%s.facebook.com/network_ads_common
https://www.facebook.com/adnw_logging/
https://www.%s.facebook.com/adnw_logging/
https://www.facebook.com/
https://www.%s.facebook.com
http://www.facebook.com
https://graph.%s
https://graph-video.%s
https://facebook.com
http://www.example.com
http://www.example.com
http://www.example.com
https://adlog.flurry.com
http://adlog.flurry.com
https://www.tumblr.com/oauth/access_token
https://www.tumblr.com/oauth/authorize?oauth_token=%s
https://api.tumblr.com/v2/blog/
https://api.tumblr.com/v2/blog/
https://www.tumblr.com/oauth/request_token
https://api.tumblr.com/v2/user/info
http://www.tumblr.com/connect/login_success.html
https://play.google.com/store/apps/details?id=
http://xmlpull.org/v1/doc/features.html#process-namespaces
http://xmlpull.org/v1/doc/features.html#process-namespaces
https://proton.flurry.com/sdk/v1/config
https://data.flurry.com/pcr.do
https://data.flurry.com/aap.do
http://data.flurry.com/aap.do
https://ads.flurry.com/v17/getAds.do
http://ads.flurry.com/v17/getAds.do
https://cdn.flurry.com/vast/videocontrols/v2/android.zip
http://www.w3.org/ns/ttml#parameter
https://pagead2.googlesyndication.com/pagead/gen_204?id=gmob-apps
https://accounts.google.com
https://accounts.google.com
https://www.facebook.com
https://www.googleapis.com/auth/games
https://plus.google.com/
https://pagead2.googlesyndication.com/pagead/gen_204
http://www.google.com
https://support.google.com/dfp_premium/answer/7160685#push
https://app-measurement.com/a
https://www.google.com
https://googleads.g.doubleclick.net/mads/static/mad/sdk/native/sdk-core-v40.html
https://googleads.g.doubleclick.net/mads/static/mad/sdk/native/mraid/v2/mraid_app_banner.js
https://googleads.g.doubleclick.net/mads/static/mad/sdk/native/mraid/v2/mraid_app_expanded_banner.js
https://googleads.g.doubleclick.net/mads/static/mad/sdk/native/mraid/v2/mraid_app_interstitial.js
https://csi.gstatic.com/csi
https://googleads.g.doubleclick.net/mads/static/mad/sdk/native/native_ads.html
https://googleads.g.doubleclick.net/mads/static/mad/sdk/native/native_video_ads.html
https://www.google.com/dfp/linkDevice
https://www.google.com/dfp/inAppPreview
https://www.google.com/dfp/debugSignals
https://www.google.com/dfp/sendDebugData
https://imasdk.googleapis.com/native/sdkloader/native_sdk_v3.html
http://www.dom.com/path?
http://schemas.android.com/apk/lib/com.inmobi.ads
http://schemas.android.com/apk/lib/com.inmobi.ads
https://i.l.inmobicdn.net/sdk/sdk/500/android/mraid.js
http://i.w.inmobi.com/showad.asm
https://sdktm.w.inmobi.com/sdkpubreq
http://www.inmobi.com/products/sdk/#downloads
http://config.inmobi.com/config-server/v1/config/secure.cfg
https://sdkm.w.inmobi.com/metrics/e.asm?v=1&
https://www.facebook.com/dialog/feed?app_id=181821551957328&link=
https://m.google.com/app/plus/x/?v=compose&content=
http://twitter.com/home?status=
http://dock.inmobi.com/carb/v1/i
http://dock.inmobi.com/carb/v1/o
https://sdkm.w.inmobi.com/user/e.asm
https://api.krush.com/v1
https://oovoo-api1.krush.com/oovoo/v1/
https://cdn2.krush.com/
https://cdn2.krush.com/4ed07591-7116-432c-9ec7-396d0b17c526-images/landing_noUI.mp4
https://support.oovoo.com
https://www.googleapis.com/auth/plus.login
https://www.googleapis.com/auth/contacts.readonly
http://sdk.starbolt.io/
http://sdk.starbolt.io/
http://sdk.starbolt.io/
https://twitter.com/%s/status/%s
https://play.google.com/store/apps/details?id=com.oovoo
https://ads.nexage.com
https://z.moatads.com/
https://z.moatads.com/
http://schemas.android.com/apk/lib/com.mobfox.sdk
http://sdk.starbolt.io/waterfalls.json
https://dmp.starbolt.io/logger.json
http://sdk-logs.matomy.com:12201/gelf
http://sdk-logs.matomy.com:12201/gelf
https://devices.starbolt.io/
http://sdk.starbolt.io/dist/tagBanner.html
https://sdk.starbolt.io/dist/tagBanner.html
https://analytics.mopub.com/i/jot/exchange_client_event
https://www.mopub.com/optout
https://www.mopub.com/optout/
https://www.mopub.com/optout/
https://api.twitter.com
https://syndication.twitter.com
https://twitter.com/%s/status/%d?ref_src=twsrc%%5Etwitterkit
https://e.crashlytics.com/spi/v2/events
https://settings.crashlytics.com/spi/v2/platforms/android/apps/%s/settings

[INTERNAL_LOG][2018-06-12 04:32:40,258][INFO][find_url_in_apk()] [END ALL URL INSIDE APK]
[INTERNAL_LOG][2018-06-12 04:32:40,267][INFO][check_method_conf()] [JavaScript enabled: True]

[INTERNAL_LOG][2018-06-12 04:32:40,267][INFO][check_method_conf()] [Add interface WebView: True]

[INTERNAL_LOG][2018-06-12 04:32:40,267][INFO][analyze_start()] This app might be not vulnerable on  attack frame confusion.
[INTERNAL_LOG][2018-06-12 04:32:40,267][INFO][analyze_start()] End time:[Tue Jun 12 04:32:40 2018]
