[INTERNAL_LOG][2018-06-12 05:02:46,080][INFO][analyze_start()] Init Time [Tue Jun 12 05:02:46 2018]
[INTERNAL_LOG][2018-06-12 05:02:46,134][INFO][run()] Start Analysis
[INTERNAL_LOG][2018-06-12 05:02:46,135][INFO][is_hybird()] [Permission Enble Start]
[INTERNAL_LOG][2018-06-12 05:02:46,135][INFO][is_hybird()] android.permission.INTERNET
[INTERNAL_LOG][2018-06-12 05:02:46,135][INFO][is_hybird()] android.permission.ACCESS_NETWORK_STATE
[INTERNAL_LOG][2018-06-12 05:02:46,135][INFO][is_hybird()] android.permission.ACCESS_WIFI_STATE
[INTERNAL_LOG][2018-06-12 05:02:46,135][INFO][is_hybird()] android.permission.WAKE_LOCK
[INTERNAL_LOG][2018-06-12 05:02:46,135][INFO][is_hybird()] android.permission.WRITE_EXTERNAL_STORAGE
[INTERNAL_LOG][2018-06-12 05:02:46,135][INFO][is_hybird()] android.permission.READ_PHONE_STATE
[INTERNAL_LOG][2018-06-12 05:02:46,135][INFO][is_hybird()] android.permission.GET_ACCOUNTS
[INTERNAL_LOG][2018-06-12 05:02:46,135][INFO][is_hybird()] com.android.vending.CHECK_LICENSE
[INTERNAL_LOG][2018-06-12 05:02:46,135][INFO][is_hybird()] com.android.vending.BILLING
[INTERNAL_LOG][2018-06-12 05:02:46,135][INFO][is_hybird()] com.google.android.c2dm.permission.RECEIVE
[INTERNAL_LOG][2018-06-12 05:02:46,135][INFO][is_hybird()] com.seventeenbullets.android.island.permission.C2D_MESSAGE
[INTERNAL_LOG][2018-06-12 05:02:46,135][INFO][is_hybird()] [Permission End]

[INTERNAL_LOG][2018-06-12 05:02:46,135][INFO][analyze_start()] TYPE APK: [ANDROID NATIVE]

[INTERNAL_LOG][2018-06-12 05:02:46,136][INFO][find_string()] [START FILE ANALYZE]
[INTERNAL_LOG][2018-06-12 05:02:46,136][INFO][find_string()] File: assets/de/basket_mini_game_faq.html
[INTERNAL_LOG][2018-06-12 05:02:46,138][INFO][find_string()] No iframe in assets/de/basket_mini_game_faq.html
[INTERNAL_LOG][2018-06-12 05:02:46,138][INFO][find_string()] File: assets/de/boss_faq.html
[INTERNAL_LOG][2018-06-12 05:02:46,173][INFO][find_string()] No iframe in assets/de/boss_faq.html
[INTERNAL_LOG][2018-06-12 05:02:46,173][INFO][find_string()] File: assets/de/clans.html
[INTERNAL_LOG][2018-06-12 05:02:46,175][INFO][find_string()] No iframe in assets/de/clans.html
[INTERNAL_LOG][2018-06-12 05:02:46,175][INFO][find_string()] File: assets/de/expedition_faq.html
[INTERNAL_LOG][2018-06-12 05:02:46,177][INFO][find_string()] No iframe in assets/de/expedition_faq.html
[INTERNAL_LOG][2018-06-12 05:02:46,177][INFO][find_string()] File: assets/de/help.html
[INTERNAL_LOG][2018-06-12 05:02:46,183][INFO][find_string()] No iframe in assets/de/help.html
[INTERNAL_LOG][2018-06-12 05:02:46,183][INFO][find_string()] File: assets/de/hw15_faq.html
[INTERNAL_LOG][2018-06-12 05:02:46,184][INFO][find_string()] No iframe in assets/de/hw15_faq.html
[INTERNAL_LOG][2018-06-12 05:02:46,184][INFO][find_string()] File: assets/de/match3_faq.html
[INTERNAL_LOG][2018-06-12 05:02:46,185][INFO][find_string()] No iframe in assets/de/match3_faq.html
[INTERNAL_LOG][2018-06-12 05:02:46,185][INFO][find_string()] File: assets/de/minigame_beach_faq.html
[INTERNAL_LOG][2018-06-12 05:02:46,186][INFO][find_string()] No iframe in assets/de/minigame_beach_faq.html
[INTERNAL_LOG][2018-06-12 05:02:46,186][INFO][find_string()] File: assets/de/minigame_faq.html
[INTERNAL_LOG][2018-06-12 05:02:46,186][INFO][find_string()] No iframe in assets/de/minigame_faq.html
[INTERNAL_LOG][2018-06-12 05:02:46,187][INFO][find_string()] File: assets/de/minigame_permanent_faq.html
[INTERNAL_LOG][2018-06-12 05:02:46,190][INFO][find_string()] No iframe in assets/de/minigame_permanent_faq.html
[INTERNAL_LOG][2018-06-12 05:02:46,190][INFO][find_string()] File: assets/de/pvp_faq.html
[INTERNAL_LOG][2018-06-12 05:02:46,192][INFO][find_string()] No iframe in assets/de/pvp_faq.html
[INTERNAL_LOG][2018-06-12 05:02:46,192][INFO][find_string()] File: assets/de/pvp_permanent_faq.html
[INTERNAL_LOG][2018-06-12 05:02:46,196][INFO][find_string()] No iframe in assets/de/pvp_permanent_faq.html
[INTERNAL_LOG][2018-06-12 05:02:46,197][INFO][find_string()] File: assets/de/tg_faq.html
[INTERNAL_LOG][2018-06-12 05:02:46,199][INFO][find_string()] No iframe in assets/de/tg_faq.html
[INTERNAL_LOG][2018-06-12 05:02:46,199][INFO][find_string()] File: assets/en/basket_mini_game_faq.html
[INTERNAL_LOG][2018-06-12 05:02:46,201][INFO][find_string()] No iframe in assets/en/basket_mini_game_faq.html
[INTERNAL_LOG][2018-06-12 05:02:46,201][INFO][find_string()] File: assets/en/boss_faq.html
[INTERNAL_LOG][2018-06-12 05:02:46,203][INFO][find_string()] No iframe in assets/en/boss_faq.html
[INTERNAL_LOG][2018-06-12 05:02:46,203][INFO][find_string()] File: assets/en/clans.html
[INTERNAL_LOG][2018-06-12 05:02:46,205][INFO][find_string()] No iframe in assets/en/clans.html
[INTERNAL_LOG][2018-06-12 05:02:46,206][INFO][find_string()] File: assets/en/expedition_faq.html
[INTERNAL_LOG][2018-06-12 05:02:46,208][INFO][find_string()] No iframe in assets/en/expedition_faq.html
[INTERNAL_LOG][2018-06-12 05:02:46,208][INFO][find_string()] File: assets/en/help.html
[INTERNAL_LOG][2018-06-12 05:02:46,213][INFO][find_string()] No iframe in assets/en/help.html
[INTERNAL_LOG][2018-06-12 05:02:46,213][INFO][find_string()] File: assets/en/hw15_faq.html
[INTERNAL_LOG][2018-06-12 05:02:46,215][INFO][find_string()] No iframe in assets/en/hw15_faq.html
[INTERNAL_LOG][2018-06-12 05:02:46,215][INFO][find_string()] File: assets/en/index_legal.html
[INTERNAL_LOG][2018-06-12 05:02:46,564][INFO][find_string()] No iframe in assets/en/index_legal.html
[INTERNAL_LOG][2018-06-12 05:02:46,585][INFO][find_string()] File: assets/en/match3_faq.html
[INTERNAL_LOG][2018-06-12 05:02:46,795][INFO][find_string()] No iframe in assets/en/match3_faq.html
[INTERNAL_LOG][2018-06-12 05:02:46,816][INFO][find_string()] File: assets/en/minigame_beach_faq.html
[INTERNAL_LOG][2018-06-12 05:02:46,979][INFO][find_string()] No iframe in assets/en/minigame_beach_faq.html
[INTERNAL_LOG][2018-06-12 05:02:47,000][INFO][find_string()] File: assets/en/minigame_faq.html
[INTERNAL_LOG][2018-06-12 05:02:47,255][INFO][find_string()] No iframe in assets/en/minigame_faq.html
[INTERNAL_LOG][2018-06-12 05:02:47,276][INFO][find_string()] File: assets/en/minigame_permanent_faq.html
[INTERNAL_LOG][2018-06-12 05:02:50,357][INFO][find_string()] No iframe in assets/en/minigame_permanent_faq.html
[INTERNAL_LOG][2018-06-12 05:02:50,378][INFO][find_string()] File: assets/en/privacy_policy.html
[INTERNAL_LOG][2018-06-12 05:02:51,006][INFO][find_string()] No iframe in assets/en/privacy_policy.html
[INTERNAL_LOG][2018-06-12 05:02:51,027][INFO][find_string()] File: assets/en/pvp_faq.html
[INTERNAL_LOG][2018-06-12 05:02:51,736][INFO][find_string()] No iframe in assets/en/pvp_faq.html
[INTERNAL_LOG][2018-06-12 05:02:51,756][INFO][find_string()] File: assets/en/pvp_permanent_faq.html
[INTERNAL_LOG][2018-06-12 05:02:53,335][INFO][find_string()] No iframe in assets/en/pvp_permanent_faq.html
[INTERNAL_LOG][2018-06-12 05:02:53,355][INFO][find_string()] File: assets/en/terms_of_service.html
[INTERNAL_LOG][2018-06-12 05:02:54,668][INFO][find_string()] No iframe in assets/en/terms_of_service.html
[INTERNAL_LOG][2018-06-12 05:02:54,689][INFO][find_string()] File: assets/en/tg_faq.html
[INTERNAL_LOG][2018-06-12 05:02:55,197][INFO][find_string()] No iframe in assets/en/tg_faq.html
[INTERNAL_LOG][2018-06-12 05:02:55,218][INFO][find_string()] File: assets/fr/basket_mini_game_faq.html
[INTERNAL_LOG][2018-06-12 05:02:56,038][INFO][find_string()] No iframe in assets/fr/basket_mini_game_faq.html
[INTERNAL_LOG][2018-06-12 05:02:56,058][INFO][find_string()] File: assets/fr/boss_faq.html
[INTERNAL_LOG][2018-06-12 05:02:56,635][INFO][find_string()] No iframe in assets/fr/boss_faq.html
[INTERNAL_LOG][2018-06-12 05:02:56,656][INFO][find_string()] File: assets/fr/clans.html
[INTERNAL_LOG][2018-06-12 05:02:57,346][INFO][find_string()] No iframe in assets/fr/clans.html
[INTERNAL_LOG][2018-06-12 05:02:57,366][INFO][find_string()] File: assets/fr/expedition_faq.html
[INTERNAL_LOG][2018-06-12 05:02:57,947][INFO][find_string()] No iframe in assets/fr/expedition_faq.html
[INTERNAL_LOG][2018-06-12 05:02:57,968][INFO][find_string()] File: assets/fr/help.html
[INTERNAL_LOG][2018-06-12 05:03:00,941][INFO][find_string()] No iframe in assets/fr/help.html
[INTERNAL_LOG][2018-06-12 05:03:00,962][INFO][find_string()] File: assets/fr/hw15_faq.html
[INTERNAL_LOG][2018-06-12 05:03:01,768][INFO][find_string()] No iframe in assets/fr/hw15_faq.html
[INTERNAL_LOG][2018-06-12 05:03:01,788][INFO][find_string()] File: assets/fr/match3_faq.html
[INTERNAL_LOG][2018-06-12 05:03:01,989][INFO][find_string()] No iframe in assets/fr/match3_faq.html
[INTERNAL_LOG][2018-06-12 05:03:02,010][INFO][find_string()] File: assets/fr/minigame_beach_faq.html
[INTERNAL_LOG][2018-06-12 05:03:02,189][INFO][find_string()] No iframe in assets/fr/minigame_beach_faq.html
[INTERNAL_LOG][2018-06-12 05:03:02,209][INFO][find_string()] File: assets/fr/minigame_faq.html
[INTERNAL_LOG][2018-06-12 05:03:02,482][INFO][find_string()] No iframe in assets/fr/minigame_faq.html
[INTERNAL_LOG][2018-06-12 05:03:02,503][INFO][find_string()] File: assets/fr/minigame_permanent_faq.html
[INTERNAL_LOG][2018-06-12 05:03:04,263][INFO][find_string()] No iframe in assets/fr/minigame_permanent_faq.html
[INTERNAL_LOG][2018-06-12 05:03:04,283][INFO][find_string()] File: assets/fr/pvp_faq.html
[INTERNAL_LOG][2018-06-12 05:03:05,095][INFO][find_string()] No iframe in assets/fr/pvp_faq.html
[INTERNAL_LOG][2018-06-12 05:03:05,115][INFO][find_string()] File: assets/fr/pvp_permanent_faq.html
[INTERNAL_LOG][2018-06-12 05:03:07,357][INFO][find_string()] No iframe in assets/fr/pvp_permanent_faq.html
[INTERNAL_LOG][2018-06-12 05:03:07,378][INFO][find_string()] File: assets/fr/tg_faq.html
[INTERNAL_LOG][2018-06-12 05:03:07,912][INFO][find_string()] No iframe in assets/fr/tg_faq.html
[INTERNAL_LOG][2018-06-12 05:03:07,933][INFO][find_string()] File: assets/pt/basket_mini_game_faq.html
[INTERNAL_LOG][2018-06-12 05:03:09,007][INFO][find_string()] No iframe in assets/pt/basket_mini_game_faq.html
[INTERNAL_LOG][2018-06-12 05:03:09,013][INFO][find_string()] File: assets/pt/boss_faq.html
[INTERNAL_LOG][2018-06-12 05:03:10,314][INFO][find_string()] No iframe in assets/pt/boss_faq.html
[INTERNAL_LOG][2018-06-12 05:03:10,334][INFO][find_string()] File: assets/pt/clans.html
[INTERNAL_LOG][2018-06-12 05:03:11,212][INFO][find_string()] No iframe in assets/pt/clans.html
[INTERNAL_LOG][2018-06-12 05:03:11,233][INFO][find_string()] File: assets/pt/expedition_faq.html
[INTERNAL_LOG][2018-06-12 05:03:12,141][INFO][find_string()] No iframe in assets/pt/expedition_faq.html
[INTERNAL_LOG][2018-06-12 05:03:12,162][INFO][find_string()] File: assets/pt/help.html
[INTERNAL_LOG][2018-06-12 05:03:14,798][INFO][find_string()] No iframe in assets/pt/help.html
[INTERNAL_LOG][2018-06-12 05:03:14,798][INFO][find_string()] File: assets/pt/hw15_faq.html
[INTERNAL_LOG][2018-06-12 05:03:14,800][INFO][find_string()] No iframe in assets/pt/hw15_faq.html
[INTERNAL_LOG][2018-06-12 05:03:14,800][INFO][find_string()] File: assets/pt/match3_faq.html
[INTERNAL_LOG][2018-06-12 05:03:14,801][INFO][find_string()] No iframe in assets/pt/match3_faq.html
[INTERNAL_LOG][2018-06-12 05:03:14,801][INFO][find_string()] File: assets/pt/minigame_beach_faq.html
[INTERNAL_LOG][2018-06-12 05:03:14,801][INFO][find_string()] No iframe in assets/pt/minigame_beach_faq.html
[INTERNAL_LOG][2018-06-12 05:03:14,801][INFO][find_string()] File: assets/pt/minigame_faq.html
[INTERNAL_LOG][2018-06-12 05:03:14,804][INFO][find_string()] No iframe in assets/pt/minigame_faq.html
[INTERNAL_LOG][2018-06-12 05:03:14,804][INFO][find_string()] File: assets/pt/minigame_permanent_faq.html
[INTERNAL_LOG][2018-06-12 05:03:14,807][INFO][find_string()] No iframe in assets/pt/minigame_permanent_faq.html
[INTERNAL_LOG][2018-06-12 05:03:14,808][INFO][find_string()] File: assets/pt/pvp_faq.html
[INTERNAL_LOG][2018-06-12 05:03:14,809][INFO][find_string()] No iframe in assets/pt/pvp_faq.html
[INTERNAL_LOG][2018-06-12 05:03:14,810][INFO][find_string()] File: assets/pt/pvp_permanent_faq.html
[INTERNAL_LOG][2018-06-12 05:03:14,814][INFO][find_string()] No iframe in assets/pt/pvp_permanent_faq.html
[INTERNAL_LOG][2018-06-12 05:03:14,814][INFO][find_string()] File: assets/pt/tg_faq.html
[INTERNAL_LOG][2018-06-12 05:03:14,815][INFO][find_string()] No iframe in assets/pt/tg_faq.html
[INTERNAL_LOG][2018-06-12 05:03:14,815][INFO][find_string()] File: assets/ru/basket_mini_game_faq.html
[INTERNAL_LOG][2018-06-12 05:03:14,817][INFO][find_string()] No iframe in assets/ru/basket_mini_game_faq.html
[INTERNAL_LOG][2018-06-12 05:03:14,817][INFO][find_string()] File: assets/ru/boss_faq.html
[INTERNAL_LOG][2018-06-12 05:03:14,819][INFO][find_string()] No iframe in assets/ru/boss_faq.html
[INTERNAL_LOG][2018-06-12 05:03:14,819][INFO][find_string()] File: assets/ru/clans.html
[INTERNAL_LOG][2018-06-12 05:03:14,821][INFO][find_string()] No iframe in assets/ru/clans.html
[INTERNAL_LOG][2018-06-12 05:03:14,821][INFO][find_string()] File: assets/ru/expedition_faq.html
[INTERNAL_LOG][2018-06-12 05:03:14,823][INFO][find_string()] No iframe in assets/ru/expedition_faq.html
[INTERNAL_LOG][2018-06-12 05:03:14,823][INFO][find_string()] File: assets/ru/help.html
[INTERNAL_LOG][2018-06-12 05:03:14,830][INFO][find_string()] No iframe in assets/ru/help.html
[INTERNAL_LOG][2018-06-12 05:03:14,830][INFO][find_string()] File: assets/ru/hw15_faq.html
[INTERNAL_LOG][2018-06-12 05:03:14,832][INFO][find_string()] No iframe in assets/ru/hw15_faq.html
[INTERNAL_LOG][2018-06-12 05:03:14,832][INFO][find_string()] File: assets/ru/index_legal.html
[INTERNAL_LOG][2018-06-12 05:03:14,833][INFO][find_string()] No iframe in assets/ru/index_legal.html
[INTERNAL_LOG][2018-06-12 05:03:14,833][INFO][find_string()] File: assets/ru/match3_faq.html
[INTERNAL_LOG][2018-06-12 05:03:14,834][INFO][find_string()] No iframe in assets/ru/match3_faq.html
[INTERNAL_LOG][2018-06-12 05:03:14,834][INFO][find_string()] File: assets/ru/minigame_beach_faq.html
[INTERNAL_LOG][2018-06-12 05:03:14,835][INFO][find_string()] No iframe in assets/ru/minigame_beach_faq.html
[INTERNAL_LOG][2018-06-12 05:03:14,835][INFO][find_string()] File: assets/ru/minigame_faq.html
[INTERNAL_LOG][2018-06-12 05:03:14,835][INFO][find_string()] No iframe in assets/ru/minigame_faq.html
[INTERNAL_LOG][2018-06-12 05:03:14,836][INFO][find_string()] File: assets/ru/minigame_permanent_faq.html
[INTERNAL_LOG][2018-06-12 05:03:14,840][INFO][find_string()] No iframe in assets/ru/minigame_permanent_faq.html
[INTERNAL_LOG][2018-06-12 05:03:14,840][INFO][find_string()] File: assets/ru/privacy_policy.html
[INTERNAL_LOG][2018-06-12 05:03:14,843][INFO][find_string()] No iframe in assets/ru/privacy_policy.html
[INTERNAL_LOG][2018-06-12 05:03:14,843][INFO][find_string()] File: assets/ru/pvp_faq.html
[INTERNAL_LOG][2018-06-12 05:03:14,845][INFO][find_string()] No iframe in assets/ru/pvp_faq.html
[INTERNAL_LOG][2018-06-12 05:03:14,845][INFO][find_string()] File: assets/ru/pvp_permanent_faq.html
[INTERNAL_LOG][2018-06-12 05:03:14,849][INFO][find_string()] No iframe in assets/ru/pvp_permanent_faq.html
[INTERNAL_LOG][2018-06-12 05:03:14,849][INFO][find_string()] File: assets/ru/terms_of_service.html
[INTERNAL_LOG][2018-06-12 05:03:14,856][INFO][find_string()] No iframe in assets/ru/terms_of_service.html
[INTERNAL_LOG][2018-06-12 05:03:14,856][INFO][find_string()] File: assets/ru/tg_faq.html
[INTERNAL_LOG][2018-06-12 05:03:14,857][INFO][find_string()] No iframe in assets/ru/tg_faq.html
[INTERNAL_LOG][2018-06-12 05:03:14,858][INFO][find_string()] [END ANALYZE FILE]

[INTERNAL_LOG][2018-06-12 05:03:14,858][INFO][find_string()] [START FILE ANALYZE]
[INTERNAL_LOG][2018-06-12 05:03:14,858][INFO][find_string()] File: assets/clan-chat.js
[INTERNAL_LOG][2018-06-12 05:03:14,858][INFO][find_string()] No iframe in assets/clan-chat.js
[INTERNAL_LOG][2018-06-12 05:03:14,858][INFO][find_string()] [END ANALYZE FILE]

[INTERNAL_LOG][2018-06-12 05:03:15,343][INFO][find_url_in_apk()] [START URL LOADED INSIDE LOAD FUNCTION]
[INTERNAL_LOG][2018-06-12 05:03:15,343][INFO][find_url_in_apk()] https://cortana-gateway.amazon.com/cortana/gateway/getSignedDownloadUrl

[INTERNAL_LOG][2018-06-12 05:03:15,343][INFO][find_url_in_apk()] [END URL LOADED INSIDE LOAD FUNCTION]
[INTERNAL_LOG][2018-06-12 05:03:16,148][ERROR][download_page_loaded()] Failed response code: 500 for https://cortana-gateway.amazon.com/cortana/gateway/getSignedDownloadUrl  
[INTERNAL_LOG][2018-06-12 05:03:16,150][INFO][find_string()] [START REMOTE FILE ANALYZE]
[INTERNAL_LOG][2018-06-12 05:03:16,150][INFO][find_string()] [END ANALYZE FILE]

[INTERNAL_LOG][2018-06-12 05:03:16,150][INFO][find_url_in_apk()] [START ALL URL INSIDE APK]
[INTERNAL_LOG][2018-06-12 05:03:16,150][INFO][find_url_in_apk()] https://api.twitter.com/1.1
https://api.twitter.com/oauth/request_token
https://api.twitter.com/oauth/access_token
https://api.twitter.com/oauth/authorize
https://cortana-gateway.amazon.com/cortana/gateway/getSignedDownloadUrl
https://ags-ext.amazon.com/service/gamedata/WhisperData
https://ags-ext.amazon.com/service/gamedata/WhisperData
http://www.amazon.com/gp/mas/get-appstore/android/ref=mas_mx_mba_iap_dl
https://applab-sdk.amazon.com/1.0
https://applab-sdk.amazon.com/1.0
https://applab-sdk.amazon.com/1.0
https://api.appsflyer.com/install_data/v3/
https://track.appsflyer.com/api/v2.3/androidevent?buildnumber=1.8&app_id=
https://sdknode-1.devtodev.com:8090
https://graph.facebook.com/
https://graph.facebook.com/
https://m.facebook.com/dialog/
https://api.facebook.com/restserver.php
https://graph.facebook.com/%s/picture
https://graph.%s
https://graph-video.%s
https://facebook.com
http://data.flurry.com/aap.do
https://data.flurry.com/aap.do
https://mobile.game-insight.com
https://mobile.game-insight.com
http://rcmobile.game-insight.com
https://apipush.my.ru/event/open/
http://www.google-analytics.com
https://ssl.google-analytics.com
https://accounts.google.com
https://www.facebook.com
http://plus.google.com/
https://www.googleapis.com/auth/plus.me
https://www.googleapis.com/auth/plus.me
https://www.googleapis.com/auth/games
https://www.googleapis.com/auth/games
https://www.googleapis.com/auth/games
https://www.googleapis.com/auth/games
https://www.googleapis.com/auth/games.firstparty
https://www.googleapis.com/auth/games.firstparty
https://app-measurement.com/a
http://schemas.android.com/apk/lib/com.google.android.gms.plus
http://schemas.android.com/apk/lib/com.google.android.gms.plus
https://www.googleapis.com/auth/plus.login
https://www.googleapis.com/auth/plus.login
https://www.googletagmanager.com
http://hostname/?
https://github.com/playgameservices/android-samples/issues. 
http://islandandroid.17bullets.com/ep.php
http://islandandroid.17bullets.com/ep.php
http://islandandroid.17bullets.com/ep.php
http://islandandroid.17bullets.com/ep.php
http://islandandroid.17bullets.com/ep.php
http://islandandroid.17bullets.com/ep.php
http://islandandroid.17btest.com/ep.php
http://gigam.es/install.php?android-64
http://islandandroid.17btest.com/debug.php
http://gigam.es/action.php?type=post&link=twa_ilha
http://gigam.es/action.php?type=post&link=twa_island
http://islandandroid.17btest.com/redirect_facebook.php
http://islandandroid.17btest.com/redirect_facebook.php
http://gigam.es/action.php?type=post&link=fbp_ilha
http://gigam.es/action.php?type=post&link=fbp_ilha
http://gigam.es/action.php?type=post&link=twp_island
http://islandandroid.17bullets.com/blog.php?
http://gigam.es/action.php?type=post&link=twi_ilha
http://gigam.es/action.php?type=post&link=twi_island
http://islandandroid.17bullets.com/stats.php
http://islandandroid.17bullets.com
http://vk.com/
http://islandamazon.17bullets.com/ep.php
https://play.google.com/store/apps/details?id=com.seventeenbullets.android.island
https://play.google.com/store/apps/details?id=com.seventeenbullets.android.island
http://gigam.es/action.php?type=post&link=twt_ilha
http://gigam.es/action.php?type=post&link=twt_ilha
http://gigam.es/action.php?type=post&link=twt_island
http://gigam.es/action.php?type=post&link=twt_island
http://gigam.es/action.php?type=post&link=fbt_ilha
http://gigam.es/action.php?type=post&link=fbt_ilha
http://gigam.es/action.php?type=post&link=fbt_island
http://gigam.es/action.php?type=post&link=fbt_island
http://gigam.es/action.php?type=post&link=fbp_island
http://gigam.es/action.php?type=post&link=two_ilha
http://gigam.es/action.php?type=post&link=two_island
http://gigam.es/action.php?type=post&link=fba_ilha
http://gigam.es/action.php?type=post&link=fba_island
http://gigam.es/action.php?type=post&link=fbo_ilha
http://gigam.es/action.php?type=post&link=fbo_island
http://gigam.es/action.php?type=post&link=fbi_ilha
http://gigam.es/action.php?type=post&link=fbi_island
http://islandhd.17bullets.com/images/cross_event_icons/
http://islandandroid.17bullets.com/images/
http://islandandroid.17bullets.com/stat.php
http://islandamazon.17bullets.com/stat.php
https://oauth.vk.com/blank.html
https://oauth.vk.com/blank.html
https://oauth.vk.com/authorize?client_id=%s&scope=%s&redirect_uri=%s&display=mobile&v=%s&response_type=token&revoke=%d
http://vk.com/images/community_50.gif
http://vk.com/images/community_100.gif
http://vk.com/images/s_noalbum.png
http://vk.com/images/m_noalbum.png
http://vk.com/images/x_noalbum.png
http://vk.com/images/camera_c.gif
http://vk.com/images/camera_c.gif
http://vk.com/images/camera_b.gif
http://vk.com/images/camera_b.gif
http://vk.com/images/camera_a.gif
http://vk.com/images/camera_a.gif

[INTERNAL_LOG][2018-06-12 05:03:16,150][INFO][find_url_in_apk()] [END ALL URL INSIDE APK]
[INTERNAL_LOG][2018-06-12 05:03:16,153][INFO][check_method_conf()] [JavaScript enabled: True]

[INTERNAL_LOG][2018-06-12 05:03:16,153][INFO][check_method_conf()] [Add interface WebView: True]

[INTERNAL_LOG][2018-06-12 05:03:16,153][INFO][analyze_start()] This app might be not vulnerable on  attack frame confusion.
[INTERNAL_LOG][2018-06-12 05:03:16,153][INFO][analyze_start()] End time:[Tue Jun 12 05:03:16 2018]
