[INTERNAL_LOG][2018-06-12 01:49:29,884][INFO][analyze_start()] Init Time [Tue Jun 12 01:49:29 2018]
[INTERNAL_LOG][2018-06-12 01:49:29,913][INFO][is_hybird()] [Permission Enble Start]
[INTERNAL_LOG][2018-06-12 01:49:29,914][INFO][run()] Start Analysis
[INTERNAL_LOG][2018-06-12 01:49:29,914][INFO][is_hybird()] android.permission.INTERNET
[INTERNAL_LOG][2018-06-12 01:49:29,914][INFO][is_hybird()] android.permission.ACCESS_NETWORK_STATE
[INTERNAL_LOG][2018-06-12 01:49:29,914][INFO][is_hybird()] android.permission.WRITE_EXTERNAL_STORAGE
[INTERNAL_LOG][2018-06-12 01:49:29,914][INFO][is_hybird()] android.permission.WAKE_LOCK
[INTERNAL_LOG][2018-06-12 01:49:29,914][INFO][is_hybird()] com.google.android.finsky.permission.BIND_GET_INSTALL_REFERRER_SERVICE
[INTERNAL_LOG][2018-06-12 01:49:29,914][INFO][is_hybird()] com.google.android.c2dm.permission.RECEIVE
[INTERNAL_LOG][2018-06-12 01:49:29,915][INFO][is_hybird()] mendeleev.redlime.permission.C2D_MESSAGE
[INTERNAL_LOG][2018-06-12 01:49:29,915][INFO][is_hybird()] [Permission End]

[INTERNAL_LOG][2018-06-12 01:49:29,915][INFO][analyze_start()] TYPE APK: [ANDROID NATIVE]

[INTERNAL_LOG][2018-06-12 01:49:29,915][INFO][find_string()] [START FILE ANALYZE]
[INTERNAL_LOG][2018-06-12 01:49:29,915][INFO][find_string()] [END ANALYZE FILE]

[INTERNAL_LOG][2018-06-12 01:49:29,915][INFO][find_string()] [START FILE ANALYZE]
[INTERNAL_LOG][2018-06-12 01:49:29,915][INFO][find_string()] [END ANALYZE FILE]

[INTERNAL_LOG][2018-06-12 01:49:50,815][INFO][find_url_in_apk()] [START ALL URL INSIDE APK]
[INTERNAL_LOG][2018-06-12 01:49:50,815][INFO][find_url_in_apk()] http://schemas.android.com/apk/res/android
https://pagead2.googlesyndication.com/pagead/gen_204?id=gmob-apps
https://plus.google.com/
http://play.google.com/store/apps/category/GAME
https://play.google.com/store/apps/details?id=%1$s&rdid=%1$s&rdot=%2$d
https://plus.google.com/%s/about
https://play.google.com/store/apps/details
https://app-measurement.com/a
https://mobilecrashreporting.googleapis.com/v1/crashes:batchCreate?key=
https://play.google.com/store/apps/details?id=august.mendeleev.pro
https://play.google.com/store/apps/details?id=august.mendeleev.pro
https://play.google.com/store/apps/details?id=august.mendeleev.pro
https://play.google.com/store/apps/details?id=mendeleev.redlime
https://www.google.com
https://www.googleapis.com/auth/games_lite
https://www.googleapis.com/auth/games
https://en.m.wikipedia.org/wiki/
https://bg.m.wikipedia.org/wiki/
https://eo.m.wikipedia.org/wiki/
https://az.m.wikipedia.org/wiki/
https://hy.m.wikipedia.org/wiki/
https://sw.m.wikipedia.org/wiki/
https://kw.m.wikipedia.org/wiki/
https://ml.m.wikipedia.org/wiki/
https://cy.m.wikipedia.org/wiki/
https://bs.m.wikipedia.org/wiki/
https://gu.m.wikipedia.org/wiki/
https://et.m.wikipedia.org/wiki/
https://iw.m.wikipedia.org/wiki/
https://fa.m.wikipedia.org/wiki/
https://ro.m.wikipedia.org/wiki/
https://hr.m.wikipedia.org/wiki/
https://sl.m.wikipedia.org/wiki/
https://sk.m.wikipedia.org/wiki/
https://nn.m.wikipedia.org/wiki/
https://mk.m.wikipedia.org/wiki/
https://is.m.wikipedia.org/wiki/
https://vi.m.wikipedia.org/wiki/
https://sr.m.wikipedia.org/wiki/
https://lt.m.wikipedia.org/wiki/
https://sq.m.wikipedia.org/wiki/
https://ca.m.wikipedia.org/wiki/
https://gl.m.wikipedia.org/wiki/
https://ne.m.wikipedia.org/wiki/
https://th.m.wikipedia.org/wiki/
https://ja.m.wikipedia.org/wiki/
https://hu.m.wikipedia.org/wiki/
https://fi.m.wikipedia.org/wiki/
https://ga.m.wikipedia.org/wiki/
https://ms.m.wikipedia.org/wiki/
https://ka.m.wikipedia.org/wiki/
https://sv.m.wikipedia.org/wiki/
https://da.m.wikipedia.org/wiki/
https://pt.m.wikipedia.org/wiki/
https://nl.m.wikipedia.org/wiki/
https://no.m.wikipedia.org/wiki/
https://pl.m.wikipedia.org/wiki/
https://tr.m.wikipedia.org/wiki/
https://cs.m.wikipedia.org/wiki/
https://bn.m.wikipedia.org/wiki/
https://ko.m.wikipedia.org/wiki/
https://hi.m.wikipedia.org/wiki/
https://fr.m.wikipedia.org/wiki/
https://uk.m.wikipedia.org/wiki/
https://ru.m.wikipedia.org/wiki/
https://de.m.wikipedia.org/wiki/
https://it.m.wikipedia.org/wiki/
https://es.m.wikipedia.org/wiki/
https://be.m.wikipedia.org/wiki/
https://ar.m.wikipedia.org/wiki/
https://en.wikipedia.org/wiki/Polycyclic_aromatic_hydrocarbon
https://ru.wikipedia.org/wiki/%D0%9F%D0%BE%D0%BB%D0%B8%D1%86%D0%B8%D0%BA%D0%BB%D0%B8%D1%87%D0%B5%D1%81%D0%BA%D0%B8%D0%B5_%D0%B0%D1%80%D0%BE%D0%BC%D0%B0%D1%82%D0%B8%D1%87%D0%B5%D1%81%D0%BA%D0%B8%D0%B5_%D1%83%D0%B3%D0%BB%D0%B5%D0%B2%D0%BE%D0%B4%D0%BE%D1%80%D0%BE%D0%B4%D1%8B

[INTERNAL_LOG][2018-06-12 01:49:50,815][INFO][find_url_in_apk()] [END ALL URL INSIDE APK]
[INTERNAL_LOG][2018-06-12 01:49:50,816][INFO][check_method_conf()] [JavaScript enabled: False]

[INTERNAL_LOG][2018-06-12 01:49:50,816][INFO][check_method_conf()] [Add interface WebView: False]

[INTERNAL_LOG][2018-06-12 01:49:50,816][INFO][analyze_start()] This app might be not vulnerable on  attack frame confusion.
[INTERNAL_LOG][2018-06-12 01:49:50,816][INFO][analyze_start()] End time:[Tue Jun 12 01:49:50 2018]
