[INTERNAL_LOG][2018-06-12 03:00:01,532][INFO][analyze_start()] Init Time [Tue Jun 12 03:00:01 2018]
[INTERNAL_LOG][2018-06-12 03:00:01,607][INFO][run()] Start Analysis
[INTERNAL_LOG][2018-06-12 03:00:01,608][INFO][is_hybird()] [Permission Enble Start]
[INTERNAL_LOG][2018-06-12 03:00:01,609][INFO][is_hybird()] android.permission.INTERNET
[INTERNAL_LOG][2018-06-12 03:00:01,609][INFO][is_hybird()] android.permission.ACCESS_NETWORK_STATE
[INTERNAL_LOG][2018-06-12 03:00:01,609][INFO][is_hybird()] android.permission.READ_EXTERNAL_STORAGE
[INTERNAL_LOG][2018-06-12 03:00:01,609][INFO][is_hybird()] android.permission.WRITE_EXTERNAL_STORAGE
[INTERNAL_LOG][2018-06-12 03:00:01,609][INFO][is_hybird()] android.permission.WAKE_LOCK
[INTERNAL_LOG][2018-06-12 03:00:01,609][INFO][is_hybird()] android.permission.BROADCAST_STICKY
[INTERNAL_LOG][2018-06-12 03:00:01,609][INFO][is_hybird()] android.permission.SEND_DOWNLOAD_COMPLETED_INTENTS
[INTERNAL_LOG][2018-06-12 03:00:01,609][INFO][is_hybird()] com.google.android.c2dm.permission.RECEIVE
[INTERNAL_LOG][2018-06-12 03:00:01,609][INFO][is_hybird()] android.permission.RECEIVE_BOOT_COMPLETED
[INTERNAL_LOG][2018-06-12 03:00:01,609][INFO][is_hybird()] com.zentertain.photocollage.permission.C2D_MESSAGE
[INTERNAL_LOG][2018-06-12 03:00:01,609][INFO][is_hybird()] [Permission End]

[INTERNAL_LOG][2018-06-12 03:00:01,609][INFO][analyze_start()] TYPE APK: [ANDROID NATIVE]

[INTERNAL_LOG][2018-06-12 03:00:01,609][INFO][find_string()] [START FILE ANALYZE]
[INTERNAL_LOG][2018-06-12 03:00:01,609][INFO][find_string()] [END ANALYZE FILE]

[INTERNAL_LOG][2018-06-12 03:00:01,609][INFO][find_string()] [START FILE ANALYZE]
[INTERNAL_LOG][2018-06-12 03:00:01,609][INFO][find_string()] [END ANALYZE FILE]

[INTERNAL_LOG][2018-06-12 03:00:43,497][INFO][find_url_in_apk()] [START ALL URL INSIDE APK]
[INTERNAL_LOG][2018-06-12 03:00:43,497][INFO][find_url_in_apk()] http://schemas.android.com/apk/res/android
https://app.adjust.com
https://app.adjust.com
https://receipts.aviary.com/api/feedback
https://s3.amazonaws.com/static-sites-aviary-prod-us-east-1/android-survey-redirect.html
https://s3.amazonaws.com/static-sites-aviary-prod-us-east-1/android-survey-redirect.html
https://cc-api-aviary-cds.adobe.io/v2/content
https://cc-api-aviary-cds.adobe.io/v2/content
https://cc-api-aviary-cds.adobe.io
https://cc-api-aviary-cds.adobe.io
http://assets.aviary.com
http://assets.aviary.com
https://cc-api-aviary-cds.adobe.io/v1
http://cds-gateway.aviary.com/v1/gateway
https://cc-api-aviary-cds.adobe.io/v2/receipt/android/free
https://cc-api-aviary-cds.adobe.io/v2/receipt/android/paid
https://cc-api-aviary-cds.adobe.io?
http://foo.com
http://foo.com
https://www.behance.net/v2/users/
https://entitlements.adobe.io
https://entitlements-stage.adobe.io
https://cc-api-data-stage.adobe.io/ingest
https://cc-api-data.adobe.io/ingest
http://www.google.com
http://www.google.com
https://adobe.com
https://ims-na1.adobelogin.com
https://ims-na1-stg1.adobelogin.com
https://ims-na1-qa1.adobelogin.com
https://ims-na1-qa2.adobelogin.com
http://xmlpull.org/v1/doc/features.html#process-namespaces
https://play.google.com/store/apps/details?id=%s
http://m.facebook.com/ads/ad_choices
http://m.facebook.com/ads/ad_choices
https://www.facebook.com/audience_network/server_side_reward
https://www.%s.facebook.com/audience_network/server_side_reward
https://graph.facebook.com/network_ads_common
https://graph.%s.facebook.com/network_ads_common
https://www.facebook.com/adnw_logging/
https://www.%s.facebook.com/adnw_logging/
http://play.google.com/store/apps/
https://www.facebook.com/
https://www.%s.facebook.com
http://www.facebook.com
https://graph.%s
https://graph-video.%s
https://facebook.com
http://play.google.com/store/apps/details?id=com.facebook.orca
https://proton.flurry.com/sdk/v1/config
https://data.flurry.com/pcr.do
https://data.flurry.com/aap.do
http://data.flurry.com/aap.do
http://www.w3.org/ns/ttml#parameter
https://pagead2.googlesyndication.com/pagead/gen_204?id=gmob-apps
http://hostname/?
http://hostname/?
https://www.googleapis.com/auth/games
https://plus.google.com/
https://googleads.g.doubleclick.net/mads/static/mad/sdk/native/sdk-core-v40.html
https://googleads.g.doubleclick.net/mads/static/mad/sdk/native/mraid/v2/mraid_app_banner.js
https://googleads.g.doubleclick.net/mads/static/mad/sdk/native/mraid/v2/mraid_app_expanded_banner.js
https://googleads.g.doubleclick.net/mads/static/mad/sdk/native/mraid/v2/mraid_app_interstitial.js
https://csi.gstatic.com/csi
https://googleads.g.doubleclick.net/mads/static/mad/sdk/native/native_ads.html
https://googleads.g.doubleclick.net/mads/static/mad/sdk/native/native_video_ads.html
https://www.google.com/dfp/linkDevice
https://www.google.com/dfp/inAppPreview
https://www.google.com/dfp/debugSignals
https://www.google.com/dfp/sendDebugData
http://www.example.com
http://www.example.com
https://pagead2.googlesyndication.com/pagead/gen_204
https://app-measurement.com/a
https://www.google.com
https://support.google.com/dfp_premium/answer/7160685#push
http://www.google-analytics.com
https://ssl.google-analytics.com
https://www.googletagmanager.com
https://play.google.com/store/apps/details?id=com.zenjoy.instasquare
https://play.google.com/store/apps/details?id=com.zenjoy.instasquare
https://play.google.com/store/apps/details?id=
https://play.google.com/store/apps/details?id=
https://pushapi.localytics.com/push_test?platform=android&type=prod&campaign=%s&creative=%s&token=%s&install_id=%s&client_ts=%s
https://play.google.com/store/apps/details?id=com.zentertain.photoeditor
https://e.crashlytics.com/spi/v2/events
https://settings.crashlytics.com/spi/v2/platforms/android/apps/%s/settings

[INTERNAL_LOG][2018-06-12 03:00:43,497][INFO][find_url_in_apk()] [END ALL URL INSIDE APK]
[INTERNAL_LOG][2018-06-12 03:00:43,505][INFO][check_method_conf()] [JavaScript enabled: True]

[INTERNAL_LOG][2018-06-12 03:00:43,505][INFO][check_method_conf()] [Add interface WebView: True]

[INTERNAL_LOG][2018-06-12 03:00:43,505][INFO][analyze_start()] This app might be not vulnerable on  attack frame confusion.
[INTERNAL_LOG][2018-06-12 03:00:43,505][INFO][analyze_start()] End time:[Tue Jun 12 03:00:43 2018]
