[INTERNAL_LOG][2018-06-12 06:30:47,297][INFO][analyze_start()] Init Time [Tue Jun 12 06:30:47 2018]
[INTERNAL_LOG][2018-06-12 06:30:47,424][INFO][run()] Start Analysis
[INTERNAL_LOG][2018-06-12 06:30:47,426][INFO][is_hybird()] [Permission Enble Start]
[INTERNAL_LOG][2018-06-12 06:30:47,426][INFO][is_hybird()] android.permission.CAMERA
[INTERNAL_LOG][2018-06-12 06:30:47,426][INFO][is_hybird()] android.permission.WRITE_EXTERNAL_STORAGE
[INTERNAL_LOG][2018-06-12 06:30:47,426][INFO][is_hybird()] android.permission.INTERNET
[INTERNAL_LOG][2018-06-12 06:30:47,426][INFO][is_hybird()] android.permission.ACCESS_NETWORK_STATE
[INTERNAL_LOG][2018-06-12 06:30:47,427][INFO][is_hybird()] android.permission.VIBRATE
[INTERNAL_LOG][2018-06-12 06:30:47,427][INFO][is_hybird()] android.permission.ACCESS_WIFI_STATE
[INTERNAL_LOG][2018-06-12 06:30:47,427][INFO][is_hybird()] android.permission.GET_TASKS
[INTERNAL_LOG][2018-06-12 06:30:47,427][INFO][is_hybird()] com.google.android.providers.gsf.permission.READ_GSERVICES
[INTERNAL_LOG][2018-06-12 06:30:47,427][INFO][is_hybird()] com.android.vending.BILLING
[INTERNAL_LOG][2018-06-12 06:30:47,427][INFO][is_hybird()] android.permission.WAKE_LOCK
[INTERNAL_LOG][2018-06-12 06:30:47,427][INFO][is_hybird()] android.permission.RECORD_AUDIO
[INTERNAL_LOG][2018-06-12 06:30:47,427][INFO][is_hybird()] com.roidapp.photogrid.permission.C2D_MESSAGE
[INTERNAL_LOG][2018-06-12 06:30:47,427][INFO][is_hybird()] com.google.android.c2dm.permission.RECEIVE
[INTERNAL_LOG][2018-06-12 06:30:47,427][INFO][is_hybird()] android.permission.FLASHLIGHT
[INTERNAL_LOG][2018-06-12 06:30:47,427][INFO][is_hybird()] android.permission.READ_EXTERNAL_STORAGE
[INTERNAL_LOG][2018-06-12 06:30:47,427][INFO][is_hybird()] com.android.launcher.permission.READ_SETTINGS
[INTERNAL_LOG][2018-06-12 06:30:47,427][INFO][is_hybird()] [Permission End]

[INTERNAL_LOG][2018-06-12 06:30:47,427][INFO][analyze_start()] TYPE APK: [ANDROID NATIVE]

[INTERNAL_LOG][2018-06-12 06:30:47,427][INFO][find_string()] [START FILE ANALYZE]
[INTERNAL_LOG][2018-06-12 06:30:47,427][INFO][find_string()] File: assets/ad-choice.html
[INTERNAL_LOG][2018-06-12 06:30:47,430][INFO][find_string()] No iframe in assets/ad-choice.html
[INTERNAL_LOG][2018-06-12 06:30:47,430][INFO][find_string()] File: assets/photogrid_community_guidelines.html
[INTERNAL_LOG][2018-06-12 06:30:47,431][INFO][find_string()] No iframe in assets/photogrid_community_guidelines.html
[INTERNAL_LOG][2018-06-12 06:30:47,431][INFO][find_string()] File: assets/privacy.html
[INTERNAL_LOG][2018-06-12 06:30:47,496][INFO][find_string()] No iframe in assets/privacy.html
[INTERNAL_LOG][2018-06-12 06:30:47,496][INFO][find_string()] File: assets/tos.html
[INTERNAL_LOG][2018-06-12 06:30:47,508][INFO][find_string()] No iframe in assets/tos.html
[INTERNAL_LOG][2018-06-12 06:30:47,508][INFO][find_string()] [END ANALYZE FILE]

[INTERNAL_LOG][2018-06-12 06:30:47,508][INFO][find_string()] [START FILE ANALYZE]
[INTERNAL_LOG][2018-06-12 06:30:47,508][INFO][find_string()] [END ANALYZE FILE]

[INTERNAL_LOG][2018-06-12 06:32:13,812][INFO][find_url_in_apk()] [START URL LOADED INSIDE LOAD FUNCTION]
[INTERNAL_LOG][2018-06-12 06:32:13,813][INFO][find_url_in_apk()] https://api.instagram.com/oauth/authorize/?client_id=%s&redirect_uri=%s&response_type=code
http://dl.cm.ksmobile.com/photogrid/PhotoGrid_More/MoreApp.html
http://img.ly/api/2/upload.json
https://api.mobypicture.com/2.0/upload.json
http://api.plixi.com/api/upload.aspx
http://posterous.com/api2/upload.json
http://p.twipple.jp/api/upload
http://twitgoo.com/api/uploadAndPost
https://twitpic.com/api/2/upload.json
https://yfrog.com/api/xauth_upload

[INTERNAL_LOG][2018-06-12 06:32:13,813][INFO][find_url_in_apk()] [END URL LOADED INSIDE LOAD FUNCTION]
[INTERNAL_LOG][2018-06-12 06:32:16,287][ERROR][download_page_loaded()] Failed response code: 404 for http://img.ly/api/2/upload.json  
[INTERNAL_LOG][2018-06-12 06:32:17,066][ERROR][download_page_loaded()] Failed response code: 403 for https://api.mobypicture.com/2.0/upload.json  
[INTERNAL_LOG][2018-06-12 06:32:17,126][ERROR][download_page_loaded()] Failed connection error download: http://api.plixi.com/api/upload.aspx 
[INTERNAL_LOG][2018-06-12 06:32:18,804][ERROR][download_page_loaded()] Failed response code: 410 for http://p.twipple.jp/api/upload  
[INTERNAL_LOG][2018-06-12 06:32:19,729][ERROR][download_page_loaded()] Failed response code: 403 for http://twitgoo.com/api/uploadAndPost  
[INTERNAL_LOG][2018-06-12 06:32:30,091][ERROR][download_page_loaded()] Failed connection error download: https://yfrog.com/api/xauth_upload 
[INTERNAL_LOG][2018-06-12 06:32:30,092][INFO][find_string()] [START REMOTE FILE ANALYZE]
[INTERNAL_LOG][2018-06-12 06:32:30,092][INFO][find_string()] Remote File in: temp_html_code/html_downloaded_PhotoGrid_ Video _ Pic Collage Maker_ Photo Editor by Cheetah Mobile _Photo Editor_ - com/?client_id=%s&redirect_uri=%s&response_type=code
[INTERNAL_LOG][2018-06-12 06:32:30,092][INFO][find_string()] URL: https://api.instagram.com/oauth/authorize/?client_id=%s&redirect_uri=%s&response_type=code
[INTERNAL_LOG][2018-06-12 06:32:30,097][INFO][find_string()] No iframe in temp_html_code/html_downloaded_PhotoGrid_ Video _ Pic Collage Maker_ Photo Editor by Cheetah Mobile _Photo Editor_ - com/?client_id=%s&redirect_uri=%s&response_type=code
[INTERNAL_LOG][2018-06-12 06:32:30,097][INFO][find_string()] Remote File in: temp_html_code/html_downloaded_PhotoGrid_ Video _ Pic Collage Maker_ Photo Editor by Cheetah Mobile _Photo Editor_ - com/MoreApp.html
[INTERNAL_LOG][2018-06-12 06:32:30,097][INFO][find_string()] URL: http://dl.cm.ksmobile.com/photogrid/PhotoGrid_More/MoreApp.html
[INTERNAL_LOG][2018-06-12 06:32:30,098][INFO][find_string()] No iframe in temp_html_code/html_downloaded_PhotoGrid_ Video _ Pic Collage Maker_ Photo Editor by Cheetah Mobile _Photo Editor_ - com/MoreApp.html
[INTERNAL_LOG][2018-06-12 06:32:30,099][INFO][find_string()] Remote File in: temp_html_code/html_downloaded_PhotoGrid_ Video _ Pic Collage Maker_ Photo Editor by Cheetah Mobile _Photo Editor_ - com/upload.json
[INTERNAL_LOG][2018-06-12 06:32:30,099][INFO][find_string()] URL: https://twitpic.com/api/2/upload.json
[INTERNAL_LOG][2018-06-12 06:32:30,100][INFO][find_string()] No iframe in temp_html_code/html_downloaded_PhotoGrid_ Video _ Pic Collage Maker_ Photo Editor by Cheetah Mobile _Photo Editor_ - com/upload.json
[INTERNAL_LOG][2018-06-12 06:32:30,100][INFO][find_string()] [END ANALYZE FILE]

[INTERNAL_LOG][2018-06-12 06:32:30,100][INFO][find_url_in_apk()] [START ALL URL INSIDE APK]
[INTERNAL_LOG][2018-06-12 06:32:30,100][INFO][find_url_in_apk()] http://schemas.android.com/apk/res/android
https://adc3-launch.adcolony.com/v4/launch
https://wd.adcolony.com/logs
http://net.cleverjp.com/
https://t.appsflyer.com/api/v
https://events.appsflyer.com/api/v
https://register.appsflyer.com/api/v
https://stats.appsflyer.com/stats
https://sdk-services.appsflyer.com/validate-android-signature
https://api.appsflyer.com/install_data/v3/
http://help.pc120.com/dump/publicnet/querydumpkey.php
https://sad.ksmobile.net/api/index
http://helpgrid1.ksmobile.com/c/
http://helpgrid1.ksmobile.com/c/
http://119.147.146.243/c/
http://119.147.146.243/c/
http://ad.cmcm.com/
http://ad.cmcm.com/
http://dl.cm.ksmobile.com/static/res/86/6f/PG_Android.txt
http://dl.cm.ksmobile.com/static/res/86/6f/PG_Android.txt
http://dl.cm.ksmobile.com/static/res/86/6f/PG_Android.txt
https://unconf.mobad.ijinshan.com/b/
https://unconf.adkmob.com/b/
http://rcv.mobad.ijinshan.com/rp/
https://ssdk.adkmob.com/rp/
https://ssdk.adkmob.com/rp/
http://ud.adkmob.com/r/?
http://ud.mobad.ijinshan.com/r/?
https://ws.ksmobile.net/api/GetCloudMsgAdv
https://ws.ksmobile.net/api/GetCloudMsgAdv
https://ups.ksmobile.net/%s/getversions.php
https://ms.cmcm.com/app
https://tealand.cmcm.com/api/v1/soil/uuid
https://tealand.cmcm.com/api/v1/soil/uuid
http://221.228.204.186/rp/
http://52.35.247.178/rp/
https://play.google.com/store/apps/details
https://play.google.com/store/apps/details
http://play.google.com/store/apps/details
http://play.google.com/store/apps/details
http://127.0.0.1/
http://127.0.0.1/
https://play.google.com
http://play.google.com
https://xsdk.adkmob.com/b/?
http://m.facebook.com/ads/ad_choices
http://m.facebook.com/ads/ad_choices
https://www.facebook.com/audience_network/server_side_reward
https://www.%s.facebook.com/audience_network/server_side_reward
https://graph.facebook.com/network_ads_common
https://graph.%s.facebook.com/network_ads_common
https://www.facebook.com/adnw_logging/
https://www.%s.facebook.com/adnw_logging/
https://www.facebook.com/
https://www.%s.facebook.com
http://www.facebook.com
https://pagead2.googlesyndication.com/pagead/gen_204
https://googleads.g.doubleclick.net/mads/static/mad/sdk/native/sdk-core-v40.html
https://googleads.g.doubleclick.net/mads/static/mad/sdk/native/production/sdk-core-v40-impl.js
https://googleads.g.doubleclick.net/mads/static/mad/sdk/native/mraid/v2/mraid_app_banner.js
https://googleads.g.doubleclick.net/mads/static/mad/sdk/native/mraid/v2/mraid_app_expanded_banner.js
https://googleads.g.doubleclick.net/mads/static/mad/sdk/native/mraid/v2/mraid_app_interstitial.js
https://csi.gstatic.com/csi
https://googleads.g.doubleclick.net/mads/static/mad/sdk/native/native_ads.html
https://googleads.g.doubleclick.net/mads/static/mad/sdk/native/production/native_ads.js
https://imasdk.googleapis.com/admob/sdkloader/native_video.html
https://www.google.com/dfp/linkDevice
https://www.google.com/dfp/inAppPreview
https://www.google.com/dfp/debugSignals
https://www.google.com/dfp/sendDebugData
http://www.example.com
http://www.example.com
http://www.example.com
https://www.googleapis.com/auth/plus.login
https://www.googleapis.com/auth/plus.me
https://ups.ksmobile.net/
https://twitter.com/%s/status/%s
https://www.mopub.com/optout/
https://www.mopub.com/optout/
http://dl.cm.ksmobile.com/static/res/fixed/50/splash_blocked2.txt
https://www.instagram.com/p/Bd0DMQEFK6x/?hl=zh-tw
http://stage.dlpg.ksmobile.com/pgservicetest/conf
http://stage.api.adr.pt.ksmobile.com/v1/font?ml=1&country=%s&locale=%s&version=%s&platform=android&platform_version=%s&test=1
http://stage.api.adr.pt.ksmobile.com/v1/poster?ml=1&new=%d&country=%s&locale=%s&version=%s&platform=android&platform_version=%s&test=1
http://stage.dlpg.ksmobile.com/templates/version
http://10.33.90.163/web/cdn.php?path=/templete/getTemplateFromPicNum&picnum=%s&page=%s&pagesize=%s
http://stage.api.adr.pt.ksmobile.com/pgservicetest/cloudpush/info
https://dlpg.ksmobile.com/conf
https://d1n0nt1uck27u7.cloudfront.net/v1/font?ml=1&country=%s&locale=%s&version=%s&platform=android&platform_version=%s
https://d1n0nt1uck27u7.cloudfront.net/v1/poster?ml=1&new=%d&country=%s&locale=%s&version=%s&platform=android&platform_version=%s
https://dlpg.ksmobile.com/templates/version
https://dlpg.ksmobile.com/ga/web/cdn.php?path=/templete/getTemplateFromPicNum&picnum=%s&page=%s&pagesize=%s
https://dlpg.ksmobile.com/cloudpush/info_v2
http://pg.tj.ijinshan.com/tj/?actionname=active&imei=%s&model=%s&carriers=%s&intype=%s&channel=%s&os=android&osver=%s&aid=%s&cn2=%s&ver=%s&brand=%s&cl=%s
http://pg.tj.ijinshan.com/tj/?actionname=
http://www.baidu.com
https://www.facebook.com/photogridorg
https://www.facebook.com/photogridorg
https://graph.%s
https://graph-video.%s
https://facebook.com
http://play.google.com/store/apps/details?id=com.facebook.orca
https://ads.flurry.com/v17/getAds.do
http://ads.flurry.com/v17/getAds.do
https://cdn.flurry.com/vast/videocontrols/v2/android.zip
https://adlog.flurry.com
http://adlog.flurry.com
https://www.tumblr.com/oauth/access_token
https://www.tumblr.com/oauth/authorize?oauth_token=%s
https://api.tumblr.com/v2/blog/
https://api.tumblr.com/v2/blog/
https://www.tumblr.com/oauth/request_token
https://api.tumblr.com/v2/user/info
http://www.tumblr.com/connect/login_success.html
https://play.google.com/store/apps/details?id=
https://play.google.com/store/apps/details?id=
https://play.google.com/store/apps/details?id=
https://play.google.com/store/apps/details?id=
http://xmlpull.org/v1/doc/features.html#process-namespaces
http://xmlpull.org/v1/doc/features.html#process-namespaces
https://cfg.flurry.com/sdk/v1/config
https://cfg.flurry.com/sdk/v1/config
https://proton.flurry.com/sdk/v1/config
https://data.flurry.com/pcr.do
https://data.flurry.com/aap.do
http://data.flurry.com/aap.do
http://googleads.g.doubleclick.net/mads/static/mad/sdk/native/native_ads.js
https://pagead2.googlesyndication.com/pagead/gen_204?id=gmob-apps
https://www.googleapis.com/auth/games_lite
https://www.googleapis.com/auth/games
https://plus.google.com/
https://support.google.com/dfp_premium/answer/7160685#push
http://www.google.com
http://www.google-analytics.com
https://ssl.google-analytics.com
https://app-measurement.com/a
https://www.google.com
http://schemas.android.com/apk/lib/com.google.android.gms.plus
http://schemas.android.com/apk/lib/com.google.android.gms.plus
https://www.googletagmanager.com
http://hostname/?
https://api.flickr.com/services/rest
https://api.flickr.com/services/replace/
https://api.flickr.com/services/upload/
https://api.flickr.com/services/oauth/access_token
https://api.flickr.com/services/oauth/request_token
https://farm
https://farm
https://flickr.com/photos/
https://www.flickr.com/photos/
https://www.flickr.com/images/buddyicon.jpg
http://dcys.ijinshan.com/sj/data.gif?
http://dcys-en.ijinshan.com/sj/data.gif?
https://ws.ksmobile.net/api/GetCloudScreen
https://ups.ksmobile.net/cmx/getversions.php
https://dwzb7nsm427ad.cloudfront.net/1/
https://d1zkodo2u3p4pe.cloudfront.net/1/
https://geoinfo.i2w.io/api/1/geoinfo
http://ce-global-dev-proxy-154916917.ap-northeast-1.elb.amazonaws.com/cdn/adcfg
http://d2qmdcga8xwxzj.cloudfront.net/cdn/adcfg
https://www.facebook.com/%s
https://www.facebook.com/%s
http://schemas.android.com/apk/lib/com.inmobi.ads
http://schemas.android.com/apk/lib/com.inmobi.ads
https://i.l.inmobicdn.net/sdk/sdk/500/android/mraid.js
https://i.w.inmobi.com/showad.asm
https://sdktm.w.inmobi.com/sdkpubreq/v2
https://crash-metrics.sdk.inmobi.com/trace
https://config.inmobi.cn/config-server/v1/config/secure.cfg
https://config.inmobi.cn/config-server/v1/config/secure.cfg
https://config.inmobi.cn/config-server/v1/config/secure.cfg
https://config.inmobi.com/config-server/v1/config/secure.cfg
https://www.inmobi.com/products/sdk/#downloads
https://telemetry.sdk.inmobi.com/metrics
https://www.facebook.com/dialog/feed?app_id=181821551957328&link=
https://m.google.com/app/plus/x/?v=compose&content=
http://twitter.com/home?status=
https://dock.inmobi.com/carb/v1/i
https://dock.inmobi.com/carb/v1/o
https://sdkm.w.inmobi.com/user/e.asm
https://mobile-static.adsafeprotected.com/avid-v2.js
https://mobile-static.adsafeprotected.com/avid-v2.js
https://z.moatads.com/
https://z.moatads.com/
http://analytics.rayjump.com
http://net.rayjump.com
http://setting.rayjump.com
https://play.google.com/
https://play.google.com/
https://play.google.com/
https://play.google.com/
http://detect.rayjump.com/mapi/find
http://detect.rayjump.com/mapi/result
https://analytics.mopub.com/i/jot/exchange_client_event
https://www.mopub.com/optout
https://play.google.com/store/apps/details?id=com.roidapp.photogrid
https://play.google.com/store/apps/details?id=com.roidapp.photogrid
https://play.google.com/store/apps/details?id=com.roidapp.photogrid
https://play.google.com/store/account
https://play.google.com/store/
https://tuc.ksmobile.net/report
http://stage.api.adr.pt.ksmobile.com/
http://stage.api.adr.pt.ksmobile.com/
https://d1n0nt1uck27u7.cloudfront.net/
https://d1n0nt1uck27u7.cloudfront.net/
https://api.tenor.com
https://graph.facebook.com/v2.9/
https://graph.facebook.com/v2.9/
https://graph.facebook.com/v2.9/%s/picture
https://www.googleapis.com/oauth2/v1/userinfo?alt=json&access_token=
https://www.googleapis.com/oauth2/v1/userinfo?alt=json&access_token=
http://www.google.com/search?tbm=isch&gws_rd=cr,ssl&start=
https://picasaweb.google.com
http://stage.api.adr.pt.ksmobile.com
http://stage.api.adr.pt.ksmobile.com
http://stage.api.adr.pt.ksmobile.com
http://stage.api.adr.pt.ksmobile.com
http://stage.api.adr.pt.ksmobile.com
https://pgapi.ksmobile.com
https://pgapi.ksmobile.com
https://pgapi.ksmobile.com
https://pgapi.ksmobile.com
https://pgapi.ksmobile.com
https://pgapi.ksmobile.com
https://pgapi.ksmobile.com
https://api.instagram.com/oauth/access_token
https://api.instagram.com/oauth/authorize/?client_id=%s&redirect_uri=%s&response_type=code
https://api.instagram.com/v1/users/
https://api.instagram.com/v1/media/popular?client_id=
https://gcm.ksmobile.net
https://gcm.ksmobile.net/rpc/user/device
https://gcm.ksmobile.net/rpc/gcm/report
https://play.google.com/store/apps/details?id=com.alensw.PicFolder
http://52.38.190.189
http://52.38.190.189
http://52.38.190.189
http://52.38.190.189
https://d1n0nt1uck27u7.cloudfront.net
https://d1n0nt1uck27u7.cloudfront.net
https://d1n0nt1uck27u7.cloudfront.net
https://d1n0nt1uck27u7.cloudfront.net
https://d1n0nt1uck27u7.cloudfront.net
http://35.160.1.230
https://twinkle-photogrid.ksmobile.net
https://twinkle-photogrid.ksmobile.net
http://35.160.1.230:19001
http://stage.api.adr.pt.ksmobile.com/user/changeIp
https://pgapi.ksmobile.com/user/changeIp
https://pglambda.ksmobile.com/
https://photogrid-video.s3.amazonaws.com/
https://play.google.com/store/apps/details?id=com.cmcm.live&referrer=utm_source%3D521000
https://d1n0nt1uck27u7.cloudfront.net/admin/wallControlv1
https://d1n0nt1uck27u7.cloudfront.net/admin/wallControlv1
http://d1n0nt1uck27u7.cloudfront.net/admin/wallControl
https://cmbackup.cmcm.com/v2/batch
https://pgapi.ksmobile.com/v1/wow?ml=17&test=1&new=%d&page=%d&pagesize=%d&local=%d&country=%s
https://d1n0nt1uck27u7.cloudfront.net/v1/wow?ml=17&new=%d&page=%d&pagesize=%d&local=%d&country=%s
https://pgapi.ksmobile.com/v2/filter?ml=3&new=%d&country=%s&locale=%s&version=%s&platform=android&platform_version=%s&test=1
https://d1n0nt1uck27u7.cloudfront.net/v2/filter?ml=3&new=%d&country=%s&locale=%s&version=%s&platform=android&platform_version=%s
https://pgapi.ksmobile.com/api/camera_music_json?test=1&new=%d&page=%d&pagesize=%d&local=%d&country=%s
https://d1n0nt1uck27u7.cloudfront.net/api/camera_music_json&new=%d&page=%d&pagesize=%d&local=%d&country=%s
https://play.google.com/store/apps/details?id=com.cmcm.live&referrer=utm_source%3D520003
https://dlpg.ksmobile.com/android_img/tool_banner_prank_cam.jpg
https://dlpg.ksmobile.com/values2/
https://play.google.com/store/apps/details?id=com.ksmobile.launcher.theme.t100119625&referrer=utm_source%3DPG_Template_feed
https://play.google.com/store/apps/details?id=cm.technology.next.live.wallpaper&referrer=utm_source%3DPG_Resultpage
http://instagram.com/photogrid
https://www.facebook.com/PhotoGridTW
https://dlpg.ksmobile.com/fonts/preview/
http://photogrid.org/gp_mms
http://photogrid.org/gp_whatsapp
https://www.facebook.com/help/249141925204375/
https://play.google.com/store/details?id=com.photogrid.lite&referrer=utm_source%3DPG
http://photogrid.org
http://market.android.com/details?id=com.roidapp.photogrid
https://fb.me/919120318127803
https://fbcdn-sphotos-e-a.akamaihd.net/hphotos-ak-xpt1/v/t1.0-9/p370x247/17414_419123284915587_3522621611379441172_n.jpg?oh=93acf96f54e7480529dd3b61d9448b30&oe=55A44442&__gda__=1437965383_0d315ef202d976451bf20f79d56e7613
http://pg.did.ijinshan.com/pg/?v=1&p=pg&u=%s&m=%s&ip=%d&e=%s&s=%s
https://market.android.com/details?id=com.roidapp.photogrid
http://dlpg.ksmobile.com/model/mobilenet_quant_v1_224.tflite
https://instagram.com/_u/photogrid
https://play.google.com/store/details?id=
http://live.ksmobile.net
http://www.liveme.com/activity/push/cm/twnew/?source=520001&appid=132895
http://develop.qa.live.ksmobile.net
https://plive.ksmobile.net
https://play.google.com/store/apps/details?id=com.roidapp.photogrid.plugin.stickers
https://dlpg.ksmobile.com/help/
https://dlpg.ksmobile.com/help/
http://dl.cm.ksmobile.com/photogrid/PhotoGrid_More/MoreApp.html
http://www.cmcm.com/protocol/site/privacy.html
http://www.cmcm.com/protocol/site/tos.html
http://www.cmcm.com/protocol/site/ad-choice.html
http://stage.api.adr.pt.ksmobile.com/v1/background?ml=1&new=%d&country=%s&locale=%s&version=%s&platform=android&platform_version=%s&page=%d&pagesize=%d&test=1
http://stage.api.adr.pt.ksmobile.com/v1/background?ml=1&new=%d&country=%s&locale=%s&version=%s&platform=android&platform_version=%s&test=1
https://d1n0nt1uck27u7.cloudfront.net/v1/background?ml=1&new=%d&country=%s&locale=%s&version=%s&platform=android&platform_version=%s&page=%d&pagesize=%d
https://d1n0nt1uck27u7.cloudfront.net/v1/background?ml=1&new=%d&country=%s&locale=%s&version=%s&platform=android&platform_version=%s
http://stage.api.adr.pt.ksmobile.com/v1/material/store?country=%s&locale=%s&version=%s&platform=android&platform_version=%s&test=1
https://d1n0nt1uck27u7.cloudfront.net/v1/material/store?country=%s&locale=%s&version=%s&platform=android&platform_version=%s
http://stage.api.adr.pt.ksmobile.com/v1/sticker?ml=1&new=%d&country=%s&locale=%s&version=%s&platform=android&platform_version=%s&test=1
https://d1n0nt1uck27u7.cloudfront.net/v1/sticker?ml=1&new=%d&country=%s&locale=%s&version=%s&platform=android&platform_version=%s
http://theme.cmcm.com/themelist/hot/?f=PG_home
http://theme.cmcm.com/themelist/hot/?f=PG_home
http://theme.cmcm.com/themelist/hot/?f=PG_home
http://stage.dlpg.ksmobile.com/update/
https://dlpg.ksmobile.com/update/
https://dlpg.ksmobile.com/fma_music/main.json
https://play.google.com/store/apps/details?id=com.roidapp.photogrid.plugin.video
https://config.unityads.unity3d.com/webview/
https://e.crashlytics.com/spi/v2/events
https://settings.crashlytics.com/spi/v2/platforms/android/apps/%s/settings
https://play.google.com/store/apps/details?
http://169.55.74.169
http://169.55.74.169
http://169.55.74.169
http://169.55.74.169
http://169.55.74.169
http://169.55.74.169
http://169.55.74.169
http://169.55.74.169
http://169.55.74.169
http://169.55.74.169
http://169.55.74.169
http://api.c.avazunativeads.com
http://api.c.avazunativeads.com
http://api.c.avazunativeads.com
http://api.c.avazunativeads.com
http://api.c.avazunativeads.com
http://api.c.avazunativeads.com
http://api.c.avazunativeads.com
http://api.c.avazunativeads.com
http://api.c.avazunativeads.com
http://api.c.avazunativeads.com
http://api.c.avazunativeads.com
http://api.c.avazunativeads.com
http://192.168.5.222:17087
http://localhost/
http://localhost/
http://localhost/
http://twitter4j.org/en/twitter4j-
http://api.twitter.com/oauth/request_token
http://api.twitter.com/oauth/request_token
http://api.twitter.com/oauth/authorize
http://api.twitter.com/oauth/authorize
http://api.twitter.com/oauth/access_token
http://api.twitter.com/oauth/access_token
http://api.twitter.com/oauth/authenticate
http://api.twitter.com/oauth/authenticate
https://api.twitter.com/oauth2/token
https://api.twitter.com/oauth2/invalidate_token
http://api.twitter.com/1.1/
http://api.twitter.com/1.1/
https://stream.twitter.com/1.1/
https://userstream.twitter.com/1.1/
https://sitestream.twitter.com/1.1/
http://img.ly/api/2/upload.json
https://api.twitter.com/1.1/account/verify_credentials.json
https://api.twitter.com/1.1/account/verify_credentials.json
https://api.twitter.com/1.1/account/verify_credentials.json
https://api.twitter.com/1.1/account/verify_credentials.json
https://api.twitter.com/1.1/account/verify_credentials.json
https://api.mobypicture.com/2.0/upload.json
http://api.plixi.com/api/upload.aspx
http://posterous.com/api2/upload.json
https://api.twitter.com/1/account/verify_credentials.json
https://api.twitter.com/1/account/verify_credentials.json
http://p.twipple.jp/api/upload
http://twitgoo.com/api/uploadAndPost
https://twitpic.com/api/2/upload.json
https://yfrog.com/api/xauth_upload
https://api.twitter.com/1/account/verify_credentials.xml

[INTERNAL_LOG][2018-06-12 06:32:30,100][INFO][find_url_in_apk()] [END ALL URL INSIDE APK]
[INTERNAL_LOG][2018-06-12 06:32:30,112][INFO][check_method_conf()] [JavaScript enabled: True]

[INTERNAL_LOG][2018-06-12 06:32:30,112][INFO][check_method_conf()] [Add interface WebView: True]

[INTERNAL_LOG][2018-06-12 06:32:30,112][INFO][analyze_start()] This app might be not vulnerable on  attack frame confusion.
[INTERNAL_LOG][2018-06-12 06:32:30,112][INFO][analyze_start()] End time:[Tue Jun 12 06:32:30 2018]
