[INTERNAL_LOG][2018-06-12 07:37:00,166][INFO][analyze_start()] Init Time [Tue Jun 12 07:37:00 2018]
[INTERNAL_LOG][2018-06-12 07:37:00,200][INFO][run()] Start Analysis
[INTERNAL_LOG][2018-06-12 07:37:00,201][INFO][is_hybird()] [Permission Enble Start]
[INTERNAL_LOG][2018-06-12 07:37:00,201][INFO][is_hybird()] android.permission.CAMERA
[INTERNAL_LOG][2018-06-12 07:37:00,201][INFO][is_hybird()] android.permission.WAKE_LOCK
[INTERNAL_LOG][2018-06-12 07:37:00,201][INFO][is_hybird()] android.permission.WRITE_EXTERNAL_STORAGE
[INTERNAL_LOG][2018-06-12 07:37:00,201][INFO][is_hybird()] android.permission.INTERNET
[INTERNAL_LOG][2018-06-12 07:37:00,201][INFO][is_hybird()] android.permission.ACCESS_NETWORK_STATE
[INTERNAL_LOG][2018-06-12 07:37:00,201][INFO][is_hybird()] android.permission.BILLING
[INTERNAL_LOG][2018-06-12 07:37:00,201][INFO][is_hybird()] com.android.vending.BILLING
[INTERNAL_LOG][2018-06-12 07:37:00,201][INFO][is_hybird()] com.google.android.providers.gsf.permission.READ_GSERVICES
[INTERNAL_LOG][2018-06-12 07:37:00,202][INFO][is_hybird()] com.google.android.c2dm.permission.RECEIVE
[INTERNAL_LOG][2018-06-12 07:37:00,202][INFO][is_hybird()] com.neuralprisma.permission.C2D_MESSAGE
[INTERNAL_LOG][2018-06-12 07:37:00,202][INFO][is_hybird()] [Permission End]

[INTERNAL_LOG][2018-06-12 07:37:00,202][INFO][analyze_start()] TYPE APK: [ANDROID NATIVE]

[INTERNAL_LOG][2018-06-12 07:37:00,202][INFO][find_string()] [START FILE ANALYZE]
[INTERNAL_LOG][2018-06-12 07:37:00,202][INFO][find_string()] [END ANALYZE FILE]

[INTERNAL_LOG][2018-06-12 07:37:00,202][INFO][find_string()] [START FILE ANALYZE]
[INTERNAL_LOG][2018-06-12 07:37:00,202][INFO][find_string()] [END ANALYZE FILE]

[INTERNAL_LOG][2018-06-12 07:37:25,213][INFO][find_url_in_apk()] [START ALL URL INSIDE APK]
[INTERNAL_LOG][2018-06-12 07:37:25,213][INFO][find_url_in_apk()] http://schemas.android.com/apk/res/android
https://settings.crashlytics.com/spi/v2/platforms/android/apps/%s/settings
https://graph.accountkit.com
https://graph.%s
https://graph-video.%s
https://facebook.com
https://facebook.com/device?user_code=%1$s&qr=1
https://pagead2.googlesyndication.com/pagead/gen_204?id=gmob-apps
https://plus.google.com/
https://app-measurement.com/a
https://mobilecrashreporting.googleapis.com/v1/crashes:batchCreate?key=
https://prisma-ai.com/u/
http://graph.facebook.com/%s/picture?type=normal
https://e.crashlytics.com/spi/v2/events
https://analytics.neuralprisma.com
https://www.google.com
https://m.facebook.com/terms
https://m.facebook.com/terms
https://m.facebook.com/terms
https://m.facebook.com/about/privacy/
https://m.facebook.com/about/privacy/
https://m.facebook.com/about/privacy/
https://m.facebook.com/policies/cookies/
https://m.facebook.com/policies/cookies/
https://m.facebook.com/policies/cookies/
https://play.google.com/store/apps/details?id=
https://www.accountkit.com/faq
https://www.accountkit.com/faq
https://www.accountkit.com/faq
http://play.google.com/store/apps/details?id=com.neuralprisma
http://play.google.com/store/apps/details?id=com.neuralprisma

[INTERNAL_LOG][2018-06-12 07:37:25,213][INFO][find_url_in_apk()] [END ALL URL INSIDE APK]
[INTERNAL_LOG][2018-06-12 07:37:25,218][INFO][check_method_conf()] [JavaScript enabled: True]

[INTERNAL_LOG][2018-06-12 07:37:25,218][INFO][check_method_conf()] [Add interface WebView: False]

[INTERNAL_LOG][2018-06-12 07:37:25,218][INFO][analyze_start()] This app might be not vulnerable on  attack frame confusion.
[INTERNAL_LOG][2018-06-12 07:37:25,218][INFO][analyze_start()] End time:[Tue Jun 12 07:37:25 2018]
