[INTERNAL_LOG][2018-06-22 12:23:58,005][INFO][analyze_start()] Init Time [Fri Jun 22 12:23:58 2018]
[INTERNAL_LOG][2018-06-22 12:23:58,100][INFO][run()] Start Analysis
[INTERNAL_LOG][2018-06-22 12:23:58,100][INFO][is_hybird()] Hybrid file found are: ['res/xml/config.xml']
[INTERNAL_LOG][2018-06-22 12:23:58,101][INFO][is_hybird()] [Permission Enble Start]
[INTERNAL_LOG][2018-06-22 12:23:58,101][INFO][is_hybird()] android.permission.INTERNET
[INTERNAL_LOG][2018-06-22 12:23:58,101][INFO][is_hybird()] android.permission.ACCESS_NETWORK_STATE
[INTERNAL_LOG][2018-06-22 12:23:58,101][INFO][is_hybird()] android.permission.ACCESS_WIFI_STATE
[INTERNAL_LOG][2018-06-22 12:23:58,101][INFO][is_hybird()] com.lynxspa.prontotreno.permission.C2D_MESSAGE
[INTERNAL_LOG][2018-06-22 12:23:58,101][INFO][is_hybird()] com.google.android.c2dm.permission.RECEIVE
[INTERNAL_LOG][2018-06-22 12:23:58,101][INFO][is_hybird()] android.permission.WAKE_LOCK
[INTERNAL_LOG][2018-06-22 12:23:58,101][INFO][is_hybird()] android.permission.GET_ACCOUNTS
[INTERNAL_LOG][2018-06-22 12:23:58,101][INFO][is_hybird()] android.permission.USE_CREDENTIALS
[INTERNAL_LOG][2018-06-22 12:23:58,101][INFO][is_hybird()] android.permission.WRITE_EXTERNAL_STORAGE
[INTERNAL_LOG][2018-06-22 12:23:58,101][INFO][is_hybird()] android.permission.READ_CALENDAR
[INTERNAL_LOG][2018-06-22 12:23:58,101][INFO][is_hybird()] android.permission.ACCESS_FINE_LOCATION
[INTERNAL_LOG][2018-06-22 12:23:58,102][INFO][is_hybird()] android.permission.WRITE_CALENDAR
[INTERNAL_LOG][2018-06-22 12:23:58,102][INFO][is_hybird()] [Permission End]

[INTERNAL_LOG][2018-06-22 12:23:58,102][INFO][is_hybird()] Starting apktool
[INTERNAL_LOG][2018-06-22 12:24:07,245][ERROR][is_hybird()] [ERROR file config.xmls] [Errno 2] No such file or directory: 'temp_dir/res/xml/config.xml' 

[INTERNAL_LOG][2018-06-22 12:24:07,261][INFO][analyze_start()] TYPE APK: [HYBRID]

[INTERNAL_LOG][2018-06-22 12:24:07,282][INFO][analyze_start()] Start HTML file
[INTERNAL_LOG][2018-06-22 12:24:07,302][INFO][find_string()] [START FILE ANALYZE]
[INTERNAL_LOG][2018-06-22 12:24:07,313][INFO][find_string()] File: assets/www/default/index.html
[INTERNAL_LOG][2018-06-22 12:24:08,300][INFO][find_string()] No iframe in assets/www/default/index.html
[INTERNAL_LOG][2018-06-22 12:24:08,315][INFO][find_string()] File: assets/www/skinLoader.html
[INTERNAL_LOG][2018-06-22 12:24:08,333][INFO][find_string()] No iframe in assets/www/skinLoader.html
[INTERNAL_LOG][2018-06-22 12:24:08,349][INFO][find_string()] [END ANALYZE FILE]

[INTERNAL_LOG][2018-06-22 12:24:08,364][INFO][analyze_start()] End HTML file
[INTERNAL_LOG][2018-06-22 12:24:08,375][INFO][analyze_start()] Start JavaScript file
[INTERNAL_LOG][2018-06-22 12:24:08,396][INFO][find_string()] [START FILE ANALYZE]
[INTERNAL_LOG][2018-06-22 12:24:08,406][INFO][find_string()] File: assets/www/default/js/PushAppRealmChallengeHandler.min.js
[INTERNAL_LOG][2018-06-22 12:24:08,530][INFO][find_string()] No iframe in assets/www/default/js/PushAppRealmChallengeHandler.min.js
[INTERNAL_LOG][2018-06-22 12:24:08,535][INFO][find_string()] File: assets/www/default/js/app.min.js
[INTERNAL_LOG][2018-06-22 12:24:08,536][INFO][find_string()] No iframe in assets/www/default/js/app.min.js
[INTERNAL_LOG][2018-06-22 12:24:08,536][INFO][find_string()] File: assets/www/default/js/initOptions.min.js
[INTERNAL_LOG][2018-06-22 12:24:08,552][INFO][find_string()] No iframe in assets/www/default/js/initOptions.min.js
[INTERNAL_LOG][2018-06-22 12:24:08,563][INFO][find_string()] File: assets/www/default/js/lib/angular-animate.min.js
[INTERNAL_LOG][2018-06-22 12:24:08,970][INFO][find_string()] No iframe in assets/www/default/js/lib/angular-animate.min.js
[INTERNAL_LOG][2018-06-22 12:24:08,970][INFO][find_string()] File: assets/www/default/js/lib/angular-aria.min.js
[INTERNAL_LOG][2018-06-22 12:24:08,976][INFO][find_string()] No iframe in assets/www/default/js/lib/angular-aria.min.js
[INTERNAL_LOG][2018-06-22 12:24:08,981][INFO][find_string()] File: assets/www/default/js/lib/angular-clock.min.js
[INTERNAL_LOG][2018-06-22 12:24:08,983][INFO][find_string()] No iframe in assets/www/default/js/lib/angular-clock.min.js
[INTERNAL_LOG][2018-06-22 12:24:08,983][INFO][find_string()] File: assets/www/default/js/lib/angular-sanitize.min.js
[INTERNAL_LOG][2018-06-22 12:24:08,984][INFO][find_string()] No iframe in assets/www/default/js/lib/angular-sanitize.min.js
[INTERNAL_LOG][2018-06-22 12:24:08,985][INFO][find_string()] File: assets/www/default/js/lib/angular-ui-router.min.js
[INTERNAL_LOG][2018-06-22 12:24:09,108][INFO][find_string()] No iframe in assets/www/default/js/lib/angular-ui-router.min.js
[INTERNAL_LOG][2018-06-22 12:24:09,108][INFO][find_string()] File: assets/www/default/js/lib/angular.min.js
[INTERNAL_LOG][2018-06-22 12:24:11,232][INFO][find_string()] No iframe in assets/www/default/js/lib/angular.min.js
[INTERNAL_LOG][2018-06-22 12:24:11,253][INFO][find_string()] File: assets/www/default/js/lib/ionic-angular.min.js
[INTERNAL_LOG][2018-06-22 12:24:12,276][INFO][find_string()] No iframe in assets/www/default/js/lib/ionic-angular.min.js
[INTERNAL_LOG][2018-06-22 12:24:12,305][INFO][find_string()] File: assets/www/default/js/lib/ionic.min.js
[INTERNAL_LOG][2018-06-22 12:24:12,367][INFO][find_string()] No iframe in assets/www/default/js/lib/ionic.min.js
[INTERNAL_LOG][2018-06-22 12:24:12,368][INFO][find_string()] File: assets/www/default/js/lib/mask.min.js
[INTERNAL_LOG][2018-06-22 12:24:12,384][INFO][find_string()] No iframe in assets/www/default/js/lib/mask.min.js
[INTERNAL_LOG][2018-06-22 12:24:12,384][INFO][find_string()] File: assets/www/default/js/lib/moment-timezone-with-data-2010-2020.min.min.js
[INTERNAL_LOG][2018-06-22 12:24:12,387][INFO][find_string()] No iframe in assets/www/default/js/lib/moment-timezone-with-data-2010-2020.min.min.js
[INTERNAL_LOG][2018-06-22 12:24:12,387][INFO][find_string()] File: assets/www/default/js/lib/moment-with-locales.min.js
[INTERNAL_LOG][2018-06-22 12:24:12,439][INFO][find_string()] No iframe in assets/www/default/js/lib/moment-with-locales.min.js
[INTERNAL_LOG][2018-06-22 12:24:12,440][INFO][find_string()] File: assets/www/default/js/lib/rss-parser.min.js
[INTERNAL_LOG][2018-06-22 12:24:12,488][INFO][find_string()] No iframe in assets/www/default/js/lib/rss-parser.min.js
[INTERNAL_LOG][2018-06-22 12:24:12,489][INFO][find_string()] File: assets/www/default/js/main.min.js
[INTERNAL_LOG][2018-06-22 12:24:12,490][INFO][find_string()] No iframe in assets/www/default/js/main.min.js
[INTERNAL_LOG][2018-06-22 12:24:12,490][INFO][find_string()] File: assets/www/default/js/messages/DE-de.min.js
[INTERNAL_LOG][2018-06-22 12:24:12,505][INFO][find_string()] No iframe in assets/www/default/js/messages/DE-de.min.js
[INTERNAL_LOG][2018-06-22 12:24:12,506][INFO][find_string()] File: assets/www/default/js/messages/EN-en.min.js
[INTERNAL_LOG][2018-06-22 12:24:12,523][INFO][find_string()] No iframe in assets/www/default/js/messages/EN-en.min.js
[INTERNAL_LOG][2018-06-22 12:24:12,524][INFO][find_string()] File: assets/www/default/js/messages/FR-fr.min.js
[INTERNAL_LOG][2018-06-22 12:24:12,529][INFO][find_string()] No iframe in assets/www/default/js/messages/FR-fr.min.js
[INTERNAL_LOG][2018-06-22 12:24:12,532][INFO][find_string()] File: assets/www/default/js/messages/IT-it.min.js
[INTERNAL_LOG][2018-06-22 12:24:12,538][INFO][find_string()] No iframe in assets/www/default/js/messages/IT-it.min.js
[INTERNAL_LOG][2018-06-22 12:24:12,549][INFO][find_string()] File: assets/www/default/js/messages/messages.min.js
[INTERNAL_LOG][2018-06-22 12:24:12,549][INFO][find_string()] No iframe in assets/www/default/js/messages/messages.min.js
[INTERNAL_LOG][2018-06-22 12:24:12,550][INFO][find_string()] File: assets/www/default/js/modules/abbonamenti/abbonamenti.min.js
[INTERNAL_LOG][2018-06-22 12:24:12,551][INFO][find_string()] No iframe in assets/www/default/js/modules/abbonamenti/abbonamenti.min.js
[INTERNAL_LOG][2018-06-22 12:24:12,551][INFO][find_string()] File: assets/www/default/js/modules/accompagnatori/accompagnatori-edit.min.js
[INTERNAL_LOG][2018-06-22 12:24:12,553][INFO][find_string()] No iframe in assets/www/default/js/modules/accompagnatori/accompagnatori-edit.min.js
[INTERNAL_LOG][2018-06-22 12:24:12,553][INFO][find_string()] File: assets/www/default/js/modules/accompagnatori/accompagnatori-show.min.js
[INTERNAL_LOG][2018-06-22 12:24:12,554][INFO][find_string()] No iframe in assets/www/default/js/modules/accompagnatori/accompagnatori-show.min.js
[INTERNAL_LOG][2018-06-22 12:24:12,554][INFO][find_string()] File: assets/www/default/js/modules/archivio-biglietti/archivio-biglietti.min.js
[INTERNAL_LOG][2018-06-22 12:24:12,555][INFO][find_string()] No iframe in assets/www/default/js/modules/archivio-biglietti/archivio-biglietti.min.js
[INTERNAL_LOG][2018-06-22 12:24:12,555][INFO][find_string()] File: assets/www/default/js/modules/biglietti-archiviati/biglietti-archiviati.min.js
[INTERNAL_LOG][2018-06-22 12:24:12,557][INFO][find_string()] No iframe in assets/www/default/js/modules/biglietti-archiviati/biglietti-archiviati.min.js
[INTERNAL_LOG][2018-06-22 12:24:12,557][INFO][find_string()] File: assets/www/default/js/modules/biglietti/biglietti.min.js
[INTERNAL_LOG][2018-06-22 12:24:12,558][INFO][find_string()] No iframe in assets/www/default/js/modules/biglietti/biglietti.min.js
[INTERNAL_LOG][2018-06-22 12:24:12,571][INFO][find_string()] File: assets/www/default/js/modules/biglietto-anonimo/biglietto-anonimo.min.js
[INTERNAL_LOG][2018-06-22 12:24:12,572][INFO][find_string()] No iframe in assets/www/default/js/modules/biglietto-anonimo/biglietto-anonimo.min.js
[INTERNAL_LOG][2018-06-22 12:24:12,573][INFO][find_string()] File: assets/www/default/js/modules/cambio-nominativo/cambio-nominativo.min.js
[INTERNAL_LOG][2018-06-22 12:24:12,578][INFO][find_string()] No iframe in assets/www/default/js/modules/cambio-nominativo/cambio-nominativo.min.js
[INTERNAL_LOG][2018-06-22 12:24:12,578][INFO][find_string()] File: assets/www/default/js/modules/cambio-prenotazione/cambio-prenotazione.min.js
[INTERNAL_LOG][2018-06-22 12:24:12,579][INFO][find_string()] No iframe in assets/www/default/js/modules/cambio-prenotazione/cambio-prenotazione.min.js
[INTERNAL_LOG][2018-06-22 12:24:12,579][INFO][find_string()] File: assets/www/default/js/modules/cartafreccia/cartafreccia.min.js
[INTERNAL_LOG][2018-06-22 12:24:12,581][INFO][find_string()] No iframe in assets/www/default/js/modules/cartafreccia/cartafreccia.min.js
[INTERNAL_LOG][2018-06-22 12:24:12,581][INFO][find_string()] File: assets/www/default/js/modules/dati-acquirente/dati-acquirente.min.js
[INTERNAL_LOG][2018-06-22 12:24:12,582][INFO][find_string()] No iframe in assets/www/default/js/modules/dati-acquirente/dati-acquirente.min.js
[INTERNAL_LOG][2018-06-22 12:24:12,582][INFO][find_string()] File: assets/www/default/js/modules/dati-acquisto/dati-acquisto.min.js
[INTERNAL_LOG][2018-06-22 12:24:12,593][INFO][find_string()] No iframe in assets/www/default/js/modules/dati-acquisto/dati-acquisto.min.js
[INTERNAL_LOG][2018-06-22 12:24:12,593][INFO][find_string()] File: assets/www/default/js/modules/dati-personali/dati-personali.min.js
[INTERNAL_LOG][2018-06-22 12:24:12,594][INFO][find_string()] No iframe in assets/www/default/js/modules/dati-personali/dati-personali.min.js
[INTERNAL_LOG][2018-06-22 12:24:12,605][INFO][find_string()] File: assets/www/default/js/modules/dettaglio-abbonamento/dettaglio-abbonamento.min.js
[INTERNAL_LOG][2018-06-22 12:24:12,640][INFO][find_string()] No iframe in assets/www/default/js/modules/dettaglio-abbonamento/dettaglio-abbonamento.min.js
[INTERNAL_LOG][2018-06-22 12:24:12,640][INFO][find_string()] File: assets/www/default/js/modules/dettaglio-biglietto-toggle/dettaglio-biglietto-toggle.min.js
[INTERNAL_LOG][2018-06-22 12:24:12,641][INFO][find_string()] No iframe in assets/www/default/js/modules/dettaglio-biglietto-toggle/dettaglio-biglietto-toggle.min.js
[INTERNAL_LOG][2018-06-22 12:24:12,642][INFO][find_string()] File: assets/www/default/js/modules/dettaglio-biglietto/dettaglio-biglietto.min.js
[INTERNAL_LOG][2018-06-22 12:24:12,644][INFO][find_string()] No iframe in assets/www/default/js/modules/dettaglio-biglietto/dettaglio-biglietto.min.js
[INTERNAL_LOG][2018-06-22 12:24:12,644][INFO][find_string()] File: assets/www/default/js/modules/dettaglio-offerta/dettaglio-offerta.min.js
[INTERNAL_LOG][2018-06-22 12:24:12,652][INFO][find_string()] No iframe in assets/www/default/js/modules/dettaglio-offerta/dettaglio-offerta.min.js
[INTERNAL_LOG][2018-06-22 12:24:12,652][INFO][find_string()] File: assets/www/default/js/modules/dettaglio-viaggio-customize/dettaglio-viaggio-customize.min.js
[INTERNAL_LOG][2018-06-22 12:24:12,655][INFO][find_string()] No iframe in assets/www/default/js/modules/dettaglio-viaggio-customize/dettaglio-viaggio-customize.min.js
[INTERNAL_LOG][2018-06-22 12:24:12,655][INFO][find_string()] File: assets/www/default/js/modules/dettaglio-viaggio/dettaglio-viaggio.min.js
[INTERNAL_LOG][2018-06-22 12:24:12,656][INFO][find_string()] No iframe in assets/www/default/js/modules/dettaglio-viaggio/dettaglio-viaggio.min.js
[INTERNAL_LOG][2018-06-22 12:24:12,657][INFO][find_string()] File: assets/www/default/js/modules/fatturazione/elenco-fatture/elenco-fatture.min.js
[INTERNAL_LOG][2018-06-22 12:24:12,657][INFO][find_string()] No iframe in assets/www/default/js/modules/fatturazione/elenco-fatture/elenco-fatture.min.js
[INTERNAL_LOG][2018-06-22 12:24:12,658][INFO][find_string()] File: assets/www/default/js/modules/fatturazione/fatturazione-cf/tab-cf.min.js
[INTERNAL_LOG][2018-06-22 12:24:12,665][INFO][find_string()] No iframe in assets/www/default/js/modules/fatturazione/fatturazione-cf/tab-cf.min.js
[INTERNAL_LOG][2018-06-22 12:24:12,690][INFO][find_string()] File: assets/www/default/js/modules/fatturazione/fatturazione-pi/tab-pi.min.js
[INTERNAL_LOG][2018-06-22 12:24:12,726][INFO][find_string()] No iframe in assets/www/default/js/modules/fatturazione/fatturazione-pi/tab-pi.min.js
[INTERNAL_LOG][2018-06-22 12:24:12,727][INFO][find_string()] File: assets/www/default/js/modules/fatturazione/fatturazione.min.js
[INTERNAL_LOG][2018-06-22 12:24:12,728][INFO][find_string()] No iframe in assets/www/default/js/modules/fatturazione/fatturazione.min.js
[INTERNAL_LOG][2018-06-22 12:24:12,728][INFO][find_string()] File: assets/www/default/js/modules/home/home.min.js
[INTERNAL_LOG][2018-06-22 12:24:12,730][INFO][find_string()] No iframe in assets/www/default/js/modules/home/home.min.js
[INTERNAL_LOG][2018-06-22 12:24:12,730][INFO][find_string()] File: assets/www/default/js/modules/imposta-notifica/imposta-notifica.min.js
[INTERNAL_LOG][2018-06-22 12:24:12,731][INFO][find_string()] No iframe in assets/www/default/js/modules/imposta-notifica/imposta-notifica.min.js
[INTERNAL_LOG][2018-06-22 12:24:12,731][INFO][find_string()] File: assets/www/default/js/modules/info-trenitalia/info-trenitalia.min.js
[INTERNAL_LOG][2018-06-22 12:24:12,732][INFO][find_string()] No iframe in assets/www/default/js/modules/info-trenitalia/info-trenitalia.min.js
[INTERNAL_LOG][2018-06-22 12:24:12,732][INFO][find_string()] File: assets/www/default/js/modules/le-mie-promozioni/le-mie-promozioni.min.js
[INTERNAL_LOG][2018-06-22 12:24:12,733][INFO][find_string()] No iframe in assets/www/default/js/modules/le-mie-promozioni/le-mie-promozioni.min.js
[INTERNAL_LOG][2018-06-22 12:24:12,733][INFO][find_string()] File: assets/www/default/js/modules/link-external-apps/link-external-apps.min.js
[INTERNAL_LOG][2018-06-22 12:24:12,734][INFO][find_string()] No iframe in assets/www/default/js/modules/link-external-apps/link-external-apps.min.js
[INTERNAL_LOG][2018-06-22 12:24:12,734][INFO][find_string()] File: assets/www/default/js/modules/lista-stazioni/lista-stazioni.min.js
[INTERNAL_LOG][2018-06-22 12:24:12,734][INFO][find_string()] No iframe in assets/www/default/js/modules/lista-stazioni/lista-stazioni.min.js
[INTERNAL_LOG][2018-06-22 12:24:12,753][INFO][find_string()] File: assets/www/default/js/modules/mappa-tragitto/mappa-tragitto.min.js
[INTERNAL_LOG][2018-06-22 12:24:12,759][INFO][find_string()] No iframe in assets/www/default/js/modules/mappa-tragitto/mappa-tragitto.min.js
[INTERNAL_LOG][2018-06-22 12:24:12,759][INFO][find_string()] File: assets/www/default/js/modules/menu/menu.min.js
[INTERNAL_LOG][2018-06-22 12:24:12,762][INFO][find_string()] No iframe in assets/www/default/js/modules/menu/menu.min.js
[INTERNAL_LOG][2018-06-22 12:24:12,762][INFO][find_string()] File: assets/www/default/js/modules/mio-profilo/mio-profilo.min.js
[INTERNAL_LOG][2018-06-22 12:24:12,763][INFO][find_string()] No iframe in assets/www/default/js/modules/mio-profilo/mio-profilo.min.js
[INTERNAL_LOG][2018-06-22 12:24:12,763][INFO][find_string()] File: assets/www/default/js/modules/modifica-biglietto/modifica-biglietto.min.js
[INTERNAL_LOG][2018-06-22 12:24:12,764][INFO][find_string()] No iframe in assets/www/default/js/modules/modifica-biglietto/modifica-biglietto.min.js
[INTERNAL_LOG][2018-06-22 12:24:12,764][INFO][find_string()] File: assets/www/default/js/modules/news/news-details.min.js
[INTERNAL_LOG][2018-06-22 12:24:12,765][INFO][find_string()] No iframe in assets/www/default/js/modules/news/news-details.min.js
[INTERNAL_LOG][2018-06-22 12:24:12,765][INFO][find_string()] File: assets/www/default/js/modules/news/news.min.js
[INTERNAL_LOG][2018-06-22 12:24:12,766][INFO][find_string()] No iframe in assets/www/default/js/modules/news/news.min.js
[INTERNAL_LOG][2018-06-22 12:24:12,766][INFO][find_string()] File: assets/www/default/js/modules/ricerca-abbonamenti-ipad/ricerca-abbonamenti-ipad.min.js
[INTERNAL_LOG][2018-06-22 12:24:12,767][INFO][find_string()] No iframe in assets/www/default/js/modules/ricerca-abbonamenti-ipad/ricerca-abbonamenti-ipad.min.js
[INTERNAL_LOG][2018-06-22 12:24:12,767][INFO][find_string()] File: assets/www/default/js/modules/ricerca-abbonamenti/ricerca-abbonamenti.min.js
[INTERNAL_LOG][2018-06-22 12:24:12,768][INFO][find_string()] No iframe in assets/www/default/js/modules/ricerca-abbonamenti/ricerca-abbonamenti.min.js
[INTERNAL_LOG][2018-06-22 12:24:12,768][INFO][find_string()] File: assets/www/default/js/modules/ricerca-ipad/ricerca-ipad.min.js
[INTERNAL_LOG][2018-06-22 12:24:12,776][INFO][find_string()] No iframe in assets/www/default/js/modules/ricerca-ipad/ricerca-ipad.min.js
[INTERNAL_LOG][2018-06-22 12:24:12,787][INFO][find_string()] File: assets/www/default/js/modules/ricerca/ricerca.min.js
[INTERNAL_LOG][2018-06-22 12:24:12,825][INFO][find_string()] No iframe in assets/www/default/js/modules/ricerca/ricerca.min.js
[INTERNAL_LOG][2018-06-22 12:24:12,825][INFO][find_string()] File: assets/www/default/js/modules/rimborso/rimborso.min.js
[INTERNAL_LOG][2018-06-22 12:24:12,827][INFO][find_string()] No iframe in assets/www/default/js/modules/rimborso/rimborso.min.js
[INTERNAL_LOG][2018-06-22 12:24:12,827][INFO][find_string()] File: assets/www/default/js/modules/risultati-cambio-prenotazione/risultati-cambio-prenotazione.min.js
[INTERNAL_LOG][2018-06-22 12:24:12,829][INFO][find_string()] No iframe in assets/www/default/js/modules/risultati-cambio-prenotazione/risultati-cambio-prenotazione.min.js
[INTERNAL_LOG][2018-06-22 12:24:12,829][INFO][find_string()] File: assets/www/default/js/modules/risultati-ricerca-abbonamenti/risultati-ricerca-abbonamenti.min.js
[INTERNAL_LOG][2018-06-22 12:24:12,830][INFO][find_string()] No iframe in assets/www/default/js/modules/risultati-ricerca-abbonamenti/risultati-ricerca-abbonamenti.min.js
[INTERNAL_LOG][2018-06-22 12:24:12,830][INFO][find_string()] File: assets/www/default/js/modules/risultati-ricerca/risultati-ricerca.min.js
[INTERNAL_LOG][2018-06-22 12:24:12,831][INFO][find_string()] No iframe in assets/www/default/js/modules/risultati-ricerca/risultati-ricerca.min.js
[INTERNAL_LOG][2018-06-22 12:24:12,831][INFO][find_string()] File: assets/www/default/js/modules/risultati-treno-stazione/risultati-treno-stazione.min.js
[INTERNAL_LOG][2018-06-22 12:24:12,850][INFO][find_string()] No iframe in assets/www/default/js/modules/risultati-treno-stazione/risultati-treno-stazione.min.js
[INTERNAL_LOG][2018-06-22 12:24:12,850][INFO][find_string()] File: assets/www/default/js/modules/scegli-treno/scegli-treno.min.js
[INTERNAL_LOG][2018-06-22 12:24:12,851][INFO][find_string()] No iframe in assets/www/default/js/modules/scegli-treno/scegli-treno.min.js
[INTERNAL_LOG][2018-06-22 12:24:12,851][INFO][find_string()] File: assets/www/default/js/modules/scelta-posto/scelta-posto-ipad.min.js
[INTERNAL_LOG][2018-06-22 12:24:12,868][INFO][find_string()] No iframe in assets/www/default/js/modules/scelta-posto/scelta-posto-ipad.min.js
[INTERNAL_LOG][2018-06-22 12:24:12,868][INFO][find_string()] File: assets/www/default/js/modules/scelta-posto/scelta-posto.min.js
[INTERNAL_LOG][2018-06-22 12:24:12,870][INFO][find_string()] No iframe in assets/www/default/js/modules/scelta-posto/scelta-posto.min.js
[INTERNAL_LOG][2018-06-22 12:24:12,870][INFO][find_string()] File: assets/www/default/js/modules/segnala-problemi/segnala-problemi.min.js
[INTERNAL_LOG][2018-06-22 12:24:12,871][INFO][find_string()] No iframe in assets/www/default/js/modules/segnala-problemi/segnala-problemi.min.js
[INTERNAL_LOG][2018-06-22 12:24:12,871][INFO][find_string()] File: assets/www/default/js/modules/selezione-localita/selezione-localita.min.js
[INTERNAL_LOG][2018-06-22 12:24:12,872][INFO][find_string()] No iframe in assets/www/default/js/modules/selezione-localita/selezione-localita.min.js
[INTERNAL_LOG][2018-06-22 12:24:12,872][INFO][find_string()] File: assets/www/default/js/modules/stations/stations.min.js
[INTERNAL_LOG][2018-06-22 12:24:12,872][INFO][find_string()] No iframe in assets/www/default/js/modules/stations/stations.min.js
[INTERNAL_LOG][2018-06-22 12:24:12,873][INFO][find_string()] File: assets/www/default/js/modules/stato-treni/stato-treni.min.js
[INTERNAL_LOG][2018-06-22 12:24:12,877][INFO][find_string()] No iframe in assets/www/default/js/modules/stato-treni/stato-treni.min.js
[INTERNAL_LOG][2018-06-22 12:24:12,877][INFO][find_string()] File: assets/www/default/js/modules/stato-treni/tab-notifiche/notifiche-attivate/notifiche-attivate.min.js
[INTERNAL_LOG][2018-06-22 12:24:12,879][INFO][find_string()] No iframe in assets/www/default/js/modules/stato-treni/tab-notifiche/notifiche-attivate/notifiche-attivate.min.js
[INTERNAL_LOG][2018-06-22 12:24:12,879][INFO][find_string()] File: assets/www/default/js/modules/stato-treni/tab-notifiche/notifiche-ricevute/notifiche-ricevute.min.js
[INTERNAL_LOG][2018-06-22 12:24:12,880][INFO][find_string()] No iframe in assets/www/default/js/modules/stato-treni/tab-notifiche/notifiche-ricevute/notifiche-ricevute.min.js
[INTERNAL_LOG][2018-06-22 12:24:12,881][INFO][find_string()] File: assets/www/default/js/modules/stato-treni/tab-notifiche/notifiche.min.js
[INTERNAL_LOG][2018-06-22 12:24:12,882][INFO][find_string()] No iframe in assets/www/default/js/modules/stato-treni/tab-notifiche/notifiche.min.js
[INTERNAL_LOG][2018-06-22 12:24:12,882][INFO][find_string()] File: assets/www/default/js/modules/stato-treni/tab-stazione/stazione.min.js
[INTERNAL_LOG][2018-06-22 12:24:12,899][INFO][find_string()] No iframe in assets/www/default/js/modules/stato-treni/tab-stazione/stazione.min.js
[INTERNAL_LOG][2018-06-22 12:24:12,900][INFO][find_string()] File: assets/www/default/js/modules/stato-treni/tab-tratta/tratta.min.js
[INTERNAL_LOG][2018-06-22 12:24:12,900][INFO][find_string()] No iframe in assets/www/default/js/modules/stato-treni/tab-tratta/tratta.min.js
[INTERNAL_LOG][2018-06-22 12:24:12,901][INFO][find_string()] File: assets/www/default/js/modules/stato-treni/tab-treno/treno.min.js
[INTERNAL_LOG][2018-06-22 12:24:12,901][INFO][find_string()] No iframe in assets/www/default/js/modules/stato-treni/tab-treno/treno.min.js
[INTERNAL_LOG][2018-06-22 12:24:12,901][INFO][find_string()] File: assets/www/default/js/modules/stato-treno/stato-treno.min.js
[INTERNAL_LOG][2018-06-22 12:24:12,902][INFO][find_string()] No iframe in assets/www/default/js/modules/stato-treno/stato-treno.min.js
[INTERNAL_LOG][2018-06-22 12:24:12,903][INFO][find_string()] File: assets/www/default/js/modules/ultimi-acquisti/ultimi-acquisti.min.js
[INTERNAL_LOG][2018-06-22 12:24:12,904][INFO][find_string()] No iframe in assets/www/default/js/modules/ultimi-acquisti/ultimi-acquisti.min.js
[INTERNAL_LOG][2018-06-22 12:24:12,904][INFO][find_string()] File: assets/www/default/js/ng-common/directives/aria-manager/aria-manager.min.js
[INTERNAL_LOG][2018-06-22 12:24:12,905][INFO][find_string()] No iframe in assets/www/default/js/ng-common/directives/aria-manager/aria-manager.min.js
[INTERNAL_LOG][2018-06-22 12:24:12,905][INFO][find_string()] File: assets/www/default/js/ng-common/directives/astec/astec.min.js
[INTERNAL_LOG][2018-06-22 12:24:12,905][INFO][find_string()] No iframe in assets/www/default/js/ng-common/directives/astec/astec.min.js
[INTERNAL_LOG][2018-06-22 12:24:12,906][INFO][find_string()] File: assets/www/default/js/ng-common/directives/birth-date-mask/birth-date-mask-directive.min.js
[INTERNAL_LOG][2018-06-22 12:24:12,906][INFO][find_string()] No iframe in assets/www/default/js/ng-common/directives/birth-date-mask/birth-date-mask-directive.min.js
[INTERNAL_LOG][2018-06-22 12:24:12,907][INFO][find_string()] File: assets/www/default/js/ng-common/directives/box-anonymous-buyer/box-anonymous-buyer-directive.min.js
[INTERNAL_LOG][2018-06-22 12:24:12,910][INFO][find_string()] No iframe in assets/www/default/js/ng-common/directives/box-anonymous-buyer/box-anonymous-buyer-directive.min.js
[INTERNAL_LOG][2018-06-22 12:24:12,911][INFO][find_string()] File: assets/www/default/js/ng-common/directives/box-date-time-native/box-date-time-native.min.js
[INTERNAL_LOG][2018-06-22 12:24:12,912][INFO][find_string()] No iframe in assets/www/default/js/ng-common/directives/box-date-time-native/box-date-time-native.min.js
[INTERNAL_LOG][2018-06-22 12:24:12,912][INFO][find_string()] File: assets/www/default/js/ng-common/directives/box-date-time/box-date-time-directive.min.js
[INTERNAL_LOG][2018-06-22 12:24:12,913][INFO][find_string()] No iframe in assets/www/default/js/ng-common/directives/box-date-time/box-date-time-directive.min.js
[INTERNAL_LOG][2018-06-22 12:24:12,922][INFO][find_string()] File: assets/www/default/js/ng-common/directives/box-invoice/box-invoice-directive.min.js
[INTERNAL_LOG][2018-06-22 12:24:12,927][INFO][find_string()] No iframe in assets/www/default/js/ng-common/directives/box-invoice/box-invoice-directive.min.js
[INTERNAL_LOG][2018-06-22 12:24:12,928][INFO][find_string()] File: assets/www/default/js/ng-common/directives/box-location-portrait/box-location-portrait-directive.min.js
[INTERNAL_LOG][2018-06-22 12:24:12,929][INFO][find_string()] No iframe in assets/www/default/js/ng-common/directives/box-location-portrait/box-location-portrait-directive.min.js
[INTERNAL_LOG][2018-06-22 12:24:12,929][INFO][find_string()] File: assets/www/default/js/ng-common/directives/box-location/box-location-directive.min.js
[INTERNAL_LOG][2018-06-22 12:24:12,930][INFO][find_string()] No iframe in assets/www/default/js/ng-common/directives/box-location/box-location-directive.min.js
[INTERNAL_LOG][2018-06-22 12:24:12,930][INFO][find_string()] File: assets/www/default/js/ng-common/directives/box-offer-service-customize/box-offer-service-customize.min.js
[INTERNAL_LOG][2018-06-22 12:24:12,931][INFO][find_string()] No iframe in assets/www/default/js/ng-common/directives/box-offer-service-customize/box-offer-service-customize.min.js
[INTERNAL_LOG][2018-06-22 12:24:12,932][INFO][find_string()] File: assets/www/default/js/ng-common/directives/box-passenger-buyer/box-passenger-buyer-directive.min.js
[INTERNAL_LOG][2018-06-22 12:24:12,946][INFO][find_string()] No iframe in assets/www/default/js/ng-common/directives/box-passenger-buyer/box-passenger-buyer-directive.min.js
[INTERNAL_LOG][2018-06-22 12:24:12,946][INFO][find_string()] File: assets/www/default/js/ng-common/directives/box-passengers/box-passengers-directive.min.js
[INTERNAL_LOG][2018-06-22 12:24:12,947][INFO][find_string()] No iframe in assets/www/default/js/ng-common/directives/box-passengers/box-passengers-directive.min.js
[INTERNAL_LOG][2018-06-22 12:24:12,947][INFO][find_string()] File: assets/www/default/js/ng-common/directives/box-ricerca-biglietto/box-ricerca-biglietto-directive.min.js
[INTERNAL_LOG][2018-06-22 12:24:12,948][INFO][find_string()] No iframe in assets/www/default/js/ng-common/directives/box-ricerca-biglietto/box-ricerca-biglietto-directive.min.js
[INTERNAL_LOG][2018-06-22 12:24:12,949][INFO][find_string()] File: assets/www/default/js/ng-common/directives/box-subscriptions-portrait/box-subscriptions-portrait-directive.min.js
[INTERNAL_LOG][2018-06-22 12:24:12,950][INFO][find_string()] No iframe in assets/www/default/js/ng-common/directives/box-subscriptions-portrait/box-subscriptions-portrait-directive.min.js
[INTERNAL_LOG][2018-06-22 12:24:12,950][INFO][find_string()] File: assets/www/default/js/ng-common/directives/box-subscriptions/box-subscriptions-directive.min.js
[INTERNAL_LOG][2018-06-22 12:24:12,950][INFO][find_string()] No iframe in assets/www/default/js/ng-common/directives/box-subscriptions/box-subscriptions-directive.min.js
[INTERNAL_LOG][2018-06-22 12:24:12,951][INFO][find_string()] File: assets/www/default/js/ng-common/directives/box-title/box-title.min.js
[INTERNAL_LOG][2018-06-22 12:24:12,951][INFO][find_string()] No iframe in assets/www/default/js/ng-common/directives/box-title/box-title.min.js
[INTERNAL_LOG][2018-06-22 12:24:12,951][INFO][find_string()] File: assets/www/default/js/ng-common/directives/box-type-train/box-type-train-directive.min.js
[INTERNAL_LOG][2018-06-22 12:24:12,968][INFO][find_string()] No iframe in assets/www/default/js/ng-common/directives/box-type-train/box-type-train-directive.min.js
[INTERNAL_LOG][2018-06-22 12:24:12,968][INFO][find_string()] File: assets/www/default/js/ng-common/directives/box-ultimi-acquisti/ultimi-acquisti-abbonamento-directive.min.js
[INTERNAL_LOG][2018-06-22 12:24:12,969][INFO][find_string()] No iframe in assets/www/default/js/ng-common/directives/box-ultimi-acquisti/ultimi-acquisti-abbonamento-directive.min.js
[INTERNAL_LOG][2018-06-22 12:24:12,970][INFO][find_string()] File: assets/www/default/js/ng-common/directives/box-ultimi-acquisti/ultimi-acquisti-biglietto-directive.min.js
[INTERNAL_LOG][2018-06-22 12:24:12,971][INFO][find_string()] No iframe in assets/www/default/js/ng-common/directives/box-ultimi-acquisti/ultimi-acquisti-biglietto-directive.min.js
[INTERNAL_LOG][2018-06-22 12:24:12,971][INFO][find_string()] File: assets/www/default/js/ng-common/directives/detailed-solution-customize/detailed-solution-customize-directives.min.js
[INTERNAL_LOG][2018-06-22 12:24:12,972][INFO][find_string()] No iframe in assets/www/default/js/ng-common/directives/detailed-solution-customize/detailed-solution-customize-directives.min.js
[INTERNAL_LOG][2018-06-22 12:24:12,972][INFO][find_string()] File: assets/www/default/js/ng-common/directives/detailed-solution-node-customize/detailed-solution-node-customize.min.js
[INTERNAL_LOG][2018-06-22 12:24:12,972][INFO][find_string()] No iframe in assets/www/default/js/ng-common/directives/detailed-solution-node-customize/detailed-solution-node-customize.min.js
[INTERNAL_LOG][2018-06-22 12:24:12,973][INFO][find_string()] File: assets/www/default/js/ng-common/directives/detailed-solution-node/detailed-solution-node-directives.min.js
[INTERNAL_LOG][2018-06-22 12:24:12,974][INFO][find_string()] No iframe in assets/www/default/js/ng-common/directives/detailed-solution-node/detailed-solution-node-directives.min.js
[INTERNAL_LOG][2018-06-22 12:24:12,974][INFO][find_string()] File: assets/www/default/js/ng-common/directives/detailed-solution-node/offer/offer-directives.min.js
[INTERNAL_LOG][2018-06-22 12:24:12,979][INFO][find_string()] No iframe in assets/www/default/js/ng-common/directives/detailed-solution-node/offer/offer-directives.min.js
[INTERNAL_LOG][2018-06-22 12:24:12,979][INFO][find_string()] File: assets/www/default/js/ng-common/directives/detailed-solution-node/service-base/service-base-directive.min.js
[INTERNAL_LOG][2018-06-22 12:24:12,980][INFO][find_string()] No iframe in assets/www/default/js/ng-common/directives/detailed-solution-node/service-base/service-base-directive.min.js
[INTERNAL_LOG][2018-06-22 12:24:12,980][INFO][find_string()] File: assets/www/default/js/ng-common/directives/device-utilities/ellipsis-manager.min.js
[INTERNAL_LOG][2018-06-22 12:24:12,981][INFO][find_string()] No iframe in assets/www/default/js/ng-common/directives/device-utilities/ellipsis-manager.min.js
[INTERNAL_LOG][2018-06-22 12:24:12,981][INFO][find_string()] File: assets/www/default/js/ng-common/directives/device-utilities/screen-manager.min.js
[INTERNAL_LOG][2018-06-22 12:24:12,983][INFO][find_string()] No iframe in assets/www/default/js/ng-common/directives/device-utilities/screen-manager.min.js
[INTERNAL_LOG][2018-06-22 12:24:13,011][INFO][find_string()] File: assets/www/default/js/ng-common/directives/fincons-accordion/fincons-accordion-directive.min.js
[INTERNAL_LOG][2018-06-22 12:24:13,017][INFO][find_string()] No iframe in assets/www/default/js/ng-common/directives/fincons-accordion/fincons-accordion-directive.min.js
[INTERNAL_LOG][2018-06-22 12:24:13,017][INFO][find_string()] File: assets/www/default/js/ng-common/directives/header-dettaglio-viaggio-customize/header-dettaglio-viaggio-customize-directive.min.js
[INTERNAL_LOG][2018-06-22 12:24:13,018][INFO][find_string()] No iframe in assets/www/default/js/ng-common/directives/header-dettaglio-viaggio-customize/header-dettaglio-viaggio-customize-directive.min.js
[INTERNAL_LOG][2018-06-22 12:24:13,019][INFO][find_string()] File: assets/www/default/js/ng-common/directives/info-solution-node/info-solution-node.min.js
[INTERNAL_LOG][2018-06-22 12:24:13,019][INFO][find_string()] No iframe in assets/www/default/js/ng-common/directives/info-solution-node/info-solution-node.min.js
[INTERNAL_LOG][2018-06-22 12:24:13,020][INFO][find_string()] File: assets/www/default/js/ng-common/directives/ion-datetime-picker/picker-i18n.min.js
[INTERNAL_LOG][2018-06-22 12:24:13,021][INFO][find_string()] No iframe in assets/www/default/js/ng-common/directives/ion-datetime-picker/picker-i18n.min.js
[INTERNAL_LOG][2018-06-22 12:24:13,021][INFO][find_string()] File: assets/www/default/js/ng-common/directives/ion-datetime-picker/picker.min.js
[INTERNAL_LOG][2018-06-22 12:24:13,023][INFO][find_string()] No iframe in assets/www/default/js/ng-common/directives/ion-datetime-picker/picker.min.js
[INTERNAL_LOG][2018-06-22 12:24:13,023][INFO][find_string()] File: assets/www/default/js/ng-common/directives/ion-refresher-customize/ion-refresher-customize.min.js
[INTERNAL_LOG][2018-06-22 12:24:13,024][INFO][find_string()] No iframe in assets/www/default/js/ng-common/directives/ion-refresher-customize/ion-refresher-customize.min.js
[INTERNAL_LOG][2018-06-22 12:24:13,024][INFO][find_string()] File: assets/www/default/js/ng-common/directives/mail-validation/mail-validation-directive.min.js
[INTERNAL_LOG][2018-06-22 12:24:13,025][INFO][find_string()] No iframe in assets/www/default/js/ng-common/directives/mail-validation/mail-validation-directive.min.js
[INTERNAL_LOG][2018-06-22 12:24:13,025][INFO][find_string()] File: assets/www/default/js/ng-common/directives/pnr-rc-validation/pnr-rc-validation-directive.min.js
[INTERNAL_LOG][2018-06-22 12:24:13,026][INFO][find_string()] No iframe in assets/www/default/js/ng-common/directives/pnr-rc-validation/pnr-rc-validation-directive.min.js
[INTERNAL_LOG][2018-06-22 12:24:13,026][INFO][find_string()] File: assets/www/default/js/ng-common/directives/purchase-data/purchase-data-directive.min.js
[INTERNAL_LOG][2018-06-22 12:24:13,036][INFO][find_string()] No iframe in assets/www/default/js/ng-common/directives/purchase-data/purchase-data-directive.min.js
[INTERNAL_LOG][2018-06-22 12:24:13,048][INFO][find_string()] File: assets/www/default/js/ng-common/directives/reservation-details-subheader/reservation-details-subheader-directive.min.js
[INTERNAL_LOG][2018-06-22 12:24:13,049][INFO][find_string()] No iframe in assets/www/default/js/ng-common/directives/reservation-details-subheader/reservation-details-subheader-directive.min.js
[INTERNAL_LOG][2018-06-22 12:24:13,050][INFO][find_string()] File: assets/www/default/js/ng-common/directives/stato-treno-item/stato-treno-item-directive.min.js
[INTERNAL_LOG][2018-06-22 12:24:13,051][INFO][find_string()] No iframe in assets/www/default/js/ng-common/directives/stato-treno-item/stato-treno-item-directive.min.js
[INTERNAL_LOG][2018-06-22 12:24:13,051][INFO][find_string()] File: assets/www/default/js/ng-common/directives/subscription/subscription-directive.min.js
[INTERNAL_LOG][2018-06-22 12:24:13,052][INFO][find_string()] No iframe in assets/www/default/js/ng-common/directives/subscription/subscription-directive.min.js
[INTERNAL_LOG][2018-06-22 12:24:13,053][INFO][find_string()] File: assets/www/default/js/ng-common/directives/subscriptions-reservation-details-subheader/subscriptions-reservation-details-subheader-directive.min.js
[INTERNAL_LOG][2018-06-22 12:24:13,053][INFO][find_string()] No iframe in assets/www/default/js/ng-common/directives/subscriptions-reservation-details-subheader/subscriptions-reservation-details-subheader-directive.min.js
[INTERNAL_LOG][2018-06-22 12:24:13,054][INFO][find_string()] File: assets/www/default/js/ng-common/directives/ticket/ticket.min.js
[INTERNAL_LOG][2018-06-22 12:24:13,055][INFO][find_string()] No iframe in assets/www/default/js/ng-common/directives/ticket/ticket.min.js
[INTERNAL_LOG][2018-06-22 12:24:13,065][INFO][find_string()] File: assets/www/default/js/ng-common/directives/travel-solution/travel-solution-directive.min.js
[INTERNAL_LOG][2018-06-22 12:24:13,066][INFO][find_string()] No iframe in assets/www/default/js/ng-common/directives/travel-solution/travel-solution-directive.min.js
[INTERNAL_LOG][2018-06-22 12:24:13,067][INFO][find_string()] File: assets/www/default/js/ng-common/factories.min.js
[INTERNAL_LOG][2018-06-22 12:24:13,076][INFO][find_string()] No iframe in assets/www/default/js/ng-common/factories.min.js
[INTERNAL_LOG][2018-06-22 12:24:13,098][INFO][find_string()] File: assets/www/default/js/ng-common/filters.min.js
[INTERNAL_LOG][2018-06-22 12:24:13,111][INFO][find_string()] No iframe in assets/www/default/js/ng-common/filters.min.js
[INTERNAL_LOG][2018-06-22 12:24:13,111][INFO][find_string()] File: assets/www/default/js/ng-common/ionic-override.min.js
[INTERNAL_LOG][2018-06-22 12:24:13,114][INFO][find_string()] No iframe in assets/www/default/js/ng-common/ionic-override.min.js
[INTERNAL_LOG][2018-06-22 12:24:13,129][INFO][find_string()] File: assets/www/default/js/ng-common/parsers.min.js
[INTERNAL_LOG][2018-06-22 12:24:13,140][INFO][find_string()] No iframe in assets/www/default/js/ng-common/parsers.min.js
[INTERNAL_LOG][2018-06-22 12:24:13,141][INFO][find_string()] File: assets/www/default/js/ng-common/services.min.js
[INTERNAL_LOG][2018-06-22 12:24:13,270][INFO][find_string()] No iframe in assets/www/default/js/ng-common/services.min.js
[INTERNAL_LOG][2018-06-22 12:24:13,298][INFO][find_string()] File: assets/www/default/js/plugins/calendar/Calendar.min.js
[INTERNAL_LOG][2018-06-22 12:24:13,321][INFO][find_string()] No iframe in assets/www/default/js/plugins/calendar/Calendar.min.js
[INTERNAL_LOG][2018-06-22 12:24:13,321][INFO][find_string()] File: assets/www/default/js/plugins/cordova-plugin-applepay/applepay.min.js
[INTERNAL_LOG][2018-06-22 12:24:13,322][INFO][find_string()] No iframe in assets/www/default/js/plugins/cordova-plugin-applepay/applepay.min.js
[INTERNAL_LOG][2018-06-22 12:24:13,322][INFO][find_string()] File: assets/www/default/js/plugins/cordova-plugin-datepicker/DatePicker.min.js
[INTERNAL_LOG][2018-06-22 12:24:13,323][INFO][find_string()] No iframe in assets/www/default/js/plugins/cordova-plugin-datepicker/DatePicker.min.js
[INTERNAL_LOG][2018-06-22 12:24:13,340][INFO][find_string()] File: assets/www/default/js/plugins/cryptography/aes.min.js
[INTERNAL_LOG][2018-06-22 12:24:13,425][INFO][find_string()] No iframe in assets/www/default/js/plugins/cryptography/aes.min.js
[INTERNAL_LOG][2018-06-22 12:24:13,425][INFO][find_string()] File: assets/www/default/js/plugins/cryptography/mdo-angular-cryptography.min.js
[INTERNAL_LOG][2018-06-22 12:24:13,441][INFO][find_string()] No iframe in assets/www/default/js/plugins/cryptography/mdo-angular-cryptography.min.js
[INTERNAL_LOG][2018-06-22 12:24:13,442][INFO][find_string()] File: assets/www/default/js/plugins/external-apps/AppAvailability.min.js
[INTERNAL_LOG][2018-06-22 12:24:13,442][INFO][find_string()] No iframe in assets/www/default/js/plugins/external-apps/AppAvailability.min.js
[INTERNAL_LOG][2018-06-22 12:24:13,442][INFO][find_string()] File: assets/www/default/js/plugins/jquery/jquery.keyframes.min.min.js
[INTERNAL_LOG][2018-06-22 12:24:13,444][INFO][find_string()] No iframe in assets/www/default/js/plugins/jquery/jquery.keyframes.min.min.js
[INTERNAL_LOG][2018-06-22 12:24:13,444][INFO][find_string()] File: assets/www/default/js/plugins/jquery/jquery.maskedinput.min.js
[INTERNAL_LOG][2018-06-22 12:24:13,445][INFO][find_string()] No iframe in assets/www/default/js/plugins/jquery/jquery.maskedinput.min.js
[INTERNAL_LOG][2018-06-22 12:24:13,445][INFO][find_string()] File: assets/www/default/js/plugins/keysort/KeySort.min.js
[INTERNAL_LOG][2018-06-22 12:24:13,446][INFO][find_string()] No iframe in assets/www/default/js/plugins/keysort/KeySort.min.js
[INTERNAL_LOG][2018-06-22 12:24:13,446][INFO][find_string()] File: assets/www/default/js/plugins/network-activity-indicator/networkActivityIndicator.min.js
[INTERNAL_LOG][2018-06-22 12:24:13,452][INFO][find_string()] No iframe in assets/www/default/js/plugins/network-activity-indicator/networkActivityIndicator.min.js
[INTERNAL_LOG][2018-06-22 12:24:13,452][INFO][find_string()] File: assets/www/default/js/plugins/startapp/startApp.min.js
[INTERNAL_LOG][2018-06-22 12:24:13,453][INFO][find_string()] No iframe in assets/www/default/js/plugins/startapp/startApp.min.js
[INTERNAL_LOG][2018-06-22 12:24:13,453][INFO][find_string()] File: assets/www/default/js/plugins/wl-keyboard-ios/WLKeyboardIOS.min.js
[INTERNAL_LOG][2018-06-22 12:24:13,454][INFO][find_string()] No iframe in assets/www/default/js/plugins/wl-keyboard-ios/WLKeyboardIOS.min.js
[INTERNAL_LOG][2018-06-22 12:24:13,454][INFO][find_string()] File: assets/www/default/js/skinLoader.js
[INTERNAL_LOG][2018-06-22 12:24:13,455][INFO][find_string()] No iframe in assets/www/default/js/skinLoader.js
[INTERNAL_LOG][2018-06-22 12:24:13,455][INFO][find_string()] File: assets/www/default/js/templates.min.js
[INTERNAL_LOG][2018-06-22 12:24:31,850][INFO][find_string()] No iframe in assets/www/default/js/templates.min.js
[INTERNAL_LOG][2018-06-22 12:24:31,851][INFO][find_string()] File: assets/www/default/worklight/checksum.js
[INTERNAL_LOG][2018-06-22 12:24:31,852][INFO][find_string()] No iframe in assets/www/default/worklight/checksum.js
[INTERNAL_LOG][2018-06-22 12:24:31,852][INFO][find_string()] File: assets/www/default/worklight/cordova.js
[INTERNAL_LOG][2018-06-22 12:24:31,855][INFO][find_string()] No iframe in assets/www/default/worklight/cordova.js
[INTERNAL_LOG][2018-06-22 12:24:31,855][INFO][find_string()] File: assets/www/default/worklight/cordova_plugins.js
[INTERNAL_LOG][2018-06-22 12:24:31,856][INFO][find_string()] No iframe in assets/www/default/worklight/cordova_plugins.js
[INTERNAL_LOG][2018-06-22 12:24:31,856][INFO][find_string()] File: assets/www/default/worklight/jsonstore.js
[INTERNAL_LOG][2018-06-22 12:24:31,862][INFO][find_string()] No iframe in assets/www/default/worklight/jsonstore.js
[INTERNAL_LOG][2018-06-22 12:24:31,862][INFO][find_string()] File: assets/www/default/worklight/plugins/cordova-plugin-file/www/DirectoryEntry.js
[INTERNAL_LOG][2018-06-22 12:24:31,863][INFO][find_string()] No iframe in assets/www/default/worklight/plugins/cordova-plugin-file/www/DirectoryEntry.js
[INTERNAL_LOG][2018-06-22 12:24:31,863][INFO][find_string()] File: assets/www/default/worklight/plugins/cordova-plugin-file/www/DirectoryReader.js
[INTERNAL_LOG][2018-06-22 12:24:31,864][INFO][find_string()] No iframe in assets/www/default/worklight/plugins/cordova-plugin-file/www/DirectoryReader.js
[INTERNAL_LOG][2018-06-22 12:24:31,864][INFO][find_string()] File: assets/www/default/worklight/plugins/cordova-plugin-file/www/Entry.js
[INTERNAL_LOG][2018-06-22 12:24:31,865][INFO][find_string()] No iframe in assets/www/default/worklight/plugins/cordova-plugin-file/www/Entry.js
[INTERNAL_LOG][2018-06-22 12:24:31,865][INFO][find_string()] File: assets/www/default/worklight/plugins/cordova-plugin-file/www/File.js
[INTERNAL_LOG][2018-06-22 12:24:31,865][INFO][find_string()] No iframe in assets/www/default/worklight/plugins/cordova-plugin-file/www/File.js
[INTERNAL_LOG][2018-06-22 12:24:31,866][INFO][find_string()] File: assets/www/default/worklight/plugins/cordova-plugin-file/www/FileEntry.js
[INTERNAL_LOG][2018-06-22 12:24:31,866][INFO][find_string()] No iframe in assets/www/default/worklight/plugins/cordova-plugin-file/www/FileEntry.js
[INTERNAL_LOG][2018-06-22 12:24:31,866][INFO][find_string()] File: assets/www/default/worklight/plugins/cordova-plugin-file/www/FileError.js
[INTERNAL_LOG][2018-06-22 12:24:31,866][INFO][find_string()] No iframe in assets/www/default/worklight/plugins/cordova-plugin-file/www/FileError.js
[INTERNAL_LOG][2018-06-22 12:24:31,866][INFO][find_string()] File: assets/www/default/worklight/plugins/cordova-plugin-file/www/FileReader.js
[INTERNAL_LOG][2018-06-22 12:24:31,867][INFO][find_string()] No iframe in assets/www/default/worklight/plugins/cordova-plugin-file/www/FileReader.js
[INTERNAL_LOG][2018-06-22 12:24:31,867][INFO][find_string()] File: assets/www/default/worklight/plugins/cordova-plugin-file/www/FileSystem.js
[INTERNAL_LOG][2018-06-22 12:24:31,867][INFO][find_string()] No iframe in assets/www/default/worklight/plugins/cordova-plugin-file/www/FileSystem.js
[INTERNAL_LOG][2018-06-22 12:24:31,868][INFO][find_string()] File: assets/www/default/worklight/plugins/cordova-plugin-file/www/FileUploadOptions.js
[INTERNAL_LOG][2018-06-22 12:24:31,868][INFO][find_string()] No iframe in assets/www/default/worklight/plugins/cordova-plugin-file/www/FileUploadOptions.js
[INTERNAL_LOG][2018-06-22 12:24:31,868][INFO][find_string()] File: assets/www/default/worklight/plugins/cordova-plugin-file/www/FileUploadResult.js
[INTERNAL_LOG][2018-06-22 12:24:31,868][INFO][find_string()] No iframe in assets/www/default/worklight/plugins/cordova-plugin-file/www/FileUploadResult.js
[INTERNAL_LOG][2018-06-22 12:24:31,868][INFO][find_string()] File: assets/www/default/worklight/plugins/cordova-plugin-file/www/FileWriter.js
[INTERNAL_LOG][2018-06-22 12:24:31,869][INFO][find_string()] No iframe in assets/www/default/worklight/plugins/cordova-plugin-file/www/FileWriter.js
[INTERNAL_LOG][2018-06-22 12:24:31,869][INFO][find_string()] File: assets/www/default/worklight/plugins/cordova-plugin-file/www/Flags.js
[INTERNAL_LOG][2018-06-22 12:24:31,870][INFO][find_string()] No iframe in assets/www/default/worklight/plugins/cordova-plugin-file/www/Flags.js
[INTERNAL_LOG][2018-06-22 12:24:31,870][INFO][find_string()] File: assets/www/default/worklight/plugins/cordova-plugin-file/www/LocalFileSystem.js
[INTERNAL_LOG][2018-06-22 12:24:31,871][INFO][find_string()] No iframe in assets/www/default/worklight/plugins/cordova-plugin-file/www/LocalFileSystem.js
[INTERNAL_LOG][2018-06-22 12:24:31,871][INFO][find_string()] File: assets/www/default/worklight/plugins/cordova-plugin-file/www/Metadata.js
[INTERNAL_LOG][2018-06-22 12:24:31,871][INFO][find_string()] No iframe in assets/www/default/worklight/plugins/cordova-plugin-file/www/Metadata.js
[INTERNAL_LOG][2018-06-22 12:24:31,871][INFO][find_string()] File: assets/www/default/worklight/plugins/cordova-plugin-file/www/ProgressEvent.js
[INTERNAL_LOG][2018-06-22 12:24:31,872][INFO][find_string()] No iframe in assets/www/default/worklight/plugins/cordova-plugin-file/www/ProgressEvent.js
[INTERNAL_LOG][2018-06-22 12:24:31,872][INFO][find_string()] File: assets/www/default/worklight/plugins/cordova-plugin-file/www/android/FileSystem.js
[INTERNAL_LOG][2018-06-22 12:24:31,872][INFO][find_string()] No iframe in assets/www/default/worklight/plugins/cordova-plugin-file/www/android/FileSystem.js
[INTERNAL_LOG][2018-06-22 12:24:31,873][INFO][find_string()] File: assets/www/default/worklight/plugins/cordova-plugin-file/www/fileSystemPaths.js
[INTERNAL_LOG][2018-06-22 12:24:31,873][INFO][find_string()] No iframe in assets/www/default/worklight/plugins/cordova-plugin-file/www/fileSystemPaths.js
[INTERNAL_LOG][2018-06-22 12:24:31,873][INFO][find_string()] File: assets/www/default/worklight/plugins/cordova-plugin-file/www/fileSystems-roots.js
[INTERNAL_LOG][2018-06-22 12:24:31,874][INFO][find_string()] No iframe in assets/www/default/worklight/plugins/cordova-plugin-file/www/fileSystems-roots.js
[INTERNAL_LOG][2018-06-22 12:24:31,874][INFO][find_string()] File: assets/www/default/worklight/plugins/cordova-plugin-file/www/fileSystems.js
[INTERNAL_LOG][2018-06-22 12:24:31,874][INFO][find_string()] No iframe in assets/www/default/worklight/plugins/cordova-plugin-file/www/fileSystems.js
[INTERNAL_LOG][2018-06-22 12:24:31,874][INFO][find_string()] File: assets/www/default/worklight/plugins/cordova-plugin-file/www/requestFileSystem.js
[INTERNAL_LOG][2018-06-22 12:24:31,875][INFO][find_string()] No iframe in assets/www/default/worklight/plugins/cordova-plugin-file/www/requestFileSystem.js
[INTERNAL_LOG][2018-06-22 12:24:31,875][INFO][find_string()] File: assets/www/default/worklight/plugins/cordova-plugin-file/www/resolveLocalFileSystemURI.js
[INTERNAL_LOG][2018-06-22 12:24:31,875][INFO][find_string()] No iframe in assets/www/default/worklight/plugins/cordova-plugin-file/www/resolveLocalFileSystemURI.js
[INTERNAL_LOG][2018-06-22 12:24:31,876][INFO][find_string()] File: assets/www/default/worklight/plugins/org.apache.cordova.battery-status/www/battery.js
[INTERNAL_LOG][2018-06-22 12:24:31,876][INFO][find_string()] No iframe in assets/www/default/worklight/plugins/org.apache.cordova.battery-status/www/battery.js
[INTERNAL_LOG][2018-06-22 12:24:31,876][INFO][find_string()] File: assets/www/default/worklight/plugins/org.apache.cordova.camera/www/Camera.js
[INTERNAL_LOG][2018-06-22 12:24:31,877][INFO][find_string()] No iframe in assets/www/default/worklight/plugins/org.apache.cordova.camera/www/Camera.js
[INTERNAL_LOG][2018-06-22 12:24:31,877][INFO][find_string()] File: assets/www/default/worklight/plugins/org.apache.cordova.camera/www/CameraConstants.js
[INTERNAL_LOG][2018-06-22 12:24:31,877][INFO][find_string()] No iframe in assets/www/default/worklight/plugins/org.apache.cordova.camera/www/CameraConstants.js
[INTERNAL_LOG][2018-06-22 12:24:31,877][INFO][find_string()] File: assets/www/default/worklight/plugins/org.apache.cordova.camera/www/CameraPopoverHandle.js
[INTERNAL_LOG][2018-06-22 12:24:31,878][INFO][find_string()] No iframe in assets/www/default/worklight/plugins/org.apache.cordova.camera/www/CameraPopoverHandle.js
[INTERNAL_LOG][2018-06-22 12:24:31,878][INFO][find_string()] File: assets/www/default/worklight/plugins/org.apache.cordova.camera/www/CameraPopoverOptions.js
[INTERNAL_LOG][2018-06-22 12:24:31,878][INFO][find_string()] No iframe in assets/www/default/worklight/plugins/org.apache.cordova.camera/www/CameraPopoverOptions.js
[INTERNAL_LOG][2018-06-22 12:24:31,879][INFO][find_string()] File: assets/www/default/worklight/plugins/org.apache.cordova.contacts/www/Contact.js
[INTERNAL_LOG][2018-06-22 12:24:31,880][INFO][find_string()] No iframe in assets/www/default/worklight/plugins/org.apache.cordova.contacts/www/Contact.js
[INTERNAL_LOG][2018-06-22 12:24:31,880][INFO][find_string()] File: assets/www/default/worklight/plugins/org.apache.cordova.contacts/www/ContactAddress.js
[INTERNAL_LOG][2018-06-22 12:24:31,881][INFO][find_string()] No iframe in assets/www/default/worklight/plugins/org.apache.cordova.contacts/www/ContactAddress.js
[INTERNAL_LOG][2018-06-22 12:24:31,881][INFO][find_string()] File: assets/www/default/worklight/plugins/org.apache.cordova.contacts/www/ContactError.js
[INTERNAL_LOG][2018-06-22 12:24:31,881][INFO][find_string()] No iframe in assets/www/default/worklight/plugins/org.apache.cordova.contacts/www/ContactError.js
[INTERNAL_LOG][2018-06-22 12:24:31,881][INFO][find_string()] File: assets/www/default/worklight/plugins/org.apache.cordova.contacts/www/ContactField.js
[INTERNAL_LOG][2018-06-22 12:24:31,882][INFO][find_string()] No iframe in assets/www/default/worklight/plugins/org.apache.cordova.contacts/www/ContactField.js
[INTERNAL_LOG][2018-06-22 12:24:31,882][INFO][find_string()] File: assets/www/default/worklight/plugins/org.apache.cordova.contacts/www/ContactFieldType.js
[INTERNAL_LOG][2018-06-22 12:24:31,883][INFO][find_string()] No iframe in assets/www/default/worklight/plugins/org.apache.cordova.contacts/www/ContactFieldType.js
[INTERNAL_LOG][2018-06-22 12:24:31,884][INFO][find_string()] File: assets/www/default/worklight/plugins/org.apache.cordova.contacts/www/ContactFindOptions.js
[INTERNAL_LOG][2018-06-22 12:24:31,885][INFO][find_string()] No iframe in assets/www/default/worklight/plugins/org.apache.cordova.contacts/www/ContactFindOptions.js
[INTERNAL_LOG][2018-06-22 12:24:31,885][INFO][find_string()] File: assets/www/default/worklight/plugins/org.apache.cordova.contacts/www/ContactName.js
[INTERNAL_LOG][2018-06-22 12:24:31,885][INFO][find_string()] No iframe in assets/www/default/worklight/plugins/org.apache.cordova.contacts/www/ContactName.js
[INTERNAL_LOG][2018-06-22 12:24:31,885][INFO][find_string()] File: assets/www/default/worklight/plugins/org.apache.cordova.contacts/www/ContactOrganization.js
[INTERNAL_LOG][2018-06-22 12:24:31,886][INFO][find_string()] No iframe in assets/www/default/worklight/plugins/org.apache.cordova.contacts/www/ContactOrganization.js
[INTERNAL_LOG][2018-06-22 12:24:31,886][INFO][find_string()] File: assets/www/default/worklight/plugins/org.apache.cordova.contacts/www/contacts.js
[INTERNAL_LOG][2018-06-22 12:24:31,887][INFO][find_string()] No iframe in assets/www/default/worklight/plugins/org.apache.cordova.contacts/www/contacts.js
[INTERNAL_LOG][2018-06-22 12:24:31,887][INFO][find_string()] File: assets/www/default/worklight/plugins/org.apache.cordova.device-motion/www/Acceleration.js
[INTERNAL_LOG][2018-06-22 12:24:31,887][INFO][find_string()] No iframe in assets/www/default/worklight/plugins/org.apache.cordova.device-motion/www/Acceleration.js
[INTERNAL_LOG][2018-06-22 12:24:31,887][INFO][find_string()] File: assets/www/default/worklight/plugins/org.apache.cordova.device-motion/www/accelerometer.js
[INTERNAL_LOG][2018-06-22 12:24:31,888][INFO][find_string()] No iframe in assets/www/default/worklight/plugins/org.apache.cordova.device-motion/www/accelerometer.js
[INTERNAL_LOG][2018-06-22 12:24:31,888][INFO][find_string()] File: assets/www/default/worklight/plugins/org.apache.cordova.device-orientation/www/CompassError.js
[INTERNAL_LOG][2018-06-22 12:24:31,888][INFO][find_string()] No iframe in assets/www/default/worklight/plugins/org.apache.cordova.device-orientation/www/CompassError.js
[INTERNAL_LOG][2018-06-22 12:24:31,888][INFO][find_string()] File: assets/www/default/worklight/plugins/org.apache.cordova.device-orientation/www/CompassHeading.js
[INTERNAL_LOG][2018-06-22 12:24:31,889][INFO][find_string()] No iframe in assets/www/default/worklight/plugins/org.apache.cordova.device-orientation/www/CompassHeading.js
[INTERNAL_LOG][2018-06-22 12:24:31,889][INFO][find_string()] File: assets/www/default/worklight/plugins/org.apache.cordova.device-orientation/www/compass.js
[INTERNAL_LOG][2018-06-22 12:24:31,889][INFO][find_string()] No iframe in assets/www/default/worklight/plugins/org.apache.cordova.device-orientation/www/compass.js
[INTERNAL_LOG][2018-06-22 12:24:31,890][INFO][find_string()] File: assets/www/default/worklight/plugins/org.apache.cordova.device/www/device.js
[INTERNAL_LOG][2018-06-22 12:24:31,890][INFO][find_string()] No iframe in assets/www/default/worklight/plugins/org.apache.cordova.device/www/device.js
[INTERNAL_LOG][2018-06-22 12:24:31,890][INFO][find_string()] File: assets/www/default/worklight/plugins/org.apache.cordova.dialogs/www/android/notification.js
[INTERNAL_LOG][2018-06-22 12:24:31,891][INFO][find_string()] No iframe in assets/www/default/worklight/plugins/org.apache.cordova.dialogs/www/android/notification.js
[INTERNAL_LOG][2018-06-22 12:24:31,891][INFO][find_string()] File: assets/www/default/worklight/plugins/org.apache.cordova.dialogs/www/notification.js
[INTERNAL_LOG][2018-06-22 12:24:31,891][INFO][find_string()] No iframe in assets/www/default/worklight/plugins/org.apache.cordova.dialogs/www/notification.js
[INTERNAL_LOG][2018-06-22 12:24:31,891][INFO][find_string()] File: assets/www/default/worklight/plugins/org.apache.cordova.file-transfer/www/FileTransfer.js
[INTERNAL_LOG][2018-06-22 12:24:31,892][INFO][find_string()] No iframe in assets/www/default/worklight/plugins/org.apache.cordova.file-transfer/www/FileTransfer.js
[INTERNAL_LOG][2018-06-22 12:24:31,892][INFO][find_string()] File: assets/www/default/worklight/plugins/org.apache.cordova.file-transfer/www/FileTransferError.js
[INTERNAL_LOG][2018-06-22 12:24:31,893][INFO][find_string()] No iframe in assets/www/default/worklight/plugins/org.apache.cordova.file-transfer/www/FileTransferError.js
[INTERNAL_LOG][2018-06-22 12:24:31,893][INFO][find_string()] File: assets/www/default/worklight/plugins/org.apache.cordova.globalization/www/GlobalizationError.js
[INTERNAL_LOG][2018-06-22 12:24:31,893][INFO][find_string()] No iframe in assets/www/default/worklight/plugins/org.apache.cordova.globalization/www/GlobalizationError.js
[INTERNAL_LOG][2018-06-22 12:24:31,893][INFO][find_string()] File: assets/www/default/worklight/plugins/org.apache.cordova.globalization/www/globalization.js
[INTERNAL_LOG][2018-06-22 12:24:31,894][INFO][find_string()] No iframe in assets/www/default/worklight/plugins/org.apache.cordova.globalization/www/globalization.js
[INTERNAL_LOG][2018-06-22 12:24:31,894][INFO][find_string()] File: assets/www/default/worklight/plugins/org.apache.cordova.inappbrowser/www/inappbrowser.js
[INTERNAL_LOG][2018-06-22 12:24:31,895][INFO][find_string()] No iframe in assets/www/default/worklight/plugins/org.apache.cordova.inappbrowser/www/inappbrowser.js
[INTERNAL_LOG][2018-06-22 12:24:31,895][INFO][find_string()] File: assets/www/default/worklight/plugins/org.apache.cordova.media-capture/www/CaptureAudioOptions.js
[INTERNAL_LOG][2018-06-22 12:24:31,895][INFO][find_string()] No iframe in assets/www/default/worklight/plugins/org.apache.cordova.media-capture/www/CaptureAudioOptions.js
[INTERNAL_LOG][2018-06-22 12:24:31,896][INFO][find_string()] File: assets/www/default/worklight/plugins/org.apache.cordova.media-capture/www/CaptureError.js
[INTERNAL_LOG][2018-06-22 12:24:31,896][INFO][find_string()] No iframe in assets/www/default/worklight/plugins/org.apache.cordova.media-capture/www/CaptureError.js
[INTERNAL_LOG][2018-06-22 12:24:31,896][INFO][find_string()] File: assets/www/default/worklight/plugins/org.apache.cordova.media-capture/www/CaptureImageOptions.js
[INTERNAL_LOG][2018-06-22 12:24:31,897][INFO][find_string()] No iframe in assets/www/default/worklight/plugins/org.apache.cordova.media-capture/www/CaptureImageOptions.js
[INTERNAL_LOG][2018-06-22 12:24:31,897][INFO][find_string()] File: assets/www/default/worklight/plugins/org.apache.cordova.media-capture/www/CaptureVideoOptions.js
[INTERNAL_LOG][2018-06-22 12:24:31,898][INFO][find_string()] No iframe in assets/www/default/worklight/plugins/org.apache.cordova.media-capture/www/CaptureVideoOptions.js
[INTERNAL_LOG][2018-06-22 12:24:31,898][INFO][find_string()] File: assets/www/default/worklight/plugins/org.apache.cordova.media-capture/www/ConfigurationData.js
[INTERNAL_LOG][2018-06-22 12:24:31,899][INFO][find_string()] No iframe in assets/www/default/worklight/plugins/org.apache.cordova.media-capture/www/ConfigurationData.js
[INTERNAL_LOG][2018-06-22 12:24:31,899][INFO][find_string()] File: assets/www/default/worklight/plugins/org.apache.cordova.media-capture/www/MediaFile.js
[INTERNAL_LOG][2018-06-22 12:24:31,900][INFO][find_string()] No iframe in assets/www/default/worklight/plugins/org.apache.cordova.media-capture/www/MediaFile.js
[INTERNAL_LOG][2018-06-22 12:24:31,900][INFO][find_string()] File: assets/www/default/worklight/plugins/org.apache.cordova.media-capture/www/MediaFileData.js
[INTERNAL_LOG][2018-06-22 12:24:31,900][INFO][find_string()] No iframe in assets/www/default/worklight/plugins/org.apache.cordova.media-capture/www/MediaFileData.js
[INTERNAL_LOG][2018-06-22 12:24:31,901][INFO][find_string()] File: assets/www/default/worklight/plugins/org.apache.cordova.media-capture/www/capture.js
[INTERNAL_LOG][2018-06-22 12:24:31,901][INFO][find_string()] No iframe in assets/www/default/worklight/plugins/org.apache.cordova.media-capture/www/capture.js
[INTERNAL_LOG][2018-06-22 12:24:31,901][INFO][find_string()] File: assets/www/default/worklight/plugins/org.apache.cordova.media/www/Media.js
[INTERNAL_LOG][2018-06-22 12:24:31,902][INFO][find_string()] No iframe in assets/www/default/worklight/plugins/org.apache.cordova.media/www/Media.js
[INTERNAL_LOG][2018-06-22 12:24:31,902][INFO][find_string()] File: assets/www/default/worklight/plugins/org.apache.cordova.media/www/MediaError.js
[INTERNAL_LOG][2018-06-22 12:24:31,903][INFO][find_string()] No iframe in assets/www/default/worklight/plugins/org.apache.cordova.media/www/MediaError.js
[INTERNAL_LOG][2018-06-22 12:24:31,903][INFO][find_string()] File: assets/www/default/worklight/plugins/org.apache.cordova.network-information/www/Connection.js
[INTERNAL_LOG][2018-06-22 12:24:31,904][INFO][find_string()] No iframe in assets/www/default/worklight/plugins/org.apache.cordova.network-information/www/Connection.js
[INTERNAL_LOG][2018-06-22 12:24:31,904][INFO][find_string()] File: assets/www/default/worklight/plugins/org.apache.cordova.network-information/www/network.js
[INTERNAL_LOG][2018-06-22 12:24:31,905][INFO][find_string()] No iframe in assets/www/default/worklight/plugins/org.apache.cordova.network-information/www/network.js
[INTERNAL_LOG][2018-06-22 12:24:31,905][INFO][find_string()] File: assets/www/default/worklight/plugins/org.apache.cordova.splashscreen/www/splashscreen.js
[INTERNAL_LOG][2018-06-22 12:24:31,906][INFO][find_string()] No iframe in assets/www/default/worklight/plugins/org.apache.cordova.splashscreen/www/splashscreen.js
[INTERNAL_LOG][2018-06-22 12:24:31,906][INFO][find_string()] File: assets/www/default/worklight/plugins/org.apache.cordova.statusbar/www/statusbar.js
[INTERNAL_LOG][2018-06-22 12:24:31,907][INFO][find_string()] No iframe in assets/www/default/worklight/plugins/org.apache.cordova.statusbar/www/statusbar.js
[INTERNAL_LOG][2018-06-22 12:24:31,907][INFO][find_string()] File: assets/www/default/worklight/plugins/org.apache.cordova.vibration/www/vibration.js
[INTERNAL_LOG][2018-06-22 12:24:31,908][INFO][find_string()] No iframe in assets/www/default/worklight/plugins/org.apache.cordova.vibration/www/vibration.js
[INTERNAL_LOG][2018-06-22 12:24:31,908][INFO][find_string()] File: assets/www/default/worklight/wljq.js
[INTERNAL_LOG][2018-06-22 12:24:31,925][INFO][find_string()] No iframe in assets/www/default/worklight/wljq.js
[INTERNAL_LOG][2018-06-22 12:24:31,925][INFO][find_string()] File: assets/www/default/worklight/worklight.js
[INTERNAL_LOG][2018-06-22 12:24:31,944][INFO][find_string()] No iframe in assets/www/default/worklight/worklight.js
[INTERNAL_LOG][2018-06-22 12:24:31,944][INFO][find_string()] [END ANALYZE FILE]

[INTERNAL_LOG][2018-06-22 12:24:31,944][INFO][analyze_start()] End JavaScript file
[INTERNAL_LOG][2018-06-22 12:24:31,997][INFO][find_url_in_apk()] [START ALL URL INSIDE APK]
[INTERNAL_LOG][2018-06-22 12:24:31,997][INFO][find_url_in_apk()] http://schemas.android.com/apk/res/android
https://pagead2.googlesyndication.com/pagead/gen_204?id=gmob-apps
http://plus.google.com/
http://9.8.7.6
http://mfpredirecturi
http://mfpredirecturi
http://mfpredirecturi
https://mfpredirecturi
https://market.android.com/

[INTERNAL_LOG][2018-06-22 12:24:31,997][INFO][find_url_in_apk()] [END ALL URL INSIDE APK]
[INTERNAL_LOG][2018-06-22 12:24:32,073][INFO][check_method_conf()] [JavaScript enabled: True]

[INTERNAL_LOG][2018-06-22 12:24:32,073][INFO][check_method_conf()] [Add interface WebView: True]

[INTERNAL_LOG][2018-06-22 12:24:32,073][INFO][analyze_start()] This app might be not vulnerable on  attack frame confusion.
[INTERNAL_LOG][2018-06-22 12:24:32,073][INFO][analyze_start()] End time:[Fri Jun 22 12:24:32 2018]
