[INTERNAL_LOG][2018-06-12 08:25:31,884][INFO][analyze_start()] Init Time [Tue Jun 12 08:25:31 2018]
[INTERNAL_LOG][2018-06-12 08:25:31,925][INFO][is_hybird()] [Permission Enble Start]
[INTERNAL_LOG][2018-06-12 08:25:31,925][INFO][run()] Start Analysis
[INTERNAL_LOG][2018-06-12 08:25:31,925][INFO][is_hybird()] android.permission.INTERNET
[INTERNAL_LOG][2018-06-12 08:25:31,926][INFO][is_hybird()] android.permission.ACCESS_WIFI_STATE
[INTERNAL_LOG][2018-06-12 08:25:31,926][INFO][is_hybird()] android.permission.ACCESS_NETWORK_STATE
[INTERNAL_LOG][2018-06-12 08:25:31,926][INFO][is_hybird()] android.permission.READ_PHONE_STATE
[INTERNAL_LOG][2018-06-12 08:25:31,926][INFO][is_hybird()] android.permission.WRITE_EXTERNAL_STORAGE
[INTERNAL_LOG][2018-06-12 08:25:31,926][INFO][is_hybird()] com.android.vending.BILLING
[INTERNAL_LOG][2018-06-12 08:25:31,926][INFO][is_hybird()] [Permission End]

[INTERNAL_LOG][2018-06-12 08:25:31,926][INFO][analyze_start()] TYPE APK: [ANDROID NATIVE]

[INTERNAL_LOG][2018-06-12 08:25:31,926][INFO][find_string()] [START FILE ANALYZE]
[INTERNAL_LOG][2018-06-12 08:25:31,926][INFO][find_string()] File: js/closebutton.html
[INTERNAL_LOG][2018-06-12 08:25:31,927][INFO][find_string()] No iframe in js/closebutton.html
[INTERNAL_LOG][2018-06-12 08:25:31,927][INFO][find_string()] [END ANALYZE FILE]

[INTERNAL_LOG][2018-06-12 08:25:31,927][INFO][find_string()] [START FILE ANALYZE]
[INTERNAL_LOG][2018-06-12 08:25:31,927][INFO][find_string()] File: js/mraid.js
[INTERNAL_LOG][2018-06-12 08:25:31,929][INFO][find_string()] No iframe in js/mraid.js
[INTERNAL_LOG][2018-06-12 08:25:31,939][INFO][find_string()] [END ANALYZE FILE]

[INTERNAL_LOG][2018-06-12 08:25:43,405][INFO][find_url_in_apk()] [START URL LOADED INSIDE LOAD FUNCTION]
[INTERNAL_LOG][2018-06-12 08:25:43,405][INFO][find_url_in_apk()] http://play.google.com/store/apps/
http://play.google.com/store/apps/
http://featured.perfectionholic.com:8080/moregames/index_app.html
http://featured.perfectionholic.com:8080/moregames/index_app.html
http://featured.perfectionholic.com:8080/moregames/index.html
http://featured.perfectionholic.com:8080/moregames/index.html

[INTERNAL_LOG][2018-06-12 08:25:43,405][INFO][find_url_in_apk()] [END URL LOADED INSIDE LOAD FUNCTION]
[INTERNAL_LOG][2018-06-12 08:25:44,798][ERROR][download_page_loaded()] Failed download: http://play.google.com/store/apps/ for exception [Errno 21] Is a directory: 'temp_html_code/html_downloaded_Punch Boxing 3D by CanadaDroid - com/'
[INTERNAL_LOG][2018-06-12 08:25:46,255][ERROR][download_page_loaded()] Failed download: http://play.google.com/store/apps/ for exception [Errno 21] Is a directory: 'temp_html_code/html_downloaded_Punch Boxing 3D by CanadaDroid - com/'
[INTERNAL_LOG][2018-06-12 08:25:46,836][ERROR][download_page_loaded()] Failed response code: 404 for http://featured.perfectionholic.com:8080/moregames/index_app.html  
[INTERNAL_LOG][2018-06-12 08:25:48,269][INFO][find_string()] [START REMOTE FILE ANALYZE]
[INTERNAL_LOG][2018-06-12 08:25:48,269][INFO][find_string()] Remote File in: temp_html_code/html_downloaded_Punch Boxing 3D by CanadaDroid - com/index_app.html
[INTERNAL_LOG][2018-06-12 08:25:48,269][INFO][find_string()] URL: http://featured.perfectionholic.com:8080/moregames/index_app.html
[INTERNAL_LOG][2018-06-12 08:25:48,277][INFO][find_string()] No iframe in temp_html_code/html_downloaded_Punch Boxing 3D by CanadaDroid - com/index_app.html
[INTERNAL_LOG][2018-06-12 08:25:48,277][INFO][find_string()] Remote File in: temp_html_code/html_downloaded_Punch Boxing 3D by CanadaDroid - com/index.html
[INTERNAL_LOG][2018-06-12 08:25:48,277][INFO][find_string()] URL: http://featured.perfectionholic.com:8080/moregames/index.html
[INTERNAL_LOG][2018-06-12 08:25:48,298][INFO][find_string()] No iframe in temp_html_code/html_downloaded_Punch Boxing 3D by CanadaDroid - com/index.html
[INTERNAL_LOG][2018-06-12 08:25:48,299][INFO][find_string()] [END ANALYZE FILE]

[INTERNAL_LOG][2018-06-12 08:25:48,299][INFO][find_url_in_apk()] [START ALL URL INSIDE APK]
[INTERNAL_LOG][2018-06-12 08:25:48,299][INFO][find_url_in_apk()] http://data2.doodlemobile.com:8080/dmdata_zmm/ReceiveServlet
http://newfeatureview.perfectionholic.com/featureview/gettime/
http://newfeatureview.perfectionholic.com/featureview/gettime/
http://50.17.224.137/featureview/gettime/
http://50.17.224.137/featureview/gettime/
http://f2.doodlemobile.com/feature_server/geo-ip/test.php
http://newfeatureview.perfectionholic.com/featureview/getfeatureview/
http://f2.doodlemobile.com/feature_server/fullScreen/get.php
http://play.google.com/store/apps/
http://play.google.com/store/apps/
http://featured.perfectionholic.com:8080/moregames/index_app.html
http://featured.perfectionholic.com:8080/moregames/index_app.html
http://featured.perfectionholic.com:8080/moregames/index.html
http://featured.perfectionholic.com:8080/moregames/index.html
http://192.168.1.241:8080/featureserver/receiveuesraction
https://graph.facebook.com/network_ads_common
https://graph.%s.facebook.com/network_ads_common
https://www.facebook.com/adnw_logging/
https://www.%s.facebook.com/adnw_logging/
https://www.facebook.com/
https://www.%s.facebook.com
http://www.facebook.com
https://pagead2.googlesyndication.com/pagead/gen_204?id=gmob-apps
https://plus.google.com/
https://service.sponsorpay.com/actions/v2
https://service.sponsorpay.com/installs/v2
https://api.sponsorpay.com/vcs/v1/new_credit.json
https://iframe.sponsorpay.com/mbe
https://iframe.sponsorpay.com/mobile
https://engine.sponsorpay.com/interstitial
https://engine.sponsorpay.com/tracker
https://engine.sponsorpay.com/sdk-config
https://connect.tapjoy.com/
https://connect.tapjoy.com/
https://ws.tapjoyads.com/
https://ws.tapjoyads.com/
https://ws.tapjoyads.com/
https://ws.tapjoyads.com/
http://content-js.tapjoy.com
https://events.tapjoy.com/
https://s3.amazonaws.com/tapjoy/videos/assets/watermark.png
https://impact.applifier.com/mobile/campaigns
https://impact.staging.applifier.com/mobile/campaigns
http://m.facebook.com/ads/ad_choices
http://m.facebook.com/ads/ad_choices
https://www.facebook.com/audience_network/server_side_reward
https://www.%s.facebook.com/audience_network/server_side_reward
http://data.flurry.com/aap.do
https://data.flurry.com/aap.do

[INTERNAL_LOG][2018-06-12 08:25:48,299][INFO][find_url_in_apk()] [END ALL URL INSIDE APK]
[INTERNAL_LOG][2018-06-12 08:25:48,308][INFO][check_method_conf()] [JavaScript enabled: True]

[INTERNAL_LOG][2018-06-12 08:25:48,308][INFO][check_method_conf()] [Add interface WebView: True]

[INTERNAL_LOG][2018-06-12 08:25:48,308][INFO][analyze_start()] This app might be not vulnerable on  attack frame confusion.
[INTERNAL_LOG][2018-06-12 08:25:48,308][INFO][analyze_start()] End time:[Tue Jun 12 08:25:48 2018]
