[INTERNAL_LOG][2018-06-12 01:46:54,279][INFO][analyze_start()] Init Time [Tue Jun 12 01:46:54 2018]
[INTERNAL_LOG][2018-06-12 01:46:54,359][INFO][is_hybird()] [Permission Enble Start]
[INTERNAL_LOG][2018-06-12 01:46:54,360][INFO][run()] Start Analysis
[INTERNAL_LOG][2018-06-12 01:46:54,360][INFO][is_hybird()] android.permission.INTERNET
[INTERNAL_LOG][2018-06-12 01:46:54,360][INFO][is_hybird()] android.permission.ACCESS_NETWORK_STATE
[INTERNAL_LOG][2018-06-12 01:46:54,360][INFO][is_hybird()] com.android.vending.BILLING
[INTERNAL_LOG][2018-06-12 01:46:54,360][INFO][is_hybird()] android.permission.ACCESS_WIFI_STATE
[INTERNAL_LOG][2018-06-12 01:46:54,360][INFO][is_hybird()] android.permission.GET_TASKS
[INTERNAL_LOG][2018-06-12 01:46:54,360][INFO][is_hybird()] android.permission.VIBRATE
[INTERNAL_LOG][2018-06-12 01:46:54,360][INFO][is_hybird()] android.permission.WAKE_LOCK
[INTERNAL_LOG][2018-06-12 01:46:54,360][INFO][is_hybird()] com.google.android.c2dm.permission.RECEIVE
[INTERNAL_LOG][2018-06-12 01:46:54,360][INFO][is_hybird()] [Permission End]

[INTERNAL_LOG][2018-06-12 01:46:54,360][INFO][analyze_start()] TYPE APK: [ANDROID NATIVE]

[INTERNAL_LOG][2018-06-12 01:46:54,360][INFO][find_string()] [START FILE ANALYZE]
[INTERNAL_LOG][2018-06-12 01:46:54,361][INFO][find_string()] File: assets/errorMessage.html
[INTERNAL_LOG][2018-06-12 01:46:54,362][INFO][find_string()] No iframe in assets/errorMessage.html
[INTERNAL_LOG][2018-06-12 01:46:54,362][INFO][find_string()] File: assets/webui/index.html
[INTERNAL_LOG][2018-06-12 01:46:54,363][INFO][find_string()] Found this tag <iframe id="action_frame"></iframe>
[INTERNAL_LOG][2018-06-12 01:46:54,363][INFO][find_string()] Found in file assets/webui/index.html tag iframe , 1 times
[INTERNAL_LOG][2018-06-12 01:46:54,363][INFO][find_string()] No src founded in iframe tag inside file assets/webui/index.html
[INTERNAL_LOG][2018-06-12 01:46:54,363][INFO][find_string()] No CSP found!
[INTERNAL_LOG][2018-06-12 01:46:54,363][INFO][find_string()] [END ANALYZE FILE]

[INTERNAL_LOG][2018-06-12 01:46:54,363][INFO][find_string()] [START FILE ANALYZE]
[INTERNAL_LOG][2018-06-12 01:46:54,363][INFO][find_string()] File: assets/jquery-1.7.1.min.js
[INTERNAL_LOG][2018-06-12 01:46:54,389][INFO][find_string()] No iframe in assets/jquery-1.7.1.min.js
[INTERNAL_LOG][2018-06-12 01:46:54,389][INFO][find_string()] File: assets/mmadsdk/actionsQueue.js
[INTERNAL_LOG][2018-06-12 01:46:54,390][INFO][find_string()] No iframe in assets/mmadsdk/actionsQueue.js
[INTERNAL_LOG][2018-06-12 01:46:54,390][INFO][find_string()] File: assets/mmadsdk/mm.js
[INTERNAL_LOG][2018-06-12 01:46:54,392][INFO][find_string()] No iframe in assets/mmadsdk/mm.js
[INTERNAL_LOG][2018-06-12 01:46:54,392][INFO][find_string()] File: assets/mmadsdk/mraid.js
[INTERNAL_LOG][2018-06-12 01:46:54,393][INFO][find_string()] No iframe in assets/mmadsdk/mraid.js
[INTERNAL_LOG][2018-06-12 01:46:54,393][INFO][find_string()] File: assets/webui/javascripts/dashboard/dashboard.js
[INTERNAL_LOG][2018-06-12 01:46:54,393][INFO][find_string()] No iframe in assets/webui/javascripts/dashboard/dashboard.js
[INTERNAL_LOG][2018-06-12 01:46:54,393][INFO][find_string()] File: assets/webui/javascripts/dashboard/models.js
[INTERNAL_LOG][2018-06-12 01:46:54,394][INFO][find_string()] No iframe in assets/webui/javascripts/dashboard/models.js
[INTERNAL_LOG][2018-06-12 01:46:54,394][INFO][find_string()] File: assets/webui/javascripts/dashboard/players.js
[INTERNAL_LOG][2018-06-12 01:46:54,394][INFO][find_string()] No iframe in assets/webui/javascripts/dashboard/players.js
[INTERNAL_LOG][2018-06-12 01:46:54,394][INFO][find_string()] File: assets/webui/javascripts/dashboard/profile.js
[INTERNAL_LOG][2018-06-12 01:46:54,395][INFO][find_string()] No iframe in assets/webui/javascripts/dashboard/profile.js
[INTERNAL_LOG][2018-06-12 01:46:54,395][INFO][find_string()] File: assets/webui/javascripts/dashboard/statusupdate.js
[INTERNAL_LOG][2018-06-12 01:46:54,395][INFO][find_string()] No iframe in assets/webui/javascripts/dashboard/statusupdate.js
[INTERNAL_LOG][2018-06-12 01:46:54,395][INFO][find_string()] File: assets/webui/javascripts/dashboard/user.js
[INTERNAL_LOG][2018-06-12 01:46:54,396][INFO][find_string()] No iframe in assets/webui/javascripts/dashboard/user.js
[INTERNAL_LOG][2018-06-12 01:46:54,396][INFO][find_string()] File: assets/webui/javascripts/date-format.js
[INTERNAL_LOG][2018-06-12 01:46:54,397][INFO][find_string()] No iframe in assets/webui/javascripts/date-format.js
[INTERNAL_LOG][2018-06-12 01:46:54,397][INFO][find_string()] File: assets/webui/javascripts/game_channel.js
[INTERNAL_LOG][2018-06-12 01:46:54,398][INFO][find_string()] No iframe in assets/webui/javascripts/game_channel.js
[INTERNAL_LOG][2018-06-12 01:46:54,398][INFO][find_string()] File: assets/webui/javascripts/game_channel_features.js
[INTERNAL_LOG][2018-06-12 01:46:54,401][INFO][find_string()] No iframe in assets/webui/javascripts/game_channel_features.js
[INTERNAL_LOG][2018-06-12 01:46:54,401][INFO][find_string()] File: assets/webui/javascripts/game_channel_models.js
[INTERNAL_LOG][2018-06-12 01:46:54,401][INFO][find_string()] No iframe in assets/webui/javascripts/game_channel_models.js
[INTERNAL_LOG][2018-06-12 01:46:54,401][INFO][find_string()] File: assets/webui/javascripts/gswipe.js
[INTERNAL_LOG][2018-06-12 01:46:54,402][INFO][find_string()] No iframe in assets/webui/javascripts/gswipe.js
[INTERNAL_LOG][2018-06-12 01:46:54,402][INFO][find_string()] File: assets/webui/javascripts/head.js
[INTERNAL_LOG][2018-06-12 01:46:54,403][INFO][find_string()] No iframe in assets/webui/javascripts/head.js
[INTERNAL_LOG][2018-06-12 01:46:54,403][INFO][find_string()] File: assets/webui/javascripts/jquery.js
[INTERNAL_LOG][2018-06-12 01:46:54,408][INFO][find_string()] No iframe in assets/webui/javascripts/jquery.js
[INTERNAL_LOG][2018-06-12 01:46:54,408][INFO][find_string()] File: assets/webui/javascripts/json2.js
[INTERNAL_LOG][2018-06-12 01:46:54,409][INFO][find_string()] No iframe in assets/webui/javascripts/json2.js
[INTERNAL_LOG][2018-06-12 01:46:54,409][INFO][find_string()] File: assets/webui/javascripts/settings/privacy_settings.js
[INTERNAL_LOG][2018-06-12 01:46:54,410][INFO][find_string()] No iframe in assets/webui/javascripts/settings/privacy_settings.js
[INTERNAL_LOG][2018-06-12 01:46:54,410][INFO][find_string()] File: assets/webui/javascripts/settings/profile_configuration.js
[INTERNAL_LOG][2018-06-12 01:46:54,410][INFO][find_string()] No iframe in assets/webui/javascripts/settings/profile_configuration.js
[INTERNAL_LOG][2018-06-12 01:46:54,410][INFO][find_string()] File: assets/webui/javascripts/settings/profile_secure.js
[INTERNAL_LOG][2018-06-12 01:46:54,410][INFO][find_string()] No iframe in assets/webui/javascripts/settings/profile_secure.js
[INTERNAL_LOG][2018-06-12 01:46:54,411][INFO][find_string()] File: assets/webui/javascripts/template.js
[INTERNAL_LOG][2018-06-12 01:46:54,411][INFO][find_string()] No iframe in assets/webui/javascripts/template.js
[INTERNAL_LOG][2018-06-12 01:46:54,411][INFO][find_string()] File: assets/webui/javascripts/underscore.js
[INTERNAL_LOG][2018-06-12 01:46:54,412][INFO][find_string()] No iframe in assets/webui/javascripts/underscore.js
[INTERNAL_LOG][2018-06-12 01:46:54,412][INFO][find_string()] File: assets/webui/javascripts/webui-action.js
[INTERNAL_LOG][2018-06-12 01:46:54,412][INFO][find_string()] No iframe in assets/webui/javascripts/webui-action.js
[INTERNAL_LOG][2018-06-12 01:46:54,412][INFO][find_string()] File: assets/webui/javascripts/webui-analytics.js
[INTERNAL_LOG][2018-06-12 01:46:54,413][INFO][find_string()] No iframe in assets/webui/javascripts/webui-analytics.js
[INTERNAL_LOG][2018-06-12 01:46:54,413][INFO][find_string()] File: assets/webui/javascripts/webui-api.js
[INTERNAL_LOG][2018-06-12 01:46:54,413][INFO][find_string()] No iframe in assets/webui/javascripts/webui-api.js
[INTERNAL_LOG][2018-06-12 01:46:54,413][INFO][find_string()] File: assets/webui/javascripts/webui-core.js
[INTERNAL_LOG][2018-06-12 01:46:54,415][INFO][find_string()] No iframe in assets/webui/javascripts/webui-core.js
[INTERNAL_LOG][2018-06-12 01:46:54,415][INFO][find_string()] File: assets/webui/javascripts/webui-helper.js
[INTERNAL_LOG][2018-06-12 01:46:54,415][INFO][find_string()] No iframe in assets/webui/javascripts/webui-helper.js
[INTERNAL_LOG][2018-06-12 01:46:54,415][INFO][find_string()] File: assets/webui/javascripts/webui-page.js
[INTERNAL_LOG][2018-06-12 01:46:54,416][INFO][find_string()] No iframe in assets/webui/javascripts/webui-page.js
[INTERNAL_LOG][2018-06-12 01:46:54,416][INFO][find_string()] File: assets/webui/javascripts/webui-profiler.js
[INTERNAL_LOG][2018-06-12 01:46:54,416][INFO][find_string()] No iframe in assets/webui/javascripts/webui-profiler.js
[INTERNAL_LOG][2018-06-12 01:46:54,416][INFO][find_string()] File: assets/webui/javascripts/webui-touch.js
[INTERNAL_LOG][2018-06-12 01:46:54,417][INFO][find_string()] No iframe in assets/webui/javascripts/webui-touch.js
[INTERNAL_LOG][2018-06-12 01:46:54,417][INFO][find_string()] File: assets/webui/javascripts/webui.js
[INTERNAL_LOG][2018-06-12 01:46:54,418][INFO][find_string()] No iframe in assets/webui/javascripts/webui.js
[INTERNAL_LOG][2018-06-12 01:46:54,418][INFO][find_string()] File: res/raw/mraid.js
[INTERNAL_LOG][2018-06-12 01:46:54,419][INFO][find_string()] No iframe in res/raw/mraid.js
[INTERNAL_LOG][2018-06-12 01:46:54,419][INFO][find_string()] [END ANALYZE FILE]

[INTERNAL_LOG][2018-06-12 01:47:22,591][INFO][find_url_in_apk()] [START ALL URL INSIDE APK]
[INTERNAL_LOG][2018-06-12 01:47:22,591][INFO][find_url_in_apk()] https://live.chartboost.com
http://market.android.com/
https://ad6.liverail.com/
https://ad6.%s.liverail.com/
https://graph.facebook.com/network_ads_common/
https://graph.%s.facebook.com/network_ads_common/
https://www.facebook.com/
https://www.%s.facebook.com
https://m.facebook.com/dialog/
https://graph.facebook.com/
https://api.facebook.com/restserver.php
https://graph.facebook.com/%s/picture
https://graph.%s
https://graph-video.%s
https://facebook.com
https://proton.flurry.com/sdk/v1/config
https://data.flurry.com/pcr.do
http://data.flurry.com/aap.do
https://data.flurry.com/aap.do
http://hostname/?
http://www.google-analytics.com
https://ssl.google-analytics.com
https://accounts.google.com
https://www.facebook.com
https://www.googleapis.com/auth/plus.me
https://www.googleapis.com/auth/plus.me
https://www.googleapis.com/auth/games
https://www.googleapis.com/auth/games
https://www.googleapis.com/auth/games
http://plus.google.com/
https://www.googleapis.com/auth/games.firstparty
https://www.googleapis.com/auth/games.firstparty
https://googleads.g.doubleclick.net/mads/static/mad/sdk/native/sdk-core-v40.html
https://googleads.g.doubleclick.net/mads/static/mad/sdk/native/mraid/v2/mraid_app_banner.js
https://googleads.g.doubleclick.net/mads/static/mad/sdk/native/mraid/v2/mraid_app_expanded_banner.js
https://googleads.g.doubleclick.net/mads/static/mad/sdk/native/mraid/v2/mraid_app_interstitial.js
https://csi.gstatic.com/csi
http://www.google.com
https://www.googleapis.com/auth/plus.login
http://schemas.android.com/apk/lib/com.google.android.gms.plus
http://schemas.android.com/apk/lib/com.google.android.gms.plus
http://www.youtube.com/playlist?list=
http://www.youtube.com/playlist?list=
http://www.youtube.com/watch?v=
http://www.youtube.com/watch?v=
http://www.youtube.com/user/
http://www.youtube.com/user/
http://play.google.com/store/apps/details
http://maps.google.com/maps/api/geocode/json?latlng=
http://play.google.com/store/apps/details?id=com.google.android.youtube
http://play.google.com/store/apps/details?id=
http://live.hyprmx.com/
http://live.hyprmx.com/
http://live.hyprmx.com/
http://live.hyprmx.com/
https://androidads21.adcolony.com/configure
http://ads.nexage.com
http://xmlpull.org/v1/doc/features.html#process-namespaces
https://twitter.com/intent/tweet?text=
https://twitter.com/intent/tweet?text=
https://twitter.com/intent/tweet/complete
http://www.amazon.com/gp/mas/dl/android?p=
https://play.google.com/store/apps/details?id=
https://analytics.mopub.com/i/jot/exchange_client_event
https://twitter.com/%s/status/%s
https://service.sponsorpay.com/actions/v2
https://service.sponsorpay.com/installs/v2
https://api.sponsorpay.com/vcs/v1/new_credit.json
https://video.fyber.com
https://iframe.sponsorpay.com/mobile
https://engine.sponsorpay.com/interstitial
https://engine.sponsorpay.com/tracker
https://engine.sponsorpay.com/sdk-config
https://engine.fyber.com/video-cache
https://impact.staging.applifier.com/mobile/campaigns
https://impact.applifier.com/mobile/campaigns

[INTERNAL_LOG][2018-06-12 01:47:22,591][INFO][find_url_in_apk()] [END ALL URL INSIDE APK]
[INTERNAL_LOG][2018-06-12 01:47:22,595][INFO][check_method_conf()] [JavaScript enabled: True]

[INTERNAL_LOG][2018-06-12 01:47:22,595][INFO][check_method_conf()] [Add interface WebView: True]

[INTERNAL_LOG][2018-06-12 01:47:22,595][INFO][analyze_start()] This app might be vulnerable on attack frame confusion, This file are vulnerable ['assets/webui/index.html']
[INTERNAL_LOG][2018-06-12 01:47:22,595][INFO][analyze_start()] End time:[Tue Jun 12 01:47:22 2018]
