[INTERNAL_LOG][2018-06-12 07:07:47,219][INFO][analyze_start()] Init Time [Tue Jun 12 07:07:47 2018]
[INTERNAL_LOG][2018-06-12 07:07:47,259][INFO][run()] Start Analysis
[INTERNAL_LOG][2018-06-12 07:07:47,259][INFO][is_hybird()] [Permission Enble Start]
[INTERNAL_LOG][2018-06-12 07:07:47,259][INFO][is_hybird()] android.permission.WAKE_LOCK
[INTERNAL_LOG][2018-06-12 07:07:47,259][INFO][is_hybird()] android.permission.INTERNET
[INTERNAL_LOG][2018-06-12 07:07:47,259][INFO][is_hybird()] android.permission.ACCESS_NETWORK_STATE
[INTERNAL_LOG][2018-06-12 07:07:47,259][INFO][is_hybird()] android.permission.WRITE_EXTERNAL_STORAGE
[INTERNAL_LOG][2018-06-12 07:07:47,259][INFO][is_hybird()] android.permission.READ_EXTERNAL_STORAGE
[INTERNAL_LOG][2018-06-12 07:07:47,260][INFO][is_hybird()] android.permission.VIBRATE
[INTERNAL_LOG][2018-06-12 07:07:47,260][INFO][is_hybird()] com.android.vending.BILLING
[INTERNAL_LOG][2018-06-12 07:07:47,260][INFO][is_hybird()] com.google.android.c2dm.permission.RECEIVE
[INTERNAL_LOG][2018-06-12 07:07:47,260][INFO][is_hybird()] br.com.rodrigokolb.realdrum.permission.C2D_MESSAGE
[INTERNAL_LOG][2018-06-12 07:07:47,260][INFO][is_hybird()] [Permission End]

[INTERNAL_LOG][2018-06-12 07:07:47,260][INFO][analyze_start()] TYPE APK: [ANDROID NATIVE]

[INTERNAL_LOG][2018-06-12 07:07:47,260][INFO][find_string()] [START FILE ANALYZE]
[INTERNAL_LOG][2018-06-12 07:07:47,260][INFO][find_string()] [END ANALYZE FILE]

[INTERNAL_LOG][2018-06-12 07:07:47,260][INFO][find_string()] [START FILE ANALYZE]
[INTERNAL_LOG][2018-06-12 07:07:47,260][INFO][find_string()] [END ANALYZE FILE]

[INTERNAL_LOG][2018-06-12 07:08:10,637][INFO][find_url_in_apk()] [START ALL URL INSIDE APK]
[INTERNAL_LOG][2018-06-12 07:08:10,637][INFO][find_url_in_apk()] http://schemas.android.com/apk/res/android
https://facebook.com/kolbapps
https://www.youtube.com/channel/UCf0z25TrKM6MLBr2WGvtTQA
https://instagram.com/kolbapps/
https://mobile-static.adsafeprotected.com/avid-v2.js
https://graph.facebook.com/network_ads_common
https://graph.%s.facebook.com/network_ads_common
https://www.facebook.com/adnw_logging/
https://www.%s.facebook.com/adnw_logging/
http://play.google.com/store/apps/
https://www.facebook.com/
https://www.%s.facebook.com
http://www.facebook.com
https://pagead2.googlesyndication.com/pagead/gen_204?id=gmob-apps
https://plus.google.com/
https://support.google.com/dfp_premium/answer/7160685#push
https://pagead2.googlesyndication.com/pagead/gen_204
http://www.google.com
https://app-measurement.com/a
http://www.example.com
http://www.example.com
https://googleads.g.doubleclick.net/mads/static/mad/sdk/native/sdk-core-v40.html
https://googleads.g.doubleclick.net/mads/static/mad/sdk/native/production/sdk-core-v40-impl.js
https://googleads.g.doubleclick.net/mads/static/mad/sdk/native/mraid/v2/mraid_app_banner.js
https://googleads.g.doubleclick.net/mads/static/mad/sdk/native/mraid/v2/mraid_app_expanded_banner.js
https://googleads.g.doubleclick.net/mads/static/mad/sdk/native/mraid/v2/mraid_app_interstitial.js
https://csi.gstatic.com/csi
https://googleads.g.doubleclick.net/mads/static/mad/sdk/native/native_ads.html
https://googleads.g.doubleclick.net/mads/static/mad/sdk/native/production/native_ads.js
https://imasdk.googleapis.com/admob/sdkloader/native_video.html
https://www.google.com/dfp/linkDevice
https://www.google.com/dfp/inAppPreview
https://www.google.com/dfp/debugSignals
https://www.google.com/dfp/sendDebugData
http://schemas.android.com/apk/lib/com.inmobi.ads
http://schemas.android.com/apk/lib/com.inmobi.ads
https://i.l.inmobicdn.net/sdk/sdk/500/android/mraid.js
http://www.inmobi.com/products/sdk/#downloads
http://twitter.com/home?status=
https://m.google.com/app/plus/x/?v=compose&content=
https://www.facebook.com/dialog/feed?app_id=181821551957328&link=
http://dock.inmobi.com/carb/v1/i
http://dock.inmobi.com/carb/v1/o
https://sdkm.w.inmobi.com/user/e.asm
https://z.moatads.com/
https://api.vungle.com/api/v4/
https://ingest.vungle.com/
https://play.google.com/store/apps/details?id=%s
http://i.w.inmobi.com/showad.asm
https://sdktm.w.inmobi.com/sdkpubreq
https://sdkm.w.inmobi.com/metrics/e.asm?v=1&
http://lol.vungle.com/
https://www.%s.facebook.com/audience_network/server_side_reward
https://www.facebook.com/audience_network/server_side_reward
https://www.google.com
https://www.vungle.com/privacy/
https://www.vungle.com/privacy/
http://www.w3.org/ns/ttml#parameter

[INTERNAL_LOG][2018-06-12 07:08:10,637][INFO][find_url_in_apk()] [END ALL URL INSIDE APK]
[INTERNAL_LOG][2018-06-12 07:08:10,640][INFO][check_method_conf()] [JavaScript enabled: True]

[INTERNAL_LOG][2018-06-12 07:08:10,640][INFO][check_method_conf()] [Add interface WebView: True]

[INTERNAL_LOG][2018-06-12 07:08:10,640][INFO][analyze_start()] This app might be not vulnerable on  attack frame confusion.
[INTERNAL_LOG][2018-06-12 07:08:10,640][INFO][analyze_start()] End time:[Tue Jun 12 07:08:10 2018]
