[INTERNAL_LOG][2018-06-12 03:10:15,064][INFO][analyze_start()] Init Time [Tue Jun 12 03:10:15 2018]
[INTERNAL_LOG][2018-06-12 03:10:15,132][INFO][run()] Start Analysis
[INTERNAL_LOG][2018-06-12 03:10:15,133][INFO][is_hybird()] [Permission Enble Start]
[INTERNAL_LOG][2018-06-12 03:10:15,133][INFO][is_hybird()] android.permission.ACCESS_FINE_LOCATION
[INTERNAL_LOG][2018-06-12 03:10:15,133][INFO][is_hybird()] android.permission.ACCESS_WIFI_STATE
[INTERNAL_LOG][2018-06-12 03:10:15,133][INFO][is_hybird()] android.permission.CHANGE_WIFI_STATE
[INTERNAL_LOG][2018-06-12 03:10:15,133][INFO][is_hybird()] android.permission.READ_PHONE_STATE
[INTERNAL_LOG][2018-06-12 03:10:15,133][INFO][is_hybird()] android.permission.WRITE_EXTERNAL_STORAGE
[INTERNAL_LOG][2018-06-12 03:10:15,133][INFO][is_hybird()] android.permission.ACCESS_COARSE_LOCATION
[INTERNAL_LOG][2018-06-12 03:10:15,133][INFO][is_hybird()] android.permission.READ_EXTERNAL_STORAGE
[INTERNAL_LOG][2018-06-12 03:10:15,133][INFO][is_hybird()] com.android.vending.BILLING
[INTERNAL_LOG][2018-06-12 03:10:15,133][INFO][is_hybird()] android.permission.ACCESS_NETWORK_STATE
[INTERNAL_LOG][2018-06-12 03:10:15,133][INFO][is_hybird()] android.permission.INTERNET
[INTERNAL_LOG][2018-06-12 03:10:15,133][INFO][is_hybird()] android.permission.WAKE_LOCK
[INTERNAL_LOG][2018-06-12 03:10:15,133][INFO][is_hybird()] com.google.android.c2dm.permission.RECEIVE
[INTERNAL_LOG][2018-06-12 03:10:15,133][INFO][is_hybird()] com.nautilus.RealCricket3D.permission.C2D_MESSAGE
[INTERNAL_LOG][2018-06-12 03:10:15,134][INFO][is_hybird()] com.android.vending.CHECK_LICENSE
[INTERNAL_LOG][2018-06-12 03:10:15,134][INFO][is_hybird()] android.permission.VIBRATE
[INTERNAL_LOG][2018-06-12 03:10:15,134][INFO][is_hybird()] [Permission End]

[INTERNAL_LOG][2018-06-12 03:10:15,134][INFO][analyze_start()] TYPE APK: [ANDROID NATIVE]

[INTERNAL_LOG][2018-06-12 03:10:15,134][INFO][find_string()] [START FILE ANALYZE]
[INTERNAL_LOG][2018-06-12 03:10:15,134][INFO][find_string()] File: assets/js/closebutton.html
[INTERNAL_LOG][2018-06-12 03:10:15,135][INFO][find_string()] No iframe in assets/js/closebutton.html
[INTERNAL_LOG][2018-06-12 03:10:15,135][INFO][find_string()] File: js/closebutton.html
[INTERNAL_LOG][2018-06-12 03:10:15,135][INFO][find_string()] No iframe in js/closebutton.html
[INTERNAL_LOG][2018-06-12 03:10:15,135][INFO][find_string()] [END ANALYZE FILE]

[INTERNAL_LOG][2018-06-12 03:10:15,135][INFO][find_string()] [START FILE ANALYZE]
[INTERNAL_LOG][2018-06-12 03:10:15,135][INFO][find_string()] File: assets/js/mraid.js
[INTERNAL_LOG][2018-06-12 03:10:15,138][INFO][find_string()] No iframe in assets/js/mraid.js
[INTERNAL_LOG][2018-06-12 03:10:15,138][INFO][find_string()] File: js/mraid.js
[INTERNAL_LOG][2018-06-12 03:10:15,158][INFO][find_string()] No iframe in js/mraid.js
[INTERNAL_LOG][2018-06-12 03:10:15,158][INFO][find_string()] [END ANALYZE FILE]

[INTERNAL_LOG][2018-06-12 03:11:07,506][INFO][find_url_in_apk()] [START URL LOADED INSIDE LOAD FUNCTION]
[INTERNAL_LOG][2018-06-12 03:11:07,506][INFO][find_url_in_apk()] https://sdk.starbolt.io/dist/tagInterstitialAndroid.html
https://sdk.starbolt.io/dist/tagVideoAndroid.html
https://sdk.starbolt.io/dist/waterfall/waterfall.html

[INTERNAL_LOG][2018-06-12 03:11:07,506][INFO][find_url_in_apk()] [END URL LOADED INSIDE LOAD FUNCTION]
[INTERNAL_LOG][2018-06-12 03:11:08,353][INFO][find_string()] [START REMOTE FILE ANALYZE]
[INTERNAL_LOG][2018-06-12 03:11:08,353][INFO][find_string()] Remote File in: temp_html_code/html_downloaded_Real Cricket_ 18 by Nautilus Mobile - com/tagInterstitialAndroid.html
[INTERNAL_LOG][2018-06-12 03:11:08,353][INFO][find_string()] URL: https://sdk.starbolt.io/dist/tagInterstitialAndroid.html
[INTERNAL_LOG][2018-06-12 03:11:08,354][INFO][find_string()] No iframe in temp_html_code/html_downloaded_Real Cricket_ 18 by Nautilus Mobile - com/tagInterstitialAndroid.html
[INTERNAL_LOG][2018-06-12 03:11:08,354][INFO][find_string()] Remote File in: temp_html_code/html_downloaded_Real Cricket_ 18 by Nautilus Mobile - com/tagVideoAndroid.html
[INTERNAL_LOG][2018-06-12 03:11:08,354][INFO][find_string()] URL: https://sdk.starbolt.io/dist/tagVideoAndroid.html
[INTERNAL_LOG][2018-06-12 03:11:08,355][INFO][find_string()] No iframe in temp_html_code/html_downloaded_Real Cricket_ 18 by Nautilus Mobile - com/tagVideoAndroid.html
[INTERNAL_LOG][2018-06-12 03:11:08,355][INFO][find_string()] Remote File in: temp_html_code/html_downloaded_Real Cricket_ 18 by Nautilus Mobile - com/waterfall.html
[INTERNAL_LOG][2018-06-12 03:11:08,355][INFO][find_string()] URL: https://sdk.starbolt.io/dist/waterfall/waterfall.html
[INTERNAL_LOG][2018-06-12 03:11:08,356][INFO][find_string()] No iframe in temp_html_code/html_downloaded_Real Cricket_ 18 by Nautilus Mobile - com/waterfall.html
[INTERNAL_LOG][2018-06-12 03:11:08,356][INFO][find_string()] [END ANALYZE FILE]

[INTERNAL_LOG][2018-06-12 03:11:08,356][INFO][find_url_in_apk()] [START ALL URL INSIDE APK]
[INTERNAL_LOG][2018-06-12 03:11:08,356][INFO][find_url_in_apk()] http://schemas.android.com/apk/res/android
http://net.cleverjp.com/
https://graph.%s
https://graph-video.%s
https://facebook.com
http://play.google.com/store/apps/details?id=com.facebook.orca
https://pagead2.googlesyndication.com/pagead/gen_204?id=gmob-apps
https://accounts.google.com
https://www.facebook.com
https://www.googleapis.com/auth/games_lite
https://www.googleapis.com/auth/games_lite
https://www.googleapis.com/auth/games_lite
https://www.googleapis.com/auth/games
https://www.googleapis.com/auth/games
https://www.googleapis.com/auth/games
https://plus.google.com/
https://www.googleapis.com/auth/drive.file
https://www.googleapis.com/auth/drive.appdata
https://www.googleapis.com/auth/drive
https://www.googleapis.com/auth/drive.apps
https://www.googleapis.com/auth/games.firstparty
https://www.googleapis.com/auth/games.firstparty
https://pagead2.googlesyndication.com/pagead/gen_204
http://www.google.com
https://support.google.com/dfp_premium/answer/7160685#push
https://app-measurement.com/a
https://www.google.com
http://www.example.com
http://www.example.com
https://googleads.g.doubleclick.net/mads/static/mad/sdk/native/sdk-core-v40.html
https://googleads.g.doubleclick.net/mads/static/mad/sdk/native/production/sdk-core-v40-impl.js
https://googleads.g.doubleclick.net/mads/static/mad/sdk/native/mraid/v2/mraid_app_banner.js
https://googleads.g.doubleclick.net/mads/static/mad/sdk/native/mraid/v2/mraid_app_expanded_banner.js
https://googleads.g.doubleclick.net/mads/static/mad/sdk/native/mraid/v2/mraid_app_interstitial.js
https://csi.gstatic.com/csi
https://googleads.g.doubleclick.net/mads/static/mad/sdk/native/native_ads.html
https://googleads.g.doubleclick.net/mads/static/mad/sdk/native/production/native_ads.js
https://imasdk.googleapis.com/admob/sdkloader/native_video.html
https://www.google.com/dfp/linkDevice
https://www.google.com/dfp/inAppPreview
https://www.google.com/dfp/debugSignals
https://www.google.com/dfp/sendDebugData
http://i.w.inmobi.com/showad.asm
https://sdktm.w.inmobi.com/sdkpubreq
https://www.supersonicads.com/mobile/sdk5/log?method=
https://www.supersonicads.com/mobile/sdk5/log?method=
https://www.supersonicads.com/mobile/sdk5/log?method=
https://www.supersonicads.com/mobile/sdk5/log?method=
https://www.supersonicads.com/mobile/sdk5/log?method=
https://www.supersonicads.com/mobile/sdk5/log?method=
https://www.supersonicads.com/mobile/sdk5/log?method=
https://www.supersonicads.com/mobile/sdk5/log?method=
https://www.supersonicads.com/mobile/sdk5/log?method=extraParametersToJson
https://www.supersonicads.com/mobile/sdk5/log?method=noProductType
https://www.supersonicads.com/mobile/sdk5/log?method=encodeAppUserId
https://www.supersonicads.com/mobile/sdk5/log?method=encodeAppKey
https://www.supersonicads.com/mobile/sdk5/log?method=setWebViewSettings
https://www.supersonicads.com/mobile/sdk5/log?method=webviewLoadBlank
https://www.supersonicads.com/mobile/sdk5/log?method=webviewLoadWithPath
https://www.supersonicads.com/mobile/sdk5/log?method=htmlControllerDoesNotExistOnFileSystem
https://www.supersonicads.com/mobile/sdk5/log?method=webviewPause
https://www.supersonicads.com/mobile/sdk5/log?method=webviewResume
https://devices.starbolt.io/
https://sdk.starbolt.io/dist/tagBanner.html
https://sdk.starbolt.io/dist/tagBanner.html
https://sdk.starbolt.io/dist/tagInterstitialAndroid.html
https://sdk.starbolt.io/dist/tagVideoAndroid.html
https://sdk.starbolt.io/dist/waterfall/waterfall.html
https://sdk.starbolt.io/
https://sdk.starbolt.io/
https://sdk.starbolt.io/
https://play.google.com/
https://play.google.com/
https://twitter.com/%s/status/%s
https://www.mopub.com/optout/
https://www.mopub.com/optout/
https://vdo.pokkt.com/api/
https://vdo.pokkt.com/api/
https://vdo.pokkt.com/api/
https://vdo.pokkt.com/api/
https://vdo.pokkt.com/api/
https://vdo.pokkt.com/api/
https://vdo.pokkt.com/api/
https://vdo.pokkt.com/api/
https://vdo.pokkt.com/api/
https://vdo.pokkt.com/api/
https://testplay.pokkt.com/api/
https://testplay.pokkt.com/api/
https://testplay.pokkt.com/api/
https://testplay.pokkt.com/api/
https://testplay.pokkt.com/api/
https://testplay.pokkt.com/api/
https://testplay.pokkt.com/api/
https://testplay.pokkt.com/api/
https://testplay.pokkt.com/api/
https://testplay.pokkt.com/api/
https://rpc.tapjoy.com/
https://rpc.tapjoy.com/
https://connect.tapjoy.com/
https://connect.tapjoy.com/
https://ws.tapjoyads.com/
https://ws.tapjoyads.com/
https://ws.tapjoyads.com/
https://api.vungle.com/
https://ads.api.vungle.com/config
https://sdk.youappi.com
https://sdk.youappi.com
https://www.youtube.com/playlist?list=
https://www.youtube.com/playlist?list=
https://www.youtube.com/channel/
https://www.youtube.com/channel/
https://www.youtube.com/watch?v=
https://www.youtube.com/watch?v=
https://www.youtube.com/user/
https://www.youtube.com/user/
http://play.google.com/store/apps/details
http://schemas.android.com/apk/lib/com.inmobi.ads
http://schemas.android.com/apk/lib/com.inmobi.ads
https://i.l.inmobicdn.net/sdk/sdk/500/android/mraid.js
http://config.inmobi.com/config-server/v1/config/secure.cfg
http://www.inmobi.com/products/sdk/#downloads
https://sdkm.w.inmobi.com/metrics/e.asm?v=1&
https://www.facebook.com/dialog/feed?app_id=181821551957328&link=
https://m.google.com/app/plus/x/?v=compose&content=
http://twitter.com/home?status=
http://dock.inmobi.com/carb/v1/i
http://dock.inmobi.com/carb/v1/o
https://sdkm.w.inmobi.com/user/e.asm
https://mobile-static.adsafeprotected.com/avid-v2.js
https://track.atom-data.io
https://track.atom-data.io
https://track.atom-data.io
https://outcome.supersonicads.com/mediation/
https://outcome.supersonicads.com/mediation/
https://mobilelogs.supersonic.com
https://mobilelogs.supersonic.com
https://init.supersonicads.com/sdk/v
https://www.supersonicads.com/mobile/sdk5/log?method=injectJavaScript
https://z.moatads.com/
https://z.moatads.com/
https://z.moatads.com/
https://z.moatads.com/
https://px.moatads.com/pixel.gif?e=0&i=MOATSDK1&ac=1
http://schemas.android.com/apk/lib/com.mobfox.sdk
https://sdk.starbolt.io/waterfalls.json
https://dmp.starbolt.io/logger.json
http://sdk-logs.matomy.com:12201/gelf
http://sdk-logs.matomy.com:12201/gelf
http://creative1cdn.mobfox.com/mftext/80x80/315C93/fff&text=MobFoxTestAd
http://creative1cdn.mobfox.com/mftext/1200x627/315C93/fff&text=MobFoxTestAd
http://www.shsh.com
http://analytics.rayjump.com
http://net.rayjump.com
http://setting.rayjump.com
http://detect.rayjump.com/mapi/find
http://detect.rayjump.com/mapi/result
https://analytics.mopub.com/i/jot/exchange_client_event
https://www.mopub.com/optout
https://vdo.pokkt.com/video-js-4.12
http://vdo.pokkt.com/video-js-4.12
https://ads.scorecardresearch.com/p?c1=3&c2=[ClientId]&c3=[CampaignId]&c4=[CreativeId]&c5=[PlacementId]&c6=&c10=1&c11=&c13=&c16=pokkt&cj=1&ax_fwd=1&vce4v=1
https://ads.scorecardresearch.com/p?c1=3&c2=[ClientId]&c3=[CampaignId]&c4=[CreativeId]&c5=[PlacementId]&c6=&c10=1&c11=&c13=&c16=pokkt&cj=1&ax_fwd=1&vce4v=1&ax_vevent=firstQuartile
https://ads.scorecardresearch.com/p?c1=3&c2=[ClientId]&c3=[CampaignId]&c4=[CreativeId]&c5=[PlacementId]&c6=&c10=1&c11=&c13=&c16=pokkt&cj=1&ax_fwd=1&vce4v=1&ax_vevent=midpoint
https://ads.scorecardresearch.com/p?c1=3&c2=[ClientId]&c3=[CampaignId]&c4=[CreativeId]&c5=[PlacementId]&c6=&c10=1&c11=&c13=&c16=pokkt&cj=1&ax_fwd=1&vce4v=1&ax_vevent=thirdQuartile
https://ads.scorecardresearch.com/p?c1=3&c2=[ClientId]&c3=[CampaignId]&c4=[CreativeId]&c5=[PlacementId]&c6=&c10=1&c11=&c13=&c16=pokkt&cj=1&ax_fwd=1&vce4v=1&ax_vevent=complete
https://ads.scorecardresearch.com/p?c1=3&c2=[ClientId]&c3=[CampaignId]&c4=[CreativeId]&c5=[PlacementId]&c6=&c10=1&c11=&c13=&c16=pokkt&cj=1&ax_fwd=1&vce4v=1&ax_vevent=mute
https://ads.scorecardresearch.com/p?c1=3&c2=[ClientId]&c3=[CampaignId]&c4=[CreativeId]&c5=[PlacementId]&c6=&c10=1&c11=&c13=&c16=pokkt&cj=1&ax_fwd=1&vce4v=1&ax_vevent=unmute
https://ads.scorecardresearch.com/p?c1=3&c2=[ClientId]&c3=[CampaignId]&c4=[CreativeId]&c5=[PlacementId]&c6=&c10=1&c11=&c13=&c16=pokkt&cj=1&ax_fwd=1&vce4v=1&ax_vevent=pause
https://ads.scorecardresearch.com/p?c1=3&c2=[ClientId]&c3=[CampaignId]&c4=[CreativeId]&c5=[PlacementId]&c6=&c10=1&c11=&c13=&c16=pokkt&cj=1&ax_fwd=1&vce4v=1&ax_vevent=skip
https://ads.scorecardresearch.com/p?c1=3&c2=[ClientId]&c3=[CampaignId]&c4=[CreativeId]&c5=[PlacementId]&c6=&c10=1&c11=&c13=&c16=pokkt&cj=1&ax_fwd=1&vce4v=1&ax_vevent=resume
https://vdo.pokkt.com/api/AdNetworksV2?
http://www.pokkt.com
http://play.google.com/store/apps/details?id=
https://placements.tapjoy.com/
https://config.unityads.unity3d.com/webview/
https://www.vungle.com/privacy/
https://www.vungle.com/privacy/
http://lol.vungle.com/
http://sdk.stub.youappi.com
https://stgsdk.youappi.com
https://qa1sdk.youappi.com
http://localhost/
http://localhost/
http://localhost/

[INTERNAL_LOG][2018-06-12 03:11:08,356][INFO][find_url_in_apk()] [END ALL URL INSIDE APK]
[INTERNAL_LOG][2018-06-12 03:11:08,370][INFO][check_method_conf()] [JavaScript enabled: True]

[INTERNAL_LOG][2018-06-12 03:11:08,371][INFO][check_method_conf()] [Add interface WebView: True]

[INTERNAL_LOG][2018-06-12 03:11:08,371][INFO][analyze_start()] This app might be not vulnerable on  attack frame confusion.
[INTERNAL_LOG][2018-06-12 03:11:08,371][INFO][analyze_start()] End time:[Tue Jun 12 03:11:08 2018]
