[INTERNAL_LOG][2018-06-12 02:36:23,672][INFO][analyze_start()] Init Time [Tue Jun 12 02:36:23 2018]
[INTERNAL_LOG][2018-06-12 02:36:23,730][INFO][run()] Start Analysis
[INTERNAL_LOG][2018-06-12 02:36:23,732][INFO][is_hybird()] [Permission Enble Start]
[INTERNAL_LOG][2018-06-12 02:36:23,732][INFO][is_hybird()] android.permission.AUTHENTICATE_ACCOUNTS
[INTERNAL_LOG][2018-06-12 02:36:23,732][INFO][is_hybird()] android.permission.WRITE_SYNC_SETTINGS
[INTERNAL_LOG][2018-06-12 02:36:23,732][INFO][is_hybird()] android.permission.INTERNET
[INTERNAL_LOG][2018-06-12 02:36:23,732][INFO][is_hybird()] android.permission.ACCESS_NETWORK_STATE
[INTERNAL_LOG][2018-06-12 02:36:23,732][INFO][is_hybird()] com.google.android.c2dm.permission.RECEIVE
[INTERNAL_LOG][2018-06-12 02:36:23,732][INFO][is_hybird()] android.permission.WAKE_LOCK
[INTERNAL_LOG][2018-06-12 02:36:23,732][INFO][is_hybird()] android.permission.GET_ACCOUNTS
[INTERNAL_LOG][2018-06-12 02:36:23,732][INFO][is_hybird()] android.permission.READ_PHONE_STATE
[INTERNAL_LOG][2018-06-12 02:36:23,732][INFO][is_hybird()] com.google.android.providers.gsf.permission.READ_GSERVICES
[INTERNAL_LOG][2018-06-12 02:36:23,732][INFO][is_hybird()] com.freecharge.android.permission.C2D_MESSAGE
[INTERNAL_LOG][2018-06-12 02:36:23,732][INFO][is_hybird()] android.permission.RECEIVE_BOOT_COMPLETED
[INTERNAL_LOG][2018-06-12 02:36:23,732][INFO][is_hybird()] android.permission.SYSTEM_ALERT_WINDOW
[INTERNAL_LOG][2018-06-12 02:36:23,732][INFO][is_hybird()] android.permission.MANAGE_ACCOUNTS
[INTERNAL_LOG][2018-06-12 02:36:23,732][INFO][is_hybird()] android.permission.WRITE_INTERNAL_STORAGE
[INTERNAL_LOG][2018-06-12 02:36:23,732][INFO][is_hybird()] android.permission.CAMERA
[INTERNAL_LOG][2018-06-12 02:36:23,732][INFO][is_hybird()] android.permission.FLASHLIGHT
[INTERNAL_LOG][2018-06-12 02:36:23,732][INFO][is_hybird()] android.permission.WRITE_EXTERNAL_STORAGE
[INTERNAL_LOG][2018-06-12 02:36:23,732][INFO][is_hybird()] android.permission.WRITE_CONTACTS
[INTERNAL_LOG][2018-06-12 02:36:23,733][INFO][is_hybird()] android.permission.READ_CONTACTS
[INTERNAL_LOG][2018-06-12 02:36:23,733][INFO][is_hybird()] android.permission.GET_ACCOUNTS
[INTERNAL_LOG][2018-06-12 02:36:23,733][INFO][is_hybird()] android.permission.READ_PHONE_STATE
[INTERNAL_LOG][2018-06-12 02:36:23,733][INFO][is_hybird()] android.permission.ACCESS_FINE_LOCATION
[INTERNAL_LOG][2018-06-12 02:36:23,733][INFO][is_hybird()] android.permission.READ_SMS
[INTERNAL_LOG][2018-06-12 02:36:23,733][INFO][is_hybird()] android.permission.SEND_SMS
[INTERNAL_LOG][2018-06-12 02:36:23,733][INFO][is_hybird()] android.permission.RECEIVE_SMS
[INTERNAL_LOG][2018-06-12 02:36:23,733][INFO][is_hybird()] android.permission.WRITE_EXTERNAL_STORAGE
[INTERNAL_LOG][2018-06-12 02:36:23,733][INFO][is_hybird()] android.permission.RECORD_AUDIO
[INTERNAL_LOG][2018-06-12 02:36:23,733][INFO][is_hybird()] android.permission.MODIFY_AUDIO_SETTINGS
[INTERNAL_LOG][2018-06-12 02:36:23,733][INFO][is_hybird()] android.permission.ACCESS_WIFI_STATE
[INTERNAL_LOG][2018-06-12 02:36:23,733][INFO][is_hybird()] com.freecharge.android.MAPS_RECEIVE
[INTERNAL_LOG][2018-06-12 02:36:23,733][INFO][is_hybird()] android.permission.CHANGE_WIFI_STATE
[INTERNAL_LOG][2018-06-12 02:36:23,733][INFO][is_hybird()] android.permission.ACCESS_COARSE_LOCATION
[INTERNAL_LOG][2018-06-12 02:36:23,733][INFO][is_hybird()] android.permission.CHANGE_NETWORK_STATE
[INTERNAL_LOG][2018-06-12 02:36:23,733][INFO][is_hybird()] [Permission End]

[INTERNAL_LOG][2018-06-12 02:36:23,733][INFO][analyze_start()] TYPE APK: [ANDROID NATIVE]

[INTERNAL_LOG][2018-06-12 02:36:23,733][INFO][find_string()] [START FILE ANALYZE]
[INTERNAL_LOG][2018-06-12 02:36:23,733][INFO][find_string()] File: assets/index.html
[INTERNAL_LOG][2018-06-12 02:36:23,761][INFO][find_string()] No iframe in assets/index.html
[INTERNAL_LOG][2018-06-12 02:36:23,762][INFO][find_string()] File: assets/juspay/acs_blank.html
[INTERNAL_LOG][2018-06-12 02:36:23,764][INFO][find_string()] No iframe in assets/juspay/acs_blank.html
[INTERNAL_LOG][2018-06-12 02:36:23,764][INFO][find_string()] File: assets/production_index.html
[INTERNAL_LOG][2018-06-12 02:36:23,765][INFO][find_string()] No iframe in assets/production_index.html
[INTERNAL_LOG][2018-06-12 02:36:23,765][INFO][find_string()] File: assets/qa.html
[INTERNAL_LOG][2018-06-12 02:36:23,766][INFO][find_string()] No iframe in assets/qa.html
[INTERNAL_LOG][2018-06-12 02:36:23,766][INFO][find_string()] [END ANALYZE FILE]

[INTERNAL_LOG][2018-06-12 02:36:23,766][INFO][find_string()] [START FILE ANALYZE]
[INTERNAL_LOG][2018-06-12 02:36:23,766][INFO][find_string()] [END ANALYZE FILE]

[INTERNAL_LOG][2018-06-12 02:37:05,601][INFO][find_url_in_apk()] [START URL LOADED INSIDE LOAD FUNCTION]
[INTERNAL_LOG][2018-06-12 02:37:05,601][INFO][find_url_in_apk()] https://www.freecharge.in
https://www.freecharge.in
https://www.freecharge.in
https://www.freecharge.in/captcha/regenerate.htm
https://www.freecharge.in/captcha/regenerate.htm
https://offers.freecharge.in/helpgif/helpgif.gif
https://www.freecharge.in/mobile/webview/mf/reliance/redirect
https://www.freecharge.in/mobile/webview/mf/reliance/existinguser

[INTERNAL_LOG][2018-06-12 02:37:05,601][INFO][find_url_in_apk()] [END URL LOADED INSIDE LOAD FUNCTION]
[INTERNAL_LOG][2018-06-12 02:37:10,162][INFO][find_string()] [START REMOTE FILE ANALYZE]
[INTERNAL_LOG][2018-06-12 02:37:10,163][INFO][find_string()] Remote File in: temp_html_code/html_downloaded_Recharges_ Bill Payments_ UPI_ Mutual Funds by FreeCharge - com/www.freecharge.in
[INTERNAL_LOG][2018-06-12 02:37:10,163][INFO][find_string()] URL: https://www.freecharge.in
[INTERNAL_LOG][2018-06-12 02:37:10,165][INFO][find_string()] Found this tag <iframe height="0" src="//www.googletagmanager.com/ns.html?id=GTM-5CS7ZD" style="display:none;visibility:hidden" width="0"></iframe>
[INTERNAL_LOG][2018-06-12 02:37:10,165][INFO][find_string()] Found in file temp_html_code/html_downloaded_Recharges_ Bill Payments_ UPI_ Mutual Funds by FreeCharge - com/www.freecharge.in tag iframe , 1 times
[INTERNAL_LOG][2018-06-12 02:37:10,165][INFO][find_string()] Founded this src ['//www.googletagmanager.com/ns.html?id=GTM-5CS7ZD'] in iframe tag inside file temp_html_code/html_downloaded_Recharges_ Bill Payments_ UPI_ Mutual Funds by FreeCharge - com/www.freecharge.in
[INTERNAL_LOG][2018-06-12 02:37:10,166][INFO][find_string()] No CSP found!
[INTERNAL_LOG][2018-06-12 02:37:10,166][INFO][find_string()] Remote File in: temp_html_code/html_downloaded_Recharges_ Bill Payments_ UPI_ Mutual Funds by FreeCharge - com/regenerate.htm
[INTERNAL_LOG][2018-06-12 02:37:10,166][INFO][find_string()] URL: https://www.freecharge.in/captcha/regenerate.htm
[INTERNAL_LOG][2018-06-12 02:37:10,166][INFO][find_string()] No iframe in temp_html_code/html_downloaded_Recharges_ Bill Payments_ UPI_ Mutual Funds by FreeCharge - com/regenerate.htm
[INTERNAL_LOG][2018-06-12 02:37:10,166][INFO][find_string()] Remote File in: temp_html_code/html_downloaded_Recharges_ Bill Payments_ UPI_ Mutual Funds by FreeCharge - com/helpgif.gif
[INTERNAL_LOG][2018-06-12 02:37:10,166][INFO][find_string()] URL: https://offers.freecharge.in/helpgif/helpgif.gif
[INTERNAL_LOG][2018-06-12 02:37:10,167][ERROR][find_string()] Error unicode error 'utf-8' codec can't decode byte 0xca in position 8: invalid continuation byte
[INTERNAL_LOG][2018-06-12 02:37:10,167][INFO][find_string()] Remote File in: temp_html_code/html_downloaded_Recharges_ Bill Payments_ UPI_ Mutual Funds by FreeCharge - com/redirect
[INTERNAL_LOG][2018-06-12 02:37:10,167][INFO][find_string()] URL: https://www.freecharge.in/mobile/webview/mf/reliance/redirect
[INTERNAL_LOG][2018-06-12 02:37:10,169][INFO][find_string()] No iframe in temp_html_code/html_downloaded_Recharges_ Bill Payments_ UPI_ Mutual Funds by FreeCharge - com/redirect
[INTERNAL_LOG][2018-06-12 02:37:10,169][INFO][find_string()] Remote File in: temp_html_code/html_downloaded_Recharges_ Bill Payments_ UPI_ Mutual Funds by FreeCharge - com/existinguser
[INTERNAL_LOG][2018-06-12 02:37:10,169][INFO][find_string()] URL: https://www.freecharge.in/mobile/webview/mf/reliance/existinguser
[INTERNAL_LOG][2018-06-12 02:37:10,171][INFO][find_string()] No iframe in temp_html_code/html_downloaded_Recharges_ Bill Payments_ UPI_ Mutual Funds by FreeCharge - com/existinguser
[INTERNAL_LOG][2018-06-12 02:37:10,171][INFO][find_string()] [END ANALYZE FILE]

[INTERNAL_LOG][2018-06-12 02:37:10,171][INFO][find_url_in_apk()] [START ALL URL INSIDE APK]
[INTERNAL_LOG][2018-06-12 02:37:10,171][INFO][find_url_in_apk()] http://schemas.android.com/apk/res/android
http://schemas.android.com/apk/res/android
http://c00.adobe.com/v3/
https://e-ssl.apsalar.com/api/v1/event
https://e-ssl.apsalar.com/api/v1/event
https://e-ssl.apsalar.com/api/v1/event
https://e-ssl.apsalar.com/api/v1/event
https://e-ssl.apsalar.com/api/v1/event
https://e-ssl.apsalar.com/api/v1/event
https://e-ssl.apsalar.com/api/v1/resolve
https://e-ssl.apsalar.com/api/v1/start
https://logs.juspay.in/godel/analytics
http://static.wizrocket.com/android/ico//
https://wzrkt.com/a1?os=Android&t=
http://xmlpull.org/v1/doc/features.html#indent-output
http://xmlpull.org/v1/doc/features.html#indent-output
https://graph.%s
https://graph-video.%s
https://facebook.com
https://facebook.com/device?user_code=%1$s&qr=1
http://play.google.com/store/apps/details?id=com.facebook.orca
https://www.freecharge.in/rest/app/version
https://www.freecharge.in/rest/app/version
https://www.freecharge.in/smsservice/sms/senders/v2/ext
https://www.freecharge.in/smsservice/sms/senders/v2/ext
https://www.freecharge.in/app/appmenu
https://www.freecharge.in/app/appmenu
https://www.freecharge.in/rest/fcwallet/v1/seed/get
https://www.freecharge.in/rest/fcwallet/v1/seed/get
https://www.freecharge.in/rest/fcwallet/v1/seed/get
https://www.freecharge.in/rest/fcwallet/v1/seed/get
https://www.freecharge.in/rest/fcwallet/v1/seed/get
https://www.freecharge.in/rest/fcwallet/v1/seed/get
https://www.freecharge.in/rest/fcwallet/v1/counter/get
https://www.freecharge.in/rest/fcwallet/v1/counter/get
https://www.freecharge.in/api/v3/identity/merchant/user/is-verified
https://www.freecharge.in/api/v3/identity/merchant/user/is-verified
https://www.freecharge.in
https://www.freecharge.in
https://www.freecharge.in
https://www.freecharge.in
https://www.freecharge.in
https://www.freecharge.in
https://www.freecharge.in
https://www.freecharge.in
https://www.freecharge.in
https://www.freecharge.in
https://www.freecharge.in
https://www.freecharge.in
https://www.freecharge.in
https://www.freecharge.in
https://www.freecharge.in
https://www.freecharge.in
https://www.freecharge.in
https://www.freecharge.in/rest/users/{emailid}/rechargedetails
https://www.freecharge.in/rest/users/{emailid}/rechargedetails
https://www.freecharge.in/rest/users/{emailid}/balance
https://www.freecharge.in/rest/users/{emailid}/balance
https://www.freecharge.in/rest/users/{emailid}/balance
https://www.freecharge.in/rest/users/{emailid}/balance
https://www.freecharge.in/rest/category/Bill
https://www.freecharge.in/rest/payment/iciciqc
https://www.freecharge.in/rest/payment/iciciqc
https://mobileapps.freecharge.com/ccs
https://www.freecharge.in/rest/payment/failure/reason
https://www.freecharge.in/rest/payment/failure/reason
https://www.freecharge.in/rest/operators/Bill
https://www.freecharge.in/rest/operators/Bill
https://www.freecharge.in/rest/operators/Bill
https://www.freecharge.in/rest/operators/Bill
https://www.freecharge.in/rest/is-logged-in
https://www.freecharge.in/rest/is-logged-in
https://www.freecharge.in/rest/user/preference/insertOrUpdate
https://www.freecharge.in/rest/user/preference/insertOrUpdate
https://www.freecharge.in/smsservice/sms/data/post/v2
https://www.freecharge.in/smsservice/sms/data/post/v2
https://www.freecharge.in/smsservice/sms/data/post/v2
https://www.freecharge.in/rest/bill/postpaid/billerType/operator/{operatorId}/mobile/{serviceNumber}
https://www.freecharge.in/rest/bill/postpaid/billerType/operator/{operatorId}/mobile/{serviceNumber}
https://www.freecharge.in/rest/bill/postpaid/billerType/operator/{operatorId}/mobile/{serviceNumber}
https://www.freecharge.in/rest/bill/postpaid/billerType/operator/{operatorId}/mobile/{serviceNumber}
https://www.freecharge.in/rest/bill/postpaid/billerType/operator/{operatorId}/mobile/{serviceNumber}
https://www.freecharge.in/rest/recharge/autopay/v2/createSchedule
https://www.freecharge.in/rest/recharge/autopay/v2/createSchedule
https://www.freecharge.in/rest/recharge/autopay/v2/createSchedule
https://dmx246cm6p7k8.cloudfront.net/content/
https://dmx246cm6p7k8.cloudfront.net/content/
https://dmx246cm6p7k8.cloudfront.net/content/
https://dmx246cm6p7k8.cloudfront.net/content/
https://dmx246cm6p7k8.cloudfront.net/content/
https://dmx246cm6p7k8.cloudfront.net/content/
https://dmx246cm6p7k8.cloudfront.net/content/
https://dmx246cm6p7k8.cloudfront.net/content/
https://ext-dev6-dev.freecharge.in
https://ext-qamobile4-aws1.freecharge.in
https://account-beta.freecharge.in
https://www.freecharge.in/app/aboutus.htm
https://www.freecharge.in/app/aboutus.htm
https://www.freecharge.in/app/aboutus.htm
https://www.freecharge.in/app/termsandconditions.htm
https://www.freecharge.in/app/termsandconditions.htm
https://www.freecharge.in/app/termsandconditions.htm
https://www.freecharge.in/app/termsandconditions.htm
https://www.freecharge.in/rest/v2/logout
https://www.freecharge.in/rest/v2/logout
https://www.freecharge.in/rest/v2/logout
https://www.freecharge.in/rest/v2/logout
https://www.freecharge.in/api/v3/identity/merchant/fetch/merchant/details
https://www.freecharge.in/api/v3/identity/merchant/fetch/merchant/details
https://www.freecharge.in/api/v3/identity/merchant/fetch/merchant/details
https://www.freecharge.in/api/v3/identity/merchant/fetch/merchant/details
https://www.freecharge.in/api/v3/identity/merchant/fetch/merchant/details
https://www.freecharge.in/api/v3/identity/merchant/fetch/merchant/details
https://www.freecharge.in/user/address/v1/deleteaddress
https://www.freecharge.in/user/address/v1/deleteaddress
https://www.freecharge.in/rest/fcwallet/v1/cards/delete
https://www.freecharge.in/rest/fcwallet/v1/cards/delete
https://www.freecharge.in/user/address/v1/getaddresses
https://www.freecharge.in/user/address/v1/getaddresses
https://www.freecharge.in/rest/fcwallet/v1/bank/getaccounts
https://www.freecharge.in/rest/fcwallet/v1/bank/getaccounts
https://www.freecharge.in/rest/fcwallet/v1/bank/getaccounts
https://www.freecharge.in/rest/fcwallet/v1/bank/getaccounts
https://www.freecharge.in/rest/fcwallet/v1/cards/list
https://www.freecharge.in/rest/fcwallet/v1/cards/list
https://www.freecharge.in/rest/fcwallet/v1/cards/list
https://www.freecharge.in/rest/fcwallet/v1/cards/list
https://www.freecharge.in/rest/fcwallet/v1/getbalance
https://www.freecharge.in/rest/fcwallet/v1/getbalance
https://www.freecharge.in/rest/fcwallet/v1/getbalance
https://www.freecharge.in/rest/fcwallet/v1/getbalance
https://www.freecharge.in/rest/fcwallet/v1/getbalance
https://www.freecharge.in/rest/fcwallet/v1/getbalance
http://support.freecharge.in/support/solutions/folders/4000013576
http://support.freecharge.in/support/solutions/articles/4000062091
https://www.freecharge.in/campaign-service/external/offers/getByOfferId?offerId=
https://www.freecharge.in/rest/fcwallet/v1/bank/addaccount
https://www.freecharge.in/rest/fcwallet/v1/bank/addaccount
https://www.freecharge.in/rest/fcwallet/v1/bank/updateaccount
https://www.freecharge.in/rest/fcwallet/v1/bank/updateaccount
https://www.freecharge.in/user/address/v1/addaddress
https://www.freecharge.in/user/address/v1/addaddress
https://www.freecharge.in/rest/circles/Bill
https://www.freecharge.in/rest/bill/billDetails
https://www.freecharge.in/api/v3/identity/change/user/password
https://www.freecharge.in/api/v3/identity/change/user/password
https://www.freecharge.in/payment/handleklickpayresponse
https://www.freecharge.in/payment/handleklickpayresponse
https://www.freecharge.in/payment/handleklickpayresponse
https://www.freecharge.in/payment/handleklickpayresponse
https://www.freecharge.in/payment/handleklickpayresponse
https://www.freecharge.in/rest/payment/resendotp
https://www.freecharge.in/rest/payment/resendotp
https://www.freecharge.in/rest/payment/creditCard
https://www.freecharge.in/rest/payment/creditCard
https://www.freecharge.in/rest/payment/creditCard
https://www.freecharge.in/rest/payment/debitCard
https://www.freecharge.in/rest/payment/debitCard
https://www.freecharge.in/rest/payment/debitCard
https://www.freecharge.in/rest/payment/debitCard
https://www.freecharge.in/rest/payment/debitCard
https://www.freecharge.in/rest/payment/card/issuingbank/status
https://www.freecharge.in/rest/payment/card/issuingbank/status
https://www.freecharge.in/rest/payment/card/issuingbank/status
https://www.freecharge.in/rest/payment/card/issuingbank/status
https://www.freecharge.in/payment/fcwallet/v1/validate/promocode
https://www.freecharge.in/payment/fcwallet/v1/validate/promocode
https://www.freecharge.in/payment/fcwallet/v1/validate/promocode
https://www.freecharge.in/payment/fcwallet/v1/validate/promocode
https://www.freecharge.in/payment/fcwallet/v1/validate/promocode
https://www.freecharge.in/payment/fcwallet/v1/validate/promocode
https://www.freecharge.in/payment/fcwallet/v2/addmoney/init
https://www.freecharge.in/payment/fcwallet/v2/addmoney/init
https://www.freecharge.in/payment/fcwallet/v2/addmoney/init
https://www.freecharge.in/payment/fcwallet/v2/addmoney/init
https://www.freecharge.in/payment/fcwallet/v2/addmoney/init
https://www.freecharge.in/payment/fcwallet/v2/addmoney/init
https://api.freecharge.in/donation/donate
https://api.freecharge.in/donation/merchants
https://api.freecharge.in/donation/merchants
https://www.freecharge.in/api/v2/identity/update/user/name
https://www.freecharge.in/api/v2/identity/update/user/name
https://www.freecharge.in/api/v3/identity/merchant/create/merchant
https://www.freecharge.in/api/v3/identity/merchant/create/merchant
https://www.freecharge.in/api/v3/identity/merchant/create/merchant
https://www.freecharge.in/api/v3/identity/merchant/edit/lat/long
https://www.freecharge.in/api/v3/identity/merchant/add/merchant/bank/details
https://www.freecharge.in/api/v3/identity/merchant/add/merchant/bank/details
https://www.freecharge.in/api/v3/identity/merchant/add/merchant/bank/details
https://www.freecharge.in/api/v3/identity/merchant/add/merchant/bank/details
https://www.freecharge.in/api/v3/identity/merchant/edit/merchant/bank/details
https://www.freecharge.in/api/v3/identity/merchant/edit/merchant/bank/details
https://www.freecharge.in/api/v3/identity/merchant/edit/merchant/bank/details
https://www.freecharge.in/api/v3/identity/merchant/edit/merchant/address
https://www.freecharge.in/api/v3/identity/merchant/edit/merchant/address
https://www.freecharge.in/mobile/webview/p2ptnc
https://www.freecharge.in/mobile/webview/p2ptnc
https://www.freecharge.in/api/v3/identity/location/fetch/all/categories
https://www.freecharge.in/api/v3/identity/location/fetch/all/categories
https://www.freecharge.in/api/v3/identity/location/fetch/all/categories
https://www.freecharge.in/api/v3/identity/location/fetch/all/categories
https://www.freecharge.in/api/v3/identity/merchant/paytag/exists
https://www.freecharge.in/api/v3/identity/merchant/edit/merchant/meta/info
https://www.freecharge.in/api/v3/identity/merchant/link/user
https://www.freecharge.in/api/v3/identity/merchant/link/user
https://www.freecharge.in/api/v2/identity/otp/resend
https://www.freecharge.in/api/v2/identity/otp/resend
https://www.freecharge.in/api/v2/identity/otp/resend
https://www.freecharge.in/api/v2/identity/otp/resend
https://www.freecharge.in/api/v2/identity/otp/resend
https://www.freecharge.in/captcha/regenerate.htm
https://www.freecharge.in/captcha/regenerate.htm
https://www.freecharge.in/promocode/new/apply
https://www.freecharge.in/promocode/new/apply
https://www.freecharge.in/promocode/new/apply
https://www.freecharge.in/promocode/new/apply
https://www.freecharge.in/api/v3/identity/views/getUnsettledAmount
https://www.freecharge.in/api/v3/identity/views/getUnsettledAmount
https://www.freecharge.in/api/v3/identity/merchant/get/merchant/kyc/status
https://www.freecharge.in/api/v3/identity/merchant/get/merchant/kyc/status
https://www.freecharge.in/api/v3/identity/merchant/get/document/url
https://www.freecharge.in/api/v3/identity/merchant/get/document/url
https://www.freecharge.in/api/v3/identity/merchant/get/document/url
https://www.freecharge.in/api/v3/identity/merchant/get/communication/mobile/numbers
https://www.freecharge.in/api/v3/identity/merchant/get/communication/mobile/numbers
https://www.freecharge.in/api/v3/identity/merchant/update/merchant/communication/info
https://www.freecharge.in/api/v3/identity/merchant/update/merchant/communication/info
https://www.freecharge.in/api/v3/identity/merchant/update/merchant/communication/info
https://www.freecharge.in/api/v3/identity/merchant/update/merchant/communication/info
https://www.freecharge.in/api/v3/identity/location/get/city/state/from/pin
https://www.freecharge.in/api/v3/identity/location/get/city/state/from/pin
https://www.freecharge.in/api/v3/identity/location/get/city/state/from/pin
https://www.freecharge.in/api/v3/identity/merchant/upload/docs
https://www.freecharge.in/api/v3/identity/merchant/upload/docs
https://www.freecharge.in/api/v3/identity/merchant/upload/docs
https://www.freecharge.in/api/v3/identity/merchant/update/merchant/address
https://www.freecharge.in/api/v3/identity/merchant/update/merchant/address
https://www.freecharge.in/api/v3/identity/merchant/get/merchant/qr/code
https://www.freecharge.in/api/v3/identity/merchant/get/merchant/qr/code
https://www.freecharge.in/api/v3/identity/merchant/update/merchant/qr/code
https://www.freecharge.in/api/v3/identity/merchant/update/merchant/qr/code
https://www.freecharge.in/api/v3/identity/merchant/create/qr/code
https://www.freecharge.in/api/v3/identity/merchant/create/qr/code
https://www.freecharge.in/api/v3/identity/merchant/email/qr/code
https://www.freecharge.in/api/v3/identity/merchant/email/qr/code
https://www.freecharge.in/api/v3/identity/views/getMerchantsViewSearch
https://www.freecharge.in/api/v3/identity/views/getMerchantsViewSearch
https://www.freecharge.in/api/v3/identity/views/getMerchantsViewSearch
https://www.freecharge.in/api/v3/identity/views/getMerchantsViewSearch
https://www.freecharge.in/api/v3/identity/views/getMerchantsViewSearch
https://www.freecharge.in/mobile/webview/merchants?fcAppType=android&fcChannel=3&fcversion=
https://www.freecharge.in/mobile/webview/merchants?fcAppType=android&fcChannel=3&fcversion=
https://www.freecharge.in/rest/payment/bank/netBanking/status
https://www.freecharge.in/rest/payment/bank/netBanking/status
https://www.freecharge.in/rest/payment/netBanking
https://www.freecharge.in/rest/payment/netBanking
https://www.freecharge.in/rest/payment/netBanking
https://www.freecharge.in/payment/pay
https://www.freecharge.in/api/v2/identity/otp/send
https://www.freecharge.in/api/v2/identity/otp/send
https://www.freecharge.in/api/v2/identity/otp/send
https://www.freecharge.in/api/v3/identity/create/user/email
https://www.freecharge.in/api/v3/identity/create/user/email
https://www.freecharge.in/api/v3/identity/create/user/email
https://www.freecharge.in/api/v3/identity/create/user/email
https://www.freecharge.in/api/v3/identity/create/user/email
https://www.freecharge.in/api/v3/identity/create/user/email
https://www.freecharge.in/api/v3/identity/create/user/email
https://www.freecharge.in/api/v3/identity/upgrade/user
https://www.freecharge.in/api/v3/identity/upgrade/user
https://www.freecharge.in/api/v2/identity/verify/user/mobile
https://www.freecharge.in/api/v2/identity/verify/user/mobile
https://www.freecharge.in/api/v2/identity/verify/user/mobile
https://www.freecharge.in/api/v2/identity/users/mobileOnly/verify
https://www.freecharge.in/api/v2/identity/users/mobileOnly/verify
https://www.freecharge.in/api/v2/identity/users/mobileOnly/verify
https://api.klickpay.in/account/v1/payment/getofflinemerchants
https://api.klickpay.in/account/v1/payment/getofflinemerchants
https://www.freecharge.in/promocodeservice/promocode/applypromo
https://www.freecharge.in/promocodeservice/promocode/applypromo
https://www.freecharge.in/rest/payment/{lookupid}/allowable_pg_list/add_cash
https://www.freecharge.in/rest/payment/{lookupid}/allowable_pg_list/add_cash
https://www.freecharge.in/promocodeservice/promocode/deletepromo
https://www.freecharge.in/promocodeservice/promocode/deletepromo
https://www.freecharge.in/api/v3/identity/merchant/getMerchantInfoByPayTag
https://www.freecharge.in/api/v3/identity/merchant/getMerchantInfoByPayTag
https://www.freecharge.in/api/v3/identity/location/get/alike/merchants/info
https://www.freecharge.in/api/v3/identity/location/fetch/alike/merchants
https://www.freecharge.in/api/v3/identity/location/get/merchants/paytag
https://www.freecharge.in/api/v3/identity/merchant/get/paytag/for/qr/code
https://www.freecharge.in/api/v3/identity/merchant/get/paytag/for/qr/code
https://offers.freecharge.in/helpgif/helpgif.gif
https://www.freecharge.in/rest/userTransaction/v2/transactiondetails
https://www.freecharge.in/rest/userTransaction/v2/transactiondetails
https://www.freecharge.in/rest/fcwallet/v1/user/transactiondetails
https://www.freecharge.in/rest/fcwallet/v1/user/transactiondetails
https://www.freecharge.in/rest/fcwallet/v1/user/transactiondetails
https://www.freecharge.in/rest/payment/fcUpi
https://www.freecharge.in/rest/payment/fcUpi
http://support.freecharge.in/support/solutions/articles/4000062083-i-am-unable-to-withdraw-money-from-my-account-what-do-i-do-
https://www.freecharge.in/rest/fcwallet/v1/getWithdrawFeeDetails
https://www.freecharge.in/rest/fcwallet/v1/getWithdrawFeeDetails
https://www.freecharge.in/rest/fcwallet/v1/getWithdrawFeeDetails?amount=
https://www.freecharge.in/rest/fcwallet/v1/verifyandwithdraw
https://www.freecharge.in/rest/fcwallet/v1/verifyandwithdraw
http://support.freecharge.in/support/solutions/articles/4000062083
https://www.freecharge.in/rest/fcwallet/v1/storeBankDetailsToEncashCredit
https://www.freecharge.in/rest/fcwallet/v1/storeBankDetailsToEncashCredit
https://www.freecharge.in/rest/fcwallet/v1/storeBankDetailsToEncashCredit
https://www.freecharge.in/rest/fcwallet/v1/storeBankDetailsToEncashCredit
https://www.freecharge.in/mobile/webview/mycoupons?sortOrder=true&fcAppType=android&fcChannel=3&fcversion=
http://support.freecharge.in/support/solutions/folders/4000022989
https://dmx246cm6p7k8.cloudfront.net/content/images/circular-operator-logos/bills/bbpslogo.png
https://dmx246cm6p7k8.cloudfront.net/content/images/circular-operator-logos/bills/bbpslogo.png
https://dmx246cm6p7k8.cloudfront.net/content/images/circular-operator-logos/bills/bbpslogo.png
https://www.freecharge.in/rest/validators/{operatorId}/{circleId}/Bill
https://www.freecharge.in/rest/validators/{operatorId}/{circleId}/Bill
https://www.freecharge.in/rest/bill/fetchBill
https://www.freecharge.in/rest/bill/fetchBill
https://www.freecharge.in/rest/bill/fetchBill
https://www.freecharge.in/rest/fcwallet/v1/migrateFcCreditsToFcWallet
https://www.freecharge.in/rest/fcwallet/v1/migrateFcCreditsToFcWallet
https://www.freecharge.in/rest/fcwallet/v1/migrateFcCreditsToFcWallet
https://www.freecharge.in/rest/fcwallet/v1/migrateFcCreditsToFcWallet
https://www.freecharge.in/rest/bill/metro/{operatorId}/{cardNum}/validate
https://www.freecharge.in/rest/bill/metro/{operatorId}/{cardNum}/validate
https://www.freecharge.in/rest/bill/metro/{operatorId}/{cardNum}/validate
https://www.freecharge.in/rest/bill/metro/{operatorId}/{cardNum}/validate
https://www.freecharge.in/rest/bill/metro/{operatorId}/{cardNum}/validate
https://www.freecharge.in/rest/bill/metro/{operatorId}/{cardNum}/validate
https://www.freecharge.in/rest/operators/mapping/v2/
https://www.freecharge.in/rest/operators/mapping/v2/
https://www.freecharge.in/rest/operators/mapping/v2/
https://www.freecharge.in/rest/operators/Metro
https://www.freecharge.in/rest/operators/Metro
https://www.freecharge.in/rest/operators/Metro
https://www.freecharge.in/rest/operators/Metro
https://www.freecharge.in/mobile/campaignui/offers
https://www.freecharge.in/rest/recharge/credits/save
http://maps.google.com/maps?&daddr=
https://www.freecharge.in/api/v3/identity/views/sendMoney
https://www.freecharge.in/api/v3/identity/views/sendMoney
https://posservice.freecharge.in/v0/fc/tone/pay
https://tracker.freecharge.in/api/1/tracker/
https://tracker.freecharge.in/api/1/tracker/
https://tracker.freecharge.in/api/1/tracker/
https://tracker.freecharge.in/api/1/tracker/mobile/clientdetails
https://tracker.freecharge.in/api/1/tracker/mobile/visitentry
https://tracker.freecharge.in/api/1/tracker/session
https://tracker.freecharge.in/api/1/tracker/visitevent/batch
https://tracker.freecharge.in/api/1/tracker/visitevent
http://support.freecharge.in/solution/folders/4000024513
https://www.freecharge.in/rest/payment/ocWallet
https://www.freecharge.in/rest/payment/ocWallet
https://www.freecharge.in/rest/payment/ocWallet
https://www.freecharge.in/rest/payment/ocWallet
https://www.freecharge.in/rest/payment/ocWallet
https://www.freecharge.in/api/v2/identity/signin/user
https://www.freecharge.in/api/v2/identity/signin/user
https://www.freecharge.in/api/v2/identity/signin/user
https://www.freecharge.in/api/v2/identity/signin/user
https://www.freecharge.in/api/v2/identity/signin/user
https://www.freecharge.in/api/v2/identity/signin/user
https://www.freecharge.in/api/v2/identity/social/user
https://www.freecharge.in/api/v2/identity/social/user
https://www.freecharge.in/api/v2/identity/social/user
https://www.freecharge.in/api/v2/identity/social/user
https://www.freecharge.in/api/v2/identity/social/user
https://www.freecharge.in/api/v2/identity/social/user
https://www.freecharge.in/social/auth/fb/signin
https://www.freecharge.in/rest/session/create
https://www.freecharge.in/rest/session/create
https://www.freecharge.in/rest/session/create
https://www.freecharge.in/rest/session/create
https://www.freecharge.in/social/auth/google/signin
https://www.freecharge.in/api/v3/identity/chat/fetch/jid
https://www.freecharge.in/rds/plans/
http://private-c49348-homeresponse.apiary-mock.com
https://www.freecharge.in/rest/session/create?fcAppType=android&fcChannel=3&fcversion=
https://www.freecharge.in/rest/recharge/v3/save
https://www.freecharge.in/rest/recharge/v3/save
https://www.freecharge.in/rest/recharge/v3/save
https://www.freecharge.in/rest/fcwallet/v1/authtoken/generate
https://www.freecharge.in/rest/fcwallet/v1/authtoken/generate
https://m.snapdeal.com/login_security_check
https://m.snapdeal.com/product/prodname/%d?utm_source=%s&visitor_id=%s&utm_content=%s&utm_campaign=%s
https://www.freecharge.in/mobile/webview/mf/reliance/redirect
https://www.freecharge.in?txtoken=
https://investeasy.reliancemutual.com/DistributorLIVE/DestInterface/MyPortfolio
https://www.freecharge.in/mobile/webview/mf/reliance/existinguser
https://play.google.com/store/apps/details?id=com.google.android.webview&hl=en
https://www.freecharge.in/rest/payment/failure/reason/
https://www.freecharge.in/rest/bill/v3/postpaid/mobile/{serviceNumber}/operator/{operatorId}/amount/{amount}
https://www.freecharge.in/rest/bill/v3/postpaid/mobile/{serviceNumber}/operator/{operatorId}/amount/{amount}
https://www.freecharge.in/rest/bill/v2/createBill
https://www.freecharge.in/rest/bill/v2/createBill
https://www.freecharge.in/rest/payment/fcBalance
https://www.freecharge.in/rest/payment/zeroPay
https://www.freecharge.in/rest/payment/zeroPay
https://www.freecharge.in/rest/recharge/validateNumber/{product_type}/{operatorId}/{circleId}/{consumer_id}
https://www.freecharge.in/notification/api/getinappnotification?emailId=
https://www.freecharge.in/rest/recharge/{orderId}/v4/status
https://www.freecharge.in/rest/recharge/{orderId}/v4/status
https://www.freecharge.in/rest/recharge/{orderId}/v4/status
https://www.freecharge.in/api/v1/arc/get/tm/products
https://www.freecharge.in/campaign-service/external/rewards/status/{orderId}
https://www.freecharge.in/campaign-service/external/rewards/status/{orderId}
https://www.freecharge.in/api/v1/arc/get/thank/you/page/widgets
https://www.freecharge.in/desktop/upiterms
https://www.freecharge.in/apppost/pb
https://api.freecharge.in/thv/list
https://www.freecharge.in/thv/list
https://opr.freecharge.in
https://mobileapps.freecharge.com/appdetails
https://www.freecharge.in/rest/payment/{lookupid}/v2/pglist
https://www.freecharge.in/rest/payment/{lookupid}/v2/pglist
https://www.freecharge.in/rest/payment/{lookupid}/v2/pglist
https://www.freecharge.in/promocode/remove
https://www.freecharge.in/promocode/remove
https://www.freecharge.in/rest/payment/loadmoney/netBankingOptions
https://www.freecharge.in/rest/payment/loadmoney/netBankingOptions
https://www.freecharge.in/rest/payment/freecharge/netBankingOptions
https://www.freecharge.in/rest/payment/freecharge/netBankingOptions
https://www.freecharge.in/rest/operators/Mobile
https://www.freecharge.in/rest/operators/Mobile
https://www.freecharge.in/rest/operators/MobilePostpaid
https://www.freecharge.in/rest/operators/MobilePostpaid
https://www.freecharge.in/rest/operators/DataCard
https://www.freecharge.in/rest/operators/DataCard
https://www.freecharge.in/rest/operators/PostPaidDataCard
https://www.freecharge.in/rest/operators/PostPaidDataCard
https://www.freecharge.in/rest/operators/DTH
https://www.freecharge.in/rest/operators/DTH
https://mobileapps.freecharge.com/imsi/post
https://www.freecharge.in/rest/v3/payoptions
https://www.freecharge.in/rest/v3/payoptions
https://www.freecharge.in/rest/v3/payoptions
https://www.freecharge.in/rest/payment/v2/bins
https://www.freecharge.in/rest/fcwallet/v1/getbalance?fcChannel=3&fcversion=
https://www.freecharge.in/rest/fcwallet/v1/getbalance?isWithdrawable=true&fcChannel=3&fcversion=
https://mobileapps.freecharge.com/storegcmdevice
https://tracker.freecharge.in/api/1/tracker/fms/attributes
https://mobileapps.freecharge.com/gcmNotificationClick
https://www.freecharge.in/notification/api/recordaction
https://mobileapps.freecharge.com/gcmRegistration
https://ext-.*.freecharge.in
https://mobileapps.freecharge.com/gcmNotificationReceived
https://www.freecharge.in/api/v3/identity/location/user
http://hostname/?
https://pubads.g.doubleclick.net/activity;dc_iu=
https://pubads.g.doubleclick.net/activity;xsp=
https://www.googleadservices.com/pagead/conversion/
https://www.googleadservices.com/pagead/conversion/
http://hostname/
http://plus.google.com/
https://pagead2.googlesyndication.com/pagead/gen_204?id=gmob-apps
https://www.googleapis.com/auth/games
https://plus.google.com/
http://www.example.com
http://www.example.com
https://googleads.g.doubleclick.net/mads/static/mad/sdk/native/sdk-core-v40.html
https://googleads.g.doubleclick.net/mads/static/mad/sdk/native/mraid/v2/mraid_app_banner.js
https://googleads.g.doubleclick.net/mads/static/mad/sdk/native/mraid/v2/mraid_app_expanded_banner.js
https://googleads.g.doubleclick.net/mads/static/mad/sdk/native/mraid/v2/mraid_app_interstitial.js
https://csi.gstatic.com/csi
https://googleads.g.doubleclick.net/mads/static/mad/sdk/native/native_ads.html
https://googleads.g.doubleclick.net/mads/static/mad/sdk/native/native_video_ads.html
https://www.google.com/dfp/linkDevice
https://www.google.com/dfp/inAppPreview
https://www.google.com/dfp/debugSignals
https://www.google.com/dfp/sendDebugData
https://pagead2.googlesyndication.com/pagead/gen_204
http://www.google.com
https://support.google.com/dfp_premium/answer/7160685#push
http://play.google.com/store/apps/details
https://capp.tonetag.com/api/v2/acquirers/acq_data
https://capp.tonetag.com/api/v1/subscriptions/subscription_key
https://capp.tonetag.com/api/v2/acquirers/payee_details
https://capp.tonetag.com/api/v2/acquirers/payee_details
https://capp.tonetag.com/api/v2/enterprises/track_tte_user
https://capp.tonetag.com/api/v2/enterprises/track_tte_user
https://capp.tonetag.com/api/v2/enterprises/track_tte_user
https://capp.tonetag.com/api/v2/enterprises/notify_lane
https://capp.tonetag.com/api/v2/enterprises/toll_fare
https://capp.tonetag.com/api/v1/sdk_users
https://cappstage.tonetag.com/api/v2/acquirers/payee_details?
http://juspay.in
http://www.w3.org/2000/09/xmldsig#
http://www.w3.org/2000/09/xmldsig#
http://www.w3.org/2000/09/xmldsig#
http://www.w3.org/2000/09/xmldsig#
http://www.w3.org/2000/09/xmldsig#
http://www.w3.org/2000/09/xmldsig#
http://www.w3.org/2000/09/xmldsig#
http://www.w3.org/2000/09/xmldsig#
http://www.w3.org/2000/09/xmldsig#
http://www.w3.org/2000/09/xmldsig#
http://www.w3.org/2000/09/xmldsig#
http://www.w3.org/2000/09/xmldsig#
http://www.w3.org/2000/09/xmldsig#
http://www.w3.org/2000/09/xmldsig#
http://www.w3.org/2000/09/xmldsig#
http://www.w3.org/2000/09/xmldsig#
https://e.crashlytics.com/spi/v2/events
https://settings.crashlytics.com/spi/v2/platforms/android/apps/%s/settings
http://www.xmlsecurity.org/NS/#configuration
http://www.xmlsecurity.org/NS/#configuration
http://www.w3.org/2001/04/xmlenc#
http://www.w3.org/2001/04/xmlenc#
http://www.w3.org/2001/04/xmlenc#
http://www.w3.org/2001/04/xmldsig-more#hmac-md5
http://www.w3.org/2001/04/xmldsig-more#hmac-ripemd160
http://www.w3.org/2000/09/xmldsig#hmac-sha1
http://www.w3.org/2001/04/xmldsig-more#hmac-sha256
http://www.w3.org/2001/04/xmldsig-more#hmac-sha384
http://www.w3.org/2001/04/xmldsig-more#hmac-sha512
http://www.w3.org/2001/04/xmldsig-more#rsa-md5
http://www.w3.org/2001/04/xmldsig-more#rsa-ripemd160
http://www.w3.org/2000/09/xmldsig#rsa-sha1
http://www.w3.org/2001/04/xmldsig-more#rsa-sha256
http://www.w3.org/2001/04/xmldsig-more#rsa-sha384
http://www.w3.org/2001/04/xmldsig-more#rsa-sha512
http://www.w3.org/2000/09/xmldsig#dsa-sha1
http://www.w3.org/2001/04/xmldsig-more#ecdsa-sha1
http://www.w3.org/2000/xmlns/
http://www.w3.org/2000/xmlns/
http://www.w3.org/2000/xmlns/
http://www.w3.org/2000/xmlns/
http://www.w3.org/2000/xmlns/
http://www.w3.org/2000/xmlns/
http://www.w3.org/2000/xmlns/
http://www.w3.org/2000/xmlns/
http://www.w3.org/2000/xmlns/
http://www.w3.org/2000/xmlns/
http://www.w3.org/2000/xmlns/
http://www.w3.org/2000/xmlns/
http://www.w3.org/2000/xmlns/
http://www.w3.org/XML/1998/namespace
http://www.w3.org/XML/1998/namespace
http://www.w3.org/XML/1998/namespace
http://www.w3.org/XML/1998/namespace
http://www.w3.org/XML/1998/namespace
http://www.w3.org/XML/1998/namespace
http://www.w3.org/XML/1998/namespace
http://www.w3.org/XML/1998/namespace
http://www.w3.org/2006/12/xml-c14n11
http://www.w3.org/2006/12/xml-c14n11
http://www.w3.org/2000/09/xmldsig#Manifest
http://www.w3.org/TR/2001/REC-xml-c14n-20010315
http://www.w3.org/TR/2001/REC-xml-c14n-20010315#WithComments
http://www.w3.org/2001/10/xml-exc-c14n#
http://www.w3.org/2001/10/xml-exc-c14n#
http://www.w3.org/2001/10/xml-exc-c14n#
http://www.w3.org/2001/10/xml-exc-c14n#
http://www.w3.org/2001/10/xml-exc-c14n#
http://www.w3.org/2001/10/xml-exc-c14n#WithComments
http://www.w3.org/2001/10/xml-exc-c14n#WithComments
http://www.w3.org/2006/12/xml-c14n11#WithComments
http://www.w3.org/2002/06/xmldsig-filter2
http://www.w3.org/2002/06/xmldsig-filter2
http://www.w3.org/TR/2001/WD-xptr-20010108
http://www.w3.org/1999/XSL/Transform
http://javax.xml.XMLConstants/feature/secure-processing
http://www.w3.org/2002/04/xmldsig-filter2
http://www.nue.et-inf.uni-siegen.de/~geuer-pollmann/#xpathFilter
http://schemas.xmlsoap.org/soap/security/2000-12
http://www.w3.org/2002/03/xkms#
http://localhost/
http://localhost/
http://localhost/

[INTERNAL_LOG][2018-06-12 02:37:10,172][INFO][find_url_in_apk()] [END ALL URL INSIDE APK]
[INTERNAL_LOG][2018-06-12 02:37:10,188][INFO][check_method_conf()] [JavaScript enabled: True]

[INTERNAL_LOG][2018-06-12 02:37:10,188][INFO][check_method_conf()] [Add interface WebView: True]

[INTERNAL_LOG][2018-06-12 02:37:10,188][INFO][analyze_start()] This app might be vulnerable on attack frame confusion, This file are vulnerable ['temp_html_code/html_downloaded_Recharges_ Bill Payments_ UPI_ Mutual Funds by FreeCharge - com/www.freecharge.in']
[INTERNAL_LOG][2018-06-12 02:37:10,188][INFO][analyze_start()] End time:[Tue Jun 12 02:37:10 2018]
