[INTERNAL_LOG][2018-06-12 00:56:32,120][INFO][analyze_start()] Init Time [Tue Jun 12 00:56:32 2018]
[INTERNAL_LOG][2018-06-12 00:56:32,205][INFO][run()] Start Analysis
[INTERNAL_LOG][2018-06-12 00:56:32,205][INFO][is_hybird()] [Permission Enble Start]
[INTERNAL_LOG][2018-06-12 00:56:32,205][INFO][is_hybird()] android.permission.INTERNET
[INTERNAL_LOG][2018-06-12 00:56:32,205][INFO][is_hybird()] android.permission.ACCESS_NETWORK_STATE
[INTERNAL_LOG][2018-06-12 00:56:32,205][INFO][is_hybird()] android.permission.WAKE_LOCK
[INTERNAL_LOG][2018-06-12 00:56:32,205][INFO][is_hybird()] android.permission.ACCESS_WIFI_STATE
[INTERNAL_LOG][2018-06-12 00:56:32,205][INFO][is_hybird()] android.permission.WRITE_EXTERNAL_STORAGE
[INTERNAL_LOG][2018-06-12 00:56:32,205][INFO][is_hybird()] com.android.vending.BILLING
[INTERNAL_LOG][2018-06-12 00:56:32,206][INFO][is_hybird()] [Permission End]

[INTERNAL_LOG][2018-06-12 00:56:32,206][INFO][analyze_start()] TYPE APK: [ANDROID NATIVE]

[INTERNAL_LOG][2018-06-12 00:56:32,206][INFO][find_string()] [START FILE ANALYZE]
[INTERNAL_LOG][2018-06-12 00:56:32,206][INFO][find_string()] [END ANALYZE FILE]

[INTERNAL_LOG][2018-06-12 00:56:32,206][INFO][find_string()] [START FILE ANALYZE]
[INTERNAL_LOG][2018-06-12 00:56:32,206][INFO][find_string()] [END ANALYZE FILE]

[INTERNAL_LOG][2018-06-12 00:56:59,599][INFO][find_url_in_apk()] [START ALL URL INSIDE APK]
[INTERNAL_LOG][2018-06-12 00:56:59,599][INFO][find_url_in_apk()] http://schemas.android.com/apk/res/android
http://redirect.fdg-entertainment.com/redirect/redball4_redirect.php
https://adc3-launch-server-staging.herokuapp.com/v4/launch
https://adc3-launch.adcolony.com/v4/launch
https://adc3-launch.adcolony.com/v4/launch
https://wd.adcolony.com/logs
http://market.android.com/
https://graph.facebook.com/network_ads_common
https://graph.%s.facebook.com/network_ads_common
https://www.facebook.com/adnw_logging/
https://www.%s.facebook.com/adnw_logging/
http://play.google.com/store/apps/
https://www.facebook.com/
https://www.%s.facebook.com
http://www.facebook.com
https://data.flurry.com/pcr.do
https://pagead2.googlesyndication.com/pagead/gen_204?id=gmob-apps
https://accounts.google.com
https://www.facebook.com
https://plus.google.com/
https://www.googleapis.com/auth/drive.file
https://www.googleapis.com/auth/drive.appdata
https://www.googleapis.com/auth/drive
https://www.googleapis.com/auth/drive.apps
https://www.googleapis.com/auth/games
https://www.googleapis.com/auth/games
https://www.googleapis.com/auth/games
https://www.googleapis.com/auth/games_lite
https://www.googleapis.com/auth/games.firstparty
https://www.googleapis.com/auth/games.firstparty
https://pagead2.googlesyndication.com/pagead/gen_204
http://www.google.com
https://support.google.com/dfp_premium/answer/7160685#push
http://www.google-analytics.com
https://ssl.google-analytics.com
http://www.example.com
http://www.example.com
https://googleads.g.doubleclick.net/mads/static/mad/sdk/native/sdk-core-v40.html
https://googleads.g.doubleclick.net/mads/static/mad/sdk/native/mraid/v2/mraid_app_banner.js
https://googleads.g.doubleclick.net/mads/static/mad/sdk/native/mraid/v2/mraid_app_expanded_banner.js
https://googleads.g.doubleclick.net/mads/static/mad/sdk/native/mraid/v2/mraid_app_interstitial.js
https://csi.gstatic.com/csi
https://googleads.g.doubleclick.net/mads/static/mad/sdk/native/native_ads.html
https://googleads.g.doubleclick.net/mads/static/mad/sdk/native/native_video_ads.html
https://www.google.com/dfp/linkDevice
https://www.google.com/dfp/inAppPreview
https://www.google.com/dfp/debugSignals
https://www.google.com/dfp/sendDebugData
https://www.googletagmanager.com
http://hostname/?
http://hostname/?
https://z.moatads.com/
https://highway2.soom.la
https://services.soom.la
https://verify.soom.la/verify_android
https://verify.soom.la/verify_android
https://accounts.google.com/o/oauth2/token
http://lol.vungle.com/
https://api.vungle.com/
http://localhost/
http://localhost/
http://localhost/
https://live.chartboost.com
https://play.google.com/store/apps/details?id=%s
https://proton.flurry.com/sdk/v1/config
https://data.flurry.com/aap.do
http://data.flurry.com/aap.do
https://ads.api.vungle.com/config
https://www.facebook.com/FDGEntertainment
https://twitter.com/FDG_Games
http://redirect.fdg-entertainment.com/redirect/redball4_merch.html
http://www.fdg-entertainment.com/en/privacy-policy.html
https://play.google.com/store/apps/dev?id=8812103738509382093
https://www.facebook.com/audience_network/server_side_reward
https://www.%s.facebook.com/audience_network/server_side_reward
https://www.vungle.com/privacy/
https://www.vungle.com/privacy/

[INTERNAL_LOG][2018-06-12 00:56:59,599][INFO][find_url_in_apk()] [END ALL URL INSIDE APK]
[INTERNAL_LOG][2018-06-12 00:56:59,605][INFO][check_method_conf()] [JavaScript enabled: True]

[INTERNAL_LOG][2018-06-12 00:56:59,605][INFO][check_method_conf()] [Add interface WebView: True]

[INTERNAL_LOG][2018-06-12 00:56:59,605][INFO][analyze_start()] This app might be not vulnerable on  attack frame confusion.
[INTERNAL_LOG][2018-06-12 00:56:59,605][INFO][analyze_start()] End time:[Tue Jun 12 00:56:59 2018]
