[INTERNAL_LOG][2018-06-12 06:46:23,390][INFO][analyze_start()] Init Time [Tue Jun 12 06:46:23 2018]
[INTERNAL_LOG][2018-06-12 06:46:23,426][INFO][run()] Start Analysis
[INTERNAL_LOG][2018-06-12 06:46:23,426][INFO][is_hybird()] [Permission Enble Start]
[INTERNAL_LOG][2018-06-12 06:46:23,426][INFO][is_hybird()] android.permission.READ_PHONE_STATE
[INTERNAL_LOG][2018-06-12 06:46:23,426][INFO][is_hybird()] android.permission.WRITE_EXTERNAL_STORAGE
[INTERNAL_LOG][2018-06-12 06:46:23,426][INFO][is_hybird()] com.dle.respawnables.permission.C2D_MESSAGE
[INTERNAL_LOG][2018-06-12 06:46:23,426][INFO][is_hybird()] com.google.android.c2dm.permission.RECEIVE
[INTERNAL_LOG][2018-06-12 06:46:23,426][INFO][is_hybird()] android.permission.INTERNET
[INTERNAL_LOG][2018-06-12 06:46:23,427][INFO][is_hybird()] android.permission.ACCESS_NETWORK_STATE
[INTERNAL_LOG][2018-06-12 06:46:23,427][INFO][is_hybird()] android.permission.ACCESS_WIFI_STATE
[INTERNAL_LOG][2018-06-12 06:46:23,427][INFO][is_hybird()] android.permission.CHANGE_NETWORK_STATE
[INTERNAL_LOG][2018-06-12 06:46:23,427][INFO][is_hybird()] android.permission.CHANGE_WIFI_STATE
[INTERNAL_LOG][2018-06-12 06:46:23,427][INFO][is_hybird()] android.permission.WAKE_LOCK
[INTERNAL_LOG][2018-06-12 06:46:23,427][INFO][is_hybird()] android.permission.VIBRATE
[INTERNAL_LOG][2018-06-12 06:46:23,427][INFO][is_hybird()] android.permission.USE_CREDENTIALS
[INTERNAL_LOG][2018-06-12 06:46:23,427][INFO][is_hybird()] com.android.vending.BILLING
[INTERNAL_LOG][2018-06-12 06:46:23,427][INFO][is_hybird()] com.android.vending.CHECK_LICENSE
[INTERNAL_LOG][2018-06-12 06:46:23,427][INFO][is_hybird()] android.permission.ACCESS_FINE_LOCATION
[INTERNAL_LOG][2018-06-12 06:46:23,427][INFO][is_hybird()] android.permission.ACCESS_COARSE_LOCATION
[INTERNAL_LOG][2018-06-12 06:46:23,427][INFO][is_hybird()] android.permission.READ_EXTERNAL_STORAGE
[INTERNAL_LOG][2018-06-12 06:46:23,427][INFO][is_hybird()] android.permission.GET_TASKS
[INTERNAL_LOG][2018-06-12 06:46:23,427][INFO][is_hybird()] [Permission End]

[INTERNAL_LOG][2018-06-12 06:46:23,427][INFO][analyze_start()] TYPE APK: [ANDROID NATIVE]

[INTERNAL_LOG][2018-06-12 06:46:23,427][INFO][find_string()] [START FILE ANALYZE]
[INTERNAL_LOG][2018-06-12 06:46:23,427][INFO][find_string()] File: js/closebutton.html
[INTERNAL_LOG][2018-06-12 06:46:23,428][INFO][find_string()] No iframe in js/closebutton.html
[INTERNAL_LOG][2018-06-12 06:46:23,428][INFO][find_string()] [END ANALYZE FILE]

[INTERNAL_LOG][2018-06-12 06:46:23,428][INFO][find_string()] [START FILE ANALYZE]
[INTERNAL_LOG][2018-06-12 06:46:23,428][INFO][find_string()] File: js/mraid.js
[INTERNAL_LOG][2018-06-12 06:46:23,435][INFO][find_string()] No iframe in js/mraid.js
[INTERNAL_LOG][2018-06-12 06:46:23,438][INFO][find_string()] [END ANALYZE FILE]

[INTERNAL_LOG][2018-06-12 06:46:23,945][INFO][check_method_conf()] [JavaScript enabled: False]

[INTERNAL_LOG][2018-06-12 06:46:23,945][INFO][check_method_conf()] [Add interface WebView: False]

[INTERNAL_LOG][2018-06-12 06:46:23,946][INFO][analyze_start()] This app might be not vulnerable on  attack frame confusion.
[INTERNAL_LOG][2018-06-12 06:46:23,946][INFO][analyze_start()] End time:[Tue Jun 12 06:46:23 2018]
