[INTERNAL_LOG][2018-06-12 03:42:22,995][INFO][analyze_start()] Init Time [Tue Jun 12 03:42:22 2018]
[INTERNAL_LOG][2018-06-12 03:42:23,036][INFO][run()] Start Analysis
[INTERNAL_LOG][2018-06-12 03:42:23,036][INFO][is_hybird()] [Permission Enble Start]
[INTERNAL_LOG][2018-06-12 03:42:23,036][INFO][is_hybird()] android.permission.INTERNET
[INTERNAL_LOG][2018-06-12 03:42:23,036][INFO][is_hybird()] android.permission.ACCESS_NETWORK_STATE
[INTERNAL_LOG][2018-06-12 03:42:23,036][INFO][is_hybird()] android.permission.ACCESS_WIFI_STATE
[INTERNAL_LOG][2018-06-12 03:42:23,037][INFO][is_hybird()] com.android.vending.BILLING
[INTERNAL_LOG][2018-06-12 03:42:23,037][INFO][is_hybird()] [Permission End]

[INTERNAL_LOG][2018-06-12 03:42:23,037][INFO][analyze_start()] TYPE APK: [ANDROID NATIVE]

[INTERNAL_LOG][2018-06-12 03:42:23,037][INFO][find_string()] [START FILE ANALYZE]
[INTERNAL_LOG][2018-06-12 03:42:23,037][INFO][find_string()] [END ANALYZE FILE]

[INTERNAL_LOG][2018-06-12 03:42:23,037][INFO][find_string()] [START FILE ANALYZE]
[INTERNAL_LOG][2018-06-12 03:42:23,037][INFO][find_string()] [END ANALYZE FILE]

[INTERNAL_LOG][2018-06-12 03:42:58,463][INFO][find_url_in_apk()] [START ALL URL INSIDE APK]
[INTERNAL_LOG][2018-06-12 03:42:58,463][INFO][find_url_in_apk()] http://schemas.android.com/apk/res/android
http://schemas.applovin.com/android/1.0
http://schemas.applovin.com/android/1.0
https://d.applovin.com/
https://a.applovin.com/
https://rt.applovin.com/med
https://rt.applovin.com/pix
https://d.applvn.com/
https://a.applvn.com/
https://rt.applvn.com/pix
https://vid.applovin.com/,https://pdn.applovin.com/,https://img.applovin.com/,https://d.applovin.com/,https://assets.applovin.com/,https://cdnjs.cloudflare.com/,http://vid.applovin.com/,http://pdn.applovin.com/,http://img.applovin.com/,http://d.applovin.com/,http://assets.applovin.com/,http://cdnjs.cloudflare.com/
https://t.appsflyer.com/api/v
https://events.appsflyer.com/api/v
https://register.appsflyer.com/api/v
https://stats.appsflyer.com/stats
https://rts.ssl2.duapps.com/orts/rp?
https://rts.ssl2.duapps.com/orts/rpb?
https://iplua.api.xoxknct.com/orts/ua?
https://sandbox.ssl2.duapps.com/orts/rp?
https://sandbox.ssl2.duapps.com/orts/rpb?
https://sandbox.ssl2.duapps.com/orts/ua?
http://market.android.com/
http://pasta.dianxinos.com/feedback
http://pasta.dianxinos.com/api/tokens
http://pasta.dianxinos.com/api/data
http://sandbox.sjws.baidu.com:8080/statistics_feedback
http://pasta.ds.duapps.com/feedback
http://pasta.sd.duapps.com/feedback
http://sandbox.sjws.baidu.com:8080/api/tokens
http://pasta.ds.duapps.com/api/tokens
http://pasta.sd.duapps.com/api/tokens
http://sandbox.sjws.baidu.com:8080/api/data
http://pasta.ds.duapps.com/api/data
http://pasta.sd.duapps.com/api/data
http://sandbox.duapps.com:8124/recommend/get
http://nrc.ds.duapps.com/get
http://nrc.sd.duapps.com/get
http://nrc.tapas.net/get
http://rec.in.tira.cn:8000/recommend/get
http://api.mobula.sdk.duapps.com/adunion/slot/getDlAd?
http://api.mobula.sdk.duapps.com/adunion/slot/getDlAd?
http://api.mobula.sdk.duapps.com/adunion/rtb/getInmobiAd?
http://api.mobula.sdk.duapps.com/adunion/rtb/getInmobiAd?
http://api.mobula.sdk.duapps.com/adunion/rtb/fetchAd?
http://api.mobula.sdk.duapps.com/adunion/rtb/fetchAd?
http://sandbox.duapps.com:8124/adunion/slot/getDlAd?
http://sandbox.duapps.com:8124/adunion/slot/getDlAd?
http://sandbox.duapps.com:8124/adunion/rtb/getInmobiAd?
http://sandbox.duapps.com:8124/adunion/rtb/getInmobiAd?
http://sandbox.duapps.com:8124/adunion/rtb/fetchAd?
http://sandbox.duapps.com:8124/adunion/rtb/fetchAd?
http://api.mobula.sdk.duapps.com/adunion/slot/getTPC?
http://sandbox.duapps.com:8124/adunion/slot/getTPC?
http://api.mobula.sdk.duapps.com/adunion/slot/getSrcPrio?
http://api.mobula.sdk.duapps.com/adunion/slot/getSrcPrio?
http://sandbox.duapps.com:8124/adunion/slot/getSrcPrio?
http://sandbox.duapps.com:8124/adunion/slot/getSrcPrio?
http://rts.mobula.sdk.duapps.com/orts/rp?
http://rts.mobula.sdk.duapps.com/orts/rpb?
http://sandbox.duapps.com:8124/orts/rp?
http://sandbox.duapps.com:8124/orts/rpb?
http://market.android.com
https://market.android.com
https://play.google.com
http://play.google.com
http://api.mobula.sdk.duapps.com/adunion/slot/fetchConfig?
http://sandbox.duapps.com:8124/adunion/slot/fetchConfig?
https://graph.facebook.com/network_ads_common
https://graph.%s.facebook.com/network_ads_common
https://www.facebook.com/adnw_logging/
https://www.%s.facebook.com/adnw_logging/
http://play.google.com/store/apps/
https://www.facebook.com/
https://www.%s.facebook.com
http://www.facebook.com
https://graph.%s
https://graph-video.%s
https://facebook.com
https://facebook.com/device?user_code=%1$s&qr=1
https://pagead2.googlesyndication.com/pagead/gen_204?id=gmob-apps
https://plus.google.com/
http://www.example.com
http://www.example.com
https://googleads.g.doubleclick.net/mads/static/mad/sdk/native/sdk-core-v40.html
https://googleads.g.doubleclick.net/mads/static/mad/sdk/native/mraid/v2/mraid_app_banner.js
https://googleads.g.doubleclick.net/mads/static/mad/sdk/native/mraid/v2/mraid_app_expanded_banner.js
https://googleads.g.doubleclick.net/mads/static/mad/sdk/native/mraid/v2/mraid_app_interstitial.js
https://csi.gstatic.com/csi
https://googleads.g.doubleclick.net/mads/static/mad/sdk/native/native_ads.html
https://googleads.g.doubleclick.net/mads/static/mad/sdk/native/native_video_ads.html
https://www.google.com/dfp/linkDevice
https://www.google.com/dfp/inAppPreview
https://www.google.com/dfp/debugSignals
https://www.google.com/dfp/sendDebugData
https://pagead2.googlesyndication.com/pagead/gen_204
http://www.google.com
https://support.google.com/dfp_premium/answer/7160685#push
https://mobile-static.adsafeprotected.com/avid-v2.js
https://play.google.com/store/apps/details?id=
https://play.google.com/store/apps/details?id=
https://play.google.com/store/apps/details?id=
https://play.google.com/
https://play.google.com/
https://play.google.com/
https://play.google.com/
https://twitter.com/%s/status/%s
https://preplbslog.umeng.com
https://sdk-services.appsflyer.com/validate-android-signature
https://api.appsflyer.com/install_data/v3/
https://live.chartboost.com
https://play.google.com/store/apps/details?id=%s
https://cmnsguider.yunos.com:443/genDeviceToken
http://m.facebook.com/ads/ad_choices
http://m.facebook.com/ads/ad_choices
https://www.%s.facebook.com/audience_network/server_side_reward
https://www.facebook.com/audience_network/server_side_reward
https://analytics.mopub.com/i/jot/exchange_client_event
https://www.mopub.com/optout
https://www.googleapis.com/auth/games
https://config.unityads.unity3d.com/webview/
http://api.yourxsdk.com/Ads/bgConfig?sdkv=22&token=
http://api.yourxsdk.com/Ads/getMopubConfig?sdkv=22&token=
http://api.yourxsdk.com/Ads/switchFlow?sdkv=22&token=

[INTERNAL_LOG][2018-06-12 03:42:58,463][INFO][find_url_in_apk()] [END ALL URL INSIDE APK]
[INTERNAL_LOG][2018-06-12 03:42:58,468][INFO][check_method_conf()] [JavaScript enabled: True]

[INTERNAL_LOG][2018-06-12 03:42:58,468][INFO][check_method_conf()] [Add interface WebView: True]

[INTERNAL_LOG][2018-06-12 03:42:58,468][INFO][analyze_start()] This app might be not vulnerable on  attack frame confusion.
[INTERNAL_LOG][2018-06-12 03:42:58,468][INFO][analyze_start()] End time:[Tue Jun 12 03:42:58 2018]
