[INTERNAL_LOG][2018-06-12 01:29:10,837][INFO][analyze_start()] Init Time [Tue Jun 12 01:29:10 2018]
[INTERNAL_LOG][2018-06-12 01:29:10,869][INFO][run()] Start Analysis
[INTERNAL_LOG][2018-06-12 01:29:10,870][INFO][is_hybird()] [Permission Enble Start]
[INTERNAL_LOG][2018-06-12 01:29:10,870][INFO][is_hybird()] android.permission.GET_ACCOUNTS
[INTERNAL_LOG][2018-06-12 01:29:10,870][INFO][is_hybird()] com.android.vending.CHECK_LICENSE
[INTERNAL_LOG][2018-06-12 01:29:10,870][INFO][is_hybird()] com.android.vending.BILLING
[INTERNAL_LOG][2018-06-12 01:29:10,870][INFO][is_hybird()] android.permission.INTERNET
[INTERNAL_LOG][2018-06-12 01:29:10,870][INFO][is_hybird()] android.permission.ACCESS_NETWORK_STATE
[INTERNAL_LOG][2018-06-12 01:29:10,870][INFO][is_hybird()] android.permission.WRITE_EXTERNAL_STORAGE
[INTERNAL_LOG][2018-06-12 01:29:10,870][INFO][is_hybird()] android.permission.ACCESS_WIFI_STATE
[INTERNAL_LOG][2018-06-12 01:29:10,870][INFO][is_hybird()] android.permission.READ_EXTERNAL_STORAGE
[INTERNAL_LOG][2018-06-12 01:29:10,870][INFO][is_hybird()] android.permission.WAKE_LOCK
[INTERNAL_LOG][2018-06-12 01:29:10,870][INFO][is_hybird()] com.gameloft.android.ANMP.GloftSXHM.permission.C2D_MESSAGE
[INTERNAL_LOG][2018-06-12 01:29:10,870][INFO][is_hybird()] com.google.android.c2dm.permission.RECEIVE
[INTERNAL_LOG][2018-06-12 01:29:10,870][INFO][is_hybird()] android.permission.VIBRATE
[INTERNAL_LOG][2018-06-12 01:29:10,870][INFO][is_hybird()] android.permission.RECEIVE_BOOT_COMPLETED
[INTERNAL_LOG][2018-06-12 01:29:10,870][INFO][is_hybird()] glshare.permission.ACCESS_SHARED_DATA
[INTERNAL_LOG][2018-06-12 01:29:10,870][INFO][is_hybird()] [Permission End]

[INTERNAL_LOG][2018-06-12 01:29:10,871][INFO][analyze_start()] TYPE APK: [ANDROID NATIVE]

[INTERNAL_LOG][2018-06-12 01:29:10,871][INFO][find_string()] [START FILE ANALYZE]
[INTERNAL_LOG][2018-06-12 01:29:10,871][INFO][find_string()] [END ANALYZE FILE]

[INTERNAL_LOG][2018-06-12 01:29:10,871][INFO][find_string()] [START FILE ANALYZE]
[INTERNAL_LOG][2018-06-12 01:29:10,871][INFO][find_string()] [END ANALYZE FILE]

[INTERNAL_LOG][2018-06-12 01:29:45,583][INFO][find_url_in_apk()] [START URL LOADED INSIDE LOAD FUNCTION]
[INTERNAL_LOG][2018-06-12 01:29:45,583][INFO][find_url_in_apk()] http://livewebapp.gameloft.com/glive/friends/index/select/yes?user_name=
http://livewebapp.gameloft.com/glive/signal-back
http://livewebapp.gameloft.com/glive/friends/show-invite-email
http://201205igp.gameloft.com/redir/?from
http://201205igp.gameloft.com/redir/?from
http://livewebapp.gameloft.com/glive/messages/index
http://livewebapp.gameloft.com/glive/friends
http://livewebapp.gameloft.com/glive/games
http://livewebapp.gameloft.com/glive/
http://livewebapp.gameloft.com/glive/info/
http://dl.gameloft.com
http://livewebapp.gameloft.com/glive/friends/index/select/yes/?user_name=
http://201205igp.gameloft.com/redir/
http://201205igp.gameloft.com/redir/ads/splashscreen_click.php
http://livewebapp.gameloft.com/glive/friends/add-friends/
http://livewebapp.gameloft.com/glive/games/recommend-via-mail/id/
http://livewebapp.gameloft.com/glive/games/recommend-via-mail/id/
http://livewebapp.gameloft.com/glive/friends/?select=yes
http://livewebapp.gameloft.com/glive/messages/sent/
http://livewebapp.gameloft.com/glive/challenges/create-challenge?challenged_user_id=
http://livewebapp.gameloft.com/glive/challenges/create-challenge?challenged_user_id=
http://livewebapp.gameloft.com/glive/games/compare/uid/
http://livewebapp.gameloft.com/glive/games/compare/uid/
http://livewebapp.gameloft.com/glive/games/compare/uid/
http://livewebapp.gameloft.com/glive/games/compare/uid/
http://livewebapp.gameloft.com/glive/friends/delete-friend/uid/
http://livewebapp.gameloft.com/glive/friends/delete-friend/uid/
http://livewebapp.gameloft.com/glive/account/add-friend/uid/

[INTERNAL_LOG][2018-06-12 01:29:45,583][INFO][find_url_in_apk()] [END URL LOADED INSIDE LOAD FUNCTION]
[INTERNAL_LOG][2018-06-12 01:29:47,532][ERROR][download_page_loaded()] Failed response code: 404 for http://livewebapp.gameloft.com/glive/signal-back  
[INTERNAL_LOG][2018-06-12 01:29:56,136][ERROR][download_page_loaded()] Failed download: http://livewebapp.gameloft.com/glive/ for exception [Errno 21] Is a directory: 'temp_html_code/html_downloaded_Six-Guns_ Gang Showdown by Gameloft - com/'
[INTERNAL_LOG][2018-06-12 01:29:57,472][ERROR][download_page_loaded()] Failed download: http://livewebapp.gameloft.com/glive/info/ for exception [Errno 21] Is a directory: 'temp_html_code/html_downloaded_Six-Guns_ Gang Showdown by Gameloft - com/'
[INTERNAL_LOG][2018-06-12 01:29:57,774][ERROR][download_page_loaded()] Failed response code: 404 for http://dl.gameloft.com  
[INTERNAL_LOG][2018-06-12 01:29:59,513][ERROR][download_page_loaded()] Failed download: http://201205igp.gameloft.com/redir/ for exception [Errno 21] Is a directory: 'temp_html_code/html_downloaded_Six-Guns_ Gang Showdown by Gameloft - com/'
[INTERNAL_LOG][2018-06-12 01:29:59,823][ERROR][download_page_loaded()] Invalid Schema exception for url: http://201205igp.gameloft.com/redir/ads/splashscreen_click.php, try add http:// 
[INTERNAL_LOG][2018-06-12 01:29:59,857][ERROR][download_page_loaded()] Failed connection errror after add http download: http://http://201205igp.gameloft.com/redir/ads/splashscreen_click.php 
[INTERNAL_LOG][2018-06-12 01:30:01,689][ERROR][download_page_loaded()] Failed download: http://livewebapp.gameloft.com/glive/friends/add-friends/ for exception [Errno 21] Is a directory: 'temp_html_code/html_downloaded_Six-Guns_ Gang Showdown by Gameloft - com/'
[INTERNAL_LOG][2018-06-12 01:30:03,408][ERROR][download_page_loaded()] Failed download: http://livewebapp.gameloft.com/glive/games/recommend-via-mail/id/ for exception [Errno 21] Is a directory: 'temp_html_code/html_downloaded_Six-Guns_ Gang Showdown by Gameloft - com/'
[INTERNAL_LOG][2018-06-12 01:30:04,737][ERROR][download_page_loaded()] Failed download: http://livewebapp.gameloft.com/glive/games/recommend-via-mail/id/ for exception [Errno 21] Is a directory: 'temp_html_code/html_downloaded_Six-Guns_ Gang Showdown by Gameloft - com/'
[INTERNAL_LOG][2018-06-12 01:30:07,503][ERROR][download_page_loaded()] Failed download: http://livewebapp.gameloft.com/glive/messages/sent/ for exception [Errno 21] Is a directory: 'temp_html_code/html_downloaded_Six-Guns_ Gang Showdown by Gameloft - com/'
[INTERNAL_LOG][2018-06-12 01:30:11,497][ERROR][download_page_loaded()] Failed download: http://livewebapp.gameloft.com/glive/games/compare/uid/ for exception [Errno 21] Is a directory: 'temp_html_code/html_downloaded_Six-Guns_ Gang Showdown by Gameloft - com/'
[INTERNAL_LOG][2018-06-12 01:30:12,725][ERROR][download_page_loaded()] Failed download: http://livewebapp.gameloft.com/glive/games/compare/uid/ for exception [Errno 21] Is a directory: 'temp_html_code/html_downloaded_Six-Guns_ Gang Showdown by Gameloft - com/'
[INTERNAL_LOG][2018-06-12 01:30:14,426][ERROR][download_page_loaded()] Failed download: http://livewebapp.gameloft.com/glive/games/compare/uid/ for exception [Errno 21] Is a directory: 'temp_html_code/html_downloaded_Six-Guns_ Gang Showdown by Gameloft - com/'
[INTERNAL_LOG][2018-06-12 01:30:16,002][ERROR][download_page_loaded()] Failed download: http://livewebapp.gameloft.com/glive/games/compare/uid/ for exception [Errno 21] Is a directory: 'temp_html_code/html_downloaded_Six-Guns_ Gang Showdown by Gameloft - com/'
[INTERNAL_LOG][2018-06-12 01:30:17,334][ERROR][download_page_loaded()] Failed download: http://livewebapp.gameloft.com/glive/friends/delete-friend/uid/ for exception [Errno 21] Is a directory: 'temp_html_code/html_downloaded_Six-Guns_ Gang Showdown by Gameloft - com/'
[INTERNAL_LOG][2018-06-12 01:30:18,665][ERROR][download_page_loaded()] Failed download: http://livewebapp.gameloft.com/glive/friends/delete-friend/uid/ for exception [Errno 21] Is a directory: 'temp_html_code/html_downloaded_Six-Guns_ Gang Showdown by Gameloft - com/'
[INTERNAL_LOG][2018-06-12 01:30:19,997][ERROR][download_page_loaded()] Failed download: http://livewebapp.gameloft.com/glive/account/add-friend/uid/ for exception [Errno 21] Is a directory: 'temp_html_code/html_downloaded_Six-Guns_ Gang Showdown by Gameloft - com/'
[INTERNAL_LOG][2018-06-12 01:30:19,997][INFO][find_string()] [START REMOTE FILE ANALYZE]
[INTERNAL_LOG][2018-06-12 01:30:19,997][INFO][find_string()] Remote File in: temp_html_code/html_downloaded_Six-Guns_ Gang Showdown by Gameloft - com/yes?user_name=
[INTERNAL_LOG][2018-06-12 01:30:19,997][INFO][find_string()] URL: http://livewebapp.gameloft.com/glive/friends/index/select/yes?user_name=
[INTERNAL_LOG][2018-06-12 01:30:19,999][INFO][find_string()] No iframe in temp_html_code/html_downloaded_Six-Guns_ Gang Showdown by Gameloft - com/yes?user_name=
[INTERNAL_LOG][2018-06-12 01:30:19,999][INFO][find_string()] Remote File in: temp_html_code/html_downloaded_Six-Guns_ Gang Showdown by Gameloft - com/show-invite-email
[INTERNAL_LOG][2018-06-12 01:30:19,999][INFO][find_string()] URL: http://livewebapp.gameloft.com/glive/friends/show-invite-email
[INTERNAL_LOG][2018-06-12 01:30:20,001][INFO][find_string()] No iframe in temp_html_code/html_downloaded_Six-Guns_ Gang Showdown by Gameloft - com/show-invite-email
[INTERNAL_LOG][2018-06-12 01:30:20,001][INFO][find_string()] Remote File in: temp_html_code/html_downloaded_Six-Guns_ Gang Showdown by Gameloft - com/?from
[INTERNAL_LOG][2018-06-12 01:30:20,001][INFO][find_string()] URL: http://201205igp.gameloft.com/redir/?from
[INTERNAL_LOG][2018-06-12 01:30:20,002][INFO][find_string()] No iframe in temp_html_code/html_downloaded_Six-Guns_ Gang Showdown by Gameloft - com/?from
[INTERNAL_LOG][2018-06-12 01:30:20,002][INFO][find_string()] Remote File in: temp_html_code/html_downloaded_Six-Guns_ Gang Showdown by Gameloft - com/index
[INTERNAL_LOG][2018-06-12 01:30:20,002][INFO][find_string()] URL: http://livewebapp.gameloft.com/glive/messages/index
[INTERNAL_LOG][2018-06-12 01:30:20,004][INFO][find_string()] No iframe in temp_html_code/html_downloaded_Six-Guns_ Gang Showdown by Gameloft - com/index
[INTERNAL_LOG][2018-06-12 01:30:20,004][INFO][find_string()] Remote File in: temp_html_code/html_downloaded_Six-Guns_ Gang Showdown by Gameloft - com/friends
[INTERNAL_LOG][2018-06-12 01:30:20,004][INFO][find_string()] URL: http://livewebapp.gameloft.com/glive/friends
[INTERNAL_LOG][2018-06-12 01:30:20,006][INFO][find_string()] No iframe in temp_html_code/html_downloaded_Six-Guns_ Gang Showdown by Gameloft - com/friends
[INTERNAL_LOG][2018-06-12 01:30:20,006][INFO][find_string()] Remote File in: temp_html_code/html_downloaded_Six-Guns_ Gang Showdown by Gameloft - com/games
[INTERNAL_LOG][2018-06-12 01:30:20,006][INFO][find_string()] URL: http://livewebapp.gameloft.com/glive/games
[INTERNAL_LOG][2018-06-12 01:30:20,007][INFO][find_string()] No iframe in temp_html_code/html_downloaded_Six-Guns_ Gang Showdown by Gameloft - com/games
[INTERNAL_LOG][2018-06-12 01:30:20,007][INFO][find_string()] Remote File in: temp_html_code/html_downloaded_Six-Guns_ Gang Showdown by Gameloft - com/?user_name=
[INTERNAL_LOG][2018-06-12 01:30:20,007][INFO][find_string()] URL: http://livewebapp.gameloft.com/glive/friends/index/select/yes/?user_name=
[INTERNAL_LOG][2018-06-12 01:30:20,012][INFO][find_string()] No iframe in temp_html_code/html_downloaded_Six-Guns_ Gang Showdown by Gameloft - com/?user_name=
[INTERNAL_LOG][2018-06-12 01:30:20,012][INFO][find_string()] Remote File in: temp_html_code/html_downloaded_Six-Guns_ Gang Showdown by Gameloft - com/?select=yes
[INTERNAL_LOG][2018-06-12 01:30:20,013][INFO][find_string()] URL: http://livewebapp.gameloft.com/glive/friends/?select=yes
[INTERNAL_LOG][2018-06-12 01:30:20,015][INFO][find_string()] No iframe in temp_html_code/html_downloaded_Six-Guns_ Gang Showdown by Gameloft - com/?select=yes
[INTERNAL_LOG][2018-06-12 01:30:20,015][INFO][find_string()] Remote File in: temp_html_code/html_downloaded_Six-Guns_ Gang Showdown by Gameloft - com/create-challenge?challenged_user_id=
[INTERNAL_LOG][2018-06-12 01:30:20,015][INFO][find_string()] URL: http://livewebapp.gameloft.com/glive/challenges/create-challenge?challenged_user_id=
[INTERNAL_LOG][2018-06-12 01:30:20,016][INFO][find_string()] No iframe in temp_html_code/html_downloaded_Six-Guns_ Gang Showdown by Gameloft - com/create-challenge?challenged_user_id=
[INTERNAL_LOG][2018-06-12 01:30:20,016][INFO][find_string()] [END ANALYZE FILE]

[INTERNAL_LOG][2018-06-12 01:30:20,017][INFO][find_url_in_apk()] [START ALL URL INSIDE APK]
[INTERNAL_LOG][2018-06-12 01:30:20,017][INFO][find_url_in_apk()] https://m.facebook.com/dialog/
https://graph.facebook.com/
https://api.facebook.com/restserver.php
https://graph.facebook.com/%s/picture
https://graph.%s
https://graph-video.%s
https://facebook.com
https://ads.flurry.com/v6/getAds.do
http://ads.flurry.com/v6/getAds.do
https://adlog.flurry.com
http://adlog.flurry.com
http://data.flurry.com/aap.do
https://data.flurry.com/aap.do
https://play.google.com/store/apps/details?id=
https://market.android.com/details?id=
https://www.googleapis.com/games/v1management/achievements/reset
https://201205igp.gameloft.com/redir/ads_server.php?game_code=GAME_CODE&udid=&hdidfv=HDIDFV&androidid=ANDROIDID&d=DEVICE_NAME&f=FIRMWARE&lg=LANGUAGE&game_ver=GAMEVERSION&check_pau=1&os=android
https://201205igp.gameloft.com/redir/ads_server.php?game_code=GAME_CODE&udid=&hdidfv=HDIDFV&androidid=&d=DEVICE_NAME&f=FIRMWARE&country=COUNTRY&lg=LANGUAGE&game_ver=GAMEVERSION&os=android&igp_rev=1005
https://201205igp.gameloft.com/redir/ads_server.php?game_code=GAME_CODE&udid=&hdidfv=HDIDFV&androidid=&d=DEVICE_NAME&f=FIRMWARE&country=COUNTRY&lg=LANGUAGE&game_ver=GAMEVERSION&os=android&igp_rev=1005&freecash=1
https://201205igp.gameloft.com/redir/ads_server.php?game_code=GAME_CODE&udid=&hdidfv=HDIDFV&androidid=&d=DEVICE_NAME&f=FIRMWARE&country=COUNTRY&lg=LANGUAGE&game_ver=GAMEVERSION&os=android&igp_rev=1005&freecash=1
https://201205igp.gameloft.com/redir/ads_capping.php?game=GAME_CODE&udid=&hdidfv=HDIDFV&androidid=&igp_rev=1005
https://201205igp.gameloft.com/redir/ads/ads_server_view.php?from=GAME_CODE&country=COUNTRY&lg=LANGUAGE&udid=&hdidfv=HDIDFV&androidid=&d=DEVICE_NAME&f=FIRMWARE&game_ver=GAMEVERSION&os=android&igp_rev=1005
https://201205igp.gameloft.com/redir/ads/interstitial_view.php?from=FROM&country=COUNTRY&lg=LANG&udid=PHONE&hdidfv=HDIDFV&androidid=&d=DEVICE&f=FIRMWARE&game_ver=VERSION&igp_rev=1005&os=android
http://market.android.com/
http://market.android.com/
http://market.android.com/
http://market.android.com/
http://www.youtube.com/watch?v=
http://www.youtube.com/watch?v=
http://www.youtube.com/watch?v=
http://www.youtube.com/watch?v=
http://www.youtube.com/watch?v=
http://www.youtube.com/watch?v=
http://www.youtube.com/watch?v=
http://www.youtube.com/watch?v=
http://www.google.com
http://www.google.com
http://www.google.com
https://201205igp.gameloft.com/redir/freecash/ro_view.php
https://201205igp.gameloft.com/redir/freecash/rv_view.php
https://201205igp.gameloft.com/redir/freecash/cinema_view.php
http://201205igp.gameloft.com/redir/?from=GAME_CODE&op=AMAZ&ctg=SUPPORT&opref=webview
http://201205igp.gameloft.com/redir/?from=GAME_CODE&op=AMAZ&ctg=SUPPORT&opref=DEVICE_IDENTIFICATOR
https://201205igp.gameloft.com/redir/hdloading.php?game=#GAME#&country=#COUNTRY#&lg=#LANG#&ver=#IGP_VERSION#&device=#DEVICE#&f=#FIRMWARE#&udid=&hdidfv=#HDIDFV#&androidid=&g_ver=#VERSION#&line_number=#LINE_NUMBER#&google_adid=#GOOGLE_ADID#&google_optout=#GOOGLE_OPTOUT#
https://secure.gameloft.com/tryandbuy/notifications/
https://secure.gameloft.com/tryandbuy/notifications/
http://201205igp.gameloft.com/redir/hdloading.php
http://201205igp.gameloft.com/redir/hdloading.php
https://secure.gameloft.com/android/3g_carrier.php
https://secure.gameloft.com/android/3g_carrier.php
https://livewebapp.gameloft.com/glive3d/?udid=&hdidfv=HDIDFV&lg=LANG&country=COUNTRY&d=DEVICE_ANDROID&f=FIRMWARE_ANDROID&apptype=_html5&GGI=GGI_GAME&game_ver=GAMEVERSION&height=HEIGHT&width=WIDTH&leftframe=yes
https://livewebapp.gameloft.com/scripts/settings.php?udid=&hdidfv=HDIDFV&lg=LANG&d=DEVICE_ANDROID&f=FIRMWARE_ANDROID&version=1.0.1
https://livewebapp.gameloft.com/scripts/ckecklogin.php?identifier=UDID&hdidfv=HDIDFV&lg=LANG&version=1.0.1&username=_USER_&password=_PASS_&GGI=GGI_GAME
https://livewebapp.gameloft.com/scripts/unlock.php?trophy=NUMTROPHY&identifier=UDID&hdidfv=HDIDFV&lg=LANG&d=DEVICE_ANDROID&f=FIRMWARE_ANDROID&GGI=GGI_GAME&igp_code=GLIA&game_ver=GAMEVERSION&username=_USER_&password=_PASS_
http://livewebapp.gameloft.com/glive/?lg=LANG&country=COUNTRY_DETECTED&d=DEVICE_ANDROID&f=FIRMWARE_ANDROID&udid=&GGI=GGIGAME&device_token=DEV_TOKEN&username=USER_NAME&pass=PASSWORD&remember_me=AUTOLOGIN&type=ANDROID&height=SCREEN_HEIGHT
http://livewebapp.gameloft.com/glive/?lg=LANG&country=COUNTRY_DETECTED&d=DEVICE_ANDROID&f=FIRMWARE_ANDROID&udid=&GGI=GGIGAME&device_token=DEV_TOKEN&username=USER_NAME&pass=PASSWORD&remember_me=AUTOLOGIN&type=ANDROID&height=SCREEN_HEIGHT
http://livewebapp.gameloft.com/glive/?lg=LANG&country=COUNTRY_DETECTED&d=DEVICE_ANDROID&f=FIRMWARE_ANDROID&udid=&GGI=GGIGAME&device_token=DEV_TOKEN&username=USER_NAME&pass=PASSWORD&remember_me=AUTOLOGIN&type=ANDROID&height=SCREEN_HEIGHT
http://livewebapp.gameloft.com/glive/?lg=LANG&country=COUNTRY_DETECTED&d=DEVICE_ANDROID&f=FIRMWARE_ANDROID&udid=&GGI=GGIGAME&device_token=DEV_TOKEN&username=USER_NAME&pass=PASSWORD&remember_me=AUTOLOGIN&type=ANDROID&height=SCREEN_HEIGHT&fb=1
http://livewebapp.gameloft.com/glive/?lg=LANG&country=COUNTRY_DETECTED&d=DEVICE_ANDROID&f=FIRMWARE_ANDROID&udid=&GGI=GGIGAME&device_token=DEV_TOKEN&username=USER_NAME&pass=PASSWORD&remember_me=AUTOLOGIN&type=ANDROID&height=SCREEN_HEIGHT&fb=1
http://livewebapp.gameloft.com/glive/?lg=LANG&country=COUNTRY_DETECTED&d=DEVICE_ANDROID&f=FIRMWARE_ANDROID&udid=&GGI=GGIGAME&device_token=DEV_TOKEN&username=USER_NAME&pass=PASSWORD&remember_me=AUTOLOGIN&type=ANDROID&height=SCREEN_HEIGHT&fb=1
http://livewebapp.gameloft.com/glive/leaderboards/
http://livewebapp.gameloft.com/glive/leaderboards/
http://livewebapp.gameloft.com/glive/leaderboards
http://livewebapp.gameloft.com/glive/leaderboards
http://livewebapp.gameloft.com/glive/ranking/
http://livewebapp.gameloft.com/glive/ranking/
http://livewebapp.gameloft.com/glive/ranking
http://livewebapp.gameloft.com/glive/ranking
http://livewebapp.gameloft.com/glive/games/show-game/gid/
http://livewebapp.gameloft.com/glive/games/show-game/gid/
http://livewebapp.gameloft.com/glive/friends/add-friends/fb_new/inv/fb_q/1
http://livewebapp.gameloft.com/glive/friends/add-friends/fb_new/inv/fb_q/1
http://livewebapp.gameloft.com/glive/friends/add-friends/fb_new/src/fb_q/1
http://livewebapp.gameloft.com/glive/friends/add-friends/fb_new/src/fb_q/1
https://www.facebook.com/login.php?login_attempt=1&popup=1
https://www.facebook.com/login.php?login_attempt=1&popup=1
http://livewebapp.gameloft.com/glive/games/trophies/gid/
http://livewebapp.gameloft.com/glive/games/trophies/gid/
http://livewebapp.gameloft.com/glive/account/index/uid
http://livewebapp.gameloft.com/glive/account/index/uid
http://livewebapp.gameloft.com/glive/friends/?iDelete=
http://livewebapp.gameloft.com/glive/friends/?iDelete=
http://livewebapp.gameloft.com/glive/friends?iDelete=
http://livewebapp.gameloft.com/glive/friends?iDelete=
http://livewebapp.gameloft.com/glive/login/recover-password
http://livewebapp.gameloft.com/glive/login/recover-password
http://livewebapp.gameloft.com/glive/login/recover-password
http://livewebapp.gameloft.com/glive/account/username
http://livewebapp.gameloft.com/glive/account/username
http://livewebapp.gameloft.com/glive/account/password
http://livewebapp.gameloft.com/glive/account/password
http://livewebapp.gameloft.com/glive/account/email
http://livewebapp.gameloft.com/glive/account/email
http://livewebapp.gameloft.com/glive/account/avatar
http://livewebapp.gameloft.com/glive/account/avatar
http://livewebapp.gameloft.com/glive/account/edit
http://livewebapp.gameloft.com/glive/account/edit
http://livewebapp.gameloft.com/glive/friends?select=yes
http://livewebapp.gameloft.com/glive/friends?select=yes
http://livewebapp.gameloft.com/glive/friends/index/select/yes?user_name=
http://livewebapp.gameloft.com/glive/friends/index/select/yes?user_name=
http://livewebapp.gameloft.com/glive/friends/index/select/yes?user_name=
http://livewebapp.gameloft.com/glive/signal-back
http://livewebapp.gameloft.com/glive/signal-back
http://livewebapp.gameloft.com/glive/signal-back
http://livewebapp.gameloft.com/glive/friends/show-invite-email
http://livewebapp.gameloft.com/glive/friends/show-invite-email
http://livewebapp.gameloft.com/glive/friends/show-invite-email
http://livewebapp.gameloft.com/glive/games/recommend-via-mail/id
http://livewebapp.gameloft.com/glive/games/recommend-via-mail/id
http://wapshop.gameloft.com/wifi/hdplus_full_shop
http://wapshop.gameloft.com/wifi/hdplus_full_shop
http://201205igp.gameloft.com/redir/?from
http://201205igp.gameloft.com/redir/?from
http://201205igp.gameloft.com/redir/?from
http://201205igp.gameloft.com/redir/?from
http://livewebapp.gameloft.com/glive/messages/index
http://livewebapp.gameloft.com/glive/messages/index
http://livewebapp.gameloft.com/glive/messages/index
http://livewebapp.gameloft.com/glive/friends
http://livewebapp.gameloft.com/glive/friends
http://livewebapp.gameloft.com/glive/friends
http://livewebapp.gameloft.com/glive/games
http://livewebapp.gameloft.com/glive/games
http://livewebapp.gameloft.com/glive/games
http://livewebapp.gameloft.com/glive/games
http://livewebapp.gameloft.com/glive/
http://livewebapp.gameloft.com/glive/
http://livewebapp.gameloft.com/glive/games/show-game/
http://livewebapp.gameloft.com/glive/account/index/uid/
http://livewebapp.gameloft.com/glive/friends/
http://livewebapp.gameloft.com/glive/friends?iDelete
http://livewebapp.gameloft.com/glive/friends/index/page
http://livewebapp.gameloft.com/glive/login/index
http://livewebapp.gameloft.com/glive/index/index
http://livewebapp.gameloft.com/glive/login
http://livewebapp.gameloft.com/glive/login?iDelete
http://livewebapp.gameloft.com/glive/messages/
http://livewebapp.gameloft.com/glive/messages/show/mid
http://livewebapp.gameloft.com/glive/messages/show-sent/mid
http://livewebapp.gameloft.com/glive/messages/friend/uid/
http://livewebapp.gameloft.com/glive/messages/play/id/
http://livewebapp.gameloft.com/glive/logout
http://livewebapp.gameloft.com/glive/login?iDelete=2
http://livewebapp.gameloft.com/glive/info/
http://livewebapp.gameloft.com/glive/info/
http://livewebapp.gameloft.com/glive/info
http://twitter.com/oauth/authorize?oauth_token
https://www.facebook.com/login.php?api_key
http://livewebapp.gameloft.com/glive/messages/sent
http://livewebapp.gameloft.com/glive/messages/friends
http://livewebapp.gameloft.com/glive/messages/plays
http://livewebapp.gameloft.com/glive/friends/add-friends
http://livewebapp.gameloft.com/glive/?lg=
http://livewebapp.gameloft.com/scripts/banners_click.php
http://dl.gameloft.com
http://livewebapp.gameloft.com/glive/friends/index/select/yes/?user_name=
http://livewebapp.gameloft.com/glive/friends/evaluate/fid/FRIEND_ID/value/
http://livewebapp.gameloft.com/glive/account
http://livewebapp.gameloft.com/glive/index/add-trophy
https://livewebapp.gameloft.com/glive/account/creation/
https://livewebapp.gameloft.com/glive/login/recover-password/
http://livewebapp.gameloft.com/glive/games/recommend-via-twitter/id/
http://livewebapp.gameloft.com/glive/games/show-game/gid/GAMEID/fb_send/yes
http://livewebapp.gameloft.com/glive/leaderboards/index/gid/
http://livewebapp.gameloft.com/glive/leaderboards/index/gid
http://livewebapp.gameloft.com/glive/leaderboards/national/gid/
http://livewebapp.gameloft.com/glive/leaderboards/friends/gid/
https://201205igp.gameloft.com/redir/?from=GAME_CODE&op=ANMP&t=review&game=GAME_CODE&ctg=GAME_REVIEW&ver=VERSION_CODE&lg=LANGCODE&country=COUNTRYCODE&d=DEVICE_NAME&f=FIRMWARE&udid=&hdidfv=HDIDFV&androidid=
https://201205igp.gameloft.com/redir/?from=GAME_CODE&op=ANMP&ctg=FBOOK&t=facebook&game=GAME_CODE&ver=GAMEVERSION&&lg=LANGCODE&country=COUNTRYCODE&d=DEVICE_NAME&f=FIRMWARE&udid=&hdidfv=HDIDFV&androidid=
http://201205igp.gameloft.com/redir/?from=GAME_CODE&op=ANMP&t=twitter&game=GAME_CODE&ver=GAMEVERSION&lg=LANGCODE&country=COUNTRYCODE&d=DEVICE_NAME&f=FIRMWARE&udid=
http://gloft.co/ab31d04a
http://gloft.co/ab31d04a
http://201205igp.gameloft.com/redir/?from=GAME_CODE&t=facebook&op=ANMP&game=GAME_CODE
http://201205igp.gameloft.com/redir/?from=GAME_CODE&t=twitter&op=ANMP&game=GAME_CODE
https://201205igp.gameloft.com/redir/?from=GAME_CODE&op=ANMP&ctg=OPTION&ver=VERSION_CODE&lg=LANGCODE&country=COUNTRYCODE&d=DEVICE_NAME&f=FIRMWARE&udid=&hdidfv=HDIDFV&androidid=
https://201205igp.gameloft.com/redir/?from=GAME_CODE&op=ANMP&game=GAME_CODE&ctg=OPTION&ver=VERSION_CODE&lg=LANGCODE&country=COUNTRYCODE&d=DEVICE_NAME&f=FIRMWARE&udid=&hdidfv=HDIDFV&t=game&androidid=
http://www.gameloft.com/eula/?lang=GAME_LANGUAGE&ctg=EULA
http://www.gameloft.com/privacy-notice/?lang=GAME_LANGUAGE
http://www.gameloft.com/conditions/?lang=GAME_LANGUAGE&ctg=TERMS
https://m.facebook.com/sixgunsgame
https://201205igp.gameloft.com/redir/freemium/hdfreemium.php?from=GAME_CODE&country=COUNTRY_DETECTED&lg=LANG&udid=&hdidfv=HDIDFV&androidid=&d=DEVICE&f=FIRMWARE&game_ver=VERSION&os=android&igp_rev=1006
https://signal-back.com
https://201205igp.gameloft.com/redir/android/index.php?page=gameinformation
https://201205igp.gameloft.com/redir/?from=
https://play.google.com/store/apps/details
https://play.google.com/store/apps/details
https://play.google.com/store/search
https://play.google.com/store/search
http://tsto.re/
http://tsto.re/
http://tsto.re/
http://tsto.re/
https://201205igp.gameloft.com/redir/ingamebrowser.php
https://201205igp.gameloft.com/redir/?
https://201205igp.gameloft.com/redir/ingamenews.php?action=checkNews&last-id=LAST_ID
https://201205igp.gameloft.com/redir/ingamenews.php?action=saveNews&last-id=LAST_ID
https://201205igp.gameloft.com/redir/ingamenews.php?action=displayNews
https://play.google.com/store/apps/details?
https://play.google.com/store/apps/details?
https://play.google.com/store/search?
https://play.google.com/store/search?
https://201205igp.gameloft.com/redir/ads/splashscreen_view.php?from=FROM&country=COUNTRY&lg=LANG&udid=&hdidfv=HDIDFV&androidid=&d=DEVICE&f=FIRMWARE&game_ver=VERSION&igp_rev=1005&os=android
https://201205igp.gameloft.com/redir/ads/hocscreen.php?from=FROM&country=COUNTRY&lg=LANG&udid=&hdidfv=HDIDFV&androidid=&d=DEVICE&f=FIRMWARE&game_ver=VERSION&igp_rev=1005&os=android
http://201205igp.gameloft.com/redir/
http://wapshop.gameloft.com/support/index.php?lang=
http://201205igp.gameloft.com/redir/ads/splashscreen_click.php
http://livewebapp.gameloft.com/glive/friends/add-friends/
http://livewebapp.gameloft.com/glive/games/recommend-via-mail/id/
http://livewebapp.gameloft.com/glive/games/recommend-via-mail/id/
http://livewebapp.gameloft.com/glive/games/recommend-via-mail/id/
http://livewebapp.gameloft.com/glive/friends/show-invite-email/android_uid/
http://livewebapp.gameloft.com/glive/friends/?select=yes
http://livewebapp.gameloft.com/glive/messages/send-message/android_uid/
http://livewebapp.gameloft.com/glive/messages/sent/
http://livewebapp.gameloft.com/glive/challenges/create-challenge?challenged_user_id=
http://livewebapp.gameloft.com/glive/challenges/create-challenge?challenged_user_id=
http://livewebapp.gameloft.com/glive/games/compare/uid/
http://livewebapp.gameloft.com/glive/games/compare/uid/
http://livewebapp.gameloft.com/glive/games/compare/uid/
http://livewebapp.gameloft.com/glive/games/compare/uid/
http://livewebapp.gameloft.com/glive/friends/delete-friend/uid/
http://livewebapp.gameloft.com/glive/friends/delete-friend/uid/
http://livewebapp.gameloft.com/glive/account/add-friend/uid/
https://201205igp.gameloft.com/redir/rewards.php?action=retrieveItems&game_code=
http://market.android.com/details?id=
http://www.w3.org/2001/XMLSchema
http://dl.gameloft.com/partners/androidmarket/d.cdn.php
http://vgold.gameloft.com:20000
http://www.google-analytics.com/collect
http://www.google-analytics.com/collect
http://www.google-analytics.com/collect
https://ssl.google-analytics.com/collect
https://ssl.google-analytics.com/collect
https://www.googleapis.com/auth/appstate
https://www.googleapis.com/auth/appstate
https://www.googleapis.com/auth/drive.file
https://www.googleapis.com/auth/drive.appdata
https://www.googleapis.com/auth/drive
https://www.googleapis.com/auth/drive.apps
https://www.googleapis.com/auth/games
https://www.googleapis.com/auth/games
https://www.googleapis.com/auth/games.firstparty
https://www.googleapis.com/auth/games.firstparty
http://googleads.g.doubleclick.net/mads/static/sdk/native/sdk-core-v40.html
http://googleads.g.doubleclick.net/mads/static/sdk/native/sdk-core-v40.html
http://googleads.g.doubleclick.net/mads/static/mad/sdk/native/sdk-core-v40.html
http://media.admob.com/mraid/v1/mraid_app_interstitial.js
http://media.admob.com/mraid/v1/mraid_app_expanded_banner.js
http://media.admob.com/mraid/v1/mraid_app_banner.js
http://plus.google.com/
https://www.googleapis.com/auth/plus.login
https://www.googleapis.com/auth/plus.login
https://www.googleapis.com/auth/plus.login
https://www.googleapis.com/auth/plus.me
http://schemas.android.com/apk/lib/com.google.android.gms.plus
http://schemas.android.com/apk/lib/com.google.android.gms.plus
http://hostname/?
https://www.googletagmanager.com

[INTERNAL_LOG][2018-06-12 01:30:20,017][INFO][find_url_in_apk()] [END ALL URL INSIDE APK]
[INTERNAL_LOG][2018-06-12 01:30:20,432][INFO][check_method_conf()] [JavaScript enabled: True]

[INTERNAL_LOG][2018-06-12 01:30:20,432][INFO][check_method_conf()] [Add interface WebView: True]

[INTERNAL_LOG][2018-06-12 01:30:20,432][INFO][analyze_start()] This app might be not vulnerable on  attack frame confusion.
[INTERNAL_LOG][2018-06-12 01:30:20,432][INFO][analyze_start()] End time:[Tue Jun 12 01:30:20 2018]
