[INTERNAL_LOG][2018-06-12 06:50:37,530][INFO][analyze_start()] Init Time [Tue Jun 12 06:50:37 2018]
[INTERNAL_LOG][2018-06-12 06:50:37,669][INFO][run()] Start Analysis
[INTERNAL_LOG][2018-06-12 06:50:37,670][INFO][is_hybird()] [Permission Enble Start]
[INTERNAL_LOG][2018-06-12 06:50:37,670][INFO][is_hybird()] com.skout.android.permission.C2D_MESSAGE
[INTERNAL_LOG][2018-06-12 06:50:37,670][INFO][is_hybird()] com.google.android.c2dm.permission.RECEIVE
[INTERNAL_LOG][2018-06-12 06:50:37,670][INFO][is_hybird()] android.permission.WAKE_LOCK
[INTERNAL_LOG][2018-06-12 06:50:37,670][INFO][is_hybird()] android.permission.GET_ACCOUNTS
[INTERNAL_LOG][2018-06-12 06:50:37,671][INFO][is_hybird()] android.permission.USE_CREDENTIALS
[INTERNAL_LOG][2018-06-12 06:50:37,671][INFO][is_hybird()] android.permission.INTERNET
[INTERNAL_LOG][2018-06-12 06:50:37,671][INFO][is_hybird()] android.permission.ACCESS_COARSE_LOCATION
[INTERNAL_LOG][2018-06-12 06:50:37,671][INFO][is_hybird()] android.permission.ACCESS_FINE_LOCATION
[INTERNAL_LOG][2018-06-12 06:50:37,671][INFO][is_hybird()] android.permission.VIBRATE
[INTERNAL_LOG][2018-06-12 06:50:37,671][INFO][is_hybird()] android.permission.ACCESS_NETWORK_STATE
[INTERNAL_LOG][2018-06-12 06:50:37,671][INFO][is_hybird()] android.permission.RECEIVE_BOOT_COMPLETED
[INTERNAL_LOG][2018-06-12 06:50:37,671][INFO][is_hybird()] android.permission.WRITE_EXTERNAL_STORAGE
[INTERNAL_LOG][2018-06-12 06:50:37,671][INFO][is_hybird()] com.android.vending.BILLING
[INTERNAL_LOG][2018-06-12 06:50:37,671][INFO][is_hybird()] android.permission.ACCESS_WIFI_STATE
[INTERNAL_LOG][2018-06-12 06:50:37,671][INFO][is_hybird()] android.permission.READ_PHONE_STATE
[INTERNAL_LOG][2018-06-12 06:50:37,671][INFO][is_hybird()] com.google.android.providers.gsf.permission.READ_GSERVICES
[INTERNAL_LOG][2018-06-12 06:50:37,671][INFO][is_hybird()] android.permission.CAMERA
[INTERNAL_LOG][2018-06-12 06:50:37,671][INFO][is_hybird()] android.permission.RECORD_AUDIO
[INTERNAL_LOG][2018-06-12 06:50:37,671][INFO][is_hybird()] android.permission.MODIFY_AUDIO_SETTINGS
[INTERNAL_LOG][2018-06-12 06:50:37,671][INFO][is_hybird()] android.permission.READ_EXTERNAL_STORAGE
[INTERNAL_LOG][2018-06-12 06:50:37,671][INFO][is_hybird()] com.google.android.finsky.permission.BIND_GET_INSTALL_REFERRER_SERVICE
[INTERNAL_LOG][2018-06-12 06:50:37,671][INFO][is_hybird()] android.permission.CHANGE_WIFI_STATE
[INTERNAL_LOG][2018-06-12 06:50:37,671][INFO][is_hybird()] [Permission End]

[INTERNAL_LOG][2018-06-12 06:50:37,671][INFO][analyze_start()] TYPE APK: [ANDROID NATIVE]

[INTERNAL_LOG][2018-06-12 06:50:37,671][INFO][find_string()] [START FILE ANALYZE]
[INTERNAL_LOG][2018-06-12 06:50:37,671][INFO][find_string()] File: assets/vpaid_html_template.html
[INTERNAL_LOG][2018-06-12 06:50:37,673][INFO][find_string()] No iframe in assets/vpaid_html_template.html
[INTERNAL_LOG][2018-06-12 06:50:37,673][INFO][find_string()] File: assets/vpaid_html_template_ex.html
[INTERNAL_LOG][2018-06-12 06:50:37,674][INFO][find_string()] No iframe in assets/vpaid_html_template_ex.html
[INTERNAL_LOG][2018-06-12 06:50:37,674][INFO][find_string()] [END ANALYZE FILE]

[INTERNAL_LOG][2018-06-12 06:50:37,674][INFO][find_string()] [START FILE ANALYZE]
[INTERNAL_LOG][2018-06-12 06:50:37,674][INFO][find_string()] File: assets/mmadsdk/actionsQueue.js
[INTERNAL_LOG][2018-06-12 06:50:37,675][INFO][find_string()] No iframe in assets/mmadsdk/actionsQueue.js
[INTERNAL_LOG][2018-06-12 06:50:37,675][INFO][find_string()] File: assets/mmadsdk/mm.js
[INTERNAL_LOG][2018-06-12 06:50:37,676][INFO][find_string()] No iframe in assets/mmadsdk/mm.js
[INTERNAL_LOG][2018-06-12 06:50:37,676][INFO][find_string()] File: assets/mmadsdk/mraid.js
[INTERNAL_LOG][2018-06-12 06:50:37,678][INFO][find_string()] No iframe in assets/mmadsdk/mraid.js
[INTERNAL_LOG][2018-06-12 06:50:37,678][INFO][find_string()] File: assets/mmadsdk/vpaid.js
[INTERNAL_LOG][2018-06-12 06:50:37,682][INFO][find_string()] No iframe in assets/mmadsdk/vpaid.js
[INTERNAL_LOG][2018-06-12 06:50:37,682][INFO][find_string()] File: res/raw/mraid.js
[INTERNAL_LOG][2018-06-12 06:50:37,685][INFO][find_string()] No iframe in res/raw/mraid.js
[INTERNAL_LOG][2018-06-12 06:50:37,685][INFO][find_string()] [END ANALYZE FILE]

[INTERNAL_LOG][2018-06-12 06:52:37,794][INFO][find_url_in_apk()] [START URL LOADED INSIDE LOAD FUNCTION]
[INTERNAL_LOG][2018-06-12 06:52:37,794][INFO][find_url_in_apk()] http://play.google.com/store/apps/

[INTERNAL_LOG][2018-06-12 06:52:37,794][INFO][find_url_in_apk()] [END URL LOADED INSIDE LOAD FUNCTION]
[INTERNAL_LOG][2018-06-12 06:52:38,646][ERROR][download_page_loaded()] Failed download: http://play.google.com/store/apps/ for exception [Errno 21] Is a directory: 'temp_html_code/html_downloaded_SKOUT - Meet_ Chat_ Go Live by Skout Inc/'
[INTERNAL_LOG][2018-06-12 06:52:38,647][INFO][find_string()] [START REMOTE FILE ANALYZE]
[INTERNAL_LOG][2018-06-12 06:52:38,647][INFO][find_string()] [END ANALYZE FILE]

[INTERNAL_LOG][2018-06-12 06:52:38,647][INFO][find_url_in_apk()] [START ALL URL INSIDE APK]
[INTERNAL_LOG][2018-06-12 06:52:38,648][INFO][find_url_in_apk()] http://schemas.android.com/apk/res/android
http://schemas.android.com/apk/res/android
http://schemas.android.com/apk/res/android
http://schemas.android.com/apk/res/android
https://www.example.com
https://www.example.com
http://schemas.microsoft.com/DRM/2007/03/protocols/AcquireLicense
https://googleads.g.doubleclick.net/mads/static/mad/sdk/native/sdk-core-v40.html
https://googleads.g.doubleclick.net/mads/static/mad/sdk/native/mraid/v2/mraid_app_banner.js
https://googleads.g.doubleclick.net/mads/static/mad/sdk/native/mraid/v2/mraid_app_expanded_banner.js
https://googleads.g.doubleclick.net/mads/static/mad/sdk/native/mraid/v2/mraid_app_interstitial.js
https://csi.gstatic.com/csi
https://googleads.g.doubleclick.net/mads/static/mad/sdk/native/native_ads.html
https://googleads.g.doubleclick.net/mads/static/mad/sdk/native/native_video_ads.html
https://www.google.com/dfp/linkDevice
https://www.google.com/dfp/inAppPreview
https://www.google.com/dfp/debugSignals
https://www.google.com/dfp/sendDebugData
http://www.example.com
http://www.example.com
http://www.example.com
https://pagead2.googlesyndication.com/pagead/gen_204
https://www.googleapis.com/auth/plus.login
https://www.googleapis.com/auth/plus.me
https://twitter.com/%s/status/%s
https://www.mopub.com/optout/
https://www.mopub.com/optout/
http://elb-skout-soap-skms-602980907.us-west-2.elb.amazonaws.com
http://elb-skout-rest
http://www.andqa.skout.com
http://qa1.sjc1.skout.com:8080
http://qa2.sjc1.skout.com:8080
http://qa3.sjc1.skout.com:8080
http://qa4.sjc1.skout.com:8080
http://qa7.sjc1.skout.com:8080
http://www.iosqa.skout.com
http://a.boyahoy.com
https://a.boyahoy.com:443/services/2.0/
http://a.flurv.com
https://a.flurv.com:443/services/2.0/
http://a.skoutapis.com
https://a.skoutapis.com:443/services/2.0/
http://people.skout.com/
https://332840.measurementapi.com/serve?action=click&publisher_id=332840&site_id=123099&my_campaign=Skout_ROW_ChatList_Android&ref_id={skout_id}
https://332840.measurementapi.com/serve?action=click&publisher_id=332840&site_id=123099&my_campaign=Skout_ROW_Menu_Android&ref_id={skout_id}
https://4990.tlnk.io/serve?action=click&publisher_id=332840&site_id=123099&my_campaign=Skout_ROW_LightProfile_Android&ref_id={skout_id}
https://332840.measurementapi.com/serve?action=click&publisher_id=332840&site_id=123099&my_campaign=Skout_ROW_Notifications_Android&ref_id={skout_id}
http://assets.meetmecdna.com/images/gifts/
https://video-api.
https://skout.com/topstreamer
http://www.
http://www.
https://skout.com/
https://d1byvlfiet2h9q.cloudfront.net/InApp/resources/adInformationDialog3.html
https://d1byvlfiet2h9q.cloudfront.net/InApp/resources/adInformationDialog3.html
https://www.com.startapp.com/policy/sdk-policy/
https://www.com.startapp.com/policy/sdk-policy/
https://info.startappservice.com/InApp/resources/info_l.png
http://example.com/
https://play.google.com/store/apps/details?id=
https://play.google.com/store/apps/details?id=
https://play.google.com/store/apps/details?id=
https://play.google.com/store/apps/details?id=
https://play.google.com/store/apps/details?id=
https://play.google.com/store/apps/details?id=
http://server.wichro.com
http://server.wichro.com
http://localhost/
http://localhost/
http://localhost/
http://images-public.skout.com/ebfc05d872e2467b9a438314228db570_314159
http://images-public.skout.com/06d3fe35695ca774383e26ab66dcc81c
http://images-public.skout.com/b92dfb2343994c41ae24aa56914b229b_20141026
http://images-public.skout.com/16c5efbce3054e8cb00221f6f43c227b_20141026
http://www.skoutapis.com/tos.html
http://www.skoutapis.com/tos.html
http://www.skoutapis.com/tos.html
http://www.skoutapis.com/privacy.html
http://www.skoutapis.com/privacy.html
http://www.skoutapis.com/privacy.html
http://www.skoutapis.com/safety.html
http://www.skoutapis.com/safety.html
https://app.adjust.com
https://app.adjust.com
http://ads.aerserv.com/as/sdk/v1/
http://ads.aerserv.com/as/sdk/v1/
http://ads.aerserv.com/as/sdk/v1/
http://ads.aerserv.com/as/sdk/v1/
http://staging.ads.aerserv.com/as/sdk/v1/
http://staging.ads.aerserv.com/as/sdk/v1/
https://ads.aerserv.com/as/sdk/configure/
http://debug.aerserv.com/sybok/analytics
http://debug.aerserv.com/sybok/
https://omhooyf5o.qnssl.com
https://omhopkmng.qnssl.com
http://net.cleverjp.com/
http://schemas.applovin.com/android/1.0
http://schemas.applovin.com/android/1.0
http://d.applovin.com/
http://a.applovin.com/
https://vid.applovin.com/,https://pdn.applovin.com/,https://img.applovin.com/,https://d.applovin.com/,https://assets.applovin.com/,https://cdnjs.cloudflare.com/,http://vid.applovin.com/,http://pdn.applovin.com/,http://img.applovin.com/,http://d.applovin.com/,http://assets.applovin.com/,http://cdnjs.cloudflare.com/
http://rt.applovin.com/pix
https://play.google.com/store/apps/details?id=%s
https://www.facebook.com/audience_network/server_side_reward
https://www.%s.facebook.com/audience_network/server_side_reward
https://graph.facebook.com/network_ads_common
https://graph.%s.facebook.com/network_ads_common
https://www.facebook.com/adnw_logging/
https://www.%s.facebook.com/adnw_logging/
http://play.google.com/store/apps/
http://play.google.com/store/apps/
https://www.facebook.com/
https://www.%s.facebook.com
http://www.facebook.com
https://graph.%s
https://graph-video.%s
https://facebook.com
http://play.google.com/store/apps/details?id=com.facebook.orca
https://ads.flurry.com/v17/getAds.do
http://ads.flurry.com/v17/getAds.do
https://cdn.flurry.com/vast/videocontrols/v2/android.zip
https://adlog.flurry.com
http://adlog.flurry.com
https://www.tumblr.com/oauth/access_token
https://www.tumblr.com/oauth/authorize?oauth_token=%s
https://api.tumblr.com/v2/blog/
https://api.tumblr.com/v2/blog/
https://www.tumblr.com/oauth/request_token
https://api.tumblr.com/v2/user/info
http://www.tumblr.com/connect/login_success.html
http://xmlpull.org/v1/doc/features.html#process-namespaces
http://xmlpull.org/v1/doc/features.html#process-namespaces
http://xmlpull.org/v1/doc/features.html#process-namespaces
http://xmlpull.org/v1/doc/features.html#process-namespaces
http://xmlpull.org/v1/doc/features.html#process-namespaces
http://xmlpull.org/v1/doc/features.html#process-namespaces
http://xmlpull.org/v1/doc/features.html#process-namespaces
http://xmlpull.org/v1/doc/features.html#process-namespaces
http://xmlpull.org/v1/doc/features.html#process-namespaces
http://xmlpull.org/v1/doc/features.html#process-namespaces
http://xmlpull.org/v1/doc/features.html#process-namespaces
http://xmlpull.org/v1/doc/features.html#process-namespaces
http://xmlpull.org/v1/doc/features.html#process-namespaces
https://cfg.flurry.com/sdk/v1/config
https://cfg.flurry.com/sdk/v1/config
https://proton.flurry.com/sdk/v1/config
https://data.flurry.com/pcr.do
https://data.flurry.com/aap.do
http://data.flurry.com/aap.do
https://cdn2.inner-active.mobi/client/ia-js-tags/ia-tag-sdk.min-android-7.1.3.js
http://wv.inner-active.mobi/
https://service.sponsorpay.com/actions/v2
https://service.sponsorpay.com/installs/v2
https://api.sponsorpay.com/vcs/v1/new_credit.json
https://video.fyber.com
https://iframe.sponsorpay.com/mobile
https://engine.sponsorpay.com/interstitial
https://engine.sponsorpay.com/tracker
https://engine.sponsorpay.com/sdk-config
https://engine.fyber.com/video-cache
https://banner.fyber.com/banner
https://banner.fyber.com/tracker
http://www.w3.org/ns/ttml#parameter
https://pagead2.googlesyndication.com/pagead/gen_204?id=gmob-apps
http://hostname/?
http://hostname/?
https://accounts.google.com
https://www.facebook.com
https://www.googleapis.com/auth/games
https://plus.google.com/
http://www.google.com
https://support.google.com/dfp_premium/answer/7160685#push
http://www.google-analytics.com
https://ssl.google-analytics.com
http://schemas.android.com/apk/lib/com.google.android.gms.plus
http://schemas.android.com/apk/lib/com.google.android.gms.plus
https://www.googletagmanager.com
https://www.youtube.com/playlist?list=
https://www.youtube.com/playlist?list=
https://www.youtube.com/channel/
https://www.youtube.com/channel/
https://www.youtube.com/watch?v=
https://www.youtube.com/watch?v=
https://www.youtube.com/user/
https://www.youtube.com/user/
http://play.google.com/store/apps/details
http://schemas.android.com/apk/lib/com.inmobi.ads
http://schemas.android.com/apk/lib/com.inmobi.ads
https://i.l.inmobicdn.net/sdk/sdk/500/android/mraid.js
http://i.w.inmobi.com/showad.asm
https://sdktm.w.inmobi.com/sdkpubreq
http://config.inmobi.com/config-server/v1/config/secure.cfg
http://www.inmobi.com/products/sdk/#downloads
https://sdkm.w.inmobi.com/metrics/e.asm?v=1&
https://www.facebook.com/dialog/feed?app_id=181821551957328&link=
https://m.google.com/app/plus/x/?v=compose&content=
http://twitter.com/home?status=
http://dock.inmobi.com/carb/v1/i
http://dock.inmobi.com/carb/v1/o
https://sdkm.w.inmobi.com/user/e.asm
https://mobile-static.adsafeprotected.com/avid-v2.js
https://mobile-static.adsafeprotected.com/avid-v2.js
https://apps.kiwiapp.mobi/api/partners/auth
https://img.youtube.com/vi/
https://ads.nexage.com
https://z.moatads.com/
https://z.moatads.com/
https://z.moatads.com/
https://z.moatads.com/
http://analytics.rayjump.com
http://net.rayjump.com
http://setting.rayjump.com
https://play.google.com/
https://play.google.com/
https://play.google.com/
https://play.google.com/
http://detect.rayjump.com/mapi/find
http://detect.rayjump.com/mapi/result
http://app.advertising/sdk?v=09m=
http://cdn.88-f.net
http://88.88-f.net/hbx/hberr?v=2.3.3
https://analytics.mopub.com/i/jot/exchange_client_event
http://ad.fractionalmedia.com/ad_server_bin?
http://tags-mobile.jiwire.com/
http://ad.where.com/jin/spotlight/ads?apikey=lB2dO59vmnaQ6dKLCnUCJHwpGKN4H41n&v=2.4&platformid=75&pubid=pvcb&format=html&channel=mobile&ua=
http://ad.where.com/jin/spotlight/ads?format=html&placementtype=320x50&pubid=pvcb&v=2.4
http://ad.where.com/jin/spotlight/ads?format=html&placementtype=320x50&pubid=0da699dc3a&v=2.4
http://ad.where.com/jin/spotlight/ads?v=2.4&platformid=53&pubid=qhpn&apikey=Ba46Xs5R7L82WQODKfCEJlHD2STGnlIh&placement=bottom&format=html&channel=mobile&ua=
http://display.xad.com/rest
https://www.mopub.com/optout
https://maps.googleapis.com/maps/api/geocode/json?sensor=true&latlng=
http://www.quantcast.com/privacy/
http://video-api.mtmestage.com/1
https://www.trialpay.com/dispatch/05ab0b8365bb11c395f76f35af826100
http://play.google.com/store/apps/details?id=com.google.android.gms
https://app.getsentry.com:443
https://app.getsentry.com:443
https://app.getsentry.com:443/api/43633/store/
http://soma.smaato.net/oapi/reqAd.jsp?
http://avr2.smaato.net/report2?
http://i.xx.openx.com/ef3/ef31c13c898edcdfc73feb3c0193b64bcfa70082/754/7544eb4e2c8cb99b125559b8846ce948_2.jpeg
http://www.smaato.com
http://www.smaato.com
http://smaato-android-sdk.s3.amazonaws.com/x.png
http://play.google.com
https://play.google.com
http://east.t.twinprime.com/touch.html
http://east.t.twinprime.com/touch.html
http://east.t.twinprime.com/touch.html
http://east.t.twinprime.com/touch.html
https://e.crashlytics.com/spi/v2/events
https://settings.crashlytics.com/spi/v2/platforms/android/apps/%s/settings
http://ads.maxads.io/
http://ads.maxads.io/
http://ads.maxads.io/
http://ads.maxads.io/
https://ads.maxads.io
http://www.w3.org/2001/XMLSchema
http://www.w3.org/2001/XMLSchema
http://www.w3.org/2001/XMLSchema
http://www.w3.org/2001/XMLSchema
http://www.w3.org/2001/XMLSchema
http://www.w3.org/2001/XMLSchema
http://www.w3.org/2001/XMLSchema
http://www.w3.org/2001/XMLSchema
http://www.w3.org/2001/XMLSchema
http://www.w3.org/2001/XMLSchema
http://www.w3.org/2001/XMLSchema
http://www.w3.org/2001/XMLSchema
http://www.w3.org/2001/XMLSchema
http://www.w3.org/2001/XMLSchema
http://www.w3.org/2001/XMLSchema
http://www.w3.org/2001/XMLSchema
http://www.w3.org/2001/XMLSchema
http://www.w3.org/2001/XMLSchema
http://www.w3.org/2001/XMLSchema
http://www.w3.org/2001/XMLSchema
http://www.w3.org/2001/XMLSchema
http://www.w3.org/2001/XMLSchema
http://www.w3.org/2001/XMLSchema
http://www.w3.org/2001/XMLSchema
http://www.w3.org/2001/XMLSchema
http://www.w3.org/2001/XMLSchema
http://www.w3.org/2001/XMLSchema
http://www.w3.org/2001/XMLSchema
http://www.w3.org/2001/XMLSchema
http://www.w3.org/2001/XMLSchema
http://www.w3.org/2003/11/xpath-datatypes
http://www.w3.org/1999/XSL/Transform
http://java.sun.com/jaxp/xpath/dom
http://java.sun.com/jaxp/xpath/dom
http://www.w3.org/dom/DOMTR
http://www.w3.org/dom/DOMTR
http://www.w3.org/dom/DOMTR
http://www.w3.org/dom/DOMTR
http://www.w3.org/dom/DOMTR
http://www.w3.org/dom/DOMTR
http://www.w3.org/dom/DOMTR
http://www.w3.org/dom/DOMTR
http://www.w3.org/dom/DOMTR
http://www.w3.org/dom/DOMTR
http://www.w3.org/dom/DOMTR
http://www.w3.org/dom/DOMTR
http://www.w3.org/dom/DOMTR
http://www.w3.org/dom/DOMTR
http://www.w3.org/dom/DOMTR
http://www.w3.org/dom/DOMTR
http://www.w3.org/dom/DOMTR
http://www.w3.org/dom/DOMTR
http://www.w3.org/dom/DOMTR
http://www.w3.org/dom/DOMTR
http://www.w3.org/dom/DOMTR
http://www.w3.org/dom/DOMTR
http://www.w3.org/dom/DOMTR
http://www.w3.org/dom/DOMTR
http://www.w3.org/dom/DOMTR
http://www.w3.org/dom/DOMTR
http://www.w3.org/dom/DOMTR
http://www.w3.org/dom/DOMTR
http://www.w3.org/dom/DOMTR
http://www.w3.org/dom/DOMTR
http://www.w3.org/dom/DOMTR
http://www.w3.org/dom/DOMTR
http://www.w3.org/dom/DOMTR
http://www.w3.org/dom/DOMTR
http://www.w3.org/dom/DOMTR
http://www.w3.org/dom/DOMTR
http://www.w3.org/dom/DOMTR
http://www.w3.org/dom/DOMTR
http://www.w3.org/dom/DOMTR
http://www.w3.org/dom/DOMTR
http://www.w3.org/dom/DOMTR
http://www.w3.org/dom/DOMTR
http://www.w3.org/dom/DOMTR
http://www.w3.org/dom/DOMTR
http://www.w3.org/dom/DOMTR
http://www.w3.org/dom/DOMTR
http://www.w3.org/dom/DOMTR
http://www.w3.org/dom/DOMTR
http://www.w3.org/dom/DOMTR
http://www.w3.org/dom/DOMTR
http://www.w3.org/dom/DOMTR
http://www.w3.org/dom/DOMTR
http://www.w3.org/dom/DOMTR
http://www.w3.org/dom/DOMTR
http://www.w3.org/dom/DOMTR
http://www.w3.org/dom/DOMTR
http://www.w3.org/dom/DOMTR
http://www.w3.org/dom/DOMTR
http://www.w3.org/dom/DOMTR
http://www.w3.org/dom/DOMTR
http://www.w3.org/dom/DOMTR
http://www.w3.org/dom/DOMTR
http://www.w3.org/dom/DOMTR
http://www.w3.org/dom/DOMTR
http://www.w3.org/dom/DOMTR
http://www.w3.org/dom/DOMTR
http://www.w3.org/dom/DOMTR
http://www.w3.org/dom/DOMTR
http://www.w3.org/dom/DOMTR
http://www.w3.org/dom/DOMTR
http://www.w3.org/dom/DOMTR
http://www.w3.org/dom/DOMTR
http://www.w3.org/dom/DOMTR
http://www.w3.org/dom/DOMTR
http://www.w3.org/dom/DOMTR
http://www.w3.org/dom/DOMTR
http://www.w3.org/dom/DOMTR
http://www.w3.org/dom/DOMTR
http://www.w3.org/dom/DOMTR
http://www.w3.org/dom/DOMTR
http://www.w3.org/dom/DOMTR
http://www.w3.org/dom/DOMTR
http://www.w3.org/dom/DOMTR
http://www.w3.org/dom/DOMTR
http://www.w3.org/dom/DOMTR
http://www.w3.org/dom/DOMTR
http://www.w3.org/dom/DOMTR
http://www.w3.org/dom/DOMTR
http://www.w3.org/dom/DOMTR
http://www.w3.org/dom/DOMTR
http://www.w3.org/dom/DOMTR
http://www.w3.org/dom/DOMTR
http://www.w3.org/dom/DOMTR
http://www.w3.org/dom/DOMTR
http://www.w3.org/dom/DOMTR
http://www.w3.org/dom/DOMTR
http://www.w3.org/dom/DOMTR
http://www.w3.org/dom/DOMTR
http://www.w3.org/dom/DOMTR
http://www.w3.org/dom/DOMTR
http://www.w3.org/dom/DOMTR
http://www.w3.org/dom/DOMTR
http://www.w3.org/dom/DOMTR
http://www.w3.org/dom/DOMTR
http://www.w3.org/dom/DOMTR
http://www.w3.org/dom/DOMTR
http://www.w3.org/dom/DOMTR
http://www.w3.org/dom/DOMTR
http://www.w3.org/dom/DOMTR
http://www.w3.org/dom/DOMTR
http://www.w3.org/dom/DOMTR
http://www.w3.org/dom/DOMTR
http://www.w3.org/dom/DOMTR
http://www.w3.org/dom/DOMTR
http://www.w3.org/dom/DOMTR
http://www.w3.org/dom/DOMTR
http://www.w3.org/dom/DOMTR
http://www.w3.org/dom/DOMTR
http://www.w3.org/dom/DOMTR
http://www.w3.org/dom/DOMTR
http://www.w3.org/dom/DOMTR
http://www.w3.org/dom/DOMTR
http://www.w3.org/dom/DOMTR
http://www.w3.org/dom/DOMTR
http://www.w3.org/dom/DOMTR
http://www.w3.org/dom/DOMTR
http://www.w3.org/dom/DOMTR
http://www.w3.org/dom/DOMTR
http://www.w3.org/dom/DOMTR
http://www.w3.org/dom/DOMTR
http://www.w3.org/dom/DOMTR
http://www.w3.org/dom/DOMTR
http://www.w3.org/dom/DOMTR
http://www.w3.org/dom/DOMTR
http://www.w3.org/dom/DOMTR
http://www.w3.org/dom/DOMTR
http://www.w3.org/dom/DOMTR
http://www.w3.org/dom/DOMTR
http://www.w3.org/dom/DOMTR
http://www.w3.org/dom/DOMTR
http://www.w3.org/dom/DOMTR
http://www.w3.org/dom/DOMTR
http://www.w3.org/dom/DOMTR
http://www.w3.org/dom/DOMTR
http://www.w3.org/dom/DOMTR
http://www.w3.org/dom/DOMTR
http://www.w3.org/dom/DOMTR
http://www.w3.org/dom/DOMTR
http://www.w3.org/dom/DOMTR
http://www.w3.org/dom/DOMTR
http://www.w3.org/dom/DOMTR
http://www.w3.org/dom/DOMTR
http://www.w3.org/dom/DOMTR
http://www.w3.org/dom/DOMTR
http://www.w3.org/dom/DOMTR
http://www.w3.org/dom/DOMTR
http://www.w3.org/2000/xmlns/
http://www.w3.org/2000/xmlns/
http://www.w3.org/2000/xmlns/
http://www.w3.org/2000/xmlns/
http://www.w3.org/2000/xmlns/
http://www.w3.org/2000/xmlns/
http://www.w3.org/2000/xmlns/
http://www.w3.org/2000/xmlns/
http://www.w3.org/2000/xmlns/
http://www.w3.org/2000/xmlns/
http://www.w3.org/2000/xmlns/
http://www.w3.org/TR/REC-xml
http://www.w3.org/TR/REC-xml
http://www.w3.org/TR/REC-xml
http://www.w3.org/TR/REC-xml
http://www.w3.org/TR/REC-xml
http://www.w3.org/TR/REC-xml
http://www.w3.org/TR/REC-xml
http://www.w3.org/TR/REC-xml
http://www.w3.org/TR/REC-xml
http://www.w3.org/TR/REC-xml
http://www.w3.org/TR/REC-xml
http://www.w3.org/TR/REC-xml
http://www.w3.org/TR/REC-xml
http://www.w3.org/TR/REC-xml
http://www.w3.org/TR/REC-xml
http://www.w3.org/TR/REC-xml
http://www.w3.org/XML/1998/namespace
http://www.w3.org/XML/1998/namespace
http://www.w3.org/XML/1998/namespace
http://www.w3.org/XML/1998/namespace
http://www.w3.org/XML/1998/namespace
http://www.w3.org/XML/1998/namespace
http://www.w3.org/XML/1998/namespace
http://www.w3.org/XML/1998/namespace
http://www.w3.org/XML/1998/namespace
http://www.w3.org/XML/1998/namespace
http://www.w3.org/XML/1998/namespace
http://www.w3.org/XML/1998/namespace
http://xml.org/sax/features/validation
http://xml.org/sax/features/validation
http://xml.org/sax/features/validation
http://xml.org/sax/features/validation
http://xml.org/sax/features/validation
http://xml.org/sax/features/validation
http://xml.org/sax/features/validation
http://xml.org/sax/features/validation
http://xml.org/sax/features/validation
http://xml.org/sax/features/validation
http://xml.org/sax/features/validation
http://xml.org/sax/features/validation
http://xml.org/sax/features/validation
http://xml.org/sax/features/validation
http://xml.org/sax/features/validation
http://xml.org/sax/features/validation
http://xml.org/sax/features/validation
http://xml.org/sax/features/validation
http://xml.org/sax/features/validation
http://xml.org/sax/features/validation
http://xml.org/sax/features/validation
http://xml.org/sax/features/validation
http://xml.org/sax/features/validation
http://xml.org/sax/features/validation
http://xml.org/sax/features/validation
http://xml.org/sax/features/validation
http://xml.org/sax/features/validation
http://xml.org/sax/features/validation
http://xml.org/sax/features/validation
http://xml.org/sax/features/validation
http://xml.org/sax/features/validation
http://xml.org/sax/features/validation
http://xml.org/sax/features/validation
http://xml.org/sax/features/validation
http://xml.org/sax/features/validation
http://xml.org/sax/features/validation
http://xml.org/sax/features/validation
http://xml.org/sax/features/validation
http://xml.org/sax/features/validation
http://xml.org/sax/features/validation
http://xml.org/sax/features/validation
http://xml.org/sax/features/namespaces
http://xml.org/sax/features/namespaces
http://xml.org/sax/features/namespaces
http://xml.org/sax/features/namespaces
http://xml.org/sax/features/namespaces
http://xml.org/sax/features/namespaces
http://xml.org/sax/features/namespaces
http://xml.org/sax/features/namespaces
http://xml.org/sax/features/namespaces
http://xml.org/sax/features/namespaces
http://xml.org/sax/features/namespaces
http://xml.org/sax/features/namespaces
http://xml.org/sax/features/namespaces
http://xml.org/sax/features/namespaces
http://xml.org/sax/features/namespaces
http://xml.org/sax/features/namespaces
http://xml.org/sax/features/namespaces
http://xml.org/sax/features/namespaces
http://xml.org/sax/features/namespaces
http://xml.org/sax/features/namespaces
http://xml.org/sax/features/namespaces
http://xml.org/sax/features/namespaces
http://xml.org/sax/features/namespaces
http://xml.org/sax/features/namespaces
http://xml.org/sax/features/namespaces
http://xml.org/sax/features/namespaces
http://xml.org/sax/features/namespaces
http://xml.org/sax/features/namespaces
http://xml.org/sax/features/namespaces
http://xml.org/sax/features/namespaces
http://xml.org/sax/features/namespaces
http://xml.org/sax/features/namespaces
http://xml.org/sax/features/namespaces
http://xml.org/sax/features/namespaces
http://xml.org/sax/features/namespaces
http://xml.org/sax/features/namespaces
http://xml.org/sax/features/namespaces
http://xml.org/sax/features/namespaces
http://xml.org/sax/features/namespaces
http://apache.org/xml/features/validation/schema
http://apache.org/xml/features/validation/schema
http://apache.org/xml/features/validation/schema
http://apache.org/xml/features/validation/schema
http://apache.org/xml/features/validation/schema
http://apache.org/xml/features/validation/schema
http://apache.org/xml/features/validation/schema
http://apache.org/xml/features/validation/schema
http://apache.org/xml/features/validation/schema
http://apache.org/xml/features/validation/schema
http://apache.org/xml/features/validation/schema
http://apache.org/xml/features/validation/schema
http://apache.org/xml/features/validation/schema
http://apache.org/xml/features/validation/schema
http://apache.org/xml/features/validation/schema
http://apache.org/xml/features/validation/schema
http://apache.org/xml/features/validation/schema
http://apache.org/xml/features/validation/schema
http://apache.org/xml/features/validation/schema
http://apache.org/xml/features/validation/schema
http://apache.org/xml/features/validation/schema
http://apache.org/xml/features/validation/schema
http://apache.org/xml/features/validation/schema
http://apache.org/xml/features/validation/schema
http://apache.org/xml/features/validation/schema
http://apache.org/xml/features/validation/schema
http://apache.org/xml/features/validation/schema
http://apache.org/xml/features/validation/schema-full-checking
http://apache.org/xml/features/validation/schema-full-checking
http://apache.org/xml/features/validation/schema-full-checking
http://apache.org/xml/features/validation/schema-full-checking
http://apache.org/xml/features/validation/schema-full-checking
http://apache.org/xml/features/validation/schema-full-checking
http://apache.org/xml/features/validation/schema-full-checking
http://apache.org/xml/features/validation/schema-full-checking
http://apache.org/xml/features/validation/schema-full-checking
http://apache.org/xml/features/validation/schema-full-checking
http://apache.org/xml/features/validation/schema-full-checking
http://apache.org/xml/features/validation/schema-full-checking
http://apache.org/xml/features/validation/schema-full-checking
http://apache.org/xml/features/validation/dynamic
http://apache.org/xml/features/validation/dynamic
http://apache.org/xml/features/validation/dynamic
http://apache.org/xml/features/validation/dynamic
http://apache.org/xml/features/validation/dynamic
http://apache.org/xml/features/validation/dynamic
http://apache.org/xml/features/validation/dynamic
http://apache.org/xml/features/validation/dynamic
http://apache.org/xml/features/validation/dynamic
http://apache.org/xml/features/validation/schema/normalized-value
http://apache.org/xml/features/validation/schema/normalized-value
http://apache.org/xml/features/validation/schema/normalized-value
http://apache.org/xml/features/validation/schema/normalized-value
http://apache.org/xml/features/validation/schema/normalized-value
http://apache.org/xml/features/validation/schema/normalized-value
http://apache.org/xml/features/validation/schema/normalized-value
http://apache.org/xml/features/validation/schema/normalized-value
http://apache.org/xml/features/validation/schema/normalized-value
http://apache.org/xml/features/validation/schema/element-default
http://apache.org/xml/features/validation/schema/element-default
http://apache.org/xml/features/validation/schema/element-default
http://apache.org/xml/features/validation/schema/element-default
http://apache.org/xml/features/validation/schema/element-default
http://apache.org/xml/features/validation/schema/augment-psvi
http://apache.org/xml/features/validation/schema/augment-psvi
http://apache.org/xml/features/validation/schema/augment-psvi
http://apache.org/xml/features/validation/schema/augment-psvi
http://apache.org/xml/features/validation/schema/augment-psvi
http://apache.org/xml/features/validation/schema/augment-psvi
http://apache.org/xml/features/validation/schema/augment-psvi
http://apache.org/xml/features/validation/schema/augment-psvi
http://apache.org/xml/features/validation/schema/augment-psvi
http://apache.org/xml/features/validation/schema/augment-psvi
http://apache.org/xml/features/validation/schema/augment-psvi
http://apache.org/xml/features/validation/schema/augment-psvi
http://apache.org/xml/features/validation/schema/augment-psvi
http://apache.org/xml/features/validation/schema/augment-psvi
http://apache.org/xml/features/generate-synthetic-annotations
http://apache.org/xml/features/generate-synthetic-annotations
http://apache.org/xml/features/generate-synthetic-annotations
http://apache.org/xml/features/generate-synthetic-annotations
http://apache.org/xml/features/generate-synthetic-annotations
http://apache.org/xml/features/generate-synthetic-annotations
http://apache.org/xml/features/generate-synthetic-annotations
http://apache.org/xml/features/generate-synthetic-annotations
http://apache.org/xml/features/generate-synthetic-annotations
http://apache.org/xml/features/generate-synthetic-annotations
http://apache.org/xml/features/generate-synthetic-annotations
http://apache.org/xml/features/generate-synthetic-annotations
http://apache.org/xml/features/validate-annotations
http://apache.org/xml/features/validate-annotations
http://apache.org/xml/features/validate-annotations
http://apache.org/xml/features/validate-annotations
http://apache.org/xml/features/validate-annotations
http://apache.org/xml/features/validate-annotations
http://apache.org/xml/features/validate-annotations
http://apache.org/xml/features/validate-annotations
http://apache.org/xml/features/honour-all-schemaLocations
http://apache.org/xml/features/honour-all-schemaLocations
http://apache.org/xml/features/honour-all-schemaLocations
http://apache.org/xml/features/honour-all-schemaLocations
http://apache.org/xml/features/honour-all-schemaLocations
http://apache.org/xml/features/honour-all-schemaLocations
http://apache.org/xml/features/honour-all-schemaLocations
http://apache.org/xml/features/honour-all-schemaLocations
http://apache.org/xml/features/honour-all-schemaLocations
http://apache.org/xml/features/honour-all-schemaLocations
http://apache.org/xml/features/honour-all-schemaLocations
http://apache.org/xml/features/internal/validation/schema/use-grammar-pool-only
http://apache.org/xml/features/internal/validation/schema/use-grammar-pool-only
http://apache.org/xml/features/internal/validation/schema/use-grammar-pool-only
http://apache.org/xml/features/internal/validation/schema/use-grammar-pool-only
http://apache.org/xml/features/internal/validation/schema/use-grammar-pool-only
http://apache.org/xml/features/internal/validation/schema/use-grammar-pool-only
http://apache.org/xml/features/internal/validation/schema/use-grammar-pool-only
http://apache.org/xml/features/internal/validation/schema/use-grammar-pool-only
http://apache.org/xml/features/internal/validation/schema/use-grammar-pool-only
http://apache.org/xml/features/disallow-doctype-decl
http://apache.org/xml/features/disallow-doctype-decl
http://apache.org/xml/features/disallow-doctype-decl
http://apache.org/xml/features/disallow-doctype-decl
http://apache.org/xml/features/disallow-doctype-decl
http://apache.org/xml/features/disallow-doctype-decl
http://apache.org/xml/features/disallow-doctype-decl
http://apache.org/xml/features/disallow-doctype-decl
http://apache.org/xml/features/validation/balance-syntax-trees
http://apache.org/xml/features/validation/balance-syntax-trees
http://apache.org/xml/features/validation/balance-syntax-trees
http://apache.org/xml/features/validation/balance-syntax-trees
http://apache.org/xml/features/validation/balance-syntax-trees
http://apache.org/xml/features/validation/balance-syntax-trees
http://apache.org/xml/features/validation/warn-on-duplicate-attdef
http://apache.org/xml/features/validation/warn-on-duplicate-attdef
http://apache.org/xml/features/validation/warn-on-duplicate-attdef
http://apache.org/xml/features/validation/warn-on-duplicate-attdef
http://apache.org/xml/features/validation/warn-on-duplicate-attdef
http://apache.org/xml/features/validation/warn-on-duplicate-attdef
http://apache.org/xml/features/validation/warn-on-duplicate-attdef
http://apache.org/xml/features/validation/warn-on-duplicate-attdef
http://apache.org/xml/features/internal/parser-settings
http://apache.org/xml/features/internal/parser-settings
http://apache.org/xml/features/internal/parser-settings
http://apache.org/xml/features/internal/parser-settings
http://apache.org/xml/features/internal/parser-settings
http://apache.org/xml/features/internal/parser-settings
http://apache.org/xml/features/internal/parser-settings
http://apache.org/xml/features/internal/parser-settings
http://apache.org/xml/features/internal/parser-settings
http://apache.org/xml/features/internal/parser-settings
http://apache.org/xml/features/internal/parser-settings
http://apache.org/xml/features/internal/parser-settings
http://apache.org/xml/features/internal/parser-settings
http://apache.org/xml/features/internal/parser-settings
http://apache.org/xml/features/internal/parser-settings
http://apache.org/xml/features/internal/parser-settings
http://apache.org/xml/features/internal/parser-settings
http://apache.org/xml/features/internal/parser-settings
http://apache.org/xml/features/internal/parser-settings
http://apache.org/xml/features/internal/parser-settings
http://apache.org/xml/features/internal/parser-settings
http://apache.org/xml/features/internal/parser-settings
http://apache.org/xml/features/internal/parser-settings
http://apache.org/xml/features/internal/parser-settings
http://apache.org/xml/features/internal/parser-settings
http://apache.org/xml/features/namespace-growth
http://apache.org/xml/features/namespace-growth
http://apache.org/xml/features/namespace-growth
http://apache.org/xml/features/namespace-growth
http://apache.org/xml/features/namespace-growth
http://apache.org/xml/features/namespace-growth
http://apache.org/xml/features/namespace-growth
http://apache.org/xml/features/namespace-growth
http://apache.org/xml/features/namespace-growth
http://apache.org/xml/features/namespace-growth
http://apache.org/xml/features/namespace-growth
http://apache.org/xml/features/namespace-growth
http://apache.org/xml/features/internal/tolerate-duplicates
http://apache.org/xml/features/internal/tolerate-duplicates
http://apache.org/xml/features/internal/tolerate-duplicates
http://apache.org/xml/features/internal/tolerate-duplicates
http://apache.org/xml/features/internal/tolerate-duplicates
http://apache.org/xml/features/internal/tolerate-duplicates
http://apache.org/xml/features/internal/tolerate-duplicates
http://apache.org/xml/features/internal/tolerate-duplicates
http://apache.org/xml/features/internal/tolerate-duplicates
http://apache.org/xml/features/internal/tolerate-duplicates
http://apache.org/xml/features/internal/tolerate-duplicates
http://xml.org/sax/properties/xml-string
http://xml.org/sax/properties/xml-string
http://xml.org/sax/properties/xml-string
http://xml.org/sax/properties/xml-string
http://xml.org/sax/properties/xml-string
http://apache.org/xml/properties/internal/symbol-table
http://apache.org/xml/properties/internal/symbol-table
http://apache.org/xml/properties/internal/symbol-table
http://apache.org/xml/properties/internal/symbol-table
http://apache.org/xml/properties/internal/symbol-table
http://apache.org/xml/properties/internal/symbol-table
http://apache.org/xml/properties/internal/symbol-table
http://apache.org/xml/properties/internal/symbol-table
http://apache.org/xml/properties/internal/symbol-table
http://apache.org/xml/properties/internal/symbol-table
http://apache.org/xml/properties/internal/symbol-table
http://apache.org/xml/properties/internal/symbol-table
http://apache.org/xml/properties/internal/symbol-table
http://apache.org/xml/properties/internal/symbol-table
http://apache.org/xml/properties/internal/symbol-table
http://apache.org/xml/properties/internal/symbol-table
http://apache.org/xml/properties/internal/symbol-table
http://apache.org/xml/properties/internal/symbol-table
http://apache.org/xml/properties/internal/symbol-table
http://apache.org/xml/properties/internal/symbol-table
http://apache.org/xml/properties/internal/symbol-table
http://apache.org/xml/properties/internal/symbol-table
http://apache.org/xml/properties/internal/symbol-table
http://apache.org/xml/properties/internal/symbol-table
http://apache.org/xml/properties/internal/symbol-table
http://apache.org/xml/properties/internal/symbol-table
http://apache.org/xml/properties/internal/symbol-table
http://apache.org/xml/properties/internal/symbol-table
http://apache.org/xml/properties/internal/symbol-table
http://apache.org/xml/properties/internal/symbol-table
http://apache.org/xml/properties/internal/symbol-table
http://apache.org/xml/properties/internal/symbol-table
http://apache.org/xml/properties/internal/symbol-table
http://apache.org/xml/properties/internal/symbol-table
http://apache.org/xml/properties/internal/symbol-table
http://apache.org/xml/properties/internal/symbol-table
http://apache.org/xml/properties/internal/symbol-table
http://apache.org/xml/properties/internal/symbol-table
http://apache.org/xml/properties/internal/symbol-table
http://apache.org/xml/properties/internal/symbol-table
http://apache.org/xml/properties/internal/symbol-table
http://apache.org/xml/properties/internal/symbol-table
http://apache.org/xml/properties/internal/symbol-table
http://apache.org/xml/properties/internal/symbol-table
http://apache.org/xml/properties/internal/symbol-table
http://apache.org/xml/properties/internal/symbol-table
http://apache.org/xml/properties/internal/symbol-table
http://apache.org/xml/properties/internal/symbol-table
http://apache.org/xml/properties/internal/symbol-table
http://apache.org/xml/properties/internal/symbol-table
http://apache.org/xml/properties/internal/symbol-table
http://apache.org/xml/properties/internal/symbol-table
http://apache.org/xml/properties/internal/symbol-table
http://apache.org/xml/properties/internal/symbol-table
http://apache.org/xml/properties/internal/symbol-table
http://apache.org/xml/properties/internal/symbol-table
http://apache.org/xml/properties/internal/error-handler
http://apache.org/xml/properties/internal/error-handler
http://apache.org/xml/properties/internal/error-handler
http://apache.org/xml/properties/internal/error-handler
http://apache.org/xml/properties/internal/error-handler
http://apache.org/xml/properties/internal/error-handler
http://apache.org/xml/properties/internal/error-handler
http://apache.org/xml/properties/internal/error-handler
http://apache.org/xml/properties/internal/error-handler
http://apache.org/xml/properties/internal/error-handler
http://apache.org/xml/properties/internal/error-handler
http://apache.org/xml/properties/internal/error-handler
http://apache.org/xml/properties/internal/error-handler
http://apache.org/xml/properties/internal/error-handler
http://apache.org/xml/properties/internal/error-handler
http://apache.org/xml/properties/internal/error-handler
http://apache.org/xml/properties/internal/error-handler
http://apache.org/xml/properties/internal/error-handler
http://apache.org/xml/properties/internal/error-handler
http://apache.org/xml/properties/internal/error-handler
http://apache.org/xml/properties/internal/error-handler
http://apache.org/xml/properties/internal/error-handler
http://apache.org/xml/properties/internal/error-handler
http://apache.org/xml/properties/internal/error-handler
http://apache.org/xml/properties/internal/error-handler
http://apache.org/xml/properties/internal/error-handler
http://apache.org/xml/properties/internal/error-handler
http://apache.org/xml/properties/internal/error-handler
http://apache.org/xml/properties/internal/error-handler
http://apache.org/xml/properties/internal/error-handler
http://apache.org/xml/properties/internal/error-handler
http://apache.org/xml/properties/internal/error-handler
http://apache.org/xml/properties/internal/error-handler
http://apache.org/xml/properties/internal/error-handler
http://apache.org/xml/properties/internal/error-handler
http://apache.org/xml/properties/internal/error-handler
http://apache.org/xml/properties/internal/error-handler
http://apache.org/xml/properties/internal/error-handler
http://apache.org/xml/properties/internal/error-handler
http://apache.org/xml/properties/internal/error-handler
http://apache.org/xml/properties/internal/error-handler
http://apache.org/xml/properties/internal/error-handler
http://apache.org/xml/properties/internal/error-handler
http://apache.org/xml/properties/internal/error-handler
http://apache.org/xml/properties/internal/entity-resolver
http://apache.org/xml/properties/internal/entity-resolver
http://apache.org/xml/properties/internal/entity-resolver
http://apache.org/xml/properties/internal/entity-resolver
http://apache.org/xml/properties/internal/entity-resolver
http://apache.org/xml/properties/internal/entity-resolver
http://apache.org/xml/properties/internal/entity-resolver
http://apache.org/xml/properties/internal/entity-resolver
http://apache.org/xml/properties/internal/entity-resolver
http://apache.org/xml/properties/internal/entity-resolver
http://apache.org/xml/properties/internal/entity-resolver
http://apache.org/xml/properties/internal/entity-resolver
http://apache.org/xml/properties/internal/entity-resolver
http://apache.org/xml/properties/internal/entity-resolver
http://apache.org/xml/properties/internal/entity-resolver
http://apache.org/xml/properties/internal/entity-resolver
http://apache.org/xml/properties/internal/entity-resolver
http://apache.org/xml/properties/internal/entity-resolver
http://apache.org/xml/properties/internal/entity-resolver
http://apache.org/xml/properties/internal/entity-resolver
http://apache.org/xml/properties/internal/entity-resolver
http://apache.org/xml/properties/internal/entity-resolver
http://apache.org/xml/properties/internal/entity-resolver
http://apache.org/xml/properties/internal/entity-resolver
http://apache.org/xml/properties/internal/entity-resolver
http://apache.org/xml/properties/internal/entity-resolver
http://apache.org/xml/properties/internal/entity-resolver
http://apache.org/xml/properties/internal/entity-resolver
http://apache.org/xml/properties/internal/entity-resolver
http://apache.org/xml/properties/internal/entity-resolver
http://apache.org/xml/properties/internal/entity-resolver
http://apache.org/xml/properties/internal/entity-resolver
http://apache.org/xml/properties/internal/entity-resolver
http://apache.org/xml/properties/internal/entity-resolver
http://apache.org/xml/properties/internal/entity-resolver
http://apache.org/xml/properties/internal/entity-resolver
http://apache.org/xml/properties/internal/entity-resolver
http://apache.org/xml/properties/internal/entity-resolver
http://apache.org/xml/properties/internal/entity-resolver
http://apache.org/xml/properties/internal/entity-resolver
http://apache.org/xml/properties/internal/entity-resolver
http://apache.org/xml/properties/internal/entity-resolver
http://apache.org/xml/properties/internal/entity-resolver
http://apache.org/xml/properties/internal/entity-resolver
http://apache.org/xml/properties/internal/entity-resolver
http://apache.org/xml/properties/internal/entity-resolver
http://apache.org/xml/properties/internal/entity-resolver
http://apache.org/xml/properties/internal/entity-resolver
http://apache.org/xml/properties/internal/entity-resolver
http://apache.org/xml/properties/internal/entity-resolver
http://apache.org/xml/properties/internal/entity-resolver
http://apache.org/xml/properties/internal/entity-resolver
http://apache.org/xml/properties/internal/entity-resolver
http://apache.org/xml/properties/internal/error-reporter
http://apache.org/xml/properties/internal/error-reporter
http://apache.org/xml/properties/internal/error-reporter
http://apache.org/xml/properties/internal/error-reporter
http://apache.org/xml/properties/internal/error-reporter
http://apache.org/xml/properties/internal/error-reporter
http://apache.org/xml/properties/internal/error-reporter
http://apache.org/xml/properties/internal/error-reporter
http://apache.org/xml/properties/internal/error-reporter
http://apache.org/xml/properties/internal/error-reporter
http://apache.org/xml/properties/internal/error-reporter
http://apache.org/xml/properties/internal/error-reporter
http://apache.org/xml/properties/internal/error-reporter
http://apache.org/xml/properties/internal/error-reporter
http://apache.org/xml/properties/internal/error-reporter
http://apache.org/xml/properties/internal/error-reporter
http://apache.org/xml/properties/internal/error-reporter
http://apache.org/xml/properties/internal/error-reporter
http://apache.org/xml/properties/internal/error-reporter
http://apache.org/xml/properties/internal/error-reporter
http://apache.org/xml/properties/internal/error-reporter
http://apache.org/xml/properties/internal/error-reporter
http://apache.org/xml/properties/internal/error-reporter
http://apache.org/xml/properties/internal/error-reporter
http://apache.org/xml/properties/internal/error-reporter
http://apache.org/xml/properties/internal/error-reporter
http://apache.org/xml/properties/internal/error-reporter
http://apache.org/xml/properties/internal/error-reporter
http://apache.org/xml/properties/internal/error-reporter
http://apache.org/xml/properties/internal/error-reporter
http://apache.org/xml/properties/internal/error-reporter
http://apache.org/xml/properties/internal/error-reporter
http://apache.org/xml/properties/internal/error-reporter
http://apache.org/xml/properties/internal/error-reporter
http://apache.org/xml/properties/internal/error-reporter
http://apache.org/xml/properties/internal/error-reporter
http://apache.org/xml/properties/internal/error-reporter
http://apache.org/xml/properties/internal/error-reporter
http://apache.org/xml/properties/internal/error-reporter
http://apache.org/xml/properties/internal/error-reporter
http://apache.org/xml/properties/internal/error-reporter
http://apache.org/xml/properties/internal/error-reporter
http://apache.org/xml/properties/internal/error-reporter
http://apache.org/xml/properties/internal/error-reporter
http://apache.org/xml/properties/internal/error-reporter
http://apache.org/xml/properties/internal/error-reporter
http://apache.org/xml/properties/internal/error-reporter
http://apache.org/xml/properties/internal/error-reporter
http://apache.org/xml/properties/internal/error-reporter
http://apache.org/xml/properties/internal/error-reporter
http://apache.org/xml/properties/internal/error-reporter
http://apache.org/xml/properties/internal/error-reporter
http://apache.org/xml/properties/internal/entity-manager
http://apache.org/xml/properties/internal/entity-manager
http://apache.org/xml/properties/internal/entity-manager
http://apache.org/xml/properties/internal/entity-manager
http://apache.org/xml/properties/internal/entity-manager
http://apache.org/xml/properties/internal/entity-manager
http://apache.org/xml/properties/internal/entity-manager
http://apache.org/xml/properties/internal/entity-manager
http://apache.org/xml/properties/internal/entity-manager
http://apache.org/xml/properties/internal/entity-manager
http://apache.org/xml/properties/internal/entity-manager
http://apache.org/xml/properties/internal/entity-manager
http://apache.org/xml/properties/internal/entity-manager
http://apache.org/xml/properties/internal/entity-manager
http://apache.org/xml/properties/internal/entity-manager
http://apache.org/xml/properties/internal/entity-manager
http://apache.org/xml/properties/internal/entity-manager
http://apache.org/xml/properties/internal/entity-manager
http://apache.org/xml/properties/internal/entity-manager
http://apache.org/xml/properties/internal/entity-manager
http://apache.org/xml/properties/internal/validation-manager
http://apache.org/xml/properties/internal/validation-manager
http://apache.org/xml/properties/internal/validation-manager
http://apache.org/xml/properties/internal/validation-manager
http://apache.org/xml/properties/internal/validation-manager
http://apache.org/xml/properties/internal/validation-manager
http://apache.org/xml/properties/internal/validation-manager
http://apache.org/xml/properties/internal/validation-manager
http://apache.org/xml/properties/internal/validation-manager
http://apache.org/xml/properties/internal/validation-manager
http://apache.org/xml/properties/internal/validation-manager
http://apache.org/xml/properties/internal/validation-manager
http://apache.org/xml/properties/internal/validation-manager
http://apache.org/xml/properties/internal/validation-manager
http://apache.org/xml/properties/internal/validation-manager
http://apache.org/xml/properties/internal/validation-manager
http://apache.org/xml/properties/internal/validation-manager
http://apache.org/xml/properties/internal/validation-manager
http://apache.org/xml/properties/internal/validation-manager
http://apache.org/xml/properties/internal/validation-manager
http://apache.org/xml/properties/internal/validation-manager
http://apache.org/xml/properties/internal/validation-manager
http://apache.org/xml/properties/internal/grammar-pool
http://apache.org/xml/properties/internal/grammar-pool
http://apache.org/xml/properties/internal/grammar-pool
http://apache.org/xml/properties/internal/grammar-pool
http://apache.org/xml/properties/internal/grammar-pool
http://apache.org/xml/properties/internal/grammar-pool
http://apache.org/xml/properties/internal/grammar-pool
http://apache.org/xml/properties/internal/grammar-pool
http://apache.org/xml/properties/internal/grammar-pool
http://apache.org/xml/properties/internal/grammar-pool
http://apache.org/xml/properties/internal/grammar-pool
http://apache.org/xml/properties/internal/grammar-pool
http://apache.org/xml/properties/internal/grammar-pool
http://apache.org/xml/properties/internal/grammar-pool
http://apache.org/xml/properties/internal/grammar-pool
http://apache.org/xml/properties/internal/grammar-pool
http://apache.org/xml/properties/internal/grammar-pool
http://apache.org/xml/properties/internal/grammar-pool
http://apache.org/xml/properties/internal/grammar-pool
http://apache.org/xml/properties/internal/grammar-pool
http://apache.org/xml/properties/internal/grammar-pool
http://apache.org/xml/properties/internal/grammar-pool
http://apache.org/xml/properties/internal/grammar-pool
http://apache.org/xml/properties/internal/grammar-pool
http://apache.org/xml/properties/internal/grammar-pool
http://apache.org/xml/properties/internal/grammar-pool
http://apache.org/xml/properties/internal/grammar-pool
http://apache.org/xml/properties/internal/grammar-pool
http://apache.org/xml/properties/internal/grammar-pool
http://apache.org/xml/properties/internal/grammar-pool
http://apache.org/xml/properties/internal/grammar-pool
http://apache.org/xml/properties/internal/grammar-pool
http://apache.org/xml/properties/internal/grammar-pool
http://apache.org/xml/properties/internal/grammar-pool
http://apache.org/xml/properties/internal/grammar-pool
http://apache.org/xml/properties/internal/grammar-pool
http://apache.org/xml/properties/internal/grammar-pool
http://apache.org/xml/properties/internal/grammar-pool
http://apache.org/xml/properties/internal/grammar-pool
http://apache.org/xml/properties/internal/grammar-pool
http://apache.org/xml/properties/internal/grammar-pool
http://apache.org/xml/properties/internal/grammar-pool
http://apache.org/xml/properties/internal/grammar-pool
http://apache.org/xml/properties/security-manager
http://apache.org/xml/properties/security-manager
http://apache.org/xml/properties/security-manager
http://apache.org/xml/properties/security-manager
http://apache.org/xml/properties/security-manager
http://apache.org/xml/properties/security-manager
http://apache.org/xml/properties/security-manager
http://apache.org/xml/properties/security-manager
http://apache.org/xml/properties/security-manager
http://apache.org/xml/properties/security-manager
http://apache.org/xml/properties/security-manager
http://apache.org/xml/properties/security-manager
http://apache.org/xml/properties/security-manager
http://apache.org/xml/properties/security-manager
http://apache.org/xml/properties/security-manager
http://apache.org/xml/properties/security-manager
http://apache.org/xml/properties/security-manager
http://apache.org/xml/properties/security-manager
http://apache.org/xml/properties/security-manager
http://apache.org/xml/properties/security-manager
http://apache.org/xml/properties/security-manager
http://apache.org/xml/properties/security-manager
http://apache.org/xml/properties/security-manager
http://apache.org/xml/properties/security-manager
http://apache.org/xml/properties/security-manager
http://apache.org/xml/properties/security-manager
http://apache.org/xml/properties/security-manager
http://apache.org/xml/properties/security-manager
http://apache.org/xml/properties/security-manager
http://apache.org/xml/properties/security-manager
http://apache.org/xml/properties/security-manager
http://java.sun.com/xml/jaxp/properties/schemaSource
http://java.sun.com/xml/jaxp/properties/schemaSource
http://java.sun.com/xml/jaxp/properties/schemaSource
http://java.sun.com/xml/jaxp/properties/schemaSource
http://java.sun.com/xml/jaxp/properties/schemaSource
http://java.sun.com/xml/jaxp/properties/schemaSource
http://java.sun.com/xml/jaxp/properties/schemaSource
http://java.sun.com/xml/jaxp/properties/schemaSource
http://java.sun.com/xml/jaxp/properties/schemaSource
http://java.sun.com/xml/jaxp/properties/schemaSource
http://java.sun.com/xml/jaxp/properties/schemaSource
http://java.sun.com/xml/jaxp/properties/schemaSource
http://java.sun.com/xml/jaxp/properties/schemaSource
http://java.sun.com/xml/jaxp/properties/schemaSource
http://java.sun.com/xml/jaxp/properties/schemaSource
http://java.sun.com/xml/jaxp/properties/schemaSource
http://java.sun.com/xml/jaxp/properties/schemaSource
http://java.sun.com/xml/jaxp/properties/schemaSource
http://java.sun.com/xml/jaxp/properties/schemaLanguage
http://java.sun.com/xml/jaxp/properties/schemaLanguage
http://java.sun.com/xml/jaxp/properties/schemaLanguage
http://java.sun.com/xml/jaxp/properties/schemaLanguage
http://java.sun.com/xml/jaxp/properties/schemaLanguage
http://java.sun.com/xml/jaxp/properties/schemaLanguage
http://java.sun.com/xml/jaxp/properties/schemaLanguage
http://java.sun.com/xml/jaxp/properties/schemaLanguage
http://java.sun.com/xml/jaxp/properties/schemaLanguage
http://java.sun.com/xml/jaxp/properties/schemaLanguage
http://java.sun.com/xml/jaxp/properties/schemaLanguage
http://java.sun.com/xml/jaxp/properties/schemaLanguage
http://java.sun.com/xml/jaxp/properties/schemaLanguage
http://java.sun.com/xml/jaxp/properties/schemaLanguage
http://java.sun.com/xml/jaxp/properties/schemaLanguage
http://java.sun.com/xml/jaxp/properties/schemaLanguage
http://java.sun.com/xml/jaxp/properties/schemaLanguage
http://java.sun.com/xml/jaxp/properties/schemaLanguage
http://apache.org/xml/properties/schema/external-schemaLocation
http://apache.org/xml/properties/schema/external-schemaLocation
http://apache.org/xml/properties/schema/external-schemaLocation
http://apache.org/xml/properties/schema/external-schemaLocation
http://apache.org/xml/properties/schema/external-schemaLocation
http://apache.org/xml/properties/schema/external-schemaLocation
http://apache.org/xml/properties/schema/external-schemaLocation
http://apache.org/xml/properties/schema/external-schemaLocation
http://apache.org/xml/properties/schema/external-schemaLocation
http://apache.org/xml/properties/schema/external-schemaLocation
http://apache.org/xml/properties/schema/external-noNamespaceSchemaLocation
http://apache.org/xml/properties/schema/external-noNamespaceSchemaLocation
http://apache.org/xml/properties/schema/external-noNamespaceSchemaLocation
http://apache.org/xml/properties/schema/external-noNamespaceSchemaLocation
http://apache.org/xml/properties/schema/external-noNamespaceSchemaLocation
http://apache.org/xml/properties/schema/external-noNamespaceSchemaLocation
http://apache.org/xml/properties/schema/external-noNamespaceSchemaLocation
http://apache.org/xml/properties/schema/external-noNamespaceSchemaLocation
http://apache.org/xml/properties/schema/external-noNamespaceSchemaLocation
http://apache.org/xml/properties/schema/external-noNamespaceSchemaLocation
http://apache.org/xml/properties/internal/validator/dtd
http://apache.org/xml/properties/internal/validator/dtd
http://apache.org/xml/properties/internal/validator/dtd
http://apache.org/xml/properties/internal/validator/dtd
http://apache.org/xml/properties/internal/validator/dtd
http://apache.org/xml/properties/internal/validator/dtd
http://apache.org/xml/properties/internal/validator/dtd
http://apache.org/xml/properties/internal/validator/dtd
http://apache.org/xml/properties/internal/validator/dtd
http://apache.org/xml/properties/internal/validator/dtd
http://apache.org/xml/properties/internal/validator/dtd
http://apache.org/xml/properties/internal/validator/dtd
http://apache.org/xml/properties/internal/validator/dtd
http://apache.org/xml/properties/internal/validator/dtd
http://apache.org/xml/properties/internal/validator/dtd
http://apache.org/xml/properties/internal/validator/dtd
http://apache.org/xml/properties/internal/validator/dtd
http://apache.org/xml/properties/internal/datatype-validator-factory
http://apache.org/xml/properties/internal/datatype-validator-factory
http://apache.org/xml/properties/internal/datatype-validator-factory
http://apache.org/xml/properties/internal/datatype-validator-factory
http://apache.org/xml/properties/internal/datatype-validator-factory
http://apache.org/xml/properties/internal/datatype-validator-factory
http://apache.org/xml/properties/internal/datatype-validator-factory
http://apache.org/xml/properties/internal/datatype-validator-factory
http://apache.org/xml/properties/internal/datatype-validator-factory
http://apache.org/xml/properties/internal/datatype-validator-factory
http://apache.org/xml/properties/internal/datatype-validator-factory
http://apache.org/xml/properties/internal/datatype-validator-factory
http://apache.org/xml/properties/internal/datatype-validator-factory
http://apache.org/xml/properties/internal/datatype-validator-factory
http://apache.org/xml/properties/internal/datatype-validator-factory
http://apache.org/xml/properties/internal/datatype-validator-factory
http://apache.org/xml/properties/internal/datatype-validator-factory
http://apache.org/xml/properties/internal/datatype-validator-factory
http://apache.org/xml/properties/internal/datatype-validator-factory
http://apache.org/xml/properties/internal/validation/schema/dv-factory
http://apache.org/xml/properties/internal/validation/schema/dv-factory
http://apache.org/xml/properties/internal/validation/schema/dv-factory
http://apache.org/xml/properties/internal/validation/schema/dv-factory
http://apache.org/xml/properties/internal/validation/schema/dv-factory
http://apache.org/xml/properties/internal/validation/schema/dv-factory
http://apache.org/xml/properties/internal/validation/schema/dv-factory
http://www.w3.org/TR/1998/REC-xml-19980210
http://www.w3.org/TR/1998/REC-xml-19980210
http://www.w3.org/TR/1998/REC-xml-19980210
http://www.w3.org/TR/1998/REC-xml-19980210
http://www.w3.org/TR/1998/REC-xml-19980210
http://www.w3.org/TR/1998/REC-xml-19980210
http://www.w3.org/TR/1998/REC-xml-19980210
http://www.w3.org/TR/1998/REC-xml-19980210
http://www.w3.org/TR/1998/REC-xml-19980210
http://www.w3.org/TR/1998/REC-xml-19980210
http://www.w3.org/TR/1998/REC-xml-19980210
http://www.w3.org/TR/1998/REC-xml-19980210
http://www.w3.org/TR/1998/REC-xml-19980210
http://www.w3.org/TR/1998/REC-xml-19980210
http://www.w3.org/TR/1998/REC-xml-19980210
http://www.w3.org/TR/1998/REC-xml-19980210
http://www.w3.org/TR/1998/REC-xml-19980210
http://www.w3.org/TR/1998/REC-xml-19980210
http://www.w3.org/TR/1998/REC-xml-19980210
http://www.w3.org/TR/1998/REC-xml-19980210
http://www.w3.org/TR/1998/REC-xml-19980210
http://www.w3.org/TR/1998/REC-xml-19980210
http://www.w3.org/TR/1998/REC-xml-19980210
http://www.w3.org/TR/1998/REC-xml-19980210
http://www.w3.org/TR/1998/REC-xml-19980210
http://www.w3.org/TR/1998/REC-xml-19980210
http://www.w3.org/TR/1998/REC-xml-19980210
http://www.w3.org/TR/1998/REC-xml-19980210
http://www.w3.org/TR/1998/REC-xml-19980210
http://www.w3.org/TR/1998/REC-xml-19980210
http://www.w3.org/TR/1998/REC-xml-19980210
http://www.w3.org/TR/1998/REC-xml-19980210
http://www.w3.org/TR/1998/REC-xml-19980210
http://www.w3.org/TR/1998/REC-xml-19980210
http://www.w3.org/TR/1998/REC-xml-19980210
http://www.w3.org/TR/1998/REC-xml-19980210
http://www.w3.org/TR/1998/REC-xml-19980210
http://www.w3.org/TR/1998/REC-xml-19980210
http://www.w3.org/TR/1998/REC-xml-19980210
http://www.w3.org/TR/1998/REC-xml-19980210
http://www.w3.org/TR/1998/REC-xml-19980210
http://www.w3.org/TR/1998/REC-xml-19980210
http://www.w3.org/TR/1998/REC-xml-19980210
http://www.w3.org/TR/1998/REC-xml-19980210
http://www.w3.org/TR/1998/REC-xml-19980210
http://www.w3.org/TR/1998/REC-xml-19980210
http://www.w3.org/TR/1998/REC-xml-19980210
http://www.w3.org/TR/1998/REC-xml-19980210
http://www.w3.org/TR/1998/REC-xml-19980210
http://www.w3.org/TR/1998/REC-xml-19980210
http://www.w3.org/TR/1998/REC-xml-19980210
http://www.w3.org/TR/1998/REC-xml-19980210
http://www.w3.org/TR/1998/REC-xml-19980210
http://www.w3.org/TR/1998/REC-xml-19980210
http://www.w3.org/TR/1998/REC-xml-19980210
http://www.w3.org/TR/1998/REC-xml-19980210
http://www.w3.org/TR/1998/REC-xml-19980210
http://www.w3.org/TR/1998/REC-xml-19980210
http://www.w3.org/TR/1998/REC-xml-19980210
http://www.w3.org/TR/1998/REC-xml-19980210
http://www.w3.org/TR/1998/REC-xml-19980210
http://www.w3.org/TR/1998/REC-xml-19980210
http://www.w3.org/TR/1998/REC-xml-19980210
http://www.w3.org/TR/1998/REC-xml-19980210
http://www.w3.org/TR/1998/REC-xml-19980210
http://www.w3.org/TR/1998/REC-xml-19980210
http://www.w3.org/TR/1998/REC-xml-19980210
http://www.w3.org/TR/1998/REC-xml-19980210
http://www.w3.org/TR/1998/REC-xml-19980210
http://www.w3.org/TR/1998/REC-xml-19980210
http://www.w3.org/TR/1998/REC-xml-19980210
http://www.w3.org/TR/1998/REC-xml-19980210
http://www.w3.org/TR/1999/REC-xml-names-19990114
http://www.w3.org/TR/1999/REC-xml-names-19990114
http://www.w3.org/TR/1999/REC-xml-names-19990114
http://www.w3.org/TR/1999/REC-xml-names-19990114
http://www.w3.org/TR/1999/REC-xml-names-19990114
http://www.w3.org/TR/1999/REC-xml-names-19990114
http://www.w3.org/TR/1999/REC-xml-names-19990114
http://www.w3.org/TR/1999/REC-xml-names-19990114
http://www.w3.org/TR/1999/REC-xml-names-19990114
http://www.w3.org/TR/1999/REC-xml-names-19990114
http://www.w3.org/TR/1999/REC-xml-names-19990114
http://www.w3.org/TR/1999/REC-xml-names-19990114
http://www.w3.org/TR/1999/REC-xml-names-19990114
http://www.w3.org/TR/1999/REC-xml-names-19990114
http://www.w3.org/TR/1999/REC-xml-names-19990114
http://www.w3.org/TR/1999/REC-xml-names-19990114
http://www.w3.org/TR/1999/REC-xml-names-19990114
http://www.w3.org/TR/1999/REC-xml-names-19990114
http://www.w3.org/TR/1999/REC-xml-names-19990114
http://www.w3.org/TR/xml-schema-1
http://www.w3.org/TR/xml-schema-1
http://www.w3.org/TR/xml-schema-1
http://www.w3.org/TR/xml-schema-1
http://www.w3.org/TR/xml-schema-1
http://www.w3.org/TR/xml-schema-1
http://www.w3.org/TR/xml-schema-1
http://www.w3.org/TR/xml-schema-1
http://www.w3.org/TR/xml-schema-1
http://www.w3.org/TR/xml-schema-1
http://www.w3.org/TR/xml-schema-1
http://www.w3.org/TR/xml-schema-1
http://www.w3.org/TR/xml-schema-1
http://www.w3.org/TR/xml-schema-1
http://www.w3.org/TR/xml-schema-1
http://www.w3.org/TR/xml-schema-1
http://www.w3.org/TR/xml-schema-1
http://www.w3.org/TR/xml-schema-1
http://www.w3.org/TR/xml-schema-1
http://www.w3.org/TR/xml-schema-1
http://www.w3.org/TR/xml-schema-1
http://www.w3.org/TR/xml-schema-1
http://www.w3.org/TR/xml-schema-1
http://www.w3.org/TR/xml-schema-1
http://xml.org/sax/properties/
http://xml.org/sax/properties/
http://xml.org/sax/properties/
http://xml.org/sax/properties/
http://xml.org/sax/properties/
http://xml.org/sax/properties/
http://xml.org/sax/properties/
http://xml.org/sax/properties/
http://apache.org/xml/serializer
http://apache.org/xml/serializer
http://apache.org/xml/serializer
http://apache.org/xml/serializer
http://apache.org/xml/serializer
http://apache.org/xml/serializer
http://apache.org/xml/serializer
http://apache.org/xml/serializer
http://apache.org/xml/serializer
http://apache.org/xml/serializer
http://apache.org/xml/serializer
http://apache.org/xml/serializer
http://apache.org/xml/serializer
http://apache.org/xml/serializer
http://apache.org/xml/serializer
http://apache.org/xml/serializer
http://apache.org/xml/serializer
http://apache.org/xml/serializer
http://apache.org/xml/serializer
http://xml.org/sax/features/
http://xml.org/sax/features/
http://xml.org/sax/features/
http://xml.org/sax/features/
http://xml.org/sax/features/
http://apache.org/xml/features/
http://apache.org/xml/features/
http://apache.org/xml/features/
http://apache.org/xml/features/
http://apache.org/xml/features/
http://apache.org/xml/features/
http://apache.org/xml/features/
http://apache.org/xml/features/
http://apache.org/xml/features/
http://apache.org/xml/features/
http://apache.org/xml/features/
http://apache.org/xml/features/
http://apache.org/xml/features/
http://apache.org/xml/features/
http://apache.org/xml/features/
http://apache.org/xml/features/
http://apache.org/xml/properties/
http://apache.org/xml/properties/
http://apache.org/xml/properties/
http://apache.org/xml/properties/
http://apache.org/xml/properties/
http://apache.org/xml/properties/
http://apache.org/xml/properties/
http://apache.org/xml/properties/
http://apache.org/xml/properties/
http://apache.org/xml/properties/
http://apache.org/xml/properties/
http://apache.org/xml/properties/
http://apache.org/xml/properties/
http://apache.org/xml/properties/
http://apache.org/xml/properties/
http://apache.org/xml/properties/
http://apache.org/xml/features/scanner/notify-char-refs
http://apache.org/xml/features/scanner/notify-char-refs
http://apache.org/xml/features/scanner/notify-char-refs
http://apache.org/xml/features/scanner/notify-char-refs
http://apache.org/xml/features/scanner/notify-char-refs
http://apache.org/xml/features/scanner/notify-char-refs
http://apache.org/xml/features/scanner/notify-char-refs
http://apache.org/xml/features/scanner/notify-char-refs
http://apache.org/xml/features/scanner/notify-char-refs
http://apache.org/xml/features/scanner/notify-char-refs
http://apache.org/xml/features/scanner/notify-builtin-refs
http://apache.org/xml/features/scanner/notify-builtin-refs
http://apache.org/xml/features/scanner/notify-builtin-refs
http://apache.org/xml/features/scanner/notify-builtin-refs
http://apache.org/xml/features/scanner/notify-builtin-refs
http://apache.org/xml/features/nonvalidating/load-external-dtd
http://apache.org/xml/features/nonvalidating/load-external-dtd
http://apache.org/xml/features/nonvalidating/load-external-dtd
http://apache.org/xml/features/nonvalidating/load-external-dtd
http://apache.org/xml/features/nonvalidating/load-external-dtd
http://apache.org/xml/features/nonvalidating/load-external-dtd
http://apache.org/xml/properties/internal/dtd-scanner
http://apache.org/xml/properties/internal/dtd-scanner
http://apache.org/xml/properties/internal/dtd-scanner
http://apache.org/xml/properties/internal/dtd-scanner
http://apache.org/xml/properties/internal/dtd-scanner
http://apache.org/xml/properties/internal/dtd-scanner
http://apache.org/xml/properties/internal/dtd-scanner
http://apache.org/xml/properties/internal/dtd-scanner
http://apache.org/xml/properties/internal/dtd-scanner
http://apache.org/xml/properties/internal/dtd-scanner
http://apache.org/xml/properties/internal/dtd-scanner
http://apache.org/xml/properties/internal/dtd-scanner
http://apache.org/xml/properties/internal/dtd-scanner
http://apache.org/xml/properties/internal/dtd-scanner
http://apache.org/xml/properties/internal/dtd-scanner
http://apache.org/xml/properties/internal/dtd-scanner
http://apache.org/xml/properties/internal/dtd-scanner
http://apache.org/xml/properties/internal/namespace-context
http://apache.org/xml/properties/internal/namespace-context
http://apache.org/xml/properties/internal/namespace-context
http://apache.org/xml/properties/internal/namespace-context
http://apache.org/xml/properties/internal/namespace-context
http://apache.org/xml/properties/internal/namespace-context
http://apache.org/xml/properties/internal/namespace-context
http://apache.org/xml/properties/internal/namespace-context
http://apache.org/xml/properties/internal/namespace-context
http://apache.org/xml/properties/internal/namespace-context
http://apache.org/xml/properties/internal/namespace-context
http://apache.org/xml/properties/internal/namespace-context
http://apache.org/xml/properties/internal/namespace-context
http://xml.org/sax/features/external-general-entities
http://xml.org/sax/features/external-general-entities
http://xml.org/sax/features/external-general-entities
http://xml.org/sax/features/external-general-entities
http://xml.org/sax/features/external-general-entities
http://xml.org/sax/features/external-general-entities
http://xml.org/sax/features/external-parameter-entities
http://xml.org/sax/features/external-parameter-entities
http://xml.org/sax/features/external-parameter-entities
http://xml.org/sax/features/external-parameter-entities
http://xml.org/sax/features/external-parameter-entities
http://xml.org/sax/features/external-parameter-entities
http://apache.org/xml/features/allow-java-encodings
http://apache.org/xml/features/allow-java-encodings
http://apache.org/xml/features/allow-java-encodings
http://apache.org/xml/features/allow-java-encodings
http://apache.org/xml/features/allow-java-encodings
http://apache.org/xml/features/allow-java-encodings
http://apache.org/xml/features/allow-java-encodings
http://apache.org/xml/features/allow-java-encodings
http://apache.org/xml/features/warn-on-duplicate-entitydef
http://apache.org/xml/features/warn-on-duplicate-entitydef
http://apache.org/xml/features/standard-uri-conformant
http://apache.org/xml/features/standard-uri-conformant
http://apache.org/xml/features/standard-uri-conformant
http://apache.org/xml/features/standard-uri-conformant
http://apache.org/xml/features/standard-uri-conformant
http://apache.org/xml/features/standard-uri-conformant
http://apache.org/xml/features/standard-uri-conformant
http://apache.org/xml/features/standard-uri-conformant
http://apache.org/xml/features/standard-uri-conformant
http://apache.org/xml/features/standard-uri-conformant
http://apache.org/xml/properties/input-buffer-size
http://apache.org/xml/properties/input-buffer-size
http://apache.org/xml/properties/input-buffer-size
http://apache.org/xml/properties/input-buffer-size
http://apache.org/xml/properties/input-buffer-size
http://apache.org/xml/features/continue-after-fatal-error
http://apache.org/xml/features/continue-after-fatal-error
http://apache.org/xml/features/continue-after-fatal-error
http://apache.org/xml/features/continue-after-fatal-error
http://apache.org/xml/features/continue-after-fatal-error
http://apache.org/xml/features/continue-after-fatal-error
http://apache.org/xml/features/continue-after-fatal-error
http://apache.org/xml/features/continue-after-fatal-error
http://apache.org/xml/features/continue-after-fatal-error
http://apache.org/xml/features/continue-after-fatal-error
http://apache.org/xml/features/continue-after-fatal-error
http://apache.org/xml/features/continue-after-fatal-error
http://apache.org/xml/features/continue-after-fatal-error
http://apache.org/xml/features/continue-after-fatal-error
http://apache.org/xml/features/continue-after-fatal-error
http://apache.org/xml/features/continue-after-fatal-error
http://apache.org/xml/features/validation/warn-on-undeclared-elemdef
http://apache.org/xml/features/validation/warn-on-undeclared-elemdef
http://apache.org/xml/features/validation/warn-on-undeclared-elemdef
http://apache.org/xml/features/validation/warn-on-undeclared-elemdef
http://apache.org/xml/features/validation/warn-on-undeclared-elemdef
http://apache.org/xml/features/validation/warn-on-undeclared-elemdef
http://apache.org/xml/properties/locale
http://apache.org/xml/properties/locale
http://apache.org/xml/properties/locale
http://apache.org/xml/properties/locale
http://apache.org/xml/properties/locale
http://apache.org/xml/properties/locale
http://apache.org/xml/properties/locale
http://apache.org/xml/properties/locale
http://apache.org/xml/properties/locale
http://apache.org/xml/properties/locale
http://apache.org/xml/properties/locale
http://apache.org/xml/properties/locale
http://apache.org/xml/properties/locale
http://apache.org/xml/properties/locale
http://apache.org/xml/properties/locale
http://apache.org/xml/properties/locale
http://apache.org/xml/properties/locale
http://apache.org/xml/properties/locale
http://apache.org/xml/properties/locale
http://apache.org/xml/properties/locale
http://apache.org/xml/properties/locale
http://apache.org/xml/properties/locale
http://apache.org/xml/features/dom/defer-node-expansion
http://apache.org/xml/features/dom/defer-node-expansion
http://apache.org/xml/features/dom/defer-node-expansion
http://apache.org/xml/features/dom/defer-node-expansion
http://apache.org/xml/features/dom/defer-node-expansion
http://apache.org/xml/features/dom/defer-node-expansion
http://www.w3.org/2001/XMLSchema-instance
http://www.w3.org/2001/XMLSchema-instance
http://apache.org/xml/features/validation/schema/ignore-xsi-type-until-elemdecl
http://apache.org/xml/features/validation/schema/ignore-xsi-type-until-elemdecl
http://apache.org/xml/features/validation/schema/ignore-xsi-type-until-elemdecl
http://apache.org/xml/features/validation/schema/ignore-xsi-type-until-elemdecl
http://apache.org/xml/features/validation/schema/ignore-xsi-type-until-elemdecl
http://apache.org/xml/features/validation/id-idref-checking
http://apache.org/xml/features/validation/id-idref-checking
http://apache.org/xml/features/validation/id-idref-checking
http://apache.org/xml/features/validation/id-idref-checking
http://apache.org/xml/features/validation/id-idref-checking
http://apache.org/xml/features/validation/identity-constraint-checking
http://apache.org/xml/features/validation/identity-constraint-checking
http://apache.org/xml/features/validation/identity-constraint-checking
http://apache.org/xml/features/validation/identity-constraint-checking
http://apache.org/xml/features/validation/identity-constraint-checking
http://apache.org/xml/features/validation/unparsed-entity-checking
http://apache.org/xml/features/validation/unparsed-entity-checking
http://apache.org/xml/features/validation/unparsed-entity-checking
http://apache.org/xml/features/validation/unparsed-entity-checking
http://apache.org/xml/features/validation/unparsed-entity-checking
http://apache.org/xml/properties/validation/schema/root-type-definition
http://apache.org/xml/properties/validation/schema/root-type-definition
http://apache.org/xml/properties/validation/schema/root-type-definition
http://apache.org/xml/properties/validation/schema/root-type-definition
http://apache.org/xml/properties/validation/schema/root-type-definition
http://apache.org/xml/properties/validation/schema/root-element-declaration
http://apache.org/xml/properties/validation/schema/root-element-declaration
http://apache.org/xml/properties/validation/schema/root-element-declaration
http://apache.org/xml/properties/validation/schema/root-element-declaration
http://apache.org/xml/properties/validation/schema/root-element-declaration
http://apache.org/xml/properties/internal/document-scanner
http://apache.org/xml/properties/internal/document-scanner
http://apache.org/xml/properties/internal/document-scanner
http://apache.org/xml/properties/internal/document-scanner
http://apache.org/xml/properties/internal/document-scanner
http://apache.org/xml/properties/internal/document-scanner
http://apache.org/xml/properties/internal/document-scanner
http://apache.org/xml/properties/internal/document-scanner
http://apache.org/xml/properties/internal/document-scanner
http://apache.org/xml/properties/internal/document-scanner
http://apache.org/xml/properties/internal/document-scanner
http://apache.org/xml/properties/internal/document-scanner
http://apache.org/xml/properties/internal/document-scanner
http://apache.org/xml/properties/internal/document-scanner
http://apache.org/xml/properties/internal/document-scanner
http://apache.org/xml/properties/internal/document-scanner
http://apache.org/xml/properties/internal/namespace-binder
http://apache.org/xml/properties/internal/namespace-binder
http://apache.org/xml/properties/internal/namespace-binder
http://apache.org/xml/properties/internal/namespace-binder
http://java.sun.com/xml/jaxp/properties/
http://java.sun.com/xml/jaxp/properties/
http://java.sun.com/xml/jaxp/properties/
http://java.sun.com/xml/jaxp/properties/
http://java.sun.com/xml/jaxp/properties/
http://xml.org/sax/features/namespace-prefixes
http://xml.org/sax/features/namespace-prefixes
http://xml.org/sax/features/namespace-prefixes
http://xml.org/sax/features/string-interning
http://xml.org/sax/features/string-interning
http://xml.org/sax/features/string-interning
http://javax.xml.XMLConstants/feature/secure-processing
http://javax.xml.XMLConstants/feature/secure-processing
http://javax.xml.XMLConstants/feature/secure-processing
http://javax.xml.XMLConstants/feature/secure-processing
http://javax.xml.XMLConstants/feature/secure-processing
http://javax.xml.XMLConstants/feature/secure-processing
http://javax.xml.XMLConstants/feature/secure-processing
http://javax.xml.XMLConstants/feature/secure-processing
http://javax.xml.XMLConstants/feature/secure-processing
http://javax.xml.XMLConstants/feature/secure-processing
http://javax.xml.XMLConstants/feature/secure-processing
http://javax.xml.XMLConstants/feature/secure-processing
http://apache.org/xml/features/xinclude
http://apache.org/xml/features/xinclude
http://apache.org/xml/features/xinclude
http://apache.org/xml/features/xinclude
http://apache.org/xml/features/xinclude
http://apache.org/xml/features/xinclude
http://apache.org/xml/features/xinclude
http://apache.org/xml/features/xinclude
http://apache.org/xml/features/xinclude
http://apache.org/xml/features/xinclude
http://apache.org/xml/features/dom/include-ignorable-whitespace
http://apache.org/xml/features/dom/include-ignorable-whitespace
http://apache.org/xml/features/dom/include-ignorable-whitespace
http://apache.org/xml/features/dom/include-ignorable-whitespace
http://apache.org/xml/features/dom/include-ignorable-whitespace
http://apache.org/xml/features/dom/include-ignorable-whitespace
http://apache.org/xml/features/dom/include-ignorable-whitespace
http://apache.org/xml/features/dom/include-ignorable-whitespace
http://apache.org/xml/features/dom/include-ignorable-whitespace
http://apache.org/xml/features/dom/create-entity-ref-nodes
http://apache.org/xml/features/dom/create-entity-ref-nodes
http://apache.org/xml/features/dom/create-entity-ref-nodes
http://apache.org/xml/features/dom/create-entity-ref-nodes
http://apache.org/xml/features/dom/create-entity-ref-nodes
http://apache.org/xml/features/dom/create-entity-ref-nodes
http://apache.org/xml/features/dom/create-entity-ref-nodes
http://apache.org/xml/features/dom/create-entity-ref-nodes
http://apache.org/xml/features/dom/create-entity-ref-nodes
http://apache.org/xml/features/include-comments
http://apache.org/xml/features/include-comments
http://apache.org/xml/features/include-comments
http://apache.org/xml/features/include-comments
http://apache.org/xml/features/include-comments
http://apache.org/xml/features/include-comments
http://apache.org/xml/features/include-comments
http://apache.org/xml/features/include-comments
http://apache.org/xml/features/include-comments
http://apache.org/xml/features/create-cdata-nodes
http://apache.org/xml/features/create-cdata-nodes
http://apache.org/xml/features/create-cdata-nodes
http://apache.org/xml/features/create-cdata-nodes
http://apache.org/xml/features/create-cdata-nodes
http://apache.org/xml/features/create-cdata-nodes
http://apache.org/xml/features/create-cdata-nodes
http://apache.org/xml/features/create-cdata-nodes
http://apache.org/xml/features/create-cdata-nodes
http://xml.org/sax/properties/lexical-handler
http://xml.org/sax/properties/lexical-handler
http://xml.org/sax/properties/lexical-handler
http://xml.org/sax/properties/declaration-handler
http://xml.org/sax/properties/declaration-handler
http://xml.org/sax/properties/dom-node
http://xml.org/sax/features/allow-dtd-events-after-endDTD
http://xml.org/sax/features/allow-dtd-events-after-endDTD
http://xml.org/sax/features/allow-dtd-events-after-endDTD
http://xml.org/sax/features/allow-dtd-events-after-endDTD
http://xml.org/sax/features/allow-dtd-events-after-endDTD
http://xml.org/sax/features/allow-dtd-events-after-endDTD
http://xml.org/sax/features/allow-dtd-events-after-endDTD
http://apache.org/xml/properties/internal/validator/schema
http://apache.org/xml/properties/internal/validator/schema
http://apache.org/xml/properties/internal/validator/schema
http://apache.org/xml/properties/internal/validator/schema
http://apache.org/xml/properties/internal/validator/schema
http://apache.org/xml/properties/internal/validator/schema
http://apache.org/xml/properties/internal/validator/schema
http://apache.org/xml/properties/internal/validator/schema
http://apache.org/xml/properties/internal/validator/schema
http://apache.org/xml/properties/internal/validator/schema
http://apache.org/xml/properties/internal/validator/schema
http://apache.org/xml/features/internal/strings-interned
http://apache.org/xml/features/internal/strings-interned
http://javax.xml.transform
http://javax.xml.transform
http://javax.xml.transform
http://javax.xml.transform
http://javax.xml.transform.stream.StreamSource/feature
http://javax.xml.transform.stream.StreamSource/feature
http://javax.xml.transform.stream.StreamSource/feature
http://javax.xml.transform.stream.StreamSource/feature
http://javax.xml.transform.sax.SAXSource/feature
http://javax.xml.transform.sax.SAXSource/feature
http://javax.xml.transform.sax.SAXSource/feature
http://javax.xml.transform.sax.SAXSource/feature
http://javax.xml.transform.dom.DOMSource/feature
http://javax.xml.transform.dom.DOMSource/feature
http://javax.xml.transform.dom.DOMSource/feature
http://javax.xml.transform.dom.DOMSource/feature
http://javax.xml.transform.stax.StAXSource/feature
http://javax.xml.transform.stax.StAXSource/feature
http://javax.xml.transform.stax.StAXSource/feature
http://javax.xml.transform.stax.StAXSource/feature
http://javax.xml.transform.stream.StreamResult/feature
http://javax.xml.transform.stream.StreamResult/feature
http://javax.xml.transform.sax.SAXResult/feature
http://javax.xml.transform.sax.SAXResult/feature
http://javax.xml.transform.dom.DOMResult/feature
http://javax.xml.transform.dom.DOMResult/feature
http://javax.xml.transform.stax.StAXResult/feature
http://javax.xml.transform.stax.StAXResult/feature
http://apache.org/xml/properties/dom/current-element-node
http://apache.org/xml/properties/dom/current-element-node
http://apache.org/xml/properties/dom/current-element-node
http://apache.org/xml/properties/dom/current-element-node
http://apache.org/xml/properties/dom/document-class-name
http://apache.org/xml/properties/dom/document-class-name
http://apache.org/xml/properties/dom/document-class-name
http://apache.org/xml/properties/dom/document-class-name
http://apache.org/xml/properties/dom/document-class-name
http://apache.org/xml/properties/dom/document-class-name
http://xml.org/sax/features/use-entity-resolver2
http://xml.org/sax/features/use-entity-resolver2
http://apache.org/xml/properties/internal/dtd-processor
http://apache.org/xml/properties/internal/dtd-processor
http://apache.org/xml/properties/internal/dtd-processor
http://apache.org/xml/properties/internal/dtd-processor
http://apache.org/xml/properties/internal/dtd-processor
http://apache.org/xml/properties/internal/dtd-processor
http://apache.org/xml/properties/internal/dtd-processor
http://apache.org/xml/properties/internal/dtd-processor
http://apache.org/xml/features/xinclude/fixup-base-uris
http://apache.org/xml/features/xinclude/fixup-base-uris
http://apache.org/xml/features/xinclude/fixup-base-uris
http://apache.org/xml/features/xinclude/fixup-base-uris
http://apache.org/xml/features/xinclude/fixup-base-uris
http://apache.org/xml/features/xinclude/fixup-base-uris
http://apache.org/xml/features/xinclude/fixup-base-uris
http://apache.org/xml/features/xinclude/fixup-language
http://apache.org/xml/features/xinclude/fixup-language
http://apache.org/xml/features/xinclude/fixup-language
http://apache.org/xml/features/xinclude/fixup-language
http://apache.org/xml/features/xinclude/fixup-language
http://apache.org/xml/features/xinclude/fixup-language
http://apache.org/xml/features/xinclude/fixup-language
http://apache.org/xml/properties/internal/xinclude-handler
http://apache.org/xml/properties/internal/xinclude-handler
http://apache.org/xml/properties/internal/xinclude-handler
http://apache.org/xml/properties/internal/xinclude-handler
http://apache.org/xml/properties/internal/xinclude-handler
http://apache.org/xml/properties/internal/xinclude-handler
http://apache.org/xml/properties/internal/xinclude-handler
http://apache.org/xml/properties/internal/xpointer-handler
http://apache.org/xml/properties/internal/xpointer-handler
http://www.w3.org/2001/XInclude
http://www.w3.org/TR/xinclude
http://www.w3.org/TR/xinclude
http://www.w3.org/TR/XPTR
http://www.w3.org/TR/XPTR
http://www.w3.org/TR/XPTR
http://www.w3.org/TR/XPTR
http://www.w3.org/TR/XPTR
http://www.oasis-open.org/committees/entity/release/1.0/catalog.dtd
http://www.oasis-open.org/committees/entity/release/1.0/catalog.rng
http://www.oasis-open.org/committees/entity/release/1.0/catalog.xsd
http://nwalsh.com/xcatalog/1.0
http://nwalsh.com/xcatalog/1.0
http://www.w3.org/1999/xhtml
http://www.w3.org/1999/xhtml
http://www.w3.org/TR/xhtml1/DTD/xhtml1-strict.dtd
http://www.w3.org/TR/xhtml1/DTD/xhtml1-strict.dtd
http://www.w3.org/TR/html4/strict.dtd
http://api.pubnative.net/api/partner/v2/promotions
http://www.w3.org/1999/XMLSchema-instance
http://www.w3.org/1999/XMLSchema
http://schemas.xmlsoap.org/soap/encoding/
http://schemas.xmlsoap.org/soap/encoding/
http://schemas.xmlsoap.org/soap/envelope/
http://schemas.xmlsoap.org/soap/envelope/
http://schemas.xmlsoap.org/soap/envelope/
http://www.w3.org/2003/05/soap-encoding
http://www.w3.org/2003/05/soap-envelope
http://www.w3.org/2003/05/soap-envelope
http://www.w3.org/2003/05/soap-envelope
http://www.w3.org/2003/05/soap-envelope
http://www.w3.org/2003/05/soap-envelope
http://www.w3.org/2003/05/soap-envelope
http://xml.apache.org/xml-soap
http://xmlpull.org/v1/doc/
http://xmlpull.org/v1/doc/features.html#indent-output
http://xmlpull.org/v1/doc/features.html#indent-output
http://xmlpull.org/v1/doc/properties.html#xmldecl-standalone
https://www.
http://xmlpull.org/v1/doc/features.html#validation
http://xmlpull.org/v1/doc/features.html#validation
http://www.meetme.com/member/%d
http://example.com?
https://api.twitter.com/oauth/request_token
https://api.twitter.com/oauth/request_token
https://api.twitter.com/oauth/authorize
https://api.twitter.com/oauth/access_token
https://api.twitter.com/oauth/access_token
https://api.twitter.com/1.1/statuses/update.json
https://api.twitter.com/1.1/statuses/update.json
https://api.twitter.com/1.1/statuses/update_with_media.json
https://api.twitter.com/1.1/statuses/update_with_media.json
https://api.twitter.com/oauth/authorize?oauth_token=

[INTERNAL_LOG][2018-06-12 06:52:38,663][INFO][find_url_in_apk()] [END ALL URL INSIDE APK]
[INTERNAL_LOG][2018-06-12 06:52:38,678][INFO][check_method_conf()] [JavaScript enabled: True]

[INTERNAL_LOG][2018-06-12 06:52:38,678][INFO][check_method_conf()] [Add interface WebView: True]

[INTERNAL_LOG][2018-06-12 06:52:38,678][INFO][analyze_start()] This app might be not vulnerable on  attack frame confusion.
[INTERNAL_LOG][2018-06-12 06:52:38,678][INFO][analyze_start()] End time:[Tue Jun 12 06:52:38 2018]
