[INTERNAL_LOG][2018-06-12 03:51:22,734][INFO][analyze_start()] Init Time [Tue Jun 12 03:51:22 2018]
[INTERNAL_LOG][2018-06-12 03:51:22,814][INFO][run()] Start Analysis
[INTERNAL_LOG][2018-06-12 03:51:22,815][INFO][is_hybird()] [Permission Enble Start]
[INTERNAL_LOG][2018-06-12 03:51:22,815][INFO][is_hybird()] android.permission.ACCESS_COARSE_LOCATION
[INTERNAL_LOG][2018-06-12 03:51:22,815][INFO][is_hybird()] com.android.vending.BILLING
[INTERNAL_LOG][2018-06-12 03:51:22,815][INFO][is_hybird()] android.permission.INTERNET
[INTERNAL_LOG][2018-06-12 03:51:22,815][INFO][is_hybird()] android.permission.ACCESS_NETWORK_STATE
[INTERNAL_LOG][2018-06-12 03:51:22,815][INFO][is_hybird()] android.permission.ACCESS_WIFI_STATE
[INTERNAL_LOG][2018-06-12 03:51:22,815][INFO][is_hybird()] android.permission.READ_EXTERNAL_STORAGE
[INTERNAL_LOG][2018-06-12 03:51:22,815][INFO][is_hybird()] android.permission.WRITE_EXTERNAL_STORAGE
[INTERNAL_LOG][2018-06-12 03:51:22,815][INFO][is_hybird()] android.permission.WAKE_LOCK
[INTERNAL_LOG][2018-06-12 03:51:22,815][INFO][is_hybird()] com.gameloft.android.ANMP.GloftFWHM.permission.C2D_MESSAGE
[INTERNAL_LOG][2018-06-12 03:51:22,815][INFO][is_hybird()] com.google.android.c2dm.permission.RECEIVE
[INTERNAL_LOG][2018-06-12 03:51:22,815][INFO][is_hybird()] android.permission.VIBRATE
[INTERNAL_LOG][2018-06-12 03:51:22,816][INFO][is_hybird()] android.permission.RECEIVE_BOOT_COMPLETED
[INTERNAL_LOG][2018-06-12 03:51:22,816][INFO][is_hybird()] glshare.permission.ACCESS_SHARED_DATA
[INTERNAL_LOG][2018-06-12 03:51:22,816][INFO][is_hybird()] [Permission End]

[INTERNAL_LOG][2018-06-12 03:51:22,816][INFO][analyze_start()] TYPE APK: [ANDROID NATIVE]

[INTERNAL_LOG][2018-06-12 03:51:22,816][INFO][find_string()] [START FILE ANALYZE]
[INTERNAL_LOG][2018-06-12 03:51:22,816][INFO][find_string()] [END ANALYZE FILE]

[INTERNAL_LOG][2018-06-12 03:51:22,816][INFO][find_string()] [START FILE ANALYZE]
[INTERNAL_LOG][2018-06-12 03:51:22,816][INFO][find_string()] [END ANALYZE FILE]

[INTERNAL_LOG][2018-06-12 03:51:55,564][INFO][find_url_in_apk()] [START ALL URL INSIDE APK]
[INTERNAL_LOG][2018-06-12 03:51:55,564][INFO][find_url_in_apk()] https://play.google.com/store/apps/details?id=%s
https://www.facebook.com/audience_network/server_side_reward
https://www.%s.facebook.com/audience_network/server_side_reward
https://graph.facebook.com/network_ads_common
https://graph.%s.facebook.com/network_ads_common
https://www.facebook.com/adnw_logging/
https://www.%s.facebook.com/adnw_logging/
http://play.google.com/store/apps/
https://www.facebook.com/
https://www.%s.facebook.com
http://www.facebook.com
https://graph.%s
https://graph-video.%s
https://facebook.com
https://facebook.com/device?user_code=%1$s&qr=1
https://www.googleapis.com/games/v1management/achievements/reset
https://201205igp.gameloft.com/redir/hdloading.php?game=#GAME#&country=#COUNTRY#&lg=#LANG#&ver=#IGP_VERSION#&device=#DEVICE#&f=#FIRMWARE#&hdidfv=#HDIDFV#&g_ver=#VERSION#&line_number=#LINE_NUMBER#&google_adid=#GOOGLE_ADID#&google_optout=#GOOGLE_OPTOUT#&gamedatainfo=#GAMEDATAINFO#
https://secure.gameloft.com/tryandbuy/notifications/
https://secure.gameloft.com/tryandbuy/notifications/
http://201205igp.gameloft.com/redir/hdloading.php
https://secure.gameloft.com/android/3g_carrier.php
https://secure.gameloft.com/android/3g_carrier.php
http://eve.gameloft.com:20001/config/2208:60362:3.4.0d:android:googleplay/datacenters/
http://eve.gameloft.com:20001/config/2208:60362:3.4.0d:android:googleplay/datacenters
https://etsv2.gameloft.com
http://vgold.gameloft.com:20000/locate?service=asset
https://201205igp.gameloft.com
https://play.google.com/store/apps/details
https://play.google.com/store/search
https://tsto.re/
https://play.google.com/store/apps/details?
https://play.google.com/store/apps/details?
https://play.google.com/store/search?
http://tsto.re/
https://201205igp.gameloft.com/redir/ads/splashscreen_view.php?from=FROM&country=COUNTRY&lg=LANG&udid=UDIDPHONE&hdidfv=HDIDFV&androidid=ANDROIDID&d=DEVICE&f=FIRMWARE&game_ver=VERSION&igp_rev=1005&os=android
https://201205igp.gameloft.com/redir/ads/hocscreen.php?from=FROM&country=COUNTRY&lg=LANG&udid=UDIDPHONE&hdidfv=HDIDFV&androidid=ANDROIDID&d=DEVICE&f=FIRMWARE&game_ver=VERSION&igp_rev=1005&os=android
http://www.youtube.com/watch?v=
http://market.android.com/
https://pagead2.googlesyndication.com/pagead/gen_204?id=gmob-apps
http://hostname/?
https://accounts.google.com
https://www.facebook.com
https://www.googleapis.com/auth/games_lite
https://www.googleapis.com/auth/games_lite
https://www.googleapis.com/auth/games_lite
https://www.googleapis.com/auth/games
https://www.googleapis.com/auth/games
https://www.googleapis.com/auth/games
https://accounts.google.com/o/oauth2/revoke?token=
https://plus.google.com/
https://www.googleapis.com/auth/games.firstparty
https://www.googleapis.com/auth/games.firstparty
https://pagead2.googlesyndication.com/pagead/gen_204
http://www.google.com
https://support.google.com/dfp_premium/answer/7160685#push
http://www.google-analytics.com
https://ssl.google-analytics.com
http://www.example.com
http://www.example.com
https://googleads.g.doubleclick.net/mads/static/mad/sdk/native/sdk-core-v40.html
https://googleads.g.doubleclick.net/mads/static/mad/sdk/native/production/sdk-core-v40-impl.js
https://googleads.g.doubleclick.net/mads/static/mad/sdk/native/mraid/v2/mraid_app_banner.js
https://googleads.g.doubleclick.net/mads/static/mad/sdk/native/mraid/v2/mraid_app_expanded_banner.js
https://googleads.g.doubleclick.net/mads/static/mad/sdk/native/mraid/v2/mraid_app_interstitial.js
https://csi.gstatic.com/csi
https://googleads.g.doubleclick.net/mads/static/mad/sdk/native/native_ads.html
https://googleads.g.doubleclick.net/mads/static/mad/sdk/native/production/native_ads.js
https://imasdk.googleapis.com/admob/sdkloader/native_video.html
https://www.google.com/dfp/linkDevice
https://www.google.com/dfp/inAppPreview
https://www.google.com/dfp/debugSignals
https://www.google.com/dfp/sendDebugData
https://www.googleapis.com/auth/plus.login
https://www.googleapis.com/auth/plus.me
http://schemas.android.com/apk/lib/com.google.android.gms.plus
http://schemas.android.com/apk/lib/com.google.android.gms.plus
https://mobile-static.adsafeprotected.com/avid-v2.js
https://track.atom-data.io
https://track.atom-data.io
https://track.atom-data.io
https://outcome.supersonicads.com/mediation/
https://outcome.supersonicads.com/mediation/
https://init.supersonicads.com/sdk/v
https://z.moatads.com/
https://z.moatads.com/
https://z.moatads.com/
https://config.unityads.unity3d.com/webview/
https://www.vungle.com/privacy/
https://www.vungle.com/privacy/
http://lol.vungle.com/
https://api.vungle.com/
https://ads.api.vungle.com/config
https://settings.crashlytics.com/spi/v2/platforms/android/apps/%s/settings
http://localhost/
http://localhost/
http://localhost/
https://www.supersonicads.com/mobile/sdk5/log?method=
https://www.supersonicads.com/mobile/sdk5/log?method=
https://www.supersonicads.com/mobile/sdk5/log?method=
https://www.supersonicads.com/mobile/sdk5/log?method=
https://www.supersonicads.com/mobile/sdk5/log?method=
https://www.supersonicads.com/mobile/sdk5/log?method=
https://www.supersonicads.com/mobile/sdk5/log?method=
https://www.supersonicads.com/mobile/sdk5/log?method=
https://www.supersonicads.com/mobile/sdk5/log?method=extraParametersToJson
https://www.supersonicads.com/mobile/sdk5/log?method=noProductType
https://www.supersonicads.com/mobile/sdk5/log?method=encodeAppUserId
https://www.supersonicads.com/mobile/sdk5/log?method=encodeAppKey
https://www.supersonicads.com/mobile/sdk5/log?method=webviewLoadBlank
https://www.supersonicads.com/mobile/sdk5/log?method=webviewLoadWithPath
https://www.supersonicads.com/mobile/sdk5/log?method=htmlControllerDoesNotExistOnFileSystem
https://www.supersonicads.com/mobile/sdk5/log?method=webviewPause
https://www.supersonicads.com/mobile/sdk5/log?method=webviewResume
https://www.supersonicads.com/mobile/sdk5/log?method=injectJavaScript
https://px.moatads.com/pixel.gif?e=0&i=MOATSDK1&ac=1
https://e.crashlytics.com/spi/v2/events

[INTERNAL_LOG][2018-06-12 03:51:55,564][INFO][find_url_in_apk()] [END ALL URL INSIDE APK]
[INTERNAL_LOG][2018-06-12 03:51:55,569][INFO][check_method_conf()] [JavaScript enabled: True]

[INTERNAL_LOG][2018-06-12 03:51:55,569][INFO][check_method_conf()] [Add interface WebView: True]

[INTERNAL_LOG][2018-06-12 03:51:55,569][INFO][analyze_start()] This app might be not vulnerable on  attack frame confusion.
[INTERNAL_LOG][2018-06-12 03:51:55,569][INFO][analyze_start()] End time:[Tue Jun 12 03:51:55 2018]
