[INTERNAL_LOG][2018-06-12 01:40:13,100][INFO][analyze_start()] Init Time [Tue Jun 12 01:40:13 2018]
[INTERNAL_LOG][2018-06-12 01:40:13,260][INFO][run()] Start Analysis
[INTERNAL_LOG][2018-06-12 01:40:13,261][INFO][is_hybird()] [Permission Enble Start]
[INTERNAL_LOG][2018-06-12 01:40:13,262][INFO][is_hybird()] android.permission.ACCESS_WIFI_STATE
[INTERNAL_LOG][2018-06-12 01:40:13,262][INFO][is_hybird()] android.permission.INTERNET
[INTERNAL_LOG][2018-06-12 01:40:13,262][INFO][is_hybird()] com.android.vending.BILLING
[INTERNAL_LOG][2018-06-12 01:40:13,262][INFO][is_hybird()] android.permission.ACCESS_NETWORK_STATE
[INTERNAL_LOG][2018-06-12 01:40:13,262][INFO][is_hybird()] android.permission.WRITE_EXTERNAL_STORAGE
[INTERNAL_LOG][2018-06-12 01:40:13,262][INFO][is_hybird()] com.fungames.sniper3d.permission.C2D_MESSAGE
[INTERNAL_LOG][2018-06-12 01:40:13,262][INFO][is_hybird()] com.google.android.c2dm.permission.RECEIVE
[INTERNAL_LOG][2018-06-12 01:40:13,262][INFO][is_hybird()] android.permission.WAKE_LOCK
[INTERNAL_LOG][2018-06-12 01:40:13,262][INFO][is_hybird()] android.permission.READ_EXTERNAL_STORAGE
[INTERNAL_LOG][2018-06-12 01:40:13,262][INFO][is_hybird()] android.permission.READ_EXTERNAL_STORAGE
[INTERNAL_LOG][2018-06-12 01:40:13,262][INFO][is_hybird()] android.permission.RECEIVE_BOOT_COMPLETED
[INTERNAL_LOG][2018-06-12 01:40:13,262][INFO][is_hybird()] [Permission End]

[INTERNAL_LOG][2018-06-12 01:40:13,262][INFO][analyze_start()] TYPE APK: [ANDROID NATIVE]

[INTERNAL_LOG][2018-06-12 01:40:13,262][INFO][find_string()] [START FILE ANALYZE]
[INTERNAL_LOG][2018-06-12 01:40:13,262][INFO][find_string()] File: assets/js/closebutton.html
[INTERNAL_LOG][2018-06-12 01:40:13,263][INFO][find_string()] No iframe in assets/js/closebutton.html
[INTERNAL_LOG][2018-06-12 01:40:13,263][INFO][find_string()] [END ANALYZE FILE]

[INTERNAL_LOG][2018-06-12 01:40:13,263][INFO][find_string()] [START FILE ANALYZE]
[INTERNAL_LOG][2018-06-12 01:40:13,263][INFO][find_string()] File: assets/js/mraid.js
[INTERNAL_LOG][2018-06-12 01:40:13,265][INFO][find_string()] No iframe in assets/js/mraid.js
[INTERNAL_LOG][2018-06-12 01:40:13,265][INFO][find_string()] [END ANALYZE FILE]

[INTERNAL_LOG][2018-06-12 01:40:46,282][INFO][find_url_in_apk()] [START ALL URL INSIDE APK]
[INTERNAL_LOG][2018-06-12 01:40:46,282][INFO][find_url_in_apk()] https://app.adjust.com
https://app.adjust.com
http://www.amazon.com/gp/mas/get-appstore/android/ref=mas_mx_mba_iap_dl
http://schemas.applovin.com/android/1.0
http://schemas.applovin.com/android/1.0
https://d.applovin.com/
https://a.applovin.com/
https://rt.applovin.com/med
https://rt.applovin.com/pix
https://d.applvn.com/
https://a.applvn.com/
https://rt.applvn.com/pix
https://vid.applovin.com/,https://pdn.applovin.com/,https://img.applovin.com/,https://d.applovin.com/,https://assets.applovin.com/,https://cdnjs.cloudflare.com/,http://vid.applovin.com/,http://pdn.applovin.com/,http://img.applovin.com/,http://d.applovin.com/,http://assets.applovin.com/,http://cdnjs.cloudflare.com/
https://live.chartboost.com
http://market.android.com/
https://graph.%s
https://graph-video.%s
https://facebook.com
http://play.google.com/store/apps/details?id=com.facebook.orca
https://proton.flurry.com/sdk/v1/config
https://data.flurry.com/pcr.do
https://data.flurry.com/aap.do
http://data.flurry.com/aap.do
https://accounts.google.com
https://accounts.google.com
https://www.facebook.com
https://www.facebook.com
https://www.googleapis.com/auth/plus.me
https://www.googleapis.com/auth/plus.me
https://www.googleapis.com/auth/games
https://www.googleapis.com/auth/games
https://www.googleapis.com/auth/games
https://www.googleapis.com/auth/games
http://plus.google.com/
https://www.googleapis.com/auth/games.firstparty
https://www.googleapis.com/auth/games.firstparty
https://googleads.g.doubleclick.net/mads/static/mad/sdk/native/sdk-core-v40.html
https://googleads.g.doubleclick.net/mads/static/mad/sdk/native/mraid/v2/mraid_app_banner.js
https://googleads.g.doubleclick.net/mads/static/mad/sdk/native/mraid/v2/mraid_app_expanded_banner.js
https://googleads.g.doubleclick.net/mads/static/mad/sdk/native/mraid/v2/mraid_app_interstitial.js
https://csi.gstatic.com/csi
http://www.google.com
https://www.googleapis.com/auth/plus.login
https://www.googleapis.com/auth/plus.login
http://schemas.android.com/apk/lib/com.google.android.gms.plus
http://schemas.android.com/apk/lib/com.google.android.gms.plus
https://track.atom-data.io
https://track.atom-data.io
https://track.atom-data.io
https://outcome.supersonicads.com/mediation/
https://outcome.supersonicads.com/mediation/
https://mobilelogs.supersonic.com
https://mobilelogs.supersonic.com
https://init.supersonicads.com/sdk/v
https://www.supersonicads.com/mobile/sdk5/log?method=
https://www.supersonicads.com/mobile/sdk5/log?method=
https://www.supersonicads.com/mobile/sdk5/log?method=
https://www.supersonicads.com/mobile/sdk5/log?method=
https://www.supersonicads.com/mobile/sdk5/log?method=
https://www.supersonicads.com/mobile/sdk5/log?method=
https://www.supersonicads.com/mobile/sdk5/log?method=
https://www.supersonicads.com/mobile/sdk5/log?method=
https://www.supersonicads.com/mobile/sdk5/log?method=injectJavaScript
https://www.supersonicads.com/mobile/sdk5/log?method=extraParametersToJson
https://www.supersonicads.com/mobile/sdk5/log?method=noProductType
https://www.supersonicads.com/mobile/sdk5/log?method=encodeAppUserId
https://www.supersonicads.com/mobile/sdk5/log?method=encodeAppKey
https://www.supersonicads.com/mobile/sdk5/log?method=setWebViewSettings
https://www.supersonicads.com/mobile/sdk5/log?method=webviewLoadBlank
https://www.supersonicads.com/mobile/sdk5/log?method=webviewLoadWithPath
https://www.supersonicads.com/mobile/sdk5/log?method=htmlControllerDoesNotExistOnFileSystem
https://www.supersonicads.com/mobile/sdk5/log?method=webviewPause
https://www.supersonicads.com/mobile/sdk5/log?method=webviewResume
http://android-%s.topaz-analytics.com/api/v2/applications/android-%s/uploads
http://amazon-%s.topaz-analytics.com./api/v2/applications/android-%s/uploads
http://schemas.android.com/apk/res/android
http://schemas.polites.com/android
https://www.googleapis.com/auth/appstate
http://receipts-verifier.staging-fungames-forfree.com
http://receipts-verifier-1.tfgco.com
http://receipts-verifier-2.tfgco.com
http://receipts-verifier-1.topfreegames.com
http://receipts-verifier-2.topfreegames.com
https://s3.amazonaws.com/tools-monit-config/stag/config
https://s3.amazonaws.com/tools-monit-config/prod/config
https://push-api.staging-tfgapps.com/
https://push-api.topaz-analytics.com/
https://rc-stag.tfgco.com
https://rc.tfgco.com
https://config.unityads.unity3d.com/webview/
https://www.vungle.com/privacy/
https://www.vungle.com/privacy/
https://api.vungle.com/api/v4/
https://ingest.vungle.com/
http://lol.vungle.com/
https://e.crashlytics.com/spi/v2/events
https://settings.crashlytics.com/spi/v2/platforms/android/apps/%s/settings

[INTERNAL_LOG][2018-06-12 01:40:46,282][INFO][find_url_in_apk()] [END ALL URL INSIDE APK]
[INTERNAL_LOG][2018-06-12 01:40:46,287][INFO][check_method_conf()] [JavaScript enabled: True]

[INTERNAL_LOG][2018-06-12 01:40:46,287][INFO][check_method_conf()] [Add interface WebView: True]

[INTERNAL_LOG][2018-06-12 01:40:46,288][INFO][analyze_start()] This app might be not vulnerable on  attack frame confusion.
[INTERNAL_LOG][2018-06-12 01:40:46,288][INFO][analyze_start()] End time:[Tue Jun 12 01:40:46 2018]
