[INTERNAL_LOG][2018-06-12 09:38:52,831][INFO][analyze_start()] Init Time [Tue Jun 12 09:38:52 2018]
[INTERNAL_LOG][2018-06-12 09:38:52,936][INFO][run()] Start Analysis
[INTERNAL_LOG][2018-06-12 09:38:52,937][INFO][is_hybird()] [Permission Enble Start]
[INTERNAL_LOG][2018-06-12 09:38:52,937][INFO][is_hybird()] android.permission.FLASHLIGHT
[INTERNAL_LOG][2018-06-12 09:38:52,938][INFO][is_hybird()] android.permission.ACCESS_WIFI_STATE
[INTERNAL_LOG][2018-06-12 09:38:52,938][INFO][is_hybird()] android.permission.ACCESS_NETWORK_STATE
[INTERNAL_LOG][2018-06-12 09:38:52,938][INFO][is_hybird()] android.permission.ACCESS_FINE_LOCATION
[INTERNAL_LOG][2018-06-12 09:38:52,938][INFO][is_hybird()] android.permission.READ_EXTERNAL_STORAGE
[INTERNAL_LOG][2018-06-12 09:38:52,938][INFO][is_hybird()] android.permission.WRITE_EXTERNAL_STORAGE
[INTERNAL_LOG][2018-06-12 09:38:52,938][INFO][is_hybird()] android.permission.READ_PHONE_STATE
[INTERNAL_LOG][2018-06-12 09:38:52,938][INFO][is_hybird()] android.permission.RECORD_AUDIO
[INTERNAL_LOG][2018-06-12 09:38:52,938][INFO][is_hybird()] android.permission.CAMERA
[INTERNAL_LOG][2018-06-12 09:38:52,938][INFO][is_hybird()] android.permission.INTERNET
[INTERNAL_LOG][2018-06-12 09:38:52,938][INFO][is_hybird()] android.permission.RECEIVE_SMS
[INTERNAL_LOG][2018-06-12 09:38:52,938][INFO][is_hybird()] android.permission.VIBRATE
[INTERNAL_LOG][2018-06-12 09:38:52,938][INFO][is_hybird()] android.permission.GET_TASKS
[INTERNAL_LOG][2018-06-12 09:38:52,938][INFO][is_hybird()] android.permission.WAKE_LOCK
[INTERNAL_LOG][2018-06-12 09:38:52,938][INFO][is_hybird()] com.sonymobile.home.permission.PROVIDER_INSERT_BADGE
[INTERNAL_LOG][2018-06-12 09:38:52,938][INFO][is_hybird()] com.huawei.android.launcher.permission.CHANGE_BADGE
[INTERNAL_LOG][2018-06-12 09:38:52,938][INFO][is_hybird()] com.google.android.finsky.permission.BIND_GET_INSTALL_REFERRER_SERVICE
[INTERNAL_LOG][2018-06-12 09:38:52,938][INFO][is_hybird()] com.google.android.c2dm.permission.RECEIVE
[INTERNAL_LOG][2018-06-12 09:38:52,938][INFO][is_hybird()] com.campmobile.snow.permission.C2D_MESSAGE
[INTERNAL_LOG][2018-06-12 09:38:52,938][INFO][is_hybird()] [Permission End]

[INTERNAL_LOG][2018-06-12 09:38:52,938][INFO][analyze_start()] TYPE APK: [ANDROID NATIVE]

[INTERNAL_LOG][2018-06-12 09:38:52,938][INFO][find_string()] [START FILE ANALYZE]
[INTERNAL_LOG][2018-06-12 09:38:52,939][INFO][find_string()] [END ANALYZE FILE]

[INTERNAL_LOG][2018-06-12 09:38:52,939][INFO][find_string()] [START FILE ANALYZE]
[INTERNAL_LOG][2018-06-12 09:38:52,939][INFO][find_string()] [END ANALYZE FILE]

[INTERNAL_LOG][2018-06-12 09:39:34,899][INFO][find_url_in_apk()] [START ALL URL INSIDE APK]
[INTERNAL_LOG][2018-06-12 09:39:34,899][INFO][find_url_in_apk()] http://schemas.android.com/apk/res/android
https://monitorsdk.%s/remote-debug?app_id=
https://statsonline.pushct.baidu.com/pushlog_special
https://graph.%s
https://graph-video.%s
https://facebook.com
http://play.google.com/store/apps/details?id=com.facebook.orca
https://pagead2.googlesyndication.com/pagead/gen_204?id=gmob-apps
https://plus.google.com/
https://app-measurement.com/a
http://web.snow.me/font/specialthanks
https://b6s-api.snow.me
https://b6s-api.snow.me
https://b6s-api.snow.me
https://b6s-api.snow.me
https://b6s-file.snow.me
https://graph.facebook.com/
https://b612kaji-pstatic.snowcam.cn/static/launch/easylink.html?org=ELYxh80o&ios=9I5oQd&android=8kkwVh
https://b612.onelink.me/wzE0/89606550
https://snow.onelink.me/4056789859/74705d81
http://www.naver.com
https://www.instagram.com/_u/official.b612
https://www.instagram.com/_u/official.b612
https://twitter.com/snow_jp_snow/
https://twitter.com/snow_jp_snow/
https://www.facebook.com/snowapp/
https://www.facebook.com/snowapp/
http://weibo.com/u/5798155111
http://weibo.com/u/5798155111
https://access.line.me/v2
https://access.line.me/v2
https://access.line.me/dialog/oauth/weblogin
https://onelink.%s/shortlink-sdk/v1
https://api.%s/install_data/v3/
https://attr.%s/api/v
https://t.%s/api/v
https://events.%s/api/v
https://register.%s/api/v
https://stats.%s/stats
https://api.tuisong.baidu.com/rest/3.0/clientfile/updatesdkconfig
https://lbsonline.pushct.baidu.com/lbsupload
https://api.tuisong.baidu.com/rest/3.0/oem/upload_unbind_oem
https://play.google.com/store/apps/details?id=com.campmobile.snow
https://play.google.com/store/apps/details?id=com.campmobile.snow
https://play.google.com/store/apps/details?id=com.campmobile.snow
https://www.google.com
https://www.googleapis.com/auth/games_lite
https://www.googleapis.com/auth/games
http://dl.profile.line.naver.jp/
http://dl.profile.line-cdn.net/
https://lnk0.com/easylink/EL4Ip4gs
https://play.google.com/store/apps/details?id=com.linecorp.foodcam.android
http://www.w3.org/2000/xmlns/
http://www.w3.org/2000/xmlns/

[INTERNAL_LOG][2018-06-12 09:39:34,899][INFO][find_url_in_apk()] [END ALL URL INSIDE APK]
[INTERNAL_LOG][2018-06-12 09:39:34,924][INFO][check_method_conf()] [JavaScript enabled: True]

[INTERNAL_LOG][2018-06-12 09:39:34,924][INFO][check_method_conf()] [Add interface WebView: True]

[INTERNAL_LOG][2018-06-12 09:39:34,924][INFO][analyze_start()] This app might be not vulnerable on  attack frame confusion.
[INTERNAL_LOG][2018-06-12 09:39:34,924][INFO][analyze_start()] End time:[Tue Jun 12 09:39:34 2018]
