[INTERNAL_LOG][2018-06-12 05:44:18,954][INFO][analyze_start()] Init Time [Tue Jun 12 05:44:18 2018]
[INTERNAL_LOG][2018-06-12 05:44:18,999][INFO][run()] Start Analysis
[INTERNAL_LOG][2018-06-12 05:44:18,999][INFO][is_hybird()] [Permission Enble Start]
[INTERNAL_LOG][2018-06-12 05:44:18,999][INFO][is_hybird()] android.permission.INTERNET
[INTERNAL_LOG][2018-06-12 05:44:19,000][INFO][is_hybird()] android.permission.WRITE_EXTERNAL_STORAGE
[INTERNAL_LOG][2018-06-12 05:44:19,000][INFO][is_hybird()] android.permission.ACCESS_NETWORK_STATE
[INTERNAL_LOG][2018-06-12 05:44:19,000][INFO][is_hybird()] android.permission.WAKE_LOCK
[INTERNAL_LOG][2018-06-12 05:44:19,000][INFO][is_hybird()] com.android.vending.CHECK_LICENSE
[INTERNAL_LOG][2018-06-12 05:44:19,000][INFO][is_hybird()] android.permission.ACCESS_WIFI_STATE
[INTERNAL_LOG][2018-06-12 05:44:19,000][INFO][is_hybird()] android.permission.MODIFY_AUDIO_SETTINGS
[INTERNAL_LOG][2018-06-12 05:44:19,000][INFO][is_hybird()] android.permission.VIBRATE
[INTERNAL_LOG][2018-06-12 05:44:19,000][INFO][is_hybird()] com.android.vending.BILLING
[INTERNAL_LOG][2018-06-12 05:44:19,000][INFO][is_hybird()] android.permission.ACCESS_COARSE_LOCATION
[INTERNAL_LOG][2018-06-12 05:44:19,000][INFO][is_hybird()] android.permission.ACCESS_FINE_LOCATION
[INTERNAL_LOG][2018-06-12 05:44:19,000][INFO][is_hybird()] com.google.android.c2dm.permission.RECEIVE
[INTERNAL_LOG][2018-06-12 05:44:19,000][INFO][is_hybird()] com.ForgeGames.SpecialForcesGroup2.permission.C2D_MESSAGE
[INTERNAL_LOG][2018-06-12 05:44:19,000][INFO][is_hybird()] [Permission End]

[INTERNAL_LOG][2018-06-12 05:44:19,000][INFO][analyze_start()] TYPE APK: [ANDROID NATIVE]

[INTERNAL_LOG][2018-06-12 05:44:19,000][INFO][find_string()] [START FILE ANALYZE]
[INTERNAL_LOG][2018-06-12 05:44:19,000][INFO][find_string()] [END ANALYZE FILE]

[INTERNAL_LOG][2018-06-12 05:44:19,000][INFO][find_string()] [START FILE ANALYZE]
[INTERNAL_LOG][2018-06-12 05:44:19,001][INFO][find_string()] [END ANALYZE FILE]

[INTERNAL_LOG][2018-06-12 05:44:40,923][INFO][find_url_in_apk()] [START ALL URL INSIDE APK]
[INTERNAL_LOG][2018-06-12 05:44:40,923][INFO][find_url_in_apk()] http://schemas.android.com/apk/res/android
https://adc3-launch.adcolony.com/v4/launch
https://adc3-launch.adcolony.com/v4/launch
https://adc3-launch-server-staging.herokuapp.com/v4/launch
https://wd.adcolony.com/logs
https://live.chartboost.com
http://market.android.com/
https://pagead2.googlesyndication.com/pagead/gen_204?id=gmob-apps
https://accounts.google.com
https://www.facebook.com
https://www.googleapis.com/auth/games_lite
https://www.googleapis.com/auth/games_lite
https://www.googleapis.com/auth/games_lite
https://www.googleapis.com/auth/games
https://www.googleapis.com/auth/games
https://www.googleapis.com/auth/games
https://accounts.google.com/o/oauth2/revoke?token=
https://plus.google.com/
https://www.googleapis.com/auth/drive.file
https://www.googleapis.com/auth/drive.appdata
https://www.googleapis.com/auth/drive
https://www.googleapis.com/auth/drive.apps
https://www.googleapis.com/auth/games.firstparty
https://www.googleapis.com/auth/games.firstparty
https://support.google.com/dfp_premium/answer/7160685#push
https://pagead2.googlesyndication.com/pagead/gen_204
http://www.google.com
https://app-measurement.com/a
https://www.google.com
http://localhost
http://www.example.com
http://www.example.com
https://googleads.g.doubleclick.net/mads/static/mad/sdk/native/sdk-core-v40.html
https://googleads.g.doubleclick.net/mads/static/mad/sdk/native/production/sdk-core-v40-impl.js
https://googleads.g.doubleclick.net/mads/static/mad/sdk/native/mraid/v2/mraid_app_banner.js
https://googleads.g.doubleclick.net/mads/static/mad/sdk/native/mraid/v2/mraid_app_expanded_banner.js
https://googleads.g.doubleclick.net/mads/static/mad/sdk/native/mraid/v2/mraid_app_interstitial.js
https://csi.gstatic.com/csi
https://googleads.g.doubleclick.net/mads/static/mad/sdk/native/native_ads.html
https://googleads.g.doubleclick.net/mads/static/mad/sdk/native/production/native_ads.js
https://imasdk.googleapis.com/admob/sdkloader/native_video.html
https://www.google.com/dfp/linkDevice
https://www.google.com/dfp/inAppPreview
https://www.google.com/dfp/debugSignals
https://www.google.com/dfp/sendDebugData
https://www.googleapis.com/auth/plus.login
https://www.googleapis.com/auth/plus.me
http://schemas.android.com/apk/lib/com.google.android.gms.plus
http://schemas.android.com/apk/lib/com.google.android.gms.plus
https://config.unityads.unity3d.com/webview/

[INTERNAL_LOG][2018-06-12 05:44:40,924][INFO][find_url_in_apk()] [END ALL URL INSIDE APK]
[INTERNAL_LOG][2018-06-12 05:44:40,933][INFO][check_method_conf()] [JavaScript enabled: True]

[INTERNAL_LOG][2018-06-12 05:44:40,933][INFO][check_method_conf()] [Add interface WebView: True]

[INTERNAL_LOG][2018-06-12 05:44:40,933][INFO][analyze_start()] This app might be not vulnerable on  attack frame confusion.
[INTERNAL_LOG][2018-06-12 05:44:40,933][INFO][analyze_start()] End time:[Tue Jun 12 05:44:40 2018]
