[INTERNAL_LOG][2018-06-12 06:07:18,896][INFO][analyze_start()] Init Time [Tue Jun 12 06:07:18 2018]
[INTERNAL_LOG][2018-06-12 06:07:19,014][INFO][run()] Start Analysis
[INTERNAL_LOG][2018-06-12 06:07:19,015][INFO][is_hybird()] [Permission Enble Start]
[INTERNAL_LOG][2018-06-12 06:07:19,015][INFO][is_hybird()] android.permission.INTERNET
[INTERNAL_LOG][2018-06-12 06:07:19,015][INFO][is_hybird()] android.permission.ACCESS_NETWORK_STATE
[INTERNAL_LOG][2018-06-12 06:07:19,015][INFO][is_hybird()] android.permission.ACCESS_WIFI_STATE
[INTERNAL_LOG][2018-06-12 06:07:19,015][INFO][is_hybird()] com.android.vending.BILLING
[INTERNAL_LOG][2018-06-12 06:07:19,015][INFO][is_hybird()] android.permission.VIBRATE
[INTERNAL_LOG][2018-06-12 06:07:19,015][INFO][is_hybird()] android.permission.GET_ACCOUNTS
[INTERNAL_LOG][2018-06-12 06:07:19,015][INFO][is_hybird()] android.permission.WAKE_LOCK
[INTERNAL_LOG][2018-06-12 06:07:19,015][INFO][is_hybird()] com.google.android.c2dm.permission.RECEIVE
[INTERNAL_LOG][2018-06-12 06:07:19,015][INFO][is_hybird()] android.permission.WRITE_EXTERNAL_STORAGE
[INTERNAL_LOG][2018-06-12 06:07:19,015][INFO][is_hybird()] com.ea.game.starwarscapital_row.permission.C2D_MESSAGE
[INTERNAL_LOG][2018-06-12 06:07:19,015][INFO][is_hybird()] [Permission End]

[INTERNAL_LOG][2018-06-12 06:07:19,015][INFO][analyze_start()] TYPE APK: [ANDROID NATIVE]

[INTERNAL_LOG][2018-06-12 06:07:19,016][INFO][find_string()] [START FILE ANALYZE]
[INTERNAL_LOG][2018-06-12 06:07:19,016][INFO][find_string()] [END ANALYZE FILE]

[INTERNAL_LOG][2018-06-12 06:07:19,016][INFO][find_string()] [START FILE ANALYZE]
[INTERNAL_LOG][2018-06-12 06:07:19,016][INFO][find_string()] [END ANALYZE FILE]

[INTERNAL_LOG][2018-06-12 06:07:49,670][INFO][find_url_in_apk()] [START ALL URL INSIDE APK]
[INTERNAL_LOG][2018-06-12 06:07:49,671][INFO][find_url_in_apk()] http://schemas.android.com/apk/res/android
http://www.amazon.com/gp/mas/get-appstore/android/ref=mas_mx_mba_iap_dl
http://cdn.skum.eamobile.com
http://cdn.skum.eamobile.com
http://www.ea.com
https://syn-dir.sn.eamobile.com
https://director-int.sn.eamobile.com
https://director-stage.sn.eamobile.com
https://graph.%s
https://graph-video.%s
https://facebook.com
http://play.google.com/store/apps/details?id=com.facebook.orca
https://accounts.google.com
https://www.facebook.com
https://www.googleapis.com/auth/plus.me
https://www.googleapis.com/auth/plus.me
https://www.googleapis.com/auth/games
https://www.googleapis.com/auth/games
https://www.googleapis.com/auth/games
http://plus.google.com/
https://www.googleapis.com/auth/games.firstparty
https://www.googleapis.com/auth/games.firstparty
https://www.google-analytics.com
http://hostname/?
https://www.googleapis.com/auth/plus.login
http://schemas.android.com/apk/lib/com.google.android.gms.plus
http://schemas.android.com/apk/lib/com.google.android.gms.plus
http://www.fuseboxx.com
https://sdk.hockeyapp.net/
https://sdk.hockeyapp.net/
https://sdk.hockeyapp.net/
https://sdk.hockeyapp.net/
https://sdk.hockeyapp.net/
https://sdk.hockeyapp.net/
https://sdk.hockeyapp.net/
https://sdk.hockeyapp.net/
https://sdk.hockeyapp.net/
https://sdk.hockeyapp.net/
https://gate.hockeyapp.net/v2/track

[INTERNAL_LOG][2018-06-12 06:07:49,671][INFO][find_url_in_apk()] [END ALL URL INSIDE APK]
[INTERNAL_LOG][2018-06-12 06:07:49,676][INFO][check_method_conf()] [JavaScript enabled: True]

[INTERNAL_LOG][2018-06-12 06:07:49,676][INFO][check_method_conf()] [Add interface WebView: True]

[INTERNAL_LOG][2018-06-12 06:07:49,676][INFO][analyze_start()] This app might be not vulnerable on  attack frame confusion.
[INTERNAL_LOG][2018-06-12 06:07:49,676][INFO][analyze_start()] End time:[Tue Jun 12 06:07:49 2018]
