[INTERNAL_LOG][2018-06-12 05:48:00,387][INFO][analyze_start()] Init Time [Tue Jun 12 05:48:00 2018]
[INTERNAL_LOG][2018-06-12 05:48:00,546][INFO][run()] Start Analysis
[INTERNAL_LOG][2018-06-12 05:48:00,548][INFO][is_hybird()] [Permission Enble Start]
[INTERNAL_LOG][2018-06-12 05:48:00,548][INFO][is_hybird()] android.permission.INTERNET
[INTERNAL_LOG][2018-06-12 05:48:00,548][INFO][is_hybird()] android.permission.WAKE_LOCK
[INTERNAL_LOG][2018-06-12 05:48:00,548][INFO][is_hybird()] com.google.android.c2dm.permission.RECEIVE
[INTERNAL_LOG][2018-06-12 05:48:00,548][INFO][is_hybird()] android.permission.VIBRATE
[INTERNAL_LOG][2018-06-12 05:48:00,548][INFO][is_hybird()] com.android.vending.BILLING
[INTERNAL_LOG][2018-06-12 05:48:00,548][INFO][is_hybird()] android.permission.WRITE_EXTERNAL_STORAGE
[INTERNAL_LOG][2018-06-12 05:48:00,548][INFO][is_hybird()] android.permission.ACCESS_WIFI_STATE
[INTERNAL_LOG][2018-06-12 05:48:00,548][INFO][is_hybird()] android.permission.ACCESS_NETWORK_STATE
[INTERNAL_LOG][2018-06-12 05:48:00,549][INFO][is_hybird()] com.nintendo.zara.permission.C2D_MESSAGE
[INTERNAL_LOG][2018-06-12 05:48:00,549][INFO][is_hybird()] [Permission End]

[INTERNAL_LOG][2018-06-12 05:48:00,549][INFO][analyze_start()] TYPE APK: [ANDROID NATIVE]

[INTERNAL_LOG][2018-06-12 05:48:00,549][INFO][find_string()] [START FILE ANALYZE]
[INTERNAL_LOG][2018-06-12 05:48:00,549][INFO][find_string()] [END ANALYZE FILE]

[INTERNAL_LOG][2018-06-12 05:48:00,549][INFO][find_string()] [START FILE ANALYZE]
[INTERNAL_LOG][2018-06-12 05:48:00,549][INFO][find_string()] [END ANALYZE FILE]

[INTERNAL_LOG][2018-06-12 05:48:25,682][INFO][find_url_in_apk()] [START ALL URL INSIDE APK]
[INTERNAL_LOG][2018-06-12 05:48:25,682][INFO][find_url_in_apk()] http://schemas.android.com/apk/res/android
https://app.adjust.com
https://app.adjust.com
https://apm.
https://api.
https://txn.ingest.
https://appload.ingest.
https://graph.%s
https://graph-video.%s
https://facebook.com
http://play.google.com/store/apps/details?id=com.facebook.orca
https://pagead2.googlesyndication.com/pagead/gen_204?id=gmob-apps
https://accounts.google.com
https://www.facebook.com
http://plus.google.com/
https://www.googleapis.com/auth/games
https://www.googleapis.com/auth/games
https://www.googleapis.com/auth/games.firstparty
https://www.googleapis.com/auth/games.firstparty
http://www.example.com
http://www.example.com
https://googleads.g.doubleclick.net/mads/static/mad/sdk/native/sdk-core-v40.html
https://googleads.g.doubleclick.net/mads/static/mad/sdk/native/mraid/v2/mraid_app_banner.js
https://googleads.g.doubleclick.net/mads/static/mad/sdk/native/mraid/v2/mraid_app_expanded_banner.js
https://googleads.g.doubleclick.net/mads/static/mad/sdk/native/mraid/v2/mraid_app_interstitial.js
https://csi.gstatic.com/csi
https://www.google.com/dfp/linkDevice
https://www.google.com/dfp/inAppPreview
https://www.google.com/dfp/debugSignals
https://www.google.com/dfp/sendDebugData
https://pagead2.googlesyndication.com/pagead/gen_204
http://www.google.com
https://goo.gl/FZRIUV
https://app-measurement.com/a

[INTERNAL_LOG][2018-06-12 05:48:25,682][INFO][find_url_in_apk()] [END ALL URL INSIDE APK]
[INTERNAL_LOG][2018-06-12 05:48:25,685][INFO][check_method_conf()] [JavaScript enabled: True]

[INTERNAL_LOG][2018-06-12 05:48:25,685][INFO][check_method_conf()] [Add interface WebView: True]

[INTERNAL_LOG][2018-06-12 05:48:25,685][INFO][analyze_start()] This app might be not vulnerable on  attack frame confusion.
[INTERNAL_LOG][2018-06-12 05:48:25,685][INFO][analyze_start()] End time:[Tue Jun 12 05:48:25 2018]
