[INTERNAL_LOG][2018-06-12 08:03:47,742][INFO][analyze_start()] Init Time [Tue Jun 12 08:03:47 2018]
[INTERNAL_LOG][2018-06-12 08:03:47,764][INFO][run()] Start Analysis
[INTERNAL_LOG][2018-06-12 08:03:47,764][INFO][is_hybird()] [Permission Enble Start]
[INTERNAL_LOG][2018-06-12 08:03:47,764][INFO][is_hybird()] android.permission.INTERNET
[INTERNAL_LOG][2018-06-12 08:03:47,764][INFO][is_hybird()] android.permission.VIBRATE
[INTERNAL_LOG][2018-06-12 08:03:47,765][INFO][is_hybird()] android.permission.WRITE_EXTERNAL_STORAGE
[INTERNAL_LOG][2018-06-12 08:03:47,765][INFO][is_hybird()] android.permission.GET_ACCOUNTS
[INTERNAL_LOG][2018-06-12 08:03:47,765][INFO][is_hybird()] android.permission.ACCESS_NETWORK_STATE
[INTERNAL_LOG][2018-06-12 08:03:47,765][INFO][is_hybird()] [Permission End]

[INTERNAL_LOG][2018-06-12 08:03:47,765][INFO][analyze_start()] TYPE APK: [ANDROID NATIVE]

[INTERNAL_LOG][2018-06-12 08:03:47,765][INFO][find_string()] [START FILE ANALYZE]
[INTERNAL_LOG][2018-06-12 08:03:47,765][INFO][find_string()] [END ANALYZE FILE]

[INTERNAL_LOG][2018-06-12 08:03:47,765][INFO][find_string()] [START FILE ANALYZE]
[INTERNAL_LOG][2018-06-12 08:03:47,765][INFO][find_string()] [END ANALYZE FILE]

[INTERNAL_LOG][2018-06-12 08:03:49,285][INFO][find_url_in_apk()] [START ALL URL INSIDE APK]
[INTERNAL_LOG][2018-06-12 08:03:49,285][INFO][find_url_in_apk()] https://proton.flurry.com/sdk/v1/config
https://data.flurry.com/pcr.do
http://data.flurry.com/aap.do
https://data.flurry.com/aap.do

[INTERNAL_LOG][2018-06-12 08:03:49,285][INFO][find_url_in_apk()] [END ALL URL INSIDE APK]
[INTERNAL_LOG][2018-06-12 08:03:49,285][INFO][check_method_conf()] [JavaScript enabled: False]

[INTERNAL_LOG][2018-06-12 08:03:49,285][INFO][check_method_conf()] [Add interface WebView: False]

[INTERNAL_LOG][2018-06-12 08:03:49,286][INFO][analyze_start()] This app might be not vulnerable on  attack frame confusion.
[INTERNAL_LOG][2018-06-12 08:03:49,286][INFO][analyze_start()] End time:[Tue Jun 12 08:03:49 2018]
