[INTERNAL_LOG][2018-06-12 05:07:51,001][INFO][analyze_start()] Init Time [Tue Jun 12 05:07:50 2018]
[INTERNAL_LOG][2018-06-12 05:07:51,083][INFO][run()] Start Analysis
[INTERNAL_LOG][2018-06-12 05:07:51,084][INFO][is_hybird()] [Permission Enble Start]
[INTERNAL_LOG][2018-06-12 05:07:51,084][INFO][is_hybird()] android.permission.INTERNET
[INTERNAL_LOG][2018-06-12 05:07:51,084][INFO][is_hybird()] android.permission.READ_EXTERNAL_STORAGE
[INTERNAL_LOG][2018-06-12 05:07:51,084][INFO][is_hybird()] android.permission.WRITE_EXTERNAL_STORAGE
[INTERNAL_LOG][2018-06-12 05:07:51,084][INFO][is_hybird()] android.permission.FLASHLIGHT
[INTERNAL_LOG][2018-06-12 05:07:51,084][INFO][is_hybird()] android.permission.CAMERA
[INTERNAL_LOG][2018-06-12 05:07:51,084][INFO][is_hybird()] android.permission.ACCESS_COARSE_LOCATION
[INTERNAL_LOG][2018-06-12 05:07:51,085][INFO][is_hybird()] android.permission.ACCESS_NETWORK_STATE
[INTERNAL_LOG][2018-06-12 05:07:51,085][INFO][is_hybird()] android.permission.ACCESS_WIFI_STATE
[INTERNAL_LOG][2018-06-12 05:07:51,085][INFO][is_hybird()] com.android.launcher.permission.INSTALL_SHORTCUT
[INTERNAL_LOG][2018-06-12 05:07:51,085][INFO][is_hybird()] com.android.launcher.permission.READ_SETTINGS
[INTERNAL_LOG][2018-06-12 05:07:51,085][INFO][is_hybird()] android.permission.WAKE_LOCK
[INTERNAL_LOG][2018-06-12 05:07:51,085][INFO][is_hybird()] android.permission.VIBRATE
[INTERNAL_LOG][2018-06-12 05:07:51,085][INFO][is_hybird()] com.android.vending.BILLING
[INTERNAL_LOG][2018-06-12 05:07:51,085][INFO][is_hybird()] android.permission.GET_TASKS
[INTERNAL_LOG][2018-06-12 05:07:51,085][INFO][is_hybird()] android.permission.ACCESS_FINE_LOCATION
[INTERNAL_LOG][2018-06-12 05:07:51,085][INFO][is_hybird()] com.ufotosoft.common.push.permission.C2D_MESSAGE
[INTERNAL_LOG][2018-06-12 05:07:51,085][INFO][is_hybird()] com.google.android.providers.gsf.permission.READ_GSERVICES
[INTERNAL_LOG][2018-06-12 05:07:51,085][INFO][is_hybird()] com.google.android.c2dm.permission.RECEIVE
[INTERNAL_LOG][2018-06-12 05:07:51,085][INFO][is_hybird()] com.cam001.selfie.permission.C2D_MESSAGE
[INTERNAL_LOG][2018-06-12 05:07:51,085][INFO][is_hybird()] [Permission End]

[INTERNAL_LOG][2018-06-12 05:07:51,085][INFO][analyze_start()] TYPE APK: [ANDROID NATIVE]

[INTERNAL_LOG][2018-06-12 05:07:51,085][INFO][find_string()] [START FILE ANALYZE]
[INTERNAL_LOG][2018-06-12 05:07:51,085][INFO][find_string()] File: assets/blank.html
[INTERNAL_LOG][2018-06-12 05:07:51,086][INFO][find_string()] No iframe in assets/blank.html
[INTERNAL_LOG][2018-06-12 05:07:51,086][INFO][find_string()] [END ANALYZE FILE]

[INTERNAL_LOG][2018-06-12 05:07:51,086][INFO][find_string()] [START FILE ANALYZE]
[INTERNAL_LOG][2018-06-12 05:07:51,086][INFO][find_string()] File: assets/web/jquery-3.0.0.min.js
[INTERNAL_LOG][2018-06-12 05:07:51,132][INFO][find_string()] No iframe in assets/web/jquery-3.0.0.min.js
[INTERNAL_LOG][2018-06-12 05:07:51,133][INFO][find_string()] [END ANALYZE FILE]

[INTERNAL_LOG][2018-06-12 05:08:55,529][INFO][find_url_in_apk()] [START URL LOADED INSIDE LOAD FUNCTION]
[INTERNAL_LOG][2018-06-12 05:08:55,529][INFO][find_url_in_apk()] https://play.google.com/store/apps/

[INTERNAL_LOG][2018-06-12 05:08:55,529][INFO][find_url_in_apk()] [END URL LOADED INSIDE LOAD FUNCTION]
[INTERNAL_LOG][2018-06-12 05:08:56,146][ERROR][download_page_loaded()] Failed download: https://play.google.com/store/apps/ for exception [Errno 21] Is a directory: 'temp_html_code/html_downloaded_Sweet Selfie - selfie cam_ beauty cam_ photo edit by Ufoto - com/'
[INTERNAL_LOG][2018-06-12 05:08:56,148][INFO][find_string()] [START REMOTE FILE ANALYZE]
[INTERNAL_LOG][2018-06-12 05:08:56,148][INFO][find_string()] [END ANALYZE FILE]

[INTERNAL_LOG][2018-06-12 05:08:56,148][INFO][find_url_in_apk()] [START ALL URL INSIDE APK]
[INTERNAL_LOG][2018-06-12 05:08:56,148][INFO][find_url_in_apk()] http://schemas.android.com/apk/res/android
http://schemas.android.com/apk/res/android
http://adslot.ufotosoft.com/
http://adslot.ufotosoft.com/
http://54.208.210.215:8089/
http://cpi.ufotosoft.com/challgengeVote.html?acId=
http://cpi.ufotosoft.com/
http://cpi.ufotosoft.com/
http://cpi.ufotosoft.com/
http://cpi.ufotosoft.com/
http://cpi.ufotosoft.com/
http://54.208.210.215:9090/
http://54.208.210.215:9090/
http://app.ufotosoft.com/
http://app.ufotosoft.com/
http://app.ufotosoft.com/
http://app.ufotosoft.com/
http://app.ufotosoft.com/
http://app.ufotosoft.com/
http://app.ufotosoft.com/
http://app.ufotosoft.com/
http://beta.ufotosoft.com/
http://beta.ufotosoft.com/
http://192.168.60.199:8080/appService/
http://192.168.60.226:8080/
http://54.208.210.215/
http://www.u-camera.com/?pkg=
http://cpi.ufotosoft.com/index.html
http://cpi.ufotosoft.com/index.html
http://54.208.210.215/index.html
http://res.ufotosoft.com/aboutus/src/thanks.html
http://res.ufotosoft.com/aboutus/src/Service.html
http://res.ufotosoft.com/aboutus/src/policy.html
http://res.ufotosoft.com/aboutus/src/policy.html
http://res.ufotosoft.com/aboutus/src/honor.html
http://res.ufotosoft.com/aboutus/src/fqa/fqa_zh.html
http://res.ufotosoft.com/aboutus/src/fqa/fqa_es.html
http://res.ufotosoft.com/aboutus/src/fqa/fqa_fr.html
http://res.ufotosoft.com/aboutus/src/fqa/fqa_pt.html
http://res.ufotosoft.com/aboutus/src/fqa/fqa_tr.html
http://res.ufotosoft.com/aboutus/src/fqa/fqa_en.html
https://play.google.com/store/apps/details?id=com.cam001.selfie&referrer=utm_source%3Dsetting_share
https://play.google.com/store/apps/details?id=com.cam001.selfie&referrer=utm_source%3Dresource_share
https://play.google.com/store/apps/details?id=com.cam001.selfie&referrer=utm_source%3Dresource_share
https://www.facebook.com/i.love.sweetselfie/
https://www.facebook.com/i.love.sweetselfie/
https://www.instagram.com/_u/
https://www.instagram.com/
https://api.cloudmobi.net/api/
https://logger.cloudmobi.net/
https://v.cloudmobi.net/video/v4/creative/get
https://v.cloudmobi.net/video/v4/ad/get
http://www.cloudmobi.net
http://cdn.image.cloudmobi.net/default/icon/20/20/corner/icon.png
https://play.google.com/store/apps/
http://api.mobula.sdk.duapps.com/adunion/slot/getDlAd?
http://api.mobula.sdk.duapps.com/adunion/slot/getDlAd?
http://api.mobula.sdk.duapps.com/adunion/rtb/getInmobiAd?
http://api.mobula.sdk.duapps.com/adunion/rtb/getInmobiAd?
http://api.mobula.sdk.duapps.com/adunion/rtb/fetchAd?
http://api.mobula.sdk.duapps.com/adunion/rtb/fetchAd?
http://api.mobula.sdk.duapps.com/adunion/slot/getSrcPrio?
http://api.mobula.sdk.duapps.com/adunion/slot/getSrcPrio?
http://api.mobula.sdk.duapps.com/adunion/slot/tdmr?
http://rts.mobula.sdk.duapps.com/orts/rp?
http://rts.mobula.sdk.duapps.com/orts/rpb?
http://market.android.com
http://market.android.com
https://market.android.com
https://market.android.com
https://play.google.com
https://play.google.com
https://play.google.com
https://play.google.com
https://play.google.com
https://play.google.com
https://play.google.com
https://play.google.com
http://play.google.com
http://play.google.com
https://play.google.com/store/apps/details?id=
https://play.google.com/store/apps/details?id=
https://play.google.com/store/apps/details?id=
https://play.google.com/store/apps/details?id=
http://m.facebook.com/ads/ad_choices
http://m.facebook.com/ads/ad_choices
https://www.facebook.com/audience_network/server_side_reward
https://www.%s.facebook.com/audience_network/server_side_reward
https://graph.facebook.com/network_ads_common
https://graph.%s.facebook.com/network_ads_common
https://www.facebook.com/adnw_logging/
https://www.%s.facebook.com/adnw_logging/
https://www.facebook.com/
https://www.%s.facebook.com
http://www.facebook.com
https://graph.%s
https://graph-video.%s
https://facebook.com
https://facebook.com/device?user_code=%1$s&qr=1
https://pagead2.googlesyndication.com/pagead/gen_204
https://googleads.g.doubleclick.net/mads/static/mad/sdk/native/sdk-core-v40.html
https://googleads.g.doubleclick.net/mads/static/mad/sdk/native/mraid/v2/mraid_app_banner.js
https://googleads.g.doubleclick.net/mads/static/mad/sdk/native/mraid/v2/mraid_app_expanded_banner.js
https://googleads.g.doubleclick.net/mads/static/mad/sdk/native/mraid/v2/mraid_app_interstitial.js
https://csi.gstatic.com/csi
https://googleads.g.doubleclick.net/mads/static/mad/sdk/native/native_ads.html
https://imasdk.googleapis.com/admob/sdkloader/native_video.html
https://www.google.com/dfp/linkDevice
https://www.google.com/dfp/inAppPreview
https://www.google.com/dfp/debugSignals
https://www.google.com/dfp/sendDebugData
http://www.example.com
http://www.example.com
https://twitter.com/%s/status/%s
http://video.tyroo.com/image
http://video.tyroo.com/image
http://video.tyroo.com/image
http://localhost/
http://localhost/
http://localhost/
http://play.google.com/store/apps/details?id=com.facebook.orca
https://proton.flurry.com/sdk/v1/config
https://data.flurry.com/pcr.do
http://data.flurry.com/aap.do
https://data.flurry.com/aap.do
http://schemas.microsoft.com/DRM/2007/03/protocols/AcquireLicense
http://www.w3.org/ns/ttml#parameter
https://pagead2.googlesyndication.com/pagead/gen_204?id=gmob-apps
http://hostname/?
http://hostname/?
https://accounts.google.com
https://www.facebook.com
https://www.googleapis.com/auth/games
https://plus.google.com/
http://www.google.com
https://support.google.com/dfp_premium/answer/7160685#push
http://www.google-analytics.com
https://ssl.google-analytics.com
https://app-measurement.com/a
https://www.google.com
https://www.googletagmanager.com
http://cn-staging-2114457898.cn-north-1.elb.amazonaws.com.cn/cdn/v2/adconfig/1/
https://crystalexpress.optimix.cn/cdn/v2/adconfig/1/
https://dwzb7nsm427ad.cloudfront.net/1/
https://d1zkodo2u3p4pe.cloudfront.net/1/
https://geoinfo.crystalexpress.optimix.cn/api/1/geoinfo
https://geoinfo.i2w.io/api/1/geoinfo
http://s3.cn-north-1.amazonaws.com.cn/ce-dev/cdn/adcfg
http://crystalexpress.optimix.cn/cdn/adcfg
http://ce-global-dev-proxy-154916917.ap-northeast-1.elb.amazonaws.com/cdn/adcfg
http://d2qmdcga8xwxzj.cloudfront.net/cdn/adcfg
http://ddad-dev-metadata.intowow.com/adcfg
http://ddad-prod-metadata.intowow.com/adcfg
https://www.facebook.com/%s
https://www.facebook.com/%s
http://xmlpull.org/v1/doc/features.html#process-namespaces
http://xmlpull.org/v1/doc/features.html#process-namespaces
http://schemas.android.com/apk/lib/com.inmobi.ads
http://schemas.android.com/apk/lib/com.inmobi.ads
https://i.l.inmobicdn.net/sdk/sdk/500/android/mraid.js
http://i.w.inmobi.com/showad.asm
https://sdktm.w.inmobi.com/sdkpubreq
http://config.inmobi.com/config-server/v1/config/secure.cfg
http://www.inmobi.com/products/sdk/#downloads
https://sdkm.w.inmobi.com/metrics/e.asm?v=1&
https://www.facebook.com/dialog/feed?app_id=181821551957328&link=
https://m.google.com/app/plus/x/?v=compose&content=
http://twitter.com/home?status=
http://dock.inmobi.com/carb/v1/i
http://dock.inmobi.com/carb/v1/o
https://sdkm.w.inmobi.com/user/e.asm
https://mobile-static.adsafeprotected.com/avid-v2.js
https://mobile-static.adsafeprotected.com/avid-v2.js
https://z.moatads.com/
https://z.moatads.com/
https://itunes.apple.com
https://itunes.apple.com
http://play.google.com/store/apps/details?id=
https://analytics.mopub.com/i/jot/exchange_client_event
https://www.mopub.com/optout
https://r.my.com/mobile/
https://ad.mail.ru/mobile/
https://target.my.com/
http://vcdn.tyroo.com/07141fd6dd3dfd345fc5a9585967491e.jpg
http://vcdn.tyroo.com/07141fd6dd3dfd345fc5a9585967491e.jpg
http://adslot.ufotosoft.com
http://adslot.ufotosoft.com
http://54.208.210.215:8089
http://54.208.210.215:9090
http://54.208.210.215:9090
http://cpi.ufotosoft.com
http://cpi.ufotosoft.com
http://res.ufotosoft.com/
https://www.googleapis.com/auth/drive.appdata
https://www.googleapis.com/auth/drive.appdata
http://beta.ufotosoft.com/config/getSkinConfig?language=%s&region=%s&version=%d&id=%d
http://app.ufotosoft.com/config/getSkinConfig?language=%s&region=%s&version=%d&id=%d
http://res.ufotosoft.com/activity/applink/index.html?p=selfie
http://a.app.qq.com/o/simple.jsp?pkgname=com.cam001.selfie
https://www.instagram.com/_u/sweetselfie_official/
http://statics.ufotosoft.com/
http://statics.ufotosoft.com/
http://alog.umeng.com/app_logs
http://alog.umeng.co/app_logs
http://log.umsns.com/share/api/
http://feedback.umeng.com/feedback/reply
http://feedback.umeng.com/feedback/reply
http://feedback.umeng.com/feedback/feedbacks

[INTERNAL_LOG][2018-06-12 05:08:56,149][INFO][find_url_in_apk()] [END ALL URL INSIDE APK]
[INTERNAL_LOG][2018-06-12 05:08:56,165][INFO][check_method_conf()] [JavaScript enabled: True]

[INTERNAL_LOG][2018-06-12 05:08:56,165][INFO][check_method_conf()] [Add interface WebView: True]

[INTERNAL_LOG][2018-06-12 05:08:56,165][INFO][analyze_start()] This app might be not vulnerable on  attack frame confusion.
[INTERNAL_LOG][2018-06-12 05:08:56,166][INFO][analyze_start()] End time:[Tue Jun 12 05:08:56 2018]
