[INTERNAL_LOG][2018-06-12 05:53:53,778][INFO][analyze_start()] Init Time [Tue Jun 12 05:53:53 2018]
[INTERNAL_LOG][2018-06-12 05:53:53,920][INFO][run()] Start Analysis
[INTERNAL_LOG][2018-06-12 05:53:53,921][INFO][is_hybird()] [Permission Enble Start]
[INTERNAL_LOG][2018-06-12 05:53:53,921][INFO][is_hybird()] android.permission.INTERNET
[INTERNAL_LOG][2018-06-12 05:53:53,921][INFO][is_hybird()] android.permission.READ_PHONE_STATE
[INTERNAL_LOG][2018-06-12 05:53:53,921][INFO][is_hybird()] android.permission.ACCESS_NETWORK_STATE
[INTERNAL_LOG][2018-06-12 05:53:53,921][INFO][is_hybird()] android.permission.WRITE_EXTERNAL_STORAGE
[INTERNAL_LOG][2018-06-12 05:53:53,921][INFO][is_hybird()] android.permission.ACCESS_WIFI_STATE
[INTERNAL_LOG][2018-06-12 05:53:53,921][INFO][is_hybird()] android.permission.ACCESS_FINE_LOCATION
[INTERNAL_LOG][2018-06-12 05:53:53,921][INFO][is_hybird()] android.permission.ACCESS_COARSE_LOCATION
[INTERNAL_LOG][2018-06-12 05:53:53,921][INFO][is_hybird()] com.android.vending.BILLING
[INTERNAL_LOG][2018-06-12 05:53:53,921][INFO][is_hybird()] android.permission.WAKE_LOCK
[INTERNAL_LOG][2018-06-12 05:53:53,921][INFO][is_hybird()] [Permission End]

[INTERNAL_LOG][2018-06-12 05:53:53,922][INFO][analyze_start()] TYPE APK: [ANDROID NATIVE]

[INTERNAL_LOG][2018-06-12 05:53:53,922][INFO][find_string()] [START FILE ANALYZE]
[INTERNAL_LOG][2018-06-12 05:53:53,922][INFO][find_string()] File: assets/js/closebutton.html
[INTERNAL_LOG][2018-06-12 05:53:53,922][INFO][find_string()] No iframe in assets/js/closebutton.html
[INTERNAL_LOG][2018-06-12 05:53:53,922][INFO][find_string()] [END ANALYZE FILE]

[INTERNAL_LOG][2018-06-12 05:53:53,922][INFO][find_string()] [START FILE ANALYZE]
[INTERNAL_LOG][2018-06-12 05:53:53,922][INFO][find_string()] File: assets/js/mraid.js
[INTERNAL_LOG][2018-06-12 05:53:53,924][INFO][find_string()] No iframe in assets/js/mraid.js
[INTERNAL_LOG][2018-06-12 05:53:53,924][INFO][find_string()] [END ANALYZE FILE]

[INTERNAL_LOG][2018-06-12 05:54:13,862][INFO][find_url_in_apk()] [START URL LOADED INSIDE LOAD FUNCTION]
[INTERNAL_LOG][2018-06-12 05:54:13,862][INFO][find_url_in_apk()] https://cortana-gateway.amazon.com/cortana/gateway/getSignedDownloadUrl

[INTERNAL_LOG][2018-06-12 05:54:13,862][INFO][find_url_in_apk()] [END URL LOADED INSIDE LOAD FUNCTION]
[INTERNAL_LOG][2018-06-12 05:54:14,735][ERROR][download_page_loaded()] Failed response code: 500 for https://cortana-gateway.amazon.com/cortana/gateway/getSignedDownloadUrl  
[INTERNAL_LOG][2018-06-12 05:54:14,737][INFO][find_string()] [START REMOTE FILE ANALYZE]
[INTERNAL_LOG][2018-06-12 05:54:14,737][INFO][find_string()] [END ANALYZE FILE]

[INTERNAL_LOG][2018-06-12 05:54:14,737][INFO][find_url_in_apk()] [START ALL URL INSIDE APK]
[INTERNAL_LOG][2018-06-12 05:54:14,737][INFO][find_url_in_apk()] https://cortana-gateway.amazon.com/cortana/gateway/getSignedDownloadUrl
https://ags-ext.amazon.com/service/gamedata/WhisperData
https://ags-ext.amazon.com/service/gamedata/WhisperData
http://www.amazon.com/gp/mas/get-appstore/android/ref=mas_mx_mba_iap_dl
https://applab-sdk.amazon.com/1.0
https://applab-sdk.amazon.com/1.0
https://applab-sdk.amazon.com/1.0
https://api.appsflyer.com/install_data/v3/
https://sdk.appsflyer.com/reattr_data/
https://events.appsflyer.com/api/v2.3/androidevent?buildnumber=1.17&app_id=
https://track.appsflyer.com/api/v2.3/androidevent?buildnumber=1.17&app_id=
https://track.appsflyer.com/api/v2.3/uninsall?buildnumber=1.17
https://m.facebook.com/dialog/
https://graph.facebook.com/
https://api.facebook.com/restserver.php
https://graph.facebook.com/%s/picture
https://graph.%s
https://graph-video.%s
https://facebook.com
http://hostname/?
http://hostname/?
http://www.google-analytics.com/collect
http://www.google-analytics.com/collect
https://ssl.google-analytics.com/collect
https://ssl.google-analytics.com
https://www.googleapis.com/auth/appstate
https://www.googleapis.com/auth/appstate
https://www.googleapis.com/auth/drive.file
https://www.googleapis.com/auth/drive.appdata
https://www.googleapis.com/auth/drive
https://www.googleapis.com/auth/drive.apps
https://www.googleapis.com/auth/fitness.activity.read
https://www.googleapis.com/auth/fitness.activity.read
https://www.googleapis.com/auth/fitness.activity.write
https://www.googleapis.com/auth/fitness.activity.write
https://www.googleapis.com/auth/fitness.location.read
https://www.googleapis.com/auth/fitness.location.read
https://www.googleapis.com/auth/fitness.location.write
https://www.googleapis.com/auth/fitness.location.write
https://www.googleapis.com/auth/fitness.body.read
https://www.googleapis.com/auth/fitness.body.read
https://www.googleapis.com/auth/fitness.body.write
https://www.googleapis.com/auth/fitness.body.write
https://www.googleapis.com/auth/games
https://www.googleapis.com/auth/games
https://www.googleapis.com/auth/games.firstparty
https://www.googleapis.com/auth/games.firstparty
https://googleads.g.doubleclick.net/mads/static/sdk/native/sdk-core-v40.html
https://googleads.g.doubleclick.net/mads/static/mad/sdk/native/sdk-core-v40.html
https://googleads.g.doubleclick.net/mads/static/mad/sdk/native/sdk-core-v40.html
https://googleads.g.doubleclick.net/mads/static/mad/sdk/native/sdk-core-v40.html
https://googleads.g.doubleclick.net/mads/static/mad/sdk/native/native_ads.html
http://www.google.com
https://googleads.g.doubleclick.net/mads/static/mad/sdk/native/mraid/v2/mraid_app_interstitial.js
https://googleads.g.doubleclick.net/mads/static/mad/sdk/native/mraid/v2/mraid_app_expanded_banner.js
https://googleads.g.doubleclick.net/mads/static/mad/sdk/native/mraid/v2/mraid_app_banner.js
http://plus.google.com/
https://www.googleapis.com/auth/plus.login
https://www.googleapis.com/auth/plus.login
https://www.googleapis.com/auth/plus.me
http://schemas.android.com/apk/lib/com.google.android.gms.plus
http://schemas.android.com/apk/lib/com.google.android.gms.plus
https://www.googletagmanager.com

[INTERNAL_LOG][2018-06-12 05:54:14,737][INFO][find_url_in_apk()] [END ALL URL INSIDE APK]
[INTERNAL_LOG][2018-06-12 05:54:14,742][INFO][check_method_conf()] [JavaScript enabled: True]

[INTERNAL_LOG][2018-06-12 05:54:14,742][INFO][check_method_conf()] [Add interface WebView: True]

[INTERNAL_LOG][2018-06-12 05:54:14,742][INFO][analyze_start()] This app might be not vulnerable on  attack frame confusion.
[INTERNAL_LOG][2018-06-12 05:54:14,742][INFO][analyze_start()] End time:[Tue Jun 12 05:54:14 2018]
