[INTERNAL_LOG][2018-06-12 06:32:30,121][INFO][analyze_start()] Init Time [Tue Jun 12 06:32:30 2018]
[INTERNAL_LOG][2018-06-12 06:32:30,172][INFO][run()] Start Analysis
[INTERNAL_LOG][2018-06-12 06:32:30,172][INFO][is_hybird()] [Permission Enble Start]
[INTERNAL_LOG][2018-06-12 06:32:30,173][INFO][is_hybird()] android.permission.INTERNET
[INTERNAL_LOG][2018-06-12 06:32:30,173][INFO][is_hybird()] android.permission.WRITE_EXTERNAL_STORAGE
[INTERNAL_LOG][2018-06-12 06:32:30,173][INFO][is_hybird()] android.permission.ACCESS_WIFI_STATE
[INTERNAL_LOG][2018-06-12 06:32:30,173][INFO][is_hybird()] android.permission.ACCESS_NETWORK_STATE
[INTERNAL_LOG][2018-06-12 06:32:30,173][INFO][is_hybird()] android.permission.WAKE_LOCK
[INTERNAL_LOG][2018-06-12 06:32:30,173][INFO][is_hybird()] android.permission.VIBRATE
[INTERNAL_LOG][2018-06-12 06:32:30,173][INFO][is_hybird()] com.google.android.c2dm.permission.RECEIVE
[INTERNAL_LOG][2018-06-12 06:32:30,173][INFO][is_hybird()] android.permission.READ_EXTERNAL_STORAGE
[INTERNAL_LOG][2018-06-12 06:32:30,173][INFO][is_hybird()] com.android.vending.BILLING
[INTERNAL_LOG][2018-06-12 06:32:30,173][INFO][is_hybird()] com.secondarm.taptapdash.permission.C2D_MESSAGE
[INTERNAL_LOG][2018-06-12 06:32:30,173][INFO][is_hybird()] com.google.android.finsky.permission.BIND_GET_INSTALL_REFERRER_SERVICE
[INTERNAL_LOG][2018-06-12 06:32:30,173][INFO][is_hybird()] android.permission.RECEIVE_BOOT_COMPLETED
[INTERNAL_LOG][2018-06-12 06:32:30,173][INFO][is_hybird()] [Permission End]

[INTERNAL_LOG][2018-06-12 06:32:30,173][INFO][analyze_start()] TYPE APK: [ANDROID NATIVE]

[INTERNAL_LOG][2018-06-12 06:32:30,173][INFO][find_string()] [START FILE ANALYZE]
[INTERNAL_LOG][2018-06-12 06:32:30,173][INFO][find_string()] [END ANALYZE FILE]

[INTERNAL_LOG][2018-06-12 06:32:30,173][INFO][find_string()] [START FILE ANALYZE]
[INTERNAL_LOG][2018-06-12 06:32:30,173][INFO][find_string()] [END ANALYZE FILE]

[INTERNAL_LOG][2018-06-12 06:33:31,275][INFO][find_url_in_apk()] [START ALL URL INSIDE APK]
[INTERNAL_LOG][2018-06-12 06:33:31,275][INFO][find_url_in_apk()] http://schemas.android.com/apk/res/android
http://schemas.android.com/apk/res/android
http://schemas.android.com/apk/res/android
https://adc3-launch-server-staging.herokuapp.com/v4/launch
https://adc3-launch.adcolony.com/v4/launch
https://wd.adcolony.com/logs
http://schemas.applovin.com/android/1.0
http://schemas.applovin.com/android/1.0
https://d.applovin.com/
https://a.applovin.com/
https://rt.applovin.com/med
https://rt.applovin.com/pix
https://d.applvn.com/
https://a.applvn.com/
https://rt.applvn.com/pix
https://vid.applovin.com/,https://pdn.applovin.com/,https://img.applovin.com/,https://d.applovin.com/,https://assets.applovin.com/,https://cdnjs.cloudflare.com/,http://vid.applovin.com/,http://pdn.applovin.com/,http://img.applovin.com/,http://d.applovin.com/,http://assets.applovin.com/,http://cdnjs.cloudflare.com/
https://validate.%s/api/v
https://sdk-services.%s/validate-android-signature
https://app.%s
https://app.%s
https://impression.%s
https://monitorsdk.%s/remote-debug?app_id=
http://market.android.com/
https://play.google.com
http://play.google.com
https://tuc.ksmobile.net/report
https://tuc.ijinshan.com/report
http://helpcmplaysdk1.ksmobile.com/c/
http://youradchoices.com/appchoices
http://www.cmcm.com/protocol/site/ad-choice.html
http://www.cmcm.com/protocol/site/ad-choice.html
http://www.cmcm.com/protocol/site/tos.html
http://www.cmcm.com/protocol/site/tos.html
http://www.cmcm.com/protocol/site/privacy.html
http://www.cmcm.com/protocol/site/privacy.html
http://xmlpull.org/v1/doc/features.html#indent-output
http://xmlpull.org/v1/doc/features.html#indent-output
http://xmlpull.org/v1/doc/features.html#indent-output
http://play.google.com/store/apps/
https://www.facebook.com/
https://www.%s.facebook.com
https://graph.facebook.com/network_ads_common
https://graph.%s.facebook.com/network_ads_common
https://www.facebook.com/adnw_logging/
https://www.%s.facebook.com/adnw_logging/
http://www.facebook.com
https://graph.%s
https://graph-video.%s
https://facebook.com
https://facebook.com/device?user_code=%1$s&qr=1
http://play.google.com/store/apps/details?id=com.facebook.orca
https://api.%s/install_data/v3/
https://attr.%s/api/v
https://t.%s/api/v
https://events.%s/api/v
https://register.%s/api/v
https://stats.%s/stats
https://onelink.%s/shortlink-sdk/v1
https://onelink.%s/shortlink-sdk/v1
https://live.chartboost.com
http://schemas.microsoft.com/DRM/2007/03/protocols/AcquireLicense
http://www.example.com
http://www.example.com
https://parseapi.back4app.com/
https://www.%s.facebook.com/audience_network/server_side_reward
https://www.facebook.com/audience_network/server_side_reward
https://pagead2.googlesyndication.com/pagead/gen_204?id=gmob-apps
https://plus.google.com/
http://play.google.com/store/apps/category/GAME
https://play.google.com/store/apps/details?id=%1$s&rdid=%1$s&rdot=%2$d
https://plus.google.com/%s/about
https://play.google.com/store/apps/details
https://www.googleapis.com/auth/drive.file
https://www.googleapis.com/auth/drive.appdata
https://www.googleapis.com/auth/drive
https://www.googleapis.com/auth/drive.apps
https://www.googleapis.com/auth/games
https://www.googleapis.com/auth/games
https://www.googleapis.com/auth/games
https://www.googleapis.com/auth/games_lite
https://www.googleapis.com/auth/games_lite
https://www.googleapis.com/auth/games_lite
https://www.googleapis.com/auth/games.firstparty
https://www.googleapis.com/auth/games.firstparty
https://pagead2.googlesyndication.com/pagead/gen_204
http://www.google.com
https://support.google.com/dfp_premium/answer/7160685#push
https://googleads.g.doubleclick.net/mads/static/mad/sdk/native/sdk-core-v40.html
https://googleads.g.doubleclick.net/mads/static/mad/sdk/native/production/sdk-core-v40-impl.js
https://googleads.g.doubleclick.net/mads/static/mad/sdk/native/mraid/v2/mraid_app_banner.js
https://googleads.g.doubleclick.net/mads/static/mad/sdk/native/mraid/v2/mraid_app_expanded_banner.js
https://googleads.g.doubleclick.net/mads/static/mad/sdk/native/mraid/v2/mraid_app_interstitial.js
https://csi.gstatic.com/csi
https://googleads.g.doubleclick.net/mads/static/mad/sdk/native/native_ads.html
https://googleads.g.doubleclick.net/mads/static/mad/sdk/native/production/native_ads.js
https://imasdk.googleapis.com/admob/sdkloader/native_video.html
https://www.google.com/dfp/linkDevice
https://www.google.com/dfp/inAppPreview
https://www.google.com/dfp/debugSignals
https://www.google.com/dfp/sendDebugData
https://www.googleapis.com/auth/plus.login
https://www.googleapis.com/auth/plus.me
http://schemas.android.com/apk/lib/com.google.android.gms.plus
http://schemas.android.com/apk/lib/com.google.android.gms.plus
http://magic.cmcm.com/api/
http://magic.cmcm.com/api/magic/notify
https://mobile-static.adsafeprotected.com/avid-v2.js
https://px.moatads.com/pixel.gif?e=0&i=MOATSDK1&ac=1
https://z.moatads.com/
https://z.moatads.com/
https://play.google.com/store/apps/details?id=
https://play.google.com/store/apps/details?id=
https://play.google.com/
https://play.google.com/
https://play.google.com/
https://play.google.com/
https://twitter.com/%s/status/%s
https://www.mopub.com/optout/
https://www.mopub.com/optout/
http://www.secondarm.com/crosspromos/android/
http://www.secondarm.com/crosspromos/android/crosspromo_taptapdash_u15.json
https://graph.facebook.com/
https://graph.facebook.com/
http://www.secondarm.com/taptapdash/fb/delete_data.php
http://www.secondarm.com/taptapdash/fb/delete_data_
http://www.secondarm.com/taptapdash/fb/get_data.php
http://www.secondarm.com/taptapdash/fb/get_data_
http://www.secondarm.com/taptapdash/fb/push_crowns.php
http://www.secondarm.com/taptapdash/fb/push_crowns_
http://www.secondarm.com/taptapdash/fb/push_data.php
http://www.secondarm.com/taptapdash/fb/push_data_
http://www.secondarm.com/taptapdash/data/settings_android_u15.csv
http://www.secondarm.com/taptapdash/fb/push_n_get_friends_1000.php
http://www.secondarm.com/taptapdash/fb/get_total_1000.php
http://www.secondarm.com/taptapdash/fb/push_total_1000.php
https://config.unityads.unity3d.com/webview/
https://vungle.com/privacy/
https://settings.crashlytics.com/spi/v2/platforms/android/apps/%s/settings
http://localhost/
http://localhost/
http://localhost/
http://www.cmcm.com/en-us/opt-out/index.html?pkg=com.secondarm.taptapdash
https://api.vungle.com/
https://m.facebook.com/appcenter/taptapruner
https://e.crashlytics.com/spi/v2/events
https://analytics.mopub.com/i/jot/exchange_client_event
https://www.mopub.com/optout
http://www.w3.org/ns/ttml#parameter

[INTERNAL_LOG][2018-06-12 06:33:31,275][INFO][find_url_in_apk()] [END ALL URL INSIDE APK]
[INTERNAL_LOG][2018-06-12 06:33:31,282][INFO][check_method_conf()] [JavaScript enabled: True]

[INTERNAL_LOG][2018-06-12 06:33:31,283][INFO][check_method_conf()] [Add interface WebView: True]

[INTERNAL_LOG][2018-06-12 06:33:31,283][INFO][analyze_start()] This app might be not vulnerable on  attack frame confusion.
[INTERNAL_LOG][2018-06-12 06:33:31,283][INFO][analyze_start()] End time:[Tue Jun 12 06:33:31 2018]
