[INTERNAL_LOG][2018-06-12 01:25:31,591][INFO][analyze_start()] Init Time [Tue Jun 12 01:25:31 2018]
[INTERNAL_LOG][2018-06-12 01:25:31,661][INFO][run()] Start Analysis
[INTERNAL_LOG][2018-06-12 01:25:31,662][INFO][is_hybird()] [Permission Enble Start]
[INTERNAL_LOG][2018-06-12 01:25:31,662][INFO][is_hybird()] com.google.android.c2dm.permission.RECEIVE
[INTERNAL_LOG][2018-06-12 01:25:31,662][INFO][is_hybird()] org.telegram.messenger.permission.MAPS_RECEIVE
[INTERNAL_LOG][2018-06-12 01:25:31,662][INFO][is_hybird()] com.google.android.providers.gsf.permission.READ_GSERVICES
[INTERNAL_LOG][2018-06-12 01:25:31,662][INFO][is_hybird()] android.permission.ACCESS_COARSE_LOCATION
[INTERNAL_LOG][2018-06-12 01:25:31,662][INFO][is_hybird()] android.permission.ACCESS_FINE_LOCATION
[INTERNAL_LOG][2018-06-12 01:25:31,662][INFO][is_hybird()] android.permission.CALL_PHONE
[INTERNAL_LOG][2018-06-12 01:25:31,662][INFO][is_hybird()] android.permission.READ_SMS
[INTERNAL_LOG][2018-06-12 01:25:31,662][INFO][is_hybird()] android.permission.READ_CALL_LOG
[INTERNAL_LOG][2018-06-12 01:25:31,662][INFO][is_hybird()] android.permission.WRITE_CALL_LOG
[INTERNAL_LOG][2018-06-12 01:25:31,662][INFO][is_hybird()] android.permission.INTERNET
[INTERNAL_LOG][2018-06-12 01:25:31,662][INFO][is_hybird()] android.permission.RECORD_AUDIO
[INTERNAL_LOG][2018-06-12 01:25:31,662][INFO][is_hybird()] android.permission.MODIFY_AUDIO_SETTINGS
[INTERNAL_LOG][2018-06-12 01:25:31,662][INFO][is_hybird()] android.permission.ACCESS_NETWORK_STATE
[INTERNAL_LOG][2018-06-12 01:25:31,662][INFO][is_hybird()] android.permission.ACCESS_WIFI_STATE
[INTERNAL_LOG][2018-06-12 01:25:31,662][INFO][is_hybird()] android.permission.RECEIVE_SMS
[INTERNAL_LOG][2018-06-12 01:25:31,662][INFO][is_hybird()] android.permission.WAKE_LOCK
[INTERNAL_LOG][2018-06-12 01:25:31,663][INFO][is_hybird()] android.permission.READ_EXTERNAL_STORAGE
[INTERNAL_LOG][2018-06-12 01:25:31,663][INFO][is_hybird()] android.permission.GET_ACCOUNTS
[INTERNAL_LOG][2018-06-12 01:25:31,663][INFO][is_hybird()] android.permission.READ_CONTACTS
[INTERNAL_LOG][2018-06-12 01:25:31,663][INFO][is_hybird()] android.permission.WRITE_CONTACTS
[INTERNAL_LOG][2018-06-12 01:25:31,663][INFO][is_hybird()] android.permission.MANAGE_ACCOUNTS
[INTERNAL_LOG][2018-06-12 01:25:31,663][INFO][is_hybird()] android.permission.READ_PROFILE
[INTERNAL_LOG][2018-06-12 01:25:31,663][INFO][is_hybird()] android.permission.WRITE_SYNC_SETTINGS
[INTERNAL_LOG][2018-06-12 01:25:31,663][INFO][is_hybird()] android.permission.READ_SYNC_SETTINGS
[INTERNAL_LOG][2018-06-12 01:25:31,663][INFO][is_hybird()] android.permission.AUTHENTICATE_ACCOUNTS
[INTERNAL_LOG][2018-06-12 01:25:31,663][INFO][is_hybird()] android.permission.VIBRATE
[INTERNAL_LOG][2018-06-12 01:25:31,663][INFO][is_hybird()] android.permission.SYSTEM_ALERT_WINDOW
[INTERNAL_LOG][2018-06-12 01:25:31,663][INFO][is_hybird()] android.permission.READ_PHONE_STATE
[INTERNAL_LOG][2018-06-12 01:25:31,663][INFO][is_hybird()] android.permission.RECEIVE_BOOT_COMPLETED
[INTERNAL_LOG][2018-06-12 01:25:31,663][INFO][is_hybird()] android.permission.USE_FINGERPRINT
[INTERNAL_LOG][2018-06-12 01:25:31,663][INFO][is_hybird()] android.permission.INSTALL_SHORTCUT
[INTERNAL_LOG][2018-06-12 01:25:31,663][INFO][is_hybird()] com.android.launcher.permission.INSTALL_SHORTCUT
[INTERNAL_LOG][2018-06-12 01:25:31,663][INFO][is_hybird()] com.android.launcher.permission.UNINSTALL_SHORTCUT
[INTERNAL_LOG][2018-06-12 01:25:31,663][INFO][is_hybird()] android.permission.CAMERA
[INTERNAL_LOG][2018-06-12 01:25:31,663][INFO][is_hybird()] android.permission.BLUETOOTH
[INTERNAL_LOG][2018-06-12 01:25:31,663][INFO][is_hybird()] android.permission.MANAGE_OWN_CALLS
[INTERNAL_LOG][2018-06-12 01:25:31,663][INFO][is_hybird()] com.sec.android.provider.badge.permission.READ
[INTERNAL_LOG][2018-06-12 01:25:31,663][INFO][is_hybird()] com.sec.android.provider.badge.permission.WRITE
[INTERNAL_LOG][2018-06-12 01:25:31,663][INFO][is_hybird()] com.htc.launcher.permission.READ_SETTINGS
[INTERNAL_LOG][2018-06-12 01:25:31,663][INFO][is_hybird()] com.htc.launcher.permission.UPDATE_SHORTCUT
[INTERNAL_LOG][2018-06-12 01:25:31,663][INFO][is_hybird()] com.sonyericsson.home.permission.BROADCAST_BADGE
[INTERNAL_LOG][2018-06-12 01:25:31,664][INFO][is_hybird()] com.sonymobile.home.permission.PROVIDER_INSERT_BADGE
[INTERNAL_LOG][2018-06-12 01:25:31,664][INFO][is_hybird()] com.anddoes.launcher.permission.UPDATE_COUNT
[INTERNAL_LOG][2018-06-12 01:25:31,664][INFO][is_hybird()] com.majeur.launcher.permission.UPDATE_BADGE
[INTERNAL_LOG][2018-06-12 01:25:31,664][INFO][is_hybird()] com.huawei.android.launcher.permission.CHANGE_BADGE
[INTERNAL_LOG][2018-06-12 01:25:31,664][INFO][is_hybird()] com.huawei.android.launcher.permission.READ_SETTINGS
[INTERNAL_LOG][2018-06-12 01:25:31,664][INFO][is_hybird()] com.huawei.android.launcher.permission.WRITE_SETTINGS
[INTERNAL_LOG][2018-06-12 01:25:31,664][INFO][is_hybird()] android.permission.READ_APP_BADGE
[INTERNAL_LOG][2018-06-12 01:25:31,664][INFO][is_hybird()] com.oppo.launcher.permission.READ_SETTINGS
[INTERNAL_LOG][2018-06-12 01:25:31,664][INFO][is_hybird()] com.oppo.launcher.permission.WRITE_SETTINGS
[INTERNAL_LOG][2018-06-12 01:25:31,664][INFO][is_hybird()] me.everything.badger.permission.BADGE_COUNT_READ
[INTERNAL_LOG][2018-06-12 01:25:31,664][INFO][is_hybird()] me.everything.badger.permission.BADGE_COUNT_WRITE
[INTERNAL_LOG][2018-06-12 01:25:31,664][INFO][is_hybird()] android.permission.WRITE_EXTERNAL_STORAGE
[INTERNAL_LOG][2018-06-12 01:25:31,664][INFO][is_hybird()] android.permission.REQUEST_INSTALL_PACKAGES
[INTERNAL_LOG][2018-06-12 01:25:31,664][INFO][is_hybird()] com.google.android.finsky.permission.BIND_GET_INSTALL_REFERRER_SERVICE
[INTERNAL_LOG][2018-06-12 01:25:31,664][INFO][is_hybird()] org.telegram.messenger.permission.C2D_MESSAGE
[INTERNAL_LOG][2018-06-12 01:25:31,664][INFO][is_hybird()] [Permission End]

[INTERNAL_LOG][2018-06-12 01:25:31,664][INFO][analyze_start()] TYPE APK: [ANDROID NATIVE]

[INTERNAL_LOG][2018-06-12 01:25:31,664][INFO][find_string()] [START FILE ANALYZE]
[INTERNAL_LOG][2018-06-12 01:25:31,664][INFO][find_string()] [END ANALYZE FILE]

[INTERNAL_LOG][2018-06-12 01:25:31,664][INFO][find_string()] [START FILE ANALYZE]
[INTERNAL_LOG][2018-06-12 01:25:31,664][INFO][find_string()] [END ANALYZE FILE]

[INTERNAL_LOG][2018-06-12 01:26:24,028][INFO][find_url_in_apk()] [START URL LOADED INSIDE LOAD FUNCTION]
[INTERNAL_LOG][2018-06-12 01:26:24,029][INFO][find_url_in_apk()] https://www.youtube.com
http://www.aparat.com/video/video/embed/vt/frame/showvideo/yes/videohash/%s
https://coub.com/api/v2/coubs/%s.json
https://api.twitch.tv/kraken/streams/%s?stream_type=all
https://api.twitch.tv/api/channels/%s/access_token
https://player.vimeo.com/video/%s/config
https://www.youtube.com/embed/
https://www.youtube.com/get_video_info?

[INTERNAL_LOG][2018-06-12 01:26:24,029][INFO][find_url_in_apk()] [END URL LOADED INSIDE LOAD FUNCTION]
[INTERNAL_LOG][2018-06-12 01:26:26,111][ERROR][download_page_loaded()] Failed response code: 400 for http://www.aparat.com/video/video/embed/vt/frame/showvideo/yes/videohash/%s  
[INTERNAL_LOG][2018-06-12 01:26:26,428][ERROR][download_page_loaded()] Failed response code: 400 for https://coub.com/api/v2/coubs/%s.json  
[INTERNAL_LOG][2018-06-12 01:26:26,725][ERROR][download_page_loaded()] Failed response code: 400 for https://api.twitch.tv/kraken/streams/%s?stream_type=all  
[INTERNAL_LOG][2018-06-12 01:26:27,030][ERROR][download_page_loaded()] Failed response code: 400 for https://api.twitch.tv/api/channels/%s/access_token  
[INTERNAL_LOG][2018-06-12 01:26:27,286][ERROR][download_page_loaded()] Failed response code: 400 for https://player.vimeo.com/video/%s/config  
[INTERNAL_LOG][2018-06-12 01:26:27,434][ERROR][download_page_loaded()] Failed download: https://www.youtube.com/embed/ for exception [Errno 21] Is a directory: 'temp_html_code/html_downloaded_Telegram by Telegram FZ-LLC - org/'
[INTERNAL_LOG][2018-06-12 01:26:27,582][INFO][find_string()] [START REMOTE FILE ANALYZE]
[INTERNAL_LOG][2018-06-12 01:26:27,583][INFO][find_string()] Remote File in: temp_html_code/html_downloaded_Telegram by Telegram FZ-LLC - org/www.youtube.com
[INTERNAL_LOG][2018-06-12 01:26:27,583][INFO][find_string()] URL: https://www.youtube.com
[INTERNAL_LOG][2018-06-12 01:26:27,692][INFO][find_string()] Found this tag <iframe id="signin-passive" src="https://accounts.google.com/ServiceLogin?passive=true&amp;hl=it&amp;uilel=3&amp;continue=https%3A%2F%2Fwww.youtube.com%2Fsignin%3Fnext%3D%252Fsignin_passive%26action_handle_signin%3Dtrue%26hl%3Dit%26app%3Ddesktop%26feature%3Dpassive&amp;service=youtube"></iframe>
[INTERNAL_LOG][2018-06-12 01:26:27,692][INFO][find_string()] Found in file temp_html_code/html_downloaded_Telegram by Telegram FZ-LLC - org/www.youtube.com tag iframe , 1 times
[INTERNAL_LOG][2018-06-12 01:26:27,692][INFO][find_string()] Founded this src ['https://accounts.google.com/ServiceLogin?passive=true&hl=it&uilel=3&continue=https%3A%2F%2Fwww.youtube.com%2Fsignin%3Fnext%3D%252Fsignin_passive%26action_handle_signin%3Dtrue%26hl%3Dit%26app%3Ddesktop%26feature%3Dpassive&service=youtube'] in iframe tag inside file temp_html_code/html_downloaded_Telegram by Telegram FZ-LLC - org/www.youtube.com
[INTERNAL_LOG][2018-06-12 01:26:27,713][INFO][find_string()] No CSP found!
[INTERNAL_LOG][2018-06-12 01:26:27,713][INFO][find_string()] Remote File in: temp_html_code/html_downloaded_Telegram by Telegram FZ-LLC - org/get_video_info?
[INTERNAL_LOG][2018-06-12 01:26:27,713][INFO][find_string()] URL: https://www.youtube.com/get_video_info?
[INTERNAL_LOG][2018-06-12 01:26:27,713][INFO][find_string()] No iframe in temp_html_code/html_downloaded_Telegram by Telegram FZ-LLC - org/get_video_info?
[INTERNAL_LOG][2018-06-12 01:26:27,713][INFO][find_string()] [END ANALYZE FILE]

[INTERNAL_LOG][2018-06-12 01:26:27,713][INFO][find_url_in_apk()] [START ALL URL INSIDE APK]
[INTERNAL_LOG][2018-06-12 01:26:27,714][INFO][find_url_in_apk()] https://pagead2.googlesyndication.com/pagead/gen_204?id=gmob-apps
https://plus.google.com/
https://app-measurement.com/a
https://www.google.com
https://api.stripe.com
https://sdk.hockeyapp.net/
https://sdk.hockeyapp.net/
https://sdk.hockeyapp.net/
https://play.google.com/store/apps/details?id=org.telegram.messenger
https://telegram.org/dl
http://www.google.com
http://schemas.microsoft.com/DRM/2007/03/protocols/AcquireLicense
http://www.w3.org/ns/ttml#parameter
http://www.example.com
https://software-download.microsoft.com/testv2/config.txt
https://software-download.microsoft.com/prodv2/config.txt
https://www.google.com/resolve?name=
https://ss3.4sqi.net/img/categories_v2/
http://youtube.com
http://youtube.com
http://youtube.com
http://youtube.com
https://telegram.org/embed
https://maps.googleapis.com/maps/api/staticmap?center=%f,%f&zoom=15&size=%dx%d&maptype=roadmap&scale=%d&sensor=false
https://maps.googleapis.com/maps/api/staticmap?center=%f,%f&zoom=15&size=%dx%d&maptype=roadmap&scale=%d&sensor=false
https://maps.googleapis.com/maps/api/staticmap?center=%f,%f&zoom=15&size=72x72&maptype=roadmap&scale=%d&markers=color:red|size:mid|%f,%f&sensor=false
https://maps.googleapis.com/maps/api/staticmap?center=%f,%f&zoom=15&size=72x72&maptype=roadmap&scale=%d&markers=color:red|size:mid|%f,%f&sensor=false
https://maps.googleapis.com/maps/api/staticmap?center=%f,%f&zoom=15&size=200x100&maptype=roadmap&scale=%d&markers=color:red|size:mid|%f,%f&sensor=false
https://maps.googleapis.com/maps/api/staticmap?center=%f,%f&zoom=15&size=200x100&maptype=roadmap&scale=%d&markers=color:red|size:mid|%f,%f&sensor=false
https://maps.googleapis.com/maps/api/staticmap?center=%f,%f&zoom=15&size=72x72&maptype=roadmap&scale=%d&markers=color:red|size:small|%f,%f&sensor=false
https://www.youtube.com
https://www.youtube.com
https://t.me/
http://www.aparat.com/video/video/embed/vt/frame/showvideo/yes/videohash/%s
https://coub.com/api/v2/coubs/%s.json
https://api.twitch.tv/kraken/streams/%s?stream_type=all
https://api.twitch.tv/api/channels/%s/access_token
https://youtube.googleapis.com/v/
https://youtube.googleapis.com/v/
https://usher.ttvnw.net/api/channel/hls/%s.m3u8?%s
https://player.vimeo.com/video/%s/config
https://www.youtube.com/embed/
https://www.youtube.com/get_video_info?
http://maps.google.com/maps?saddr=%f,%f&daddr=%f,%f
https://api.cognitive.microsoft.com/bing/v5.0/images/search?q='%s'&offset=%d&count=%d&$format=json&safeSearch=%s
https://maps.googleapis.com/maps/api/staticmap?center=%f,%f&zoom=13&size=100x100&maptype=roadmap&scale=%d&markers=color:red|size:big|%f,%f&sensor=false
https://t.me/proxy?
https://t.me/socks?

[INTERNAL_LOG][2018-06-12 01:26:27,714][INFO][find_url_in_apk()] [END ALL URL INSIDE APK]
[INTERNAL_LOG][2018-06-12 01:26:28,589][INFO][check_method_conf()] [JavaScript enabled: True]

[INTERNAL_LOG][2018-06-12 01:26:28,589][INFO][check_method_conf()] [Add interface WebView: True]

[INTERNAL_LOG][2018-06-12 01:26:28,589][INFO][analyze_start()] This app might be vulnerable on attack frame confusion, This file are vulnerable ['temp_html_code/html_downloaded_Telegram by Telegram FZ-LLC - org/www.youtube.com']
[INTERNAL_LOG][2018-06-12 01:26:28,589][INFO][analyze_start()] End time:[Tue Jun 12 01:26:28 2018]
