[INTERNAL_LOG][2018-06-12 07:31:28,470][INFO][analyze_start()] Init Time [Tue Jun 12 07:31:28 2018]
[INTERNAL_LOG][2018-06-12 07:31:28,670][INFO][run()] Start Analysis
[INTERNAL_LOG][2018-06-12 07:31:28,671][INFO][is_hybird()] [Permission Enble Start]
[INTERNAL_LOG][2018-06-12 07:31:28,671][INFO][is_hybird()] com.android.vending.BILLING
[INTERNAL_LOG][2018-06-12 07:31:28,671][INFO][is_hybird()] android.permission.BATTERY_STATS
[INTERNAL_LOG][2018-06-12 07:31:28,672][INFO][is_hybird()] android.permission.SYSTEM_ALERT_WINDOW
[INTERNAL_LOG][2018-06-12 07:31:28,672][INFO][is_hybird()] com.google.android.c2dm.permission.RECEIVE
[INTERNAL_LOG][2018-06-12 07:31:28,672][INFO][is_hybird()] android.permission.GET_TASKS
[INTERNAL_LOG][2018-06-12 07:31:28,672][INFO][is_hybird()] android.permission.RECEIVE_BOOT_COMPLETED
[INTERNAL_LOG][2018-06-12 07:31:28,672][INFO][is_hybird()] com.enflick.android.TextNow.permission.C2D_MESSAGE
[INTERNAL_LOG][2018-06-12 07:31:28,672][INFO][is_hybird()] android.permission.INTERNET
[INTERNAL_LOG][2018-06-12 07:31:28,672][INFO][is_hybird()] android.permission.ACCESS_NETWORK_STATE
[INTERNAL_LOG][2018-06-12 07:31:28,672][INFO][is_hybird()] android.permission.ACCESS_COARSE_LOCATION
[INTERNAL_LOG][2018-06-12 07:31:28,672][INFO][is_hybird()] android.permission.WAKE_LOCK
[INTERNAL_LOG][2018-06-12 07:31:28,672][INFO][is_hybird()] android.permission.VIBRATE
[INTERNAL_LOG][2018-06-12 07:31:28,672][INFO][is_hybird()] android.permission.WRITE_SETTINGS
[INTERNAL_LOG][2018-06-12 07:31:28,672][INFO][is_hybird()] android.permission.READ_CONTACTS
[INTERNAL_LOG][2018-06-12 07:31:28,672][INFO][is_hybird()] android.permission.WRITE_CONTACTS
[INTERNAL_LOG][2018-06-12 07:31:28,672][INFO][is_hybird()] android.permission.ACCESS_WIFI_STATE
[INTERNAL_LOG][2018-06-12 07:31:28,672][INFO][is_hybird()] android.permission.READ_PHONE_STATE
[INTERNAL_LOG][2018-06-12 07:31:28,672][INFO][is_hybird()] android.permission.WRITE_EXTERNAL_STORAGE
[INTERNAL_LOG][2018-06-12 07:31:28,672][INFO][is_hybird()] android.permission.BLUETOOTH
[INTERNAL_LOG][2018-06-12 07:31:28,672][INFO][is_hybird()] android.permission.BROADCAST_STICKY
[INTERNAL_LOG][2018-06-12 07:31:28,672][INFO][is_hybird()] android.permission.RECORD_AUDIO
[INTERNAL_LOG][2018-06-12 07:31:28,672][INFO][is_hybird()] android.permission.MODIFY_AUDIO_SETTINGS
[INTERNAL_LOG][2018-06-12 07:31:28,672][INFO][is_hybird()] android.permission.CALL_PHONE
[INTERNAL_LOG][2018-06-12 07:31:28,672][INFO][is_hybird()] android.permission.CAMERA
[INTERNAL_LOG][2018-06-12 07:31:28,673][INFO][is_hybird()] com.sec.android.provider.badge.permission.READ
[INTERNAL_LOG][2018-06-12 07:31:28,673][INFO][is_hybird()] com.sec.android.provider.badge.permission.WRITE
[INTERNAL_LOG][2018-06-12 07:31:28,673][INFO][is_hybird()] android.permission.READ_CALL_LOG
[INTERNAL_LOG][2018-06-12 07:31:28,673][INFO][is_hybird()] android.permission.WRITE_CALL_LOG
[INTERNAL_LOG][2018-06-12 07:31:28,673][INFO][is_hybird()] android.permission.CALL_PRIVILEGED
[INTERNAL_LOG][2018-06-12 07:31:28,673][INFO][is_hybird()] android.permission.MODIFY_PHONE_STATE
[INTERNAL_LOG][2018-06-12 07:31:28,673][INFO][is_hybird()] android.permission.RECEIVE_SMS
[INTERNAL_LOG][2018-06-12 07:31:28,673][INFO][is_hybird()] android.permission.SEND_SMS
[INTERNAL_LOG][2018-06-12 07:31:28,673][INFO][is_hybird()] android.permission.READ_SMS
[INTERNAL_LOG][2018-06-12 07:31:28,673][INFO][is_hybird()] android.permission.RECEIVE_MMS
[INTERNAL_LOG][2018-06-12 07:31:28,673][INFO][is_hybird()] android.permission.DISABLE_KEYGUARD
[INTERNAL_LOG][2018-06-12 07:31:28,673][INFO][is_hybird()] com.google.android.providers.gsf.permission.READ_GSERVICES
[INTERNAL_LOG][2018-06-12 07:31:28,673][INFO][is_hybird()] com.android.launcher.permission.INSTALL_SHORTCUT
[INTERNAL_LOG][2018-06-12 07:31:28,673][INFO][is_hybird()] com.android.launcher.permission.UNINSTALL_SHORTCUT
[INTERNAL_LOG][2018-06-12 07:31:28,673][INFO][is_hybird()] android.permission.GET_ACCOUNTS
[INTERNAL_LOG][2018-06-12 07:31:28,673][INFO][is_hybird()] android.permission.PROCESS_OUTGOING_CALLS
[INTERNAL_LOG][2018-06-12 07:31:28,673][INFO][is_hybird()] enflick.permission.NATIVEDIALER
[INTERNAL_LOG][2018-06-12 07:31:28,673][INFO][is_hybird()] android.permission.CHANGE_NETWORK_STATE
[INTERNAL_LOG][2018-06-12 07:31:28,673][INFO][is_hybird()] android.permission.CHANGE_WIFI_STATE
[INTERNAL_LOG][2018-06-12 07:31:28,673][INFO][is_hybird()] android.permission.READ_EXTERNAL_STORAGE
[INTERNAL_LOG][2018-06-12 07:31:28,674][INFO][is_hybird()] android.permission.AUTHENTICATE_ACCOUNTS
[INTERNAL_LOG][2018-06-12 07:31:28,674][INFO][is_hybird()] android.permission.READ_SYNC_SETTINGS
[INTERNAL_LOG][2018-06-12 07:31:28,674][INFO][is_hybird()] android.permission.WRITE_SYNC_SETTINGS
[INTERNAL_LOG][2018-06-12 07:31:28,674][INFO][is_hybird()] com.google.android.finsky.permission.BIND_GET_INSTALL_REFERRER_SERVICE
[INTERNAL_LOG][2018-06-12 07:31:28,674][INFO][is_hybird()] android.permission.BLUETOOTH_ADMIN
[INTERNAL_LOG][2018-06-12 07:31:28,674][INFO][is_hybird()] android.permission.READ_LOGS
[INTERNAL_LOG][2018-06-12 07:31:28,674][INFO][is_hybird()] com.htc.launcher.permission.READ_SETTINGS
[INTERNAL_LOG][2018-06-12 07:31:28,674][INFO][is_hybird()] com.htc.launcher.permission.UPDATE_SHORTCUT
[INTERNAL_LOG][2018-06-12 07:31:28,674][INFO][is_hybird()] com.sonyericsson.home.permission.BROADCAST_BADGE
[INTERNAL_LOG][2018-06-12 07:31:28,674][INFO][is_hybird()] com.sonymobile.home.permission.PROVIDER_INSERT_BADGE
[INTERNAL_LOG][2018-06-12 07:31:28,674][INFO][is_hybird()] com.anddoes.launcher.permission.UPDATE_COUNT
[INTERNAL_LOG][2018-06-12 07:31:28,674][INFO][is_hybird()] com.majeur.launcher.permission.UPDATE_BADGE
[INTERNAL_LOG][2018-06-12 07:31:28,674][INFO][is_hybird()] com.huawei.android.launcher.permission.CHANGE_BADGE
[INTERNAL_LOG][2018-06-12 07:31:28,674][INFO][is_hybird()] com.huawei.android.launcher.permission.READ_SETTINGS
[INTERNAL_LOG][2018-06-12 07:31:28,674][INFO][is_hybird()] com.huawei.android.launcher.permission.WRITE_SETTINGS
[INTERNAL_LOG][2018-06-12 07:31:28,674][INFO][is_hybird()] android.permission.READ_APP_BADGE
[INTERNAL_LOG][2018-06-12 07:31:28,674][INFO][is_hybird()] com.oppo.launcher.permission.READ_SETTINGS
[INTERNAL_LOG][2018-06-12 07:31:28,674][INFO][is_hybird()] com.oppo.launcher.permission.WRITE_SETTINGS
[INTERNAL_LOG][2018-06-12 07:31:28,674][INFO][is_hybird()] me.everything.badger.permission.BADGE_COUNT_READ
[INTERNAL_LOG][2018-06-12 07:31:28,674][INFO][is_hybird()] me.everything.badger.permission.BADGE_COUNT_WRITE
[INTERNAL_LOG][2018-06-12 07:31:28,674][INFO][is_hybird()] [Permission End]

[INTERNAL_LOG][2018-06-12 07:31:28,675][INFO][analyze_start()] TYPE APK: [ANDROID NATIVE]

[INTERNAL_LOG][2018-06-12 07:31:28,675][INFO][find_string()] [START FILE ANALYZE]
[INTERNAL_LOG][2018-06-12 07:31:28,675][INFO][find_string()] File: assets/v2_story_inline_fragment_internal.html
[INTERNAL_LOG][2018-06-12 07:31:28,676][INFO][find_string()] No iframe in assets/v2_story_inline_fragment_internal.html
[INTERNAL_LOG][2018-06-12 07:31:28,676][INFO][find_string()] File: js/closebutton.html
[INTERNAL_LOG][2018-06-12 07:31:28,677][INFO][find_string()] No iframe in js/closebutton.html
[INTERNAL_LOG][2018-06-12 07:31:28,677][INFO][find_string()] File: res/raw/template_error_page.html
[INTERNAL_LOG][2018-06-12 07:31:28,677][INFO][find_string()] No iframe in res/raw/template_error_page.html
[INTERNAL_LOG][2018-06-12 07:31:28,677][INFO][find_string()] File: res/raw/template_fullscreen_raw.html
[INTERNAL_LOG][2018-06-12 07:31:28,678][INFO][find_string()] No iframe in res/raw/template_fullscreen_raw.html
[INTERNAL_LOG][2018-06-12 07:31:28,678][INFO][find_string()] File: res/raw/template_raw.html
[INTERNAL_LOG][2018-06-12 07:31:28,678][INFO][find_string()] No iframe in res/raw/template_raw.html
[INTERNAL_LOG][2018-06-12 07:31:28,679][INFO][find_string()] File: res/raw/template_rectangle_raw.html
[INTERNAL_LOG][2018-06-12 07:31:28,679][INFO][find_string()] No iframe in res/raw/template_rectangle_raw.html
[INTERNAL_LOG][2018-06-12 07:31:28,679][INFO][find_string()] File: res/raw/template_rectangle_regular.html
[INTERNAL_LOG][2018-06-12 07:31:28,680][INFO][find_string()] No iframe in res/raw/template_rectangle_regular.html
[INTERNAL_LOG][2018-06-12 07:31:28,680][INFO][find_string()] File: res/raw/template_rectangle_tracking_ad.html
[INTERNAL_LOG][2018-06-12 07:31:28,681][INFO][find_string()] No iframe in res/raw/template_rectangle_tracking_ad.html
[INTERNAL_LOG][2018-06-12 07:31:28,681][INFO][find_string()] File: res/raw/template_regular.html
[INTERNAL_LOG][2018-06-12 07:31:28,682][INFO][find_string()] No iframe in res/raw/template_regular.html
[INTERNAL_LOG][2018-06-12 07:31:28,682][INFO][find_string()] File: res/raw/template_tracking_ad.html
[INTERNAL_LOG][2018-06-12 07:31:28,683][INFO][find_string()] No iframe in res/raw/template_tracking_ad.html
[INTERNAL_LOG][2018-06-12 07:31:28,683][INFO][find_string()] [END ANALYZE FILE]

[INTERNAL_LOG][2018-06-12 07:31:28,683][INFO][find_string()] [START FILE ANALYZE]
[INTERNAL_LOG][2018-06-12 07:31:28,683][INFO][find_string()] File: assets/mmadsdk/actionsQueue.js
[INTERNAL_LOG][2018-06-12 07:31:28,684][INFO][find_string()] No iframe in assets/mmadsdk/actionsQueue.js
[INTERNAL_LOG][2018-06-12 07:31:28,685][INFO][find_string()] File: assets/mmadsdk/mm.js
[INTERNAL_LOG][2018-06-12 07:31:28,686][INFO][find_string()] No iframe in assets/mmadsdk/mm.js
[INTERNAL_LOG][2018-06-12 07:31:28,686][INFO][find_string()] File: assets/mmadsdk/mraid.js
[INTERNAL_LOG][2018-06-12 07:31:28,766][INFO][find_string()] No iframe in assets/mmadsdk/mraid.js
[INTERNAL_LOG][2018-06-12 07:31:28,767][INFO][find_string()] File: assets/mmadsdk/vpaid.js
[INTERNAL_LOG][2018-06-12 07:31:28,775][INFO][find_string()] No iframe in assets/mmadsdk/vpaid.js
[INTERNAL_LOG][2018-06-12 07:31:28,775][INFO][find_string()] File: assets/v2_detect_ad_pos_script_internal.js
[INTERNAL_LOG][2018-06-12 07:31:28,776][INFO][find_string()] No iframe in assets/v2_detect_ad_pos_script_internal.js
[INTERNAL_LOG][2018-06-12 07:31:28,776][INFO][find_string()] File: js/mraid.js
[INTERNAL_LOG][2018-06-12 07:31:28,779][INFO][find_string()] No iframe in js/mraid.js
[INTERNAL_LOG][2018-06-12 07:31:28,779][INFO][find_string()] File: res/raw/mraid.js
[INTERNAL_LOG][2018-06-12 07:31:28,780][INFO][find_string()] No iframe in res/raw/mraid.js
[INTERNAL_LOG][2018-06-12 07:31:28,780][INFO][find_string()] File: res/raw/mraid_controller.js
[INTERNAL_LOG][2018-06-12 07:31:28,781][INFO][find_string()] No iframe in res/raw/mraid_controller.js
[INTERNAL_LOG][2018-06-12 07:31:28,781][INFO][find_string()] File: res/raw/vrvsdk_controller.js
[INTERNAL_LOG][2018-06-12 07:31:28,782][INFO][find_string()] No iframe in res/raw/vrvsdk_controller.js
[INTERNAL_LOG][2018-06-12 07:31:28,782][INFO][find_string()] [END ANALYZE FILE]

[INTERNAL_LOG][2018-06-12 07:32:46,452][INFO][find_url_in_apk()] [START URL LOADED INSIDE LOAD FUNCTION]
[INTERNAL_LOG][2018-06-12 07:32:46,452][INFO][find_url_in_apk()] https://www.textnow.com/
https://www.textnow.com/notfound/

[INTERNAL_LOG][2018-06-12 07:32:46,452][INFO][find_url_in_apk()] [END URL LOADED INSIDE LOAD FUNCTION]
[INTERNAL_LOG][2018-06-12 07:32:47,451][ERROR][download_page_loaded()] Failed download: https://www.textnow.com/ for exception [Errno 21] Is a directory: 'temp_html_code/html_downloaded_TextNow - free text _ calls by TextNow_ Inc/'
[INTERNAL_LOG][2018-06-12 07:32:48,196][ERROR][download_page_loaded()] Failed download: https://www.textnow.com/notfound/ for exception [Errno 21] Is a directory: 'temp_html_code/html_downloaded_TextNow - free text _ calls by TextNow_ Inc/'
[INTERNAL_LOG][2018-06-12 07:32:48,197][INFO][find_string()] [START REMOTE FILE ANALYZE]
[INTERNAL_LOG][2018-06-12 07:32:48,197][INFO][find_string()] [END ANALYZE FILE]

[INTERNAL_LOG][2018-06-12 07:32:48,197][INFO][find_url_in_apk()] [START ALL URL INSIDE APK]
[INTERNAL_LOG][2018-06-12 07:32:48,197][INFO][find_url_in_apk()] http://schemas.android.com/apk/res/android
https://app.adjust.com
https://app.adjust.com
http://admarvel.s3.amazonaws.com/js/admarvel_mraid_v2_complete.js
http://admarvel.s3.amazonaws.com/js/admarvel_mraid_v2_complete.js
http://admarvel.s3.amazonaws.com/js/admarvel_mraid_v2_complete.js
http://admarvel.s3.amazonaws.com/js/admarvel_mraid_v2_complete.js
http://admarvel.s3.amazonaws.com/js/admarvel_mraid_v2_complete.js
http://admarvel.s3.amazonaws.com/js/admarvel_mraid_v2_complete.js
http://admarvel.s3.amazonaws.com/js/admarvel_mraid_v2_complete.js
http://admarvel.s3.amazonaws.com/js/admarvel_mraid_v2_complete.js
http://admarvel.s3.amazonaws.com/sdk/assets/embedded_video_ad_xml_default_format.js
http://ads.admarvel.com/fam/androidGetAd.php
http://baseurl.admarvel.com/mraid.js
http://baseurl.admarvel.com/mraid.js
http://baseurl.admarvel.com/mraid.js
http://baseurl.admarvel.com/mraid.js
http://baseurl.admarvel.com/mraid.js
http://baseurl.admarvel.com/mraid.js
http://baseurl.admarvel.com
http://baseurl.admarvel.com
http://schemas.android.com/apk/res-auto
http://schemas.android.com/apk/res-auto
http://schemas.android.com/apk/res-auto
http://maps.google
https://maps.google
http://play.google.com
https://play.google.com
http://admarvel.s3.amazonaws.com/sdk/admarvel_android_sdk_dynamic_viewport.js
http://sdk-rh.admarvel.com/adhistory/upload?
http://admarvel.s3.amazonaws.com/sdk/assets/adm_bmp/
http://admarvel.s3.amazonaws.com/sdk/assets/adm_bmp.zip
https://ads.aerserv.com/as/sdk/v2/
https://ads.aerserv.com/as/sdk/v2/
https://ads.aerserv.com/as/sdk/v2/
https://staging.ads.aerserv.com/as/sdk/v2/
https://staging.ads.aerserv.com/as/sdk/v2/
https://ads.aerserv.com/as/sdk/configure/
https://debug.aerserv.com/sybok/analytics
https://debug.aerserv.com/sybok/
http://www.w3.org/2001/XMLSchema-instance
http://www.w3.org/2001/XMLSchema-instance
http://www.w3.org/2001/XMLSchema-instance
http://s3.amazonaws.com/doc/2006-03-01/
http://s3.amazonaws.com/doc/2006-03-01/
http://s3.amazonaws.com/doc/2006-03-01/
http://s3.amazonaws.com/doc/2006-03-01/
http://s3.amazonaws.com/doc/2006-03-01/
http://s3.amazonaws.com/doc/2006-03-01/
http://s3.amazonaws.com/doc/2006-03-01/
http://s3.amazonaws.com/doc/2006-03-01/
https://www.appnext.com/privacy_policy/index.html
http://www.appnext.com/
http://www.appnext.com/
https://play.google.com/store/apps/
https://play.google.com/store/apps/
https://api.appnxt.net/api/actions/impression
https://admin.appnext.com/AdminService.asmx/bns
https://admin.appnext.com/AdminService.asmx/bns
https://cdn.appnext.com/tools/sdk/actions/actionlist.json
https://api.appnxt.net/analytics/
https://admin.appnext.com/AdminService.asmx/SetRL?guid=
https://admin.appnext.com/AdminService.asmx/SetRL?guid=
https://admin.appnext.com/AdminService.asmx/SetRL?guid=
https://admin.appnext.com/AdminService.asmx/SetOpenV1
https://admin.appnext.com/AdminService.asmx/SetOpenV1
https://admin.appnext.com/AdminService.asmx/SetOpenV1
https://admin.appnext.com/AdminService.asmx/
https://admin.appnext.com/AdminService.asmx/
https://www.appnext.com/privacy_policy/index.html?z=
https://www.appnext.com/privacy_policy/index.html?z=
https://www.appnext.com/privacy_policy/index.html?z=
http://apis.appnxt.net:443
https://api.appnxt.net
http://www.appnext.com/myid.html
http://www.appnext.com/myid.html
https://admin.appnext.com/tp12.aspx?tid=%s&vid=%s&osid=%s&auid=%s&session_id=%s&pid=%s&ref=%s&ads_type=%s&bid=%s&cid=%s
https://cdn.appnext.com/banner/appnext.mp4
https://cdn.appnext.com/tools/sdk/config/2.2.3
https://cdn.appnext.com/tools/sdk/config/2.2.3
https://www.fqtag.com/pixel.cgi?org=TkBXEI5C3FBIr4zXwnmK&p=
https://admin.appnext.com/AdminService.asmx/checkA?z=
https://cxp.emogi.com/v1/
https://sand-cxp.emogi.com/v1/
https://sand-cxp.emogi.com/v1/
https://www.textnow.com/wireless/sim-card
https://www.mopub.com/optout
https://www.mopub.com/optout
http://play.google.com/store/apps/details?id=
https://twitter.com/intent/tweet?text=%s&url=%s
https://twitter.com/intent/tweet?text=%s&url=%s
https://www.textnow.com/
https://www.textnow.com/
https://www.textnow.com/
https://api.textnow.me/
https://api.textnow.me/
https://media.enflick.com/
https://features.textnow.com/
http://media-sandbox.enflick.com/
https://tnstage.textnow.me/
https://stage-features.textnow.com/
https://www.stage.textnow.com/
http://tnstage.textnow.me/
https://qa-features.textnow.com/
https://www.qa.textnow.com/
https://tnqa.textnow.me/
https://tntest.textnow.me/
https://test-features.textnow.com/
https://www.test.textnow.com/
http://s3.amazonaws.com/android-client-logs/
http://s3.amazonaws.com/android-client-logs/
http://s3.amazonaws.com/android-client-logs/
https://www.textnow.com/notfound/
http://static.textnow.com/appassets/avatar_message_tax.jpg
https://www.textnow.com/wireless?utm_source=android&utm_medium=native&utm_content=999_general&utm_campaign=999_phone&username=%s&token=%s
http://static.textnow.com/appassets/hs_avatar.jpg
http://static.textnow.com/appassets/hs_android.jpg
https://www.textnow.com/wireless?utm_source=android&utm_medium=native&utm_content=scsale_general&utm_campaign=scsale_phone&username=%s&token=%s
https://qos.textnow.me
https://qos.textnow.me
http://static.textnow.com/2ndLine/avatar_message_tax.jpg
http://static.textnow.com/2ndLine/hs_avatar.jpg
http://static.textnow.com/2ndLine/hs_android.jpg
https://d3tplke66d0j4g.cloudfront.net/sdk-vpaid/0.3/VPAID.html
https://d3tplke66d0j4g.cloudfront.net/sdk-vpaid/0.3/VPAID.js
https://d3tplke66d0j4g.cloudfront.net/sdk-vpaid/0.3/VPAIDBridge.js
https://d3tplke66d0j4g.cloudfront.net/img/poster.gif
http://acs.amazonaws.com/groups/global/AllUsers
http://acs.amazonaws.com/groups/global/AuthenticatedUsers
http://acs.amazonaws.com/groups/s3/LogDelivery
https://cdn.appnext.com/tools/sdk/actions/assets/apps/
https://cdn.appnext.com/tools/sdk/actions/assets/apps/
https://cdn.appnext.com/tools/sdk/actions/assets/icons/
https://api.appnxt.net/api/actions
https://cdn.appnext.com/tools/sdk/config/2.2.3/actions_config.json
https://global.appnext.com
https://global.appnext.com
https://cdn.appnext.com/tools/sdk/config/2.2.3/native_ads_config.txt
https://admin.appnext.com/tools/navtac.html?bid=
https://cdn.appnext.com/tools/sdk/config/2.2.3/native_ads_config.json
https://cdn.emogi.com/cxp/
https://accounts.google.com
https://accounts.google.com
https://www.textnow.com/wireless?utm_source=android&utm_campaign=wireless&utm_medium=interstitial&utm_content=wireless_A&username=%s&token=%s
https://supportwireless.textnow.com/hc/en-us/articles/115005406963
https://www.textnow.com/wireless/sim-card?username=%s&token=%s
https://www.textnow.com/sim
https://static.textnow.com/2ndLine/dialpad.png
https://static.textnow.com/2ndLine/ic_edit_white_24px.png
https://www.textnow.com/referral
http://cdn.appnext.com/tools/services/4.6.7/config.json?packageId=
http://cdn.appnext.com/tools/services/4.6.7/plist.zip
https://onlinetools.ups.com/ups.app/xml/XAV
https://www.affirm.com/u/#/signin
http://www.textnow.com
https://static.textnow.com/AppNext/keyword_mappings.csv
https://textnow.com/sim
https://www.textnow.com/support
https://graph.%s
https://graph-video.%s
https://facebook.com
https://ads.flurry.com/v17/getAds.do
http://ads.flurry.com/v17/getAds.do
https://cdn.flurry.com/vast/videocontrols/v2/android.zip
https://adlog.flurry.com
http://adlog.flurry.com
https://www.tumblr.com/oauth/access_token
https://www.tumblr.com/oauth/authorize?oauth_token=%s
https://api.tumblr.com/v2/blog/
https://api.tumblr.com/v2/blog/
https://www.tumblr.com/oauth/request_token
https://api.tumblr.com/v2/user/info
https://play.google.com/store/apps/details?id=
https://play.google.com/store/apps/details?id=
http://xmlpull.org/v1/doc/features.html#process-namespaces
http://xmlpull.org/v1/doc/features.html#process-namespaces
http://xmlpull.org/v1/doc/features.html#process-namespaces
http://xmlpull.org/v1/doc/features.html#process-namespaces
https://data.flurry.com/pcr.do
https://pagead2.googlesyndication.com/pagead/gen_204?id=gmob-apps
https://www.facebook.com
https://plus.google.com/
https://pagead2.googlesyndication.com/pagead/gen_204
http://www.google.com
https://support.google.com/dfp_premium/answer/7160685#push
http://www.google-analytics.com
https://ssl.google-analytics.com
https://app-measurement.com/a
http://www.example.com
http://www.example.com
http://www.example.com
http://www.example.com
http://www.example.com
http://www.example.com
https://googleads.g.doubleclick.net/mads/static/mad/sdk/native/sdk-core-v40.html
https://googleads.g.doubleclick.net/mads/static/mad/sdk/native/production/sdk-core-v40-impl.js
https://googleads.g.doubleclick.net/mads/static/mad/sdk/native/mraid/v2/mraid_app_banner.js
https://googleads.g.doubleclick.net/mads/static/mad/sdk/native/mraid/v2/mraid_app_expanded_banner.js
https://googleads.g.doubleclick.net/mads/static/mad/sdk/native/mraid/v2/mraid_app_interstitial.js
https://csi.gstatic.com/csi
https://googleads.g.doubleclick.net/mads/static/mad/sdk/native/native_ads.html
https://googleads.g.doubleclick.net/mads/static/mad/sdk/native/production/native_ads.js
https://imasdk.googleapis.com/admob/sdkloader/native_video.html
https://www.google.com/dfp/linkDevice
https://www.google.com/dfp/inAppPreview
https://www.google.com/dfp/debugSignals
https://www.google.com/dfp/sendDebugData
https://www.googletagmanager.com
http://hostname/?
http://hostname/?
https://mobile-static.adsafeprotected.com/avid-v2.js
https://mobile-static.adsafeprotected.com/avid-v2.js
http://leanplum:close
http://leanplum:close
http://leanplum:close
http://leanplum:close
http://leanplum:loadFinished
http://leanplum:loadFinished
http://leanplum:loadFinished
http://leanplum:runAction
http://leanplum:runAction
http://leanplum:runAction
http://leanplum:runTrackedAction
http://leanplum:runTrackedAction
http://leanplum:runTrackedAction
http://leanplum:track
http://leanplum:track
http://leanplum:track
https://ads.nexage.com
https://z.moatads.com/
https://z.moatads.com/
https://z.moatads.com/
https://z.moatads.com/
https://z.moatads.com/
https://z.moatads.com/
https://play.google.com/
https://play.google.com/
https://play.google.com/
https://play.google.com/
https://twitter.com/%s/status/%s
https://www.mopub.com/optout/
https://www.mopub.com/optout/
https://assets-rfm.rubiconproject.com/advertising_option_icon.png
http://rubiconproject.com/privacy/consumer-online-profile-and-opt-out
http://mrp.rubiconproject.com
http://mrp.rubiconproject.com
https://app.roximity.com/api/v5/beacons/nearby
https://app.roximity.com
https://app.roximity.com
https://staging.roximity.com
https://api.roximity.com/api/v4/beacons/logs
https://api.stripe.com
https://api.stripe.com
https://api.stripe.com
https://q.stripe.com
https://q.stripe.com
https://m.stripe.com/4
https://m.stripe.com/4
https://ping.swirl.com/beacon?app=%s&user=%s&label=%s&beacon=%s&timestamp=%.3f&rssi=%d
https://rpc.tapjoy.com/
https://connect.tapjoy.com/
https://connect.tapjoy.com/
https://ws.tapjoyads.com/
https://ws.tapjoyads.com/
https://ws.tapjoyads.com/
https://placements.tapjoy.com/
https://sdkconfig.vrvm.com/config
http://cls.vrvm.com/waypoints
http://cls.vrvm.com/events
https://github.com/VerveWireless/verve-android-adsdk/wiki/Getting-Started
https://api.github.com/repos/VerveWireless/verve-android-adsdk/tags
https://cfg.flurry.com/sdk/v1/config
https://proton.flurry.com/sdk/v1/config
https://data.flurry.com/aap.do
http://data.flurry.com/aap.do
http://mrp.rubiconproject.com/
http://app.sdk.verve/
http://app.sdk.verve/
http://app.sdk.verve/
http://app.sdk.verve/
http://app.sdk.verve/
http://app.sdk.verve/
http://app.sdk.verve/
http://adcel.vrvm.com/banner
http://adcel.vrvm.com/banner
http://schemas.android.com/apk/lib/com.vervewireless.advert
http://schemas.android.com/apk/lib/com.vervewireless.advert
http://go.vrvm.com/t
https://www.google.com
https://analytics.mopub.com/i/jot/exchange_client_event
https://www.googleapis.com/auth/games_lite
https://www.googleapis.com/auth/games
https://github.com/VerveWireless/verve-android-adsdk/wiki/Getting-Started#user-content-step-5-create-the-verveadsdk-object
https://settings.crashlytics.com/spi/v2/platforms/android/apps/%s/settings
https://www.
http://www.
http://checkip.amazonaws.com/
http://checkip.amazonaws.com/
http://checkip.amazonaws.com/
http://checkip.amazonaws.com/
https://kinesis.us-west-2.amazonaws.com
https://clearbid.uberads.com/
https://e.crashlytics.com/spi/v2/events

[INTERNAL_LOG][2018-06-12 07:32:48,198][INFO][find_url_in_apk()] [END ALL URL INSIDE APK]
[INTERNAL_LOG][2018-06-12 07:32:48,257][INFO][check_method_conf()] [JavaScript enabled: True]

[INTERNAL_LOG][2018-06-12 07:32:48,258][INFO][check_method_conf()] [Add interface WebView: True]

[INTERNAL_LOG][2018-06-12 07:32:48,258][INFO][analyze_start()] This app might be not vulnerable on  attack frame confusion.
[INTERNAL_LOG][2018-06-12 07:32:48,258][INFO][analyze_start()] End time:[Tue Jun 12 07:32:48 2018]
