[INTERNAL_LOG][2018-06-12 03:55:26,582][INFO][analyze_start()] Init Time [Tue Jun 12 03:55:26 2018]
[INTERNAL_LOG][2018-06-12 03:55:26,662][INFO][run()] Start Analysis
[INTERNAL_LOG][2018-06-12 03:55:26,662][INFO][is_hybird()] [Permission Enble Start]
[INTERNAL_LOG][2018-06-12 03:55:26,662][INFO][is_hybird()] android.permission.WAKE_LOCK
[INTERNAL_LOG][2018-06-12 03:55:26,662][INFO][is_hybird()] android.permission.INTERNET
[INTERNAL_LOG][2018-06-12 03:55:26,662][INFO][is_hybird()] android.permission.ACCESS_NETWORK_STATE
[INTERNAL_LOG][2018-06-12 03:55:26,662][INFO][is_hybird()] com.android.vending.BILLING
[INTERNAL_LOG][2018-06-12 03:55:26,662][INFO][is_hybird()] com.android.vending.CHECK_LICENSE
[INTERNAL_LOG][2018-06-12 03:55:26,662][INFO][is_hybird()] android.permission.READ_EXTERNAL_STORAGE
[INTERNAL_LOG][2018-06-12 03:55:26,663][INFO][is_hybird()] android.permission.WRITE_EXTERNAL_STORAGE
[INTERNAL_LOG][2018-06-12 03:55:26,663][INFO][is_hybird()] android.permission.GET_ACCOUNTS
[INTERNAL_LOG][2018-06-12 03:55:26,663][INFO][is_hybird()] android.permission.BLUETOOTH
[INTERNAL_LOG][2018-06-12 03:55:26,663][INFO][is_hybird()] android.permission.DOWNLOAD_WITHOUT_NOTIFICATION
[INTERNAL_LOG][2018-06-12 03:55:26,663][INFO][is_hybird()] android.permission.CAMERA
[INTERNAL_LOG][2018-06-12 03:55:26,663][INFO][is_hybird()] android.permission.READ_CONTACTS
[INTERNAL_LOG][2018-06-12 03:55:26,663][INFO][is_hybird()] com.google.android.c2dm.permission.RECEIVE
[INTERNAL_LOG][2018-06-12 03:55:26,663][INFO][is_hybird()] com.g5e.secretsociety.permission.C2D_MESSAGE
[INTERNAL_LOG][2018-06-12 03:55:26,663][INFO][is_hybird()] [Permission End]

[INTERNAL_LOG][2018-06-12 03:55:26,663][INFO][analyze_start()] TYPE APK: [ANDROID NATIVE]

[INTERNAL_LOG][2018-06-12 03:55:26,663][INFO][find_string()] [START FILE ANALYZE]
[INTERNAL_LOG][2018-06-12 03:55:26,663][INFO][find_string()] [END ANALYZE FILE]

[INTERNAL_LOG][2018-06-12 03:55:26,663][INFO][find_string()] [START FILE ANALYZE]
[INTERNAL_LOG][2018-06-12 03:55:26,663][INFO][find_string()] [END ANALYZE FILE]

[INTERNAL_LOG][2018-06-12 03:55:48,271][INFO][find_url_in_apk()] [START ALL URL INSIDE APK]
[INTERNAL_LOG][2018-06-12 03:55:48,271][INFO][find_url_in_apk()] https://app.adjust.com
https://app.adjust.com
https://graph.%s
https://graph-video.%s
https://facebook.com
https://facebook.com/device?user_code=%1$s&qr=1
https://cfg.flurry.com/sdk/v1/config
https://cfg.flurry.com/sdk/v1/config
https://proton.flurry.com/sdk/v1/config
https://data.flurry.com/pcr.do
https://data.flurry.com/aap.do
http://data.flurry.com/aap.do
http://android.g5e.com/extra/
http://play.google.com/store/apps/details?
http://www.amazon.com/gp/mas/dl/android?
https://play.google.com/store/apps/details?
https://www.amazon.com/gp/mas/dl/android?
http://play.google.com/store/apps/details?id=
http://www.g5e.com/moregames?g=
https://accounts.google.com
https://accounts.google.com
https://www.facebook.com
https://www.facebook.com
https://www.googleapis.com/auth/plus.me
https://www.googleapis.com/auth/games
https://www.googleapis.com/auth/games
https://www.googleapis.com/auth/games
http://plus.google.com/
https://www.googleapis.com/auth/games.firstparty
https://www.googleapis.com/auth/games.firstparty
https://googleads.g.doubleclick.net/mads/static/mad/sdk/native/sdk-core-v40.html
https://googleads.g.doubleclick.net/mads/static/mad/sdk/native/mraid/v2/mraid_app_banner.js
https://googleads.g.doubleclick.net/mads/static/mad/sdk/native/mraid/v2/mraid_app_expanded_banner.js
https://googleads.g.doubleclick.net/mads/static/mad/sdk/native/mraid/v2/mraid_app_interstitial.js
https://csi.gstatic.com/csi
http://www.google.com
https://app-measurement.com/a
https://playlist.ma.tune.com
https://configuration.ma.tune.com
https://analytics.ma.tune.com/analytics
https://s3.amazonaws.com/uploaded-assets-production
https://connected.ma.tune.com
http://www.amazon.com/gp/mas/dl/android?%s
http://play.google.com/store/apps/details?%s
https://go.pushwoosh.com/content/%s
https://pushwoosh.g5e.com/json/1.3/
http://pushwoosh.g5e.com/json/1.3/
http://static.pushwoosh.com/RichPush/Android/
http://twitter4j.org/en/twitter4j-
https://api.twitter.com/oauth/request_token
https://api.twitter.com/oauth/authorize
https://api.twitter.com/oauth/access_token
https://api.twitter.com/oauth/authenticate
https://api.twitter.com/oauth2/token
https://api.twitter.com/oauth2/invalidate_token
https://api.twitter.com/1.1/
https://stream.twitter.com/1.1/
https://userstream.twitter.com/1.1/
https://sitestream.twitter.com/1.1/
https://upload.twitter.com/1.1/

[INTERNAL_LOG][2018-06-12 03:55:48,272][INFO][find_url_in_apk()] [END ALL URL INSIDE APK]
[INTERNAL_LOG][2018-06-12 03:55:48,274][INFO][check_method_conf()] [JavaScript enabled: True]

[INTERNAL_LOG][2018-06-12 03:55:48,274][INFO][check_method_conf()] [Add interface WebView: True]

[INTERNAL_LOG][2018-06-12 03:55:48,274][INFO][analyze_start()] This app might be not vulnerable on  attack frame confusion.
[INTERNAL_LOG][2018-06-12 03:55:48,274][INFO][analyze_start()] End time:[Tue Jun 12 03:55:48 2018]
