[INTERNAL_LOG][2018-06-12 07:40:06,811][INFO][analyze_start()] Init Time [Tue Jun 12 07:40:06 2018]
[INTERNAL_LOG][2018-06-12 07:40:06,831][INFO][run()] Start Analysis
[INTERNAL_LOG][2018-06-12 07:40:06,831][INFO][is_hybird()] [Permission Enble Start]
[INTERNAL_LOG][2018-06-12 07:40:06,831][INFO][is_hybird()] android.permission.INTERNET
[INTERNAL_LOG][2018-06-12 07:40:06,831][INFO][is_hybird()] android.permission.READ_PHONE_STATE
[INTERNAL_LOG][2018-06-12 07:40:06,832][INFO][is_hybird()] com.android.vending.BILLING
[INTERNAL_LOG][2018-06-12 07:40:06,832][INFO][is_hybird()] com.android.vending.CHECK_LICENSE
[INTERNAL_LOG][2018-06-12 07:40:06,832][INFO][is_hybird()] android.permission.WAKE_LOCK
[INTERNAL_LOG][2018-06-12 07:40:06,832][INFO][is_hybird()] android.permission.ACCESS_NETWORK_STATE
[INTERNAL_LOG][2018-06-12 07:40:06,832][INFO][is_hybird()] android.permission.ACCESS_WIFI_STATE
[INTERNAL_LOG][2018-06-12 07:40:06,832][INFO][is_hybird()] android.permission.WRITE_EXTERNAL_STORAGE
[INTERNAL_LOG][2018-06-12 07:40:06,832][INFO][is_hybird()] [Permission End]

[INTERNAL_LOG][2018-06-12 07:40:06,832][INFO][analyze_start()] TYPE APK: [ANDROID NATIVE]

[INTERNAL_LOG][2018-06-12 07:40:06,832][INFO][find_string()] [START FILE ANALYZE]
[INTERNAL_LOG][2018-06-12 07:40:06,832][INFO][find_string()] [END ANALYZE FILE]

[INTERNAL_LOG][2018-06-12 07:40:06,832][INFO][find_string()] [START FILE ANALYZE]
[INTERNAL_LOG][2018-06-12 07:40:06,832][INFO][find_string()] [END ANALYZE FILE]

[INTERNAL_LOG][2018-06-12 07:40:07,847][INFO][find_url_in_apk()] [START ALL URL INSIDE APK]
[INTERNAL_LOG][2018-06-12 07:40:07,847][INFO][find_url_in_apk()] http://www.amazon.com/gp/mas/get-appstore/android/ref=mas_mx_mba_iap_dl

[INTERNAL_LOG][2018-06-12 07:40:07,847][INFO][find_url_in_apk()] [END ALL URL INSIDE APK]
[INTERNAL_LOG][2018-06-12 07:40:07,848][INFO][check_method_conf()] [JavaScript enabled: False]

[INTERNAL_LOG][2018-06-12 07:40:07,848][INFO][check_method_conf()] [Add interface WebView: False]

[INTERNAL_LOG][2018-06-12 07:40:07,848][INFO][analyze_start()] This app might be not vulnerable on  attack frame confusion.
[INTERNAL_LOG][2018-06-12 07:40:07,848][INFO][analyze_start()] End time:[Tue Jun 12 07:40:07 2018]
