[INTERNAL_LOG][2018-06-12 01:53:21,757][INFO][analyze_start()] Init Time [Tue Jun 12 01:53:21 2018]
[INTERNAL_LOG][2018-06-12 01:53:21,920][INFO][run()] Start Analysis
[INTERNAL_LOG][2018-06-12 01:53:21,921][INFO][is_hybird()] [Permission Enble Start]
[INTERNAL_LOG][2018-06-12 01:53:21,921][INFO][is_hybird()] android.permission.INTERNET
[INTERNAL_LOG][2018-06-12 01:53:21,921][INFO][is_hybird()] android.permission.ACCESS_NETWORK_STATE
[INTERNAL_LOG][2018-06-12 01:53:21,921][INFO][is_hybird()] android.permission.WRITE_EXTERNAL_STORAGE
[INTERNAL_LOG][2018-06-12 01:53:21,921][INFO][is_hybird()] com.android.vending.BILLING
[INTERNAL_LOG][2018-06-12 01:53:21,921][INFO][is_hybird()] android.permission.WAKE_LOCK
[INTERNAL_LOG][2018-06-12 01:53:21,921][INFO][is_hybird()] [Permission End]

[INTERNAL_LOG][2018-06-12 01:53:21,921][INFO][analyze_start()] TYPE APK: [ANDROID NATIVE]

[INTERNAL_LOG][2018-06-12 01:53:21,921][INFO][find_string()] [START FILE ANALYZE]
[INTERNAL_LOG][2018-06-12 01:53:21,921][INFO][find_string()] [END ANALYZE FILE]

[INTERNAL_LOG][2018-06-12 01:53:21,921][INFO][find_string()] [START FILE ANALYZE]
[INTERNAL_LOG][2018-06-12 01:53:21,921][INFO][find_string()] [END ANALYZE FILE]

[INTERNAL_LOG][2018-06-12 01:53:49,716][INFO][find_url_in_apk()] [START ALL URL INSIDE APK]
[INTERNAL_LOG][2018-06-12 01:53:49,716][INFO][find_url_in_apk()] https://live.chartboost.com
http://market.android.com/
http://hostname/?
http://hostname/?
http://www.google-analytics.com
https://ssl.google-analytics.com
https://accounts.google.com
https://accounts.google.com
https://www.facebook.com
https://www.facebook.com
https://www.googleapis.com/auth/plus.me
https://www.googleapis.com/auth/plus.me
https://www.googleapis.com/auth/games
https://www.googleapis.com/auth/games
https://www.googleapis.com/auth/games
http://plus.google.com/
https://www.googleapis.com/auth/drive.file
https://www.googleapis.com/auth/drive.appdata
https://www.googleapis.com/auth/drive
https://www.googleapis.com/auth/drive.apps
https://www.googleapis.com/auth/fitness.activity.read
https://www.googleapis.com/auth/fitness.activity.read
https://www.googleapis.com/auth/fitness.activity.write
https://www.googleapis.com/auth/fitness.activity.write
https://www.googleapis.com/auth/fitness.location.read
https://www.googleapis.com/auth/fitness.location.read
https://www.googleapis.com/auth/fitness.location.write
https://www.googleapis.com/auth/fitness.location.write
https://www.googleapis.com/auth/fitness.body.read
https://www.googleapis.com/auth/fitness.body.read
https://www.googleapis.com/auth/fitness.body.write
https://www.googleapis.com/auth/fitness.body.write
https://www.googleapis.com/auth/fitness.nutrition.read
https://www.googleapis.com/auth/fitness.nutrition.read
https://www.googleapis.com/auth/fitness.nutrition.write
https://www.googleapis.com/auth/fitness.nutrition.write
https://www.googleapis.com/auth/games.firstparty
https://www.googleapis.com/auth/games.firstparty
https://googleads.g.doubleclick.net/mads/static/mad/sdk/native/sdk-core-v40.html
https://googleads.g.doubleclick.net/mads/static/mad/sdk/native/mraid/v2/mraid_app_banner.js
https://googleads.g.doubleclick.net/mads/static/mad/sdk/native/mraid/v2/mraid_app_expanded_banner.js
https://googleads.g.doubleclick.net/mads/static/mad/sdk/native/mraid/v2/mraid_app_interstitial.js
https://csi.gstatic.com/csi
http://www.google.com
https://app-measurement.com/a
https://www.googleapis.com/auth/plus.login
http://schemas.android.com/apk/lib/com.google.android.gms.plus
http://schemas.android.com/apk/lib/com.google.android.gms.plus
https://www.googletagmanager.com
https://androidads23.adcolony.com/configure
https://impact.staging.applifier.com/mobile/campaigns
https://impact.applifier.com/mobile/campaigns

[INTERNAL_LOG][2018-06-12 01:53:49,716][INFO][find_url_in_apk()] [END ALL URL INSIDE APK]
[INTERNAL_LOG][2018-06-12 01:53:49,722][INFO][check_method_conf()] [JavaScript enabled: True]

[INTERNAL_LOG][2018-06-12 01:53:49,722][INFO][check_method_conf()] [Add interface WebView: True]

[INTERNAL_LOG][2018-06-12 01:53:49,722][INFO][analyze_start()] This app might be not vulnerable on  attack frame confusion.
[INTERNAL_LOG][2018-06-12 01:53:49,722][INFO][analyze_start()] End time:[Tue Jun 12 01:53:49 2018]
