[INTERNAL_LOG][2018-06-12 03:03:46,213][INFO][analyze_start()] Init Time [Tue Jun 12 03:03:46 2018]
[INTERNAL_LOG][2018-06-12 03:03:46,376][INFO][run()] Start Analysis
[INTERNAL_LOG][2018-06-12 03:03:46,377][INFO][is_hybird()] [Permission Enble Start]
[INTERNAL_LOG][2018-06-12 03:03:46,377][INFO][is_hybird()] android.permission.INTERNET
[INTERNAL_LOG][2018-06-12 03:03:46,377][INFO][is_hybird()] android.permission.ACCESS_NETWORK_STATE
[INTERNAL_LOG][2018-06-12 03:03:46,377][INFO][is_hybird()] android.permission.ACCESS_WIFI_STATE
[INTERNAL_LOG][2018-06-12 03:03:46,377][INFO][is_hybird()] android.permission.READ_PHONE_STATE
[INTERNAL_LOG][2018-06-12 03:03:46,377][INFO][is_hybird()] android.permission.WRITE_EXTERNAL_STORAGE
[INTERNAL_LOG][2018-06-12 03:03:46,377][INFO][is_hybird()] android.permission.GET_ACCOUNTS
[INTERNAL_LOG][2018-06-12 03:03:46,377][INFO][is_hybird()] com.android.vending.BILLING
[INTERNAL_LOG][2018-06-12 03:03:46,377][INFO][is_hybird()] android.permission.WAKE_LOCK
[INTERNAL_LOG][2018-06-12 03:03:46,377][INFO][is_hybird()] [Permission End]

[INTERNAL_LOG][2018-06-12 03:03:46,377][INFO][analyze_start()] TYPE APK: [ANDROID NATIVE]

[INTERNAL_LOG][2018-06-12 03:03:46,377][INFO][find_string()] [START FILE ANALYZE]
[INTERNAL_LOG][2018-06-12 03:03:46,378][INFO][find_string()] File: assets/agreement.html
[INTERNAL_LOG][2018-06-12 03:03:46,379][INFO][find_string()] No iframe in assets/agreement.html
[INTERNAL_LOG][2018-06-12 03:03:46,379][INFO][find_string()] File: assets/js/closebutton.html
[INTERNAL_LOG][2018-06-12 03:03:46,379][INFO][find_string()] No iframe in assets/js/closebutton.html
[INTERNAL_LOG][2018-06-12 03:03:46,379][INFO][find_string()] File: assets/mraid_test/mraid_test_custom_scheme_response_time_page.html
[INTERNAL_LOG][2018-06-12 03:03:46,380][INFO][find_string()] No iframe in assets/mraid_test/mraid_test_custom_scheme_response_time_page.html
[INTERNAL_LOG][2018-06-12 03:03:46,380][INFO][find_string()] File: assets/mraid_test/mraid_test_video_page.html
[INTERNAL_LOG][2018-06-12 03:03:46,381][INFO][find_string()] No iframe in assets/mraid_test/mraid_test_video_page.html
[INTERNAL_LOG][2018-06-12 03:03:46,381][INFO][find_string()] [END ANALYZE FILE]

[INTERNAL_LOG][2018-06-12 03:03:46,381][INFO][find_string()] [START FILE ANALYZE]
[INTERNAL_LOG][2018-06-12 03:03:46,381][INFO][find_string()] File: assets/js/mraid.js
[INTERNAL_LOG][2018-06-12 03:03:46,383][INFO][find_string()] No iframe in assets/js/mraid.js
[INTERNAL_LOG][2018-06-12 03:03:46,383][INFO][find_string()] [END ANALYZE FILE]

[INTERNAL_LOG][2018-06-12 03:04:10,354][INFO][find_url_in_apk()] [START ALL URL INSIDE APK]
[INTERNAL_LOG][2018-06-12 03:04:10,354][INFO][find_url_in_apk()] http://schemas.applovin.com/android/1.0
http://schemas.applovin.com/android/1.0
http://d.applovin.com/
http://a.applovin.com/
https://vid.applovin.com/,https://pdn.applovin.com/,https://img.applovin.com/,https://d.applovin.com/,https://assets.applovin.com/,https://cdnjs.cloudflare.com/,http://vid.applovin.com/,http://pdn.applovin.com/,http://img.applovin.com/,http://d.applovin.com/,http://assets.applovin.com/,http://cdnjs.cloudflare.com/
http://rt.applovin.com/pix
https://graph.facebook.com
http://graph.%s.facebook.com
https://www.facebook.com/
https://www.%s.facebook.com
https://m.facebook.com/dialog/
https://graph.facebook.com/
https://api.facebook.com/restserver.php
https://graph.facebook.com/%s/picture
https://graph.%s
https://graph-video.%s
https://facebook.com
https://play.google.com/store/apps/details?id=
http://xmlpull.org/v1/doc/features.html#process-namespaces
http://data.flurry.com/aap.do
https://data.flurry.com/aap.do
https://ads.flurry.com/v12/getAds.do
http://ads.flurry.com/v12/getAds.do
https://adlog.flurry.com
http://adlog.flurry.com
http://flurry.cachefly.net/vast/videocontrols/v1/android.zip
https://analytics.query.yahoo.com/v1/public/yql?
http://hostname/?
http://hostname/?
http://www.google-analytics.com/collect
http://www.google-analytics.com/collect
https://ssl.google-analytics.com/collect
https://ssl.google-analytics.com
https://www.googleapis.com/auth/appstate
https://www.googleapis.com/auth/appstate
https://www.googleapis.com/auth/drive.file
https://www.googleapis.com/auth/drive.appdata
https://www.googleapis.com/auth/drive
https://www.googleapis.com/auth/drive.apps
https://www.googleapis.com/auth/fitness.activity.read
https://www.googleapis.com/auth/fitness.activity.read
https://www.googleapis.com/auth/fitness.activity.write
https://www.googleapis.com/auth/fitness.activity.write
https://www.googleapis.com/auth/fitness.location.read
https://www.googleapis.com/auth/fitness.location.read
https://www.googleapis.com/auth/fitness.location.write
https://www.googleapis.com/auth/fitness.location.write
https://www.googleapis.com/auth/fitness.body.read
https://www.googleapis.com/auth/fitness.body.read
https://www.googleapis.com/auth/fitness.body.write
https://www.googleapis.com/auth/fitness.body.write
https://www.googleapis.com/auth/games
https://www.googleapis.com/auth/games
https://www.googleapis.com/auth/games.firstparty
https://www.googleapis.com/auth/games.firstparty
https://googleads.g.doubleclick.net/mads/static/sdk/native/sdk-core-v40.html
https://googleads.g.doubleclick.net/mads/static/mad/sdk/native/sdk-core-v40.html
https://googleads.g.doubleclick.net/mads/static/mad/sdk/native/sdk-core-v40.html
https://googleads.g.doubleclick.net/mads/static/mad/sdk/native/sdk-core-v40.html
https://googleads.g.doubleclick.net/mads/static/mad/sdk/native/native_ads.html
http://www.google.com
https://googleads.g.doubleclick.net/mads/static/mad/sdk/native/mraid/v2/mraid_app_interstitial.js
https://googleads.g.doubleclick.net/mads/static/mad/sdk/native/mraid/v2/mraid_app_expanded_banner.js
https://googleads.g.doubleclick.net/mads/static/mad/sdk/native/mraid/v2/mraid_app_banner.js
http://plus.google.com/
https://www.googleapis.com/auth/plus.login
https://www.googleapis.com/auth/plus.login
https://www.googleapis.com/auth/plus.me
http://schemas.android.com/apk/lib/com.google.android.gms.plus
http://schemas.android.com/apk/lib/com.google.android.gms.plus
https://www.googletagmanager.com
https://www.facebook.com/impression.php
https://api.twitter.com/1.1/account/verify_credentials.json
https://api.twitter.com
https://api.twitter.com
http://d1byvlfiet2h9q.cloudfront.net/InApp/resources/adInformationDialog3.html
http://www.startappexchange.com
http://play.google.com
https://play.google.com
http://www.dummy.com
https://impact.staging.applifier.com/mobile/campaigns
https://impact.applifier.com/mobile/campaigns
https://oauth.constantcontact.com/ws/oauth/access_token
https://oauth.constantcontact.com/ws/oauth/confirm_access?oauth_token=%s
https://oauth.constantcontact.com/ws/oauth/request_token
https://api.dropbox.com/0/oauth/access_token
https://www.dropbox.com/0/oauth/authorize?oauth_token=
https://api.dropbox.com/0/oauth/request_token
https://www.evernote.com/oauth
https://www.evernote.com/oauth
https://www.evernote.com/OAuth.action?oauth_token=%s
https://sandbox.evernote.com/oauth
https://sandbox.evernote.com/oauth
https://sandbox.evernote.com/oauth?oauth_token=%s
https://graph.facebook.com/oauth/access_token
https://www.facebook.com/dialog/oauth?client_id=%s&redirect_uri=%s&scope=%s
https://www.facebook.com/dialog/oauth?client_id=%s&redirect_uri=%s
https://foursquare.com/oauth2/access_token?grant_type=authorization_code
https://foursquare.com/oauth2/authenticate?client_id=%s&response_type=code&redirect_uri=%s
http://foursquare.com/oauth/access_token
http://foursquare.com/oauth/authorize?oauth_token=%s
http://foursquare.com/oauth/request_token
https://www.google.com/accounts/OAuthGetAccessToken
https://www.google.com/accounts/OAuthAuthorizeToken?oauth_token=%s
https://www.google.com/accounts/OAuthGetRequestToken
http://api.kaixin001.com/oauth/access_token
http://api.kaixin001.com/oauth/authorize?oauth_token=%s
http://api.kaixin001.com/oauth/request_token
https://api.linkedin.com/uas/oauth/accessToken
https://api.linkedin.com/uas/oauth/authorize?oauth_token=%s
https://api.linkedin.com/uas/oauth/requestToken
https://oauth.live.com/token?grant_type=authorization_code
https://oauth.live.com/authorize?client_id=%s&redirect_uri=%s&response_type=code&scope=%s
https://oauth.live.com/authorize?client_id=%s&redirect_uri=%s&response_type=code
http://openapi.lovefilm.com/oauth/access_token
https://www.lovefilm.com/activate?oauth_token=%s
http://openapi.lovefilm.com/oauth/request_token
http://api.t.163.com/oauth/access_token
http://api.t.163.com/oauth/authenticate?oauth_token=%s
http://api.t.163.com/oauth/authorize?oauth_token=%s
http://api.t.163.com/oauth/request_token
http://www.plurk.com/OAuth/access_token
http://www.plurk.com/OAuth/authorize?oauth_token=%s
http://www.plurk.com/OAuth/request_token
http://www.plurk.com/m/authorize?oauth_token=%s
https://open.t.qq.com/cgi-bin/access_token
https://open.t.qq.com/cgi-bin/authorize?oauth_token=%s
https://open.t.qq.com/cgi-bin/request_token
https://id.sapo.pt/oauth/access_token
https://id.sapo.pt/oauth/authorize?oauth_token=%s
https://id.sapo.pt/oauth/request_token
http://api.t.sina.com.cn/oauth/access_token
http://api.t.sina.com.cn/oauth/authorize?oauth_token=%s
http://api.t.sina.com.cn/oauth/request_token
http://api.t.sohu.com/oauth/access_token
http://api.t.sohu.com/oauth/authorize?oauth_token=%s
http://api.t.sohu.com/oauth/request_token
http://api.twitter.com/oauth/access_token
https://api.twitter.com/oauth/authorize?oauth_token=%s
http://api.twitter.com/oauth/request_token
https://api.twitter.com/oauth/access_token
https://api.twitter.com/oauth/request_token
https://api.twitter.com/oauth/authenticate?oauth_token=%s
http://vimeo.com/oauth/access_token
http://vimeo.com/oauth/authorize?oauth_token=%s
http://vimeo.com/oauth/request_token
https://api.vkontakte.ru/oauth/authorize?client_id=%s&redirect_uri=%s&response_type=code
https://api.vkontakte.ru/oauth/authorize?client_id=%s&redirect_uri=%s&response_type=code
https://api.vkontakte.ru/oauth/access_token
https://api.login.yahoo.com/oauth/v2/get_token
https://api.login.yahoo.com/oauth/v2/request_auth?oauth_token=%s
https://api.login.yahoo.com/oauth/v2/get_request_token
https://www.yammer.com/oauth/access_token
https://www.yammer.com/oauth/request_token

[INTERNAL_LOG][2018-06-12 03:04:10,354][INFO][find_url_in_apk()] [END ALL URL INSIDE APK]
[INTERNAL_LOG][2018-06-12 03:04:10,358][INFO][check_method_conf()] [JavaScript enabled: True]

[INTERNAL_LOG][2018-06-12 03:04:10,359][INFO][check_method_conf()] [Add interface WebView: True]

[INTERNAL_LOG][2018-06-12 03:04:10,359][INFO][analyze_start()] This app might be not vulnerable on  attack frame confusion.
[INTERNAL_LOG][2018-06-12 03:04:10,359][INFO][analyze_start()] End time:[Tue Jun 12 03:04:10 2018]
