[INTERNAL_LOG][2018-06-12 07:36:10,161][INFO][analyze_start()] Init Time [Tue Jun 12 07:36:10 2018]
[INTERNAL_LOG][2018-06-12 07:36:10,214][INFO][run()] Start Analysis
[INTERNAL_LOG][2018-06-12 07:36:10,214][INFO][is_hybird()] [Permission Enble Start]
[INTERNAL_LOG][2018-06-12 07:36:10,214][INFO][is_hybird()] android.permission.ACCESS_WIFI_STATE
[INTERNAL_LOG][2018-06-12 07:36:10,214][INFO][is_hybird()] android.permission.MODIFY_AUDIO_SETTINGS
[INTERNAL_LOG][2018-06-12 07:36:10,214][INFO][is_hybird()] android.permission.INTERNET
[INTERNAL_LOG][2018-06-12 07:36:10,214][INFO][is_hybird()] android.permission.ACCESS_NETWORK_STATE
[INTERNAL_LOG][2018-06-12 07:36:10,214][INFO][is_hybird()] android.permission.WRITE_EXTERNAL_STORAGE
[INTERNAL_LOG][2018-06-12 07:36:10,214][INFO][is_hybird()] android.permission.READ_EXTERNAL_STORAGE
[INTERNAL_LOG][2018-06-12 07:36:10,214][INFO][is_hybird()] android.permission.GET_ACCOUNTS
[INTERNAL_LOG][2018-06-12 07:36:10,215][INFO][is_hybird()] android.permission.WAKE_LOCK
[INTERNAL_LOG][2018-06-12 07:36:10,215][INFO][is_hybird()] com.android.vending.BILLING
[INTERNAL_LOG][2018-06-12 07:36:10,215][INFO][is_hybird()] com.google.android.c2dm.permission.RECEIVE
[INTERNAL_LOG][2018-06-12 07:36:10,215][INFO][is_hybird()] android.permission.DOWNLOAD_WITHOUT_NOTIFICATION
[INTERNAL_LOG][2018-06-12 07:36:10,215][INFO][is_hybird()] com.android.vending.CHECK_LICENSE
[INTERNAL_LOG][2018-06-12 07:36:10,215][INFO][is_hybird()] android.permission.USE_CREDENTIALS
[INTERNAL_LOG][2018-06-12 07:36:10,215][INFO][is_hybird()] android.permission.VIBRATE
[INTERNAL_LOG][2018-06-12 07:36:10,215][INFO][is_hybird()] android.permission.READ_PROFILE
[INTERNAL_LOG][2018-06-12 07:36:10,215][INFO][is_hybird()] com.ubisoft.redlynx.trialsfrontier.ggp.permission.C2D_MESSAGE
[INTERNAL_LOG][2018-06-12 07:36:10,215][INFO][is_hybird()] [Permission End]

[INTERNAL_LOG][2018-06-12 07:36:10,215][INFO][analyze_start()] TYPE APK: [ANDROID NATIVE]

[INTERNAL_LOG][2018-06-12 07:36:10,215][INFO][find_string()] [START FILE ANALYZE]
[INTERNAL_LOG][2018-06-12 07:36:10,215][INFO][find_string()] File: js/closebutton.html
[INTERNAL_LOG][2018-06-12 07:36:10,216][INFO][find_string()] No iframe in js/closebutton.html
[INTERNAL_LOG][2018-06-12 07:36:10,216][INFO][find_string()] [END ANALYZE FILE]

[INTERNAL_LOG][2018-06-12 07:36:10,216][INFO][find_string()] [START FILE ANALYZE]
[INTERNAL_LOG][2018-06-12 07:36:10,216][INFO][find_string()] File: assets/mmadsdk/actionsQueue.js
[INTERNAL_LOG][2018-06-12 07:36:10,217][INFO][find_string()] No iframe in assets/mmadsdk/actionsQueue.js
[INTERNAL_LOG][2018-06-12 07:36:10,217][INFO][find_string()] File: assets/mmadsdk/mm.js
[INTERNAL_LOG][2018-06-12 07:36:10,218][INFO][find_string()] No iframe in assets/mmadsdk/mm.js
[INTERNAL_LOG][2018-06-12 07:36:10,219][INFO][find_string()] File: assets/mmadsdk/mraid.js
[INTERNAL_LOG][2018-06-12 07:36:10,236][INFO][find_string()] No iframe in assets/mmadsdk/mraid.js
[INTERNAL_LOG][2018-06-12 07:36:10,237][INFO][find_string()] File: assets/mmadsdk/vpaid.js
[INTERNAL_LOG][2018-06-12 07:36:10,242][INFO][find_string()] No iframe in assets/mmadsdk/vpaid.js
[INTERNAL_LOG][2018-06-12 07:36:10,243][INFO][find_string()] File: js/mraid.js
[INTERNAL_LOG][2018-06-12 07:36:10,246][INFO][find_string()] No iframe in js/mraid.js
[INTERNAL_LOG][2018-06-12 07:36:10,246][INFO][find_string()] [END ANALYZE FILE]

[INTERNAL_LOG][2018-06-12 07:36:59,363][INFO][find_url_in_apk()] [START URL LOADED INSIDE LOAD FUNCTION]
[INTERNAL_LOG][2018-06-12 07:36:59,363][INFO][find_url_in_apk()] https://play.google.com/store/apps/
http://www.amazon.com/

[INTERNAL_LOG][2018-06-12 07:36:59,364][INFO][find_url_in_apk()] [END URL LOADED INSIDE LOAD FUNCTION]
[INTERNAL_LOG][2018-06-12 07:36:59,875][ERROR][download_page_loaded()] Failed download: https://play.google.com/store/apps/ for exception [Errno 21] Is a directory: 'temp_html_code/html_downloaded_Trials Frontier by Ubisoft Entertainment - com/'
[INTERNAL_LOG][2018-06-12 07:37:00,157][ERROR][download_page_loaded()] Failed response code: 503 for http://www.amazon.com/  
[INTERNAL_LOG][2018-06-12 07:37:00,157][INFO][find_string()] [START REMOTE FILE ANALYZE]
[INTERNAL_LOG][2018-06-12 07:37:00,157][INFO][find_string()] [END ANALYZE FILE]

[INTERNAL_LOG][2018-06-12 07:37:00,157][INFO][find_url_in_apk()] [START ALL URL INSIDE APK]
[INTERNAL_LOG][2018-06-12 07:37:00,157][INFO][find_url_in_apk()] http://schemas.android.com/apk/res/android
https://adc3-launch-server-staging.herokuapp.com/v4/launch
https://adc3-launch.adcolony.com/v4/launch
https://adc3-launch.adcolony.com/v4/launch
https://wd.adcolony.com/logs
http://www.amazon.com/gp/mas/get-appstore/android/ref=mas_mx_mba_iap_dl
http://schemas.applovin.com/android/1.0
http://schemas.applovin.com/android/1.0
http://d.applovin.com/
http://a.applovin.com/
https://vid.applovin.com/,https://pdn.applovin.com/,https://img.applovin.com/,https://d.applovin.com/,https://assets.applovin.com/,https://cdnjs.cloudflare.com/,http://vid.applovin.com/,http://pdn.applovin.com/,http://img.applovin.com/,http://d.applovin.com/,http://assets.applovin.com/,http://cdnjs.cloudflare.com/
http://rt.applovin.com/pix
https://api.%s/install_data/v3/
https://attr.%s/api/v
https://t.%s/api/v
https://events.%s/api/v
https://register.%s/api/v
https://stats.%s/stats
https://onelink.%s/shortlink-sdk/v1
https://onelink.%s/shortlink-sdk/v1
https://validate.%s/api/v
https://sdk-services.%s/validate-android-signature
https://monitorsdk.%s/remote-debug?app_id=
https://app.%s
https://app.%s
https://impression.%s
https://graph.%s
https://graph-video.%s
https://facebook.com
http://play.google.com/store/apps/details?id=com.facebook.orca
https://pagead2.googlesyndication.com/pagead/gen_204?id=gmob-apps
http://hostname/?
http://hostname/?
https://accounts.google.com
https://www.facebook.com
https://www.googleapis.com/auth/games_lite
https://www.googleapis.com/auth/games_lite
https://www.googleapis.com/auth/games_lite
https://www.googleapis.com/auth/games
https://www.googleapis.com/auth/games
https://www.googleapis.com/auth/games
https://plus.google.com/
https://www.googleapis.com/auth/drive.file
https://www.googleapis.com/auth/drive.appdata
https://www.googleapis.com/auth/drive
https://www.googleapis.com/auth/drive.apps
https://www.googleapis.com/auth/games.firstparty
https://www.googleapis.com/auth/games.firstparty
https://pagead2.googlesyndication.com/pagead/gen_204
http://www.google.com
https://support.google.com/dfp_premium/answer/7160685#push
http://www.google-analytics.com
https://ssl.google-analytics.com
https://googleads.g.doubleclick.net/mads/static/mad/sdk/native/sdk-core-v40.html
https://googleads.g.doubleclick.net/mads/static/mad/sdk/native/production/sdk-core-v40-impl.js
https://googleads.g.doubleclick.net/mads/static/mad/sdk/native/mraid/v2/mraid_app_banner.js
https://googleads.g.doubleclick.net/mads/static/mad/sdk/native/mraid/v2/mraid_app_expanded_banner.js
https://googleads.g.doubleclick.net/mads/static/mad/sdk/native/mraid/v2/mraid_app_interstitial.js
https://csi.gstatic.com/csi
https://googleads.g.doubleclick.net/mads/static/mad/sdk/native/native_ads.html
https://googleads.g.doubleclick.net/mads/static/mad/sdk/native/production/native_ads.js
https://imasdk.googleapis.com/admob/sdkloader/native_video.html
https://www.google.com/dfp/linkDevice
https://www.google.com/dfp/inAppPreview
https://www.google.com/dfp/debugSignals
https://www.google.com/dfp/sendDebugData
http://www.example.com
http://www.example.com
https://www.googleapis.com/auth/plus.login
https://www.googleapis.com/auth/plus.me
https://marketplace-android-b154.hyprmx.com/
https://www.supersonicads.com/mobile/sdk5/log?method=
https://www.supersonicads.com/mobile/sdk5/log?method=
https://www.supersonicads.com/mobile/sdk5/log?method=
https://www.supersonicads.com/mobile/sdk5/log?method=
https://www.supersonicads.com/mobile/sdk5/log?method=
https://www.supersonicads.com/mobile/sdk5/log?method=
https://www.supersonicads.com/mobile/sdk5/log?method=
https://www.supersonicads.com/mobile/sdk5/log?method=
https://www.supersonicads.com/mobile/sdk5/log?method=extraParametersToJson
https://www.supersonicads.com/mobile/sdk5/log?method=noProductType
https://www.supersonicads.com/mobile/sdk5/log?method=encodeAppUserId
https://www.supersonicads.com/mobile/sdk5/log?method=encodeAppKey
https://www.supersonicads.com/mobile/sdk5/log?method=setWebViewSettings
https://www.supersonicads.com/mobile/sdk5/log?method=webviewLoadBlank
https://www.supersonicads.com/mobile/sdk5/log?method=webviewLoadWithPath
https://www.supersonicads.com/mobile/sdk5/log?method=htmlControllerDoesNotExistOnFileSystem
https://www.supersonicads.com/mobile/sdk5/log?method=webviewPause
https://www.supersonicads.com/mobile/sdk5/log?method=webviewResume
http://carnival-evaluation.favoritemedium.net:13724/sdk/
http://carnival-qa.favoritemedium.net:13724/sdk/
http://carnival.favoritemedium.net:13724/sdk/
https://api.carnivaljorden.com/sdk/
https://rpc.tapjoy.com/
https://rpc.tapjoy.com/
https://connect.tapjoy.com/
https://connect.tapjoy.com/
https://ws.tapjoyads.com/
https://ws.tapjoyads.com/
https://ws.tapjoyads.com/
https://play.google.com/store/apps/
http://www.amazon.com/
https://csts-mob.ubi.com/index.php
https://dev-csts-mob.ubi.com/index.php
http://callback
http://callback
http://www.google.co.in/
https://api.twitter.com/oauth/request_token
https://api.twitter.com/oauth/access_token
https://api.twitter.com/oauth/authorize
https://api.vungle.com/
https://ads.api.vungle.com/config
http://schemas.android.com/apk/lib/com.google.android.gms.plus
http://schemas.android.com/apk/lib/com.google.android.gms.plus
https://www.googletagmanager.com
https://mobile-static.adsafeprotected.com/avid-v2.js
https://track.atom-data.io
https://track.atom-data.io
https://track.atom-data.io
https://outcome.supersonicads.com/mediation/
https://outcome.supersonicads.com/mediation/
https://mobilelogs.supersonic.com
https://mobilelogs.supersonic.com
https://init.supersonicads.com/sdk/v
https://www.supersonicads.com/mobile/sdk5/log?method=injectJavaScript
http://mobile-api.geo.kontagent.net/fb-install/%s/activities/?event=MOBILE_APP_INSTALL&attribution=%s
http://api.geo.kontagent.net/api/v0/ping/
https://ads.nexage.com
http://xmlpull.org/v1/doc/features.html#process-namespaces
https://z.moatads.com/
https://z.moatads.com/
https://z.moatads.com/
http://play.google.com/store/apps/details?id=
https://placements.tapjoy.com/
http://www.amazon.com/gp/mas/dl/android?
https://cp-mob.ubi.com/?product=
https://dev-cp-mob.ubi.com/?product=
https://www.vungle.com/privacy/
https://www.vungle.com/privacy/
http://lol.vungle.com/
https://e.crashlytics.com/spi/v2/events
https://settings.crashlytics.com/spi/v2/platforms/android/apps/%s/settings
http://localhost/
http://localhost/
http://localhost/
http://twitter4j.org/en/twitter4j-
http://api.twitter.com/oauth/request_token
http://api.twitter.com/oauth/request_token
http://api.twitter.com/oauth/authorize
http://api.twitter.com/oauth/authorize
http://api.twitter.com/oauth/access_token
http://api.twitter.com/oauth/access_token
http://api.twitter.com/oauth/authenticate
http://api.twitter.com/oauth/authenticate
https://api.twitter.com/oauth2/token
https://api.twitter.com/oauth2/invalidate_token
http://api.twitter.com/1.1/
http://api.twitter.com/1.1/
https://stream.twitter.com/1.1/
https://userstream.twitter.com/1.1/
https://sitestream.twitter.com/1.1/
https://www.trialpay.com/dispatch/
http://www.sina.com
http://app.sina.com.cn/appdetail.php?appID=770915
http://hubimage.com2us.com/hubweb/contents/123_499.jpg
https://open.weibo.cn/oauth2/access_token

[INTERNAL_LOG][2018-06-12 07:37:00,157][INFO][find_url_in_apk()] [END ALL URL INSIDE APK]
[INTERNAL_LOG][2018-06-12 07:37:00,162][INFO][check_method_conf()] [JavaScript enabled: True]

[INTERNAL_LOG][2018-06-12 07:37:00,162][INFO][check_method_conf()] [Add interface WebView: True]

[INTERNAL_LOG][2018-06-12 07:37:00,162][INFO][analyze_start()] This app might be not vulnerable on  attack frame confusion.
[INTERNAL_LOG][2018-06-12 07:37:00,163][INFO][analyze_start()] End time:[Tue Jun 12 07:37:00 2018]
