[INTERNAL_LOG][2018-06-12 08:24:17,991][INFO][analyze_start()] Init Time [Tue Jun 12 08:24:17 2018]
[INTERNAL_LOG][2018-06-12 08:24:18,124][INFO][is_hybird()] [Permission Enble Start]
[INTERNAL_LOG][2018-06-12 08:24:18,124][INFO][run()] Start Analysis
[INTERNAL_LOG][2018-06-12 08:24:18,124][INFO][is_hybird()] android.permission.CAMERA
[INTERNAL_LOG][2018-06-12 08:24:18,125][INFO][is_hybird()] android.permission.READ_PHONE_STATE
[INTERNAL_LOG][2018-06-12 08:24:18,125][INFO][is_hybird()] android.permission.CALL_PHONE
[INTERNAL_LOG][2018-06-12 08:24:18,125][INFO][is_hybird()] android.permission.READ_CALL_LOG
[INTERNAL_LOG][2018-06-12 08:24:18,125][INFO][is_hybird()] android.permission.WRITE_CALL_LOG
[INTERNAL_LOG][2018-06-12 08:24:18,125][INFO][is_hybird()] android.permission.PROCESS_OUTGOING_CALLS
[INTERNAL_LOG][2018-06-12 08:24:18,125][INFO][is_hybird()] android.permission.CALL_PRIVILEGED
[INTERNAL_LOG][2018-06-12 08:24:18,125][INFO][is_hybird()] android.permission.MODIFY_PHONE_STATE
[INTERNAL_LOG][2018-06-12 08:24:18,125][INFO][is_hybird()] android.permission.WRITE_CONTACTS
[INTERNAL_LOG][2018-06-12 08:24:18,125][INFO][is_hybird()] android.permission.READ_CONTACTS
[INTERNAL_LOG][2018-06-12 08:24:18,125][INFO][is_hybird()] android.permission.GET_ACCOUNTS
[INTERNAL_LOG][2018-06-12 08:24:18,125][INFO][is_hybird()] android.permission.READ_PROFILE
[INTERNAL_LOG][2018-06-12 08:24:18,125][INFO][is_hybird()] android.permission.ACCESS_COARSE_LOCATION
[INTERNAL_LOG][2018-06-12 08:24:18,125][INFO][is_hybird()] android.permission.ACCESS_FINE_LOCATION
[INTERNAL_LOG][2018-06-12 08:24:18,125][INFO][is_hybird()] android.permission.ACCESS_NETWORK_STATE
[INTERNAL_LOG][2018-06-12 08:24:18,125][INFO][is_hybird()] android.permission.INTERNET
[INTERNAL_LOG][2018-06-12 08:24:18,125][INFO][is_hybird()] android.permission.ACCESS_WIFI_STATE
[INTERNAL_LOG][2018-06-12 08:24:18,125][INFO][is_hybird()] android.permission.CHANGE_NETWORK_STATE
[INTERNAL_LOG][2018-06-12 08:24:18,126][INFO][is_hybird()] android.permission.WRITE_EXTERNAL_STORAGE
[INTERNAL_LOG][2018-06-12 08:24:18,126][INFO][is_hybird()] android.permission.READ_EXTERNAL_STORAGE
[INTERNAL_LOG][2018-06-12 08:24:18,126][INFO][is_hybird()] android.permission.READ_SYNC_SETTINGS
[INTERNAL_LOG][2018-06-12 08:24:18,126][INFO][is_hybird()] android.permission.WRITE_SYNC_SETTINGS
[INTERNAL_LOG][2018-06-12 08:24:18,126][INFO][is_hybird()] android.permission.AUTHENTICATE_ACCOUNTS
[INTERNAL_LOG][2018-06-12 08:24:18,126][INFO][is_hybird()] android.permission.MANAGE_ACCOUNTS
[INTERNAL_LOG][2018-06-12 08:24:18,126][INFO][is_hybird()] android.permission.USE_CREDENTIALS
[INTERNAL_LOG][2018-06-12 08:24:18,126][INFO][is_hybird()] com.android.launcher.permission.INSTALL_SHORTCUT
[INTERNAL_LOG][2018-06-12 08:24:18,126][INFO][is_hybird()] android.permission.RECEIVE_SMS
[INTERNAL_LOG][2018-06-12 08:24:18,126][INFO][is_hybird()] android.permission.READ_SMS
[INTERNAL_LOG][2018-06-12 08:24:18,126][INFO][is_hybird()] android.permission.SEND_SMS
[INTERNAL_LOG][2018-06-12 08:24:18,126][INFO][is_hybird()] android.permission.WRITE_SMS
[INTERNAL_LOG][2018-06-12 08:24:18,126][INFO][is_hybird()] android.permission.RECEIVE_MMS
[INTERNAL_LOG][2018-06-12 08:24:18,126][INFO][is_hybird()] android.permission.MMS_SEND_OUTBOX_MSG
[INTERNAL_LOG][2018-06-12 08:24:18,126][INFO][is_hybird()] com.android.voicemail.permission.ADD_VOICEMAIL
[INTERNAL_LOG][2018-06-12 08:24:18,126][INFO][is_hybird()] com.android.voicemail.permission.WRITE_VOICEMAIL
[INTERNAL_LOG][2018-06-12 08:24:18,126][INFO][is_hybird()] com.android.voicemail.permission.READ_VOICEMAIL
[INTERNAL_LOG][2018-06-12 08:24:18,126][INFO][is_hybird()] android.permission.ALLOW_ANY_CODEC_FOR_PLAYBACK
[INTERNAL_LOG][2018-06-12 08:24:18,126][INFO][is_hybird()] android.permission.ACCESS_NOTIFICATION_POLICY
[INTERNAL_LOG][2018-06-12 08:24:18,126][INFO][is_hybird()] android.permission.BIND_NOTIFICATION_LISTENER_SERVICE
[INTERNAL_LOG][2018-06-12 08:24:18,126][INFO][is_hybird()] android.permission.DISABLE_KEYGUARD
[INTERNAL_LOG][2018-06-12 08:24:18,127][INFO][is_hybird()] android.permission.MODIFY_AUDIO_SETTINGS
[INTERNAL_LOG][2018-06-12 08:24:18,127][INFO][is_hybird()] android.permission.RECEIVE_BOOT_COMPLETED
[INTERNAL_LOG][2018-06-12 08:24:18,127][INFO][is_hybird()] android.permission.REQUEST_IGNORE_BATTERY_OPTIMIZATIONS
[INTERNAL_LOG][2018-06-12 08:24:18,127][INFO][is_hybird()] android.permission.SYSTEM_ALERT_WINDOW
[INTERNAL_LOG][2018-06-12 08:24:18,127][INFO][is_hybird()] android.permission.VIBRATE
[INTERNAL_LOG][2018-06-12 08:24:18,127][INFO][is_hybird()] android.permission.WAKE_LOCK
[INTERNAL_LOG][2018-06-12 08:24:18,127][INFO][is_hybird()] android.permission.WRITE_SETTINGS
[INTERNAL_LOG][2018-06-12 08:24:18,127][INFO][is_hybird()] com.android.vending.BILLING
[INTERNAL_LOG][2018-06-12 08:24:18,127][INFO][is_hybird()] com.google.android.c2dm.permission.RECEIVE
[INTERNAL_LOG][2018-06-12 08:24:18,127][INFO][is_hybird()] com.truecaller.permission.C2D_MESSAGE
[INTERNAL_LOG][2018-06-12 08:24:18,127][INFO][is_hybird()] com.truecaller.permission.USE_NUMBER_SERVICE
[INTERNAL_LOG][2018-06-12 08:24:18,127][INFO][is_hybird()] com.truecaller.permission.ENHANCED_NOTIFICATION
[INTERNAL_LOG][2018-06-12 08:24:18,127][INFO][is_hybird()] com.truecaller.permission.SDK_ACTION_HANDLER
[INTERNAL_LOG][2018-06-12 08:24:18,127][INFO][is_hybird()] com.truecaller.permission.ACTION_HANDLER
[INTERNAL_LOG][2018-06-12 08:24:18,127][INFO][is_hybird()] com.sec.android.provider.badge.permission.READ
[INTERNAL_LOG][2018-06-12 08:24:18,127][INFO][is_hybird()] com.sec.android.provider.badge.permission.WRITE
[INTERNAL_LOG][2018-06-12 08:24:18,127][INFO][is_hybird()] com.htc.launcher.permission.READ_SETTINGS
[INTERNAL_LOG][2018-06-12 08:24:18,127][INFO][is_hybird()] com.htc.launcher.permission.UPDATE_SHORTCUT
[INTERNAL_LOG][2018-06-12 08:24:18,127][INFO][is_hybird()] com.sonyericsson.home.permission.BROADCAST_BADGE
[INTERNAL_LOG][2018-06-12 08:24:18,127][INFO][is_hybird()] com.sonymobile.home.permission.PROVIDER_INSERT_BADGE
[INTERNAL_LOG][2018-06-12 08:24:18,127][INFO][is_hybird()] com.anddoes.launcher.permission.UPDATE_COUNT
[INTERNAL_LOG][2018-06-12 08:24:18,128][INFO][is_hybird()] com.majeur.launcher.permission.UPDATE_BADGE
[INTERNAL_LOG][2018-06-12 08:24:18,128][INFO][is_hybird()] com.huawei.android.launcher.permission.CHANGE_BADGE
[INTERNAL_LOG][2018-06-12 08:24:18,128][INFO][is_hybird()] com.huawei.android.launcher.permission.READ_SETTINGS
[INTERNAL_LOG][2018-06-12 08:24:18,128][INFO][is_hybird()] com.huawei.android.launcher.permission.WRITE_SETTINGS
[INTERNAL_LOG][2018-06-12 08:24:18,128][INFO][is_hybird()] android.permission.READ_APP_BADGE
[INTERNAL_LOG][2018-06-12 08:24:18,128][INFO][is_hybird()] com.oppo.launcher.permission.READ_SETTINGS
[INTERNAL_LOG][2018-06-12 08:24:18,128][INFO][is_hybird()] com.oppo.launcher.permission.WRITE_SETTINGS
[INTERNAL_LOG][2018-06-12 08:24:18,128][INFO][is_hybird()] me.everything.badger.permission.BADGE_COUNT_READ
[INTERNAL_LOG][2018-06-12 08:24:18,128][INFO][is_hybird()] me.everything.badger.permission.BADGE_COUNT_WRITE
[INTERNAL_LOG][2018-06-12 08:24:18,128][INFO][is_hybird()] android.permission.RECORD_AUDIO
[INTERNAL_LOG][2018-06-12 08:24:18,128][INFO][is_hybird()] com.truecaller.permission.EDIT_PROFILE
[INTERNAL_LOG][2018-06-12 08:24:18,128][INFO][is_hybird()] com.google.android.providers.gsf.permission.READ_GSERVICES
[INTERNAL_LOG][2018-06-12 08:24:18,128][INFO][is_hybird()] com.google.android.finsky.permission.BIND_GET_INSTALL_REFERRER_SERVICE
[INTERNAL_LOG][2018-06-12 08:24:18,128][INFO][is_hybird()] [Permission End]

[INTERNAL_LOG][2018-06-12 08:24:18,128][INFO][analyze_start()] TYPE APK: [ANDROID NATIVE]

[INTERNAL_LOG][2018-06-12 08:24:18,128][INFO][find_string()] [START FILE ANALYZE]
[INTERNAL_LOG][2018-06-12 08:24:18,128][INFO][find_string()] File: assets/error404.html
[INTERNAL_LOG][2018-06-12 08:24:18,129][INFO][find_string()] No iframe in assets/error404.html
[INTERNAL_LOG][2018-06-12 08:24:18,129][INFO][find_string()] File: assets/third-party-acknowledgement.html
[INTERNAL_LOG][2018-06-12 08:24:18,133][INFO][find_string()] No iframe in assets/third-party-acknowledgement.html
[INTERNAL_LOG][2018-06-12 08:24:18,149][INFO][find_string()] [END ANALYZE FILE]

[INTERNAL_LOG][2018-06-12 08:24:18,174][INFO][find_string()] [START FILE ANALYZE]
[INTERNAL_LOG][2018-06-12 08:24:18,178][INFO][find_string()] [END ANALYZE FILE]

[INTERNAL_LOG][2018-06-12 08:25:31,870][INFO][find_url_in_apk()] [START ALL URL INSIDE APK]
[INTERNAL_LOG][2018-06-12 08:25:31,870][INFO][find_url_in_apk()] http://schemas.android.com/apk/res/android
http://schemas.android.com/apk/res/android
http://schemas.android.com/apk/res/android
https://www.facebook.com/audience_network/server_side_reward
https://www.%s.facebook.com/audience_network/server_side_reward
https://graph.facebook.com/network_ads_common
https://graph.%s.facebook.com/network_ads_common
https://www.facebook.com/adnw_logging/
https://www.%s.facebook.com/adnw_logging/
https://www.facebook.com/
https://www.%s.facebook.com
http://play.google.com/store/apps/
http://www.facebook.com
https://graph.%s
https://graph-video.%s
https://facebook.com
https://facebook.com/device?user_code=%1$s&qr=1
http://play.google.com/store/apps/details?id=com.facebook.orca
http://www.w3.org/ns/ttml#parameter
https://pagead2.googlesyndication.com/pagead/gen_204?id=gmob-apps
https://www.googleapis.com/auth/games_lite
https://www.googleapis.com/auth/games
https://accounts.google.com/o/oauth2/revoke?token=
https://plus.google.com/
https://www.googleapis.com/auth/drive.file
https://www.googleapis.com/auth/drive.appdata
https://www.googleapis.com/auth/drive
https://www.googleapis.com/auth/drive.apps
https://support.google.com/dfp_premium/answer/7160685#push
https://pagead2.googlesyndication.com/pagead/gen_204
http://www.google.com
http://www.example.com
http://www.example.com
https://duo.app.goo.gl/?link=https://duo.google.com/install?app%3Dcom.truecaller&apn=com.google.android.apps.tachyon&amv=2147483647
https://www.truecaller.com/payments-support
https://settings.crashlytics.com/spi/v2/platforms/android/apps/%s/settings
http://localhost/
http://localhost/
http://localhost/
https://googleads.g.doubleclick.net/mads/static/mad/sdk/native/sdk-core-v40.html
https://googleads.g.doubleclick.net/mads/static/mad/sdk/native/production/sdk-core-v40-impl.js
https://googleads.g.doubleclick.net/mads/static/mad/sdk/native/mraid/v2/mraid_app_banner.js
https://googleads.g.doubleclick.net/mads/static/mad/sdk/native/mraid/v2/mraid_app_expanded_banner.js
https://googleads.g.doubleclick.net/mads/static/mad/sdk/native/mraid/v2/mraid_app_interstitial.js
https://csi.gstatic.com/csi
https://googleads.g.doubleclick.net/mads/static/mad/sdk/native/native_ads.html
https://googleads.g.doubleclick.net/mads/static/mad/sdk/native/production/native_ads.js
https://imasdk.googleapis.com/admob/sdkloader/native_video.html
https://www.google.com/dfp/linkDevice
https://www.google.com/dfp/inAppPreview
https://www.google.com/dfp/debugSignals
https://www.google.com/dfp/sendDebugData
https://app-measurement.com/a
https://www.google.com
https://www.googleapis.com/auth/plus.login
https://www.googleapis.com/auth/plus.me
http://play.google.com/store/apps/details
https://www.icicibank.com/truecallerpay
https://imob.icicibank.com/isdkUPIP2PCUG/GatewayController
https://imob.icicibank.com/isdkUPIP2PCUG/GatewayController
https://imob.icicibank.com/isdkUPIP2PCUG/GatewayController
https://imob.icicibank.com/isdkUPIP2PCUG/GatewayController
https://imob.icicibank.com/isdkUPIP2PCUG/GatewayController
https://imob.icicibank.com/isdkUPIP2PCUG/GatewayController
https://imob.icicibank.com/isdkUPIP2PCUG/GatewayController
https://imob.icicibank.com/isdkUPIP2PCUG/GatewayController
https://imob.icicibank.com/isdkUPIP2PCUG/GatewayController
http://schemas.android.com/apk/lib/com.inmobi.ads
http://schemas.android.com/apk/lib/com.inmobi.ads
https://i.l.inmobicdn.net/sdk/sdk/500/android/mraid.js
http://i.w.inmobi.com/showad.asm
https://sdktm.w.inmobi.com/sdkpubreq
http://config.inmobi.com/config-server/v1/config/secure.cfg
http://www.inmobi.com/products/sdk/#downloads
https://sdkm.w.inmobi.com/metrics/e.asm?v=1&
https://www.facebook.com/dialog/feed?app_id=181821551957328&link=
https://m.google.com/app/plus/x/?v=compose&content=
http://twitter.com/home?status=
http://dock.inmobi.com/carb/v1/i
http://dock.inmobi.com/carb/v1/o
https://sdkm.w.inmobi.com/user/e.asm
https://mobile-static.adsafeprotected.com/avid-v2.js
https://z.moatads.com/
https://analytics.mopub.com/i/jot/exchange_client_event
https://twitter.com/%s/status/%s
https://www.mopub.com/optout
https://www.mopub.com/optout/
https://www.mopub.com/optout/
https://outline.truecaller.com/v1/
https://api4.truecaller.com/v1/otp/installation/
https://privacy.truecaller.com/privacy-policy-eu
https://privacy.truecaller.com/privacy-policy-eu
https://privacy.truecaller.com/privacy-policy-eu
https://privacy.truecaller.com/privacy-policy-eu
https://privacy.truecaller.com/privacy-policy
https://privacy.truecaller.com/privacy-policy
https://privacy.truecaller.com/privacy-policy
https://privacy.truecaller.com/privacy-policies
https://www.truecaller.com/terms-of-service#eu
https://www.truecaller.com/terms-of-service#eu
https://www.truecaller.com/terms-of-service#eu
https://www.truecaller.com/terms-of-service#eu
https://www.truecaller.com/terms-of-service#eu
https://www.truecaller.com/terms-of-service#row
https://www.truecaller.com/terms-of-service#row
https://www.truecaller.com/terms-of-service#row
https://www.truecaller.com/terms-of-service
https://maps.google.com/maps?q=
http://www.gstatic.com/android/sms/mms_ua_profile.xml
https://play.google.com/store/apps/details?id=se.bankgirot.swish
https://platform.api.tcpay.in/
https://registration.api.tcpay.in/
https://utilities.api.tcpay.in/
https://contacts.api.tcpay.in/
https://history.api.tcpay.in/
https://faq.staging.tcpay.in/
https://webapp.tcpay.in/faq
http://tc-pay-production.s3.amazonaws.com/assets/images/apps/utilities/operators/
http://tc-pay-production.s3.amazonaws.com/assets/images/apps/utilities/operators/
http://tc-pay-production.s3.amazonaws.com/assets/images/apps/utilities/operators/
http://tc-pay-production.s3.amazonaws.com/assets/images/apps/utilities/operators/
http://tc-pay-production.s3.amazonaws.com/assets/images/apps/utilities/operators/
http://tc-pay-production.s3.amazonaws.com/assets/images/apps/utilities/operators/
https://webapp.tcpay.in/tnc
https://webapp.tcpay.in/tnc
https://api.whatsapp.com/send?phone=91
https://privacy.truecaller.com/my-truecaller-data?accessToken=%s
https://blog.truecaller.com
https://support.truecaller.com/hc/en-us/categories/201513109-Android
https://maps.googleapis.com/maps/api/staticmap
https://www.truecaller.com/download
https://www.google.com/search?q=
https://fb.me/1374818319202876
http://www.truecaller.com/img/facebook/facebook-invite.png
http://www.facebook.com/
https://privacy.truecaller.com/ads
http://www.w3.org/2000/09/xmldsig#
http://www.w3.org/2000/09/xmldsig#
http://www.w3.org/2000/09/xmldsig#
http://www.w3.org/2000/09/xmldsig#
http://www.w3.org/2000/09/xmldsig#
http://www.w3.org/2000/09/xmldsig#
http://www.w3.org/2000/09/xmldsig#
http://www.w3.org/2000/09/xmldsig#
http://www.w3.org/2000/09/xmldsig#
http://www.w3.org/2000/09/xmldsig#
http://www.w3.org/2000/09/xmldsig#
http://www.w3.org/2000/09/xmldsig#
http://www.w3.org/2000/09/xmldsig#
http://www.w3.org/2000/09/xmldsig#
http://www.w3.org/2000/09/xmldsig#
http://www.w3.org/2000/09/xmldsig#
https://e.crashlytics.com/spi/v2/events
http://www.xmlsecurity.org/NS/#configuration
http://www.xmlsecurity.org/NS/#configuration
http://www.w3.org/2001/04/xmlenc#
http://www.w3.org/2001/04/xmlenc#
http://www.w3.org/2001/04/xmlenc#
http://www.w3.org/2001/04/xmldsig-more#hmac-md5
http://www.w3.org/2001/04/xmldsig-more#hmac-ripemd160
http://www.w3.org/2000/09/xmldsig#hmac-sha1
http://www.w3.org/2001/04/xmldsig-more#hmac-sha256
http://www.w3.org/2001/04/xmldsig-more#hmac-sha384
http://www.w3.org/2001/04/xmldsig-more#hmac-sha512
http://www.w3.org/2001/04/xmldsig-more#rsa-md5
http://www.w3.org/2001/04/xmldsig-more#rsa-ripemd160
http://www.w3.org/2000/09/xmldsig#rsa-sha1
http://www.w3.org/2001/04/xmldsig-more#rsa-sha256
http://www.w3.org/2001/04/xmldsig-more#rsa-sha384
http://www.w3.org/2001/04/xmldsig-more#rsa-sha512
http://www.w3.org/2000/09/xmldsig#dsa-sha1
http://www.w3.org/2001/04/xmldsig-more#ecdsa-sha1
http://www.w3.org/2000/xmlns/
http://www.w3.org/2000/xmlns/
http://www.w3.org/2000/xmlns/
http://www.w3.org/2000/xmlns/
http://www.w3.org/2000/xmlns/
http://www.w3.org/2000/xmlns/
http://www.w3.org/2000/xmlns/
http://www.w3.org/2000/xmlns/
http://www.w3.org/2000/xmlns/
http://www.w3.org/2000/xmlns/
http://www.w3.org/2000/xmlns/
http://www.w3.org/2000/xmlns/
http://www.w3.org/2000/xmlns/
http://www.w3.org/XML/1998/namespace
http://www.w3.org/XML/1998/namespace
http://www.w3.org/XML/1998/namespace
http://www.w3.org/XML/1998/namespace
http://www.w3.org/XML/1998/namespace
http://www.w3.org/XML/1998/namespace
http://www.w3.org/XML/1998/namespace
http://www.w3.org/XML/1998/namespace
http://www.w3.org/2006/12/xml-c14n11
http://www.w3.org/2006/12/xml-c14n11
http://www.w3.org/2000/09/xmldsig#Manifest
http://www.w3.org/TR/2001/REC-xml-c14n-20010315
http://www.w3.org/TR/2001/REC-xml-c14n-20010315#WithComments
http://www.w3.org/2001/10/xml-exc-c14n#
http://www.w3.org/2001/10/xml-exc-c14n#
http://www.w3.org/2001/10/xml-exc-c14n#
http://www.w3.org/2001/10/xml-exc-c14n#
http://www.w3.org/2001/10/xml-exc-c14n#
http://www.w3.org/2001/10/xml-exc-c14n#WithComments
http://www.w3.org/2001/10/xml-exc-c14n#WithComments
http://www.w3.org/2006/12/xml-c14n11#WithComments
http://www.w3.org/2002/06/xmldsig-filter2
http://www.w3.org/2002/06/xmldsig-filter2
http://www.w3.org/TR/2001/WD-xptr-20010108
http://www.w3.org/1999/XSL/Transform
http://javax.xml.XMLConstants/feature/secure-processing
http://www.w3.org/2002/04/xmldsig-filter2
http://www.nue.et-inf.uni-siegen.de/~geuer-pollmann/#xpathFilter
http://schemas.xmlsoap.org/soap/security/2000-12
http://www.w3.org/2002/03/xkms#

[INTERNAL_LOG][2018-06-12 08:25:31,871][INFO][find_url_in_apk()] [END ALL URL INSIDE APK]
[INTERNAL_LOG][2018-06-12 08:25:31,877][INFO][check_method_conf()] [JavaScript enabled: True]

[INTERNAL_LOG][2018-06-12 08:25:31,877][INFO][check_method_conf()] [Add interface WebView: True]

[INTERNAL_LOG][2018-06-12 08:25:31,877][INFO][analyze_start()] This app might be not vulnerable on  attack frame confusion.
[INTERNAL_LOG][2018-06-12 08:25:31,877][INFO][analyze_start()] End time:[Tue Jun 12 08:25:31 2018]
