[INTERNAL_LOG][2018-06-12 06:34:45,438][INFO][analyze_start()] Init Time [Tue Jun 12 06:34:45 2018]
[INTERNAL_LOG][2018-06-12 06:34:45,447][INFO][is_hybird()] Hybrid file found are: ['res/xml/config.xml']
[INTERNAL_LOG][2018-06-12 06:34:45,447][INFO][run()] Start Analysis
[INTERNAL_LOG][2018-06-12 06:34:45,447][INFO][is_hybird()] [Permission Enble Start]
[INTERNAL_LOG][2018-06-12 06:34:45,447][INFO][is_hybird()] android.permission.INTERNET
[INTERNAL_LOG][2018-06-12 06:34:45,447][INFO][is_hybird()] [Permission End]

[INTERNAL_LOG][2018-06-12 06:34:45,448][INFO][is_hybird()] Starting apktool
[INTERNAL_LOG][2018-06-12 06:34:46,895][INFO][check_whitelist()] [INIT ACCESS ORIGIN LIST]
[INTERNAL_LOG][2018-06-12 06:34:46,895][INFO][check_whitelist()] origin: *
[INTERNAL_LOG][2018-06-12 06:34:46,895][INFO][check_whitelist()] [END ACCESS ORIGIN LIST]

[INTERNAL_LOG][2018-06-12 06:34:46,931][INFO][analyze_start()] TYPE APK: [HYBRID]

[INTERNAL_LOG][2018-06-12 06:34:46,931][INFO][find_string()] [START FILE ANALYZE]
[INTERNAL_LOG][2018-06-12 06:34:46,932][INFO][find_string()] File: assets/www/index.html
[INTERNAL_LOG][2018-06-12 06:34:46,933][INFO][find_string()] Found this tag <iframe allowfullscreen="" height="100%" src="http://davidecaputo93.altervista.org/index_cordova_8.html" width="100%"></iframe>
[INTERNAL_LOG][2018-06-12 06:34:46,933][INFO][find_string()] Found in file assets/www/index.html tag iframe , 1 times
[INTERNAL_LOG][2018-06-12 06:34:46,933][INFO][find_string()] Founded this src ['http://davidecaputo93.altervista.org/index_cordova_8.html'] in iframe tag inside file assets/www/index.html
[INTERNAL_LOG][2018-06-12 06:34:46,934][INFO][find_string()] Find CSP with content: [default-src * data: gap: https://ssl.gstatic.com \'unsafe-eval\'; style-src \'self\' \'unsafe-inline\'; media-src *; img-src \'self\' data: content:;]
[INTERNAL_LOG][2018-06-12 06:34:46,934][INFO][find_string()] [END ANALYZE FILE]

[INTERNAL_LOG][2018-06-12 06:34:46,934][INFO][find_string()] [START FILE ANALYZE]
[INTERNAL_LOG][2018-06-12 06:34:46,934][INFO][find_string()] File: assets/www/cordova-js-src/android/nativeapiprovider.js
[INTERNAL_LOG][2018-06-12 06:34:46,934][INFO][find_string()] No iframe in assets/www/cordova-js-src/android/nativeapiprovider.js
[INTERNAL_LOG][2018-06-12 06:34:46,934][INFO][find_string()] File: assets/www/cordova-js-src/android/promptbasednativeapi.js
[INTERNAL_LOG][2018-06-12 06:34:46,935][INFO][find_string()] No iframe in assets/www/cordova-js-src/android/promptbasednativeapi.js
[INTERNAL_LOG][2018-06-12 06:34:46,935][INFO][find_string()] File: assets/www/cordova-js-src/exec.js
[INTERNAL_LOG][2018-06-12 06:34:46,936][INFO][find_string()] No iframe in assets/www/cordova-js-src/exec.js
[INTERNAL_LOG][2018-06-12 06:34:46,936][INFO][find_string()] File: assets/www/cordova-js-src/platform.js
[INTERNAL_LOG][2018-06-12 06:34:46,936][INFO][find_string()] No iframe in assets/www/cordova-js-src/platform.js
[INTERNAL_LOG][2018-06-12 06:34:46,936][INFO][find_string()] File: assets/www/cordova-js-src/plugin/android/app.js
[INTERNAL_LOG][2018-06-12 06:34:46,937][INFO][find_string()] No iframe in assets/www/cordova-js-src/plugin/android/app.js
[INTERNAL_LOG][2018-06-12 06:34:46,937][INFO][find_string()] File: assets/www/cordova.js
[INTERNAL_LOG][2018-06-12 06:34:46,940][INFO][find_string()] No iframe in assets/www/cordova.js
[INTERNAL_LOG][2018-06-12 06:34:46,940][INFO][find_string()] File: assets/www/cordova_plugins.js
[INTERNAL_LOG][2018-06-12 06:34:46,941][INFO][find_string()] No iframe in assets/www/cordova_plugins.js
[INTERNAL_LOG][2018-06-12 06:34:46,941][INFO][find_string()] File: assets/www/js/index.js
[INTERNAL_LOG][2018-06-12 06:34:46,941][INFO][find_string()] No iframe in assets/www/js/index.js
[INTERNAL_LOG][2018-06-12 06:34:46,941][INFO][find_string()] File: assets/www/plugins/cordova-plugin-battery-status/www/battery.js
[INTERNAL_LOG][2018-06-12 06:34:46,942][INFO][find_string()] No iframe in assets/www/plugins/cordova-plugin-battery-status/www/battery.js
[INTERNAL_LOG][2018-06-12 06:34:46,942][INFO][find_string()] [END ANALYZE FILE]

[INTERNAL_LOG][2018-06-12 06:34:46,942][INFO][check_method_conf()] [JavaScript enabled: False]

[INTERNAL_LOG][2018-06-12 06:34:46,942][INFO][check_method_conf()] [Add interface WebView: False]

[INTERNAL_LOG][2018-06-12 06:34:46,942][INFO][analyze_start()] This app might be not vulnerable on  attack frame confusion.
[INTERNAL_LOG][2018-06-12 06:34:46,943][INFO][analyze_start()] End time:[Tue Jun 12 06:34:46 2018]
