[INTERNAL_LOG][2018-06-12 03:41:11,948][INFO][analyze_start()] Init Time [Tue Jun 12 03:41:11 2018]
[INTERNAL_LOG][2018-06-12 03:41:11,991][INFO][is_hybird()] [Permission Enble Start]
[INTERNAL_LOG][2018-06-12 03:41:11,991][INFO][run()] Start Analysis
[INTERNAL_LOG][2018-06-12 03:41:11,991][INFO][is_hybird()] android.permission.ACCESS_FINE_LOCATION
[INTERNAL_LOG][2018-06-12 03:41:11,991][INFO][is_hybird()] android.permission.ACCESS_NETWORK_STATE
[INTERNAL_LOG][2018-06-12 03:41:11,991][INFO][is_hybird()] android.permission.INTERNET
[INTERNAL_LOG][2018-06-12 03:41:11,991][INFO][is_hybird()] android.permission.RECEIVE_BOOT_COMPLETED
[INTERNAL_LOG][2018-06-12 03:41:11,992][INFO][is_hybird()] com.samsung.permission.SSENSOR_HRM_RAW_PPG
[INTERNAL_LOG][2018-06-12 03:41:11,992][INFO][is_hybird()] com.samsung.android.providers.context.permission.WRITE_USE_APP_FEATURE_SURVEY
[INTERNAL_LOG][2018-06-12 03:41:11,992][INFO][is_hybird()] com.android.vending.BILLING
[INTERNAL_LOG][2018-06-12 03:41:11,992][INFO][is_hybird()] android.permission.WAKE_LOCK
[INTERNAL_LOG][2018-06-12 03:41:11,992][INFO][is_hybird()] com.google.android.c2dm.permission.RECEIVE
[INTERNAL_LOG][2018-06-12 03:41:11,992][INFO][is_hybird()] com.macropinch.swan.permission.C2D_MESSAGE
[INTERNAL_LOG][2018-06-12 03:41:11,992][INFO][is_hybird()] [Permission End]

[INTERNAL_LOG][2018-06-12 03:41:11,992][INFO][analyze_start()] TYPE APK: [ANDROID NATIVE]

[INTERNAL_LOG][2018-06-12 03:41:11,992][INFO][find_string()] [START FILE ANALYZE]
[INTERNAL_LOG][2018-06-12 03:41:11,992][INFO][find_string()] [END ANALYZE FILE]

[INTERNAL_LOG][2018-06-12 03:41:11,992][INFO][find_string()] [START FILE ANALYZE]
[INTERNAL_LOG][2018-06-12 03:41:11,992][INFO][find_string()] [END ANALYZE FILE]

[INTERNAL_LOG][2018-06-12 03:41:32,248][INFO][find_url_in_apk()] [START ALL URL INSIDE APK]
[INTERNAL_LOG][2018-06-12 03:41:32,248][INFO][find_url_in_apk()] http://schemas.android.com/apk/res/android
http://www.amazon.com/gp/mas/dl/android?p=
http://www.amazon.com/gp/mas/dl/android?p=
http://appworld.blackberry.com/webstore/content/
http://www.lgworld.com/applicationId=
http://wap.mobango.com/free/mobile/apps/
https://play.google.com/store/apps/details?id=
http://www.samsungapps.com/appquery/appDetail.as?appId=
http://m.slideme.org/application/
http://mall.soc.io/apps/
http://www.wandoujia.com/apps/
http://app.xiaomi.com/detail/
http://www.facebook.com/sharer.php?u=
https://twitter.com/intent/tweet?url=
https://plus.google.com/share?url=
https://www.facebook.com/audience_network/server_side_reward
https://www.%s.facebook.com/audience_network/server_side_reward
https://www.facebook.com/adnw_logging/
https://www.%s.facebook.com/adnw_logging/
http://play.google.com/store/apps/
https://www.facebook.com/
https://www.%s.facebook.com
https://graph.facebook.com/network_ads_common
https://graph.%s.facebook.com/network_ads_common
http://www.facebook.com
http://www.w3.org/ns/ttml#parameter
https://pagead2.googlesyndication.com/pagead/gen_204?id=gmob-apps
https://plus.google.com/
http://www.example.com
http://www.example.com
https://googleads.g.doubleclick.net/mads/static/mad/sdk/native/sdk-core-v40.html
https://googleads.g.doubleclick.net/mads/static/mad/sdk/native/production/sdk-core-v40-impl.js
https://googleads.g.doubleclick.net/mads/static/mad/sdk/native/mraid/v2/mraid_app_banner.js
https://googleads.g.doubleclick.net/mads/static/mad/sdk/native/mraid/v2/mraid_app_expanded_banner.js
https://googleads.g.doubleclick.net/mads/static/mad/sdk/native/mraid/v2/mraid_app_interstitial.js
https://csi.gstatic.com/csi
https://googleads.g.doubleclick.net/mads/static/mad/sdk/native/native_ads.html
https://googleads.g.doubleclick.net/mads/static/mad/sdk/native/production/native_ads.js
https://imasdk.googleapis.com/admob/sdkloader/native_video.html
https://www.google.com/dfp/linkDevice
https://www.google.com/dfp/inAppPreview
https://www.google.com/dfp/debugSignals
https://www.google.com/dfp/sendDebugData
https://pagead2.googlesyndication.com/pagead/gen_204
http://www.google.com
https://support.google.com/dfp_premium/answer/7160685#push
https://app-measurement.com/a
https://www.google.com
http://ma.macropinch.com/
http://autocomplete.wunderground.com/aq?query=
http://www.wunderground.com/
http://w1.macropinch.com/swan/cygnus.php

[INTERNAL_LOG][2018-06-12 03:41:32,248][INFO][find_url_in_apk()] [END ALL URL INSIDE APK]
[INTERNAL_LOG][2018-06-12 03:41:32,253][INFO][check_method_conf()] [JavaScript enabled: True]

[INTERNAL_LOG][2018-06-12 03:41:32,253][INFO][check_method_conf()] [Add interface WebView: True]

[INTERNAL_LOG][2018-06-12 03:41:32,253][INFO][analyze_start()] This app might be not vulnerable on  attack frame confusion.
[INTERNAL_LOG][2018-06-12 03:41:32,253][INFO][analyze_start()] End time:[Tue Jun 12 03:41:32 2018]
