[INTERNAL_LOG][2018-06-12 04:39:11,327][INFO][analyze_start()] Init Time [Tue Jun 12 04:39:11 2018]
[INTERNAL_LOG][2018-06-12 04:39:11,388][INFO][run()] Start Analysis
[INTERNAL_LOG][2018-06-12 04:39:11,389][INFO][is_hybird()] [Permission Enble Start]
[INTERNAL_LOG][2018-06-12 04:39:11,389][INFO][is_hybird()] com.devexpert.weather.permission.MAPS_RECEIVE
[INTERNAL_LOG][2018-06-12 04:39:11,389][INFO][is_hybird()] android.permission.ACCESS_NETWORK_STATE
[INTERNAL_LOG][2018-06-12 04:39:11,389][INFO][is_hybird()] android.permission.INTERNET
[INTERNAL_LOG][2018-06-12 04:39:11,389][INFO][is_hybird()] android.permission.ACCESS_FINE_LOCATION
[INTERNAL_LOG][2018-06-12 04:39:11,389][INFO][is_hybird()] android.permission.ACCESS_COARSE_LOCATION
[INTERNAL_LOG][2018-06-12 04:39:11,389][INFO][is_hybird()] android.permission.VIBRATE
[INTERNAL_LOG][2018-06-12 04:39:11,389][INFO][is_hybird()] android.permission.WRITE_EXTERNAL_STORAGE
[INTERNAL_LOG][2018-06-12 04:39:11,389][INFO][is_hybird()] android.permission.RECEIVE_BOOT_COMPLETED
[INTERNAL_LOG][2018-06-12 04:39:11,389][INFO][is_hybird()] com.google.android.providers.gsf.permission.READ_GSERVICES
[INTERNAL_LOG][2018-06-12 04:39:11,389][INFO][is_hybird()] android.permission.READ_CALENDAR
[INTERNAL_LOG][2018-06-12 04:39:11,389][INFO][is_hybird()] com.google.android.permission.PROVIDE_BACKGROUND
[INTERNAL_LOG][2018-06-12 04:39:11,389][INFO][is_hybird()] android.permission.WAKE_LOCK
[INTERNAL_LOG][2018-06-12 04:39:11,390][INFO][is_hybird()] com.google.android.c2dm.permission.RECEIVE
[INTERNAL_LOG][2018-06-12 04:39:11,390][INFO][is_hybird()] com.devexpert.weather.permission.C2D_MESSAGE
[INTERNAL_LOG][2018-06-12 04:39:11,390][INFO][is_hybird()] [Permission End]

[INTERNAL_LOG][2018-06-12 04:39:11,390][INFO][analyze_start()] TYPE APK: [ANDROID NATIVE]

[INTERNAL_LOG][2018-06-12 04:39:11,390][INFO][find_string()] [START FILE ANALYZE]
[INTERNAL_LOG][2018-06-12 04:39:11,390][INFO][find_string()] File: assets/js/closebutton.html
[INTERNAL_LOG][2018-06-12 04:39:11,391][INFO][find_string()] No iframe in assets/js/closebutton.html
[INTERNAL_LOG][2018-06-12 04:39:11,391][INFO][find_string()] [END ANALYZE FILE]

[INTERNAL_LOG][2018-06-12 04:39:11,391][INFO][find_string()] [START FILE ANALYZE]
[INTERNAL_LOG][2018-06-12 04:39:11,391][INFO][find_string()] File: assets/js/mraid.js
[INTERNAL_LOG][2018-06-12 04:39:11,419][INFO][find_string()] No iframe in assets/js/mraid.js
[INTERNAL_LOG][2018-06-12 04:39:11,419][INFO][find_string()] [END ANALYZE FILE]

[INTERNAL_LOG][2018-06-12 04:39:43,235][INFO][find_url_in_apk()] [START ALL URL INSIDE APK]
[INTERNAL_LOG][2018-06-12 04:39:43,235][INFO][find_url_in_apk()] http://schemas.android.com/apk/res/android
https://dwxjayoxbnyrr.cloudfront.net/amazon-ads.viewablejs
http://amazon-adsystem.com
http://play.google.com
https://play.google.com
http://market.android.com
https://market.android.com
http://sdk.appbrain.com,http://sdk-b.apptornado.com
https://applift-a.apptornado.com,https://applift-b.apptornado.com
https://applift-a.apptornado.com
http://mediation1.apptornado.com
http://schemas.applovin.com/android/1.0
http://schemas.applovin.com/android/1.0
https://d.applovin.com/
https://a.applovin.com/
https://rt.applovin.com/med
https://rt.applovin.com/pix
https://d.applvn.com/
https://a.applvn.com/
https://rt.applvn.com/pix
https://vid.applovin.com/,https://pdn.applovin.com/,https://img.applovin.com/,https://d.applovin.com/,https://assets.applovin.com/,https://cdnjs.cloudflare.com/,http://vid.applovin.com/,http://pdn.applovin.com/,http://img.applovin.com/,http://d.applovin.com/,http://assets.applovin.com/,http://cdnjs.cloudflare.com/
http://appodeal.herokuapp.com/android_waterfall_rewarded_video
http://appodeal.herokuapp.com/android_waterfall_video
http://appodeal.herokuapp.com/android_waterfall_native
http://appodeal.herokuapp.com/android_waterfall_mrec
http://appodeal.herokuapp.com/android_waterfall_banner
http://appodeal.herokuapp.com/android_waterfall_interstitial
https://adwatch.appodeal.com/api/v1/rtb/submit
https://play.google.com/store/apps/details?id=
https://rri.appodeal.com/api/stat
https://api.pubnative.net/api/v3/native
http://localhost
http://localhost
https://adwatch.appodeal.com/api/v1/complains/submit
https://adwatch.appodeal.com/api/v1/complains/submit
https://adwatch.appodeal.com/api/v1/impressions/submit
https://ach.appodeal.com/api/v0/android/crashes
http://www.devexpert.net/apps/PrivacyPolicy.htm
https://maps.googleapis.com/maps/api/timezone/xml?sensor=false&timestamp=
http://devexpert.fcawx.net/?format=xml&units=imperial&
http://devexpert.weatherunlocked.com/api/weather/
http://www.myweather2.com/activity/current-weather.aspx?rt=latlon&lat=
http://www.myweather2.com/activity/current-weather.aspx?rt=latlon&lat=
http://m.foreca.com?ref=devexpert&l=
http://m.foreca.com?ref=devexpert&l=
http://m.foreca.com?ref=devexpert
http://m.foreca.com?ref=devexpert
https://graph.facebook.com/network_ads_common
https://graph.%s.facebook.com/network_ads_common
https://www.facebook.com/adnw_logging/
https://www.%s.facebook.com/adnw_logging/
https://www.facebook.com/
https://www.%s.facebook.com
http://play.google.com/store/apps/
http://www.facebook.com
https://pagead2.googlesyndication.com/pagead/gen_204?id=gmob-apps
https://plus.google.com/
http://www.example.com
http://www.example.com
https://pagead2.googlesyndication.com/pagead/gen_204
http://www.google.com
https://support.google.com/dfp_premium/answer/7160685#push
https://app-measurement.com/a
https://googleads.g.doubleclick.net/mads/static/mad/sdk/native/sdk-core-v40.html
https://googleads.g.doubleclick.net/mads/static/mad/sdk/native/mraid/v2/mraid_app_banner.js
https://googleads.g.doubleclick.net/mads/static/mad/sdk/native/mraid/v2/mraid_app_expanded_banner.js
https://googleads.g.doubleclick.net/mads/static/mad/sdk/native/mraid/v2/mraid_app_interstitial.js
https://csi.gstatic.com/csi
https://googleads.g.doubleclick.net/mads/static/mad/sdk/native/native_ads.html
https://googleads.g.doubleclick.net/mads/static/mad/sdk/native/native_video_ads.html
https://www.google.com/dfp/linkDevice
https://www.google.com/dfp/inAppPreview
https://www.google.com/dfp/debugSignals
https://www.google.com/dfp/sendDebugData
https://twitter.com/%s/status/%s
http://soma.smaato.net/oapi/reqAd.jsp?
https://soma.smaato.net/oapi/reqAd.jsp?
https://app.getsentry.com:443/api/
https://app.getsentry.com:443/api/43633/store/
https://app.getsentry.com:443
http://mads.amazon-adsystem.com/
http://schemas.android.com/apk/lib/com.amazon.device.ads
http://schemas.android.com/apk/res/
http://www.devexpert.net/weather/faq
http://www.devexpert.net/weather/faq
http://www.devexpert.net/weather/faq
http://www.devexpert.net/weather/faq
http://www.devexpert.net/weather/faq
http://www.devexpert.net/weather/faq
https://www.%s.facebook.com/audience_network/server_side_reward
https://www.facebook.com/audience_network/server_side_reward
https://www.google.com
https://analytics.mopub.com/i/jot/exchange_client_event
https://www.mopub.com/optout
https://www.googleapis.com/auth/games

[INTERNAL_LOG][2018-06-12 04:39:43,235][INFO][find_url_in_apk()] [END ALL URL INSIDE APK]
[INTERNAL_LOG][2018-06-12 04:39:43,238][INFO][check_method_conf()] [JavaScript enabled: True]

[INTERNAL_LOG][2018-06-12 04:39:43,238][INFO][check_method_conf()] [Add interface WebView: True]

[INTERNAL_LOG][2018-06-12 04:39:43,238][INFO][analyze_start()] This app might be not vulnerable on  attack frame confusion.
[INTERNAL_LOG][2018-06-12 04:39:43,238][INFO][analyze_start()] End time:[Tue Jun 12 04:39:43 2018]
