[INTERNAL_LOG][2018-06-12 05:25:04,779][INFO][analyze_start()] Init Time [Tue Jun 12 05:25:04 2018]
[INTERNAL_LOG][2018-06-12 05:25:04,905][INFO][run()] Start Analysis
[INTERNAL_LOG][2018-06-12 05:25:04,906][INFO][is_hybird()] [Permission Enble Start]
[INTERNAL_LOG][2018-06-12 05:25:04,906][INFO][is_hybird()] android.permission.INTERNET
[INTERNAL_LOG][2018-06-12 05:25:04,906][INFO][is_hybird()] android.permission.ACCESS_NETWORK_STATE
[INTERNAL_LOG][2018-06-12 05:25:04,907][INFO][is_hybird()] android.permission.ACCESS_WIFI_STATE
[INTERNAL_LOG][2018-06-12 05:25:04,907][INFO][is_hybird()] com.google.android.c2dm.permission.RECEIVE
[INTERNAL_LOG][2018-06-12 05:25:04,907][INFO][is_hybird()] [Permission End]

[INTERNAL_LOG][2018-06-12 05:25:04,907][INFO][analyze_start()] TYPE APK: [ANDROID NATIVE]

[INTERNAL_LOG][2018-06-12 05:25:04,907][INFO][find_string()] [START FILE ANALYZE]
[INTERNAL_LOG][2018-06-12 05:25:04,907][INFO][find_string()] File: assets/youtubeapi.html
[INTERNAL_LOG][2018-06-12 05:25:04,908][INFO][find_string()] No iframe in assets/youtubeapi.html
[INTERNAL_LOG][2018-06-12 05:25:04,908][INFO][find_string()] [END ANALYZE FILE]

[INTERNAL_LOG][2018-06-12 05:25:04,908][INFO][find_string()] [START FILE ANALYZE]
[INTERNAL_LOG][2018-06-12 05:25:04,908][INFO][find_string()] File: assets/www/error.js
[INTERNAL_LOG][2018-06-12 05:25:04,909][INFO][find_string()] No iframe in assets/www/error.js
[INTERNAL_LOG][2018-06-12 05:25:04,909][INFO][find_string()] [END ANALYZE FILE]

[INTERNAL_LOG][2018-06-12 05:25:29,073][INFO][find_url_in_apk()] [START ALL URL INSIDE APK]
[INTERNAL_LOG][2018-06-12 05:25:29,073][INFO][find_url_in_apk()] http://schemas.android.com/apk/res/android
https://adc3-launch-server-staging.herokuapp.com/v4/launch
https://adc3-launch.adcolony.com/v4/launch
https://adc3-launch.adcolony.com/v4/launch
https://wd.adcolony.com/logs
http://www.amazon.com/gp/mas/get-appstore/android/ref=mas_mx_mba_iap_dl
http://b.scorecardresearch.com/p2?
https://sb.scorecardresearch.com/p2?
http://udm.scorecardresearch.com/offline
https://udm.scorecardresearch.com/offline
http://segment-data-us-east.zqtk.net/%s?url=%s&c2=%s&c12=%s&ns_ap_bi=%s&ns_ap_sv=%s&ns_ap_an=%s&ns_ap_ver=%s&ns_ap_pn=android
http://b.voicefive.com/rs/sdk/gg.js
https://sb.voicefive.com/rs/sdk/gg.js
http://b.scorecardresearch.com/rs/mobile/ntv/vce_st.js
https://sb.scorecardresearch.com/rs/mobile/ntv/vce_st.js
http://localhost/
https://sb.voicefive.com/rs/sdk/b.html
https://sb.voicefive.com/rs/sdk/b.html
https://sb.voicefive.com/rs/sdk/b.html
https://sb.voicefive.com/rs/sdk/b.html
https://sb.voicefive.com/rs/sdk/b.html
https://apm.
https://api.
https://txn.ingest.
https://appload.ingest.
http://www.google.com
http://www.google.com
http://www.amazon.com/gp/mas/dl/android?p=com.disney.WMW
http://10.198.215.167:8080/amps/api/
https://amps.tapulous.com/amps/api/
https://m.facebook.com/dialog/
https://graph.facebook.com/
https://api.facebook.com/restserver.php
https://graph.facebook.com/%s/picture
https://graph.%s
https://api.%s/method
https://facebook.com
https://pagead2.googlesyndication.com/pagead/gen_204?id=gmob-apps
http://plus.google.com/
http://www.example.com
http://www.example.com
https://googleads.g.doubleclick.net/mads/static/mad/sdk/native/sdk-core-v40.html
https://googleads.g.doubleclick.net/mads/static/mad/sdk/native/mraid/v2/mraid_app_banner.js
https://googleads.g.doubleclick.net/mads/static/mad/sdk/native/mraid/v2/mraid_app_expanded_banner.js
https://googleads.g.doubleclick.net/mads/static/mad/sdk/native/mraid/v2/mraid_app_interstitial.js
https://csi.gstatic.com/csi
https://www.google.com/dfp/linkDevice
https://www.google.com/dfp/inAppPreview
https://www.google.com/dfp/debugSignals
https://www.google.com/dfp/sendDebugData
https://pagead2.googlesyndication.com/pagead/gen_204
https://twitter.com/%s/status/%s
https://www.mopub.com/optout/
https://www.mopub.com/optout/
https://config.unityads.unity3d.com/webview/
https://ads.superawesome.tv/v2
https://ads.staging.superawesome.tv/v2
https://ads.superawesome.tv/v2/safead
https://ads.superawesome.tv/v2/safead
https://ads.superawesome.tv/v2/safead
http://www.google.ie
http://swrve.com
https://play.google.com/store/apps/details?id=com.disney.wheresmymickey_tab_goo
https://play.google.com/store/apps/details?id=com.disney.wheresmymickey_goo
http://www.amazon.com/gp/product/B00DEVQ0LA?ie=UTF8&ref=mas_dl
http://www.amazon.com/gp/product/B00DEVNZ5E?ie=UTF8&ref=mas_dl
https://analytics.mopub.com/i/jot/exchange_client_event
https://www.mopub.com/optout
https://ads.superawesome.tv

[INTERNAL_LOG][2018-06-12 05:25:29,073][INFO][find_url_in_apk()] [END ALL URL INSIDE APK]
[INTERNAL_LOG][2018-06-12 05:25:29,079][INFO][check_method_conf()] [JavaScript enabled: True]

[INTERNAL_LOG][2018-06-12 05:25:29,079][INFO][check_method_conf()] [Add interface WebView: True]

[INTERNAL_LOG][2018-06-12 05:25:29,079][INFO][analyze_start()] This app might be not vulnerable on  attack frame confusion.
[INTERNAL_LOG][2018-06-12 05:25:29,079][INFO][analyze_start()] End time:[Tue Jun 12 05:25:29 2018]
