[INTERNAL_LOG][2018-06-12 02:04:33,203][INFO][analyze_start()] Init Time [Tue Jun 12 02:04:33 2018]
[INTERNAL_LOG][2018-06-12 02:04:33,455][INFO][run()] Start Analysis
[INTERNAL_LOG][2018-06-12 02:04:33,457][INFO][is_hybird()] [Permission Enble Start]
[INTERNAL_LOG][2018-06-12 02:04:33,457][INFO][is_hybird()] android.permission.INTERNET
[INTERNAL_LOG][2018-06-12 02:04:33,457][INFO][is_hybird()] android.permission.ACCESS_NETWORK_STATE
[INTERNAL_LOG][2018-06-12 02:04:33,457][INFO][is_hybird()] android.permission.ACCESS_WIFI_STATE
[INTERNAL_LOG][2018-06-12 02:04:33,457][INFO][is_hybird()] com.android.vending.BILLING
[INTERNAL_LOG][2018-06-12 02:04:33,457][INFO][is_hybird()] android.permission.WAKE_LOCK
[INTERNAL_LOG][2018-06-12 02:04:33,457][INFO][is_hybird()] com.google.android.c2dm.permission.RECEIVE
[INTERNAL_LOG][2018-06-12 02:04:33,458][INFO][is_hybird()] com.disney.wheresmywater2_goo.permission.C2D_MESSAGE
[INTERNAL_LOG][2018-06-12 02:04:33,458][INFO][is_hybird()] [Permission End]

[INTERNAL_LOG][2018-06-12 02:04:33,458][INFO][analyze_start()] TYPE APK: [ANDROID NATIVE]

[INTERNAL_LOG][2018-06-12 02:04:33,458][INFO][find_string()] [START FILE ANALYZE]
[INTERNAL_LOG][2018-06-12 02:04:33,458][INFO][find_string()] File: assets/html/displayImage.html
[INTERNAL_LOG][2018-06-12 02:04:33,458][INFO][find_string()] No iframe in assets/html/displayImage.html
[INTERNAL_LOG][2018-06-12 02:04:33,458][INFO][find_string()] File: assets/html/displayRichMedia.html
[INTERNAL_LOG][2018-06-12 02:04:33,459][INFO][find_string()] Found this tag <iframe src="\'richMediaURL\'"></iframe>
[INTERNAL_LOG][2018-06-12 02:04:33,459][INFO][find_string()] Found in file assets/html/displayRichMedia.html tag iframe , 1 times
[INTERNAL_LOG][2018-06-12 02:04:33,459][INFO][find_string()] Founded this src ["\\'richMediaURL\\'"] in iframe tag inside file assets/html/displayRichMedia.html
[INTERNAL_LOG][2018-06-12 02:04:33,459][INFO][find_string()] No CSP found!
[INTERNAL_LOG][2018-06-12 02:04:33,459][INFO][find_string()] File: assets/html/displayTag.html
[INTERNAL_LOG][2018-06-12 02:04:33,460][INFO][find_string()] No iframe in assets/html/displayTag.html
[INTERNAL_LOG][2018-06-12 02:04:33,460][INFO][find_string()] File: assets/offline.html
[INTERNAL_LOG][2018-06-12 02:04:33,460][INFO][find_string()] No iframe in assets/offline.html
[INTERNAL_LOG][2018-06-12 02:04:33,461][INFO][find_string()] File: assets/youtubeapi.html
[INTERNAL_LOG][2018-06-12 02:04:33,461][INFO][find_string()] No iframe in assets/youtubeapi.html
[INTERNAL_LOG][2018-06-12 02:04:33,461][INFO][find_string()] [END ANALYZE FILE]

[INTERNAL_LOG][2018-06-12 02:04:33,461][INFO][find_string()] [START FILE ANALYZE]
[INTERNAL_LOG][2018-06-12 02:04:33,461][INFO][find_string()] File: assets/www/error.js
[INTERNAL_LOG][2018-06-12 02:04:33,462][INFO][find_string()] No iframe in assets/www/error.js
[INTERNAL_LOG][2018-06-12 02:04:33,463][INFO][find_string()] [END ANALYZE FILE]

[INTERNAL_LOG][2018-06-12 02:05:21,678][INFO][find_url_in_apk()] [START ALL URL INSIDE APK]
[INTERNAL_LOG][2018-06-12 02:05:21,678][INFO][find_url_in_apk()] http://schemas.android.com/apk/res/android
http://xml.org/sax/features/validation
http://xml.org/sax/features/namespaces
http://logback.qos.ch/css/classic.css
http://logback.qos.ch/codes.html#sbtp_size_format
http://logback.qos.ch/codes.html#renamingError
https://adc3-launch-server-staging.herokuapp.com/v4/launch
https://adc3-launch.adcolony.com/v4/launch
https://adc3-launch.adcolony.com/v4/launch
https://wd.adcolony.com/logs
https://apm.
https://api.
https://txn.ingest.
https://appload.ingest.
http://www.google.com
http://www.google.com
http://graph.facebook.com/
http://dismo.tapulous.com/wmw2
http://dismo.tapulous.com/wmw2
http://dismo.tapulous.com/wmw2
http://dismo.tapulous.com/wmw2
http://dismo.tapulous.com/wmw2
http://games.disney.com/
http://n7vcs1dmttramp01.compliant.disney.private:8080/amps/api/
https://amps.tapulous.com/amps/api/
https://int.api.disney.private/qafunc/disneymobile/gcs/v1/
https://stage.api.disney.com/stage/disneymobile/gcs/v1/
https://int.api.disney.private/dev/disneymobile/gcs/v1/
https://int.api.disney.private/qa/disneymobile/gcs/v1/
https://api.disney.com/dismo/gcs/v1/
https://graph.%s
https://graph-video.%s
https://facebook.com
http://play.google.com/store/apps/details?id=com.facebook.orca
https://pagead2.googlesyndication.com/pagead/gen_204?id=gmob-apps
http://hostname/?
http://hostname/?
http://hostname/?
https://accounts.google.com
https://www.facebook.com
http://plus.google.com/
https://www.googleapis.com/auth/drive.file
https://www.googleapis.com/auth/drive.appdata
https://www.googleapis.com/auth/drive
https://www.googleapis.com/auth/drive.apps
https://www.googleapis.com/auth/fitness.activity.read
https://www.googleapis.com/auth/fitness.activity.read
https://www.googleapis.com/auth/fitness.activity.write
https://www.googleapis.com/auth/fitness.activity.write
https://www.googleapis.com/auth/fitness.location.read
https://www.googleapis.com/auth/fitness.location.read
https://www.googleapis.com/auth/fitness.location.write
https://www.googleapis.com/auth/fitness.location.write
https://www.googleapis.com/auth/fitness.body.read
https://www.googleapis.com/auth/fitness.body.read
https://www.googleapis.com/auth/fitness.body.write
https://www.googleapis.com/auth/fitness.body.write
https://www.googleapis.com/auth/fitness.nutrition.read
https://www.googleapis.com/auth/fitness.nutrition.read
https://www.googleapis.com/auth/fitness.nutrition.write
https://www.googleapis.com/auth/fitness.nutrition.write
https://www.googleapis.com/auth/fitness.blood_pressure.read
https://www.googleapis.com/auth/fitness.blood_pressure.write
https://www.googleapis.com/auth/fitness.blood_glucose.read
https://www.googleapis.com/auth/fitness.blood_glucose.write
https://www.googleapis.com/auth/fitness.oxygen_saturation.read
https://www.googleapis.com/auth/fitness.oxygen_saturation.write
https://www.googleapis.com/auth/fitness.body_temperature.read
https://www.googleapis.com/auth/fitness.body_temperature.write
https://www.googleapis.com/auth/fitness.reproductive_health.read
https://www.googleapis.com/auth/fitness.reproductive_health.write
https://www.googleapis.com/auth/games
https://www.googleapis.com/auth/games
https://www.googleapis.com/auth/games.firstparty
https://www.googleapis.com/auth/games.firstparty
http://localhost
https://googleads.g.doubleclick.net/mads/static/mad/sdk/native/sdk-core-v40.html
https://googleads.g.doubleclick.net/mads/static/mad/sdk/native/mraid/v2/mraid_app_banner.js
https://googleads.g.doubleclick.net/mads/static/mad/sdk/native/mraid/v2/mraid_app_expanded_banner.js
https://googleads.g.doubleclick.net/mads/static/mad/sdk/native/mraid/v2/mraid_app_interstitial.js
https://csi.gstatic.com/csi
https://www.google.com/dfp/linkDevice
https://www.google.com/dfp/inAppPreview
https://www.google.com/dfp/debugSignals
https://www.google.com/dfp/sendDebugData
http://www.example.com
http://www.example.com
https://pagead2.googlesyndication.com/pagead/gen_204
https://www.googleapis.com/auth/plus.login
https://www.googleapis.com/auth/plus.me
https://twitter.com/%s/status/%s
https://www.mopub.com/optout/
https://www.mopub.com/optout/
https://impact.staging.applifier.com/mobile/campaigns
https://app-measurement.com/a
https://www.google.com
https://www.google-analytics.com
https://mobilecrashreporting.googleapis.com/v1/crashes:batchCreate?key=
http://www.google-analytics.com
https://ssl.google-analytics.com
http://schemas.android.com/apk/lib/com.google.android.gms.plus
http://schemas.android.com/apk/lib/com.google.android.gms.plus
https://www.googletagmanager.com
https://analytics.mopub.com/i/jot/exchange_client_event
https://www.mopub.com/optout
http://www.google.ie
http://swrve.com
https://impact.applifier.com/mobile/campaigns
https://config.unityads.unity3d.com/webview/
http://10.190.6.186:8081
https://int.api.disney.private
https://api.disney.com
https://ads.superawesome.tv
https://ads.superawesome.tv/v2
https://ads.staging.superawesome.tv/v2
https://ads.superawesome.tv/v2/safead
https://ads.superawesome.tv/v2/safead
https://ads.superawesome.tv/v2/safead

[INTERNAL_LOG][2018-06-12 02:05:21,678][INFO][find_url_in_apk()] [END ALL URL INSIDE APK]
[INTERNAL_LOG][2018-06-12 02:05:21,682][INFO][check_method_conf()] [JavaScript enabled: True]

[INTERNAL_LOG][2018-06-12 02:05:21,682][INFO][check_method_conf()] [Add interface WebView: True]

[INTERNAL_LOG][2018-06-12 02:05:21,682][INFO][analyze_start()] This app might be vulnerable on attack frame confusion, This file are vulnerable ['assets/html/displayRichMedia.html']
[INTERNAL_LOG][2018-06-12 02:05:21,682][INFO][analyze_start()] End time:[Tue Jun 12 02:05:21 2018]
