[INTERNAL_LOG][2018-06-12 04:25:26,423][INFO][analyze_start()] Init Time [Tue Jun 12 04:25:26 2018]
[INTERNAL_LOG][2018-06-12 04:25:26,458][INFO][is_hybird()] [Permission Enble Start]
[INTERNAL_LOG][2018-06-12 04:25:26,458][INFO][run()] Start Analysis
[INTERNAL_LOG][2018-06-12 04:25:26,458][INFO][is_hybird()] android.permission.INTERNET
[INTERNAL_LOG][2018-06-12 04:25:26,458][INFO][is_hybird()] android.permission.WRITE_EXTERNAL_STORAGE
[INTERNAL_LOG][2018-06-12 04:25:26,458][INFO][is_hybird()] android.permission.ACCESS_NETWORK_STATE
[INTERNAL_LOG][2018-06-12 04:25:26,458][INFO][is_hybird()] com.android.vending.BILLING
[INTERNAL_LOG][2018-06-12 04:25:26,458][INFO][is_hybird()] com.android.vending.BILLING
[INTERNAL_LOG][2018-06-12 04:25:26,459][INFO][is_hybird()] android.permission.INTERNET
[INTERNAL_LOG][2018-06-12 04:25:26,459][INFO][is_hybird()] android.permission.ACCESS_NETWORK_STATE
[INTERNAL_LOG][2018-06-12 04:25:26,459][INFO][is_hybird()] com.google.android.c2dm.permission.RECEIVE
[INTERNAL_LOG][2018-06-12 04:25:26,459][INFO][is_hybird()] com.google.android.finsky.permission.BIND_GET_INSTALL_REFERRER_SERVICE
[INTERNAL_LOG][2018-06-12 04:25:26,459][INFO][is_hybird()] android.permission.READ_PHONE_STATE
[INTERNAL_LOG][2018-06-12 04:25:26,459][INFO][is_hybird()] android.permission.ACCESS_WIFI_STATE
[INTERNAL_LOG][2018-06-12 04:25:26,459][INFO][is_hybird()] android.permission.ACCESS_FINE_LOCATION
[INTERNAL_LOG][2018-06-12 04:25:26,459][INFO][is_hybird()] android.permission.ACCESS_COARSE_LOCATION
[INTERNAL_LOG][2018-06-12 04:25:26,459][INFO][is_hybird()] [Permission End]

[INTERNAL_LOG][2018-06-12 04:25:26,459][INFO][analyze_start()] TYPE APK: [ANDROID NATIVE]

[INTERNAL_LOG][2018-06-12 04:25:26,459][INFO][find_string()] [START FILE ANALYZE]
[INTERNAL_LOG][2018-06-12 04:25:26,459][INFO][find_string()] File: js/closebutton.html
[INTERNAL_LOG][2018-06-12 04:25:26,459][INFO][find_string()] No iframe in js/closebutton.html
[INTERNAL_LOG][2018-06-12 04:25:26,460][INFO][find_string()] [END ANALYZE FILE]

[INTERNAL_LOG][2018-06-12 04:25:26,460][INFO][find_string()] [START FILE ANALYZE]
[INTERNAL_LOG][2018-06-12 04:25:26,460][INFO][find_string()] File: js/mraid.js
[INTERNAL_LOG][2018-06-12 04:25:26,462][INFO][find_string()] No iframe in js/mraid.js
[INTERNAL_LOG][2018-06-12 04:25:26,462][INFO][find_string()] [END ANALYZE FILE]

[INTERNAL_LOG][2018-06-12 04:26:06,546][INFO][find_url_in_apk()] [START ALL URL INSIDE APK]
[INTERNAL_LOG][2018-06-12 04:26:06,546][INFO][find_url_in_apk()] http://schemas.android.com/apk/res/android
http://schemas.android.com/apk/res/android
http://schemas.applovin.com/android/1.0
http://schemas.applovin.com/android/1.0
https://d.applovin.com/
https://a.applovin.com/
https://rt.applovin.com/med
https://rt.applovin.com/pix
https://d.applvn.com/
https://a.applvn.com/
https://rt.applvn.com/pix
https://vid.applovin.com/,https://pdn.applovin.com/,https://img.applovin.com/,https://d.applovin.com/,https://assets.applovin.com/,https://cdnjs.cloudflare.com/,http://vid.applovin.com/,http://pdn.applovin.com/,http://img.applovin.com/,http://d.applovin.com/,http://assets.applovin.com/,http://cdnjs.cloudflare.com/
https://play.google.com/store/apps/details
https://graph.%s
https://graph-video.%s
https://facebook.com
http://schemas.microsoft.com/DRM/2007/03/protocols/AcquireLicense
http://www.w3.org/ns/ttml#parameter
https://pagead2.googlesyndication.com/pagead/gen_204?id=gmob-apps
https://www.googleapis.com/auth/games_lite
https://www.googleapis.com/auth/games
https://plus.google.com/
https://pagead2.googlesyndication.com/pagead/gen_204
http://www.google.com
https://support.google.com/dfp_premium/answer/7160685#push
http://www.example.com
http://www.example.com
https://googleads.g.doubleclick.net/mads/static/mad/sdk/native/sdk-core-v40.html
https://googleads.g.doubleclick.net/mads/static/mad/sdk/native/production/sdk-core-v40-impl.js
https://googleads.g.doubleclick.net/mads/static/mad/sdk/native/mraid/v2/mraid_app_banner.js
https://googleads.g.doubleclick.net/mads/static/mad/sdk/native/mraid/v2/mraid_app_expanded_banner.js
https://googleads.g.doubleclick.net/mads/static/mad/sdk/native/mraid/v2/mraid_app_interstitial.js
https://csi.gstatic.com/csi
https://googleads.g.doubleclick.net/mads/static/mad/sdk/native/native_ads.html
https://googleads.g.doubleclick.net/mads/static/mad/sdk/native/production/native_ads.js
https://imasdk.googleapis.com/admob/sdkloader/native_video.html
https://www.google.com/dfp/linkDevice
https://www.google.com/dfp/inAppPreview
https://www.google.com/dfp/debugSignals
https://www.google.com/dfp/sendDebugData
https://mobile-static.adsafeprotected.com/avid-v2.js
https://track.atom-data.io
https://track.atom-data.io
https://track.atom-data.io
https://outcome.supersonicads.com/mediation/
https://outcome.supersonicads.com/mediation/
https://mobilelogs.supersonic.com
https://mobilelogs.supersonic.com
https://init.supersonicads.com/sdk/v
https://www.supersonicads.com/mobile/sdk5/log?method=
https://www.supersonicads.com/mobile/sdk5/log?method=
https://www.supersonicads.com/mobile/sdk5/log?method=
https://www.supersonicads.com/mobile/sdk5/log?method=
https://www.supersonicads.com/mobile/sdk5/log?method=
https://www.supersonicads.com/mobile/sdk5/log?method=
https://www.supersonicads.com/mobile/sdk5/log?method=
https://www.supersonicads.com/mobile/sdk5/log?method=
https://www.supersonicads.com/mobile/sdk5/log?method=injectJavaScript
https://www.supersonicads.com/mobile/sdk5/log?method=extraParametersToJson
https://www.supersonicads.com/mobile/sdk5/log?method=noProductType
https://www.supersonicads.com/mobile/sdk5/log?method=encodeAppUserId
https://www.supersonicads.com/mobile/sdk5/log?method=encodeAppKey
https://www.supersonicads.com/mobile/sdk5/log?method=webviewLoadBlank
https://www.supersonicads.com/mobile/sdk5/log?method=webviewLoadWithPath
https://www.supersonicads.com/mobile/sdk5/log?method=htmlControllerDoesNotExistOnFileSystem
https://www.supersonicads.com/mobile/sdk5/log?method=webviewPause
https://www.supersonicads.com/mobile/sdk5/log?method=webviewResume
https://decide.mixpanel.com/decide
https://api.mixpanel.com/track?ip=
https://api.mixpanel.com/engage
https://px.moatads.com/pixel.gif?e=0&i=MOATSDK1&ac=1
https://px.moatads.com/pixel.gif?e=0&i=MOATSDK1&ac=1
https://z.moatads.com/
https://z.moatads.com/
https://z.moatads.com/
https://z.moatads.com/
https://analytics.mopub.com/i/jot/exchange_client_event
https://twitter.com/%s/status/%s
https://www.mopub.com/optout
https://www.mopub.com/optout/
https://www.mopub.com/optout/
http://play.google.com/store/apps/details?id=
https://ws.tapjoyads.com/
https://ws.tapjoyads.com/
https://ws.tapjoyads.com/
https://api.vungle.com/
https://ads.api.vungle.com/config
https://rpc.tapjoy.com/
https://rpc.tapjoy.com/
https://connect.tapjoy.com/
https://connect.tapjoy.com/
https://placements.tapjoy.com/
https://track.tenjin.io/v0/event
https://track.tenjin.io/v0/event
https://track.tenjin.io/v0/event
https://track.tenjin.io/v0/event
https://track.tenjin.io/v0/event
https://track.tenjin.io/v0/event
https://track.tenjin.io/v0/purchase
https://track.tenjin.io/v0/purchase
https://track.tenjin.io/v0/purchase
https://track.tenjin.io/v0/user
https://config.unityads.unity3d.com/webview/
https://www.vungle.com/privacy/
https://www.vungle.com/privacy/
http://lol.vungle.com/
https://download.qt-project.org/ministro/android/qt5/qt-5.7
http://localhost/
http://localhost/
http://localhost/

[INTERNAL_LOG][2018-06-12 04:26:06,546][INFO][find_url_in_apk()] [END ALL URL INSIDE APK]
[INTERNAL_LOG][2018-06-12 04:26:06,553][INFO][check_method_conf()] [JavaScript enabled: True]

[INTERNAL_LOG][2018-06-12 04:26:06,553][INFO][check_method_conf()] [Add interface WebView: True]

[INTERNAL_LOG][2018-06-12 04:26:06,553][INFO][analyze_start()] This app might be not vulnerable on  attack frame confusion.
[INTERNAL_LOG][2018-06-12 04:26:06,553][INFO][analyze_start()] End time:[Tue Jun 12 04:26:06 2018]
