[INTERNAL_LOG][2018-06-12 01:50:24,080][INFO][analyze_start()] Init Time [Tue Jun 12 01:50:24 2018]
[INTERNAL_LOG][2018-06-12 01:50:24,134][INFO][run()] Start Analysis
[INTERNAL_LOG][2018-06-12 01:50:24,135][INFO][is_hybird()] [Permission Enble Start]
[INTERNAL_LOG][2018-06-12 01:50:24,135][INFO][is_hybird()] android.permission.INTERNET
[INTERNAL_LOG][2018-06-12 01:50:24,135][INFO][is_hybird()] android.permission.WAKE_LOCK
[INTERNAL_LOG][2018-06-12 01:50:24,135][INFO][is_hybird()] android.permission.ACCESS_NETWORK_STATE
[INTERNAL_LOG][2018-06-12 01:50:24,135][INFO][is_hybird()] android.permission.VIBRATE
[INTERNAL_LOG][2018-06-12 01:50:24,135][INFO][is_hybird()] android.permission.WRITE_EXTERNAL_STORAGE
[INTERNAL_LOG][2018-06-12 01:50:24,135][INFO][is_hybird()] com.contextlogic.wish.permission.C2D_MESSAGE
[INTERNAL_LOG][2018-06-12 01:50:24,135][INFO][is_hybird()] com.google.android.c2dm.permission.RECEIVE
[INTERNAL_LOG][2018-06-12 01:50:24,135][INFO][is_hybird()] android.permission.CAMERA
[INTERNAL_LOG][2018-06-12 01:50:24,135][INFO][is_hybird()] android.permission.GET_ACCOUNTS
[INTERNAL_LOG][2018-06-12 01:50:24,135][INFO][is_hybird()] android.permission.READ_CONTACTS
[INTERNAL_LOG][2018-06-12 01:50:24,135][INFO][is_hybird()] android.permission.READ_EXTERNAL_STORAGE
[INTERNAL_LOG][2018-06-12 01:50:24,135][INFO][is_hybird()] android.permission.READ_EXTERNAL_STORAGE
[INTERNAL_LOG][2018-06-12 01:50:24,136][INFO][is_hybird()] [Permission End]

[INTERNAL_LOG][2018-06-12 01:50:24,136][INFO][analyze_start()] TYPE APK: [ANDROID NATIVE]

[INTERNAL_LOG][2018-06-12 01:50:24,136][INFO][find_string()] [START FILE ANALYZE]
[INTERNAL_LOG][2018-06-12 01:50:24,136][INFO][find_string()] [END ANALYZE FILE]

[INTERNAL_LOG][2018-06-12 01:50:24,136][INFO][find_string()] [START FILE ANALYZE]
[INTERNAL_LOG][2018-06-12 01:50:24,136][INFO][find_string()] [END ANALYZE FILE]

[INTERNAL_LOG][2018-06-12 01:50:53,599][INFO][find_url_in_apk()] [START URL LOADED INSIDE LOAD FUNCTION]
[INTERNAL_LOG][2018-06-12 01:50:53,599][INFO][find_url_in_apk()] https://docs.google.com/gview?embedded=true&url=%s

[INTERNAL_LOG][2018-06-12 01:50:53,599][INFO][find_url_in_apk()] [END URL LOADED INSIDE LOAD FUNCTION]
[INTERNAL_LOG][2018-06-12 01:50:53,696][ERROR][download_page_loaded()] Failed response code: 400 for https://docs.google.com/gview?embedded=true&url=%s  
[INTERNAL_LOG][2018-06-12 01:50:53,696][INFO][find_string()] [START REMOTE FILE ANALYZE]
[INTERNAL_LOG][2018-06-12 01:50:53,696][INFO][find_string()] [END ANALYZE FILE]

[INTERNAL_LOG][2018-06-12 01:50:53,697][INFO][find_url_in_apk()] [START ALL URL INSIDE APK]
[INTERNAL_LOG][2018-06-12 01:50:53,697][INFO][find_url_in_apk()] http://schemas.android.com/apk/res/android
https://c.riskified.com/device_infos.json
http://10.0.2.2:3000/
https://api.sandbox.braintreegateway.com/
https://api.braintreegateway.com/
https://accounts.google.com
https://accounts.google.com
https://accounts.google.com
https://accounts.google.com
https://www.facebook.com
https://www.facebook.com
https://www.facebook.com
https://www.facebook.com
http://schema.org/ViewAction
http://schema.org/ViewAction
https://docs.google.com/gview?embedded=true&url=%s
https://cdn.klarna.com/1.0/shared/image/generic/badge/
http://graph.facebook.com/
https://graph.%s
https://graph-video.%s
https://facebook.com
http://www.w3.org/ns/ttml#parameter
http://www.google-analytics.com
https://ssl.google-analytics.com
http://plus.google.com/
https://goo.gl/FZRIUV
https://app-measurement.com/a
https://docs.google.com/viewer?url=
http://fullscreen.klarna.sdk?
https://tst.kaptcha.com/logo.htm
https://ssl.kaptcha.com/logo.htm
https://mqa.kaptcha.com/logo.htm
https://www.paypal.com
https://api-m.paypal.com/v1/
https://api-m.paypal.com/v1/
https://www.paypalobjects.com/webstatic/otc/otc-config.android.json
https://svcs.paypal.com/AccessControl/LogRiskMetadata
https://b.stats.paypal.com/counter.cgi?p=
https://www.paypalobjects.com/webstatic/risk/dyson_config_android_v3.json
https://api-m.sandbox.paypal.com/v1/
https://uri.paypal.com/services/payments/futurepayments
https://uri.paypal.com/services/paypalattributes
https://secure.paytm.in/oltp/HANDLER_INTERNAL/TXNSTATUS
https://secure.paytm.in/oltp/HANDLER_INTERNAL/CANCEL_TXN
https://secure.paytm.in/oltp-web/processTransaction
https://pguat.paytm.com/oltp/HANDLER_INTERNAL/TXNSTATUS
https://pguat.paytm.com/oltp/HANDLER_INTERNAL/CANCEL_TXN
https://pguat.paytm.com/oltp-web/processTransaction
https://api.stripe.com
https://e.crashlytics.com/spi/v2/events
https://settings.crashlytics.com/spi/v2/platforms/android/apps/%s/settings

[INTERNAL_LOG][2018-06-12 01:50:53,697][INFO][find_url_in_apk()] [END ALL URL INSIDE APK]
[INTERNAL_LOG][2018-06-12 01:50:53,704][INFO][check_method_conf()] [JavaScript enabled: True]

[INTERNAL_LOG][2018-06-12 01:50:53,704][INFO][check_method_conf()] [Add interface WebView: True]

[INTERNAL_LOG][2018-06-12 01:50:53,704][INFO][analyze_start()] This app might be not vulnerable on  attack frame confusion.
[INTERNAL_LOG][2018-06-12 01:50:53,704][INFO][analyze_start()] End time:[Tue Jun 12 01:50:53 2018]
