[INTERNAL_LOG][2018-06-12 01:57:49,155][INFO][analyze_start()] Init Time [Tue Jun 12 01:57:49 2018]
[INTERNAL_LOG][2018-06-12 01:57:49,192][INFO][run()] Start Analysis
[INTERNAL_LOG][2018-06-12 01:57:49,192][INFO][is_hybird()] [Permission Enble Start]
[INTERNAL_LOG][2018-06-12 01:57:49,192][INFO][is_hybird()] android.permission.INTERNET
[INTERNAL_LOG][2018-06-12 01:57:49,192][INFO][is_hybird()] com.android.vending.BILLING
[INTERNAL_LOG][2018-06-12 01:57:49,193][INFO][is_hybird()] org.onepf.openiab.permission.BILLING
[INTERNAL_LOG][2018-06-12 01:57:49,193][INFO][is_hybird()] com.sec.android.iap.permission.BILLING
[INTERNAL_LOG][2018-06-12 01:57:49,193][INFO][is_hybird()] com.nokia.payment.BILLING
[INTERNAL_LOG][2018-06-12 01:57:49,193][INFO][is_hybird()] com.slideme.sam.manager.inapp.permission.BILLING
[INTERNAL_LOG][2018-06-12 01:57:49,193][INFO][is_hybird()] android.permission.ACCESS_WIFI_STATE
[INTERNAL_LOG][2018-06-12 01:57:49,193][INFO][is_hybird()] android.permission.ACCESS_NETWORK_STATE
[INTERNAL_LOG][2018-06-12 01:57:49,193][INFO][is_hybird()] android.permission.WRITE_EXTERNAL_STORAGE
[INTERNAL_LOG][2018-06-12 01:57:49,193][INFO][is_hybird()] android.permission.INTERNET
[INTERNAL_LOG][2018-06-12 01:57:49,193][INFO][is_hybird()] android.permission.WAKE_LOCK
[INTERNAL_LOG][2018-06-12 01:57:49,193][INFO][is_hybird()] com.google.android.c2dm.permission.RECEIVE
[INTERNAL_LOG][2018-06-12 01:57:49,193][INFO][is_hybird()] se.maginteractive.wordbrain.permission.C2D_MESSAGE
[INTERNAL_LOG][2018-06-12 01:57:49,193][INFO][is_hybird()] [Permission End]

[INTERNAL_LOG][2018-06-12 01:57:49,193][INFO][analyze_start()] TYPE APK: [ANDROID NATIVE]

[INTERNAL_LOG][2018-06-12 01:57:49,193][INFO][find_string()] [START FILE ANALYZE]
[INTERNAL_LOG][2018-06-12 01:57:49,193][INFO][find_string()] [END ANALYZE FILE]

[INTERNAL_LOG][2018-06-12 01:57:49,193][INFO][find_string()] [START FILE ANALYZE]
[INTERNAL_LOG][2018-06-12 01:57:49,194][INFO][find_string()] File: assets/mmadsdk/actionsQueue.js
[INTERNAL_LOG][2018-06-12 01:57:49,195][INFO][find_string()] No iframe in assets/mmadsdk/actionsQueue.js
[INTERNAL_LOG][2018-06-12 01:57:49,195][INFO][find_string()] File: assets/mmadsdk/mm.js
[INTERNAL_LOG][2018-06-12 01:57:49,196][INFO][find_string()] No iframe in assets/mmadsdk/mm.js
[INTERNAL_LOG][2018-06-12 01:57:49,196][INFO][find_string()] File: assets/mmadsdk/mraid.js
[INTERNAL_LOG][2018-06-12 01:57:49,198][INFO][find_string()] No iframe in assets/mmadsdk/mraid.js
[INTERNAL_LOG][2018-06-12 01:57:49,198][INFO][find_string()] [END ANALYZE FILE]

[INTERNAL_LOG][2018-06-12 01:58:16,054][INFO][find_url_in_apk()] [START ALL URL INSIDE APK]
[INTERNAL_LOG][2018-06-12 01:58:16,054][INFO][find_url_in_apk()] https://adc3-launch-server-staging.herokuapp.com/v4/launch
https://adc3-launch.adcolony.com/v4/launch
https://adc3-launch.adcolony.com/v4/launch
https://wd.adcolony.com/logs
https://app.adjust.com
https://app.adjust.com
https://graph.%s
https://graph-video.%s
https://facebook.com
http://play.google.com/store/apps/details?id=com.facebook.orca
http://hostname/
http://hostname/?
https://pubads.g.doubleclick.net/activity;dc_iu=
https://pubads.g.doubleclick.net/activity;xsp=
https://www.googleadservices.com/pagead/conversion/
https://www.googleadservices.com/pagead/conversion/
http://plus.google.com/
https://pagead2.googlesyndication.com/pagead/gen_204?id=gmob-apps
https://www.googleapis.com/auth/games_lite
https://www.googleapis.com/auth/games
https://plus.google.com/
https://app-measurement.com/a
https://www.google.com
https://www.google.com
https://z.moatads.com/
https://analytics.mopub.com/i/jot/exchange_client_event
https://twitter.com/%s/status/%s
https://www.vungle.com/privacy/
https://www.vungle.com/privacy/
http://lol.vungle.com/
https://api.vungle.com/
https://ads.api.vungle.com/config
https://api.crittercism.com
https://api.crittercism.com
https://apm.crittercism.com
https://apm.crittercism.com
https://txn.ingest.crittercism.com/api/v1/transactions
https://txn.ingest.crittercism.com/api/v1/transactions
https://appload.ingest.crittercism.com
https://appload.ingest.crittercism.com
http://www.amazon.com/gp/mas/dl/android?p=
http://www.google.com
https://e.crashlytics.com/spi/v2/events
https://settings.crashlytics.com/spi/v2/platforms/android/apps/%s/settings
http://localhost/
http://localhost/
http://localhost/

[INTERNAL_LOG][2018-06-12 01:58:16,054][INFO][find_url_in_apk()] [END ALL URL INSIDE APK]
[INTERNAL_LOG][2018-06-12 01:58:16,060][INFO][check_method_conf()] [JavaScript enabled: True]

[INTERNAL_LOG][2018-06-12 01:58:16,060][INFO][check_method_conf()] [Add interface WebView: True]

[INTERNAL_LOG][2018-06-12 01:58:16,060][INFO][analyze_start()] This app might be not vulnerable on  attack frame confusion.
[INTERNAL_LOG][2018-06-12 01:58:16,060][INFO][analyze_start()] End time:[Tue Jun 12 01:58:16 2018]
