[INTERNAL_LOG][2018-06-12 06:29:56,292][INFO][analyze_start()] Init Time [Tue Jun 12 06:29:56 2018]
[INTERNAL_LOG][2018-06-12 06:29:56,397][INFO][run()] Start Analysis
[INTERNAL_LOG][2018-06-12 06:29:56,398][INFO][is_hybird()] [Permission Enble Start]
[INTERNAL_LOG][2018-06-12 06:29:56,398][INFO][is_hybird()] android.permission.WRITE_EXTERNAL_STORAGE
[INTERNAL_LOG][2018-06-12 06:29:56,398][INFO][is_hybird()] android.permission.MOUNT_UNMOUNT_FILESYSTEMS
[INTERNAL_LOG][2018-06-12 06:29:56,398][INFO][is_hybird()] android.permission.INTERNET
[INTERNAL_LOG][2018-06-12 06:29:56,398][INFO][is_hybird()] android.permission.ACCESS_NETWORK_STATE
[INTERNAL_LOG][2018-06-12 06:29:56,398][INFO][is_hybird()] android.permission.ACCESS_WIFI_STATE
[INTERNAL_LOG][2018-06-12 06:29:56,398][INFO][is_hybird()] android.permission.MODIFY_AUDIO_SETTINGS
[INTERNAL_LOG][2018-06-12 06:29:56,398][INFO][is_hybird()] android.permission.WAKE_LOCK
[INTERNAL_LOG][2018-06-12 06:29:56,398][INFO][is_hybird()] android.permission.READ_EXTERNAL_STORAGE
[INTERNAL_LOG][2018-06-12 06:29:56,398][INFO][is_hybird()] com.google.android.c2dm.permission.RECEIVE
[INTERNAL_LOG][2018-06-12 06:29:56,398][INFO][is_hybird()] net.wargaming.wot.blitz.permission.C2D_MESSAGE
[INTERNAL_LOG][2018-06-12 06:29:56,399][INFO][is_hybird()] com.android.vending.BILLING
[INTERNAL_LOG][2018-06-12 06:29:56,399][INFO][is_hybird()] [Permission End]

[INTERNAL_LOG][2018-06-12 06:29:56,399][INFO][analyze_start()] TYPE APK: [ANDROID NATIVE]

[INTERNAL_LOG][2018-06-12 06:29:56,399][INFO][find_string()] [START FILE ANALYZE]
[INTERNAL_LOG][2018-06-12 06:29:56,399][INFO][find_string()] [END ANALYZE FILE]

[INTERNAL_LOG][2018-06-12 06:29:56,399][INFO][find_string()] [START FILE ANALYZE]
[INTERNAL_LOG][2018-06-12 06:29:56,399][INFO][find_string()] [END ANALYZE FILE]

[INTERNAL_LOG][2018-06-12 06:30:16,378][INFO][find_url_in_apk()] [START ALL URL INSIDE APK]
[INTERNAL_LOG][2018-06-12 06:30:16,378][INFO][find_url_in_apk()] http://schemas.android.com/apk/res/android
http://schemas.android.com/apk/res/android
https://sdk-services.appsflyer.com/validate-android-signature
https://t.appsflyer.com/api/v
https://events.appsflyer.com/api/v
https://register.appsflyer.com/api/v
https://validate.appsflyer.com/api/v
https://stats.appsflyer.com/stats
https://monitorsdk.appsflyer.com/remote-debug?app_id=
https://graph.%s
https://graph-video.%s
https://facebook.com
http://play.google.com/store/apps/details?id=com.facebook.orca
https://pagead2.googlesyndication.com/pagead/gen_204?id=gmob-apps
https://accounts.google.com
https://www.facebook.com
https://plus.google.com/
https://www.googleapis.com/auth/drive.file
https://www.googleapis.com/auth/drive.appdata
https://www.googleapis.com/auth/drive
https://www.googleapis.com/auth/drive.apps
https://www.googleapis.com/auth/games
https://www.googleapis.com/auth/games
https://www.googleapis.com/auth/games
https://www.googleapis.com/auth/games_lite
https://www.googleapis.com/auth/games_lite
https://www.googleapis.com/auth/games_lite
https://www.googleapis.com/auth/games.firstparty
https://www.googleapis.com/auth/games.firstparty
http://www.google-analytics.com
https://ssl.google-analytics.com
https://www.googleapis.com/auth/plus.login
https://www.googleapis.com/auth/plus.me
http://schemas.android.com/apk/lib/com.google.android.gms.plus
http://schemas.android.com/apk/lib/com.google.android.gms.plus
https://www.googletagmanager.com
http://hostname/?
http://hostname/?
https://config.unityads.unity3d.com/webview/
https://settings.crashlytics.com/spi/v2/platforms/android/apps/%s/settings
https://api.appsflyer.com/install_data/v3/
https://e.crashlytics.com/spi/v2/events

[INTERNAL_LOG][2018-06-12 06:30:16,379][INFO][find_url_in_apk()] [END ALL URL INSIDE APK]
[INTERNAL_LOG][2018-06-12 06:30:16,383][INFO][check_method_conf()] [JavaScript enabled: True]

[INTERNAL_LOG][2018-06-12 06:30:16,383][INFO][check_method_conf()] [Add interface WebView: True]

[INTERNAL_LOG][2018-06-12 06:30:16,383][INFO][analyze_start()] This app might be not vulnerable on  attack frame confusion.
[INTERNAL_LOG][2018-06-12 06:30:16,383][INFO][analyze_start()] End time:[Tue Jun 12 06:30:16 2018]
