[INTERNAL_LOG][2018-06-12 05:10:23,755][INFO][analyze_start()] Init Time [Tue Jun 12 05:10:23 2018]
[INTERNAL_LOG][2018-06-12 05:10:23,850][INFO][run()] Start Analysis
[INTERNAL_LOG][2018-06-12 05:10:23,851][INFO][is_hybird()] [Permission Enble Start]
[INTERNAL_LOG][2018-06-12 05:10:23,851][INFO][is_hybird()] android.permission.INTERNET
[INTERNAL_LOG][2018-06-12 05:10:23,851][INFO][is_hybird()] android.permission.ACCESS_NETWORK_STATE
[INTERNAL_LOG][2018-06-12 05:10:23,851][INFO][is_hybird()] android.permission.READ_PHONE_STATE
[INTERNAL_LOG][2018-06-12 05:10:23,851][INFO][is_hybird()] android.permission.WAKE_LOCK
[INTERNAL_LOG][2018-06-12 05:10:23,851][INFO][is_hybird()] android.permission.WRITE_EXTERNAL_STORAGE
[INTERNAL_LOG][2018-06-12 05:10:23,851][INFO][is_hybird()] android.permission.ACCESS_WIFI_STATE
[INTERNAL_LOG][2018-06-12 05:10:23,851][INFO][is_hybird()] com.android.vending.BILLING
[INTERNAL_LOG][2018-06-12 05:10:23,851][INFO][is_hybird()] [Permission End]

[INTERNAL_LOG][2018-06-12 05:10:23,851][INFO][analyze_start()] TYPE APK: [ANDROID NATIVE]

[INTERNAL_LOG][2018-06-12 05:10:23,851][INFO][find_string()] [START FILE ANALYZE]
[INTERNAL_LOG][2018-06-12 05:10:23,851][INFO][find_string()] File: res/raw/startga.html
[INTERNAL_LOG][2018-06-12 05:10:23,852][INFO][find_string()] No iframe in res/raw/startga.html
[INTERNAL_LOG][2018-06-12 05:10:23,853][INFO][find_string()] File: res/raw/tj_closebutton.html
[INTERNAL_LOG][2018-06-12 05:10:23,853][INFO][find_string()] No iframe in res/raw/tj_closebutton.html
[INTERNAL_LOG][2018-06-12 05:10:23,853][INFO][find_string()] File: assets/META-INF/AIR/extensions/com.adincube.sdk.extensions.AdinCubeSDKExtension/META-INF/ANE/Android-ARM/com.adincube.partner.tapjoy/raw/tj_closebutton.html
[INTERNAL_LOG][2018-06-12 05:10:23,854][INFO][find_string()] No iframe in assets/META-INF/AIR/extensions/com.adincube.sdk.extensions.AdinCubeSDKExtension/META-INF/ANE/Android-ARM/com.adincube.partner.tapjoy/raw/tj_closebutton.html
[INTERNAL_LOG][2018-06-12 05:10:23,854][INFO][find_string()] [END ANALYZE FILE]

[INTERNAL_LOG][2018-06-12 05:10:23,854][INFO][find_string()] [START FILE ANALYZE]
[INTERNAL_LOG][2018-06-12 05:10:23,854][INFO][find_string()] File: res/raw/tj_mraid.js
[INTERNAL_LOG][2018-06-12 05:10:23,856][INFO][find_string()] No iframe in res/raw/tj_mraid.js
[INTERNAL_LOG][2018-06-12 05:10:23,856][INFO][find_string()] File: assets/META-INF/AIR/extensions/com.adincube.sdk.extensions.AdinCubeSDKExtension/META-INF/ANE/Android-ARM/com.adincube.partner.tapjoy/raw/tj_mraid.js
[INTERNAL_LOG][2018-06-12 05:10:23,858][INFO][find_string()] No iframe in assets/META-INF/AIR/extensions/com.adincube.sdk.extensions.AdinCubeSDKExtension/META-INF/ANE/Android-ARM/com.adincube.partner.tapjoy/raw/tj_mraid.js
[INTERNAL_LOG][2018-06-12 05:10:23,858][INFO][find_string()] [END ANALYZE FILE]

[INTERNAL_LOG][2018-06-12 05:11:05,276][INFO][find_url_in_apk()] [START ALL URL INSIDE APK]
[INTERNAL_LOG][2018-06-12 05:11:05,276][INFO][find_url_in_apk()] https://airdownload2.adobe.com/air?
https://airdownload2.adobe.com/air?
https://adc3-launch-server-staging.herokuapp.com/v4/launch
https://adc3-launch.adcolony.com/v4/launch
https://adc3-launch.adcolony.com/v4/launch
https://wd.adcolony.com/logs
http://adincube/mraid.js
http://adincube/index.html
https://mobile.mediabrix.com/v2/manifest/
https://www.adobe.com/airgames/5/
https://www.adobe.com/airgames/4/
https://www.adobe.com/airgames/4/
https://www.adobe.com/airgames/4/
http://s3-us-west-1.amazonaws.com/gamepreview/prod/airandroid/air.properties
http://gamespace.adobe.com
https://dh8vjmvwgc27o.cloudfront.net
http://dh8vjmvwgc27o.cloudfront.net/AIRGamepad/connect_ping.txt
http://dh8vjmvwgc27o.cloudfront.net/AIRGamepad/connect_ping.txt?publisher=
https://ads.aerserv.com/as/sdk/v2/
https://ads.aerserv.com/as/sdk/v2/
https://ads.aerserv.com/as/sdk/v2/
https://ads.aerserv.com/as/sdk/v2/
https://staging.ads.aerserv.com/as/sdk/v2/
https://staging.ads.aerserv.com/as/sdk/v2/
https://dmp.aerserv.com/update
https://ads.aerserv.com/as/sdk/configure/
https://debug.aerserv.com/sybok/analytics
https://debug.aerserv.com/sybok/
https://d3tplke66d0j4g.cloudfront.net/sdk-vpaid/0.3/VPAID.html
https://d3tplke66d0j4g.cloudfront.net/sdk-vpaid/0.3/VPAID.js
https://d3tplke66d0j4g.cloudfront.net/sdk-vpaid/0.3/VPAIDBridge.js
https://d3tplke66d0j4g.cloudfront.net/img/poster.gif
http://mads.amazon-adsystem.com/
http://schemas.android.com/apk/lib/com.amazon.device.ads
http://schemas.android.com/apk/res/
https://dwxjayoxbnyrr.cloudfront.net/amazon-ads.viewablejs
http://amazon-adsystem.com
http://schemas.applovin.com/android/1.0
http://schemas.applovin.com/android/1.0
https://d.applovin.com/
https://a.applovin.com/
https://rt.applovin.com/med
https://rt.applovin.com/pix
https://d.applvn.com/
https://a.applvn.com/
https://rt.applvn.com/pix
https://vid.applovin.com/,https://pdn.applovin.com/,https://img.applovin.com/,https://d.applovin.com/,https://assets.applovin.com/,https://cdnjs.cloudflare.com/,http://vid.applovin.com/,http://pdn.applovin.com/,http://img.applovin.com/,http://d.applovin.com/,http://assets.applovin.com/,http://cdnjs.cloudflare.com/
https://www.fqtag.com/pixel.cgi?org=TkBXEI5C3FBIr4zXwnmK&p=
https://www.fqtag.com/pixel.cgi?org=TkBXEI5C3FBIr4zXwnmK&p=
https://www.fqtag.com/pixel.cgi?org=TkBXEI5C3FBIr4zXwnmK&p=
https://admin.appnext.com/adminService.asmx/SetRewards
http://www.appnext.com/myid.html
http://www.appnext.com/myid.html
http://www.appnext.com/myid.html
http://www.appnext.com/myid.html
https://www.appnext.com/privacy_policy/index.html?z=
https://www.appnext.com/privacy_policy/index.html?z=
https://admin.appnext.com/AdminService.asmx/checkA?z=
https://admin.appnext.com/AdminService.asmx/checkA?z=
https://admin.appnext.com/AdminService.asmx/checkA?z=
https://global.appnext.com
https://global.appnext.com
https://global.appnext.com
http://appnext.hs.llnwd.net/tools/sdk/config/2.2.1
http://appnext.hs.llnwd.net/tools/sdk/config/2.2.1
http://appnext.hs.llnwd.net/tools/sdk/config/2.2.1/fullscreen_config.txt
http://appnext.hs.llnwd.net/tools/sdk/config/2.2.1/rewarded_config.txt
https://appnext.hs.llnwd.net/tools/sdk/interstitial/v68/script.min.js
http://appnext.hs.llnwd.net/tools/sdk/config/2.2.1/interstitial_config.txt
http://appnext.hs.llnwd.net/tools/sdk/config/2.2.1/banner_config.txt
https://admin.appnext.com/AdminService.asmx/SetRL?guid=
https://admin.appnext.com/AdminService.asmx/SetRL?guid=
https://admin.appnext.com/AdminService.asmx/SetRL?guid=
https://api.appnxt.net
http://appnext.hs.llnwd.net/tools/services/4.6.4/config.json?packageId=
http://appnext.hs.llnwd.net/tools/services/4.6.4/plist.zip
https://admin.appnext.com/AdminService.asmx/SetOpenV1
https://admin.appnext.com/AdminService.asmx/SetOpenV1
https://admin.appnext.com/tools/navtac.html?bid=
https://play.google.com/store/apps/
https://admin.appnext.com/AdminService.asmx/
https://admin.appnext.com/tp12.aspx?tid=%s&vid=%s&osid=%s&auid=%s&session_id=%s&pid=%s&ref=%s&ads_type=%s&bid=%s&cid=%s
https://appnext.hs.llnwd.net/banner/appnext.mp4
https://live.chartboost.com
http://market.android.com/
https://www.facebook.com/audience_network/server_side_reward
https://www.%s.facebook.com/audience_network/server_side_reward
http://play.google.com/store/apps/
https://www.facebook.com/
https://www.%s.facebook.com
https://graph.facebook.com/network_ads_common
https://graph.%s.facebook.com/network_ads_common
https://www.facebook.com/adnw_logging/
https://www.%s.facebook.com/adnw_logging/
http://www.facebook.com
http://schemas.microsoft.com/DRM/2007/03/protocols/AcquireLicense
http://www.w3.org/ns/ttml#parameter
https://pagead2.googlesyndication.com/pagead/gen_204?id=gmob-apps
https://www.googleapis.com/auth/games
https://plus.google.com/
https://pagead2.googlesyndication.com/pagead/gen_204
http://www.google.com
https://support.google.com/dfp_premium/answer/7160685#push
http://www.example.com
http://www.example.com
https://googleads.g.doubleclick.net/mads/static/mad/sdk/native/sdk-core-v40.html
https://googleads.g.doubleclick.net/mads/static/mad/sdk/native/mraid/v2/mraid_app_banner.js
https://googleads.g.doubleclick.net/mads/static/mad/sdk/native/mraid/v2/mraid_app_expanded_banner.js
https://googleads.g.doubleclick.net/mads/static/mad/sdk/native/mraid/v2/mraid_app_interstitial.js
https://csi.gstatic.com/csi
https://googleads.g.doubleclick.net/mads/static/mad/sdk/native/native_ads.html
https://imasdk.googleapis.com/admob/sdkloader/native_video.html
https://www.google.com/dfp/linkDevice
https://www.google.com/dfp/inAppPreview
https://www.google.com/dfp/debugSignals
https://www.google.com/dfp/sendDebugData
https://z.moatads.com/
https://z.moatads.com/
https://z.moatads.com/
https://analytics.mopub.com/i/jot/exchange_client_event
https://twitter.com/%s/status/%s
https://www.vungle.com/privacy/
https://www.vungle.com/privacy/
http://lol.vungle.com/
https://api.vungle.com/
https://ads.api.vungle.com/config
http://schemas.android.com/apk/res/android
http://play.google.com/store/apps/details?id=
https://ws.tapjoyads.com/
https://ws.tapjoyads.com/
https://ws.tapjoyads.com/
https://rpc.tapjoy.com/
https://rpc.tapjoy.com/
https://connect.tapjoy.com/
https://connect.tapjoy.com/
https://placements.tapjoy.com/
https://config.unityads.unity3d.com/webview/
http://localhost/
http://localhost/
http://localhost/

[INTERNAL_LOG][2018-06-12 05:11:05,276][INFO][find_url_in_apk()] [END ALL URL INSIDE APK]
[INTERNAL_LOG][2018-06-12 05:11:05,281][INFO][check_method_conf()] [JavaScript enabled: True]

[INTERNAL_LOG][2018-06-12 05:11:05,281][INFO][check_method_conf()] [Add interface WebView: True]

[INTERNAL_LOG][2018-06-12 05:11:05,281][INFO][analyze_start()] This app might be not vulnerable on  attack frame confusion.
[INTERNAL_LOG][2018-06-12 05:11:05,281][INFO][analyze_start()] End time:[Tue Jun 12 05:11:05 2018]
