[INTERNAL_LOG][2018-06-12 09:31:55,588][INFO][analyze_start()] Init Time [Tue Jun 12 09:31:55 2018]
[INTERNAL_LOG][2018-06-12 09:31:55,743][INFO][run()] Start Analysis
[INTERNAL_LOG][2018-06-12 09:31:55,745][INFO][is_hybird()] [Permission Enble Start]
[INTERNAL_LOG][2018-06-12 09:31:55,745][INFO][is_hybird()] android.permission.AUTHENTICATE_ACCOUNTS
[INTERNAL_LOG][2018-06-12 09:31:55,745][INFO][is_hybird()] android.permission.MANAGE_ACCOUNTS
[INTERNAL_LOG][2018-06-12 09:31:55,745][INFO][is_hybird()] android.permission.WRITE_SYNC_SETTINGS
[INTERNAL_LOG][2018-06-12 09:31:55,745][INFO][is_hybird()] android.permission.READ_SYNC_SETTINGS
[INTERNAL_LOG][2018-06-12 09:31:55,745][INFO][is_hybird()] com.google.android.providers.gsf.permission.READ_GSERVICES
[INTERNAL_LOG][2018-06-12 09:31:55,745][INFO][is_hybird()] android.permission.RECEIVE_SMS
[INTERNAL_LOG][2018-06-12 09:31:55,745][INFO][is_hybird()] android.permission.READ_SMS
[INTERNAL_LOG][2018-06-12 09:31:55,745][INFO][is_hybird()] android.permission.READ_CONTACTS
[INTERNAL_LOG][2018-06-12 09:31:55,745][INFO][is_hybird()] android.permission.WRITE_CONTACTS
[INTERNAL_LOG][2018-06-12 09:31:55,745][INFO][is_hybird()] android.permission.VIBRATE
[INTERNAL_LOG][2018-06-12 09:31:55,745][INFO][is_hybird()] android.permission.ACCESS_COARSE_LOCATION
[INTERNAL_LOG][2018-06-12 09:31:55,745][INFO][is_hybird()] android.permission.INTERNET
[INTERNAL_LOG][2018-06-12 09:31:55,746][INFO][is_hybird()] android.permission.SET_WALLPAPER
[INTERNAL_LOG][2018-06-12 09:31:55,746][INFO][is_hybird()] android.permission.READ_PHONE_STATE
[INTERNAL_LOG][2018-06-12 09:31:55,746][INFO][is_hybird()] android.permission.CALL_PHONE
[INTERNAL_LOG][2018-06-12 09:31:55,746][INFO][is_hybird()] android.permission.READ_EXTERNAL_STORAGE
[INTERNAL_LOG][2018-06-12 09:31:55,746][INFO][is_hybird()] android.permission.WRITE_EXTERNAL_STORAGE
[INTERNAL_LOG][2018-06-12 09:31:55,746][INFO][is_hybird()] android.permission.ACCESS_FINE_LOCATION
[INTERNAL_LOG][2018-06-12 09:31:55,746][INFO][is_hybird()] android.permission.MOUNT_UNMOUNT_FILESYSTEMS
[INTERNAL_LOG][2018-06-12 09:31:55,746][INFO][is_hybird()] android.permission.ACCESS_NETWORK_STATE
[INTERNAL_LOG][2018-06-12 09:31:55,746][INFO][is_hybird()] android.permission.CAMERA
[INTERNAL_LOG][2018-06-12 09:31:55,746][INFO][is_hybird()] android.permission.ACCESS_WIFI_STATE
[INTERNAL_LOG][2018-06-12 09:31:55,746][INFO][is_hybird()] com.android.launcher.permission.INSTALL_SHORTCUT
[INTERNAL_LOG][2018-06-12 09:31:55,746][INFO][is_hybird()] android.permission.GET_TASKS
[INTERNAL_LOG][2018-06-12 09:31:55,746][INFO][is_hybird()] android.permission.RECEIVE_BOOT_COMPLETED
[INTERNAL_LOG][2018-06-12 09:31:55,746][INFO][is_hybird()] android.permission.WAKE_LOCK
[INTERNAL_LOG][2018-06-12 09:31:55,746][INFO][is_hybird()] android.permission.WRITE_SETTINGS
[INTERNAL_LOG][2018-06-12 09:31:55,746][INFO][is_hybird()] android.permission.RECORD_AUDIO
[INTERNAL_LOG][2018-06-12 09:31:55,746][INFO][is_hybird()] android.permission.MODIFY_AUDIO_SETTINGS
[INTERNAL_LOG][2018-06-12 09:31:55,746][INFO][is_hybird()] android.permission.DISABLE_KEYGUARD
[INTERNAL_LOG][2018-06-12 09:31:55,746][INFO][is_hybird()] android.permission.BLUETOOTH
[INTERNAL_LOG][2018-06-12 09:31:55,746][INFO][is_hybird()] android.permission.BROADCAST_STICKY
[INTERNAL_LOG][2018-06-12 09:31:55,746][INFO][is_hybird()] android.permission.READ_PROFILE
[INTERNAL_LOG][2018-06-12 09:31:55,747][INFO][is_hybird()] android.permission.DEVICE_POWER
[INTERNAL_LOG][2018-06-12 09:31:55,747][INFO][is_hybird()] com.zing.zalo.permission.BIND_ZALO_SERVICE
[INTERNAL_LOG][2018-06-12 09:31:55,747][INFO][is_hybird()] zing.zalo.permission.ZALO_SERVICE
[INTERNAL_LOG][2018-06-12 09:31:55,747][INFO][is_hybird()] android.permission.GET_ACCOUNTS
[INTERNAL_LOG][2018-06-12 09:31:55,747][INFO][is_hybird()] android.permission.FLASHLIGHT
[INTERNAL_LOG][2018-06-12 09:31:55,747][INFO][is_hybird()] android.permission.SYSTEM_ALERT_WINDOW
[INTERNAL_LOG][2018-06-12 09:31:55,747][INFO][is_hybird()] com.huawei.android.launcher.permission.CHANGE_BADGE
[INTERNAL_LOG][2018-06-12 09:31:55,747][INFO][is_hybird()] com.sonymobile.home.permission.PROVIDER_INSERT_BADGE
[INTERNAL_LOG][2018-06-12 09:31:55,747][INFO][is_hybird()] com.anddoes.launcher.permission.UPDATE_COUNT
[INTERNAL_LOG][2018-06-12 09:31:55,747][INFO][is_hybird()] com.majeur.launcher.permission.UPDATE_BADGE
[INTERNAL_LOG][2018-06-12 09:31:55,747][INFO][is_hybird()] android.permission.READ_APP_BADGE
[INTERNAL_LOG][2018-06-12 09:31:55,747][INFO][is_hybird()] com.google.android.finsky.permission.BIND_GET_INSTALL_REFERRER_SERVICE
[INTERNAL_LOG][2018-06-12 09:31:55,747][INFO][is_hybird()] com.google.android.c2dm.permission.RECEIVE
[INTERNAL_LOG][2018-06-12 09:31:55,747][INFO][is_hybird()] com.zing.zalo.permission.C2D_MESSAGE
[INTERNAL_LOG][2018-06-12 09:31:55,747][INFO][is_hybird()] [Permission End]

[INTERNAL_LOG][2018-06-12 09:31:55,747][INFO][analyze_start()] TYPE APK: [ANDROID NATIVE]

[INTERNAL_LOG][2018-06-12 09:31:55,747][INFO][find_string()] [START FILE ANALYZE]
[INTERNAL_LOG][2018-06-12 09:31:55,747][INFO][find_string()] File: assets/startpage/start.html
[INTERNAL_LOG][2018-06-12 09:31:55,748][INFO][find_string()] No iframe in assets/startpage/start.html
[INTERNAL_LOG][2018-06-12 09:31:55,749][INFO][find_string()] File: assets/startpage/start_bookmarks.html
[INTERNAL_LOG][2018-06-12 09:31:55,749][INFO][find_string()] No iframe in assets/startpage/start_bookmarks.html
[INTERNAL_LOG][2018-06-12 09:31:55,749][INFO][find_string()] File: assets/startpage/start_history.html
[INTERNAL_LOG][2018-06-12 09:31:55,750][INFO][find_string()] No iframe in assets/startpage/start_history.html
[INTERNAL_LOG][2018-06-12 09:31:55,750][INFO][find_string()] File: assets/startpage/start_search.html
[INTERNAL_LOG][2018-06-12 09:31:55,751][INFO][find_string()] No iframe in assets/startpage/start_search.html
[INTERNAL_LOG][2018-06-12 09:31:55,751][INFO][find_string()] File: assets/vietnamairline/vietnamair.html
[INTERNAL_LOG][2018-06-12 09:31:55,752][INFO][find_string()] No iframe in assets/vietnamairline/vietnamair.html
[INTERNAL_LOG][2018-06-12 09:31:55,753][INFO][find_string()] File: assets/www/error.html
[INTERNAL_LOG][2018-06-12 09:31:55,812][INFO][find_string()] No iframe in assets/www/error.html
[INTERNAL_LOG][2018-06-12 09:31:55,819][INFO][find_string()] [END ANALYZE FILE]

[INTERNAL_LOG][2018-06-12 09:31:55,819][INFO][find_string()] [START FILE ANALYZE]
[INTERNAL_LOG][2018-06-12 09:31:55,819][INFO][find_string()] File: assets/www/js/error.js
[INTERNAL_LOG][2018-06-12 09:31:55,821][INFO][find_string()] No iframe in assets/www/js/error.js
[INTERNAL_LOG][2018-06-12 09:31:55,821][INFO][find_string()] [END ANALYZE FILE]

[INTERNAL_LOG][2018-06-12 09:32:51,479][INFO][find_url_in_apk()] [START ALL URL INSIDE APK]
[INTERNAL_LOG][2018-06-12 09:32:51,479][INFO][find_url_in_apk()] http://www.example.com
https://graph.facebook.com
https://graph.%s
https://graph-video.%s
https://facebook.com
https://pagead2.googlesyndication.com/pagead/gen_204?id=gmob-apps
https://qos-trk-install.zaloapp.com/trk
https://www.googleapis.com/auth/games_lite
https://www.googleapis.com/auth/games
https://accounts.google.com/o/oauth2/revoke?token=
https://plus.google.com/
https://app-measurement.com/a
https://www.google.com
http://xmlpull.org/v1/doc/features.html#process-namespaces
http://xmlpull.org/v1/doc/features.html#process-namespaces
http://zaloapp.com/dl/resource
http://zaloapp.com/zalo/tinhnang.html
http://zaloapp.com/zalo/huongdan.html
http://m.facebook.com/zaloapp
http://zaloapp.com
http://zaloapp.com/zalo/dieukhoan
http://zaloapp.com/pc/m
http://qos.talk.zing.vn/api/qos/uploadcalllog
https://www.googleapis.com/drive/v3/files
https://www.googleapis.com/drive/v3/files
https://www.googleapis.com/drive/v3/files
https://www.googleapis.com/drive/v3/files
https://www.googleapis.com/drive/v3/files/
https://www.googleapis.com/drive/v3/files/
https://www.googleapis.com/upload/drive/v3/files?uploadType=multipart
https://res-zalo.zadn.vn/upload/media/2018/4/19/ava_stranger_1524105999293.png
https://res-zalo.zadn.vn/upload/media/2018/4/19/ava_stranger_1524105999293.png
https://srv.mp3.zing.vn/zdl/
https://srv.mp3.zing.vn/zdl/
https://zaloapp.com/zdl/
https://zaloapp.com/zdl/
https://mp3.zing.vn/zdl/
https://mp3.zing.vn/zdl/
https://news.zing.vn/zdl/
https://news.zing.vn/zdl/
https://n.zing.vn/zdl/
https://n.zing.vn/zdl/
http://talk.m.zing.vn
https://tapi.m.zing.vn
http://api.zaloapp.com
http://register.talk.m.zing.vn
http://photo.talk.zing.vn
https://oauth.zaloapp.com
http://vip.zaloapp.com
http://friend.talk.zing.vn
http://api.talk.zing.vn
http://failover.zaloapp.com
https://register.talk.m.zing.vn
https://friend.talk.zing.vn
http://zalo.m.zing.vn
https://auth.zaloapp.com
http://me.talk.zing.vn
http://draw.talk.m.zing.vn
http://bg.avatar.talk.zdn.vn
http://res.conf.zaloapp.com
http://stickers.zaloapp.com
https://bkmsg-talk.zaloapp.com
https://group.api.zalo.me
https://qos-talk.zaloapp.com
https://getpage-api.zalo.me
https://setting-api.zalo.me
https://log.api.zaloapp.com
https://broadcast.api.zaloapp.com
https://alias.api.zalo.me
https://calendar.api.zaloapp.com
https://translation.googleapis.com
https://zalo.me/pc/alias
http://connectivitycheck.gstatic.com/generate_204
http://connectivitycheck.gstatic.com/generate_204
http://log.api.zaloapp.com/qos/firebase
http://log.api.zaloapp.com/tracking
http://s120.ava.grp.talk.zdn.vn/default
http://qos.talk.zing.vn/api/qos/uploadv2
http://qos.talk.zing.vn/api/qos/uploadv2
https://centralized.zaloapp.com
https://centralized.zaloapp.com/id/mobile/android
http://127.0.0.1:
http://127.0.0.1:
https://www.googleapis.com/oauth2/v1/userinfo?access_token=
https://play.google.com/store/apps/details?id=
https://play.google.com/store/apps/details?id=
https://id.zalo.me/account/login/native/get-login-url
http://foursquare.com/v/
http://www.facebook.com/appcenter/198235073635027
http://stc.mobile.zdn.vn/zalo/logo_zaloapp_fb.png
http://www.w3.org/1999/xlink
http://www.w3.org/1999/xlink
http://www.w3.org/1999/xlink
http://www.w3.org/1999/xlink
http://www.w3.org/1999/xlink
http://www.w3.org/1999/xlink
http://www.w3.org/TR/SVG11/feature#
http://www.w3.org/2000/svg
http://www.w3.org/2000/svg
http://xml.org/sax/properties/lexical-handler
https://maps.google.com/maps?z=16&q=
http://file.m.zing.vn/doodle
https://res-zalo.zadn.vn/upload/media/2017/9/12/ava_ketnoi_shop_1505217304771.png
https://res-zalo.zadn.vn/upload/media/2017/9/12/ava_ketnoi_sticker_1505217213020.png
https://res-zalo.zadn.vn/upload/media/2017/9/12/ava_ketnoi_game_1505217107421.png
https://res-zalo.zadn.vn/upload/media/2017/9/12/ava_channel_1505216919678.png
http://www.google.com/search?ie=UTF-8&sourceid=navclient&gfns=1&q=%s
http://en.wikipedia.org/w/index.php?search=%s&go=Go
http://www.youtube.com/api/manifest/dash
https://qos-talk.zaloapp.com/api/qos/uploadtestlog
https://e.crashlytics.com/spi/v2/events
https://settings.crashlytics.com/spi/v2/platforms/android/apps/%s/settings
http://qos.talk.zing.vn/api/qos/uploadexlog

[INTERNAL_LOG][2018-06-12 09:32:51,479][INFO][find_url_in_apk()] [END ALL URL INSIDE APK]
[INTERNAL_LOG][2018-06-12 09:32:51,485][INFO][check_method_conf()] [JavaScript enabled: True]

[INTERNAL_LOG][2018-06-12 09:32:51,485][INFO][check_method_conf()] [Add interface WebView: True]

[INTERNAL_LOG][2018-06-12 09:32:51,485][INFO][analyze_start()] This app might be not vulnerable on  attack frame confusion.
[INTERNAL_LOG][2018-06-12 09:32:51,485][INFO][analyze_start()] End time:[Tue Jun 12 09:32:51 2018]
