[INTERNAL_LOG][2018-06-12 01:56:03,384][INFO][analyze_start()] Init Time [Tue Jun 12 01:56:03 2018]
[INTERNAL_LOG][2018-06-12 01:56:03,408][INFO][run()] Start Analysis
[INTERNAL_LOG][2018-06-12 01:56:03,408][INFO][is_hybird()] [Permission Enble Start]
[INTERNAL_LOG][2018-06-12 01:56:03,408][INFO][is_hybird()] android.permission.READ_EXTERNAL_STORAGE
[INTERNAL_LOG][2018-06-12 01:56:03,408][INFO][is_hybird()] android.permission.WRITE_EXTERNAL_STORAGE
[INTERNAL_LOG][2018-06-12 01:56:03,408][INFO][is_hybird()] android.permission.GET_TASKS
[INTERNAL_LOG][2018-06-12 01:56:03,409][INFO][is_hybird()] android.permission.READ_PHONE_STATE
[INTERNAL_LOG][2018-06-12 01:56:03,409][INFO][is_hybird()] android.permission.INTERNET
[INTERNAL_LOG][2018-06-12 01:56:03,409][INFO][is_hybird()] android.permission.ACCESS_NETWORK_STATE
[INTERNAL_LOG][2018-06-12 01:56:03,409][INFO][is_hybird()] android.permission.CAMERA
[INTERNAL_LOG][2018-06-12 01:56:03,409][INFO][is_hybird()] [Permission End]

[INTERNAL_LOG][2018-06-12 01:56:03,409][INFO][analyze_start()] TYPE APK: [ANDROID NATIVE]

[INTERNAL_LOG][2018-06-12 01:56:03,409][INFO][find_string()] [START FILE ANALYZE]
[INTERNAL_LOG][2018-06-12 01:56:03,409][INFO][find_string()] [END ANALYZE FILE]

[INTERNAL_LOG][2018-06-12 01:56:03,409][INFO][find_string()] [START FILE ANALYZE]
[INTERNAL_LOG][2018-06-12 01:56:03,409][INFO][find_string()] [END ANALYZE FILE]

[INTERNAL_LOG][2018-06-12 01:56:10,523][INFO][check_method_conf()] [JavaScript enabled: False]

[INTERNAL_LOG][2018-06-12 01:56:10,523][INFO][check_method_conf()] [Add interface WebView: False]

[INTERNAL_LOG][2018-06-12 01:56:10,523][INFO][analyze_start()] This app might be not vulnerable on  attack frame confusion.
[INTERNAL_LOG][2018-06-12 01:56:10,523][INFO][analyze_start()] End time:[Tue Jun 12 01:56:10 2018]
