[INTERNAL_LOG][2018-06-12 05:47:44,991][INFO][analyze_start()] Init Time [Tue Jun 12 05:47:44 2018]
[INTERNAL_LOG][2018-06-12 05:47:45,044][INFO][run()] Start Analysis
[INTERNAL_LOG][2018-06-12 05:47:45,044][INFO][is_hybird()] [Permission Enble Start]
[INTERNAL_LOG][2018-06-12 05:47:45,045][INFO][is_hybird()] android.permission.ACCESS_NETWORK_STATE
[INTERNAL_LOG][2018-06-12 05:47:45,045][INFO][is_hybird()] android.permission.INTERNET
[INTERNAL_LOG][2018-06-12 05:47:45,045][INFO][is_hybird()] android.permission.WRITE_EXTERNAL_STORAGE
[INTERNAL_LOG][2018-06-12 05:47:45,045][INFO][is_hybird()] android.permission.ACCESS_WIFI_STATE
[INTERNAL_LOG][2018-06-12 05:47:45,045][INFO][is_hybird()] android.permission.WAKE_LOCK
[INTERNAL_LOG][2018-06-12 05:47:45,045][INFO][is_hybird()] android.permission.READ_PHONE_STATE
[INTERNAL_LOG][2018-06-12 05:47:45,045][INFO][is_hybird()] android.permission.GET_ACCOUNTS
[INTERNAL_LOG][2018-06-12 05:47:45,045][INFO][is_hybird()] com.google.android.c2dm.permission.RECEIVE
[INTERNAL_LOG][2018-06-12 05:47:45,045][INFO][is_hybird()] com.linktomorrow.windrunner.permission.C2D_MESSAGE
[INTERNAL_LOG][2018-06-12 05:47:45,045][INFO][is_hybird()] com.android.vending.BILLING
[INTERNAL_LOG][2018-06-12 05:47:45,045][INFO][is_hybird()] android.permission.READ_EXTERNAL_STORAGE
[INTERNAL_LOG][2018-06-12 05:47:45,045][INFO][is_hybird()] [Permission End]

[INTERNAL_LOG][2018-06-12 05:47:45,045][INFO][analyze_start()] TYPE APK: [ANDROID NATIVE]

[INTERNAL_LOG][2018-06-12 05:47:45,045][INFO][find_string()] [START FILE ANALYZE]
[INTERNAL_LOG][2018-06-12 05:47:45,045][INFO][find_string()] [END ANALYZE FILE]

[INTERNAL_LOG][2018-06-12 05:47:45,045][INFO][find_string()] [START FILE ANALYZE]
[INTERNAL_LOG][2018-06-12 05:47:45,045][INFO][find_string()] [END ANALYZE FILE]

[INTERNAL_LOG][2018-06-12 05:48:00,373][INFO][find_url_in_apk()] [START ALL URL INSIDE APK]
[INTERNAL_LOG][2018-06-12 05:48:00,373][INFO][find_url_in_apk()] https://cp.pushwoosh.com/json/1.3/getNearestZone
https://cp.pushwoosh.com/json/1.3/pushStat
https://cp.pushwoosh.com/json/1.3/setTags
https://cp.pushwoosh.com/json/1.3/
https://m.facebook.com/dialog/
https://graph.facebook.com/
https://api.facebook.com/restserver.php
https://graph.facebook.com/%s/picture
https://graph.%s
https://graph-video.%s
https://facebook.com
http://m.tstore.co.kr/userpoc/mobile/policy.html
http://m.tstore.co.kr/userpoc/mobile/cashInfo.html
http://m.tstore.co.kr/userpoc/mobile/information.html
http://schemas.android.com/apk/res/android
http://referrer.ad-brix.com?
http://api.ad-brix.com/v1/
http://api.ad-brix.com/v1/
http://api2.ad-brix.com/v1/
http://staging.igaworks.com/adpopcorn/2/api/mobile/mobileservice.svc/
http://live.adbrix.igaworks.com/adpopcorn/2/api/mobile/mobileservice.svc/
http://static.adbrix.igaworks.com/adbrix_res/sdk_res/goods/title_03_large.png
http://static.adbrix.igaworks.com/adbrix_res/sdk_res/goods/title_03_large.png
http://static.adbrix.igaworks.com/adbrix_res/sdk_res/goods/title_02_large.png
http://static.adbrix.igaworks.com/adbrix_res/sdk_res/goods/title_02_large.png
http://live.adbrix.igaworks.com/adpopcorn/2/api/mobile/mobileservice.svc/GetPromotingCPIInfoByEncodedQuery
http://staging.igaworks.com/adpopcorn/2/api/mobile/mobileservice.svc/GetPromotingCPIInfoByEncodedQuery
http://live.adbrix.igaworks.com/adpopcorn/2/api/mobile/mobileservice.svc/GetPromotingCPITrackingURLByEncodedQuery
http://staging.igaworks.com/adpopcorn/2/api/mobile/mobileservice.svc/GetPromotingCPITrackingURLByEncodedQuery
http://static.adbrix.igaworks.com/adbrix_res/sdk_res/goods/anipang/title_02.png
http://static.adbrix.igaworks.com/adbrix_res/sdk_res/goods/anipang/title_02.png
http://static.adbrix.igaworks.com/adbrix_res/sdk_res/goods/anipang/btn_no_normal.png
http://static.adbrix.igaworks.com/adbrix_res/sdk_res/goods/anipang/btn_text03.png
http://static.adbrix.igaworks.com/adbrix_res/sdk_res/goods/anipang/btn_yes_normal.png
http://static.adbrix.igaworks.com/adbrix_res/sdk_res/goods/anipang/btn_text04.png
http://static.adbrix.igaworks.com/adbrix_res/sdk_res/goods/anipang/popup_small_bg.png
http://static.adbrix.igaworks.com/adbrix_res/sdk_res/goods/anipang/popup_small_bg.png
http://static.adbrix.igaworks.com/adbrix_res/sdk_res/goods/anipang/btn_close.png
http://static.adbrix.igaworks.com/adbrix_res/sdk_res/goods/anipang/btn_close.png
http://static.adbrix.igaworks.com/adbrix_res/sdk_res/goods/anipang/btn_close.png
http://static.adbrix.igaworks.com/adbrix_res/sdk_res/goods/anipang/btn_big02.png
http://static.adbrix.igaworks.com/adbrix_res/sdk_res/goods/anipang/btn_text02.png
http://static.adbrix.igaworks.com/adbrix_res/sdk_res/goods/anipang/popup_big_bg.png
http://static.adbrix.igaworks.com/adbrix_res/sdk_res/goods/anipang/btn_small.png
http://static.adbrix.igaworks.com/adbrix_res/sdk_res/goods/anipang/btn_text01.png
http://static.adbrix.igaworks.com/adbrix_res/sdk_res/goods/title_04.png
http://static.adbrix.igaworks.com/adbrix_res/sdk_res/goods/btn_default_02.png
http://static.adbrix.igaworks.com/adbrix_res/sdk_res/goods/btn_close_large.png
http://static.adbrix.igaworks.com/adbrix_res/sdk_res/goods/btn_close_large.png
http://static.adbrix.igaworks.com/adbrix_res/sdk_res/goods/btn_default_large.png
http://static.adbrix.igaworks.com/adbrix_res/sdk_res/goods/btn_default_large.png
http://static.adbrix.igaworks.com/adbrix_res/sdk_res/goods/btn_default_large.png
http://static.adbrix.igaworks.com/adbrix_res/sdk_res/goods/img_cover.png
http://static.adbrix.igaworks.com/adbrix_res/sdk_res/goods/img_sorry_large.png
http://static.adbrix.igaworks.com/adbrix_res/sdk_res/goods/img_email_input_large.png
http://static.adbrix.igaworks.com/adbrix_res/sdk_res/goods/btn_send_large.png
http://static.adbrix.igaworks.com/adbrix_res/sdk_res/goods/anipang/title_00.png
http://static.adbrix.igaworks.com/adbrix_res/sdk_res/goods/title_01_large.png
http://static.adbrix.igaworks.com/adbrix_res/sdk_res/play_bt_circle.png
http://static.adbrix.igaworks.com/adbrix_res/sdk_res/popup_close_bt.png
http://static.adbrix.igaworks.com/adbrix_res/sdk_res/mission_check_off.png
http://static.adbrix.igaworks.com/adbrix_res/sdk_res/mission_check_on.png
http://static.adbrix.igaworks.com/adbrix_res/sdk_res/bg_pt.png
http://static.adbrix.igaworks.com/adbrix_res/sdk_res/app_select_arrow.png
http://static.adbrix.igaworks.com/adbrix_res/sdk_res/img_slide_left.png
http://static.adbrix.igaworks.com/adbrix_res/sdk_res/img_slide_right.png
http://static.adbrix.igaworks.com/adbrix_res/sdk_res/play_bt_square.png
http://static.adbrix.igaworks.com/adbrix_res/sdk_res/step_arrow.png
http://static.adbrix.igaworks.com/adbrix_res/sdk_res/viral/cpi_dialog_check_pressed.png
http://static.adbrix.igaworks.com/adbrix_res/sdk_res/viral/cpi_dialog_check_normal.png
http://static.adbrix.igaworks.com/adbrix_res/sdk_res/viral/cpi_dialog_check_normal.png
http://static.adbrix.igaworks.com/adbrix_res/sdk_res/viral/cpi_dialog_box_01_new.png
http://static.adbrix.igaworks.com/adbrix_res/sdk_res/viral/cpi_dialog_box_01_land_new.png
http://static.adbrix.igaworks.com/adbrix_res/sdk_res/viral/cpi_dialog_box_02.png
http://static.adbrix.igaworks.com/adbrix_res/sdk_res/viral/cpi_dialog_box_01_land.png
http://static.adbrix.igaworks.com/adbrix_res/sdk_res/viral/ic_message.png
http://static.adbrix.igaworks.com/adbrix_res/sdk_res/viral/ic_share.png
http://terms-zinny3.game.kakao.com/agreement/form?
https://api.kakao.com/v1
https://alpha-api.kakao.com/v1
https://sandbox-api.kakao.com/v1
https://beta-api.kakao.com/v1
https://auth.kakao.com
https://alpha-auth.kakao.com
https://sandbox-auth.kakao.com
https://beta-auth.kakao.com
https://gameapi.kakao.com
https://alpha-gameapi.kakao.com
https://sandbox-gameapi.kakao.com
https://beta-gameapi.kakao.com
http://gc.kakaocdn.net/dn
http://alpha-api1-kage.kakao.com/dn
https://up.api1.kage.kakao.com
https://vega001.kr.iwilab.com
https://up-m-story.kakao.com
http://alpha-api1-kage.kakao.com
https://sandbox-api-up-m-story.kakao.com
http://api-playgame.kakao.com/v1
http://alpha-api-playgame.kakao.com/v1
http://beta-api-playgame.kakao.com/v1
https://openapi-zinny3.game.kakao.com/service/membership/legacy/join
https://openapi-zinny3.game.kakao.com/service/membership/legacy/setAgreement
https://openapi-zinny3.game.kakao.com/service/membership/legacy/getAgreement
https://openapi-zinny3.game.kakao.com
https://auth.kakao.com/apps/client_setting.html
http://adimg3.search.naver.net/mobilejs/mobilead_sdk_min.js
http://web.teledit.com/Danal/Notice/help/samsung/yak.html
http://hub-odc.samsungapps.com/ods.as
http://market.android.com/
https://market.android.com/
http://play.google.com/store/apps/
https://play.google.com/store/apps/
http://ap.tnkfactory.com/tnk/vdo/
http://ap.tnkfactory.com/tnk/.ad
http://api.tnkfactory.com/tnk/.ad
http://www.tnkfactory.com/tnk/sdk/privacy_policy_en.txt
http://www.tnkfactory.com/tnk/sdk/privacy_policy_ja.txt
http://www.tnkfactory.com/tnk/sdk/privacy_policy_ko.txt
http://www.tnkfactory.com/tnk/support.help.main?appid=
http://cashslide.co.kr/click_infos_sdk
http://cashslide.co.kr/click_infos_sdk

[INTERNAL_LOG][2018-06-12 05:48:00,373][INFO][find_url_in_apk()] [END ALL URL INSIDE APK]
[INTERNAL_LOG][2018-06-12 05:48:00,378][INFO][check_method_conf()] [JavaScript enabled: True]

[INTERNAL_LOG][2018-06-12 05:48:00,378][INFO][check_method_conf()] [Add interface WebView: True]

[INTERNAL_LOG][2018-06-12 05:48:00,378][INFO][analyze_start()] This app might be not vulnerable on  attack frame confusion.
[INTERNAL_LOG][2018-06-12 05:48:00,378][INFO][analyze_start()] End time:[Tue Jun 12 05:48:00 2018]
